[0.019s] Invoking command in '/home/admin/ros2_ws/build/robotnik_battery_msgs': CMAKE_PREFIX_PATH=${CMAKE_PREFIX_PATH}:/home/admin/ros2_ws/install/robotnik_safety_msgs:/home/admin/ros2_ws/install/rbvogui_cartographer:/opt/ros/humble /usr/bin/cmake /home/admin/ros2_ws/src/robotnik_interfaces/robotnik_battery_msgs -DCMAKE_INSTALL_PREFIX=/home/admin/ros2_ws/install/robotnik_battery_msgs
[0.447s] -- The C compiler identification is GNU 11.4.0
[0.447s] -- The CXX compiler identification is GNU 11.4.0
[0.447s] -- Detecting C compiler ABI info
[0.447s] -- Detecting C compiler ABI info - done
[0.447s] -- Check for working C compiler: /usr/bin/cc - skipped
[0.447s] -- Detecting C compile features
[0.447s] -- Detecting C compile features - done
[0.447s] -- Detecting CXX compiler ABI info
[0.447s] -- Detecting CXX compiler ABI info - done
[0.447s] -- Check for working CXX compiler: /usr/bin/c++ - skipped
[0.447s] -- Detecting CXX compile features
[0.447s] -- Detecting CXX compile features - done
[0.448s] -- Found ament_cmake: 1.3.11 (/opt/ros/humble/share/ament_cmake/cmake)
[0.448s] -- Found Python3: /usr/bin/python3 (found version "3.10.12") found components: Interpreter 
[0.466s] -- Found builtin_interfaces: 1.2.1 (/opt/ros/humble/share/builtin_interfaces/cmake)
[0.504s] -- Found rosidl_generator_c: 3.1.6 (/opt/ros/humble/share/rosidl_generator_c/cmake)
[0.510s] -- Found rosidl_adapter: 3.1.6 (/opt/ros/humble/share/rosidl_adapter/cmake)
[0.517s] -- Found rosidl_generator_cpp: 3.1.6 (/opt/ros/humble/share/rosidl_generator_cpp/cmake)
[0.533s] -- Using all available rosidl_typesupport_c: rosidl_typesupport_fastrtps_c;rosidl_typesupport_introspection_c
[0.552s] -- Using all available rosidl_typesupport_cpp: rosidl_typesupport_fastrtps_cpp;rosidl_typesupport_introspection_cpp
[0.568s] -- Found rosidl_default_generators: 1.2.0 (/opt/ros/humble/share/rosidl_default_generators/cmake)
[0.577s] -- Found std_msgs: 4.9.0 (/opt/ros/humble/share/std_msgs/cmake)
[0.869s] -- Found ament_cmake_cppcheck: 0.12.12 (/opt/ros/humble/share/ament_cmake_cppcheck/cmake)
[0.871s] -- Found ament_cmake_cpplint: 0.12.12 (/opt/ros/humble/share/ament_cmake_cpplint/cmake)
[0.874s] -- Found ament_cmake_uncrustify: 0.12.12 (/opt/ros/humble/share/ament_cmake_uncrustify/cmake)
[0.877s] -- Found ament_cmake_ros: 0.10.0 (/opt/ros/humble/share/ament_cmake_ros/cmake)
[1.180s] -- Using all available rosidl_typesupport_c: rosidl_typesupport_fastrtps_c;rosidl_typesupport_introspection_c
[1.302s] -- Using all available rosidl_typesupport_cpp: rosidl_typesupport_fastrtps_cpp;rosidl_typesupport_introspection_cpp
[1.319s] -- Found PythonInterp: /usr/bin/python3 (found suitable version "3.10.12", minimum required is "3.6") 
[1.319s] -- Found python_cmake_module: 0.10.0 (/opt/ros/humble/share/python_cmake_module/cmake)
[1.338s] -- Found PythonLibs: /usr/lib/x86_64-linux-gnu/libpython3.10.so (found suitable version "3.10.12", minimum required is "3.5") 
[1.338s] -- Using PYTHON_EXECUTABLE: /usr/bin/python3
[1.338s] -- Using PYTHON_INCLUDE_DIRS: /usr/include/python3.10
[1.338s] -- Using PYTHON_LIBRARIES: /usr/lib/x86_64-linux-gnu/libpython3.10.so
[1.353s] -- Found PythonExtra: .so  
[1.386s] -- Found ament_cmake_flake8: 0.12.12 (/opt/ros/humble/share/ament_cmake_flake8/cmake)
[1.387s] -- Found ament_cmake_pep257: 0.12.12 (/opt/ros/humble/share/ament_cmake_pep257/cmake)
[1.389s] -- Found ament_lint_auto: 0.12.12 (/opt/ros/humble/share/ament_lint_auto/cmake)
[1.396s] -- Added test 'copyright' to check source files copyright and LICENSE
[1.396s] -- Added test 'lint_cmake' to check CMake code style
[1.397s] -- Added test 'xmllint' to check XML markup files
[1.398s] -- Configuring done
[1.420s] -- Generating done
[1.427s] -- Build files have been written to: /home/admin/ros2_ws/build/robotnik_battery_msgs
[1.433s] Invoked command in '/home/admin/ros2_ws/build/robotnik_battery_msgs' returned '0': CMAKE_PREFIX_PATH=${CMAKE_PREFIX_PATH}:/home/admin/ros2_ws/install/robotnik_safety_msgs:/home/admin/ros2_ws/install/rbvogui_cartographer:/opt/ros/humble /usr/bin/cmake /home/admin/ros2_ws/src/robotnik_interfaces/robotnik_battery_msgs -DCMAKE_INSTALL_PREFIX=/home/admin/ros2_ws/install/robotnik_battery_msgs
[1.435s] Invoking command in '/home/admin/ros2_ws/build/robotnik_battery_msgs': CMAKE_PREFIX_PATH=${CMAKE_PREFIX_PATH}:/home/admin/ros2_ws/install/robotnik_safety_msgs:/home/admin/ros2_ws/install/rbvogui_cartographer:/opt/ros/humble /usr/bin/cmake --build /home/admin/ros2_ws/build/robotnik_battery_msgs -- -j20 -l20
[1.469s] [  1%] [34m[1mGenerating C code for ROS interfaces[0m
[1.476s] [  2%] [34m[1mGenerating C++ code for ROS interfaces[0m
[1.480s] [  2%] Built target ament_cmake_python_copy_robotnik_battery_msgs
[1.645s] running egg_info
[1.645s] creating robotnik_battery_msgs.egg-info
[1.645s] writing robotnik_battery_msgs.egg-info/PKG-INFO
[1.645s] writing dependency_links to robotnik_battery_msgs.egg-info/dependency_links.txt
[1.646s] writing top-level names to robotnik_battery_msgs.egg-info/top_level.txt
[1.646s] writing manifest file 'robotnik_battery_msgs.egg-info/SOURCES.txt'
[1.647s] reading manifest file 'robotnik_battery_msgs.egg-info/SOURCES.txt'
[1.647s] writing manifest file 'robotnik_battery_msgs.egg-info/SOURCES.txt'
[1.666s] [  2%] Built target ament_cmake_python_build_robotnik_battery_msgs_egg
[1.981s] [  4%] [32mBuilding C object CMakeFiles/robotnik_battery_msgs__rosidl_generator_c.dir/rosidl_generator_c/robotnik_battery_msgs/msg/detail/battery_status__functions.c.o[0m
[1.988s] [  5%] [32mBuilding C object CMakeFiles/robotnik_battery_msgs__rosidl_generator_c.dir/rosidl_generator_c/robotnik_battery_msgs/msg/detail/battery_status_stamped__functions.c.o[0m
[1.988s] [  7%] [32mBuilding C object CMakeFiles/robotnik_battery_msgs__rosidl_generator_c.dir/rosidl_generator_c/robotnik_battery_msgs/msg/detail/docking_station_status__functions.c.o[0m
[1.988s] [  8%] [32mBuilding C object CMakeFiles/robotnik_battery_msgs__rosidl_generator_c.dir/rosidl_generator_c/robotnik_battery_msgs/msg/detail/docking_station_status_stamped__functions.c.o[0m
[1.988s] [  9%] [32mBuilding C object CMakeFiles/robotnik_battery_msgs__rosidl_generator_c.dir/rosidl_generator_c/robotnik_battery_msgs/msg/detail/inverter_status_stamped__functions.c.o[0m
[1.992s] [ 11%] [32mBuilding C object CMakeFiles/robotnik_battery_msgs__rosidl_generator_c.dir/rosidl_generator_c/robotnik_battery_msgs/msg/detail/inverter_status__functions.c.o[0m
[2.012s] [ 11%] Built target robotnik_battery_msgs__cpp
[2.025s] [ 12%] [34m[1mGenerating C++ type support for eProsima Fast-RTPS[0m
[2.025s] [ 14%] [34m[1mGenerating C++ introspection for ROS interfaces[0m
[2.028s] [ 15%] [34m[1mGenerating C++ type support dispatch for ROS interfaces[0m
[2.054s] [ 16%] [32m[1mLinking C shared library librobotnik_battery_msgs__rosidl_generator_c.so[0m
[2.098s] [ 16%] Built target robotnik_battery_msgs__rosidl_generator_c
[2.109s] [ 18%] [34m[1mGenerating C introspection for ROS interfaces[0m
[2.110s] [ 19%] [34m[1mGenerating C type support dispatch for ROS interfaces[0m
[2.110s] [ 21%] [34m[1mGenerating C type support for eProsima Fast-RTPS[0m
[2.723s] [ 22%] [32mBuilding CXX object CMakeFiles/robotnik_battery_msgs__rosidl_typesupport_cpp.dir/rosidl_typesupport_cpp/robotnik_battery_msgs/msg/battery_status__type_support.cpp.o[0m
[2.739s] [ 23%] [32mBuilding CXX object CMakeFiles/robotnik_battery_msgs__rosidl_typesupport_cpp.dir/rosidl_typesupport_cpp/robotnik_battery_msgs/msg/inverter_status__type_support.cpp.o[0m
[2.745s] [ 25%] [32mBuilding CXX object CMakeFiles/robotnik_battery_msgs__rosidl_typesupport_cpp.dir/rosidl_typesupport_cpp/robotnik_battery_msgs/msg/battery_status_stamped__type_support.cpp.o[0m
[2.745s] [ 26%] [32mBuilding CXX object CMakeFiles/robotnik_battery_msgs__rosidl_typesupport_cpp.dir/rosidl_typesupport_cpp/robotnik_battery_msgs/msg/inverter_status_stamped__type_support.cpp.o[0m
[2.745s] [ 28%] [32mBuilding CXX object CMakeFiles/robotnik_battery_msgs__rosidl_typesupport_cpp.dir/rosidl_typesupport_cpp/robotnik_battery_msgs/msg/docking_station_status_stamped__type_support.cpp.o[0m
[2.753s] [ 29%] [32mBuilding CXX object CMakeFiles/robotnik_battery_msgs__rosidl_typesupport_cpp.dir/rosidl_typesupport_cpp/robotnik_battery_msgs/msg/docking_station_status__type_support.cpp.o[0m
[2.884s] [ 30%] [32mBuilding CXX object CMakeFiles/robotnik_battery_msgs__rosidl_typesupport_fastrtps_cpp.dir/rosidl_typesupport_fastrtps_cpp/robotnik_battery_msgs/msg/detail/dds_fastrtps/docking_station_status_stamped__type_support.cpp.o[0m
[2.889s] [ 32%] [32mBuilding CXX object CMakeFiles/robotnik_battery_msgs__rosidl_typesupport_fastrtps_cpp.dir/rosidl_typesupport_fastrtps_cpp/robotnik_battery_msgs/msg/detail/dds_fastrtps/inverter_status__type_support.cpp.o[0m
[2.901s] [ 33%] [32mBuilding CXX object CMakeFiles/robotnik_battery_msgs__rosidl_typesupport_fastrtps_cpp.dir/rosidl_typesupport_fastrtps_cpp/robotnik_battery_msgs/msg/detail/dds_fastrtps/inverter_status_stamped__type_support.cpp.o[0m
[2.908s] [ 35%] [32mBuilding CXX object CMakeFiles/robotnik_battery_msgs__rosidl_typesupport_fastrtps_cpp.dir/rosidl_typesupport_fastrtps_cpp/robotnik_battery_msgs/msg/detail/dds_fastrtps/battery_status__type_support.cpp.o[0m
[2.910s] [ 36%] [32mBuilding CXX object CMakeFiles/robotnik_battery_msgs__rosidl_typesupport_fastrtps_cpp.dir/rosidl_typesupport_fastrtps_cpp/robotnik_battery_msgs/msg/detail/dds_fastrtps/battery_status_stamped__type_support.cpp.o[0m
[2.916s] [ 38%] [32mBuilding CXX object CMakeFiles/robotnik_battery_msgs__rosidl_typesupport_fastrtps_cpp.dir/rosidl_typesupport_fastrtps_cpp/robotnik_battery_msgs/msg/detail/dds_fastrtps/docking_station_status__type_support.cpp.o[0m
[3.223s] [ 39%] [32mBuilding CXX object CMakeFiles/robotnik_battery_msgs__rosidl_typesupport_c.dir/rosidl_typesupport_c/robotnik_battery_msgs/msg/battery_status__type_support.cpp.o[0m
[3.240s] [ 40%] [32mBuilding CXX object CMakeFiles/robotnik_battery_msgs__rosidl_typesupport_c.dir/rosidl_typesupport_c/robotnik_battery_msgs/msg/docking_station_status__type_support.cpp.o[0m
[3.252s] [ 42%] [32mBuilding CXX object CMakeFiles/robotnik_battery_msgs__rosidl_typesupport_c.dir/rosidl_typesupport_c/robotnik_battery_msgs/msg/battery_status_stamped__type_support.cpp.o[0m
[3.253s] [ 43%] [32mBuilding C object CMakeFiles/robotnik_battery_msgs__rosidl_typesupport_introspection_c.dir/rosidl_typesupport_introspection_c/robotnik_battery_msgs/msg/detail/battery_status__type_support.c.o[0m
[3.274s] [ 45%] [32mBuilding C object CMakeFiles/robotnik_battery_msgs__rosidl_typesupport_introspection_c.dir/rosidl_typesupport_introspection_c/robotnik_battery_msgs/msg/detail/battery_status_stamped__type_support.c.o[0m
[3.308s] [ 46%] [32mBuilding C object CMakeFiles/robotnik_battery_msgs__rosidl_typesupport_introspection_c.dir/rosidl_typesupport_introspection_c/robotnik_battery_msgs/msg/detail/docking_station_status__type_support.c.o[0m
[3.316s] [ 47%] [32mBuilding CXX object CMakeFiles/robotnik_battery_msgs__rosidl_typesupport_introspection_cpp.dir/rosidl_typesupport_introspection_cpp/robotnik_battery_msgs/msg/detail/battery_status__type_support.cpp.o[0m
[3.336s] [ 49%] [32mBuilding CXX object CMakeFiles/robotnik_battery_msgs__rosidl_typesupport_c.dir/rosidl_typesupport_c/robotnik_battery_msgs/msg/docking_station_status_stamped__type_support.cpp.o[0m
[3.336s] [ 50%] [32mBuilding CXX object CMakeFiles/robotnik_battery_msgs__rosidl_typesupport_fastrtps_c.dir/rosidl_typesupport_fastrtps_c/robotnik_battery_msgs/msg/detail/battery_status__type_support_c.cpp.o[0m
[3.379s] [ 52%] [32mBuilding C object CMakeFiles/robotnik_battery_msgs__rosidl_typesupport_introspection_c.dir/rosidl_typesupport_introspection_c/robotnik_battery_msgs/msg/detail/docking_station_status_stamped__type_support.c.o[0m
[3.382s] [ 53%] [32mBuilding CXX object CMakeFiles/robotnik_battery_msgs__rosidl_typesupport_c.dir/rosidl_typesupport_c/robotnik_battery_msgs/msg/inverter_status_stamped__type_support.cpp.o[0m
[3.385s] [ 54%] [32mBuilding C object CMakeFiles/robotnik_battery_msgs__rosidl_typesupport_introspection_c.dir/rosidl_typesupport_introspection_c/robotnik_battery_msgs/msg/detail/inverter_status__type_support.c.o[0m
[3.397s] [ 56%] [32mBuilding CXX object CMakeFiles/robotnik_battery_msgs__rosidl_typesupport_c.dir/rosidl_typesupport_c/robotnik_battery_msgs/msg/inverter_status__type_support.cpp.o[0m
[3.429s] [ 57%] [32mBuilding C object CMakeFiles/robotnik_battery_msgs__rosidl_typesupport_introspection_c.dir/rosidl_typesupport_introspection_c/robotnik_battery_msgs/msg/detail/inverter_status_stamped__type_support.c.o[0m
[3.439s] [ 59%] [32mBuilding CXX object CMakeFiles/robotnik_battery_msgs__rosidl_typesupport_introspection_cpp.dir/rosidl_typesupport_introspection_cpp/robotnik_battery_msgs/msg/detail/battery_status_stamped__type_support.cpp.o[0m
[3.455s] [ 60%] [32mBuilding CXX object CMakeFiles/robotnik_battery_msgs__rosidl_typesupport_fastrtps_c.dir/rosidl_typesupport_fastrtps_c/robotnik_battery_msgs/msg/detail/battery_status_stamped__type_support_c.cpp.o[0m
[3.478s] [ 61%] [32mBuilding CXX object CMakeFiles/robotnik_battery_msgs__rosidl_typesupport_fastrtps_c.dir/rosidl_typesupport_fastrtps_c/robotnik_battery_msgs/msg/detail/docking_station_status__type_support_c.cpp.o[0m
[3.486s] [ 63%] [32m[1mLinking CXX shared library librobotnik_battery_msgs__rosidl_typesupport_c.so[0m
[3.498s] [ 64%] [32mBuilding CXX object CMakeFiles/robotnik_battery_msgs__rosidl_typesupport_fastrtps_c.dir/rosidl_typesupport_fastrtps_c/robotnik_battery_msgs/msg/detail/docking_station_status_stamped__type_support_c.cpp.o[0m
[3.516s] [ 66%] [32mBuilding CXX object CMakeFiles/robotnik_battery_msgs__rosidl_typesupport_introspection_cpp.dir/rosidl_typesupport_introspection_cpp/robotnik_battery_msgs/msg/detail/docking_station_status__type_support.cpp.o[0m
[3.521s] [ 67%] [32mBuilding CXX object CMakeFiles/robotnik_battery_msgs__rosidl_typesupport_introspection_cpp.dir/rosidl_typesupport_introspection_cpp/robotnik_battery_msgs/msg/detail/docking_station_status_stamped__type_support.cpp.o[0m
[3.563s] [ 69%] [32m[1mLinking C shared library librobotnik_battery_msgs__rosidl_typesupport_introspection_c.so[0m
[3.572s] [ 70%] [32mBuilding CXX object CMakeFiles/robotnik_battery_msgs__rosidl_typesupport_fastrtps_c.dir/rosidl_typesupport_fastrtps_c/robotnik_battery_msgs/msg/detail/inverter_status__type_support_c.cpp.o[0m
[3.613s] [ 70%] Built target robotnik_battery_msgs__rosidl_typesupport_c
[3.625s] [ 71%] [32mBuilding CXX object CMakeFiles/robotnik_battery_msgs__rosidl_typesupport_introspection_cpp.dir/rosidl_typesupport_introspection_cpp/robotnik_battery_msgs/msg/detail/inverter_status__type_support.cpp.o[0m
[3.649s] [ 71%] Built target robotnik_battery_msgs__rosidl_typesupport_introspection_c
[3.672s] [ 73%] [32mBuilding CXX object CMakeFiles/robotnik_battery_msgs__rosidl_typesupport_fastrtps_c.dir/rosidl_typesupport_fastrtps_c/robotnik_battery_msgs/msg/detail/inverter_status_stamped__type_support_c.cpp.o[0m
[3.684s] [ 74%] [32mBuilding CXX object CMakeFiles/robotnik_battery_msgs__rosidl_typesupport_introspection_cpp.dir/rosidl_typesupport_introspection_cpp/robotnik_battery_msgs/msg/detail/inverter_status_stamped__type_support.cpp.o[0m
[3.976s] [ 76%] [32m[1mLinking CXX shared library librobotnik_battery_msgs__rosidl_typesupport_cpp.so[0m
[4.072s] [ 76%] Built target robotnik_battery_msgs__rosidl_typesupport_cpp
[4.284s] [ 77%] [32m[1mLinking CXX shared library librobotnik_battery_msgs__rosidl_typesupport_fastrtps_cpp.so[0m
[4.293s] [ 78%] [32m[1mLinking CXX shared library librobotnik_battery_msgs__rosidl_typesupport_fastrtps_c.so[0m
[4.364s] [ 78%] Built target robotnik_battery_msgs__rosidl_typesupport_fastrtps_c
[4.372s] [ 80%] [32m[1mLinking CXX shared library librobotnik_battery_msgs__rosidl_typesupport_introspection_cpp.so[0m
[4.378s] [ 80%] Built target robotnik_battery_msgs__rosidl_typesupport_fastrtps_cpp
[4.420s] [ 80%] Built target robotnik_battery_msgs__rosidl_typesupport_introspection_cpp
[4.434s] [ 80%] Built target robotnik_battery_msgs
[4.448s] [ 81%] [34m[1mGenerating Python code for ROS interfaces[0m
[5.027s] [ 81%] Built target robotnik_battery_msgs__py
[5.043s] [ 84%] [32mBuilding C object CMakeFiles/robotnik_battery_msgs__rosidl_generator_py.dir/rosidl_generator_py/robotnik_battery_msgs/msg/_docking_station_status_stamped_s.c.o[0m
[5.043s] [ 84%] [32mBuilding C object CMakeFiles/robotnik_battery_msgs__rosidl_generator_py.dir/rosidl_generator_py/robotnik_battery_msgs/msg/_battery_status_s.c.o[0m
[5.043s] [ 85%] [32mBuilding C object CMakeFiles/robotnik_battery_msgs__rosidl_generator_py.dir/rosidl_generator_py/robotnik_battery_msgs/msg/_inverter_status_s.c.o[0m
[5.043s] [ 87%] [32mBuilding C object CMakeFiles/robotnik_battery_msgs__rosidl_generator_py.dir/rosidl_generator_py/robotnik_battery_msgs/msg/_battery_status_stamped_s.c.o[0m
[5.043s] [ 88%] [32mBuilding C object CMakeFiles/robotnik_battery_msgs__rosidl_generator_py.dir/rosidl_generator_py/robotnik_battery_msgs/msg/_docking_station_status_s.c.o[0m
[5.044s] [ 90%] [32mBuilding C object CMakeFiles/robotnik_battery_msgs__rosidl_generator_py.dir/rosidl_generator_py/robotnik_battery_msgs/msg/_inverter_status_stamped_s.c.o[0m
[5.140s] [ 91%] [32m[1mLinking C shared library rosidl_generator_py/robotnik_battery_msgs/librobotnik_battery_msgs__rosidl_generator_py.so[0m
[5.170s] [ 91%] Built target robotnik_battery_msgs__rosidl_generator_py
[5.183s] [ 92%] [32mBuilding C object CMakeFiles/robotnik_battery_msgs__rosidl_typesupport_c__pyext.dir/rosidl_generator_py/robotnik_battery_msgs/_robotnik_battery_msgs_s.ep.rosidl_typesupport_c.c.o[0m
[5.183s] [ 94%] [32mBuilding C object CMakeFiles/robotnik_battery_msgs__rosidl_typesupport_fastrtps_c__pyext.dir/rosidl_generator_py/robotnik_battery_msgs/_robotnik_battery_msgs_s.ep.rosidl_typesupport_fastrtps_c.c.o[0m
[5.185s] [ 95%] [32mBuilding C object CMakeFiles/robotnik_battery_msgs__rosidl_typesupport_introspection_c__pyext.dir/rosidl_generator_py/robotnik_battery_msgs/_robotnik_battery_msgs_s.ep.rosidl_typesupport_introspection_c.c.o[0m
[5.244s] [ 97%] [32m[1mLinking C shared library rosidl_generator_py/robotnik_battery_msgs/robotnik_battery_msgs_s__rosidl_typesupport_fastrtps_c.cpython-310-x86_64-linux-gnu.so[0m
[5.245s] [ 98%] [32m[1mLinking C shared library rosidl_generator_py/robotnik_battery_msgs/robotnik_battery_msgs_s__rosidl_typesupport_c.cpython-310-x86_64-linux-gnu.so[0m
[5.245s] [100%] [32m[1mLinking C shared library rosidl_generator_py/robotnik_battery_msgs/robotnik_battery_msgs_s__rosidl_typesupport_introspection_c.cpython-310-x86_64-linux-gnu.so[0m
[5.272s] [100%] Built target robotnik_battery_msgs__rosidl_typesupport_c__pyext
[5.273s] [100%] Built target robotnik_battery_msgs__rosidl_typesupport_fastrtps_c__pyext
[5.277s] [100%] Built target robotnik_battery_msgs__rosidl_typesupport_introspection_c__pyext
[5.285s] Invoked command in '/home/admin/ros2_ws/build/robotnik_battery_msgs' returned '0': CMAKE_PREFIX_PATH=${CMAKE_PREFIX_PATH}:/home/admin/ros2_ws/install/robotnik_safety_msgs:/home/admin/ros2_ws/install/rbvogui_cartographer:/opt/ros/humble /usr/bin/cmake --build /home/admin/ros2_ws/build/robotnik_battery_msgs -- -j20 -l20
[5.286s] Invoking command in '/home/admin/ros2_ws/build/robotnik_battery_msgs': CMAKE_PREFIX_PATH=${CMAKE_PREFIX_PATH}:/home/admin/ros2_ws/install/robotnik_safety_msgs:/home/admin/ros2_ws/install/rbvogui_cartographer:/opt/ros/humble /usr/bin/cmake --install /home/admin/ros2_ws/build/robotnik_battery_msgs
[5.292s] -- Install configuration: ""
[5.293s] -- Installing: /home/admin/ros2_ws/install/robotnik_battery_msgs/share/ament_index/resource_index/rosidl_interfaces/robotnik_battery_msgs
[5.293s] -- Installing: /home/admin/ros2_ws/install/robotnik_battery_msgs/include/robotnik_battery_msgs/robotnik_battery_msgs
[5.293s] -- Installing: /home/admin/ros2_ws/install/robotnik_battery_msgs/include/robotnik_battery_msgs/robotnik_battery_msgs/msg
[5.293s] -- Installing: /home/admin/ros2_ws/install/robotnik_battery_msgs/include/robotnik_battery_msgs/robotnik_battery_msgs/msg/battery_status.h
[5.293s] -- Installing: /home/admin/ros2_ws/install/robotnik_battery_msgs/include/robotnik_battery_msgs/robotnik_battery_msgs/msg/docking_station_status_stamped.h
[5.293s] -- Installing: /home/admin/ros2_ws/install/robotnik_battery_msgs/include/robotnik_battery_msgs/robotnik_battery_msgs/msg/rosidl_generator_c__visibility_control.h
[5.293s] -- Installing: /home/admin/ros2_ws/install/robotnik_battery_msgs/include/robotnik_battery_msgs/robotnik_battery_msgs/msg/detail
[5.293s] -- Installing: /home/admin/ros2_ws/install/robotnik_battery_msgs/include/robotnik_battery_msgs/robotnik_battery_msgs/msg/detail/inverter_status_stamped__struct.h
[5.293s] -- Installing: /home/admin/ros2_ws/install/robotnik_battery_msgs/include/robotnik_battery_msgs/robotnik_battery_msgs/msg/detail/inverter_status__type_support.h
[5.293s] -- Installing: /home/admin/ros2_ws/install/robotnik_battery_msgs/include/robotnik_battery_msgs/robotnik_battery_msgs/msg/detail/inverter_status__functions.c
[5.293s] -- Installing: /home/admin/ros2_ws/install/robotnik_battery_msgs/include/robotnik_battery_msgs/robotnik_battery_msgs/msg/detail/battery_status__struct.h
[5.293s] -- Installing: /home/admin/ros2_ws/install/robotnik_battery_msgs/include/robotnik_battery_msgs/robotnik_battery_msgs/msg/detail/docking_station_status_stamped__functions.c
[5.293s] -- Installing: /home/admin/ros2_ws/install/robotnik_battery_msgs/include/robotnik_battery_msgs/robotnik_battery_msgs/msg/detail/docking_station_status__functions.c
[5.293s] -- Installing: /home/admin/ros2_ws/install/robotnik_battery_msgs/include/robotnik_battery_msgs/robotnik_battery_msgs/msg/detail/battery_status_stamped__functions.h
[5.293s] -- Installing: /home/admin/ros2_ws/install/robotnik_battery_msgs/include/robotnik_battery_msgs/robotnik_battery_msgs/msg/detail/inverter_status_stamped__type_support.h
[5.294s] -- Installing: /home/admin/ros2_ws/install/robotnik_battery_msgs/include/robotnik_battery_msgs/robotnik_battery_msgs/msg/detail/docking_station_status_stamped__type_support.h
[5.294s] -- Installing: /home/admin/ros2_ws/install/robotnik_battery_msgs/include/robotnik_battery_msgs/robotnik_battery_msgs/msg/detail/battery_status_stamped__struct.h
[5.294s] -- Installing: /home/admin/ros2_ws/install/robotnik_battery_msgs/include/robotnik_battery_msgs/robotnik_battery_msgs/msg/detail/battery_status__type_support.h
[5.294s] -- Installing: /home/admin/ros2_ws/install/robotnik_battery_msgs/include/robotnik_battery_msgs/robotnik_battery_msgs/msg/detail/docking_station_status_stamped__struct.h
[5.294s] -- Installing: /home/admin/ros2_ws/install/robotnik_battery_msgs/include/robotnik_battery_msgs/robotnik_battery_msgs/msg/detail/docking_station_status_stamped__functions.h
[5.294s] -- Installing: /home/admin/ros2_ws/install/robotnik_battery_msgs/include/robotnik_battery_msgs/robotnik_battery_msgs/msg/detail/inverter_status__struct.h
[5.294s] -- Installing: /home/admin/ros2_ws/install/robotnik_battery_msgs/include/robotnik_battery_msgs/robotnik_battery_msgs/msg/detail/battery_status__functions.c
[5.294s] -- Installing: /home/admin/ros2_ws/install/robotnik_battery_msgs/include/robotnik_battery_msgs/robotnik_battery_msgs/msg/detail/inverter_status_stamped__functions.h
[5.294s] -- Installing: /home/admin/ros2_ws/install/robotnik_battery_msgs/include/robotnik_battery_msgs/robotnik_battery_msgs/msg/detail/docking_station_status__functions.h
[5.294s] -- Installing: /home/admin/ros2_ws/install/robotnik_battery_msgs/include/robotnik_battery_msgs/robotnik_battery_msgs/msg/detail/inverter_status__functions.h
[5.294s] -- Installing: /home/admin/ros2_ws/install/robotnik_battery_msgs/include/robotnik_battery_msgs/robotnik_battery_msgs/msg/detail/battery_status_stamped__functions.c
[5.294s] -- Installing: /home/admin/ros2_ws/install/robotnik_battery_msgs/include/robotnik_battery_msgs/robotnik_battery_msgs/msg/detail/docking_station_status__type_support.h
[5.294s] -- Installing: /home/admin/ros2_ws/install/robotnik_battery_msgs/include/robotnik_battery_msgs/robotnik_battery_msgs/msg/detail/docking_station_status__struct.h
[5.294s] -- Installing: /home/admin/ros2_ws/install/robotnik_battery_msgs/include/robotnik_battery_msgs/robotnik_battery_msgs/msg/detail/battery_status__functions.h
[5.294s] -- Installing: /home/admin/ros2_ws/install/robotnik_battery_msgs/include/robotnik_battery_msgs/robotnik_battery_msgs/msg/detail/inverter_status_stamped__functions.c
[5.295s] -- Installing: /home/admin/ros2_ws/install/robotnik_battery_msgs/include/robotnik_battery_msgs/robotnik_battery_msgs/msg/detail/battery_status_stamped__type_support.h
[5.295s] -- Installing: /home/admin/ros2_ws/install/robotnik_battery_msgs/include/robotnik_battery_msgs/robotnik_battery_msgs/msg/inverter_status.h
[5.295s] -- Installing: /home/admin/ros2_ws/install/robotnik_battery_msgs/include/robotnik_battery_msgs/robotnik_battery_msgs/msg/inverter_status_stamped.h
[5.295s] -- Installing: /home/admin/ros2_ws/install/robotnik_battery_msgs/include/robotnik_battery_msgs/robotnik_battery_msgs/msg/battery_status_stamped.h
[5.295s] -- Installing: /home/admin/ros2_ws/install/robotnik_battery_msgs/include/robotnik_battery_msgs/robotnik_battery_msgs/msg/docking_station_status.h
[5.295s] -- Installing: /home/admin/ros2_ws/install/robotnik_battery_msgs/share/robotnik_battery_msgs/environment/library_path.sh
[5.295s] -- Installing: /home/admin/ros2_ws/install/robotnik_battery_msgs/share/robotnik_battery_msgs/environment/library_path.dsv
[5.295s] -- Installing: /home/admin/ros2_ws/install/robotnik_battery_msgs/lib/librobotnik_battery_msgs__rosidl_generator_c.so
[5.295s] -- Set runtime path of "/home/admin/ros2_ws/install/robotnik_battery_msgs/lib/librobotnik_battery_msgs__rosidl_generator_c.so" to ""
[5.295s] -- Up-to-date: /home/admin/ros2_ws/install/robotnik_battery_msgs/include/robotnik_battery_msgs/robotnik_battery_msgs
[5.295s] -- Up-to-date: /home/admin/ros2_ws/install/robotnik_battery_msgs/include/robotnik_battery_msgs/robotnik_battery_msgs/msg
[5.295s] -- Installing: /home/admin/ros2_ws/install/robotnik_battery_msgs/include/robotnik_battery_msgs/robotnik_battery_msgs/msg/rosidl_typesupport_fastrtps_c__visibility_control.h
[5.295s] -- Up-to-date: /home/admin/ros2_ws/install/robotnik_battery_msgs/include/robotnik_battery_msgs/robotnik_battery_msgs/msg/detail
[5.295s] -- Installing: /home/admin/ros2_ws/install/robotnik_battery_msgs/include/robotnik_battery_msgs/robotnik_battery_msgs/msg/detail/inverter_status_stamped__rosidl_typesupport_fastrtps_c.h
[5.295s] -- Installing: /home/admin/ros2_ws/install/robotnik_battery_msgs/include/robotnik_battery_msgs/robotnik_battery_msgs/msg/detail/docking_station_status_stamped__rosidl_typesupport_fastrtps_c.h
[5.295s] -- Installing: /home/admin/ros2_ws/install/robotnik_battery_msgs/include/robotnik_battery_msgs/robotnik_battery_msgs/msg/detail/battery_status_stamped__rosidl_typesupport_fastrtps_c.h
[5.295s] -- Installing: /home/admin/ros2_ws/install/robotnik_battery_msgs/include/robotnik_battery_msgs/robotnik_battery_msgs/msg/detail/inverter_status__rosidl_typesupport_fastrtps_c.h
[5.296s] -- Installing: /home/admin/ros2_ws/install/robotnik_battery_msgs/include/robotnik_battery_msgs/robotnik_battery_msgs/msg/detail/battery_status__rosidl_typesupport_fastrtps_c.h
[5.296s] -- Installing: /home/admin/ros2_ws/install/robotnik_battery_msgs/include/robotnik_battery_msgs/robotnik_battery_msgs/msg/detail/docking_station_status__rosidl_typesupport_fastrtps_c.h
[5.296s] -- Installing: /home/admin/ros2_ws/install/robotnik_battery_msgs/lib/librobotnik_battery_msgs__rosidl_typesupport_fastrtps_c.so
[5.296s] -- Set runtime path of "/home/admin/ros2_ws/install/robotnik_battery_msgs/lib/librobotnik_battery_msgs__rosidl_typesupport_fastrtps_c.so" to ""
[5.296s] -- Up-to-date: /home/admin/ros2_ws/install/robotnik_battery_msgs/include/robotnik_battery_msgs/robotnik_battery_msgs
[5.296s] -- Up-to-date: /home/admin/ros2_ws/install/robotnik_battery_msgs/include/robotnik_battery_msgs/robotnik_battery_msgs/msg
[5.296s] -- Installing: /home/admin/ros2_ws/install/robotnik_battery_msgs/include/robotnik_battery_msgs/robotnik_battery_msgs/msg/rosidl_generator_cpp__visibility_control.hpp
[5.296s] -- Up-to-date: /home/admin/ros2_ws/install/robotnik_battery_msgs/include/robotnik_battery_msgs/robotnik_battery_msgs/msg/detail
[5.296s] -- Installing: /home/admin/ros2_ws/install/robotnik_battery_msgs/include/robotnik_battery_msgs/robotnik_battery_msgs/msg/detail/inverter_status_stamped__traits.hpp
[5.296s] -- Installing: /home/admin/ros2_ws/install/robotnik_battery_msgs/include/robotnik_battery_msgs/robotnik_battery_msgs/msg/detail/docking_station_status__traits.hpp
[5.296s] -- Installing: /home/admin/ros2_ws/install/robotnik_battery_msgs/include/robotnik_battery_msgs/robotnik_battery_msgs/msg/detail/battery_status__struct.hpp
[5.296s] -- Installing: /home/admin/ros2_ws/install/robotnik_battery_msgs/include/robotnik_battery_msgs/robotnik_battery_msgs/msg/detail/battery_status__type_support.hpp
[5.296s] -- Installing: /home/admin/ros2_ws/install/robotnik_battery_msgs/include/robotnik_battery_msgs/robotnik_battery_msgs/msg/detail/battery_status_stamped__type_support.hpp
[5.296s] -- Installing: /home/admin/ros2_ws/install/robotnik_battery_msgs/include/robotnik_battery_msgs/robotnik_battery_msgs/msg/detail/battery_status_stamped__builder.hpp
[5.296s] -- Installing: /home/admin/ros2_ws/install/robotnik_battery_msgs/include/robotnik_battery_msgs/robotnik_battery_msgs/msg/detail/docking_station_status__struct.hpp
[5.297s] -- Installing: /home/admin/ros2_ws/install/robotnik_battery_msgs/include/robotnik_battery_msgs/robotnik_battery_msgs/msg/detail/docking_station_status_stamped__traits.hpp
[5.297s] -- Installing: /home/admin/ros2_ws/install/robotnik_battery_msgs/include/robotnik_battery_msgs/robotnik_battery_msgs/msg/detail/inverter_status__type_support.hpp
[5.297s] -- Installing: /home/admin/ros2_ws/install/robotnik_battery_msgs/include/robotnik_battery_msgs/robotnik_battery_msgs/msg/detail/inverter_status__builder.hpp
[5.297s] -- Installing: /home/admin/ros2_ws/install/robotnik_battery_msgs/include/robotnik_battery_msgs/robotnik_battery_msgs/msg/detail/docking_station_status__type_support.hpp
[5.297s] -- Installing: /home/admin/ros2_ws/install/robotnik_battery_msgs/include/robotnik_battery_msgs/robotnik_battery_msgs/msg/detail/battery_status__builder.hpp
[5.297s] -- Installing: /home/admin/ros2_ws/install/robotnik_battery_msgs/include/robotnik_battery_msgs/robotnik_battery_msgs/msg/detail/battery_status_stamped__traits.hpp
[5.297s] -- Installing: /home/admin/ros2_ws/install/robotnik_battery_msgs/include/robotnik_battery_msgs/robotnik_battery_msgs/msg/detail/battery_status_stamped__struct.hpp
[5.297s] -- Installing: /home/admin/ros2_ws/install/robotnik_battery_msgs/include/robotnik_battery_msgs/robotnik_battery_msgs/msg/detail/inverter_status__struct.hpp
[5.297s] -- Installing: /home/admin/ros2_ws/install/robotnik_battery_msgs/include/robotnik_battery_msgs/robotnik_battery_msgs/msg/detail/docking_station_status__builder.hpp
[5.297s] -- Installing: /home/admin/ros2_ws/install/robotnik_battery_msgs/include/robotnik_battery_msgs/robotnik_battery_msgs/msg/detail/battery_status__traits.hpp
[5.297s] -- Installing: /home/admin/ros2_ws/install/robotnik_battery_msgs/include/robotnik_battery_msgs/robotnik_battery_msgs/msg/detail/docking_station_status_stamped__type_support.hpp
[5.297s] -- Installing: /home/admin/ros2_ws/install/robotnik_battery_msgs/include/robotnik_battery_msgs/robotnik_battery_msgs/msg/detail/inverter_status_stamped__builder.hpp
[5.297s] -- Installing: /home/admin/ros2_ws/install/robotnik_battery_msgs/include/robotnik_battery_msgs/robotnik_battery_msgs/msg/detail/docking_station_status_stamped__struct.hpp
[5.297s] -- Installing: /home/admin/ros2_ws/install/robotnik_battery_msgs/include/robotnik_battery_msgs/robotnik_battery_msgs/msg/detail/inverter_status_stamped__type_support.hpp
[5.297s] -- Installing: /home/admin/ros2_ws/install/robotnik_battery_msgs/include/robotnik_battery_msgs/robotnik_battery_msgs/msg/detail/docking_station_status_stamped__builder.hpp
[5.297s] -- Installing: /home/admin/ros2_ws/install/robotnik_battery_msgs/include/robotnik_battery_msgs/robotnik_battery_msgs/msg/detail/inverter_status__traits.hpp
[5.298s] -- Installing: /home/admin/ros2_ws/install/robotnik_battery_msgs/include/robotnik_battery_msgs/robotnik_battery_msgs/msg/detail/inverter_status_stamped__struct.hpp
[5.298s] -- Installing: /home/admin/ros2_ws/install/robotnik_battery_msgs/include/robotnik_battery_msgs/robotnik_battery_msgs/msg/docking_station_status_stamped.hpp
[5.298s] -- Installing: /home/admin/ros2_ws/install/robotnik_battery_msgs/include/robotnik_battery_msgs/robotnik_battery_msgs/msg/battery_status_stamped.hpp
[5.298s] -- Installing: /home/admin/ros2_ws/install/robotnik_battery_msgs/include/robotnik_battery_msgs/robotnik_battery_msgs/msg/inverter_status.hpp
[5.298s] -- Installing: /home/admin/ros2_ws/install/robotnik_battery_msgs/include/robotnik_battery_msgs/robotnik_battery_msgs/msg/docking_station_status.hpp
[5.298s] -- Installing: /home/admin/ros2_ws/install/robotnik_battery_msgs/include/robotnik_battery_msgs/robotnik_battery_msgs/msg/battery_status.hpp
[5.298s] -- Installing: /home/admin/ros2_ws/install/robotnik_battery_msgs/include/robotnik_battery_msgs/robotnik_battery_msgs/msg/inverter_status_stamped.hpp
[5.298s] -- Up-to-date: /home/admin/ros2_ws/install/robotnik_battery_msgs/include/robotnik_battery_msgs/robotnik_battery_msgs
[5.298s] -- Up-to-date: /home/admin/ros2_ws/install/robotnik_battery_msgs/include/robotnik_battery_msgs/robotnik_battery_msgs/msg
[5.298s] -- Installing: /home/admin/ros2_ws/install/robotnik_battery_msgs/include/robotnik_battery_msgs/robotnik_battery_msgs/msg/rosidl_typesupport_fastrtps_cpp__visibility_control.h
[5.298s] -- Up-to-date: /home/admin/ros2_ws/install/robotnik_battery_msgs/include/robotnik_battery_msgs/robotnik_battery_msgs/msg/detail
[5.298s] -- Installing: /home/admin/ros2_ws/install/robotnik_battery_msgs/include/robotnik_battery_msgs/robotnik_battery_msgs/msg/detail/docking_station_status_stamped__rosidl_typesupport_fastrtps_cpp.hpp
[5.298s] -- Installing: /home/admin/ros2_ws/install/robotnik_battery_msgs/include/robotnik_battery_msgs/robotnik_battery_msgs/msg/detail/inverter_status__rosidl_typesupport_fastrtps_cpp.hpp
[5.298s] -- Installing: /home/admin/ros2_ws/install/robotnik_battery_msgs/include/robotnik_battery_msgs/robotnik_battery_msgs/msg/detail/battery_status__rosidl_typesupport_fastrtps_cpp.hpp
[5.299s] -- Installing: /home/admin/ros2_ws/install/robotnik_battery_msgs/include/robotnik_battery_msgs/robotnik_battery_msgs/msg/detail/battery_status_stamped__rosidl_typesupport_fastrtps_cpp.hpp
[5.299s] -- Installing: /home/admin/ros2_ws/install/robotnik_battery_msgs/include/robotnik_battery_msgs/robotnik_battery_msgs/msg/detail/inverter_status_stamped__rosidl_typesupport_fastrtps_cpp.hpp
[5.299s] -- Installing: /home/admin/ros2_ws/install/robotnik_battery_msgs/include/robotnik_battery_msgs/robotnik_battery_msgs/msg/detail/docking_station_status__rosidl_typesupport_fastrtps_cpp.hpp
[5.299s] -- Installing: /home/admin/ros2_ws/install/robotnik_battery_msgs/include/robotnik_battery_msgs/robotnik_battery_msgs/msg/detail/dds_fastrtps
[5.299s] -- Installing: /home/admin/ros2_ws/install/robotnik_battery_msgs/lib/librobotnik_battery_msgs__rosidl_typesupport_fastrtps_cpp.so
[5.299s] -- Set runtime path of "/home/admin/ros2_ws/install/robotnik_battery_msgs/lib/librobotnik_battery_msgs__rosidl_typesupport_fastrtps_cpp.so" to ""
[5.299s] -- Up-to-date: /home/admin/ros2_ws/install/robotnik_battery_msgs/include/robotnik_battery_msgs/robotnik_battery_msgs
[5.299s] -- Up-to-date: /home/admin/ros2_ws/install/robotnik_battery_msgs/include/robotnik_battery_msgs/robotnik_battery_msgs/msg
[5.299s] -- Up-to-date: /home/admin/ros2_ws/install/robotnik_battery_msgs/include/robotnik_battery_msgs/robotnik_battery_msgs/msg/detail
[5.299s] -- Installing: /home/admin/ros2_ws/install/robotnik_battery_msgs/include/robotnik_battery_msgs/robotnik_battery_msgs/msg/detail/inverter_status_stamped__rosidl_typesupport_introspection_c.h
[5.299s] -- Installing: /home/admin/ros2_ws/install/robotnik_battery_msgs/include/robotnik_battery_msgs/robotnik_battery_msgs/msg/detail/battery_status__type_support.c
[5.299s] -- Installing: /home/admin/ros2_ws/install/robotnik_battery_msgs/include/robotnik_battery_msgs/robotnik_battery_msgs/msg/detail/docking_station_status_stamped__rosidl_typesupport_introspection_c.h
[5.299s] -- Installing: /home/admin/ros2_ws/install/robotnik_battery_msgs/include/robotnik_battery_msgs/robotnik_battery_msgs/msg/detail/docking_station_status_stamped__type_support.c
[5.299s] -- Installing: /home/admin/ros2_ws/install/robotnik_battery_msgs/include/robotnik_battery_msgs/robotnik_battery_msgs/msg/detail/inverter_status_stamped__type_support.c
[5.299s] -- Installing: /home/admin/ros2_ws/install/robotnik_battery_msgs/include/robotnik_battery_msgs/robotnik_battery_msgs/msg/detail/battery_status_stamped__type_support.c
[5.299s] -- Installing: /home/admin/ros2_ws/install/robotnik_battery_msgs/include/robotnik_battery_msgs/robotnik_battery_msgs/msg/detail/battery_status__rosidl_typesupport_introspection_c.h
[5.299s] -- Installing: /home/admin/ros2_ws/install/robotnik_battery_msgs/include/robotnik_battery_msgs/robotnik_battery_msgs/msg/detail/inverter_status__rosidl_typesupport_introspection_c.h
[5.299s] -- Installing: /home/admin/ros2_ws/install/robotnik_battery_msgs/include/robotnik_battery_msgs/robotnik_battery_msgs/msg/detail/battery_status_stamped__rosidl_typesupport_introspection_c.h
[5.299s] -- Installing: /home/admin/ros2_ws/install/robotnik_battery_msgs/include/robotnik_battery_msgs/robotnik_battery_msgs/msg/detail/docking_station_status__type_support.c
[5.299s] -- Installing: /home/admin/ros2_ws/install/robotnik_battery_msgs/include/robotnik_battery_msgs/robotnik_battery_msgs/msg/detail/docking_station_status__rosidl_typesupport_introspection_c.h
[5.299s] -- Installing: /home/admin/ros2_ws/install/robotnik_battery_msgs/include/robotnik_battery_msgs/robotnik_battery_msgs/msg/detail/inverter_status__type_support.c
[5.299s] -- Installing: /home/admin/ros2_ws/install/robotnik_battery_msgs/include/robotnik_battery_msgs/robotnik_battery_msgs/msg/rosidl_typesupport_introspection_c__visibility_control.h
[5.299s] -- Installing: /home/admin/ros2_ws/install/robotnik_battery_msgs/lib/librobotnik_battery_msgs__rosidl_typesupport_introspection_c.so
[5.299s] -- Set runtime path of "/home/admin/ros2_ws/install/robotnik_battery_msgs/lib/librobotnik_battery_msgs__rosidl_typesupport_introspection_c.so" to ""
[5.299s] -- Installing: /home/admin/ros2_ws/install/robotnik_battery_msgs/lib/librobotnik_battery_msgs__rosidl_typesupport_c.so
[5.299s] -- Set runtime path of "/home/admin/ros2_ws/install/robotnik_battery_msgs/lib/librobotnik_battery_msgs__rosidl_typesupport_c.so" to ""
[5.299s] -- Up-to-date: /home/admin/ros2_ws/install/robotnik_battery_msgs/include/robotnik_battery_msgs/robotnik_battery_msgs
[5.299s] -- Up-to-date: /home/admin/ros2_ws/install/robotnik_battery_msgs/include/robotnik_battery_msgs/robotnik_battery_msgs/msg
[5.299s] -- Up-to-date: /home/admin/ros2_ws/install/robotnik_battery_msgs/include/robotnik_battery_msgs/robotnik_battery_msgs/msg/detail
[5.299s] -- Installing: /home/admin/ros2_ws/install/robotnik_battery_msgs/include/robotnik_battery_msgs/robotnik_battery_msgs/msg/detail/docking_station_status__rosidl_typesupport_introspection_cpp.hpp
[5.299s] -- Installing: /home/admin/ros2_ws/install/robotnik_battery_msgs/include/robotnik_battery_msgs/robotnik_battery_msgs/msg/detail/inverter_status__type_support.cpp
[5.299s] -- Installing: /home/admin/ros2_ws/install/robotnik_battery_msgs/include/robotnik_battery_msgs/robotnik_battery_msgs/msg/detail/inverter_status_stamped__type_support.cpp
[5.299s] -- Installing: /home/admin/ros2_ws/install/robotnik_battery_msgs/include/robotnik_battery_msgs/robotnik_battery_msgs/msg/detail/inverter_status_stamped__rosidl_typesupport_introspection_cpp.hpp
[5.300s] -- Installing: /home/admin/ros2_ws/install/robotnik_battery_msgs/include/robotnik_battery_msgs/robotnik_battery_msgs/msg/detail/docking_station_status_stamped__rosidl_typesupport_introspection_cpp.hpp
[5.300s] -- Installing: /home/admin/ros2_ws/install/robotnik_battery_msgs/include/robotnik_battery_msgs/robotnik_battery_msgs/msg/detail/battery_status_stamped__type_support.cpp
[5.300s] -- Installing: /home/admin/ros2_ws/install/robotnik_battery_msgs/include/robotnik_battery_msgs/robotnik_battery_msgs/msg/detail/inverter_status__rosidl_typesupport_introspection_cpp.hpp
[5.300s] -- Installing: /home/admin/ros2_ws/install/robotnik_battery_msgs/include/robotnik_battery_msgs/robotnik_battery_msgs/msg/detail/battery_status__type_support.cpp
[5.300s] -- Installing: /home/admin/ros2_ws/install/robotnik_battery_msgs/include/robotnik_battery_msgs/robotnik_battery_msgs/msg/detail/docking_station_status_stamped__type_support.cpp
[5.300s] -- Installing: /home/admin/ros2_ws/install/robotnik_battery_msgs/include/robotnik_battery_msgs/robotnik_battery_msgs/msg/detail/battery_status__rosidl_typesupport_introspection_cpp.hpp
[5.300s] -- Installing: /home/admin/ros2_ws/install/robotnik_battery_msgs/include/robotnik_battery_msgs/robotnik_battery_msgs/msg/detail/battery_status_stamped__rosidl_typesupport_introspection_cpp.hpp
[5.300s] -- Installing: /home/admin/ros2_ws/install/robotnik_battery_msgs/include/robotnik_battery_msgs/robotnik_battery_msgs/msg/detail/docking_station_status__type_support.cpp
[5.300s] -- Installing: /home/admin/ros2_ws/install/robotnik_battery_msgs/lib/librobotnik_battery_msgs__rosidl_typesupport_introspection_cpp.so
[5.300s] -- Set runtime path of "/home/admin/ros2_ws/install/robotnik_battery_msgs/lib/librobotnik_battery_msgs__rosidl_typesupport_introspection_cpp.so" to ""
[5.300s] -- Installing: /home/admin/ros2_ws/install/robotnik_battery_msgs/lib/librobotnik_battery_msgs__rosidl_typesupport_cpp.so
[5.300s] -- Set runtime path of "/home/admin/ros2_ws/install/robotnik_battery_msgs/lib/librobotnik_battery_msgs__rosidl_typesupport_cpp.so" to ""
[5.300s] -- Installing: /home/admin/ros2_ws/install/robotnik_battery_msgs/share/robotnik_battery_msgs/environment/pythonpath.sh
[5.300s] -- Installing: /home/admin/ros2_ws/install/robotnik_battery_msgs/share/robotnik_battery_msgs/environment/pythonpath.dsv
[5.300s] -- Installing: /home/admin/ros2_ws/install/robotnik_battery_msgs/local/lib/python3.10/dist-packages/robotnik_battery_msgs-1.0.0-py3.10.egg-info
[5.300s] -- Installing: /home/admin/ros2_ws/install/robotnik_battery_msgs/local/lib/python3.10/dist-packages/robotnik_battery_msgs-1.0.0-py3.10.egg-info/PKG-INFO
[5.300s] -- Installing: /home/admin/ros2_ws/install/robotnik_battery_msgs/local/lib/python3.10/dist-packages/robotnik_battery_msgs-1.0.0-py3.10.egg-info/SOURCES.txt
[5.300s] -- Installing: /home/admin/ros2_ws/install/robotnik_battery_msgs/local/lib/python3.10/dist-packages/robotnik_battery_msgs-1.0.0-py3.10.egg-info/dependency_links.txt
[5.300s] -- Installing: /home/admin/ros2_ws/install/robotnik_battery_msgs/local/lib/python3.10/dist-packages/robotnik_battery_msgs-1.0.0-py3.10.egg-info/top_level.txt
[5.300s] -- Installing: /home/admin/ros2_ws/install/robotnik_battery_msgs/local/lib/python3.10/dist-packages/robotnik_battery_msgs
[5.300s] -- Installing: /home/admin/ros2_ws/install/robotnik_battery_msgs/local/lib/python3.10/dist-packages/robotnik_battery_msgs/robotnik_battery_msgs_s__rosidl_typesupport_c.cpython-310-x86_64-linux-gnu.so
[5.300s] -- Installing: /home/admin/ros2_ws/install/robotnik_battery_msgs/local/lib/python3.10/dist-packages/robotnik_battery_msgs/robotnik_battery_msgs_s__rosidl_typesupport_fastrtps_c.cpython-310-x86_64-linux-gnu.so
[5.300s] -- Installing: /home/admin/ros2_ws/install/robotnik_battery_msgs/local/lib/python3.10/dist-packages/robotnik_battery_msgs/_robotnik_battery_msgs_s.ep.rosidl_typesupport_introspection_c.c
[5.300s] -- Installing: /home/admin/ros2_ws/install/robotnik_battery_msgs/local/lib/python3.10/dist-packages/robotnik_battery_msgs/robotnik_battery_msgs_s__rosidl_typesupport_introspection_c.cpython-310-x86_64-linux-gnu.so
[5.300s] -- Installing: /home/admin/ros2_ws/install/robotnik_battery_msgs/local/lib/python3.10/dist-packages/robotnik_battery_msgs/__init__.py
[5.300s] -- Installing: /home/admin/ros2_ws/install/robotnik_battery_msgs/local/lib/python3.10/dist-packages/robotnik_battery_msgs/librobotnik_battery_msgs__rosidl_generator_py.so
[5.300s] -- Installing: /home/admin/ros2_ws/install/robotnik_battery_msgs/local/lib/python3.10/dist-packages/robotnik_battery_msgs/_robotnik_battery_msgs_s.ep.rosidl_typesupport_fastrtps_c.c
[5.300s] -- Installing: /home/admin/ros2_ws/install/robotnik_battery_msgs/local/lib/python3.10/dist-packages/robotnik_battery_msgs/_robotnik_battery_msgs_s.ep.rosidl_typesupport_c.c
[5.300s] -- Installing: /home/admin/ros2_ws/install/robotnik_battery_msgs/local/lib/python3.10/dist-packages/robotnik_battery_msgs/msg
[5.300s] -- Installing: /home/admin/ros2_ws/install/robotnik_battery_msgs/local/lib/python3.10/dist-packages/robotnik_battery_msgs/msg/_docking_station_status_s.c
[5.300s] -- Installing: /home/admin/ros2_ws/install/robotnik_battery_msgs/local/lib/python3.10/dist-packages/robotnik_battery_msgs/msg/_docking_station_status_stamped.py
[5.300s] -- Installing: /home/admin/ros2_ws/install/robotnik_battery_msgs/local/lib/python3.10/dist-packages/robotnik_battery_msgs/msg/_battery_status_s.c
[5.300s] -- Installing: /home/admin/ros2_ws/install/robotnik_battery_msgs/local/lib/python3.10/dist-packages/robotnik_battery_msgs/msg/_inverter_status_s.c
[5.300s] -- Installing: /home/admin/ros2_ws/install/robotnik_battery_msgs/local/lib/python3.10/dist-packages/robotnik_battery_msgs/msg/_docking_station_status_stamped_s.c
[5.300s] -- Installing: /home/admin/ros2_ws/install/robotnik_battery_msgs/local/lib/python3.10/dist-packages/robotnik_battery_msgs/msg/_battery_status.py
[5.300s] -- Installing: /home/admin/ros2_ws/install/robotnik_battery_msgs/local/lib/python3.10/dist-packages/robotnik_battery_msgs/msg/_inverter_status_stamped.py
[5.300s] -- Installing: /home/admin/ros2_ws/install/robotnik_battery_msgs/local/lib/python3.10/dist-packages/robotnik_battery_msgs/msg/__init__.py
[5.300s] -- Installing: /home/admin/ros2_ws/install/robotnik_battery_msgs/local/lib/python3.10/dist-packages/robotnik_battery_msgs/msg/_battery_status_stamped.py
[5.300s] -- Installing: /home/admin/ros2_ws/install/robotnik_battery_msgs/local/lib/python3.10/dist-packages/robotnik_battery_msgs/msg/_inverter_status.py
[5.300s] -- Installing: /home/admin/ros2_ws/install/robotnik_battery_msgs/local/lib/python3.10/dist-packages/robotnik_battery_msgs/msg/_inverter_status_stamped_s.c
[5.300s] -- Installing: /home/admin/ros2_ws/install/robotnik_battery_msgs/local/lib/python3.10/dist-packages/robotnik_battery_msgs/msg/_battery_status_stamped_s.c
[5.300s] -- Installing: /home/admin/ros2_ws/install/robotnik_battery_msgs/local/lib/python3.10/dist-packages/robotnik_battery_msgs/msg/_docking_station_status.py
[5.324s] Listing '/home/admin/ros2_ws/install/robotnik_battery_msgs/local/lib/python3.10/dist-packages/robotnik_battery_msgs'...
[5.324s] Compiling '/home/admin/ros2_ws/install/robotnik_battery_msgs/local/lib/python3.10/dist-packages/robotnik_battery_msgs/__init__.py'...
[5.324s] Listing '/home/admin/ros2_ws/install/robotnik_battery_msgs/local/lib/python3.10/dist-packages/robotnik_battery_msgs/msg'...
[5.324s] Compiling '/home/admin/ros2_ws/install/robotnik_battery_msgs/local/lib/python3.10/dist-packages/robotnik_battery_msgs/msg/__init__.py'...
[5.324s] Compiling '/home/admin/ros2_ws/install/robotnik_battery_msgs/local/lib/python3.10/dist-packages/robotnik_battery_msgs/msg/_battery_status.py'...
[5.324s] Compiling '/home/admin/ros2_ws/install/robotnik_battery_msgs/local/lib/python3.10/dist-packages/robotnik_battery_msgs/msg/_battery_status_stamped.py'...
[5.324s] Compiling '/home/admin/ros2_ws/install/robotnik_battery_msgs/local/lib/python3.10/dist-packages/robotnik_battery_msgs/msg/_docking_station_status.py'...
[5.324s] Compiling '/home/admin/ros2_ws/install/robotnik_battery_msgs/local/lib/python3.10/dist-packages/robotnik_battery_msgs/msg/_docking_station_status_stamped.py'...
[5.324s] Compiling '/home/admin/ros2_ws/install/robotnik_battery_msgs/local/lib/python3.10/dist-packages/robotnik_battery_msgs/msg/_inverter_status.py'...
[5.324s] Compiling '/home/admin/ros2_ws/install/robotnik_battery_msgs/local/lib/python3.10/dist-packages/robotnik_battery_msgs/msg/_inverter_status_stamped.py'...
[5.327s] -- Installing: /home/admin/ros2_ws/install/robotnik_battery_msgs/local/lib/python3.10/dist-packages/robotnik_battery_msgs/robotnik_battery_msgs_s__rosidl_typesupport_fastrtps_c.cpython-310-x86_64-linux-gnu.so
[5.328s] -- Set runtime path of "/home/admin/ros2_ws/install/robotnik_battery_msgs/local/lib/python3.10/dist-packages/robotnik_battery_msgs/robotnik_battery_msgs_s__rosidl_typesupport_fastrtps_c.cpython-310-x86_64-linux-gnu.so" to ""
[5.328s] -- Installing: /home/admin/ros2_ws/install/robotnik_battery_msgs/local/lib/python3.10/dist-packages/robotnik_battery_msgs/robotnik_battery_msgs_s__rosidl_typesupport_introspection_c.cpython-310-x86_64-linux-gnu.so
[5.329s] -- Set runtime path of "/home/admin/ros2_ws/install/robotnik_battery_msgs/local/lib/python3.10/dist-packages/robotnik_battery_msgs/robotnik_battery_msgs_s__rosidl_typesupport_introspection_c.cpython-310-x86_64-linux-gnu.so" to ""
[5.329s] -- Installing: /home/admin/ros2_ws/install/robotnik_battery_msgs/local/lib/python3.10/dist-packages/robotnik_battery_msgs/robotnik_battery_msgs_s__rosidl_typesupport_c.cpython-310-x86_64-linux-gnu.so
[5.329s] -- Set runtime path of "/home/admin/ros2_ws/install/robotnik_battery_msgs/local/lib/python3.10/dist-packages/robotnik_battery_msgs/robotnik_battery_msgs_s__rosidl_typesupport_c.cpython-310-x86_64-linux-gnu.so" to ""
[5.329s] -- Installing: /home/admin/ros2_ws/install/robotnik_battery_msgs/lib/librobotnik_battery_msgs__rosidl_generator_py.so
[5.329s] -- Set runtime path of "/home/admin/ros2_ws/install/robotnik_battery_msgs/lib/librobotnik_battery_msgs__rosidl_generator_py.so" to ""
[5.329s] -- Installing: /home/admin/ros2_ws/install/robotnik_battery_msgs/share/robotnik_battery_msgs/msg/BatteryStatus.idl
[5.329s] -- Installing: /home/admin/ros2_ws/install/robotnik_battery_msgs/share/robotnik_battery_msgs/msg/BatteryStatusStamped.idl
[5.329s] -- Installing: /home/admin/ros2_ws/install/robotnik_battery_msgs/share/robotnik_battery_msgs/msg/DockingStationStatus.idl
[5.329s] -- Installing: /home/admin/ros2_ws/install/robotnik_battery_msgs/share/robotnik_battery_msgs/msg/DockingStationStatusStamped.idl
[5.329s] -- Installing: /home/admin/ros2_ws/install/robotnik_battery_msgs/share/robotnik_battery_msgs/msg/InverterStatus.idl
[5.329s] -- Installing: /home/admin/ros2_ws/install/robotnik_battery_msgs/share/robotnik_battery_msgs/msg/InverterStatusStamped.idl
[5.329s] -- Installing: /home/admin/ros2_ws/install/robotnik_battery_msgs/share/robotnik_battery_msgs/msg/BatteryStatus.msg
[5.329s] -- Installing: /home/admin/ros2_ws/install/robotnik_battery_msgs/share/robotnik_battery_msgs/msg/BatteryStatusStamped.msg
[5.330s] -- Installing: /home/admin/ros2_ws/install/robotnik_battery_msgs/share/robotnik_battery_msgs/msg/DockingStationStatus.msg
[5.330s] -- Installing: /home/admin/ros2_ws/install/robotnik_battery_msgs/share/robotnik_battery_msgs/msg/DockingStationStatusStamped.msg
[5.330s] -- Installing: /home/admin/ros2_ws/install/robotnik_battery_msgs/share/robotnik_battery_msgs/msg/InverterStatus.msg
[5.330s] -- Installing: /home/admin/ros2_ws/install/robotnik_battery_msgs/share/robotnik_battery_msgs/msg/InverterStatusStamped.msg
[5.330s] -- Installing: /home/admin/ros2_ws/install/robotnik_battery_msgs/share/ament_index/resource_index/package_run_dependencies/robotnik_battery_msgs
[5.330s] -- Installing: /home/admin/ros2_ws/install/robotnik_battery_msgs/share/ament_index/resource_index/parent_prefix_path/robotnik_battery_msgs
[5.330s] -- Installing: /home/admin/ros2_ws/install/robotnik_battery_msgs/share/robotnik_battery_msgs/environment/ament_prefix_path.sh
[5.330s] -- Installing: /home/admin/ros2_ws/install/robotnik_battery_msgs/share/robotnik_battery_msgs/environment/ament_prefix_path.dsv
[5.330s] -- Installing: /home/admin/ros2_ws/install/robotnik_battery_msgs/share/robotnik_battery_msgs/environment/path.sh
[5.330s] -- Installing: /home/admin/ros2_ws/install/robotnik_battery_msgs/share/robotnik_battery_msgs/environment/path.dsv
[5.330s] -- Installing: /home/admin/ros2_ws/install/robotnik_battery_msgs/share/robotnik_battery_msgs/local_setup.bash
[5.330s] -- Installing: /home/admin/ros2_ws/install/robotnik_battery_msgs/share/robotnik_battery_msgs/local_setup.sh
[5.330s] -- Installing: /home/admin/ros2_ws/install/robotnik_battery_msgs/share/robotnik_battery_msgs/local_setup.zsh
[5.330s] -- Installing: /home/admin/ros2_ws/install/robotnik_battery_msgs/share/robotnik_battery_msgs/local_setup.dsv
[5.330s] -- Installing: /home/admin/ros2_ws/install/robotnik_battery_msgs/share/robotnik_battery_msgs/package.dsv
[5.330s] -- Installing: /home/admin/ros2_ws/install/robotnik_battery_msgs/share/ament_index/resource_index/packages/robotnik_battery_msgs
[5.330s] -- Installing: /home/admin/ros2_ws/install/robotnik_battery_msgs/share/robotnik_battery_msgs/cmake/export_robotnik_battery_msgs__rosidl_generator_cExport.cmake
[5.330s] -- Installing: /home/admin/ros2_ws/install/robotnik_battery_msgs/share/robotnik_battery_msgs/cmake/export_robotnik_battery_msgs__rosidl_generator_cExport-noconfig.cmake
[5.330s] -- Installing: /home/admin/ros2_ws/install/robotnik_battery_msgs/share/robotnik_battery_msgs/cmake/export_robotnik_battery_msgs__rosidl_typesupport_fastrtps_cExport.cmake
[5.330s] -- Installing: /home/admin/ros2_ws/install/robotnik_battery_msgs/share/robotnik_battery_msgs/cmake/export_robotnik_battery_msgs__rosidl_typesupport_fastrtps_cExport-noconfig.cmake
[5.330s] -- Installing: /home/admin/ros2_ws/install/robotnik_battery_msgs/share/robotnik_battery_msgs/cmake/export_robotnik_battery_msgs__rosidl_generator_cppExport.cmake
[5.330s] -- Installing: /home/admin/ros2_ws/install/robotnik_battery_msgs/share/robotnik_battery_msgs/cmake/export_robotnik_battery_msgs__rosidl_typesupport_fastrtps_cppExport.cmake
[5.330s] -- Installing: /home/admin/ros2_ws/install/robotnik_battery_msgs/share/robotnik_battery_msgs/cmake/export_robotnik_battery_msgs__rosidl_typesupport_fastrtps_cppExport-noconfig.cmake
[5.330s] -- Installing: /home/admin/ros2_ws/install/robotnik_battery_msgs/share/robotnik_battery_msgs/cmake/robotnik_battery_msgs__rosidl_typesupport_introspection_cExport.cmake
[5.330s] -- Installing: /home/admin/ros2_ws/install/robotnik_battery_msgs/share/robotnik_battery_msgs/cmake/robotnik_battery_msgs__rosidl_typesupport_introspection_cExport-noconfig.cmake
[5.330s] -- Installing: /home/admin/ros2_ws/install/robotnik_battery_msgs/share/robotnik_battery_msgs/cmake/robotnik_battery_msgs__rosidl_typesupport_cExport.cmake
[5.330s] -- Installing: /home/admin/ros2_ws/install/robotnik_battery_msgs/share/robotnik_battery_msgs/cmake/robotnik_battery_msgs__rosidl_typesupport_cExport-noconfig.cmake
[5.330s] -- Installing: /home/admin/ros2_ws/install/robotnik_battery_msgs/share/robotnik_battery_msgs/cmake/robotnik_battery_msgs__rosidl_typesupport_introspection_cppExport.cmake
[5.330s] -- Installing: /home/admin/ros2_ws/install/robotnik_battery_msgs/share/robotnik_battery_msgs/cmake/robotnik_battery_msgs__rosidl_typesupport_introspection_cppExport-noconfig.cmake
[5.331s] -- Installing: /home/admin/ros2_ws/install/robotnik_battery_msgs/share/robotnik_battery_msgs/cmake/robotnik_battery_msgs__rosidl_typesupport_cppExport.cmake
[5.331s] -- Installing: /home/admin/ros2_ws/install/robotnik_battery_msgs/share/robotnik_battery_msgs/cmake/robotnik_battery_msgs__rosidl_typesupport_cppExport-noconfig.cmake
[5.331s] -- Installing: /home/admin/ros2_ws/install/robotnik_battery_msgs/share/robotnik_battery_msgs/cmake/export_robotnik_battery_msgs__rosidl_generator_pyExport.cmake
[5.331s] -- Installing: /home/admin/ros2_ws/install/robotnik_battery_msgs/share/robotnik_battery_msgs/cmake/export_robotnik_battery_msgs__rosidl_generator_pyExport-noconfig.cmake
[5.332s] -- Installing: /home/admin/ros2_ws/install/robotnik_battery_msgs/share/robotnik_battery_msgs/cmake/rosidl_cmake-extras.cmake
[5.332s] -- Installing: /home/admin/ros2_ws/install/robotnik_battery_msgs/share/robotnik_battery_msgs/cmake/ament_cmake_export_dependencies-extras.cmake
[5.332s] -- Installing: /home/admin/ros2_ws/install/robotnik_battery_msgs/share/robotnik_battery_msgs/cmake/ament_cmake_export_include_directories-extras.cmake
[5.332s] -- Installing: /home/admin/ros2_ws/install/robotnik_battery_msgs/share/robotnik_battery_msgs/cmake/ament_cmake_export_libraries-extras.cmake
[5.332s] -- Installing: /home/admin/ros2_ws/install/robotnik_battery_msgs/share/robotnik_battery_msgs/cmake/ament_cmake_export_targets-extras.cmake
[5.332s] -- Installing: /home/admin/ros2_ws/install/robotnik_battery_msgs/share/robotnik_battery_msgs/cmake/rosidl_cmake_export_typesupport_targets-extras.cmake
[5.332s] -- Installing: /home/admin/ros2_ws/install/robotnik_battery_msgs/share/robotnik_battery_msgs/cmake/rosidl_cmake_export_typesupport_libraries-extras.cmake
[5.332s] -- Installing: /home/admin/ros2_ws/install/robotnik_battery_msgs/share/robotnik_battery_msgs/cmake/robotnik_battery_msgsConfig.cmake
[5.332s] -- Installing: /home/admin/ros2_ws/install/robotnik_battery_msgs/share/robotnik_battery_msgs/cmake/robotnik_battery_msgsConfig-version.cmake
[5.332s] -- Installing: /home/admin/ros2_ws/install/robotnik_battery_msgs/share/robotnik_battery_msgs/package.xml
[5.335s] Invoked command in '/home/admin/ros2_ws/build/robotnik_battery_msgs' returned '0': CMAKE_PREFIX_PATH=${CMAKE_PREFIX_PATH}:/home/admin/ros2_ws/install/robotnik_safety_msgs:/home/admin/ros2_ws/install/rbvogui_cartographer:/opt/ros/humble /usr/bin/cmake --install /home/admin/ros2_ws/build/robotnik_battery_msgs
