[0.014s] Invoking command in '/home/admin/ros2_ws/build/robotnik_navigation_msgs': CMAKE_PREFIX_PATH=/home/admin/ros2_ws/install/robotnik_common_msgs:/home/admin/ros2_ws/install/robotnik_supervisor_msgs:/home/admin/ros2_ws/install/robotnik_gazebo_ignition:/home/admin/ros2_ws/install/robotnik_gazebo_classic:/home/admin/ros2_ws/install/robotnik_description:/home/admin/ros2_ws/install/robotnik_sensors:/home/admin/ros2_ws/install/robotnik_interfaces:/home/admin/ros2_ws/install/robotnik_safety_msgs:/home/admin/ros2_ws/install/robotnik_perception_msgs:/home/admin/ros2_ws/install/robotnik_navigation_msgs:/home/admin/ros2_ws/install/robotnik_io_msgs:/home/admin/ros2_ws/install/robotnik_controllers_msgs:/home/admin/ros2_ws/install/robotnik_common:/home/admin/ros2_ws/install/robotnik_battery_msgs:/home/admin/ros2_ws/install/custom_gz:/opt/ros/humble LD_LIBRARY_PATH=/home/admin/ros2_ws/install/robotnik_common_msgs/lib:/home/admin/ros2_ws/install/robotnik_supervisor_msgs/lib:/home/admin/ros2_ws/install/robotnik_perception_msgs/lib:/home/admin/ros2_ws/install/robotnik_navigation_msgs/lib:/home/admin/ros2_ws/install/robotnik_io_msgs/lib:/home/admin/ros2_ws/install/robotnik_controllers_msgs/lib:/home/admin/ros2_ws/install/robotnik_battery_msgs/lib:/usr/lib/x86_64-linux-gnu/gazebo-11/plugins:/opt/ros/humble/opt/rviz_ogre_vendor/lib:/opt/ros/humble/lib/x86_64-linux-gnu:/opt/ros/humble/lib /usr/bin/cmake /home/admin/ros2_ws/src/robotnik_interfaces/robotnik_navigation_msgs -DCMAKE_INSTALL_PREFIX=/home/admin/ros2_ws/install/robotnik_navigation_msgs
[0.062s] -- The C compiler identification is GNU 11.4.0
[0.113s] -- The CXX compiler identification is GNU 11.4.0
[0.119s] -- Detecting C compiler ABI info
[0.183s] -- Detecting C compiler ABI info - done
[0.192s] -- Check for working C compiler: /usr/bin/cc - skipped
[0.192s] -- Detecting C compile features
[0.192s] -- Detecting C compile features - done
[0.194s] -- Detecting CXX compiler ABI info
[0.260s] -- Detecting CXX compiler ABI info - done
[0.265s] -- Check for working CXX compiler: /usr/bin/c++ - skipped
[0.266s] -- Detecting CXX compile features
[0.266s] -- Detecting CXX compile features - done
[0.270s] -- Found ament_cmake: 1.3.11 (/opt/ros/humble/share/ament_cmake/cmake)
[0.411s] -- Found Python3: /usr/bin/python3 (found version "3.10.12") found components: Interpreter 
[0.509s] -- Found builtin_interfaces: 1.2.1 (/opt/ros/humble/share/builtin_interfaces/cmake)
[0.544s] -- Found rosidl_generator_c: 3.1.6 (/opt/ros/humble/share/rosidl_generator_c/cmake)
[0.548s] -- Found rosidl_adapter: 3.1.6 (/opt/ros/humble/share/rosidl_adapter/cmake)
[0.555s] -- Found rosidl_generator_cpp: 3.1.6 (/opt/ros/humble/share/rosidl_generator_cpp/cmake)
[0.565s] -- Using all available rosidl_typesupport_c: rosidl_typesupport_fastrtps_c;rosidl_typesupport_introspection_c
[0.579s] -- Using all available rosidl_typesupport_cpp: rosidl_typesupport_fastrtps_cpp;rosidl_typesupport_introspection_cpp
[0.592s] -- Found rosidl_default_generators: 1.2.0 (/opt/ros/humble/share/rosidl_default_generators/cmake)
[0.600s] -- Found action_msgs: 1.2.1 (/opt/ros/humble/share/action_msgs/cmake)
[0.620s] -- Found geometry_msgs: 4.9.0 (/opt/ros/humble/share/geometry_msgs/cmake)
[0.651s] -- Found robotnik_common_msgs: 1.0.0 (/home/admin/ros2_ws/install/robotnik_common_msgs/share/robotnik_common_msgs/cmake)
[0.935s] -- Found ament_cmake_cppcheck: 0.12.12 (/opt/ros/humble/share/ament_cmake_cppcheck/cmake)
[0.939s] -- Found ament_cmake_cpplint: 0.12.12 (/opt/ros/humble/share/ament_cmake_cpplint/cmake)
[0.943s] -- Found ament_cmake_uncrustify: 0.12.12 (/opt/ros/humble/share/ament_cmake_uncrustify/cmake)
[0.947s] -- Found ament_cmake_ros: 0.10.0 (/opt/ros/humble/share/ament_cmake_ros/cmake)
[1.371s] -- Using all available rosidl_typesupport_c: rosidl_typesupport_fastrtps_c;rosidl_typesupport_introspection_c
[1.546s] -- Using all available rosidl_typesupport_cpp: rosidl_typesupport_fastrtps_cpp;rosidl_typesupport_introspection_cpp
[1.575s] -- Found PythonInterp: /usr/bin/python3 (found suitable version "3.10.12", minimum required is "3.6") 
[1.577s] -- Found python_cmake_module: 0.10.0 (/opt/ros/humble/share/python_cmake_module/cmake)
[1.623s] -- Found PythonLibs: /usr/lib/x86_64-linux-gnu/libpython3.10.so (found suitable version "3.10.12", minimum required is "3.5") 
[1.623s] -- Using PYTHON_EXECUTABLE: /usr/bin/python3
[1.623s] -- Using PYTHON_INCLUDE_DIRS: /usr/include/python3.10
[1.623s] -- Using PYTHON_LIBRARIES: /usr/lib/x86_64-linux-gnu/libpython3.10.so
[1.648s] -- Found PythonExtra: .so  
[1.921s] -- Found ament_cmake_flake8: 0.12.12 (/opt/ros/humble/share/ament_cmake_flake8/cmake)
[1.949s] -- Found ament_cmake_pep257: 0.12.12 (/opt/ros/humble/share/ament_cmake_pep257/cmake)
[1.984s] -- Found ament_lint_auto: 0.12.12 (/opt/ros/humble/share/ament_lint_auto/cmake)
[2.119s] -- Added test 'copyright' to check source files copyright and LICENSE
[2.124s] -- Added test 'lint_cmake' to check CMake code style
[2.129s] -- Added test 'xmllint' to check XML markup files
[2.147s] -- Configuring done
[2.343s] -- Generating done
[2.446s] -- Build files have been written to: /home/admin/ros2_ws/build/robotnik_navigation_msgs
[2.510s] Invoked command in '/home/admin/ros2_ws/build/robotnik_navigation_msgs' returned '0': CMAKE_PREFIX_PATH=/home/admin/ros2_ws/install/robotnik_common_msgs:/home/admin/ros2_ws/install/robotnik_supervisor_msgs:/home/admin/ros2_ws/install/robotnik_gazebo_ignition:/home/admin/ros2_ws/install/robotnik_gazebo_classic:/home/admin/ros2_ws/install/robotnik_description:/home/admin/ros2_ws/install/robotnik_sensors:/home/admin/ros2_ws/install/robotnik_interfaces:/home/admin/ros2_ws/install/robotnik_safety_msgs:/home/admin/ros2_ws/install/robotnik_perception_msgs:/home/admin/ros2_ws/install/robotnik_navigation_msgs:/home/admin/ros2_ws/install/robotnik_io_msgs:/home/admin/ros2_ws/install/robotnik_controllers_msgs:/home/admin/ros2_ws/install/robotnik_common:/home/admin/ros2_ws/install/robotnik_battery_msgs:/home/admin/ros2_ws/install/custom_gz:/opt/ros/humble LD_LIBRARY_PATH=/home/admin/ros2_ws/install/robotnik_common_msgs/lib:/home/admin/ros2_ws/install/robotnik_supervisor_msgs/lib:/home/admin/ros2_ws/install/robotnik_perception_msgs/lib:/home/admin/ros2_ws/install/robotnik_navigation_msgs/lib:/home/admin/ros2_ws/install/robotnik_io_msgs/lib:/home/admin/ros2_ws/install/robotnik_controllers_msgs/lib:/home/admin/ros2_ws/install/robotnik_battery_msgs/lib:/usr/lib/x86_64-linux-gnu/gazebo-11/plugins:/opt/ros/humble/opt/rviz_ogre_vendor/lib:/opt/ros/humble/lib/x86_64-linux-gnu:/opt/ros/humble/lib /usr/bin/cmake /home/admin/ros2_ws/src/robotnik_interfaces/robotnik_navigation_msgs -DCMAKE_INSTALL_PREFIX=/home/admin/ros2_ws/install/robotnik_navigation_msgs
[2.515s] Invoking command in '/home/admin/ros2_ws/build/robotnik_navigation_msgs': CMAKE_PREFIX_PATH=/home/admin/ros2_ws/install/robotnik_common_msgs:/home/admin/ros2_ws/install/robotnik_supervisor_msgs:/home/admin/ros2_ws/install/robotnik_gazebo_ignition:/home/admin/ros2_ws/install/robotnik_gazebo_classic:/home/admin/ros2_ws/install/robotnik_description:/home/admin/ros2_ws/install/robotnik_sensors:/home/admin/ros2_ws/install/robotnik_interfaces:/home/admin/ros2_ws/install/robotnik_safety_msgs:/home/admin/ros2_ws/install/robotnik_perception_msgs:/home/admin/ros2_ws/install/robotnik_navigation_msgs:/home/admin/ros2_ws/install/robotnik_io_msgs:/home/admin/ros2_ws/install/robotnik_controllers_msgs:/home/admin/ros2_ws/install/robotnik_common:/home/admin/ros2_ws/install/robotnik_battery_msgs:/home/admin/ros2_ws/install/custom_gz:/opt/ros/humble LD_LIBRARY_PATH=/home/admin/ros2_ws/install/robotnik_common_msgs/lib:/home/admin/ros2_ws/install/robotnik_supervisor_msgs/lib:/home/admin/ros2_ws/install/robotnik_perception_msgs/lib:/home/admin/ros2_ws/install/robotnik_navigation_msgs/lib:/home/admin/ros2_ws/install/robotnik_io_msgs/lib:/home/admin/ros2_ws/install/robotnik_controllers_msgs/lib:/home/admin/ros2_ws/install/robotnik_battery_msgs/lib:/usr/lib/x86_64-linux-gnu/gazebo-11/plugins:/opt/ros/humble/opt/rviz_ogre_vendor/lib:/opt/ros/humble/lib/x86_64-linux-gnu:/opt/ros/humble/lib /usr/bin/cmake --build /home/admin/ros2_ws/build/robotnik_navigation_msgs -- -j20 -l20
[2.671s] [  2%] [34m[1mGenerating C++ code for ROS interfaces[0m
[2.682s] [  2%] Built target ament_cmake_python_copy_robotnik_navigation_msgs
[2.734s] [  5%] [34m[1mGenerating C code for ROS interfaces[0m
[3.114s] running egg_info
[3.115s] creating robotnik_navigation_msgs.egg-info
[3.115s] writing robotnik_navigation_msgs.egg-info/PKG-INFO
[3.116s] writing dependency_links to robotnik_navigation_msgs.egg-info/dependency_links.txt
[3.116s] writing top-level names to robotnik_navigation_msgs.egg-info/top_level.txt
[3.116s] writing manifest file 'robotnik_navigation_msgs.egg-info/SOURCES.txt'
[3.120s] reading manifest file 'robotnik_navigation_msgs.egg-info/SOURCES.txt'
[3.120s] writing manifest file 'robotnik_navigation_msgs.egg-info/SOURCES.txt'
[3.156s] [  5%] Built target ament_cmake_python_build_robotnik_navigation_msgs_egg
[4.295s] [  5%] Built target robotnik_navigation_msgs__cpp
[4.350s] [  7%] [34m[1mGenerating C++ introspection for ROS interfaces[0m
[4.357s] [ 10%] [34m[1mGenerating C++ type support for eProsima Fast-RTPS[0m
[4.363s] [ 12%] [34m[1mGenerating C++ type support dispatch for ROS interfaces[0m
[4.865s] [ 15%] [32mBuilding C object CMakeFiles/robotnik_navigation_msgs__rosidl_generator_c.dir/rosidl_generator_c/robotnik_navigation_msgs/action/detail/dock__functions.c.o[0m
[4.903s] [ 17%] [32mBuilding C object CMakeFiles/robotnik_navigation_msgs__rosidl_generator_c.dir/rosidl_generator_c/robotnik_navigation_msgs/action/detail/move__functions.c.o[0m
[5.943s] [ 20%] [32m[1mLinking C shared library librobotnik_navigation_msgs__rosidl_generator_c.so[0m
[6.080s] [ 20%] Built target robotnik_navigation_msgs__rosidl_generator_c
[6.118s] [ 23%] [34m[1mGenerating C introspection for ROS interfaces[0m
[6.141s] [ 25%] [34m[1mGenerating C type support for eProsima Fast-RTPS[0m
[6.208s] [ 28%] [32mBuilding CXX object CMakeFiles/robotnik_navigation_msgs__rosidl_typesupport_cpp.dir/rosidl_typesupport_cpp/robotnik_navigation_msgs/action/move__type_support.cpp.o[0m
[6.215s] [ 30%] [32mBuilding CXX object CMakeFiles/robotnik_navigation_msgs__rosidl_typesupport_cpp.dir/rosidl_typesupport_cpp/robotnik_navigation_msgs/action/dock__type_support.cpp.o[0m
[6.354s] [ 33%] [34m[1mGenerating C type support dispatch for ROS interfaces[0m
[7.266s] [ 35%] [32mBuilding CXX object CMakeFiles/robotnik_navigation_msgs__rosidl_typesupport_fastrtps_cpp.dir/rosidl_typesupport_fastrtps_cpp/robotnik_navigation_msgs/action/detail/dds_fastrtps/move__type_support.cpp.o[0m
[7.365s] [ 38%] [32m[1mLinking CXX shared library librobotnik_navigation_msgs__rosidl_typesupport_cpp.so[0m
[7.367s] [ 41%] [32mBuilding CXX object CMakeFiles/robotnik_navigation_msgs__rosidl_typesupport_fastrtps_cpp.dir/rosidl_typesupport_fastrtps_cpp/robotnik_navigation_msgs/action/detail/dds_fastrtps/dock__type_support.cpp.o[0m
[7.436s] [ 43%] [32mBuilding CXX object CMakeFiles/robotnik_navigation_msgs__rosidl_typesupport_fastrtps_c.dir/rosidl_typesupport_fastrtps_c/robotnik_navigation_msgs/action/detail/dock__type_support_c.cpp.o[0m
[7.438s] [ 46%] [32mBuilding CXX object CMakeFiles/robotnik_navigation_msgs__rosidl_typesupport_fastrtps_c.dir/rosidl_typesupport_fastrtps_c/robotnik_navigation_msgs/action/detail/move__type_support_c.cpp.o[0m
[7.568s] [ 48%] [32mBuilding CXX object CMakeFiles/robotnik_navigation_msgs__rosidl_typesupport_c.dir/rosidl_typesupport_c/robotnik_navigation_msgs/action/move__type_support.cpp.o[0m
[7.642s] [ 51%] [32mBuilding CXX object CMakeFiles/robotnik_navigation_msgs__rosidl_typesupport_c.dir/rosidl_typesupport_c/robotnik_navigation_msgs/action/dock__type_support.cpp.o[0m
[7.846s] [ 51%] Built target robotnik_navigation_msgs__rosidl_typesupport_cpp
[8.080s] [ 53%] [32m[1mLinking CXX shared library librobotnik_navigation_msgs__rosidl_typesupport_c.so[0m
[8.254s] [ 53%] Built target robotnik_navigation_msgs__rosidl_typesupport_c
[8.289s] [ 56%] [32mBuilding CXX object CMakeFiles/robotnik_navigation_msgs__rosidl_typesupport_introspection_cpp.dir/rosidl_typesupport_introspection_cpp/robotnik_navigation_msgs/action/detail/move__type_support.cpp.o[0m
[8.302s] [ 58%] [32mBuilding CXX object CMakeFiles/robotnik_navigation_msgs__rosidl_typesupport_introspection_cpp.dir/rosidl_typesupport_introspection_cpp/robotnik_navigation_msgs/action/detail/dock__type_support.cpp.o[0m
[8.340s] [ 61%] [32mBuilding C object CMakeFiles/robotnik_navigation_msgs__rosidl_typesupport_introspection_c.dir/rosidl_typesupport_introspection_c/robotnik_navigation_msgs/action/detail/dock__type_support.c.o[0m
[8.449s] [ 64%] [32mBuilding C object CMakeFiles/robotnik_navigation_msgs__rosidl_typesupport_introspection_c.dir/rosidl_typesupport_introspection_c/robotnik_navigation_msgs/action/detail/move__type_support.c.o[0m
[8.608s] [ 66%] [32m[1mLinking C shared library librobotnik_navigation_msgs__rosidl_typesupport_introspection_c.so[0m
[8.660s] [ 66%] Built target robotnik_navigation_msgs__rosidl_typesupport_introspection_c
[8.764s] [ 69%] [32m[1mLinking CXX shared library librobotnik_navigation_msgs__rosidl_typesupport_fastrtps_c.so[0m
[8.854s] [ 69%] Built target robotnik_navigation_msgs__rosidl_typesupport_fastrtps_c
[8.880s] [ 71%] [32m[1mLinking CXX shared library librobotnik_navigation_msgs__rosidl_typesupport_fastrtps_cpp.so[0m
[9.578s] [ 71%] Built target robotnik_navigation_msgs__rosidl_typesupport_fastrtps_cpp
[11.244s] [ 74%] [32m[1mLinking CXX shared library librobotnik_navigation_msgs__rosidl_typesupport_introspection_cpp.so[0m
[11.314s] [ 74%] Built target robotnik_navigation_msgs__rosidl_typesupport_introspection_cpp
[11.339s] [ 74%] Built target robotnik_navigation_msgs
[11.364s] [ 76%] [34m[1mGenerating Python code for ROS interfaces[0m
[12.494s] [ 76%] Built target robotnik_navigation_msgs__py
[12.518s] [ 79%] [32mBuilding C object CMakeFiles/robotnik_navigation_msgs__rosidl_generator_py.dir/rosidl_generator_py/robotnik_navigation_msgs/action/_move_s.c.o[0m
[12.528s] [ 82%] [32mBuilding C object CMakeFiles/robotnik_navigation_msgs__rosidl_generator_py.dir/rosidl_generator_py/robotnik_navigation_msgs/action/_dock_s.c.o[0m
[12.690s] [ 84%] [32m[1mLinking C shared library rosidl_generator_py/robotnik_navigation_msgs/librobotnik_navigation_msgs__rosidl_generator_py.so[0m
[12.747s] [ 84%] Built target robotnik_navigation_msgs__rosidl_generator_py
[12.775s] [ 87%] [32mBuilding C object CMakeFiles/robotnik_navigation_msgs__rosidl_typesupport_fastrtps_c__pyext.dir/rosidl_generator_py/robotnik_navigation_msgs/_robotnik_navigation_msgs_s.ep.rosidl_typesupport_fastrtps_c.c.o[0m
[12.786s] [ 89%] [32mBuilding C object CMakeFiles/robotnik_navigation_msgs__rosidl_typesupport_introspection_c__pyext.dir/rosidl_generator_py/robotnik_navigation_msgs/_robotnik_navigation_msgs_s.ep.rosidl_typesupport_introspection_c.c.o[0m
[12.803s] [ 92%] [32mBuilding C object CMakeFiles/robotnik_navigation_msgs__rosidl_typesupport_c__pyext.dir/rosidl_generator_py/robotnik_navigation_msgs/_robotnik_navigation_msgs_s.ep.rosidl_typesupport_c.c.o[0m
[12.992s] [ 94%] [32m[1mLinking C shared library rosidl_generator_py/robotnik_navigation_msgs/robotnik_navigation_msgs_s__rosidl_typesupport_fastrtps_c.cpython-310-x86_64-linux-gnu.so[0m
[13.000s] [ 97%] [32m[1mLinking C shared library rosidl_generator_py/robotnik_navigation_msgs/robotnik_navigation_msgs_s__rosidl_typesupport_c.cpython-310-x86_64-linux-gnu.so[0m
[13.022s] [100%] [32m[1mLinking C shared library rosidl_generator_py/robotnik_navigation_msgs/robotnik_navigation_msgs_s__rosidl_typesupport_introspection_c.cpython-310-x86_64-linux-gnu.so[0m
[13.049s] [100%] Built target robotnik_navigation_msgs__rosidl_typesupport_c__pyext
[13.050s] [100%] Built target robotnik_navigation_msgs__rosidl_typesupport_fastrtps_c__pyext
[13.090s] [100%] Built target robotnik_navigation_msgs__rosidl_typesupport_introspection_c__pyext
[13.108s] Invoked command in '/home/admin/ros2_ws/build/robotnik_navigation_msgs' returned '0': CMAKE_PREFIX_PATH=/home/admin/ros2_ws/install/robotnik_common_msgs:/home/admin/ros2_ws/install/robotnik_supervisor_msgs:/home/admin/ros2_ws/install/robotnik_gazebo_ignition:/home/admin/ros2_ws/install/robotnik_gazebo_classic:/home/admin/ros2_ws/install/robotnik_description:/home/admin/ros2_ws/install/robotnik_sensors:/home/admin/ros2_ws/install/robotnik_interfaces:/home/admin/ros2_ws/install/robotnik_safety_msgs:/home/admin/ros2_ws/install/robotnik_perception_msgs:/home/admin/ros2_ws/install/robotnik_navigation_msgs:/home/admin/ros2_ws/install/robotnik_io_msgs:/home/admin/ros2_ws/install/robotnik_controllers_msgs:/home/admin/ros2_ws/install/robotnik_common:/home/admin/ros2_ws/install/robotnik_battery_msgs:/home/admin/ros2_ws/install/custom_gz:/opt/ros/humble LD_LIBRARY_PATH=/home/admin/ros2_ws/install/robotnik_common_msgs/lib:/home/admin/ros2_ws/install/robotnik_supervisor_msgs/lib:/home/admin/ros2_ws/install/robotnik_perception_msgs/lib:/home/admin/ros2_ws/install/robotnik_navigation_msgs/lib:/home/admin/ros2_ws/install/robotnik_io_msgs/lib:/home/admin/ros2_ws/install/robotnik_controllers_msgs/lib:/home/admin/ros2_ws/install/robotnik_battery_msgs/lib:/usr/lib/x86_64-linux-gnu/gazebo-11/plugins:/opt/ros/humble/opt/rviz_ogre_vendor/lib:/opt/ros/humble/lib/x86_64-linux-gnu:/opt/ros/humble/lib /usr/bin/cmake --build /home/admin/ros2_ws/build/robotnik_navigation_msgs -- -j20 -l20
[13.115s] Invoking command in '/home/admin/ros2_ws/build/robotnik_navigation_msgs': CMAKE_PREFIX_PATH=/home/admin/ros2_ws/install/robotnik_common_msgs:/home/admin/ros2_ws/install/robotnik_supervisor_msgs:/home/admin/ros2_ws/install/robotnik_gazebo_ignition:/home/admin/ros2_ws/install/robotnik_gazebo_classic:/home/admin/ros2_ws/install/robotnik_description:/home/admin/ros2_ws/install/robotnik_sensors:/home/admin/ros2_ws/install/robotnik_interfaces:/home/admin/ros2_ws/install/robotnik_safety_msgs:/home/admin/ros2_ws/install/robotnik_perception_msgs:/home/admin/ros2_ws/install/robotnik_navigation_msgs:/home/admin/ros2_ws/install/robotnik_io_msgs:/home/admin/ros2_ws/install/robotnik_controllers_msgs:/home/admin/ros2_ws/install/robotnik_common:/home/admin/ros2_ws/install/robotnik_battery_msgs:/home/admin/ros2_ws/install/custom_gz:/opt/ros/humble LD_LIBRARY_PATH=/home/admin/ros2_ws/install/robotnik_common_msgs/lib:/home/admin/ros2_ws/install/robotnik_supervisor_msgs/lib:/home/admin/ros2_ws/install/robotnik_perception_msgs/lib:/home/admin/ros2_ws/install/robotnik_navigation_msgs/lib:/home/admin/ros2_ws/install/robotnik_io_msgs/lib:/home/admin/ros2_ws/install/robotnik_controllers_msgs/lib:/home/admin/ros2_ws/install/robotnik_battery_msgs/lib:/usr/lib/x86_64-linux-gnu/gazebo-11/plugins:/opt/ros/humble/opt/rviz_ogre_vendor/lib:/opt/ros/humble/lib/x86_64-linux-gnu:/opt/ros/humble/lib /usr/bin/cmake --install /home/admin/ros2_ws/build/robotnik_navigation_msgs
[13.121s] -- Install configuration: ""
[13.121s] -- Installing: /home/admin/ros2_ws/install/robotnik_navigation_msgs/share/ament_index/resource_index/rosidl_interfaces/robotnik_navigation_msgs
[13.121s] -- Installing: /home/admin/ros2_ws/install/robotnik_navigation_msgs/include/robotnik_navigation_msgs/robotnik_navigation_msgs
[13.122s] -- Installing: /home/admin/ros2_ws/install/robotnik_navigation_msgs/include/robotnik_navigation_msgs/robotnik_navigation_msgs/action
[13.122s] -- Installing: /home/admin/ros2_ws/install/robotnik_navigation_msgs/include/robotnik_navigation_msgs/robotnik_navigation_msgs/action/detail
[13.122s] -- Installing: /home/admin/ros2_ws/install/robotnik_navigation_msgs/include/robotnik_navigation_msgs/robotnik_navigation_msgs/action/detail/dock__functions.h
[13.122s] -- Installing: /home/admin/ros2_ws/install/robotnik_navigation_msgs/include/robotnik_navigation_msgs/robotnik_navigation_msgs/action/detail/move__struct.h
[13.122s] -- Installing: /home/admin/ros2_ws/install/robotnik_navigation_msgs/include/robotnik_navigation_msgs/robotnik_navigation_msgs/action/detail/move__type_support.h
[13.122s] -- Installing: /home/admin/ros2_ws/install/robotnik_navigation_msgs/include/robotnik_navigation_msgs/robotnik_navigation_msgs/action/detail/move__functions.h
[13.122s] -- Installing: /home/admin/ros2_ws/install/robotnik_navigation_msgs/include/robotnik_navigation_msgs/robotnik_navigation_msgs/action/detail/move__functions.c
[13.122s] -- Installing: /home/admin/ros2_ws/install/robotnik_navigation_msgs/include/robotnik_navigation_msgs/robotnik_navigation_msgs/action/detail/dock__struct.h
[13.122s] -- Installing: /home/admin/ros2_ws/install/robotnik_navigation_msgs/include/robotnik_navigation_msgs/robotnik_navigation_msgs/action/detail/dock__type_support.h
[13.122s] -- Installing: /home/admin/ros2_ws/install/robotnik_navigation_msgs/include/robotnik_navigation_msgs/robotnik_navigation_msgs/action/detail/dock__functions.c
[13.122s] -- Installing: /home/admin/ros2_ws/install/robotnik_navigation_msgs/include/robotnik_navigation_msgs/robotnik_navigation_msgs/action/move.h
[13.123s] -- Installing: /home/admin/ros2_ws/install/robotnik_navigation_msgs/include/robotnik_navigation_msgs/robotnik_navigation_msgs/action/dock.h
[13.123s] -- Installing: /home/admin/ros2_ws/install/robotnik_navigation_msgs/include/robotnik_navigation_msgs/robotnik_navigation_msgs/msg
[13.123s] -- Installing: /home/admin/ros2_ws/install/robotnik_navigation_msgs/include/robotnik_navigation_msgs/robotnik_navigation_msgs/msg/rosidl_generator_c__visibility_control.h
[13.123s] -- Installing: /home/admin/ros2_ws/install/robotnik_navigation_msgs/share/robotnik_navigation_msgs/environment/library_path.sh
[13.123s] -- Installing: /home/admin/ros2_ws/install/robotnik_navigation_msgs/share/robotnik_navigation_msgs/environment/library_path.dsv
[13.123s] -- Installing: /home/admin/ros2_ws/install/robotnik_navigation_msgs/lib/librobotnik_navigation_msgs__rosidl_generator_c.so
[13.123s] -- Set runtime path of "/home/admin/ros2_ws/install/robotnik_navigation_msgs/lib/librobotnik_navigation_msgs__rosidl_generator_c.so" to ""
[13.123s] -- Up-to-date: /home/admin/ros2_ws/install/robotnik_navigation_msgs/include/robotnik_navigation_msgs/robotnik_navigation_msgs
[13.123s] -- Up-to-date: /home/admin/ros2_ws/install/robotnik_navigation_msgs/include/robotnik_navigation_msgs/robotnik_navigation_msgs/action
[13.123s] -- Up-to-date: /home/admin/ros2_ws/install/robotnik_navigation_msgs/include/robotnik_navigation_msgs/robotnik_navigation_msgs/action/detail
[13.123s] -- Installing: /home/admin/ros2_ws/install/robotnik_navigation_msgs/include/robotnik_navigation_msgs/robotnik_navigation_msgs/action/detail/move__rosidl_typesupport_fastrtps_c.h
[13.124s] -- Installing: /home/admin/ros2_ws/install/robotnik_navigation_msgs/include/robotnik_navigation_msgs/robotnik_navigation_msgs/action/detail/dock__rosidl_typesupport_fastrtps_c.h
[13.124s] -- Up-to-date: /home/admin/ros2_ws/install/robotnik_navigation_msgs/include/robotnik_navigation_msgs/robotnik_navigation_msgs/msg
[13.124s] -- Installing: /home/admin/ros2_ws/install/robotnik_navigation_msgs/include/robotnik_navigation_msgs/robotnik_navigation_msgs/msg/rosidl_typesupport_fastrtps_c__visibility_control.h
[13.124s] -- Installing: /home/admin/ros2_ws/install/robotnik_navigation_msgs/lib/librobotnik_navigation_msgs__rosidl_typesupport_fastrtps_c.so
[13.124s] -- Set runtime path of "/home/admin/ros2_ws/install/robotnik_navigation_msgs/lib/librobotnik_navigation_msgs__rosidl_typesupport_fastrtps_c.so" to ""
[13.124s] -- Up-to-date: /home/admin/ros2_ws/install/robotnik_navigation_msgs/include/robotnik_navigation_msgs/robotnik_navigation_msgs
[13.124s] -- Up-to-date: /home/admin/ros2_ws/install/robotnik_navigation_msgs/include/robotnik_navigation_msgs/robotnik_navigation_msgs/action
[13.124s] -- Up-to-date: /home/admin/ros2_ws/install/robotnik_navigation_msgs/include/robotnik_navigation_msgs/robotnik_navigation_msgs/action/detail
[13.124s] -- Installing: /home/admin/ros2_ws/install/robotnik_navigation_msgs/include/robotnik_navigation_msgs/robotnik_navigation_msgs/action/detail/move__type_support.hpp
[13.124s] -- Installing: /home/admin/ros2_ws/install/robotnik_navigation_msgs/include/robotnik_navigation_msgs/robotnik_navigation_msgs/action/detail/dock__struct.hpp
[13.124s] -- Installing: /home/admin/ros2_ws/install/robotnik_navigation_msgs/include/robotnik_navigation_msgs/robotnik_navigation_msgs/action/detail/dock__traits.hpp
[13.124s] -- Installing: /home/admin/ros2_ws/install/robotnik_navigation_msgs/include/robotnik_navigation_msgs/robotnik_navigation_msgs/action/detail/move__traits.hpp
[13.125s] -- Installing: /home/admin/ros2_ws/install/robotnik_navigation_msgs/include/robotnik_navigation_msgs/robotnik_navigation_msgs/action/detail/move__struct.hpp
[13.125s] -- Installing: /home/admin/ros2_ws/install/robotnik_navigation_msgs/include/robotnik_navigation_msgs/robotnik_navigation_msgs/action/detail/move__builder.hpp
[13.125s] -- Installing: /home/admin/ros2_ws/install/robotnik_navigation_msgs/include/robotnik_navigation_msgs/robotnik_navigation_msgs/action/detail/dock__builder.hpp
[13.125s] -- Installing: /home/admin/ros2_ws/install/robotnik_navigation_msgs/include/robotnik_navigation_msgs/robotnik_navigation_msgs/action/detail/dock__type_support.hpp
[13.125s] -- Installing: /home/admin/ros2_ws/install/robotnik_navigation_msgs/include/robotnik_navigation_msgs/robotnik_navigation_msgs/action/dock.hpp
[13.125s] -- Installing: /home/admin/ros2_ws/install/robotnik_navigation_msgs/include/robotnik_navigation_msgs/robotnik_navigation_msgs/action/move.hpp
[13.125s] -- Up-to-date: /home/admin/ros2_ws/install/robotnik_navigation_msgs/include/robotnik_navigation_msgs/robotnik_navigation_msgs/msg
[13.125s] -- Installing: /home/admin/ros2_ws/install/robotnik_navigation_msgs/include/robotnik_navigation_msgs/robotnik_navigation_msgs/msg/rosidl_generator_cpp__visibility_control.hpp
[13.125s] -- Up-to-date: /home/admin/ros2_ws/install/robotnik_navigation_msgs/include/robotnik_navigation_msgs/robotnik_navigation_msgs
[13.125s] -- Up-to-date: /home/admin/ros2_ws/install/robotnik_navigation_msgs/include/robotnik_navigation_msgs/robotnik_navigation_msgs/action
[13.125s] -- Up-to-date: /home/admin/ros2_ws/install/robotnik_navigation_msgs/include/robotnik_navigation_msgs/robotnik_navigation_msgs/action/detail
[13.125s] -- Installing: /home/admin/ros2_ws/install/robotnik_navigation_msgs/include/robotnik_navigation_msgs/robotnik_navigation_msgs/action/detail/dock__rosidl_typesupport_fastrtps_cpp.hpp
[13.125s] -- Installing: /home/admin/ros2_ws/install/robotnik_navigation_msgs/include/robotnik_navigation_msgs/robotnik_navigation_msgs/action/detail/dds_fastrtps
[13.126s] -- Installing: /home/admin/ros2_ws/install/robotnik_navigation_msgs/include/robotnik_navigation_msgs/robotnik_navigation_msgs/action/detail/move__rosidl_typesupport_fastrtps_cpp.hpp
[13.126s] -- Up-to-date: /home/admin/ros2_ws/install/robotnik_navigation_msgs/include/robotnik_navigation_msgs/robotnik_navigation_msgs/msg
[13.126s] -- Installing: /home/admin/ros2_ws/install/robotnik_navigation_msgs/include/robotnik_navigation_msgs/robotnik_navigation_msgs/msg/rosidl_typesupport_fastrtps_cpp__visibility_control.h
[13.126s] -- Installing: /home/admin/ros2_ws/install/robotnik_navigation_msgs/lib/librobotnik_navigation_msgs__rosidl_typesupport_fastrtps_cpp.so
[13.126s] -- Set runtime path of "/home/admin/ros2_ws/install/robotnik_navigation_msgs/lib/librobotnik_navigation_msgs__rosidl_typesupport_fastrtps_cpp.so" to ""
[13.126s] -- Up-to-date: /home/admin/ros2_ws/install/robotnik_navigation_msgs/include/robotnik_navigation_msgs/robotnik_navigation_msgs
[13.126s] -- Up-to-date: /home/admin/ros2_ws/install/robotnik_navigation_msgs/include/robotnik_navigation_msgs/robotnik_navigation_msgs/action
[13.126s] -- Up-to-date: /home/admin/ros2_ws/install/robotnik_navigation_msgs/include/robotnik_navigation_msgs/robotnik_navigation_msgs/action/detail
[13.126s] -- Installing: /home/admin/ros2_ws/install/robotnik_navigation_msgs/include/robotnik_navigation_msgs/robotnik_navigation_msgs/action/detail/dock__rosidl_typesupport_introspection_c.h
[13.126s] -- Installing: /home/admin/ros2_ws/install/robotnik_navigation_msgs/include/robotnik_navigation_msgs/robotnik_navigation_msgs/action/detail/move__type_support.c
[13.126s] -- Installing: /home/admin/ros2_ws/install/robotnik_navigation_msgs/include/robotnik_navigation_msgs/robotnik_navigation_msgs/action/detail/dock__type_support.c
[13.126s] -- Installing: /home/admin/ros2_ws/install/robotnik_navigation_msgs/include/robotnik_navigation_msgs/robotnik_navigation_msgs/action/detail/move__rosidl_typesupport_introspection_c.h
[13.126s] -- Up-to-date: /home/admin/ros2_ws/install/robotnik_navigation_msgs/include/robotnik_navigation_msgs/robotnik_navigation_msgs/msg
[13.126s] -- Installing: /home/admin/ros2_ws/install/robotnik_navigation_msgs/include/robotnik_navigation_msgs/robotnik_navigation_msgs/msg/rosidl_typesupport_introspection_c__visibility_control.h
[13.126s] -- Installing: /home/admin/ros2_ws/install/robotnik_navigation_msgs/lib/librobotnik_navigation_msgs__rosidl_typesupport_introspection_c.so
[13.126s] -- Set runtime path of "/home/admin/ros2_ws/install/robotnik_navigation_msgs/lib/librobotnik_navigation_msgs__rosidl_typesupport_introspection_c.so" to ""
[13.126s] -- Installing: /home/admin/ros2_ws/install/robotnik_navigation_msgs/lib/librobotnik_navigation_msgs__rosidl_typesupport_c.so
[13.127s] -- Set runtime path of "/home/admin/ros2_ws/install/robotnik_navigation_msgs/lib/librobotnik_navigation_msgs__rosidl_typesupport_c.so" to ""
[13.127s] -- Up-to-date: /home/admin/ros2_ws/install/robotnik_navigation_msgs/include/robotnik_navigation_msgs/robotnik_navigation_msgs
[13.127s] -- Up-to-date: /home/admin/ros2_ws/install/robotnik_navigation_msgs/include/robotnik_navigation_msgs/robotnik_navigation_msgs/action
[13.127s] -- Up-to-date: /home/admin/ros2_ws/install/robotnik_navigation_msgs/include/robotnik_navigation_msgs/robotnik_navigation_msgs/action/detail
[13.127s] -- Installing: /home/admin/ros2_ws/install/robotnik_navigation_msgs/include/robotnik_navigation_msgs/robotnik_navigation_msgs/action/detail/move__rosidl_typesupport_introspection_cpp.hpp
[13.127s] -- Installing: /home/admin/ros2_ws/install/robotnik_navigation_msgs/include/robotnik_navigation_msgs/robotnik_navigation_msgs/action/detail/dock__rosidl_typesupport_introspection_cpp.hpp
[13.127s] -- Installing: /home/admin/ros2_ws/install/robotnik_navigation_msgs/include/robotnik_navigation_msgs/robotnik_navigation_msgs/action/detail/move__type_support.cpp
[13.127s] -- Installing: /home/admin/ros2_ws/install/robotnik_navigation_msgs/include/robotnik_navigation_msgs/robotnik_navigation_msgs/action/detail/dock__type_support.cpp
[13.127s] -- Installing: /home/admin/ros2_ws/install/robotnik_navigation_msgs/lib/librobotnik_navigation_msgs__rosidl_typesupport_introspection_cpp.so
[13.128s] -- Set runtime path of "/home/admin/ros2_ws/install/robotnik_navigation_msgs/lib/librobotnik_navigation_msgs__rosidl_typesupport_introspection_cpp.so" to ""
[13.128s] -- Installing: /home/admin/ros2_ws/install/robotnik_navigation_msgs/lib/librobotnik_navigation_msgs__rosidl_typesupport_cpp.so
[13.129s] -- Set runtime path of "/home/admin/ros2_ws/install/robotnik_navigation_msgs/lib/librobotnik_navigation_msgs__rosidl_typesupport_cpp.so" to ""
[13.129s] -- Installing: /home/admin/ros2_ws/install/robotnik_navigation_msgs/share/robotnik_navigation_msgs/environment/pythonpath.sh
[13.130s] -- Installing: /home/admin/ros2_ws/install/robotnik_navigation_msgs/share/robotnik_navigation_msgs/environment/pythonpath.dsv
[13.130s] -- Installing: /home/admin/ros2_ws/install/robotnik_navigation_msgs/local/lib/python3.10/dist-packages/robotnik_navigation_msgs-1.0.0-py3.10.egg-info
[13.130s] -- Installing: /home/admin/ros2_ws/install/robotnik_navigation_msgs/local/lib/python3.10/dist-packages/robotnik_navigation_msgs-1.0.0-py3.10.egg-info/PKG-INFO
[13.130s] -- Installing: /home/admin/ros2_ws/install/robotnik_navigation_msgs/local/lib/python3.10/dist-packages/robotnik_navigation_msgs-1.0.0-py3.10.egg-info/SOURCES.txt
[13.130s] -- Installing: /home/admin/ros2_ws/install/robotnik_navigation_msgs/local/lib/python3.10/dist-packages/robotnik_navigation_msgs-1.0.0-py3.10.egg-info/dependency_links.txt
[13.130s] -- Installing: /home/admin/ros2_ws/install/robotnik_navigation_msgs/local/lib/python3.10/dist-packages/robotnik_navigation_msgs-1.0.0-py3.10.egg-info/top_level.txt
[13.130s] -- Installing: /home/admin/ros2_ws/install/robotnik_navigation_msgs/local/lib/python3.10/dist-packages/robotnik_navigation_msgs
[13.131s] -- Installing: /home/admin/ros2_ws/install/robotnik_navigation_msgs/local/lib/python3.10/dist-packages/robotnik_navigation_msgs/action
[13.131s] -- Installing: /home/admin/ros2_ws/install/robotnik_navigation_msgs/local/lib/python3.10/dist-packages/robotnik_navigation_msgs/action/_dock_s.c
[13.131s] -- Installing: /home/admin/ros2_ws/install/robotnik_navigation_msgs/local/lib/python3.10/dist-packages/robotnik_navigation_msgs/action/_dock.py
[13.131s] -- Installing: /home/admin/ros2_ws/install/robotnik_navigation_msgs/local/lib/python3.10/dist-packages/robotnik_navigation_msgs/action/__init__.py
[13.131s] -- Installing: /home/admin/ros2_ws/install/robotnik_navigation_msgs/local/lib/python3.10/dist-packages/robotnik_navigation_msgs/action/_move_s.c
[13.131s] -- Installing: /home/admin/ros2_ws/install/robotnik_navigation_msgs/local/lib/python3.10/dist-packages/robotnik_navigation_msgs/action/_move.py
[13.131s] -- Installing: /home/admin/ros2_ws/install/robotnik_navigation_msgs/local/lib/python3.10/dist-packages/robotnik_navigation_msgs/_robotnik_navigation_msgs_s.ep.rosidl_typesupport_c.c
[13.131s] -- Installing: /home/admin/ros2_ws/install/robotnik_navigation_msgs/local/lib/python3.10/dist-packages/robotnik_navigation_msgs/_robotnik_navigation_msgs_s.ep.rosidl_typesupport_fastrtps_c.c
[13.131s] -- Installing: /home/admin/ros2_ws/install/robotnik_navigation_msgs/local/lib/python3.10/dist-packages/robotnik_navigation_msgs/__init__.py
[13.131s] -- Installing: /home/admin/ros2_ws/install/robotnik_navigation_msgs/local/lib/python3.10/dist-packages/robotnik_navigation_msgs/robotnik_navigation_msgs_s__rosidl_typesupport_fastrtps_c.cpython-310-x86_64-linux-gnu.so
[13.131s] -- Installing: /home/admin/ros2_ws/install/robotnik_navigation_msgs/local/lib/python3.10/dist-packages/robotnik_navigation_msgs/robotnik_navigation_msgs_s__rosidl_typesupport_introspection_c.cpython-310-x86_64-linux-gnu.so
[13.131s] -- Installing: /home/admin/ros2_ws/install/robotnik_navigation_msgs/local/lib/python3.10/dist-packages/robotnik_navigation_msgs/librobotnik_navigation_msgs__rosidl_generator_py.so
[13.131s] -- Installing: /home/admin/ros2_ws/install/robotnik_navigation_msgs/local/lib/python3.10/dist-packages/robotnik_navigation_msgs/_robotnik_navigation_msgs_s.ep.rosidl_typesupport_introspection_c.c
[13.132s] -- Installing: /home/admin/ros2_ws/install/robotnik_navigation_msgs/local/lib/python3.10/dist-packages/robotnik_navigation_msgs/robotnik_navigation_msgs_s__rosidl_typesupport_c.cpython-310-x86_64-linux-gnu.so
[13.197s] Listing '/home/admin/ros2_ws/install/robotnik_navigation_msgs/local/lib/python3.10/dist-packages/robotnik_navigation_msgs'...
[13.197s] Compiling '/home/admin/ros2_ws/install/robotnik_navigation_msgs/local/lib/python3.10/dist-packages/robotnik_navigation_msgs/__init__.py'...
[13.197s] Listing '/home/admin/ros2_ws/install/robotnik_navigation_msgs/local/lib/python3.10/dist-packages/robotnik_navigation_msgs/action'...
[13.197s] Compiling '/home/admin/ros2_ws/install/robotnik_navigation_msgs/local/lib/python3.10/dist-packages/robotnik_navigation_msgs/action/__init__.py'...
[13.197s] Compiling '/home/admin/ros2_ws/install/robotnik_navigation_msgs/local/lib/python3.10/dist-packages/robotnik_navigation_msgs/action/_dock.py'...
[13.197s] Compiling '/home/admin/ros2_ws/install/robotnik_navigation_msgs/local/lib/python3.10/dist-packages/robotnik_navigation_msgs/action/_move.py'...
[13.202s] -- Installing: /home/admin/ros2_ws/install/robotnik_navigation_msgs/local/lib/python3.10/dist-packages/robotnik_navigation_msgs/robotnik_navigation_msgs_s__rosidl_typesupport_fastrtps_c.cpython-310-x86_64-linux-gnu.so
[13.202s] -- Set runtime path of "/home/admin/ros2_ws/install/robotnik_navigation_msgs/local/lib/python3.10/dist-packages/robotnik_navigation_msgs/robotnik_navigation_msgs_s__rosidl_typesupport_fastrtps_c.cpython-310-x86_64-linux-gnu.so" to ""
[13.202s] -- Installing: /home/admin/ros2_ws/install/robotnik_navigation_msgs/local/lib/python3.10/dist-packages/robotnik_navigation_msgs/robotnik_navigation_msgs_s__rosidl_typesupport_introspection_c.cpython-310-x86_64-linux-gnu.so
[13.202s] -- Set runtime path of "/home/admin/ros2_ws/install/robotnik_navigation_msgs/local/lib/python3.10/dist-packages/robotnik_navigation_msgs/robotnik_navigation_msgs_s__rosidl_typesupport_introspection_c.cpython-310-x86_64-linux-gnu.so" to ""
[13.202s] -- Installing: /home/admin/ros2_ws/install/robotnik_navigation_msgs/local/lib/python3.10/dist-packages/robotnik_navigation_msgs/robotnik_navigation_msgs_s__rosidl_typesupport_c.cpython-310-x86_64-linux-gnu.so
[13.203s] -- Set runtime path of "/home/admin/ros2_ws/install/robotnik_navigation_msgs/local/lib/python3.10/dist-packages/robotnik_navigation_msgs/robotnik_navigation_msgs_s__rosidl_typesupport_c.cpython-310-x86_64-linux-gnu.so" to ""
[13.203s] -- Installing: /home/admin/ros2_ws/install/robotnik_navigation_msgs/lib/librobotnik_navigation_msgs__rosidl_generator_py.so
[13.203s] -- Set runtime path of "/home/admin/ros2_ws/install/robotnik_navigation_msgs/lib/librobotnik_navigation_msgs__rosidl_generator_py.so" to ""
[13.203s] -- Installing: /home/admin/ros2_ws/install/robotnik_navigation_msgs/share/robotnik_navigation_msgs/action/Dock.idl
[13.203s] -- Installing: /home/admin/ros2_ws/install/robotnik_navigation_msgs/share/robotnik_navigation_msgs/action/Move.idl
[13.203s] -- Installing: /home/admin/ros2_ws/install/robotnik_navigation_msgs/share/robotnik_navigation_msgs/action/Dock.action
[13.203s] -- Installing: /home/admin/ros2_ws/install/robotnik_navigation_msgs/share/robotnik_navigation_msgs/action/Move.action
[13.203s] -- Installing: /home/admin/ros2_ws/install/robotnik_navigation_msgs/share/ament_index/resource_index/package_run_dependencies/robotnik_navigation_msgs
[13.203s] -- Installing: /home/admin/ros2_ws/install/robotnik_navigation_msgs/share/ament_index/resource_index/parent_prefix_path/robotnik_navigation_msgs
[13.203s] -- Installing: /home/admin/ros2_ws/install/robotnik_navigation_msgs/share/robotnik_navigation_msgs/environment/ament_prefix_path.sh
[13.204s] -- Installing: /home/admin/ros2_ws/install/robotnik_navigation_msgs/share/robotnik_navigation_msgs/environment/ament_prefix_path.dsv
[13.204s] -- Installing: /home/admin/ros2_ws/install/robotnik_navigation_msgs/share/robotnik_navigation_msgs/environment/path.sh
[13.204s] -- Installing: /home/admin/ros2_ws/install/robotnik_navigation_msgs/share/robotnik_navigation_msgs/environment/path.dsv
[13.204s] -- Installing: /home/admin/ros2_ws/install/robotnik_navigation_msgs/share/robotnik_navigation_msgs/local_setup.bash
[13.204s] -- Installing: /home/admin/ros2_ws/install/robotnik_navigation_msgs/share/robotnik_navigation_msgs/local_setup.sh
[13.204s] -- Installing: /home/admin/ros2_ws/install/robotnik_navigation_msgs/share/robotnik_navigation_msgs/local_setup.zsh
[13.204s] -- Installing: /home/admin/ros2_ws/install/robotnik_navigation_msgs/share/robotnik_navigation_msgs/local_setup.dsv
[13.204s] -- Installing: /home/admin/ros2_ws/install/robotnik_navigation_msgs/share/robotnik_navigation_msgs/package.dsv
[13.204s] -- Installing: /home/admin/ros2_ws/install/robotnik_navigation_msgs/share/ament_index/resource_index/packages/robotnik_navigation_msgs
[13.204s] -- Installing: /home/admin/ros2_ws/install/robotnik_navigation_msgs/share/robotnik_navigation_msgs/cmake/export_robotnik_navigation_msgs__rosidl_generator_cExport.cmake
[13.205s] -- Installing: /home/admin/ros2_ws/install/robotnik_navigation_msgs/share/robotnik_navigation_msgs/cmake/export_robotnik_navigation_msgs__rosidl_generator_cExport-noconfig.cmake
[13.205s] -- Installing: /home/admin/ros2_ws/install/robotnik_navigation_msgs/share/robotnik_navigation_msgs/cmake/export_robotnik_navigation_msgs__rosidl_typesupport_fastrtps_cExport.cmake
[13.205s] -- Installing: /home/admin/ros2_ws/install/robotnik_navigation_msgs/share/robotnik_navigation_msgs/cmake/export_robotnik_navigation_msgs__rosidl_typesupport_fastrtps_cExport-noconfig.cmake
[13.205s] -- Installing: /home/admin/ros2_ws/install/robotnik_navigation_msgs/share/robotnik_navigation_msgs/cmake/export_robotnik_navigation_msgs__rosidl_generator_cppExport.cmake
[13.205s] -- Installing: /home/admin/ros2_ws/install/robotnik_navigation_msgs/share/robotnik_navigation_msgs/cmake/export_robotnik_navigation_msgs__rosidl_typesupport_fastrtps_cppExport.cmake
[13.205s] -- Installing: /home/admin/ros2_ws/install/robotnik_navigation_msgs/share/robotnik_navigation_msgs/cmake/export_robotnik_navigation_msgs__rosidl_typesupport_fastrtps_cppExport-noconfig.cmake
[13.206s] -- Installing: /home/admin/ros2_ws/install/robotnik_navigation_msgs/share/robotnik_navigation_msgs/cmake/robotnik_navigation_msgs__rosidl_typesupport_introspection_cExport.cmake
[13.206s] -- Installing: /home/admin/ros2_ws/install/robotnik_navigation_msgs/share/robotnik_navigation_msgs/cmake/robotnik_navigation_msgs__rosidl_typesupport_introspection_cExport-noconfig.cmake
[13.206s] -- Installing: /home/admin/ros2_ws/install/robotnik_navigation_msgs/share/robotnik_navigation_msgs/cmake/robotnik_navigation_msgs__rosidl_typesupport_cExport.cmake
[13.206s] -- Installing: /home/admin/ros2_ws/install/robotnik_navigation_msgs/share/robotnik_navigation_msgs/cmake/robotnik_navigation_msgs__rosidl_typesupport_cExport-noconfig.cmake
[13.206s] -- Installing: /home/admin/ros2_ws/install/robotnik_navigation_msgs/share/robotnik_navigation_msgs/cmake/robotnik_navigation_msgs__rosidl_typesupport_introspection_cppExport.cmake
[13.206s] -- Installing: /home/admin/ros2_ws/install/robotnik_navigation_msgs/share/robotnik_navigation_msgs/cmake/robotnik_navigation_msgs__rosidl_typesupport_introspection_cppExport-noconfig.cmake
[13.206s] -- Installing: /home/admin/ros2_ws/install/robotnik_navigation_msgs/share/robotnik_navigation_msgs/cmake/robotnik_navigation_msgs__rosidl_typesupport_cppExport.cmake
[13.207s] -- Installing: /home/admin/ros2_ws/install/robotnik_navigation_msgs/share/robotnik_navigation_msgs/cmake/robotnik_navigation_msgs__rosidl_typesupport_cppExport-noconfig.cmake
[13.207s] -- Installing: /home/admin/ros2_ws/install/robotnik_navigation_msgs/share/robotnik_navigation_msgs/cmake/export_robotnik_navigation_msgs__rosidl_generator_pyExport.cmake
[13.207s] -- Installing: /home/admin/ros2_ws/install/robotnik_navigation_msgs/share/robotnik_navigation_msgs/cmake/export_robotnik_navigation_msgs__rosidl_generator_pyExport-noconfig.cmake
[13.207s] -- Installing: /home/admin/ros2_ws/install/robotnik_navigation_msgs/share/robotnik_navigation_msgs/cmake/rosidl_cmake-extras.cmake
[13.207s] -- Installing: /home/admin/ros2_ws/install/robotnik_navigation_msgs/share/robotnik_navigation_msgs/cmake/ament_cmake_export_dependencies-extras.cmake
[13.207s] -- Installing: /home/admin/ros2_ws/install/robotnik_navigation_msgs/share/robotnik_navigation_msgs/cmake/ament_cmake_export_include_directories-extras.cmake
[13.207s] -- Installing: /home/admin/ros2_ws/install/robotnik_navigation_msgs/share/robotnik_navigation_msgs/cmake/ament_cmake_export_libraries-extras.cmake
[13.207s] -- Installing: /home/admin/ros2_ws/install/robotnik_navigation_msgs/share/robotnik_navigation_msgs/cmake/ament_cmake_export_targets-extras.cmake
[13.207s] -- Installing: /home/admin/ros2_ws/install/robotnik_navigation_msgs/share/robotnik_navigation_msgs/cmake/rosidl_cmake_export_typesupport_targets-extras.cmake
[13.208s] -- Installing: /home/admin/ros2_ws/install/robotnik_navigation_msgs/share/robotnik_navigation_msgs/cmake/rosidl_cmake_export_typesupport_libraries-extras.cmake
[13.208s] -- Installing: /home/admin/ros2_ws/install/robotnik_navigation_msgs/share/robotnik_navigation_msgs/cmake/robotnik_navigation_msgsConfig.cmake
[13.208s] -- Installing: /home/admin/ros2_ws/install/robotnik_navigation_msgs/share/robotnik_navigation_msgs/cmake/robotnik_navigation_msgsConfig-version.cmake
[13.208s] -- Installing: /home/admin/ros2_ws/install/robotnik_navigation_msgs/share/robotnik_navigation_msgs/package.xml
[13.209s] Invoked command in '/home/admin/ros2_ws/build/robotnik_navigation_msgs' returned '0': CMAKE_PREFIX_PATH=/home/admin/ros2_ws/install/robotnik_common_msgs:/home/admin/ros2_ws/install/robotnik_supervisor_msgs:/home/admin/ros2_ws/install/robotnik_gazebo_ignition:/home/admin/ros2_ws/install/robotnik_gazebo_classic:/home/admin/ros2_ws/install/robotnik_description:/home/admin/ros2_ws/install/robotnik_sensors:/home/admin/ros2_ws/install/robotnik_interfaces:/home/admin/ros2_ws/install/robotnik_safety_msgs:/home/admin/ros2_ws/install/robotnik_perception_msgs:/home/admin/ros2_ws/install/robotnik_navigation_msgs:/home/admin/ros2_ws/install/robotnik_io_msgs:/home/admin/ros2_ws/install/robotnik_controllers_msgs:/home/admin/ros2_ws/install/robotnik_common:/home/admin/ros2_ws/install/robotnik_battery_msgs:/home/admin/ros2_ws/install/custom_gz:/opt/ros/humble LD_LIBRARY_PATH=/home/admin/ros2_ws/install/robotnik_common_msgs/lib:/home/admin/ros2_ws/install/robotnik_supervisor_msgs/lib:/home/admin/ros2_ws/install/robotnik_perception_msgs/lib:/home/admin/ros2_ws/install/robotnik_navigation_msgs/lib:/home/admin/ros2_ws/install/robotnik_io_msgs/lib:/home/admin/ros2_ws/install/robotnik_controllers_msgs/lib:/home/admin/ros2_ws/install/robotnik_battery_msgs/lib:/usr/lib/x86_64-linux-gnu/gazebo-11/plugins:/opt/ros/humble/opt/rviz_ogre_vendor/lib:/opt/ros/humble/lib/x86_64-linux-gnu:/opt/ros/humble/lib /usr/bin/cmake --install /home/admin/ros2_ws/build/robotnik_navigation_msgs
