[0.017s] Invoking command in '/home/admin/ros2_ws/build/robotnik_gazebo_classic': CMAKE_PREFIX_PATH=/home/admin/ros2_ws/install/robotnik_description:/home/admin/ros2_ws/install/robotnik_sensors:/home/admin/ros2_ws/install/robotnik_common:/home/admin/ros2_ws/install/robotnik_supervisor_msgs:/home/admin/ros2_ws/install/robotnik_gazebo_ignition:/home/admin/ros2_ws/install/robotnik_gazebo_classic:/home/admin/ros2_ws/install/robotnik_interfaces:/home/admin/ros2_ws/install/robotnik_perception_msgs:/home/admin/ros2_ws/install/robotnik_navigation_msgs:/home/admin/ros2_ws/install/robotnik_io_msgs:/home/admin/ros2_ws/install/robotnik_controllers_msgs:/home/admin/ros2_ws/install/robotnik_common_msgs:/home/admin/ros2_ws/install/robotnik_battery_msgs:/home/admin/ros2_ws/install/robotnik_safety_msgs:/home/admin/ros2_ws/install/rbvogui_cartographer:/opt/ros/humble /usr/bin/cmake --build /home/admin/ros2_ws/build/robotnik_gazebo_classic -- -j20 -l20
[0.047s] Invoked command in '/home/admin/ros2_ws/build/robotnik_gazebo_classic' returned '0': CMAKE_PREFIX_PATH=/home/admin/ros2_ws/install/robotnik_description:/home/admin/ros2_ws/install/robotnik_sensors:/home/admin/ros2_ws/install/robotnik_common:/home/admin/ros2_ws/install/robotnik_supervisor_msgs:/home/admin/ros2_ws/install/robotnik_gazebo_ignition:/home/admin/ros2_ws/install/robotnik_gazebo_classic:/home/admin/ros2_ws/install/robotnik_interfaces:/home/admin/ros2_ws/install/robotnik_perception_msgs:/home/admin/ros2_ws/install/robotnik_navigation_msgs:/home/admin/ros2_ws/install/robotnik_io_msgs:/home/admin/ros2_ws/install/robotnik_controllers_msgs:/home/admin/ros2_ws/install/robotnik_common_msgs:/home/admin/ros2_ws/install/robotnik_battery_msgs:/home/admin/ros2_ws/install/robotnik_safety_msgs:/home/admin/ros2_ws/install/rbvogui_cartographer:/opt/ros/humble /usr/bin/cmake --build /home/admin/ros2_ws/build/robotnik_gazebo_classic -- -j20 -l20
[0.049s] Invoking command in '/home/admin/ros2_ws/build/robotnik_gazebo_classic': CMAKE_PREFIX_PATH=/home/admin/ros2_ws/install/robotnik_description:/home/admin/ros2_ws/install/robotnik_sensors:/home/admin/ros2_ws/install/robotnik_common:/home/admin/ros2_ws/install/robotnik_supervisor_msgs:/home/admin/ros2_ws/install/robotnik_gazebo_ignition:/home/admin/ros2_ws/install/robotnik_gazebo_classic:/home/admin/ros2_ws/install/robotnik_interfaces:/home/admin/ros2_ws/install/robotnik_perception_msgs:/home/admin/ros2_ws/install/robotnik_navigation_msgs:/home/admin/ros2_ws/install/robotnik_io_msgs:/home/admin/ros2_ws/install/robotnik_controllers_msgs:/home/admin/ros2_ws/install/robotnik_common_msgs:/home/admin/ros2_ws/install/robotnik_battery_msgs:/home/admin/ros2_ws/install/robotnik_safety_msgs:/home/admin/ros2_ws/install/rbvogui_cartographer:/opt/ros/humble /usr/bin/cmake --install /home/admin/ros2_ws/build/robotnik_gazebo_classic
[0.060s] -- Install configuration: ""
[0.060s] -- Up-to-date: /home/admin/ros2_ws/install/robotnik_gazebo_classic/share/robotnik_gazebo_classic//launch
[0.060s] -- Up-to-date: /home/admin/ros2_ws/install/robotnik_gazebo_classic/share/robotnik_gazebo_classic//launch/spawn_robot.launch.py
[0.061s] -- Up-to-date: /home/admin/ros2_ws/install/robotnik_gazebo_classic/share/robotnik_gazebo_classic//launch/spawn_world.launch.py
[0.061s] -- Up-to-date: /home/admin/ros2_ws/install/robotnik_gazebo_classic/share/robotnik_gazebo_classic//worlds
[0.061s] -- Up-to-date: /home/admin/ros2_ws/install/robotnik_gazebo_classic/share/robotnik_gazebo_classic//worlds/demo.world
[0.061s] -- Up-to-date: /home/admin/ros2_ws/install/robotnik_gazebo_classic/share/robotnik_gazebo_classic//worlds/vineyard.world
[0.061s] -- Up-to-date: /home/admin/ros2_ws/install/robotnik_gazebo_classic/share/robotnik_gazebo_classic//worlds/robotnik_lab.world
[0.061s] -- Up-to-date: /home/admin/ros2_ws/install/robotnik_gazebo_classic/share/robotnik_gazebo_classic//worlds/willow_garage.world
[0.061s] -- Up-to-date: /home/admin/ros2_ws/install/robotnik_gazebo_classic/share/robotnik_gazebo_classic//worlds/maze.world
[0.061s] -- Up-to-date: /home/admin/ros2_ws/install/robotnik_gazebo_classic/share/robotnik_gazebo_classic//config
[0.061s] -- Up-to-date: /home/admin/ros2_ws/install/robotnik_gazebo_classic/share/robotnik_gazebo_classic//config/rbsummit
[0.061s] -- Up-to-date: /home/admin/ros2_ws/install/robotnik_gazebo_classic/share/robotnik_gazebo_classic//config/rbsummit/rviz_config.rviz
[0.061s] -- Up-to-date: /home/admin/ros2_ws/install/robotnik_gazebo_classic/share/robotnik_gazebo_classic//config/rbsummit/rbsummit_controller_params.yaml
[0.061s] -- Up-to-date: /home/admin/ros2_ws/install/robotnik_gazebo_classic/share/robotnik_gazebo_classic//config/rbrobout
[0.061s] -- Up-to-date: /home/admin/ros2_ws/install/robotnik_gazebo_classic/share/robotnik_gazebo_classic//config/rbrobout/rviz_config.rviz
[0.061s] -- Up-to-date: /home/admin/ros2_ws/install/robotnik_gazebo_classic/share/robotnik_gazebo_classic//config/rbrobout/rbrobout_controller_params.yaml
[0.061s] -- Up-to-date: /home/admin/ros2_ws/install/robotnik_gazebo_classic/share/robotnik_gazebo_classic//config/rbkairos
[0.062s] -- Up-to-date: /home/admin/ros2_ws/install/robotnik_gazebo_classic/share/robotnik_gazebo_classic//config/rbkairos/rviz_config.rviz
[0.062s] -- Up-to-date: /home/admin/ros2_ws/install/robotnik_gazebo_classic/share/robotnik_gazebo_classic//config/rbkairos/rbkairos_controller_params.yaml
[0.062s] -- Up-to-date: /home/admin/ros2_ws/install/robotnik_gazebo_classic/share/robotnik_gazebo_classic//config/rbtheron
[0.062s] -- Up-to-date: /home/admin/ros2_ws/install/robotnik_gazebo_classic/share/robotnik_gazebo_classic//config/rbtheron/rbtheron_controller_params.yaml
[0.062s] -- Up-to-date: /home/admin/ros2_ws/install/robotnik_gazebo_classic/share/robotnik_gazebo_classic//config/rbtheron/rviz_config.rviz
[0.062s] -- Up-to-date: /home/admin/ros2_ws/install/robotnik_gazebo_classic/share/robotnik_gazebo_classic//config/rbvogui
[0.062s] -- Up-to-date: /home/admin/ros2_ws/install/robotnik_gazebo_classic/share/robotnik_gazebo_classic//config/rbvogui/rbvogui_controller_params.yaml
[0.062s] -- Up-to-date: /home/admin/ros2_ws/install/robotnik_gazebo_classic/share/robotnik_gazebo_classic//config/rbvogui/rviz_config.rviz
[0.062s] -- Up-to-date: /home/admin/ros2_ws/install/robotnik_gazebo_classic/share/ament_index/resource_index/package_run_dependencies/robotnik_gazebo_classic
[0.062s] -- Up-to-date: /home/admin/ros2_ws/install/robotnik_gazebo_classic/share/ament_index/resource_index/parent_prefix_path/robotnik_gazebo_classic
[0.079s] -- Up-to-date: /home/admin/ros2_ws/install/robotnik_gazebo_classic/share/robotnik_gazebo_classic/environment/ament_prefix_path.sh
[0.079s] -- Up-to-date: /home/admin/ros2_ws/install/robotnik_gazebo_classic/share/robotnik_gazebo_classic/environment/ament_prefix_path.dsv
[0.079s] -- Up-to-date: /home/admin/ros2_ws/install/robotnik_gazebo_classic/share/robotnik_gazebo_classic/environment/path.sh
[0.079s] -- Up-to-date: /home/admin/ros2_ws/install/robotnik_gazebo_classic/share/robotnik_gazebo_classic/environment/path.dsv
[0.079s] -- Up-to-date: /home/admin/ros2_ws/install/robotnik_gazebo_classic/share/robotnik_gazebo_classic/local_setup.bash
[0.079s] -- Up-to-date: /home/admin/ros2_ws/install/robotnik_gazebo_classic/share/robotnik_gazebo_classic/local_setup.sh
[0.079s] -- Up-to-date: /home/admin/ros2_ws/install/robotnik_gazebo_classic/share/robotnik_gazebo_classic/local_setup.zsh
[0.079s] -- Up-to-date: /home/admin/ros2_ws/install/robotnik_gazebo_classic/share/robotnik_gazebo_classic/local_setup.dsv
[0.079s] -- Installing: /home/admin/ros2_ws/install/robotnik_gazebo_classic/share/robotnik_gazebo_classic/package.dsv
[0.079s] -- Up-to-date: /home/admin/ros2_ws/install/robotnik_gazebo_classic/share/ament_index/resource_index/packages/robotnik_gazebo_classic
[0.080s] -- Up-to-date: /home/admin/ros2_ws/install/robotnik_gazebo_classic/share/robotnik_gazebo_classic/cmake/robotnik_gazebo_classicConfig.cmake
[0.080s] -- Up-to-date: /home/admin/ros2_ws/install/robotnik_gazebo_classic/share/robotnik_gazebo_classic/cmake/robotnik_gazebo_classicConfig-version.cmake
[0.080s] -- Up-to-date: /home/admin/ros2_ws/install/robotnik_gazebo_classic/share/robotnik_gazebo_classic/package.xml
[0.115s] Invoked command in '/home/admin/ros2_ws/build/robotnik_gazebo_classic' returned '0': CMAKE_PREFIX_PATH=/home/admin/ros2_ws/install/robotnik_description:/home/admin/ros2_ws/install/robotnik_sensors:/home/admin/ros2_ws/install/robotnik_common:/home/admin/ros2_ws/install/robotnik_supervisor_msgs:/home/admin/ros2_ws/install/robotnik_gazebo_ignition:/home/admin/ros2_ws/install/robotnik_gazebo_classic:/home/admin/ros2_ws/install/robotnik_interfaces:/home/admin/ros2_ws/install/robotnik_perception_msgs:/home/admin/ros2_ws/install/robotnik_navigation_msgs:/home/admin/ros2_ws/install/robotnik_io_msgs:/home/admin/ros2_ws/install/robotnik_controllers_msgs:/home/admin/ros2_ws/install/robotnik_common_msgs:/home/admin/ros2_ws/install/robotnik_battery_msgs:/home/admin/ros2_ws/install/robotnik_safety_msgs:/home/admin/ros2_ws/install/rbvogui_cartographer:/opt/ros/humble /usr/bin/cmake --install /home/admin/ros2_ws/build/robotnik_gazebo_classic
