-- Install configuration: ""
-- Up-to-date: /home/admin/ros2_ws/install/robotnik_gazebo_ignition/share/robotnik_gazebo_ignition//launch
-- Up-to-date: /home/admin/ros2_ws/install/robotnik_gazebo_ignition/share/robotnik_gazebo_ignition//launch/spawn_robot.launch.py
-- Up-to-date: /home/admin/ros2_ws/install/robotnik_gazebo_ignition/share/robotnik_gazebo_ignition//launch/spawn_world.launch.py
-- Up-to-date: /home/admin/ros2_ws/install/robotnik_gazebo_ignition/share/robotnik_gazebo_ignition//config
-- Up-to-date: /home/admin/ros2_ws/install/robotnik_gazebo_ignition/share/robotnik_gazebo_ignition//config/rbsummit
-- Up-to-date: /home/admin/ros2_ws/install/robotnik_gazebo_ignition/share/robotnik_gazebo_ignition//config/rbsummit/rviz_config.rviz
-- Up-to-date: /home/admin/ros2_ws/install/robotnik_gazebo_ignition/share/robotnik_gazebo_ignition//config/rbsummit/bridge.yaml
-- Up-to-date: /home/admin/ros2_ws/install/robotnik_gazebo_ignition/share/robotnik_gazebo_ignition//config/rbsummit/rbsummit_controller_params.yaml
-- Up-to-date: /home/admin/ros2_ws/install/robotnik_gazebo_ignition/share/robotnik_gazebo_ignition//config/rbrobout
-- Up-to-date: /home/admin/ros2_ws/install/robotnik_gazebo_ignition/share/robotnik_gazebo_ignition//config/rbrobout/rviz_config.rviz
-- Up-to-date: /home/admin/ros2_ws/install/robotnik_gazebo_ignition/share/robotnik_gazebo_ignition//config/rbrobout/bridge.yaml
-- Up-to-date: /home/admin/ros2_ws/install/robotnik_gazebo_ignition/share/robotnik_gazebo_ignition//config/rbrobout/rbrobout_controller_params.yaml
-- Up-to-date: /home/admin/ros2_ws/install/robotnik_gazebo_ignition/share/robotnik_gazebo_ignition//config/rbkairos
-- Up-to-date: /home/admin/ros2_ws/install/robotnik_gazebo_ignition/share/robotnik_gazebo_ignition//config/rbkairos/rviz_config.rviz
-- Up-to-date: /home/admin/ros2_ws/install/robotnik_gazebo_ignition/share/robotnik_gazebo_ignition//config/rbkairos/rbkairos_controller_params.yaml
-- Up-to-date: /home/admin/ros2_ws/install/robotnik_gazebo_ignition/share/robotnik_gazebo_ignition//config/rbkairos/bridge.yaml
-- Up-to-date: /home/admin/ros2_ws/install/robotnik_gazebo_ignition/share/robotnik_gazebo_ignition//config/rbtheron
-- Up-to-date: /home/admin/ros2_ws/install/robotnik_gazebo_ignition/share/robotnik_gazebo_ignition//config/rbtheron/rbtheron_controller_params.yaml
-- Up-to-date: /home/admin/ros2_ws/install/robotnik_gazebo_ignition/share/robotnik_gazebo_ignition//config/rbtheron/rviz_config.rviz
-- Up-to-date: /home/admin/ros2_ws/install/robotnik_gazebo_ignition/share/robotnik_gazebo_ignition//config/rbtheron/bridge.yaml
-- Up-to-date: /home/admin/ros2_ws/install/robotnik_gazebo_ignition/share/robotnik_gazebo_ignition//config/rbvogui
-- Up-to-date: /home/admin/ros2_ws/install/robotnik_gazebo_ignition/share/robotnik_gazebo_ignition//config/rbvogui/rbvogui_controller_params.yaml
-- Up-to-date: /home/admin/ros2_ws/install/robotnik_gazebo_ignition/share/robotnik_gazebo_ignition//config/rbvogui/rviz_config.rviz
-- Up-to-date: /home/admin/ros2_ws/install/robotnik_gazebo_ignition/share/robotnik_gazebo_ignition//config/rbvogui/bridge.yaml
-- Up-to-date: /home/admin/ros2_ws/install/robotnik_gazebo_ignition/share/robotnik_gazebo_ignition//worlds
-- Up-to-date: /home/admin/ros2_ws/install/robotnik_gazebo_ignition/share/robotnik_gazebo_ignition//worlds/demo.sdf.world
-- Up-to-date: /home/admin/ros2_ws/install/robotnik_gazebo_ignition/share/ament_index/resource_index/package_run_dependencies/robotnik_gazebo_ignition
-- Up-to-date: /home/admin/ros2_ws/install/robotnik_gazebo_ignition/share/ament_index/resource_index/parent_prefix_path/robotnik_gazebo_ignition
-- Up-to-date: /home/admin/ros2_ws/install/robotnik_gazebo_ignition/share/robotnik_gazebo_ignition/environment/ament_prefix_path.sh
-- Up-to-date: /home/admin/ros2_ws/install/robotnik_gazebo_ignition/share/robotnik_gazebo_ignition/environment/ament_prefix_path.dsv
-- Up-to-date: /home/admin/ros2_ws/install/robotnik_gazebo_ignition/share/robotnik_gazebo_ignition/environment/path.sh
-- Up-to-date: /home/admin/ros2_ws/install/robotnik_gazebo_ignition/share/robotnik_gazebo_ignition/environment/path.dsv
-- Up-to-date: /home/admin/ros2_ws/install/robotnik_gazebo_ignition/share/robotnik_gazebo_ignition/local_setup.bash
-- Up-to-date: /home/admin/ros2_ws/install/robotnik_gazebo_ignition/share/robotnik_gazebo_ignition/local_setup.sh
-- Up-to-date: /home/admin/ros2_ws/install/robotnik_gazebo_ignition/share/robotnik_gazebo_ignition/local_setup.zsh
-- Up-to-date: /home/admin/ros2_ws/install/robotnik_gazebo_ignition/share/robotnik_gazebo_ignition/local_setup.dsv
-- Installing: /home/admin/ros2_ws/install/robotnik_gazebo_ignition/share/robotnik_gazebo_ignition/package.dsv
-- Up-to-date: /home/admin/ros2_ws/install/robotnik_gazebo_ignition/share/ament_index/resource_index/packages/robotnik_gazebo_ignition
-- Up-to-date: /home/admin/ros2_ws/install/robotnik_gazebo_ignition/share/robotnik_gazebo_ignition/cmake/robotnik_gazebo_ignitionConfig.cmake
-- Up-to-date: /home/admin/ros2_ws/install/robotnik_gazebo_ignition/share/robotnik_gazebo_ignition/cmake/robotnik_gazebo_ignitionConfig-version.cmake
-- Up-to-date: /home/admin/ros2_ws/install/robotnik_gazebo_ignition/share/robotnik_gazebo_ignition/package.xml
