[0.022s] Invoking command in '/home/admin/ros2_ws/build/aruco_pkg': CMAKE_PREFIX_PATH=${CMAKE_PREFIX_PATH}:/home/admin/ros2_ws/install/rbvogui_cartographer:/opt/ros/humble /usr/bin/cmake --build /home/admin/ros2_ws/build/aruco_pkg -- -j20 -l20
[0.238s] Invoked command in '/home/admin/ros2_ws/build/aruco_pkg' returned '0': CMAKE_PREFIX_PATH=${CMAKE_PREFIX_PATH}:/home/admin/ros2_ws/install/rbvogui_cartographer:/opt/ros/humble /usr/bin/cmake --build /home/admin/ros2_ws/build/aruco_pkg -- -j20 -l20
[0.241s] Invoking command in '/home/admin/ros2_ws/build/aruco_pkg': CMAKE_PREFIX_PATH=${CMAKE_PREFIX_PATH}:/home/admin/ros2_ws/install/rbvogui_cartographer:/opt/ros/humble /usr/bin/cmake --install /home/admin/ros2_ws/build/aruco_pkg
[0.246s] -- Install configuration: ""
[0.246s] -- Up-to-date: /home/admin/ros2_ws/install/aruco_pkg/share/ament_index/resource_index/package_run_dependencies/aruco_pkg
[0.246s] -- Up-to-date: /home/admin/ros2_ws/install/aruco_pkg/share/ament_index/resource_index/parent_prefix_path/aruco_pkg
[0.246s] -- Up-to-date: /home/admin/ros2_ws/install/aruco_pkg/share/aruco_pkg/environment/ament_prefix_path.sh
[0.246s] -- Up-to-date: /home/admin/ros2_ws/install/aruco_pkg/share/aruco_pkg/environment/ament_prefix_path.dsv
[0.246s] -- Up-to-date: /home/admin/ros2_ws/install/aruco_pkg/share/aruco_pkg/environment/path.sh
[0.246s] -- Up-to-date: /home/admin/ros2_ws/install/aruco_pkg/share/aruco_pkg/environment/path.dsv
[0.246s] -- Up-to-date: /home/admin/ros2_ws/install/aruco_pkg/share/aruco_pkg/local_setup.bash
[0.246s] -- Up-to-date: /home/admin/ros2_ws/install/aruco_pkg/share/aruco_pkg/local_setup.sh
[0.246s] -- Up-to-date: /home/admin/ros2_ws/install/aruco_pkg/share/aruco_pkg/local_setup.zsh
[0.246s] -- Up-to-date: /home/admin/ros2_ws/install/aruco_pkg/share/aruco_pkg/local_setup.dsv
[0.246s] -- Installing: /home/admin/ros2_ws/install/aruco_pkg/share/aruco_pkg/package.dsv
[0.246s] -- Up-to-date: /home/admin/ros2_ws/install/aruco_pkg/share/ament_index/resource_index/packages/aruco_pkg
[0.246s] -- Up-to-date: /home/admin/ros2_ws/install/aruco_pkg/share/aruco_pkg/cmake/aruco_pkgConfig.cmake
[0.246s] -- Up-to-date: /home/admin/ros2_ws/install/aruco_pkg/share/aruco_pkg/cmake/aruco_pkgConfig-version.cmake
[0.246s] -- Up-to-date: /home/admin/ros2_ws/install/aruco_pkg/share/aruco_pkg/package.xml
[0.307s] Invoked command in '/home/admin/ros2_ws/build/aruco_pkg' returned '0': CMAKE_PREFIX_PATH=${CMAKE_PREFIX_PATH}:/home/admin/ros2_ws/install/rbvogui_cartographer:/opt/ros/humble /usr/bin/cmake --install /home/admin/ros2_ws/build/aruco_pkg
