[0.021s] Invoking command in '/home/admin/ros2_ws/build/robotnik_common': CMAKE_PREFIX_PATH=${CMAKE_PREFIX_PATH}:/home/admin/ros2_ws/install/rbvogui_cartographer:/opt/ros/humble /usr/bin/cmake --build /home/admin/ros2_ws/build/robotnik_common -- -j20 -l20
[0.212s] Built target ament_cmake_python_copy_robotnik_common
[0.240s] running egg_info
[0.243s] writing robotnik_common.egg-info/PKG-INFO
[0.243s] writing dependency_links to robotnik_common.egg-info/dependency_links.txt
[0.245s] writing top-level names to robotnik_common.egg-info/top_level.txt
[0.251s] reading manifest file 'robotnik_common.egg-info/SOURCES.txt'
[0.251s] writing manifest file 'robotnik_common.egg-info/SOURCES.txt'
[0.256s] Built target ament_cmake_python_build_robotnik_common_egg
[0.297s] Invoked command in '/home/admin/ros2_ws/build/robotnik_common' returned '0': CMAKE_PREFIX_PATH=${CMAKE_PREFIX_PATH}:/home/admin/ros2_ws/install/rbvogui_cartographer:/opt/ros/humble /usr/bin/cmake --build /home/admin/ros2_ws/build/robotnik_common -- -j20 -l20
[0.298s] Invoking command in '/home/admin/ros2_ws/build/robotnik_common': CMAKE_PREFIX_PATH=${CMAKE_PREFIX_PATH}:/home/admin/ros2_ws/install/rbvogui_cartographer:/opt/ros/humble /usr/bin/cmake --install /home/admin/ros2_ws/build/robotnik_common
[0.304s] -- Install configuration: ""
[0.305s] -- Up-to-date: /home/admin/ros2_ws/install/robotnik_common/share/robotnik_common/environment/pythonpath.sh
[0.305s] -- Up-to-date: /home/admin/ros2_ws/install/robotnik_common/share/robotnik_common/environment/pythonpath.dsv
[0.305s] -- Up-to-date: /home/admin/ros2_ws/install/robotnik_common/local/lib/python3.10/dist-packages/robotnik_common-1.1.0-py3.10.egg-info
[0.305s] -- Installing: /home/admin/ros2_ws/install/robotnik_common/local/lib/python3.10/dist-packages/robotnik_common-1.1.0-py3.10.egg-info/PKG-INFO
[0.305s] -- Installing: /home/admin/ros2_ws/install/robotnik_common/local/lib/python3.10/dist-packages/robotnik_common-1.1.0-py3.10.egg-info/SOURCES.txt
[0.305s] -- Installing: /home/admin/ros2_ws/install/robotnik_common/local/lib/python3.10/dist-packages/robotnik_common-1.1.0-py3.10.egg-info/dependency_links.txt
[0.305s] -- Installing: /home/admin/ros2_ws/install/robotnik_common/local/lib/python3.10/dist-packages/robotnik_common-1.1.0-py3.10.egg-info/top_level.txt
[0.305s] -- Up-to-date: /home/admin/ros2_ws/install/robotnik_common/local/lib/python3.10/dist-packages/robotnik_common
[0.305s] -- Up-to-date: /home/admin/ros2_ws/install/robotnik_common/local/lib/python3.10/dist-packages/robotnik_common/__init__.py
[0.306s] -- Up-to-date: /home/admin/ros2_ws/install/robotnik_common/local/lib/python3.10/dist-packages/robotnik_common/launch
[0.306s] -- Up-to-date: /home/admin/ros2_ws/install/robotnik_common/local/lib/python3.10/dist-packages/robotnik_common/launch/rewritten_yaml.py
[0.306s] -- Up-to-date: /home/admin/ros2_ws/install/robotnik_common/local/lib/python3.10/dist-packages/robotnik_common/launch/__init__.py
[0.306s] -- Up-to-date: /home/admin/ros2_ws/install/robotnik_common/local/lib/python3.10/dist-packages/robotnik_common/launch/add_launch_args.py
[0.329s] Listing '/home/admin/ros2_ws/install/robotnik_common/local/lib/python3.10/dist-packages/robotnik_common'...
[0.329s] Listing '/home/admin/ros2_ws/install/robotnik_common/local/lib/python3.10/dist-packages/robotnik_common/launch'...
[0.332s] -- Up-to-date: /home/admin/ros2_ws/install/robotnik_common/share/ament_index/resource_index/package_run_dependencies/robotnik_common
[0.332s] -- Up-to-date: /home/admin/ros2_ws/install/robotnik_common/share/ament_index/resource_index/parent_prefix_path/robotnik_common
[0.332s] -- Up-to-date: /home/admin/ros2_ws/install/robotnik_common/share/robotnik_common/environment/ament_prefix_path.sh
[0.332s] -- Up-to-date: /home/admin/ros2_ws/install/robotnik_common/share/robotnik_common/environment/ament_prefix_path.dsv
[0.333s] -- Up-to-date: /home/admin/ros2_ws/install/robotnik_common/share/robotnik_common/environment/path.sh
[0.333s] -- Up-to-date: /home/admin/ros2_ws/install/robotnik_common/share/robotnik_common/environment/path.dsv
[0.333s] -- Up-to-date: /home/admin/ros2_ws/install/robotnik_common/share/robotnik_common/local_setup.bash
[0.333s] -- Up-to-date: /home/admin/ros2_ws/install/robotnik_common/share/robotnik_common/local_setup.sh
[0.333s] -- Up-to-date: /home/admin/ros2_ws/install/robotnik_common/share/robotnik_common/local_setup.zsh
[0.333s] -- Up-to-date: /home/admin/ros2_ws/install/robotnik_common/share/robotnik_common/local_setup.dsv
[0.333s] -- Installing: /home/admin/ros2_ws/install/robotnik_common/share/robotnik_common/package.dsv
[0.333s] -- Up-to-date: /home/admin/ros2_ws/install/robotnik_common/share/ament_index/resource_index/packages/robotnik_common
[0.333s] -- Up-to-date: /home/admin/ros2_ws/install/robotnik_common/share/robotnik_common/cmake/robotnik_commonConfig.cmake
[0.333s] -- Up-to-date: /home/admin/ros2_ws/install/robotnik_common/share/robotnik_common/cmake/robotnik_commonConfig-version.cmake
[0.333s] -- Up-to-date: /home/admin/ros2_ws/install/robotnik_common/share/robotnik_common/package.xml
[0.334s] Invoked command in '/home/admin/ros2_ws/build/robotnik_common' returned '0': CMAKE_PREFIX_PATH=${CMAKE_PREFIX_PATH}:/home/admin/ros2_ws/install/rbvogui_cartographer:/opt/ros/humble /usr/bin/cmake --install /home/admin/ros2_ws/build/robotnik_common
