[0.021s] Invoking command in '/home/admin/ros2_ws/build/robotnik_common': CMAKE_PREFIX_PATH=${CMAKE_PREFIX_PATH}:/home/admin/ros2_ws/install/robotnik_safety_msgs:/home/admin/ros2_ws/install/rbvogui_cartographer:/opt/ros/humble /usr/bin/cmake --build /home/admin/ros2_ws/build/robotnik_common -- -j20 -l20
[0.347s] Built target ament_cmake_python_copy_robotnik_common
[0.348s] running egg_info
[0.348s] writing robotnik_common.egg-info/PKG-INFO
[0.348s] writing dependency_links to robotnik_common.egg-info/dependency_links.txt
[0.348s] writing top-level names to robotnik_common.egg-info/top_level.txt
[0.348s] reading manifest file 'robotnik_common.egg-info/SOURCES.txt'
[0.348s] writing manifest file 'robotnik_common.egg-info/SOURCES.txt'
[0.348s] Built target ament_cmake_python_build_robotnik_common_egg
[0.358s] Invoked command in '/home/admin/ros2_ws/build/robotnik_common' returned '0': CMAKE_PREFIX_PATH=${CMAKE_PREFIX_PATH}:/home/admin/ros2_ws/install/robotnik_safety_msgs:/home/admin/ros2_ws/install/rbvogui_cartographer:/opt/ros/humble /usr/bin/cmake --build /home/admin/ros2_ws/build/robotnik_common -- -j20 -l20
[0.359s] Invoking command in '/home/admin/ros2_ws/build/robotnik_common': CMAKE_PREFIX_PATH=${CMAKE_PREFIX_PATH}:/home/admin/ros2_ws/install/robotnik_safety_msgs:/home/admin/ros2_ws/install/rbvogui_cartographer:/opt/ros/humble /usr/bin/cmake --install /home/admin/ros2_ws/build/robotnik_common
[0.382s] -- Install configuration: ""
[0.382s] -- Up-to-date: /home/admin/ros2_ws/install/robotnik_common/share/robotnik_common/environment/pythonpath.sh
[0.382s] -- Up-to-date: /home/admin/ros2_ws/install/robotnik_common/share/robotnik_common/environment/pythonpath.dsv
[0.382s] -- Up-to-date: /home/admin/ros2_ws/install/robotnik_common/local/lib/python3.10/dist-packages/robotnik_common-1.1.0-py3.10.egg-info
[0.382s] -- Installing: /home/admin/ros2_ws/install/robotnik_common/local/lib/python3.10/dist-packages/robotnik_common-1.1.0-py3.10.egg-info/PKG-INFO
[0.382s] -- Installing: /home/admin/ros2_ws/install/robotnik_common/local/lib/python3.10/dist-packages/robotnik_common-1.1.0-py3.10.egg-info/SOURCES.txt
[0.382s] -- Installing: /home/admin/ros2_ws/install/robotnik_common/local/lib/python3.10/dist-packages/robotnik_common-1.1.0-py3.10.egg-info/dependency_links.txt
[0.382s] -- Installing: /home/admin/ros2_ws/install/robotnik_common/local/lib/python3.10/dist-packages/robotnik_common-1.1.0-py3.10.egg-info/top_level.txt
[0.382s] -- Up-to-date: /home/admin/ros2_ws/install/robotnik_common/local/lib/python3.10/dist-packages/robotnik_common
[0.382s] -- Up-to-date: /home/admin/ros2_ws/install/robotnik_common/local/lib/python3.10/dist-packages/robotnik_common/__init__.py
[0.382s] -- Up-to-date: /home/admin/ros2_ws/install/robotnik_common/local/lib/python3.10/dist-packages/robotnik_common/launch
[0.382s] -- Up-to-date: /home/admin/ros2_ws/install/robotnik_common/local/lib/python3.10/dist-packages/robotnik_common/launch/rewritten_yaml.py
[0.382s] -- Up-to-date: /home/admin/ros2_ws/install/robotnik_common/local/lib/python3.10/dist-packages/robotnik_common/launch/__init__.py
[0.383s] -- Up-to-date: /home/admin/ros2_ws/install/robotnik_common/local/lib/python3.10/dist-packages/robotnik_common/launch/add_launch_args.py
[0.414s] Listing '/home/admin/ros2_ws/install/robotnik_common/local/lib/python3.10/dist-packages/robotnik_common'...
[0.414s] Listing '/home/admin/ros2_ws/install/robotnik_common/local/lib/python3.10/dist-packages/robotnik_common/launch'...
[0.415s] -- Up-to-date: /home/admin/ros2_ws/install/robotnik_common/share/ament_index/resource_index/package_run_dependencies/robotnik_common
[0.415s] -- Up-to-date: /home/admin/ros2_ws/install/robotnik_common/share/ament_index/resource_index/parent_prefix_path/robotnik_common
[0.415s] -- Up-to-date: /home/admin/ros2_ws/install/robotnik_common/share/robotnik_common/environment/ament_prefix_path.sh
[0.415s] -- Up-to-date: /home/admin/ros2_ws/install/robotnik_common/share/robotnik_common/environment/ament_prefix_path.dsv
[0.415s] -- Up-to-date: /home/admin/ros2_ws/install/robotnik_common/share/robotnik_common/environment/path.sh
[0.416s] -- Up-to-date: /home/admin/ros2_ws/install/robotnik_common/share/robotnik_common/environment/path.dsv
[0.416s] -- Up-to-date: /home/admin/ros2_ws/install/robotnik_common/share/robotnik_common/local_setup.bash
[0.416s] -- Up-to-date: /home/admin/ros2_ws/install/robotnik_common/share/robotnik_common/local_setup.sh
[0.416s] -- Up-to-date: /home/admin/ros2_ws/install/robotnik_common/share/robotnik_common/local_setup.zsh
[0.416s] -- Up-to-date: /home/admin/ros2_ws/install/robotnik_common/share/robotnik_common/local_setup.dsv
[0.416s] -- Up-to-date: /home/admin/ros2_ws/install/robotnik_common/share/robotnik_common/package.dsv
[0.416s] -- Up-to-date: /home/admin/ros2_ws/install/robotnik_common/share/ament_index/resource_index/packages/robotnik_common
[0.416s] -- Up-to-date: /home/admin/ros2_ws/install/robotnik_common/share/robotnik_common/cmake/robotnik_commonConfig.cmake
[0.416s] -- Up-to-date: /home/admin/ros2_ws/install/robotnik_common/share/robotnik_common/cmake/robotnik_commonConfig-version.cmake
[0.416s] -- Up-to-date: /home/admin/ros2_ws/install/robotnik_common/share/robotnik_common/package.xml
[0.480s] Invoked command in '/home/admin/ros2_ws/build/robotnik_common' returned '0': CMAKE_PREFIX_PATH=${CMAKE_PREFIX_PATH}:/home/admin/ros2_ws/install/robotnik_safety_msgs:/home/admin/ros2_ws/install/rbvogui_cartographer:/opt/ros/humble /usr/bin/cmake --install /home/admin/ros2_ws/build/robotnik_common
