[0.021s] Invoking command in '/home/admin/ros2_ws/build/aruco_pkg': CMAKE_PREFIX_PATH=${CMAKE_PREFIX_PATH}:/home/admin/ros2_ws/install/rbvogui_cartographer:/opt/ros/humble /usr/bin/cmake --build /home/admin/ros2_ws/build/aruco_pkg -- -j20 -l20
[0.206s] -- Found ament_cmake: 1.3.11 (/opt/ros/humble/share/ament_cmake/cmake)
[0.207s] -- Found ament_lint_auto: 0.12.12 (/opt/ros/humble/share/ament_lint_auto/cmake)
[0.207s] -- Added test 'flake8' to check Python code syntax and style conventions
[0.207s] -- Added test 'lint_cmake' to check CMake code style
[0.207s] -- Added test 'pep257' to check Python code against some of the docstring style conventions in PEP 257
[0.207s] -- Added test 'xmllint' to check XML markup files
[0.207s] -- Configuring done
[0.207s] -- Generating done
[0.207s] -- Build files have been written to: /home/admin/ros2_ws/build/aruco_pkg
[0.228s] Invoked command in '/home/admin/ros2_ws/build/aruco_pkg' returned '0': CMAKE_PREFIX_PATH=${CMAKE_PREFIX_PATH}:/home/admin/ros2_ws/install/rbvogui_cartographer:/opt/ros/humble /usr/bin/cmake --build /home/admin/ros2_ws/build/aruco_pkg -- -j20 -l20
[0.246s] Invoking command in '/home/admin/ros2_ws/build/aruco_pkg': CMAKE_PREFIX_PATH=${CMAKE_PREFIX_PATH}:/home/admin/ros2_ws/install/rbvogui_cartographer:/opt/ros/humble /usr/bin/cmake --install /home/admin/ros2_ws/build/aruco_pkg
[0.248s] -- Install configuration: ""
[0.248s] -- Installing: /home/admin/ros2_ws/install/aruco_pkg/share/aruco_pkg//launch
[0.248s] -- Installing: /home/admin/ros2_ws/install/aruco_pkg/share/aruco_pkg//launch/spawn_marker.launch.py
[0.248s] -- Up-to-date: /home/admin/ros2_ws/install/aruco_pkg/share/ament_index/resource_index/package_run_dependencies/aruco_pkg
[0.248s] -- Installing: /home/admin/ros2_ws/install/aruco_pkg/share/ament_index/resource_index/parent_prefix_path/aruco_pkg
[0.249s] -- Up-to-date: /home/admin/ros2_ws/install/aruco_pkg/share/aruco_pkg/environment/ament_prefix_path.sh
[0.249s] -- Installing: /home/admin/ros2_ws/install/aruco_pkg/share/aruco_pkg/environment/ament_prefix_path.dsv
[0.249s] -- Up-to-date: /home/admin/ros2_ws/install/aruco_pkg/share/aruco_pkg/environment/path.sh
[0.249s] -- Installing: /home/admin/ros2_ws/install/aruco_pkg/share/aruco_pkg/environment/path.dsv
[0.249s] -- Up-to-date: /home/admin/ros2_ws/install/aruco_pkg/share/aruco_pkg/local_setup.bash
[0.249s] -- Up-to-date: /home/admin/ros2_ws/install/aruco_pkg/share/aruco_pkg/local_setup.sh
[0.249s] -- Up-to-date: /home/admin/ros2_ws/install/aruco_pkg/share/aruco_pkg/local_setup.zsh
[0.249s] -- Installing: /home/admin/ros2_ws/install/aruco_pkg/share/aruco_pkg/local_setup.dsv
[0.249s] -- Installing: /home/admin/ros2_ws/install/aruco_pkg/share/aruco_pkg/package.dsv
[0.249s] -- Up-to-date: /home/admin/ros2_ws/install/aruco_pkg/share/ament_index/resource_index/packages/aruco_pkg
[0.249s] -- Up-to-date: /home/admin/ros2_ws/install/aruco_pkg/share/aruco_pkg/cmake/aruco_pkgConfig.cmake
[0.249s] -- Up-to-date: /home/admin/ros2_ws/install/aruco_pkg/share/aruco_pkg/cmake/aruco_pkgConfig-version.cmake
[0.249s] -- Up-to-date: /home/admin/ros2_ws/install/aruco_pkg/share/aruco_pkg/package.xml
[0.280s] Invoked command in '/home/admin/ros2_ws/build/aruco_pkg' returned '0': CMAKE_PREFIX_PATH=${CMAKE_PREFIX_PATH}:/home/admin/ros2_ws/install/rbvogui_cartographer:/opt/ros/humble /usr/bin/cmake --install /home/admin/ros2_ws/build/aruco_pkg
