Built target ament_cmake_python_copy_robotnik_common
running egg_info
writing robotnik_common.egg-info/PKG-INFO
writing dependency_links to robotnik_common.egg-info/dependency_links.txt
writing top-level names to robotnik_common.egg-info/top_level.txt
reading manifest file 'robotnik_common.egg-info/SOURCES.txt'
writing manifest file 'robotnik_common.egg-info/SOURCES.txt'
Built target ament_cmake_python_build_robotnik_common_egg
-- Install configuration: ""
-- Up-to-date: /home/admin/ros2_ws/install/robotnik_common/share/robotnik_common/environment/pythonpath.sh
-- Up-to-date: /home/admin/ros2_ws/install/robotnik_common/share/robotnik_common/environment/pythonpath.dsv
-- Up-to-date: /home/admin/ros2_ws/install/robotnik_common/local/lib/python3.10/dist-packages/robotnik_common-1.2.0-py3.10.egg-info
-- Installing: /home/admin/ros2_ws/install/robotnik_common/local/lib/python3.10/dist-packages/robotnik_common-1.2.0-py3.10.egg-info/PKG-INFO
-- Installing: /home/admin/ros2_ws/install/robotnik_common/local/lib/python3.10/dist-packages/robotnik_common-1.2.0-py3.10.egg-info/SOURCES.txt
-- Installing: /home/admin/ros2_ws/install/robotnik_common/local/lib/python3.10/dist-packages/robotnik_common-1.2.0-py3.10.egg-info/dependency_links.txt
-- Installing: /home/admin/ros2_ws/install/robotnik_common/local/lib/python3.10/dist-packages/robotnik_common-1.2.0-py3.10.egg-info/top_level.txt
-- Up-to-date: /home/admin/ros2_ws/install/robotnik_common/local/lib/python3.10/dist-packages/robotnik_common
-- Up-to-date: /home/admin/ros2_ws/install/robotnik_common/local/lib/python3.10/dist-packages/robotnik_common/__init__.py
-- Up-to-date: /home/admin/ros2_ws/install/robotnik_common/local/lib/python3.10/dist-packages/robotnik_common/launch
-- Up-to-date: /home/admin/ros2_ws/install/robotnik_common/local/lib/python3.10/dist-packages/robotnik_common/launch/rewritten_yaml.py
-- Up-to-date: /home/admin/ros2_ws/install/robotnik_common/local/lib/python3.10/dist-packages/robotnik_common/launch/__init__.py
-- Up-to-date: /home/admin/ros2_ws/install/robotnik_common/local/lib/python3.10/dist-packages/robotnik_common/launch/add_launch_args.py
Listing '/home/admin/ros2_ws/install/robotnik_common/local/lib/python3.10/dist-packages/robotnik_common'...
Listing '/home/admin/ros2_ws/install/robotnik_common/local/lib/python3.10/dist-packages/robotnik_common/launch'...
-- Up-to-date: /home/admin/ros2_ws/install/robotnik_common/share/ament_index/resource_index/package_run_dependencies/robotnik_common
-- Up-to-date: /home/admin/ros2_ws/install/robotnik_common/share/ament_index/resource_index/parent_prefix_path/robotnik_common
-- Up-to-date: /home/admin/ros2_ws/install/robotnik_common/share/robotnik_common/environment/ament_prefix_path.sh
-- Up-to-date: /home/admin/ros2_ws/install/robotnik_common/share/robotnik_common/environment/ament_prefix_path.dsv
-- Up-to-date: /home/admin/ros2_ws/install/robotnik_common/share/robotnik_common/environment/path.sh
-- Up-to-date: /home/admin/ros2_ws/install/robotnik_common/share/robotnik_common/environment/path.dsv
-- Up-to-date: /home/admin/ros2_ws/install/robotnik_common/share/robotnik_common/local_setup.bash
-- Up-to-date: /home/admin/ros2_ws/install/robotnik_common/share/robotnik_common/local_setup.sh
-- Up-to-date: /home/admin/ros2_ws/install/robotnik_common/share/robotnik_common/local_setup.zsh
-- Up-to-date: /home/admin/ros2_ws/install/robotnik_common/share/robotnik_common/local_setup.dsv
-- Up-to-date: /home/admin/ros2_ws/install/robotnik_common/share/robotnik_common/package.dsv
-- Up-to-date: /home/admin/ros2_ws/install/robotnik_common/share/ament_index/resource_index/packages/robotnik_common
-- Up-to-date: /home/admin/ros2_ws/install/robotnik_common/share/robotnik_common/cmake/robotnik_commonConfig.cmake
-- Up-to-date: /home/admin/ros2_ws/install/robotnik_common/share/robotnik_common/cmake/robotnik_commonConfig-version.cmake
-- Up-to-date: /home/admin/ros2_ws/install/robotnik_common/share/robotnik_common/package.xml
