[0.022s] Invoking command in '/home/admin/ros2_ws/build/robotnik_common': CMAKE_PREFIX_PATH=${CMAKE_PREFIX_PATH}:/home/admin/ros2_ws/install/custom_gz:/opt/ros/humble /usr/bin/cmake --build /home/admin/ros2_ws/build/robotnik_common -- -j20 -l20
[0.131s] Built target ament_cmake_python_copy_robotnik_common
[0.368s] running egg_info
[0.368s] writing robotnik_common.egg-info/PKG-INFO
[0.369s] writing dependency_links to robotnik_common.egg-info/dependency_links.txt
[0.370s] writing top-level names to robotnik_common.egg-info/top_level.txt
[0.371s] reading manifest file 'robotnik_common.egg-info/SOURCES.txt'
[0.371s] writing manifest file 'robotnik_common.egg-info/SOURCES.txt'
[0.404s] Built target ament_cmake_python_build_robotnik_common_egg
[0.414s] Invoked command in '/home/admin/ros2_ws/build/robotnik_common' returned '0': CMAKE_PREFIX_PATH=${CMAKE_PREFIX_PATH}:/home/admin/ros2_ws/install/custom_gz:/opt/ros/humble /usr/bin/cmake --build /home/admin/ros2_ws/build/robotnik_common -- -j20 -l20
[0.418s] Invoking command in '/home/admin/ros2_ws/build/robotnik_common': CMAKE_PREFIX_PATH=${CMAKE_PREFIX_PATH}:/home/admin/ros2_ws/install/custom_gz:/opt/ros/humble /usr/bin/cmake --install /home/admin/ros2_ws/build/robotnik_common
[0.428s] -- Install configuration: ""
[0.428s] -- Up-to-date: /home/admin/ros2_ws/install/robotnik_common/share/robotnik_common/environment/pythonpath.sh
[0.429s] -- Up-to-date: /home/admin/ros2_ws/install/robotnik_common/share/robotnik_common/environment/pythonpath.dsv
[0.429s] -- Up-to-date: /home/admin/ros2_ws/install/robotnik_common/local/lib/python3.10/dist-packages/robotnik_common-1.2.0-py3.10.egg-info
[0.429s] -- Installing: /home/admin/ros2_ws/install/robotnik_common/local/lib/python3.10/dist-packages/robotnik_common-1.2.0-py3.10.egg-info/PKG-INFO
[0.429s] -- Installing: /home/admin/ros2_ws/install/robotnik_common/local/lib/python3.10/dist-packages/robotnik_common-1.2.0-py3.10.egg-info/SOURCES.txt
[0.430s] -- Installing: /home/admin/ros2_ws/install/robotnik_common/local/lib/python3.10/dist-packages/robotnik_common-1.2.0-py3.10.egg-info/dependency_links.txt
[0.430s] -- Installing: /home/admin/ros2_ws/install/robotnik_common/local/lib/python3.10/dist-packages/robotnik_common-1.2.0-py3.10.egg-info/top_level.txt
[0.430s] -- Up-to-date: /home/admin/ros2_ws/install/robotnik_common/local/lib/python3.10/dist-packages/robotnik_common
[0.430s] -- Up-to-date: /home/admin/ros2_ws/install/robotnik_common/local/lib/python3.10/dist-packages/robotnik_common/__init__.py
[0.431s] -- Up-to-date: /home/admin/ros2_ws/install/robotnik_common/local/lib/python3.10/dist-packages/robotnik_common/launch
[0.431s] -- Up-to-date: /home/admin/ros2_ws/install/robotnik_common/local/lib/python3.10/dist-packages/robotnik_common/launch/rewritten_yaml.py
[0.431s] -- Up-to-date: /home/admin/ros2_ws/install/robotnik_common/local/lib/python3.10/dist-packages/robotnik_common/launch/__init__.py
[0.432s] -- Up-to-date: /home/admin/ros2_ws/install/robotnik_common/local/lib/python3.10/dist-packages/robotnik_common/launch/add_launch_args.py
[0.501s] Listing '/home/admin/ros2_ws/install/robotnik_common/local/lib/python3.10/dist-packages/robotnik_common'...
[0.501s] Listing '/home/admin/ros2_ws/install/robotnik_common/local/lib/python3.10/dist-packages/robotnik_common/launch'...
[0.506s] -- Up-to-date: /home/admin/ros2_ws/install/robotnik_common/share/ament_index/resource_index/package_run_dependencies/robotnik_common
[0.506s] -- Up-to-date: /home/admin/ros2_ws/install/robotnik_common/share/ament_index/resource_index/parent_prefix_path/robotnik_common
[0.506s] -- Up-to-date: /home/admin/ros2_ws/install/robotnik_common/share/robotnik_common/environment/ament_prefix_path.sh
[0.506s] -- Up-to-date: /home/admin/ros2_ws/install/robotnik_common/share/robotnik_common/environment/ament_prefix_path.dsv
[0.506s] -- Up-to-date: /home/admin/ros2_ws/install/robotnik_common/share/robotnik_common/environment/path.sh
[0.506s] -- Up-to-date: /home/admin/ros2_ws/install/robotnik_common/share/robotnik_common/environment/path.dsv
[0.506s] -- Up-to-date: /home/admin/ros2_ws/install/robotnik_common/share/robotnik_common/local_setup.bash
[0.507s] -- Up-to-date: /home/admin/ros2_ws/install/robotnik_common/share/robotnik_common/local_setup.sh
[0.507s] -- Up-to-date: /home/admin/ros2_ws/install/robotnik_common/share/robotnik_common/local_setup.zsh
[0.507s] -- Up-to-date: /home/admin/ros2_ws/install/robotnik_common/share/robotnik_common/local_setup.dsv
[0.507s] -- Up-to-date: /home/admin/ros2_ws/install/robotnik_common/share/robotnik_common/package.dsv
[0.507s] -- Up-to-date: /home/admin/ros2_ws/install/robotnik_common/share/ament_index/resource_index/packages/robotnik_common
[0.507s] -- Up-to-date: /home/admin/ros2_ws/install/robotnik_common/share/robotnik_common/cmake/robotnik_commonConfig.cmake
[0.507s] -- Up-to-date: /home/admin/ros2_ws/install/robotnik_common/share/robotnik_common/cmake/robotnik_commonConfig-version.cmake
[0.507s] -- Up-to-date: /home/admin/ros2_ws/install/robotnik_common/share/robotnik_common/package.xml
[0.549s] Invoked command in '/home/admin/ros2_ws/build/robotnik_common' returned '0': CMAKE_PREFIX_PATH=${CMAKE_PREFIX_PATH}:/home/admin/ros2_ws/install/custom_gz:/opt/ros/humble /usr/bin/cmake --install /home/admin/ros2_ws/build/robotnik_common
