-- The C compiler identification is GNU 11.4.0
-- The CXX compiler identification is GNU 11.4.0
-- Detecting C compiler ABI info
-- Detecting C compiler ABI info - done
-- Check for working C compiler: /usr/bin/cc - skipped
-- Detecting C compile features
-- Detecting C compile features - done
-- Detecting CXX compiler ABI info
-- Detecting CXX compiler ABI info - done
-- Check for working CXX compiler: /usr/bin/c++ - skipped
-- Detecting CXX compile features
-- Detecting CXX compile features - done
-- Found ament_cmake: 1.3.11 (/opt/ros/humble/share/ament_cmake/cmake)
-- Found Python3: /usr/bin/python3 (found version "3.10.12") found components: Interpreter 
-- Found builtin_interfaces: 1.2.1 (/opt/ros/humble/share/builtin_interfaces/cmake)
-- Found rosidl_generator_c: 3.1.6 (/opt/ros/humble/share/rosidl_generator_c/cmake)
-- Found rosidl_adapter: 3.1.6 (/opt/ros/humble/share/rosidl_adapter/cmake)
-- Found rosidl_generator_cpp: 3.1.6 (/opt/ros/humble/share/rosidl_generator_cpp/cmake)
-- Using all available rosidl_typesupport_c: rosidl_typesupport_fastrtps_c;rosidl_typesupport_introspection_c
-- Using all available rosidl_typesupport_cpp: rosidl_typesupport_fastrtps_cpp;rosidl_typesupport_introspection_cpp
-- Found rosidl_default_generators: 1.2.0 (/opt/ros/humble/share/rosidl_default_generators/cmake)
-- Found robotnik_common_msgs: 1.0.0 (/home/admin/ros2_ws/install/robotnik_common_msgs/share/robotnik_common_msgs/cmake)
-- Found std_msgs: 4.9.0 (/opt/ros/humble/share/std_msgs/cmake)
-- Found ament_cmake_cppcheck: 0.12.12 (/opt/ros/humble/share/ament_cmake_cppcheck/cmake)
-- Found ament_cmake_cpplint: 0.12.12 (/opt/ros/humble/share/ament_cmake_cpplint/cmake)
-- Found ament_cmake_uncrustify: 0.12.12 (/opt/ros/humble/share/ament_cmake_uncrustify/cmake)
-- Found ament_cmake_ros: 0.10.0 (/opt/ros/humble/share/ament_cmake_ros/cmake)
-- Using all available rosidl_typesupport_c: rosidl_typesupport_fastrtps_c;rosidl_typesupport_introspection_c
-- Using all available rosidl_typesupport_cpp: rosidl_typesupport_fastrtps_cpp;rosidl_typesupport_introspection_cpp
-- Found PythonInterp: /usr/bin/python3 (found suitable version "3.10.12", minimum required is "3.6") 
-- Found python_cmake_module: 0.10.0 (/opt/ros/humble/share/python_cmake_module/cmake)
-- Found PythonLibs: /usr/lib/x86_64-linux-gnu/libpython3.10.so (found suitable version "3.10.12", minimum required is "3.5") 
-- Using PYTHON_EXECUTABLE: /usr/bin/python3
-- Using PYTHON_INCLUDE_DIRS: /usr/include/python3.10
-- Using PYTHON_LIBRARIES: /usr/lib/x86_64-linux-gnu/libpython3.10.so
-- Found PythonExtra: .so  
-- Found ament_cmake_flake8: 0.12.12 (/opt/ros/humble/share/ament_cmake_flake8/cmake)
-- Found ament_cmake_pep257: 0.12.12 (/opt/ros/humble/share/ament_cmake_pep257/cmake)
-- Found ament_lint_auto: 0.12.12 (/opt/ros/humble/share/ament_lint_auto/cmake)
-- Added test 'copyright' to check source files copyright and LICENSE
-- Added test 'lint_cmake' to check CMake code style
-- Added test 'xmllint' to check XML markup files
-- Configuring done
-- Generating done
-- Build files have been written to: /home/admin/ros2_ws/build/robotnik_controllers_msgs
[  1%] [34m[1mGenerating C code for ROS interfaces[0m
[  3%] [34m[1mGenerating C++ code for ROS interfaces[0m
[  3%] Built target ament_cmake_python_copy_robotnik_controllers_msgs
running egg_info
creating robotnik_controllers_msgs.egg-info
writing robotnik_controllers_msgs.egg-info/PKG-INFO
writing dependency_links to robotnik_controllers_msgs.egg-info/dependency_links.txt
writing top-level names to robotnik_controllers_msgs.egg-info/top_level.txt
writing manifest file 'robotnik_controllers_msgs.egg-info/SOURCES.txt'
reading manifest file 'robotnik_controllers_msgs.egg-info/SOURCES.txt'
writing manifest file 'robotnik_controllers_msgs.egg-info/SOURCES.txt'
[  3%] Built target ament_cmake_python_build_robotnik_controllers_msgs_egg
[  3%] Built target robotnik_controllers_msgs__cpp
[  5%] [34m[1mGenerating C++ type support dispatch for ROS interfaces[0m
[  7%] [34m[1mGenerating C++ type support for eProsima Fast-RTPS[0m
[  9%] [34m[1mGenerating C++ introspection for ROS interfaces[0m
[ 10%] [32mBuilding C object CMakeFiles/robotnik_controllers_msgs__rosidl_generator_c.dir/rosidl_generator_c/robotnik_controllers_msgs/srv/detail/available_kinematics__functions.c.o[0m
[ 12%] [32mBuilding C object CMakeFiles/robotnik_controllers_msgs__rosidl_generator_c.dir/rosidl_generator_c/robotnik_controllers_msgs/srv/detail/change_kinematics__functions.c.o[0m
[ 14%] [32mBuilding C object CMakeFiles/robotnik_controllers_msgs__rosidl_generator_c.dir/rosidl_generator_c/robotnik_controllers_msgs/srv/detail/set_odometry__functions.c.o[0m
[ 16%] [32mBuilding C object CMakeFiles/robotnik_controllers_msgs__rosidl_generator_c.dir/rosidl_generator_c/robotnik_controllers_msgs/msg/detail/controller_state__functions.c.o[0m
[ 18%] [32m[1mLinking C shared library librobotnik_controllers_msgs__rosidl_generator_c.so[0m
[ 18%] Built target robotnik_controllers_msgs__rosidl_generator_c
[ 21%] [34m[1mGenerating C introspection for ROS interfaces[0m
[ 21%] [34m[1mGenerating C type support for eProsima Fast-RTPS[0m
[ 23%] [34m[1mGenerating C type support dispatch for ROS interfaces[0m
[ 29%] [32mBuilding CXX object CMakeFiles/robotnik_controllers_msgs__rosidl_typesupport_introspection_cpp.dir/rosidl_typesupport_introspection_cpp/robotnik_controllers_msgs/srv/detail/available_kinematics__type_support.cpp.o[0m
[ 29%] [32mBuilding CXX object CMakeFiles/robotnik_controllers_msgs__rosidl_typesupport_introspection_cpp.dir/rosidl_typesupport_introspection_cpp/robotnik_controllers_msgs/srv/detail/set_odometry__type_support.cpp.o[0m
[ 29%] [32mBuilding CXX object CMakeFiles/robotnik_controllers_msgs__rosidl_typesupport_introspection_cpp.dir/rosidl_typesupport_introspection_cpp/robotnik_controllers_msgs/msg/detail/controller_state__type_support.cpp.o[0m
[ 30%] [32mBuilding CXX object CMakeFiles/robotnik_controllers_msgs__rosidl_typesupport_introspection_cpp.dir/rosidl_typesupport_introspection_cpp/robotnik_controllers_msgs/srv/detail/change_kinematics__type_support.cpp.o[0m
[ 32%] [32mBuilding CXX object CMakeFiles/robotnik_controllers_msgs__rosidl_typesupport_c.dir/rosidl_typesupport_c/robotnik_controllers_msgs/msg/controller_state__type_support.cpp.o[0m
[ 34%] [32mBuilding CXX object CMakeFiles/robotnik_controllers_msgs__rosidl_typesupport_c.dir/rosidl_typesupport_c/robotnik_controllers_msgs/srv/available_kinematics__type_support.cpp.o[0m
[ 36%] [32mBuilding CXX object CMakeFiles/robotnik_controllers_msgs__rosidl_typesupport_c.dir/rosidl_typesupport_c/robotnik_controllers_msgs/srv/change_kinematics__type_support.cpp.o[0m
[ 38%] [32mBuilding CXX object CMakeFiles/robotnik_controllers_msgs__rosidl_typesupport_fastrtps_cpp.dir/rosidl_typesupport_fastrtps_cpp/robotnik_controllers_msgs/srv/detail/dds_fastrtps/available_kinematics__type_support.cpp.o[0m
[ 40%] [32mBuilding CXX object CMakeFiles/robotnik_controllers_msgs__rosidl_typesupport_fastrtps_cpp.dir/rosidl_typesupport_fastrtps_cpp/robotnik_controllers_msgs/msg/detail/dds_fastrtps/controller_state__type_support.cpp.o[0m
[ 41%] [32mBuilding CXX object CMakeFiles/robotnik_controllers_msgs__rosidl_typesupport_fastrtps_cpp.dir/rosidl_typesupport_fastrtps_cpp/robotnik_controllers_msgs/srv/detail/dds_fastrtps/set_odometry__type_support.cpp.o[0m
[ 43%] [32mBuilding CXX object CMakeFiles/robotnik_controllers_msgs__rosidl_typesupport_fastrtps_cpp.dir/rosidl_typesupport_fastrtps_cpp/robotnik_controllers_msgs/srv/detail/dds_fastrtps/change_kinematics__type_support.cpp.o[0m
[ 45%] [32mBuilding CXX object CMakeFiles/robotnik_controllers_msgs__rosidl_typesupport_c.dir/rosidl_typesupport_c/robotnik_controllers_msgs/srv/set_odometry__type_support.cpp.o[0m
[ 47%] [32m[1mLinking CXX shared library librobotnik_controllers_msgs__rosidl_typesupport_c.so[0m
[ 50%] [32m[1mLinking CXX shared library librobotnik_controllers_msgs__rosidl_typesupport_introspection_cpp.so[0m
[ 50%] [32mBuilding C object CMakeFiles/robotnik_controllers_msgs__rosidl_typesupport_introspection_c.dir/rosidl_typesupport_introspection_c/robotnik_controllers_msgs/msg/detail/controller_state__type_support.c.o[0m
[ 52%] [32mBuilding C object CMakeFiles/robotnik_controllers_msgs__rosidl_typesupport_introspection_c.dir/rosidl_typesupport_introspection_c/robotnik_controllers_msgs/srv/detail/available_kinematics__type_support.c.o[0m
[ 54%] [32mBuilding C object CMakeFiles/robotnik_controllers_msgs__rosidl_typesupport_introspection_c.dir/rosidl_typesupport_introspection_c/robotnik_controllers_msgs/srv/detail/change_kinematics__type_support.c.o[0m
[ 56%] [32mBuilding C object CMakeFiles/robotnik_controllers_msgs__rosidl_typesupport_introspection_c.dir/rosidl_typesupport_introspection_c/robotnik_controllers_msgs/srv/detail/set_odometry__type_support.c.o[0m
[ 56%] Built target robotnik_controllers_msgs__rosidl_typesupport_c
[ 56%] Built target robotnik_controllers_msgs__rosidl_typesupport_introspection_cpp
[ 58%] [32m[1mLinking C shared library librobotnik_controllers_msgs__rosidl_typesupport_introspection_c.so[0m
[ 58%] Built target robotnik_controllers_msgs__rosidl_typesupport_introspection_c
[ 60%] [32mBuilding CXX object CMakeFiles/robotnik_controllers_msgs__rosidl_typesupport_cpp.dir/rosidl_typesupport_cpp/robotnik_controllers_msgs/msg/controller_state__type_support.cpp.o[0m
[ 61%] [32mBuilding CXX object CMakeFiles/robotnik_controllers_msgs__rosidl_typesupport_cpp.dir/rosidl_typesupport_cpp/robotnik_controllers_msgs/srv/available_kinematics__type_support.cpp.o[0m
[ 63%] [32mBuilding CXX object CMakeFiles/robotnik_controllers_msgs__rosidl_typesupport_cpp.dir/rosidl_typesupport_cpp/robotnik_controllers_msgs/srv/set_odometry__type_support.cpp.o[0m
[ 65%] [32mBuilding CXX object CMakeFiles/robotnik_controllers_msgs__rosidl_typesupport_cpp.dir/rosidl_typesupport_cpp/robotnik_controllers_msgs/srv/change_kinematics__type_support.cpp.o[0m
[ 67%] [32m[1mLinking CXX shared library librobotnik_controllers_msgs__rosidl_typesupport_fastrtps_cpp.so[0m
[ 67%] Built target robotnik_controllers_msgs__rosidl_typesupport_fastrtps_cpp
[ 69%] [32mBuilding CXX object CMakeFiles/robotnik_controllers_msgs__rosidl_typesupport_fastrtps_c.dir/rosidl_typesupport_fastrtps_c/robotnik_controllers_msgs/srv/detail/set_odometry__type_support_c.cpp.o[0m
[ 70%] [32mBuilding CXX object CMakeFiles/robotnik_controllers_msgs__rosidl_typesupport_fastrtps_c.dir/rosidl_typesupport_fastrtps_c/robotnik_controllers_msgs/srv/detail/change_kinematics__type_support_c.cpp.o[0m
[ 72%] [32mBuilding CXX object CMakeFiles/robotnik_controllers_msgs__rosidl_typesupport_fastrtps_c.dir/rosidl_typesupport_fastrtps_c/robotnik_controllers_msgs/srv/detail/available_kinematics__type_support_c.cpp.o[0m
[ 74%] [32mBuilding CXX object CMakeFiles/robotnik_controllers_msgs__rosidl_typesupport_fastrtps_c.dir/rosidl_typesupport_fastrtps_c/robotnik_controllers_msgs/msg/detail/controller_state__type_support_c.cpp.o[0m
[ 76%] [32m[1mLinking CXX shared library librobotnik_controllers_msgs__rosidl_typesupport_cpp.so[0m
[ 76%] Built target robotnik_controllers_msgs__rosidl_typesupport_cpp
[ 78%] [32m[1mLinking CXX shared library librobotnik_controllers_msgs__rosidl_typesupport_fastrtps_c.so[0m
[ 78%] Built target robotnik_controllers_msgs__rosidl_typesupport_fastrtps_c
[ 78%] Built target robotnik_controllers_msgs
[ 80%] [34m[1mGenerating Python code for ROS interfaces[0m
[ 80%] Built target robotnik_controllers_msgs__py
[ 81%] [32mBuilding C object CMakeFiles/robotnik_controllers_msgs__rosidl_generator_py.dir/rosidl_generator_py/robotnik_controllers_msgs/srv/_available_kinematics_s.c.o[0m
[ 83%] [32mBuilding C object CMakeFiles/robotnik_controllers_msgs__rosidl_generator_py.dir/rosidl_generator_py/robotnik_controllers_msgs/srv/_set_odometry_s.c.o[0m
[ 85%] [32mBuilding C object CMakeFiles/robotnik_controllers_msgs__rosidl_generator_py.dir/rosidl_generator_py/robotnik_controllers_msgs/msg/_controller_state_s.c.o[0m
[ 87%] [32mBuilding C object CMakeFiles/robotnik_controllers_msgs__rosidl_generator_py.dir/rosidl_generator_py/robotnik_controllers_msgs/srv/_change_kinematics_s.c.o[0m
[ 89%] [32m[1mLinking C shared library rosidl_generator_py/robotnik_controllers_msgs/librobotnik_controllers_msgs__rosidl_generator_py.so[0m
[ 89%] Built target robotnik_controllers_msgs__rosidl_generator_py
[ 90%] [32mBuilding C object CMakeFiles/robotnik_controllers_msgs__rosidl_typesupport_fastrtps_c__pyext.dir/rosidl_generator_py/robotnik_controllers_msgs/_robotnik_controllers_msgs_s.ep.rosidl_typesupport_fastrtps_c.c.o[0m
[ 92%] [32mBuilding C object CMakeFiles/robotnik_controllers_msgs__rosidl_typesupport_c__pyext.dir/rosidl_generator_py/robotnik_controllers_msgs/_robotnik_controllers_msgs_s.ep.rosidl_typesupport_c.c.o[0m
[ 94%] [32mBuilding C object CMakeFiles/robotnik_controllers_msgs__rosidl_typesupport_introspection_c__pyext.dir/rosidl_generator_py/robotnik_controllers_msgs/_robotnik_controllers_msgs_s.ep.rosidl_typesupport_introspection_c.c.o[0m
[ 96%] [32m[1mLinking C shared library rosidl_generator_py/robotnik_controllers_msgs/robotnik_controllers_msgs_s__rosidl_typesupport_c.cpython-310-x86_64-linux-gnu.so[0m
[ 96%] Built target robotnik_controllers_msgs__rosidl_typesupport_c__pyext
[ 98%] [32m[1mLinking C shared library rosidl_generator_py/robotnik_controllers_msgs/robotnik_controllers_msgs_s__rosidl_typesupport_fastrtps_c.cpython-310-x86_64-linux-gnu.so[0m
[100%] [32m[1mLinking C shared library rosidl_generator_py/robotnik_controllers_msgs/robotnik_controllers_msgs_s__rosidl_typesupport_introspection_c.cpython-310-x86_64-linux-gnu.so[0m
[100%] Built target robotnik_controllers_msgs__rosidl_typesupport_fastrtps_c__pyext
[100%] Built target robotnik_controllers_msgs__rosidl_typesupport_introspection_c__pyext
-- Install configuration: ""
-- Installing: /home/admin/ros2_ws/install/robotnik_controllers_msgs/share/ament_index/resource_index/rosidl_interfaces/robotnik_controllers_msgs
-- Installing: /home/admin/ros2_ws/install/robotnik_controllers_msgs/include/robotnik_controllers_msgs/robotnik_controllers_msgs
-- Installing: /home/admin/ros2_ws/install/robotnik_controllers_msgs/include/robotnik_controllers_msgs/robotnik_controllers_msgs/srv
-- Installing: /home/admin/ros2_ws/install/robotnik_controllers_msgs/include/robotnik_controllers_msgs/robotnik_controllers_msgs/srv/available_kinematics.h
-- Installing: /home/admin/ros2_ws/install/robotnik_controllers_msgs/include/robotnik_controllers_msgs/robotnik_controllers_msgs/srv/detail
-- Installing: /home/admin/ros2_ws/install/robotnik_controllers_msgs/include/robotnik_controllers_msgs/robotnik_controllers_msgs/srv/detail/set_odometry__type_support.h
-- Installing: /home/admin/ros2_ws/install/robotnik_controllers_msgs/include/robotnik_controllers_msgs/robotnik_controllers_msgs/srv/detail/available_kinematics__functions.c
-- Installing: /home/admin/ros2_ws/install/robotnik_controllers_msgs/include/robotnik_controllers_msgs/robotnik_controllers_msgs/srv/detail/set_odometry__functions.c
-- Installing: /home/admin/ros2_ws/install/robotnik_controllers_msgs/include/robotnik_controllers_msgs/robotnik_controllers_msgs/srv/detail/change_kinematics__functions.h
-- Installing: /home/admin/ros2_ws/install/robotnik_controllers_msgs/include/robotnik_controllers_msgs/robotnik_controllers_msgs/srv/detail/available_kinematics__struct.h
-- Installing: /home/admin/ros2_ws/install/robotnik_controllers_msgs/include/robotnik_controllers_msgs/robotnik_controllers_msgs/srv/detail/available_kinematics__type_support.h
-- Installing: /home/admin/ros2_ws/install/robotnik_controllers_msgs/include/robotnik_controllers_msgs/robotnik_controllers_msgs/srv/detail/set_odometry__functions.h
-- Installing: /home/admin/ros2_ws/install/robotnik_controllers_msgs/include/robotnik_controllers_msgs/robotnik_controllers_msgs/srv/detail/change_kinematics__type_support.h
-- Installing: /home/admin/ros2_ws/install/robotnik_controllers_msgs/include/robotnik_controllers_msgs/robotnik_controllers_msgs/srv/detail/change_kinematics__struct.h
-- Installing: /home/admin/ros2_ws/install/robotnik_controllers_msgs/include/robotnik_controllers_msgs/robotnik_controllers_msgs/srv/detail/change_kinematics__functions.c
-- Installing: /home/admin/ros2_ws/install/robotnik_controllers_msgs/include/robotnik_controllers_msgs/robotnik_controllers_msgs/srv/detail/set_odometry__struct.h
-- Installing: /home/admin/ros2_ws/install/robotnik_controllers_msgs/include/robotnik_controllers_msgs/robotnik_controllers_msgs/srv/detail/available_kinematics__functions.h
-- Installing: /home/admin/ros2_ws/install/robotnik_controllers_msgs/include/robotnik_controllers_msgs/robotnik_controllers_msgs/srv/change_kinematics.h
-- Installing: /home/admin/ros2_ws/install/robotnik_controllers_msgs/include/robotnik_controllers_msgs/robotnik_controllers_msgs/srv/set_odometry.h
-- Installing: /home/admin/ros2_ws/install/robotnik_controllers_msgs/include/robotnik_controllers_msgs/robotnik_controllers_msgs/msg
-- Installing: /home/admin/ros2_ws/install/robotnik_controllers_msgs/include/robotnik_controllers_msgs/robotnik_controllers_msgs/msg/rosidl_generator_c__visibility_control.h
-- Installing: /home/admin/ros2_ws/install/robotnik_controllers_msgs/include/robotnik_controllers_msgs/robotnik_controllers_msgs/msg/detail
-- Installing: /home/admin/ros2_ws/install/robotnik_controllers_msgs/include/robotnik_controllers_msgs/robotnik_controllers_msgs/msg/detail/controller_state__functions.c
-- Installing: /home/admin/ros2_ws/install/robotnik_controllers_msgs/include/robotnik_controllers_msgs/robotnik_controllers_msgs/msg/detail/controller_state__functions.h
-- Installing: /home/admin/ros2_ws/install/robotnik_controllers_msgs/include/robotnik_controllers_msgs/robotnik_controllers_msgs/msg/detail/controller_state__type_support.h
-- Installing: /home/admin/ros2_ws/install/robotnik_controllers_msgs/include/robotnik_controllers_msgs/robotnik_controllers_msgs/msg/detail/controller_state__struct.h
-- Installing: /home/admin/ros2_ws/install/robotnik_controllers_msgs/include/robotnik_controllers_msgs/robotnik_controllers_msgs/msg/controller_state.h
-- Installing: /home/admin/ros2_ws/install/robotnik_controllers_msgs/share/robotnik_controllers_msgs/environment/library_path.sh
-- Installing: /home/admin/ros2_ws/install/robotnik_controllers_msgs/share/robotnik_controllers_msgs/environment/library_path.dsv
-- Installing: /home/admin/ros2_ws/install/robotnik_controllers_msgs/lib/librobotnik_controllers_msgs__rosidl_generator_c.so
-- Set runtime path of "/home/admin/ros2_ws/install/robotnik_controllers_msgs/lib/librobotnik_controllers_msgs__rosidl_generator_c.so" to ""
-- Up-to-date: /home/admin/ros2_ws/install/robotnik_controllers_msgs/include/robotnik_controllers_msgs/robotnik_controllers_msgs
-- Up-to-date: /home/admin/ros2_ws/install/robotnik_controllers_msgs/include/robotnik_controllers_msgs/robotnik_controllers_msgs/srv
-- Up-to-date: /home/admin/ros2_ws/install/robotnik_controllers_msgs/include/robotnik_controllers_msgs/robotnik_controllers_msgs/srv/detail
-- Installing: /home/admin/ros2_ws/install/robotnik_controllers_msgs/include/robotnik_controllers_msgs/robotnik_controllers_msgs/srv/detail/change_kinematics__rosidl_typesupport_fastrtps_c.h
-- Installing: /home/admin/ros2_ws/install/robotnik_controllers_msgs/include/robotnik_controllers_msgs/robotnik_controllers_msgs/srv/detail/set_odometry__rosidl_typesupport_fastrtps_c.h
-- Installing: /home/admin/ros2_ws/install/robotnik_controllers_msgs/include/robotnik_controllers_msgs/robotnik_controllers_msgs/srv/detail/available_kinematics__rosidl_typesupport_fastrtps_c.h
-- Up-to-date: /home/admin/ros2_ws/install/robotnik_controllers_msgs/include/robotnik_controllers_msgs/robotnik_controllers_msgs/msg
-- Installing: /home/admin/ros2_ws/install/robotnik_controllers_msgs/include/robotnik_controllers_msgs/robotnik_controllers_msgs/msg/rosidl_typesupport_fastrtps_c__visibility_control.h
-- Up-to-date: /home/admin/ros2_ws/install/robotnik_controllers_msgs/include/robotnik_controllers_msgs/robotnik_controllers_msgs/msg/detail
-- Installing: /home/admin/ros2_ws/install/robotnik_controllers_msgs/include/robotnik_controllers_msgs/robotnik_controllers_msgs/msg/detail/controller_state__rosidl_typesupport_fastrtps_c.h
-- Installing: /home/admin/ros2_ws/install/robotnik_controllers_msgs/lib/librobotnik_controllers_msgs__rosidl_typesupport_fastrtps_c.so
-- Set runtime path of "/home/admin/ros2_ws/install/robotnik_controllers_msgs/lib/librobotnik_controllers_msgs__rosidl_typesupport_fastrtps_c.so" to ""
-- Up-to-date: /home/admin/ros2_ws/install/robotnik_controllers_msgs/include/robotnik_controllers_msgs/robotnik_controllers_msgs
-- Up-to-date: /home/admin/ros2_ws/install/robotnik_controllers_msgs/include/robotnik_controllers_msgs/robotnik_controllers_msgs/srv
-- Up-to-date: /home/admin/ros2_ws/install/robotnik_controllers_msgs/include/robotnik_controllers_msgs/robotnik_controllers_msgs/srv/detail
-- Installing: /home/admin/ros2_ws/install/robotnik_controllers_msgs/include/robotnik_controllers_msgs/robotnik_controllers_msgs/srv/detail/set_odometry__builder.hpp
-- Installing: /home/admin/ros2_ws/install/robotnik_controllers_msgs/include/robotnik_controllers_msgs/robotnik_controllers_msgs/srv/detail/available_kinematics__traits.hpp
-- Installing: /home/admin/ros2_ws/install/robotnik_controllers_msgs/include/robotnik_controllers_msgs/robotnik_controllers_msgs/srv/detail/available_kinematics__type_support.hpp
-- Installing: /home/admin/ros2_ws/install/robotnik_controllers_msgs/include/robotnik_controllers_msgs/robotnik_controllers_msgs/srv/detail/available_kinematics__builder.hpp
-- Installing: /home/admin/ros2_ws/install/robotnik_controllers_msgs/include/robotnik_controllers_msgs/robotnik_controllers_msgs/srv/detail/change_kinematics__traits.hpp
-- Installing: /home/admin/ros2_ws/install/robotnik_controllers_msgs/include/robotnik_controllers_msgs/robotnik_controllers_msgs/srv/detail/available_kinematics__struct.hpp
-- Installing: /home/admin/ros2_ws/install/robotnik_controllers_msgs/include/robotnik_controllers_msgs/robotnik_controllers_msgs/srv/detail/change_kinematics__type_support.hpp
-- Installing: /home/admin/ros2_ws/install/robotnik_controllers_msgs/include/robotnik_controllers_msgs/robotnik_controllers_msgs/srv/detail/set_odometry__type_support.hpp
-- Installing: /home/admin/ros2_ws/install/robotnik_controllers_msgs/include/robotnik_controllers_msgs/robotnik_controllers_msgs/srv/detail/change_kinematics__builder.hpp
-- Installing: /home/admin/ros2_ws/install/robotnik_controllers_msgs/include/robotnik_controllers_msgs/robotnik_controllers_msgs/srv/detail/set_odometry__traits.hpp
-- Installing: /home/admin/ros2_ws/install/robotnik_controllers_msgs/include/robotnik_controllers_msgs/robotnik_controllers_msgs/srv/detail/set_odometry__struct.hpp
-- Installing: /home/admin/ros2_ws/install/robotnik_controllers_msgs/include/robotnik_controllers_msgs/robotnik_controllers_msgs/srv/detail/change_kinematics__struct.hpp
-- Installing: /home/admin/ros2_ws/install/robotnik_controllers_msgs/include/robotnik_controllers_msgs/robotnik_controllers_msgs/srv/change_kinematics.hpp
-- Installing: /home/admin/ros2_ws/install/robotnik_controllers_msgs/include/robotnik_controllers_msgs/robotnik_controllers_msgs/srv/set_odometry.hpp
-- Installing: /home/admin/ros2_ws/install/robotnik_controllers_msgs/include/robotnik_controllers_msgs/robotnik_controllers_msgs/srv/available_kinematics.hpp
-- Up-to-date: /home/admin/ros2_ws/install/robotnik_controllers_msgs/include/robotnik_controllers_msgs/robotnik_controllers_msgs/msg
-- Installing: /home/admin/ros2_ws/install/robotnik_controllers_msgs/include/robotnik_controllers_msgs/robotnik_controllers_msgs/msg/rosidl_generator_cpp__visibility_control.hpp
-- Up-to-date: /home/admin/ros2_ws/install/robotnik_controllers_msgs/include/robotnik_controllers_msgs/robotnik_controllers_msgs/msg/detail
-- Installing: /home/admin/ros2_ws/install/robotnik_controllers_msgs/include/robotnik_controllers_msgs/robotnik_controllers_msgs/msg/detail/controller_state__builder.hpp
-- Installing: /home/admin/ros2_ws/install/robotnik_controllers_msgs/include/robotnik_controllers_msgs/robotnik_controllers_msgs/msg/detail/controller_state__struct.hpp
-- Installing: /home/admin/ros2_ws/install/robotnik_controllers_msgs/include/robotnik_controllers_msgs/robotnik_controllers_msgs/msg/detail/controller_state__traits.hpp
-- Installing: /home/admin/ros2_ws/install/robotnik_controllers_msgs/include/robotnik_controllers_msgs/robotnik_controllers_msgs/msg/detail/controller_state__type_support.hpp
-- Installing: /home/admin/ros2_ws/install/robotnik_controllers_msgs/include/robotnik_controllers_msgs/robotnik_controllers_msgs/msg/controller_state.hpp
-- Up-to-date: /home/admin/ros2_ws/install/robotnik_controllers_msgs/include/robotnik_controllers_msgs/robotnik_controllers_msgs
-- Up-to-date: /home/admin/ros2_ws/install/robotnik_controllers_msgs/include/robotnik_controllers_msgs/robotnik_controllers_msgs/srv
-- Up-to-date: /home/admin/ros2_ws/install/robotnik_controllers_msgs/include/robotnik_controllers_msgs/robotnik_controllers_msgs/srv/detail
-- Installing: /home/admin/ros2_ws/install/robotnik_controllers_msgs/include/robotnik_controllers_msgs/robotnik_controllers_msgs/srv/detail/set_odometry__rosidl_typesupport_fastrtps_cpp.hpp
-- Installing: /home/admin/ros2_ws/install/robotnik_controllers_msgs/include/robotnik_controllers_msgs/robotnik_controllers_msgs/srv/detail/dds_fastrtps
-- Installing: /home/admin/ros2_ws/install/robotnik_controllers_msgs/include/robotnik_controllers_msgs/robotnik_controllers_msgs/srv/detail/change_kinematics__rosidl_typesupport_fastrtps_cpp.hpp
-- Installing: /home/admin/ros2_ws/install/robotnik_controllers_msgs/include/robotnik_controllers_msgs/robotnik_controllers_msgs/srv/detail/available_kinematics__rosidl_typesupport_fastrtps_cpp.hpp
-- Up-to-date: /home/admin/ros2_ws/install/robotnik_controllers_msgs/include/robotnik_controllers_msgs/robotnik_controllers_msgs/msg
-- Installing: /home/admin/ros2_ws/install/robotnik_controllers_msgs/include/robotnik_controllers_msgs/robotnik_controllers_msgs/msg/rosidl_typesupport_fastrtps_cpp__visibility_control.h
-- Up-to-date: /home/admin/ros2_ws/install/robotnik_controllers_msgs/include/robotnik_controllers_msgs/robotnik_controllers_msgs/msg/detail
-- Installing: /home/admin/ros2_ws/install/robotnik_controllers_msgs/include/robotnik_controllers_msgs/robotnik_controllers_msgs/msg/detail/controller_state__rosidl_typesupport_fastrtps_cpp.hpp
-- Installing: /home/admin/ros2_ws/install/robotnik_controllers_msgs/include/robotnik_controllers_msgs/robotnik_controllers_msgs/msg/detail/dds_fastrtps
-- Installing: /home/admin/ros2_ws/install/robotnik_controllers_msgs/lib/librobotnik_controllers_msgs__rosidl_typesupport_fastrtps_cpp.so
-- Set runtime path of "/home/admin/ros2_ws/install/robotnik_controllers_msgs/lib/librobotnik_controllers_msgs__rosidl_typesupport_fastrtps_cpp.so" to ""
-- Up-to-date: /home/admin/ros2_ws/install/robotnik_controllers_msgs/include/robotnik_controllers_msgs/robotnik_controllers_msgs
-- Up-to-date: /home/admin/ros2_ws/install/robotnik_controllers_msgs/include/robotnik_controllers_msgs/robotnik_controllers_msgs/srv
-- Up-to-date: /home/admin/ros2_ws/install/robotnik_controllers_msgs/include/robotnik_controllers_msgs/robotnik_controllers_msgs/srv/detail
-- Installing: /home/admin/ros2_ws/install/robotnik_controllers_msgs/include/robotnik_controllers_msgs/robotnik_controllers_msgs/srv/detail/change_kinematics__type_support.c
-- Installing: /home/admin/ros2_ws/install/robotnik_controllers_msgs/include/robotnik_controllers_msgs/robotnik_controllers_msgs/srv/detail/available_kinematics__rosidl_typesupport_introspection_c.h
-- Installing: /home/admin/ros2_ws/install/robotnik_controllers_msgs/include/robotnik_controllers_msgs/robotnik_controllers_msgs/srv/detail/set_odometry__rosidl_typesupport_introspection_c.h
-- Installing: /home/admin/ros2_ws/install/robotnik_controllers_msgs/include/robotnik_controllers_msgs/robotnik_controllers_msgs/srv/detail/change_kinematics__rosidl_typesupport_introspection_c.h
-- Installing: /home/admin/ros2_ws/install/robotnik_controllers_msgs/include/robotnik_controllers_msgs/robotnik_controllers_msgs/srv/detail/set_odometry__type_support.c
-- Installing: /home/admin/ros2_ws/install/robotnik_controllers_msgs/include/robotnik_controllers_msgs/robotnik_controllers_msgs/srv/detail/available_kinematics__type_support.c
-- Up-to-date: /home/admin/ros2_ws/install/robotnik_controllers_msgs/include/robotnik_controllers_msgs/robotnik_controllers_msgs/msg
-- Up-to-date: /home/admin/ros2_ws/install/robotnik_controllers_msgs/include/robotnik_controllers_msgs/robotnik_controllers_msgs/msg/detail
-- Installing: /home/admin/ros2_ws/install/robotnik_controllers_msgs/include/robotnik_controllers_msgs/robotnik_controllers_msgs/msg/detail/controller_state__rosidl_typesupport_introspection_c.h
-- Installing: /home/admin/ros2_ws/install/robotnik_controllers_msgs/include/robotnik_controllers_msgs/robotnik_controllers_msgs/msg/detail/controller_state__type_support.c
-- Installing: /home/admin/ros2_ws/install/robotnik_controllers_msgs/include/robotnik_controllers_msgs/robotnik_controllers_msgs/msg/rosidl_typesupport_introspection_c__visibility_control.h
-- Installing: /home/admin/ros2_ws/install/robotnik_controllers_msgs/lib/librobotnik_controllers_msgs__rosidl_typesupport_introspection_c.so
-- Set runtime path of "/home/admin/ros2_ws/install/robotnik_controllers_msgs/lib/librobotnik_controllers_msgs__rosidl_typesupport_introspection_c.so" to ""
-- Installing: /home/admin/ros2_ws/install/robotnik_controllers_msgs/lib/librobotnik_controllers_msgs__rosidl_typesupport_c.so
-- Set runtime path of "/home/admin/ros2_ws/install/robotnik_controllers_msgs/lib/librobotnik_controllers_msgs__rosidl_typesupport_c.so" to ""
-- Up-to-date: /home/admin/ros2_ws/install/robotnik_controllers_msgs/include/robotnik_controllers_msgs/robotnik_controllers_msgs
-- Up-to-date: /home/admin/ros2_ws/install/robotnik_controllers_msgs/include/robotnik_controllers_msgs/robotnik_controllers_msgs/srv
-- Up-to-date: /home/admin/ros2_ws/install/robotnik_controllers_msgs/include/robotnik_controllers_msgs/robotnik_controllers_msgs/srv/detail
-- Installing: /home/admin/ros2_ws/install/robotnik_controllers_msgs/include/robotnik_controllers_msgs/robotnik_controllers_msgs/srv/detail/set_odometry__rosidl_typesupport_introspection_cpp.hpp
-- Installing: /home/admin/ros2_ws/install/robotnik_controllers_msgs/include/robotnik_controllers_msgs/robotnik_controllers_msgs/srv/detail/set_odometry__type_support.cpp
-- Installing: /home/admin/ros2_ws/install/robotnik_controllers_msgs/include/robotnik_controllers_msgs/robotnik_controllers_msgs/srv/detail/available_kinematics__type_support.cpp
-- Installing: /home/admin/ros2_ws/install/robotnik_controllers_msgs/include/robotnik_controllers_msgs/robotnik_controllers_msgs/srv/detail/available_kinematics__rosidl_typesupport_introspection_cpp.hpp
-- Installing: /home/admin/ros2_ws/install/robotnik_controllers_msgs/include/robotnik_controllers_msgs/robotnik_controllers_msgs/srv/detail/change_kinematics__rosidl_typesupport_introspection_cpp.hpp
-- Installing: /home/admin/ros2_ws/install/robotnik_controllers_msgs/include/robotnik_controllers_msgs/robotnik_controllers_msgs/srv/detail/change_kinematics__type_support.cpp
-- Up-to-date: /home/admin/ros2_ws/install/robotnik_controllers_msgs/include/robotnik_controllers_msgs/robotnik_controllers_msgs/msg
-- Up-to-date: /home/admin/ros2_ws/install/robotnik_controllers_msgs/include/robotnik_controllers_msgs/robotnik_controllers_msgs/msg/detail
-- Installing: /home/admin/ros2_ws/install/robotnik_controllers_msgs/include/robotnik_controllers_msgs/robotnik_controllers_msgs/msg/detail/controller_state__type_support.cpp
-- Installing: /home/admin/ros2_ws/install/robotnik_controllers_msgs/include/robotnik_controllers_msgs/robotnik_controllers_msgs/msg/detail/controller_state__rosidl_typesupport_introspection_cpp.hpp
-- Installing: /home/admin/ros2_ws/install/robotnik_controllers_msgs/lib/librobotnik_controllers_msgs__rosidl_typesupport_introspection_cpp.so
-- Set runtime path of "/home/admin/ros2_ws/install/robotnik_controllers_msgs/lib/librobotnik_controllers_msgs__rosidl_typesupport_introspection_cpp.so" to ""
-- Installing: /home/admin/ros2_ws/install/robotnik_controllers_msgs/lib/librobotnik_controllers_msgs__rosidl_typesupport_cpp.so
-- Set runtime path of "/home/admin/ros2_ws/install/robotnik_controllers_msgs/lib/librobotnik_controllers_msgs__rosidl_typesupport_cpp.so" to ""
-- Installing: /home/admin/ros2_ws/install/robotnik_controllers_msgs/share/robotnik_controllers_msgs/environment/pythonpath.sh
-- Installing: /home/admin/ros2_ws/install/robotnik_controllers_msgs/share/robotnik_controllers_msgs/environment/pythonpath.dsv
-- Installing: /home/admin/ros2_ws/install/robotnik_controllers_msgs/local/lib/python3.10/dist-packages/robotnik_controllers_msgs-1.0.0-py3.10.egg-info
-- Installing: /home/admin/ros2_ws/install/robotnik_controllers_msgs/local/lib/python3.10/dist-packages/robotnik_controllers_msgs-1.0.0-py3.10.egg-info/PKG-INFO
-- Installing: /home/admin/ros2_ws/install/robotnik_controllers_msgs/local/lib/python3.10/dist-packages/robotnik_controllers_msgs-1.0.0-py3.10.egg-info/SOURCES.txt
-- Installing: /home/admin/ros2_ws/install/robotnik_controllers_msgs/local/lib/python3.10/dist-packages/robotnik_controllers_msgs-1.0.0-py3.10.egg-info/dependency_links.txt
-- Installing: /home/admin/ros2_ws/install/robotnik_controllers_msgs/local/lib/python3.10/dist-packages/robotnik_controllers_msgs-1.0.0-py3.10.egg-info/top_level.txt
-- Installing: /home/admin/ros2_ws/install/robotnik_controllers_msgs/local/lib/python3.10/dist-packages/robotnik_controllers_msgs
-- Installing: /home/admin/ros2_ws/install/robotnik_controllers_msgs/local/lib/python3.10/dist-packages/robotnik_controllers_msgs/_robotnik_controllers_msgs_s.ep.rosidl_typesupport_fastrtps_c.c
-- Installing: /home/admin/ros2_ws/install/robotnik_controllers_msgs/local/lib/python3.10/dist-packages/robotnik_controllers_msgs/_robotnik_controllers_msgs_s.ep.rosidl_typesupport_c.c
-- Installing: /home/admin/ros2_ws/install/robotnik_controllers_msgs/local/lib/python3.10/dist-packages/robotnik_controllers_msgs/robotnik_controllers_msgs_s__rosidl_typesupport_fastrtps_c.cpython-310-x86_64-linux-gnu.so
-- Installing: /home/admin/ros2_ws/install/robotnik_controllers_msgs/local/lib/python3.10/dist-packages/robotnik_controllers_msgs/_robotnik_controllers_msgs_s.ep.rosidl_typesupport_introspection_c.c
-- Installing: /home/admin/ros2_ws/install/robotnik_controllers_msgs/local/lib/python3.10/dist-packages/robotnik_controllers_msgs/__init__.py
-- Installing: /home/admin/ros2_ws/install/robotnik_controllers_msgs/local/lib/python3.10/dist-packages/robotnik_controllers_msgs/robotnik_controllers_msgs_s__rosidl_typesupport_c.cpython-310-x86_64-linux-gnu.so
-- Installing: /home/admin/ros2_ws/install/robotnik_controllers_msgs/local/lib/python3.10/dist-packages/robotnik_controllers_msgs/srv
-- Installing: /home/admin/ros2_ws/install/robotnik_controllers_msgs/local/lib/python3.10/dist-packages/robotnik_controllers_msgs/srv/_set_odometry.py
-- Installing: /home/admin/ros2_ws/install/robotnik_controllers_msgs/local/lib/python3.10/dist-packages/robotnik_controllers_msgs/srv/_change_kinematics.py
-- Installing: /home/admin/ros2_ws/install/robotnik_controllers_msgs/local/lib/python3.10/dist-packages/robotnik_controllers_msgs/srv/_available_kinematics_s.c
-- Installing: /home/admin/ros2_ws/install/robotnik_controllers_msgs/local/lib/python3.10/dist-packages/robotnik_controllers_msgs/srv/_change_kinematics_s.c
-- Installing: /home/admin/ros2_ws/install/robotnik_controllers_msgs/local/lib/python3.10/dist-packages/robotnik_controllers_msgs/srv/_available_kinematics.py
-- Installing: /home/admin/ros2_ws/install/robotnik_controllers_msgs/local/lib/python3.10/dist-packages/robotnik_controllers_msgs/srv/_set_odometry_s.c
-- Installing: /home/admin/ros2_ws/install/robotnik_controllers_msgs/local/lib/python3.10/dist-packages/robotnik_controllers_msgs/srv/__init__.py
-- Installing: /home/admin/ros2_ws/install/robotnik_controllers_msgs/local/lib/python3.10/dist-packages/robotnik_controllers_msgs/msg
-- Installing: /home/admin/ros2_ws/install/robotnik_controllers_msgs/local/lib/python3.10/dist-packages/robotnik_controllers_msgs/msg/__init__.py
-- Installing: /home/admin/ros2_ws/install/robotnik_controllers_msgs/local/lib/python3.10/dist-packages/robotnik_controllers_msgs/msg/_controller_state.py
-- Installing: /home/admin/ros2_ws/install/robotnik_controllers_msgs/local/lib/python3.10/dist-packages/robotnik_controllers_msgs/msg/_controller_state_s.c
-- Installing: /home/admin/ros2_ws/install/robotnik_controllers_msgs/local/lib/python3.10/dist-packages/robotnik_controllers_msgs/robotnik_controllers_msgs_s__rosidl_typesupport_introspection_c.cpython-310-x86_64-linux-gnu.so
-- Installing: /home/admin/ros2_ws/install/robotnik_controllers_msgs/local/lib/python3.10/dist-packages/robotnik_controllers_msgs/librobotnik_controllers_msgs__rosidl_generator_py.so
Listing '/home/admin/ros2_ws/install/robotnik_controllers_msgs/local/lib/python3.10/dist-packages/robotnik_controllers_msgs'...
Compiling '/home/admin/ros2_ws/install/robotnik_controllers_msgs/local/lib/python3.10/dist-packages/robotnik_controllers_msgs/__init__.py'...
Listing '/home/admin/ros2_ws/install/robotnik_controllers_msgs/local/lib/python3.10/dist-packages/robotnik_controllers_msgs/msg'...
Compiling '/home/admin/ros2_ws/install/robotnik_controllers_msgs/local/lib/python3.10/dist-packages/robotnik_controllers_msgs/msg/__init__.py'...
Compiling '/home/admin/ros2_ws/install/robotnik_controllers_msgs/local/lib/python3.10/dist-packages/robotnik_controllers_msgs/msg/_controller_state.py'...
Listing '/home/admin/ros2_ws/install/robotnik_controllers_msgs/local/lib/python3.10/dist-packages/robotnik_controllers_msgs/srv'...
Compiling '/home/admin/ros2_ws/install/robotnik_controllers_msgs/local/lib/python3.10/dist-packages/robotnik_controllers_msgs/srv/__init__.py'...
Compiling '/home/admin/ros2_ws/install/robotnik_controllers_msgs/local/lib/python3.10/dist-packages/robotnik_controllers_msgs/srv/_available_kinematics.py'...
Compiling '/home/admin/ros2_ws/install/robotnik_controllers_msgs/local/lib/python3.10/dist-packages/robotnik_controllers_msgs/srv/_change_kinematics.py'...
Compiling '/home/admin/ros2_ws/install/robotnik_controllers_msgs/local/lib/python3.10/dist-packages/robotnik_controllers_msgs/srv/_set_odometry.py'...
-- Installing: /home/admin/ros2_ws/install/robotnik_controllers_msgs/local/lib/python3.10/dist-packages/robotnik_controllers_msgs/robotnik_controllers_msgs_s__rosidl_typesupport_fastrtps_c.cpython-310-x86_64-linux-gnu.so
-- Set runtime path of "/home/admin/ros2_ws/install/robotnik_controllers_msgs/local/lib/python3.10/dist-packages/robotnik_controllers_msgs/robotnik_controllers_msgs_s__rosidl_typesupport_fastrtps_c.cpython-310-x86_64-linux-gnu.so" to ""
-- Installing: /home/admin/ros2_ws/install/robotnik_controllers_msgs/local/lib/python3.10/dist-packages/robotnik_controllers_msgs/robotnik_controllers_msgs_s__rosidl_typesupport_introspection_c.cpython-310-x86_64-linux-gnu.so
-- Set runtime path of "/home/admin/ros2_ws/install/robotnik_controllers_msgs/local/lib/python3.10/dist-packages/robotnik_controllers_msgs/robotnik_controllers_msgs_s__rosidl_typesupport_introspection_c.cpython-310-x86_64-linux-gnu.so" to ""
-- Installing: /home/admin/ros2_ws/install/robotnik_controllers_msgs/local/lib/python3.10/dist-packages/robotnik_controllers_msgs/robotnik_controllers_msgs_s__rosidl_typesupport_c.cpython-310-x86_64-linux-gnu.so
-- Set runtime path of "/home/admin/ros2_ws/install/robotnik_controllers_msgs/local/lib/python3.10/dist-packages/robotnik_controllers_msgs/robotnik_controllers_msgs_s__rosidl_typesupport_c.cpython-310-x86_64-linux-gnu.so" to ""
-- Installing: /home/admin/ros2_ws/install/robotnik_controllers_msgs/lib/librobotnik_controllers_msgs__rosidl_generator_py.so
-- Set runtime path of "/home/admin/ros2_ws/install/robotnik_controllers_msgs/lib/librobotnik_controllers_msgs__rosidl_generator_py.so" to ""
-- Installing: /home/admin/ros2_ws/install/robotnik_controllers_msgs/share/robotnik_controllers_msgs/msg/ControllerState.idl
-- Installing: /home/admin/ros2_ws/install/robotnik_controllers_msgs/share/robotnik_controllers_msgs/srv/AvailableKinematics.idl
-- Installing: /home/admin/ros2_ws/install/robotnik_controllers_msgs/share/robotnik_controllers_msgs/srv/ChangeKinematics.idl
-- Installing: /home/admin/ros2_ws/install/robotnik_controllers_msgs/share/robotnik_controllers_msgs/srv/SetOdometry.idl
-- Installing: /home/admin/ros2_ws/install/robotnik_controllers_msgs/share/robotnik_controllers_msgs/msg/ControllerState.msg
-- Installing: /home/admin/ros2_ws/install/robotnik_controllers_msgs/share/robotnik_controllers_msgs/srv/AvailableKinematics.srv
-- Installing: /home/admin/ros2_ws/install/robotnik_controllers_msgs/share/robotnik_controllers_msgs/srv/AvailableKinematics_Request.msg
-- Installing: /home/admin/ros2_ws/install/robotnik_controllers_msgs/share/robotnik_controllers_msgs/srv/AvailableKinematics_Response.msg
-- Installing: /home/admin/ros2_ws/install/robotnik_controllers_msgs/share/robotnik_controllers_msgs/srv/ChangeKinematics.srv
-- Installing: /home/admin/ros2_ws/install/robotnik_controllers_msgs/share/robotnik_controllers_msgs/srv/ChangeKinematics_Request.msg
-- Installing: /home/admin/ros2_ws/install/robotnik_controllers_msgs/share/robotnik_controllers_msgs/srv/ChangeKinematics_Response.msg
-- Installing: /home/admin/ros2_ws/install/robotnik_controllers_msgs/share/robotnik_controllers_msgs/srv/SetOdometry.srv
-- Installing: /home/admin/ros2_ws/install/robotnik_controllers_msgs/share/robotnik_controllers_msgs/srv/SetOdometry_Request.msg
-- Installing: /home/admin/ros2_ws/install/robotnik_controllers_msgs/share/robotnik_controllers_msgs/srv/SetOdometry_Response.msg
-- Installing: /home/admin/ros2_ws/install/robotnik_controllers_msgs/share/ament_index/resource_index/package_run_dependencies/robotnik_controllers_msgs
-- Installing: /home/admin/ros2_ws/install/robotnik_controllers_msgs/share/ament_index/resource_index/parent_prefix_path/robotnik_controllers_msgs
-- Installing: /home/admin/ros2_ws/install/robotnik_controllers_msgs/share/robotnik_controllers_msgs/environment/ament_prefix_path.sh
-- Installing: /home/admin/ros2_ws/install/robotnik_controllers_msgs/share/robotnik_controllers_msgs/environment/ament_prefix_path.dsv
-- Installing: /home/admin/ros2_ws/install/robotnik_controllers_msgs/share/robotnik_controllers_msgs/environment/path.sh
-- Installing: /home/admin/ros2_ws/install/robotnik_controllers_msgs/share/robotnik_controllers_msgs/environment/path.dsv
-- Installing: /home/admin/ros2_ws/install/robotnik_controllers_msgs/share/robotnik_controllers_msgs/local_setup.bash
-- Installing: /home/admin/ros2_ws/install/robotnik_controllers_msgs/share/robotnik_controllers_msgs/local_setup.sh
-- Installing: /home/admin/ros2_ws/install/robotnik_controllers_msgs/share/robotnik_controllers_msgs/local_setup.zsh
-- Installing: /home/admin/ros2_ws/install/robotnik_controllers_msgs/share/robotnik_controllers_msgs/local_setup.dsv
-- Installing: /home/admin/ros2_ws/install/robotnik_controllers_msgs/share/robotnik_controllers_msgs/package.dsv
-- Installing: /home/admin/ros2_ws/install/robotnik_controllers_msgs/share/ament_index/resource_index/packages/robotnik_controllers_msgs
-- Installing: /home/admin/ros2_ws/install/robotnik_controllers_msgs/share/robotnik_controllers_msgs/cmake/export_robotnik_controllers_msgs__rosidl_generator_cExport.cmake
-- Installing: /home/admin/ros2_ws/install/robotnik_controllers_msgs/share/robotnik_controllers_msgs/cmake/export_robotnik_controllers_msgs__rosidl_generator_cExport-noconfig.cmake
-- Installing: /home/admin/ros2_ws/install/robotnik_controllers_msgs/share/robotnik_controllers_msgs/cmake/export_robotnik_controllers_msgs__rosidl_typesupport_fastrtps_cExport.cmake
-- Installing: /home/admin/ros2_ws/install/robotnik_controllers_msgs/share/robotnik_controllers_msgs/cmake/export_robotnik_controllers_msgs__rosidl_typesupport_fastrtps_cExport-noconfig.cmake
-- Installing: /home/admin/ros2_ws/install/robotnik_controllers_msgs/share/robotnik_controllers_msgs/cmake/export_robotnik_controllers_msgs__rosidl_generator_cppExport.cmake
-- Installing: /home/admin/ros2_ws/install/robotnik_controllers_msgs/share/robotnik_controllers_msgs/cmake/export_robotnik_controllers_msgs__rosidl_typesupport_fastrtps_cppExport.cmake
-- Installing: /home/admin/ros2_ws/install/robotnik_controllers_msgs/share/robotnik_controllers_msgs/cmake/export_robotnik_controllers_msgs__rosidl_typesupport_fastrtps_cppExport-noconfig.cmake
-- Installing: /home/admin/ros2_ws/install/robotnik_controllers_msgs/share/robotnik_controllers_msgs/cmake/robotnik_controllers_msgs__rosidl_typesupport_introspection_cExport.cmake
-- Installing: /home/admin/ros2_ws/install/robotnik_controllers_msgs/share/robotnik_controllers_msgs/cmake/robotnik_controllers_msgs__rosidl_typesupport_introspection_cExport-noconfig.cmake
-- Installing: /home/admin/ros2_ws/install/robotnik_controllers_msgs/share/robotnik_controllers_msgs/cmake/robotnik_controllers_msgs__rosidl_typesupport_cExport.cmake
-- Installing: /home/admin/ros2_ws/install/robotnik_controllers_msgs/share/robotnik_controllers_msgs/cmake/robotnik_controllers_msgs__rosidl_typesupport_cExport-noconfig.cmake
-- Installing: /home/admin/ros2_ws/install/robotnik_controllers_msgs/share/robotnik_controllers_msgs/cmake/robotnik_controllers_msgs__rosidl_typesupport_introspection_cppExport.cmake
-- Installing: /home/admin/ros2_ws/install/robotnik_controllers_msgs/share/robotnik_controllers_msgs/cmake/robotnik_controllers_msgs__rosidl_typesupport_introspection_cppExport-noconfig.cmake
-- Installing: /home/admin/ros2_ws/install/robotnik_controllers_msgs/share/robotnik_controllers_msgs/cmake/robotnik_controllers_msgs__rosidl_typesupport_cppExport.cmake
-- Installing: /home/admin/ros2_ws/install/robotnik_controllers_msgs/share/robotnik_controllers_msgs/cmake/robotnik_controllers_msgs__rosidl_typesupport_cppExport-noconfig.cmake
-- Installing: /home/admin/ros2_ws/install/robotnik_controllers_msgs/share/robotnik_controllers_msgs/cmake/export_robotnik_controllers_msgs__rosidl_generator_pyExport.cmake
-- Installing: /home/admin/ros2_ws/install/robotnik_controllers_msgs/share/robotnik_controllers_msgs/cmake/export_robotnik_controllers_msgs__rosidl_generator_pyExport-noconfig.cmake
-- Installing: /home/admin/ros2_ws/install/robotnik_controllers_msgs/share/robotnik_controllers_msgs/cmake/rosidl_cmake-extras.cmake
-- Installing: /home/admin/ros2_ws/install/robotnik_controllers_msgs/share/robotnik_controllers_msgs/cmake/ament_cmake_export_dependencies-extras.cmake
-- Installing: /home/admin/ros2_ws/install/robotnik_controllers_msgs/share/robotnik_controllers_msgs/cmake/ament_cmake_export_include_directories-extras.cmake
-- Installing: /home/admin/ros2_ws/install/robotnik_controllers_msgs/share/robotnik_controllers_msgs/cmake/ament_cmake_export_libraries-extras.cmake
-- Installing: /home/admin/ros2_ws/install/robotnik_controllers_msgs/share/robotnik_controllers_msgs/cmake/ament_cmake_export_targets-extras.cmake
-- Installing: /home/admin/ros2_ws/install/robotnik_controllers_msgs/share/robotnik_controllers_msgs/cmake/rosidl_cmake_export_typesupport_targets-extras.cmake
-- Installing: /home/admin/ros2_ws/install/robotnik_controllers_msgs/share/robotnik_controllers_msgs/cmake/rosidl_cmake_export_typesupport_libraries-extras.cmake
-- Installing: /home/admin/ros2_ws/install/robotnik_controllers_msgs/share/robotnik_controllers_msgs/cmake/robotnik_controllers_msgsConfig.cmake
-- Installing: /home/admin/ros2_ws/install/robotnik_controllers_msgs/share/robotnik_controllers_msgs/cmake/robotnik_controllers_msgsConfig-version.cmake
-- Installing: /home/admin/ros2_ws/install/robotnik_controllers_msgs/share/robotnik_controllers_msgs/package.xml
