[0.015s] Invoking command in '/home/admin/ros2_ws/build/robotnik_controllers_msgs': CMAKE_PREFIX_PATH=/home/admin/ros2_ws/install/robotnik_common_msgs:/home/admin/ros2_ws/install/robotnik_supervisor_msgs:/home/admin/ros2_ws/install/robotnik_gazebo_ignition:/home/admin/ros2_ws/install/robotnik_gazebo_classic:/home/admin/ros2_ws/install/robotnik_description:/home/admin/ros2_ws/install/robotnik_sensors:/home/admin/ros2_ws/install/robotnik_interfaces:/home/admin/ros2_ws/install/robotnik_safety_msgs:/home/admin/ros2_ws/install/robotnik_perception_msgs:/home/admin/ros2_ws/install/robotnik_navigation_msgs:/home/admin/ros2_ws/install/robotnik_io_msgs:/home/admin/ros2_ws/install/robotnik_controllers_msgs:/home/admin/ros2_ws/install/robotnik_common:/home/admin/ros2_ws/install/robotnik_battery_msgs:/home/admin/ros2_ws/install/custom_gz:/opt/ros/humble LD_LIBRARY_PATH=/home/admin/ros2_ws/install/robotnik_common_msgs/lib:/home/admin/ros2_ws/install/robotnik_supervisor_msgs/lib:/home/admin/ros2_ws/install/robotnik_perception_msgs/lib:/home/admin/ros2_ws/install/robotnik_navigation_msgs/lib:/home/admin/ros2_ws/install/robotnik_io_msgs/lib:/home/admin/ros2_ws/install/robotnik_controllers_msgs/lib:/home/admin/ros2_ws/install/robotnik_battery_msgs/lib:/usr/lib/x86_64-linux-gnu/gazebo-11/plugins:/opt/ros/humble/opt/rviz_ogre_vendor/lib:/opt/ros/humble/lib/x86_64-linux-gnu:/opt/ros/humble/lib /usr/bin/cmake /home/admin/ros2_ws/src/robotnik_interfaces/robotnik_controllers_msgs -DCMAKE_INSTALL_PREFIX=/home/admin/ros2_ws/install/robotnik_controllers_msgs
[0.072s] -- The C compiler identification is GNU 11.4.0
[0.123s] -- The CXX compiler identification is GNU 11.4.0
[0.131s] -- Detecting C compiler ABI info
[0.196s] -- Detecting C compiler ABI info - done
[0.202s] -- Check for working C compiler: /usr/bin/cc - skipped
[0.202s] -- Detecting C compile features
[0.202s] -- Detecting C compile features - done
[0.205s] -- Detecting CXX compiler ABI info
[0.280s] -- Detecting CXX compiler ABI info - done
[0.286s] -- Check for working CXX compiler: /usr/bin/c++ - skipped
[0.286s] -- Detecting CXX compile features
[0.287s] -- Detecting CXX compile features - done
[0.289s] -- Found ament_cmake: 1.3.11 (/opt/ros/humble/share/ament_cmake/cmake)
[0.427s] -- Found Python3: /usr/bin/python3 (found version "3.10.12") found components: Interpreter 
[0.507s] -- Found builtin_interfaces: 1.2.1 (/opt/ros/humble/share/builtin_interfaces/cmake)
[0.540s] -- Found rosidl_generator_c: 3.1.6 (/opt/ros/humble/share/rosidl_generator_c/cmake)
[0.544s] -- Found rosidl_adapter: 3.1.6 (/opt/ros/humble/share/rosidl_adapter/cmake)
[0.551s] -- Found rosidl_generator_cpp: 3.1.6 (/opt/ros/humble/share/rosidl_generator_cpp/cmake)
[0.561s] -- Using all available rosidl_typesupport_c: rosidl_typesupport_fastrtps_c;rosidl_typesupport_introspection_c
[0.573s] -- Using all available rosidl_typesupport_cpp: rosidl_typesupport_fastrtps_cpp;rosidl_typesupport_introspection_cpp
[0.586s] -- Found rosidl_default_generators: 1.2.0 (/opt/ros/humble/share/rosidl_default_generators/cmake)
[0.593s] -- Found robotnik_common_msgs: 1.0.0 (/home/admin/ros2_ws/install/robotnik_common_msgs/share/robotnik_common_msgs/cmake)
[0.603s] -- Found std_msgs: 4.9.0 (/opt/ros/humble/share/std_msgs/cmake)
[0.888s] -- Found ament_cmake_cppcheck: 0.12.12 (/opt/ros/humble/share/ament_cmake_cppcheck/cmake)
[0.892s] -- Found ament_cmake_cpplint: 0.12.12 (/opt/ros/humble/share/ament_cmake_cpplint/cmake)
[0.894s] -- Found ament_cmake_uncrustify: 0.12.12 (/opt/ros/humble/share/ament_cmake_uncrustify/cmake)
[0.897s] -- Found ament_cmake_ros: 0.10.0 (/opt/ros/humble/share/ament_cmake_ros/cmake)
[1.246s] -- Using all available rosidl_typesupport_c: rosidl_typesupport_fastrtps_c;rosidl_typesupport_introspection_c
[1.375s] -- Using all available rosidl_typesupport_cpp: rosidl_typesupport_fastrtps_cpp;rosidl_typesupport_introspection_cpp
[1.397s] -- Found PythonInterp: /usr/bin/python3 (found suitable version "3.10.12", minimum required is "3.6") 
[1.399s] -- Found python_cmake_module: 0.10.0 (/opt/ros/humble/share/python_cmake_module/cmake)
[1.427s] -- Found PythonLibs: /usr/lib/x86_64-linux-gnu/libpython3.10.so (found suitable version "3.10.12", minimum required is "3.5") 
[1.428s] -- Using PYTHON_EXECUTABLE: /usr/bin/python3
[1.428s] -- Using PYTHON_INCLUDE_DIRS: /usr/include/python3.10
[1.428s] -- Using PYTHON_LIBRARIES: /usr/lib/x86_64-linux-gnu/libpython3.10.so
[1.449s] -- Found PythonExtra: .so  
[1.515s] -- Found ament_cmake_flake8: 0.12.12 (/opt/ros/humble/share/ament_cmake_flake8/cmake)
[1.518s] -- Found ament_cmake_pep257: 0.12.12 (/opt/ros/humble/share/ament_cmake_pep257/cmake)
[1.522s] -- Found ament_lint_auto: 0.12.12 (/opt/ros/humble/share/ament_lint_auto/cmake)
[1.545s] -- Added test 'copyright' to check source files copyright and LICENSE
[1.545s] -- Added test 'lint_cmake' to check CMake code style
[1.546s] -- Added test 'xmllint' to check XML markup files
[1.548s] -- Configuring done
[1.597s] -- Generating done
[1.619s] -- Build files have been written to: /home/admin/ros2_ws/build/robotnik_controllers_msgs
[1.634s] Invoked command in '/home/admin/ros2_ws/build/robotnik_controllers_msgs' returned '0': CMAKE_PREFIX_PATH=/home/admin/ros2_ws/install/robotnik_common_msgs:/home/admin/ros2_ws/install/robotnik_supervisor_msgs:/home/admin/ros2_ws/install/robotnik_gazebo_ignition:/home/admin/ros2_ws/install/robotnik_gazebo_classic:/home/admin/ros2_ws/install/robotnik_description:/home/admin/ros2_ws/install/robotnik_sensors:/home/admin/ros2_ws/install/robotnik_interfaces:/home/admin/ros2_ws/install/robotnik_safety_msgs:/home/admin/ros2_ws/install/robotnik_perception_msgs:/home/admin/ros2_ws/install/robotnik_navigation_msgs:/home/admin/ros2_ws/install/robotnik_io_msgs:/home/admin/ros2_ws/install/robotnik_controllers_msgs:/home/admin/ros2_ws/install/robotnik_common:/home/admin/ros2_ws/install/robotnik_battery_msgs:/home/admin/ros2_ws/install/custom_gz:/opt/ros/humble LD_LIBRARY_PATH=/home/admin/ros2_ws/install/robotnik_common_msgs/lib:/home/admin/ros2_ws/install/robotnik_supervisor_msgs/lib:/home/admin/ros2_ws/install/robotnik_perception_msgs/lib:/home/admin/ros2_ws/install/robotnik_navigation_msgs/lib:/home/admin/ros2_ws/install/robotnik_io_msgs/lib:/home/admin/ros2_ws/install/robotnik_controllers_msgs/lib:/home/admin/ros2_ws/install/robotnik_battery_msgs/lib:/usr/lib/x86_64-linux-gnu/gazebo-11/plugins:/opt/ros/humble/opt/rviz_ogre_vendor/lib:/opt/ros/humble/lib/x86_64-linux-gnu:/opt/ros/humble/lib /usr/bin/cmake /home/admin/ros2_ws/src/robotnik_interfaces/robotnik_controllers_msgs -DCMAKE_INSTALL_PREFIX=/home/admin/ros2_ws/install/robotnik_controllers_msgs
[1.636s] Invoking command in '/home/admin/ros2_ws/build/robotnik_controllers_msgs': CMAKE_PREFIX_PATH=/home/admin/ros2_ws/install/robotnik_common_msgs:/home/admin/ros2_ws/install/robotnik_supervisor_msgs:/home/admin/ros2_ws/install/robotnik_gazebo_ignition:/home/admin/ros2_ws/install/robotnik_gazebo_classic:/home/admin/ros2_ws/install/robotnik_description:/home/admin/ros2_ws/install/robotnik_sensors:/home/admin/ros2_ws/install/robotnik_interfaces:/home/admin/ros2_ws/install/robotnik_safety_msgs:/home/admin/ros2_ws/install/robotnik_perception_msgs:/home/admin/ros2_ws/install/robotnik_navigation_msgs:/home/admin/ros2_ws/install/robotnik_io_msgs:/home/admin/ros2_ws/install/robotnik_controllers_msgs:/home/admin/ros2_ws/install/robotnik_common:/home/admin/ros2_ws/install/robotnik_battery_msgs:/home/admin/ros2_ws/install/custom_gz:/opt/ros/humble LD_LIBRARY_PATH=/home/admin/ros2_ws/install/robotnik_common_msgs/lib:/home/admin/ros2_ws/install/robotnik_supervisor_msgs/lib:/home/admin/ros2_ws/install/robotnik_perception_msgs/lib:/home/admin/ros2_ws/install/robotnik_navigation_msgs/lib:/home/admin/ros2_ws/install/robotnik_io_msgs/lib:/home/admin/ros2_ws/install/robotnik_controllers_msgs/lib:/home/admin/ros2_ws/install/robotnik_battery_msgs/lib:/usr/lib/x86_64-linux-gnu/gazebo-11/plugins:/opt/ros/humble/opt/rviz_ogre_vendor/lib:/opt/ros/humble/lib/x86_64-linux-gnu:/opt/ros/humble/lib /usr/bin/cmake --build /home/admin/ros2_ws/build/robotnik_controllers_msgs -- -j20 -l20
[1.684s] [  1%] [34m[1mGenerating C code for ROS interfaces[0m
[1.705s] [  3%] [34m[1mGenerating C++ code for ROS interfaces[0m
[1.707s] [  3%] Built target ament_cmake_python_copy_robotnik_controllers_msgs
[1.978s] running egg_info
[1.982s] creating robotnik_controllers_msgs.egg-info
[1.982s] writing robotnik_controllers_msgs.egg-info/PKG-INFO
[1.982s] writing dependency_links to robotnik_controllers_msgs.egg-info/dependency_links.txt
[1.982s] writing top-level names to robotnik_controllers_msgs.egg-info/top_level.txt
[1.982s] writing manifest file 'robotnik_controllers_msgs.egg-info/SOURCES.txt'
[1.984s] reading manifest file 'robotnik_controllers_msgs.egg-info/SOURCES.txt'
[1.984s] writing manifest file 'robotnik_controllers_msgs.egg-info/SOURCES.txt'
[2.020s] [  3%] Built target ament_cmake_python_build_robotnik_controllers_msgs_egg
[2.248s] [  3%] Built target robotnik_controllers_msgs__cpp
[2.260s] [  5%] [34m[1mGenerating C++ type support dispatch for ROS interfaces[0m
[2.274s] [  7%] [34m[1mGenerating C++ type support for eProsima Fast-RTPS[0m
[2.276s] [  9%] [34m[1mGenerating C++ introspection for ROS interfaces[0m
[2.654s] [ 10%] [32mBuilding C object CMakeFiles/robotnik_controllers_msgs__rosidl_generator_c.dir/rosidl_generator_c/robotnik_controllers_msgs/srv/detail/available_kinematics__functions.c.o[0m
[2.659s] [ 12%] [32mBuilding C object CMakeFiles/robotnik_controllers_msgs__rosidl_generator_c.dir/rosidl_generator_c/robotnik_controllers_msgs/srv/detail/change_kinematics__functions.c.o[0m
[2.659s] [ 14%] [32mBuilding C object CMakeFiles/robotnik_controllers_msgs__rosidl_generator_c.dir/rosidl_generator_c/robotnik_controllers_msgs/srv/detail/set_odometry__functions.c.o[0m
[2.694s] [ 16%] [32mBuilding C object CMakeFiles/robotnik_controllers_msgs__rosidl_generator_c.dir/rosidl_generator_c/robotnik_controllers_msgs/msg/detail/controller_state__functions.c.o[0m
[2.797s] [ 18%] [32m[1mLinking C shared library librobotnik_controllers_msgs__rosidl_generator_c.so[0m
[2.861s] [ 18%] Built target robotnik_controllers_msgs__rosidl_generator_c
[2.875s] [ 21%] [34m[1mGenerating C introspection for ROS interfaces[0m
[2.875s] [ 21%] [34m[1mGenerating C type support for eProsima Fast-RTPS[0m
[2.876s] [ 23%] [34m[1mGenerating C type support dispatch for ROS interfaces[0m
[2.951s] [ 29%] [32mBuilding CXX object CMakeFiles/robotnik_controllers_msgs__rosidl_typesupport_introspection_cpp.dir/rosidl_typesupport_introspection_cpp/robotnik_controllers_msgs/srv/detail/available_kinematics__type_support.cpp.o[0m
[2.951s] [ 29%] [32mBuilding CXX object CMakeFiles/robotnik_controllers_msgs__rosidl_typesupport_introspection_cpp.dir/rosidl_typesupport_introspection_cpp/robotnik_controllers_msgs/srv/detail/set_odometry__type_support.cpp.o[0m
[2.951s] [ 29%] [32mBuilding CXX object CMakeFiles/robotnik_controllers_msgs__rosidl_typesupport_introspection_cpp.dir/rosidl_typesupport_introspection_cpp/robotnik_controllers_msgs/msg/detail/controller_state__type_support.cpp.o[0m
[2.952s] [ 30%] [32mBuilding CXX object CMakeFiles/robotnik_controllers_msgs__rosidl_typesupport_introspection_cpp.dir/rosidl_typesupport_introspection_cpp/robotnik_controllers_msgs/srv/detail/change_kinematics__type_support.cpp.o[0m
[3.566s] [ 32%] [32mBuilding CXX object CMakeFiles/robotnik_controllers_msgs__rosidl_typesupport_c.dir/rosidl_typesupport_c/robotnik_controllers_msgs/msg/controller_state__type_support.cpp.o[0m
[3.566s] [ 34%] [32mBuilding CXX object CMakeFiles/robotnik_controllers_msgs__rosidl_typesupport_c.dir/rosidl_typesupport_c/robotnik_controllers_msgs/srv/available_kinematics__type_support.cpp.o[0m
[3.570s] [ 36%] [32mBuilding CXX object CMakeFiles/robotnik_controllers_msgs__rosidl_typesupport_c.dir/rosidl_typesupport_c/robotnik_controllers_msgs/srv/change_kinematics__type_support.cpp.o[0m
[3.598s] [ 38%] [32mBuilding CXX object CMakeFiles/robotnik_controllers_msgs__rosidl_typesupport_fastrtps_cpp.dir/rosidl_typesupport_fastrtps_cpp/robotnik_controllers_msgs/srv/detail/dds_fastrtps/available_kinematics__type_support.cpp.o[0m
[3.599s] [ 40%] [32mBuilding CXX object CMakeFiles/robotnik_controllers_msgs__rosidl_typesupport_fastrtps_cpp.dir/rosidl_typesupport_fastrtps_cpp/robotnik_controllers_msgs/msg/detail/dds_fastrtps/controller_state__type_support.cpp.o[0m
[3.605s] [ 41%] [32mBuilding CXX object CMakeFiles/robotnik_controllers_msgs__rosidl_typesupport_fastrtps_cpp.dir/rosidl_typesupport_fastrtps_cpp/robotnik_controllers_msgs/srv/detail/dds_fastrtps/set_odometry__type_support.cpp.o[0m
[3.606s] [ 43%] [32mBuilding CXX object CMakeFiles/robotnik_controllers_msgs__rosidl_typesupport_fastrtps_cpp.dir/rosidl_typesupport_fastrtps_cpp/robotnik_controllers_msgs/srv/detail/dds_fastrtps/change_kinematics__type_support.cpp.o[0m
[3.689s] [ 45%] [32mBuilding CXX object CMakeFiles/robotnik_controllers_msgs__rosidl_typesupport_c.dir/rosidl_typesupport_c/robotnik_controllers_msgs/srv/set_odometry__type_support.cpp.o[0m
[3.762s] [ 47%] [32m[1mLinking CXX shared library librobotnik_controllers_msgs__rosidl_typesupport_c.so[0m
[3.831s] [ 50%] [32m[1mLinking CXX shared library librobotnik_controllers_msgs__rosidl_typesupport_introspection_cpp.so[0m
[3.831s] [ 50%] [32mBuilding C object CMakeFiles/robotnik_controllers_msgs__rosidl_typesupport_introspection_c.dir/rosidl_typesupport_introspection_c/robotnik_controllers_msgs/msg/detail/controller_state__type_support.c.o[0m
[3.832s] [ 52%] [32mBuilding C object CMakeFiles/robotnik_controllers_msgs__rosidl_typesupport_introspection_c.dir/rosidl_typesupport_introspection_c/robotnik_controllers_msgs/srv/detail/available_kinematics__type_support.c.o[0m
[3.837s] [ 54%] [32mBuilding C object CMakeFiles/robotnik_controllers_msgs__rosidl_typesupport_introspection_c.dir/rosidl_typesupport_introspection_c/robotnik_controllers_msgs/srv/detail/change_kinematics__type_support.c.o[0m
[3.848s] [ 56%] [32mBuilding C object CMakeFiles/robotnik_controllers_msgs__rosidl_typesupport_introspection_c.dir/rosidl_typesupport_introspection_c/robotnik_controllers_msgs/srv/detail/set_odometry__type_support.c.o[0m
[3.906s] [ 56%] Built target robotnik_controllers_msgs__rosidl_typesupport_c
[4.262s] [ 56%] Built target robotnik_controllers_msgs__rosidl_typesupport_introspection_cpp
[4.276s] [ 58%] [32m[1mLinking C shared library librobotnik_controllers_msgs__rosidl_typesupport_introspection_c.so[0m
[4.662s] [ 58%] Built target robotnik_controllers_msgs__rosidl_typesupport_introspection_c
[4.848s] [ 60%] [32mBuilding CXX object CMakeFiles/robotnik_controllers_msgs__rosidl_typesupport_cpp.dir/rosidl_typesupport_cpp/robotnik_controllers_msgs/msg/controller_state__type_support.cpp.o[0m
[4.849s] [ 61%] [32mBuilding CXX object CMakeFiles/robotnik_controllers_msgs__rosidl_typesupport_cpp.dir/rosidl_typesupport_cpp/robotnik_controllers_msgs/srv/available_kinematics__type_support.cpp.o[0m
[4.872s] [ 63%] [32mBuilding CXX object CMakeFiles/robotnik_controllers_msgs__rosidl_typesupport_cpp.dir/rosidl_typesupport_cpp/robotnik_controllers_msgs/srv/set_odometry__type_support.cpp.o[0m
[4.872s] [ 65%] [32mBuilding CXX object CMakeFiles/robotnik_controllers_msgs__rosidl_typesupport_cpp.dir/rosidl_typesupport_cpp/robotnik_controllers_msgs/srv/change_kinematics__type_support.cpp.o[0m
[5.267s] [ 67%] [32m[1mLinking CXX shared library librobotnik_controllers_msgs__rosidl_typesupport_fastrtps_cpp.so[0m
[5.493s] [ 67%] Built target robotnik_controllers_msgs__rosidl_typesupport_fastrtps_cpp
[5.859s] [ 69%] [32mBuilding CXX object CMakeFiles/robotnik_controllers_msgs__rosidl_typesupport_fastrtps_c.dir/rosidl_typesupport_fastrtps_c/robotnik_controllers_msgs/srv/detail/set_odometry__type_support_c.cpp.o[0m
[5.866s] [ 70%] [32mBuilding CXX object CMakeFiles/robotnik_controllers_msgs__rosidl_typesupport_fastrtps_c.dir/rosidl_typesupport_fastrtps_c/robotnik_controllers_msgs/srv/detail/change_kinematics__type_support_c.cpp.o[0m
[5.868s] [ 72%] [32mBuilding CXX object CMakeFiles/robotnik_controllers_msgs__rosidl_typesupport_fastrtps_c.dir/rosidl_typesupport_fastrtps_c/robotnik_controllers_msgs/srv/detail/available_kinematics__type_support_c.cpp.o[0m
[5.964s] [ 74%] [32mBuilding CXX object CMakeFiles/robotnik_controllers_msgs__rosidl_typesupport_fastrtps_c.dir/rosidl_typesupport_fastrtps_c/robotnik_controllers_msgs/msg/detail/controller_state__type_support_c.cpp.o[0m
[6.211s] [ 76%] [32m[1mLinking CXX shared library librobotnik_controllers_msgs__rosidl_typesupport_cpp.so[0m
[6.352s] [ 76%] Built target robotnik_controllers_msgs__rosidl_typesupport_cpp
[8.689s] [ 78%] [32m[1mLinking CXX shared library librobotnik_controllers_msgs__rosidl_typesupport_fastrtps_c.so[0m
[8.805s] [ 78%] Built target robotnik_controllers_msgs__rosidl_typesupport_fastrtps_c
[8.832s] [ 78%] Built target robotnik_controllers_msgs
[8.861s] [ 80%] [34m[1mGenerating Python code for ROS interfaces[0m
[10.437s] [ 80%] Built target robotnik_controllers_msgs__py
[10.460s] [ 81%] [32mBuilding C object CMakeFiles/robotnik_controllers_msgs__rosidl_generator_py.dir/rosidl_generator_py/robotnik_controllers_msgs/srv/_available_kinematics_s.c.o[0m
[10.462s] [ 83%] [32mBuilding C object CMakeFiles/robotnik_controllers_msgs__rosidl_generator_py.dir/rosidl_generator_py/robotnik_controllers_msgs/srv/_set_odometry_s.c.o[0m
[10.462s] [ 85%] [32mBuilding C object CMakeFiles/robotnik_controllers_msgs__rosidl_generator_py.dir/rosidl_generator_py/robotnik_controllers_msgs/msg/_controller_state_s.c.o[0m
[10.467s] [ 87%] [32mBuilding C object CMakeFiles/robotnik_controllers_msgs__rosidl_generator_py.dir/rosidl_generator_py/robotnik_controllers_msgs/srv/_change_kinematics_s.c.o[0m
[10.866s] [ 89%] [32m[1mLinking C shared library rosidl_generator_py/robotnik_controllers_msgs/librobotnik_controllers_msgs__rosidl_generator_py.so[0m
[10.959s] [ 89%] Built target robotnik_controllers_msgs__rosidl_generator_py
[10.988s] [ 90%] [32mBuilding C object CMakeFiles/robotnik_controllers_msgs__rosidl_typesupport_fastrtps_c__pyext.dir/rosidl_generator_py/robotnik_controllers_msgs/_robotnik_controllers_msgs_s.ep.rosidl_typesupport_fastrtps_c.c.o[0m
[11.007s] [ 92%] [32mBuilding C object CMakeFiles/robotnik_controllers_msgs__rosidl_typesupport_c__pyext.dir/rosidl_generator_py/robotnik_controllers_msgs/_robotnik_controllers_msgs_s.ep.rosidl_typesupport_c.c.o[0m
[11.010s] [ 94%] [32mBuilding C object CMakeFiles/robotnik_controllers_msgs__rosidl_typesupport_introspection_c__pyext.dir/rosidl_generator_py/robotnik_controllers_msgs/_robotnik_controllers_msgs_s.ep.rosidl_typesupport_introspection_c.c.o[0m
[11.157s] [ 96%] [32m[1mLinking C shared library rosidl_generator_py/robotnik_controllers_msgs/robotnik_controllers_msgs_s__rosidl_typesupport_c.cpython-310-x86_64-linux-gnu.so[0m
[11.200s] [ 96%] Built target robotnik_controllers_msgs__rosidl_typesupport_c__pyext
[11.209s] [ 98%] [32m[1mLinking C shared library rosidl_generator_py/robotnik_controllers_msgs/robotnik_controllers_msgs_s__rosidl_typesupport_fastrtps_c.cpython-310-x86_64-linux-gnu.so[0m
[11.238s] [100%] [32m[1mLinking C shared library rosidl_generator_py/robotnik_controllers_msgs/robotnik_controllers_msgs_s__rosidl_typesupport_introspection_c.cpython-310-x86_64-linux-gnu.so[0m
[11.257s] [100%] Built target robotnik_controllers_msgs__rosidl_typesupport_fastrtps_c__pyext
[11.282s] [100%] Built target robotnik_controllers_msgs__rosidl_typesupport_introspection_c__pyext
[11.296s] Invoked command in '/home/admin/ros2_ws/build/robotnik_controllers_msgs' returned '0': CMAKE_PREFIX_PATH=/home/admin/ros2_ws/install/robotnik_common_msgs:/home/admin/ros2_ws/install/robotnik_supervisor_msgs:/home/admin/ros2_ws/install/robotnik_gazebo_ignition:/home/admin/ros2_ws/install/robotnik_gazebo_classic:/home/admin/ros2_ws/install/robotnik_description:/home/admin/ros2_ws/install/robotnik_sensors:/home/admin/ros2_ws/install/robotnik_interfaces:/home/admin/ros2_ws/install/robotnik_safety_msgs:/home/admin/ros2_ws/install/robotnik_perception_msgs:/home/admin/ros2_ws/install/robotnik_navigation_msgs:/home/admin/ros2_ws/install/robotnik_io_msgs:/home/admin/ros2_ws/install/robotnik_controllers_msgs:/home/admin/ros2_ws/install/robotnik_common:/home/admin/ros2_ws/install/robotnik_battery_msgs:/home/admin/ros2_ws/install/custom_gz:/opt/ros/humble LD_LIBRARY_PATH=/home/admin/ros2_ws/install/robotnik_common_msgs/lib:/home/admin/ros2_ws/install/robotnik_supervisor_msgs/lib:/home/admin/ros2_ws/install/robotnik_perception_msgs/lib:/home/admin/ros2_ws/install/robotnik_navigation_msgs/lib:/home/admin/ros2_ws/install/robotnik_io_msgs/lib:/home/admin/ros2_ws/install/robotnik_controllers_msgs/lib:/home/admin/ros2_ws/install/robotnik_battery_msgs/lib:/usr/lib/x86_64-linux-gnu/gazebo-11/plugins:/opt/ros/humble/opt/rviz_ogre_vendor/lib:/opt/ros/humble/lib/x86_64-linux-gnu:/opt/ros/humble/lib /usr/bin/cmake --build /home/admin/ros2_ws/build/robotnik_controllers_msgs -- -j20 -l20
[11.298s] Invoking command in '/home/admin/ros2_ws/build/robotnik_controllers_msgs': CMAKE_PREFIX_PATH=/home/admin/ros2_ws/install/robotnik_common_msgs:/home/admin/ros2_ws/install/robotnik_supervisor_msgs:/home/admin/ros2_ws/install/robotnik_gazebo_ignition:/home/admin/ros2_ws/install/robotnik_gazebo_classic:/home/admin/ros2_ws/install/robotnik_description:/home/admin/ros2_ws/install/robotnik_sensors:/home/admin/ros2_ws/install/robotnik_interfaces:/home/admin/ros2_ws/install/robotnik_safety_msgs:/home/admin/ros2_ws/install/robotnik_perception_msgs:/home/admin/ros2_ws/install/robotnik_navigation_msgs:/home/admin/ros2_ws/install/robotnik_io_msgs:/home/admin/ros2_ws/install/robotnik_controllers_msgs:/home/admin/ros2_ws/install/robotnik_common:/home/admin/ros2_ws/install/robotnik_battery_msgs:/home/admin/ros2_ws/install/custom_gz:/opt/ros/humble LD_LIBRARY_PATH=/home/admin/ros2_ws/install/robotnik_common_msgs/lib:/home/admin/ros2_ws/install/robotnik_supervisor_msgs/lib:/home/admin/ros2_ws/install/robotnik_perception_msgs/lib:/home/admin/ros2_ws/install/robotnik_navigation_msgs/lib:/home/admin/ros2_ws/install/robotnik_io_msgs/lib:/home/admin/ros2_ws/install/robotnik_controllers_msgs/lib:/home/admin/ros2_ws/install/robotnik_battery_msgs/lib:/usr/lib/x86_64-linux-gnu/gazebo-11/plugins:/opt/ros/humble/opt/rviz_ogre_vendor/lib:/opt/ros/humble/lib/x86_64-linux-gnu:/opt/ros/humble/lib /usr/bin/cmake --install /home/admin/ros2_ws/build/robotnik_controllers_msgs
[11.304s] -- Install configuration: ""
[11.305s] -- Installing: /home/admin/ros2_ws/install/robotnik_controllers_msgs/share/ament_index/resource_index/rosidl_interfaces/robotnik_controllers_msgs
[11.305s] -- Installing: /home/admin/ros2_ws/install/robotnik_controllers_msgs/include/robotnik_controllers_msgs/robotnik_controllers_msgs
[11.305s] -- Installing: /home/admin/ros2_ws/install/robotnik_controllers_msgs/include/robotnik_controllers_msgs/robotnik_controllers_msgs/srv
[11.305s] -- Installing: /home/admin/ros2_ws/install/robotnik_controllers_msgs/include/robotnik_controllers_msgs/robotnik_controllers_msgs/srv/available_kinematics.h
[11.305s] -- Installing: /home/admin/ros2_ws/install/robotnik_controllers_msgs/include/robotnik_controllers_msgs/robotnik_controllers_msgs/srv/detail
[11.305s] -- Installing: /home/admin/ros2_ws/install/robotnik_controllers_msgs/include/robotnik_controllers_msgs/robotnik_controllers_msgs/srv/detail/set_odometry__type_support.h
[11.305s] -- Installing: /home/admin/ros2_ws/install/robotnik_controllers_msgs/include/robotnik_controllers_msgs/robotnik_controllers_msgs/srv/detail/available_kinematics__functions.c
[11.305s] -- Installing: /home/admin/ros2_ws/install/robotnik_controllers_msgs/include/robotnik_controllers_msgs/robotnik_controllers_msgs/srv/detail/set_odometry__functions.c
[11.306s] -- Installing: /home/admin/ros2_ws/install/robotnik_controllers_msgs/include/robotnik_controllers_msgs/robotnik_controllers_msgs/srv/detail/change_kinematics__functions.h
[11.306s] -- Installing: /home/admin/ros2_ws/install/robotnik_controllers_msgs/include/robotnik_controllers_msgs/robotnik_controllers_msgs/srv/detail/available_kinematics__struct.h
[11.306s] -- Installing: /home/admin/ros2_ws/install/robotnik_controllers_msgs/include/robotnik_controllers_msgs/robotnik_controllers_msgs/srv/detail/available_kinematics__type_support.h
[11.306s] -- Installing: /home/admin/ros2_ws/install/robotnik_controllers_msgs/include/robotnik_controllers_msgs/robotnik_controllers_msgs/srv/detail/set_odometry__functions.h
[11.306s] -- Installing: /home/admin/ros2_ws/install/robotnik_controllers_msgs/include/robotnik_controllers_msgs/robotnik_controllers_msgs/srv/detail/change_kinematics__type_support.h
[11.306s] -- Installing: /home/admin/ros2_ws/install/robotnik_controllers_msgs/include/robotnik_controllers_msgs/robotnik_controllers_msgs/srv/detail/change_kinematics__struct.h
[11.306s] -- Installing: /home/admin/ros2_ws/install/robotnik_controllers_msgs/include/robotnik_controllers_msgs/robotnik_controllers_msgs/srv/detail/change_kinematics__functions.c
[11.306s] -- Installing: /home/admin/ros2_ws/install/robotnik_controllers_msgs/include/robotnik_controllers_msgs/robotnik_controllers_msgs/srv/detail/set_odometry__struct.h
[11.306s] -- Installing: /home/admin/ros2_ws/install/robotnik_controllers_msgs/include/robotnik_controllers_msgs/robotnik_controllers_msgs/srv/detail/available_kinematics__functions.h
[11.307s] -- Installing: /home/admin/ros2_ws/install/robotnik_controllers_msgs/include/robotnik_controllers_msgs/robotnik_controllers_msgs/srv/change_kinematics.h
[11.307s] -- Installing: /home/admin/ros2_ws/install/robotnik_controllers_msgs/include/robotnik_controllers_msgs/robotnik_controllers_msgs/srv/set_odometry.h
[11.307s] -- Installing: /home/admin/ros2_ws/install/robotnik_controllers_msgs/include/robotnik_controllers_msgs/robotnik_controllers_msgs/msg
[11.307s] -- Installing: /home/admin/ros2_ws/install/robotnik_controllers_msgs/include/robotnik_controllers_msgs/robotnik_controllers_msgs/msg/rosidl_generator_c__visibility_control.h
[11.307s] -- Installing: /home/admin/ros2_ws/install/robotnik_controllers_msgs/include/robotnik_controllers_msgs/robotnik_controllers_msgs/msg/detail
[11.307s] -- Installing: /home/admin/ros2_ws/install/robotnik_controllers_msgs/include/robotnik_controllers_msgs/robotnik_controllers_msgs/msg/detail/controller_state__functions.c
[11.307s] -- Installing: /home/admin/ros2_ws/install/robotnik_controllers_msgs/include/robotnik_controllers_msgs/robotnik_controllers_msgs/msg/detail/controller_state__functions.h
[11.307s] -- Installing: /home/admin/ros2_ws/install/robotnik_controllers_msgs/include/robotnik_controllers_msgs/robotnik_controllers_msgs/msg/detail/controller_state__type_support.h
[11.307s] -- Installing: /home/admin/ros2_ws/install/robotnik_controllers_msgs/include/robotnik_controllers_msgs/robotnik_controllers_msgs/msg/detail/controller_state__struct.h
[11.307s] -- Installing: /home/admin/ros2_ws/install/robotnik_controllers_msgs/include/robotnik_controllers_msgs/robotnik_controllers_msgs/msg/controller_state.h
[11.307s] -- Installing: /home/admin/ros2_ws/install/robotnik_controllers_msgs/share/robotnik_controllers_msgs/environment/library_path.sh
[11.308s] -- Installing: /home/admin/ros2_ws/install/robotnik_controllers_msgs/share/robotnik_controllers_msgs/environment/library_path.dsv
[11.308s] -- Installing: /home/admin/ros2_ws/install/robotnik_controllers_msgs/lib/librobotnik_controllers_msgs__rosidl_generator_c.so
[11.308s] -- Set runtime path of "/home/admin/ros2_ws/install/robotnik_controllers_msgs/lib/librobotnik_controllers_msgs__rosidl_generator_c.so" to ""
[11.308s] -- Up-to-date: /home/admin/ros2_ws/install/robotnik_controllers_msgs/include/robotnik_controllers_msgs/robotnik_controllers_msgs
[11.308s] -- Up-to-date: /home/admin/ros2_ws/install/robotnik_controllers_msgs/include/robotnik_controllers_msgs/robotnik_controllers_msgs/srv
[11.308s] -- Up-to-date: /home/admin/ros2_ws/install/robotnik_controllers_msgs/include/robotnik_controllers_msgs/robotnik_controllers_msgs/srv/detail
[11.308s] -- Installing: /home/admin/ros2_ws/install/robotnik_controllers_msgs/include/robotnik_controllers_msgs/robotnik_controllers_msgs/srv/detail/change_kinematics__rosidl_typesupport_fastrtps_c.h
[11.308s] -- Installing: /home/admin/ros2_ws/install/robotnik_controllers_msgs/include/robotnik_controllers_msgs/robotnik_controllers_msgs/srv/detail/set_odometry__rosidl_typesupport_fastrtps_c.h
[11.308s] -- Installing: /home/admin/ros2_ws/install/robotnik_controllers_msgs/include/robotnik_controllers_msgs/robotnik_controllers_msgs/srv/detail/available_kinematics__rosidl_typesupport_fastrtps_c.h
[11.308s] -- Up-to-date: /home/admin/ros2_ws/install/robotnik_controllers_msgs/include/robotnik_controllers_msgs/robotnik_controllers_msgs/msg
[11.308s] -- Installing: /home/admin/ros2_ws/install/robotnik_controllers_msgs/include/robotnik_controllers_msgs/robotnik_controllers_msgs/msg/rosidl_typesupport_fastrtps_c__visibility_control.h
[11.308s] -- Up-to-date: /home/admin/ros2_ws/install/robotnik_controllers_msgs/include/robotnik_controllers_msgs/robotnik_controllers_msgs/msg/detail
[11.308s] -- Installing: /home/admin/ros2_ws/install/robotnik_controllers_msgs/include/robotnik_controllers_msgs/robotnik_controllers_msgs/msg/detail/controller_state__rosidl_typesupport_fastrtps_c.h
[11.309s] -- Installing: /home/admin/ros2_ws/install/robotnik_controllers_msgs/lib/librobotnik_controllers_msgs__rosidl_typesupport_fastrtps_c.so
[11.309s] -- Set runtime path of "/home/admin/ros2_ws/install/robotnik_controllers_msgs/lib/librobotnik_controllers_msgs__rosidl_typesupport_fastrtps_c.so" to ""
[11.309s] -- Up-to-date: /home/admin/ros2_ws/install/robotnik_controllers_msgs/include/robotnik_controllers_msgs/robotnik_controllers_msgs
[11.309s] -- Up-to-date: /home/admin/ros2_ws/install/robotnik_controllers_msgs/include/robotnik_controllers_msgs/robotnik_controllers_msgs/srv
[11.309s] -- Up-to-date: /home/admin/ros2_ws/install/robotnik_controllers_msgs/include/robotnik_controllers_msgs/robotnik_controllers_msgs/srv/detail
[11.309s] -- Installing: /home/admin/ros2_ws/install/robotnik_controllers_msgs/include/robotnik_controllers_msgs/robotnik_controllers_msgs/srv/detail/set_odometry__builder.hpp
[11.309s] -- Installing: /home/admin/ros2_ws/install/robotnik_controllers_msgs/include/robotnik_controllers_msgs/robotnik_controllers_msgs/srv/detail/available_kinematics__traits.hpp
[11.309s] -- Installing: /home/admin/ros2_ws/install/robotnik_controllers_msgs/include/robotnik_controllers_msgs/robotnik_controllers_msgs/srv/detail/available_kinematics__type_support.hpp
[11.309s] -- Installing: /home/admin/ros2_ws/install/robotnik_controllers_msgs/include/robotnik_controllers_msgs/robotnik_controllers_msgs/srv/detail/available_kinematics__builder.hpp
[11.309s] -- Installing: /home/admin/ros2_ws/install/robotnik_controllers_msgs/include/robotnik_controllers_msgs/robotnik_controllers_msgs/srv/detail/change_kinematics__traits.hpp
[11.309s] -- Installing: /home/admin/ros2_ws/install/robotnik_controllers_msgs/include/robotnik_controllers_msgs/robotnik_controllers_msgs/srv/detail/available_kinematics__struct.hpp
[11.309s] -- Installing: /home/admin/ros2_ws/install/robotnik_controllers_msgs/include/robotnik_controllers_msgs/robotnik_controllers_msgs/srv/detail/change_kinematics__type_support.hpp
[11.309s] -- Installing: /home/admin/ros2_ws/install/robotnik_controllers_msgs/include/robotnik_controllers_msgs/robotnik_controllers_msgs/srv/detail/set_odometry__type_support.hpp
[11.309s] -- Installing: /home/admin/ros2_ws/install/robotnik_controllers_msgs/include/robotnik_controllers_msgs/robotnik_controllers_msgs/srv/detail/change_kinematics__builder.hpp
[11.309s] -- Installing: /home/admin/ros2_ws/install/robotnik_controllers_msgs/include/robotnik_controllers_msgs/robotnik_controllers_msgs/srv/detail/set_odometry__traits.hpp
[11.309s] -- Installing: /home/admin/ros2_ws/install/robotnik_controllers_msgs/include/robotnik_controllers_msgs/robotnik_controllers_msgs/srv/detail/set_odometry__struct.hpp
[11.310s] -- Installing: /home/admin/ros2_ws/install/robotnik_controllers_msgs/include/robotnik_controllers_msgs/robotnik_controllers_msgs/srv/detail/change_kinematics__struct.hpp
[11.310s] -- Installing: /home/admin/ros2_ws/install/robotnik_controllers_msgs/include/robotnik_controllers_msgs/robotnik_controllers_msgs/srv/change_kinematics.hpp
[11.310s] -- Installing: /home/admin/ros2_ws/install/robotnik_controllers_msgs/include/robotnik_controllers_msgs/robotnik_controllers_msgs/srv/set_odometry.hpp
[11.310s] -- Installing: /home/admin/ros2_ws/install/robotnik_controllers_msgs/include/robotnik_controllers_msgs/robotnik_controllers_msgs/srv/available_kinematics.hpp
[11.310s] -- Up-to-date: /home/admin/ros2_ws/install/robotnik_controllers_msgs/include/robotnik_controllers_msgs/robotnik_controllers_msgs/msg
[11.310s] -- Installing: /home/admin/ros2_ws/install/robotnik_controllers_msgs/include/robotnik_controllers_msgs/robotnik_controllers_msgs/msg/rosidl_generator_cpp__visibility_control.hpp
[11.310s] -- Up-to-date: /home/admin/ros2_ws/install/robotnik_controllers_msgs/include/robotnik_controllers_msgs/robotnik_controllers_msgs/msg/detail
[11.310s] -- Installing: /home/admin/ros2_ws/install/robotnik_controllers_msgs/include/robotnik_controllers_msgs/robotnik_controllers_msgs/msg/detail/controller_state__builder.hpp
[11.310s] -- Installing: /home/admin/ros2_ws/install/robotnik_controllers_msgs/include/robotnik_controllers_msgs/robotnik_controllers_msgs/msg/detail/controller_state__struct.hpp
[11.310s] -- Installing: /home/admin/ros2_ws/install/robotnik_controllers_msgs/include/robotnik_controllers_msgs/robotnik_controllers_msgs/msg/detail/controller_state__traits.hpp
[11.310s] -- Installing: /home/admin/ros2_ws/install/robotnik_controllers_msgs/include/robotnik_controllers_msgs/robotnik_controllers_msgs/msg/detail/controller_state__type_support.hpp
[11.310s] -- Installing: /home/admin/ros2_ws/install/robotnik_controllers_msgs/include/robotnik_controllers_msgs/robotnik_controllers_msgs/msg/controller_state.hpp
[11.310s] -- Up-to-date: /home/admin/ros2_ws/install/robotnik_controllers_msgs/include/robotnik_controllers_msgs/robotnik_controllers_msgs
[11.311s] -- Up-to-date: /home/admin/ros2_ws/install/robotnik_controllers_msgs/include/robotnik_controllers_msgs/robotnik_controllers_msgs/srv
[11.311s] -- Up-to-date: /home/admin/ros2_ws/install/robotnik_controllers_msgs/include/robotnik_controllers_msgs/robotnik_controllers_msgs/srv/detail
[11.311s] -- Installing: /home/admin/ros2_ws/install/robotnik_controllers_msgs/include/robotnik_controllers_msgs/robotnik_controllers_msgs/srv/detail/set_odometry__rosidl_typesupport_fastrtps_cpp.hpp
[11.311s] -- Installing: /home/admin/ros2_ws/install/robotnik_controllers_msgs/include/robotnik_controllers_msgs/robotnik_controllers_msgs/srv/detail/dds_fastrtps
[11.311s] -- Installing: /home/admin/ros2_ws/install/robotnik_controllers_msgs/include/robotnik_controllers_msgs/robotnik_controllers_msgs/srv/detail/change_kinematics__rosidl_typesupport_fastrtps_cpp.hpp
[11.311s] -- Installing: /home/admin/ros2_ws/install/robotnik_controllers_msgs/include/robotnik_controllers_msgs/robotnik_controllers_msgs/srv/detail/available_kinematics__rosidl_typesupport_fastrtps_cpp.hpp
[11.311s] -- Up-to-date: /home/admin/ros2_ws/install/robotnik_controllers_msgs/include/robotnik_controllers_msgs/robotnik_controllers_msgs/msg
[11.311s] -- Installing: /home/admin/ros2_ws/install/robotnik_controllers_msgs/include/robotnik_controllers_msgs/robotnik_controllers_msgs/msg/rosidl_typesupport_fastrtps_cpp__visibility_control.h
[11.311s] -- Up-to-date: /home/admin/ros2_ws/install/robotnik_controllers_msgs/include/robotnik_controllers_msgs/robotnik_controllers_msgs/msg/detail
[11.311s] -- Installing: /home/admin/ros2_ws/install/robotnik_controllers_msgs/include/robotnik_controllers_msgs/robotnik_controllers_msgs/msg/detail/controller_state__rosidl_typesupport_fastrtps_cpp.hpp
[11.311s] -- Installing: /home/admin/ros2_ws/install/robotnik_controllers_msgs/include/robotnik_controllers_msgs/robotnik_controllers_msgs/msg/detail/dds_fastrtps
[11.311s] -- Installing: /home/admin/ros2_ws/install/robotnik_controllers_msgs/lib/librobotnik_controllers_msgs__rosidl_typesupport_fastrtps_cpp.so
[11.311s] -- Set runtime path of "/home/admin/ros2_ws/install/robotnik_controllers_msgs/lib/librobotnik_controllers_msgs__rosidl_typesupport_fastrtps_cpp.so" to ""
[11.312s] -- Up-to-date: /home/admin/ros2_ws/install/robotnik_controllers_msgs/include/robotnik_controllers_msgs/robotnik_controllers_msgs
[11.312s] -- Up-to-date: /home/admin/ros2_ws/install/robotnik_controllers_msgs/include/robotnik_controllers_msgs/robotnik_controllers_msgs/srv
[11.312s] -- Up-to-date: /home/admin/ros2_ws/install/robotnik_controllers_msgs/include/robotnik_controllers_msgs/robotnik_controllers_msgs/srv/detail
[11.312s] -- Installing: /home/admin/ros2_ws/install/robotnik_controllers_msgs/include/robotnik_controllers_msgs/robotnik_controllers_msgs/srv/detail/change_kinematics__type_support.c
[11.312s] -- Installing: /home/admin/ros2_ws/install/robotnik_controllers_msgs/include/robotnik_controllers_msgs/robotnik_controllers_msgs/srv/detail/available_kinematics__rosidl_typesupport_introspection_c.h
[11.312s] -- Installing: /home/admin/ros2_ws/install/robotnik_controllers_msgs/include/robotnik_controllers_msgs/robotnik_controllers_msgs/srv/detail/set_odometry__rosidl_typesupport_introspection_c.h
[11.312s] -- Installing: /home/admin/ros2_ws/install/robotnik_controllers_msgs/include/robotnik_controllers_msgs/robotnik_controllers_msgs/srv/detail/change_kinematics__rosidl_typesupport_introspection_c.h
[11.312s] -- Installing: /home/admin/ros2_ws/install/robotnik_controllers_msgs/include/robotnik_controllers_msgs/robotnik_controllers_msgs/srv/detail/set_odometry__type_support.c
[11.312s] -- Installing: /home/admin/ros2_ws/install/robotnik_controllers_msgs/include/robotnik_controllers_msgs/robotnik_controllers_msgs/srv/detail/available_kinematics__type_support.c
[11.312s] -- Up-to-date: /home/admin/ros2_ws/install/robotnik_controllers_msgs/include/robotnik_controllers_msgs/robotnik_controllers_msgs/msg
[11.312s] -- Up-to-date: /home/admin/ros2_ws/install/robotnik_controllers_msgs/include/robotnik_controllers_msgs/robotnik_controllers_msgs/msg/detail
[11.313s] -- Installing: /home/admin/ros2_ws/install/robotnik_controllers_msgs/include/robotnik_controllers_msgs/robotnik_controllers_msgs/msg/detail/controller_state__rosidl_typesupport_introspection_c.h
[11.313s] -- Installing: /home/admin/ros2_ws/install/robotnik_controllers_msgs/include/robotnik_controllers_msgs/robotnik_controllers_msgs/msg/detail/controller_state__type_support.c
[11.313s] -- Installing: /home/admin/ros2_ws/install/robotnik_controllers_msgs/include/robotnik_controllers_msgs/robotnik_controllers_msgs/msg/rosidl_typesupport_introspection_c__visibility_control.h
[11.313s] -- Installing: /home/admin/ros2_ws/install/robotnik_controllers_msgs/lib/librobotnik_controllers_msgs__rosidl_typesupport_introspection_c.so
[11.313s] -- Set runtime path of "/home/admin/ros2_ws/install/robotnik_controllers_msgs/lib/librobotnik_controllers_msgs__rosidl_typesupport_introspection_c.so" to ""
[11.313s] -- Installing: /home/admin/ros2_ws/install/robotnik_controllers_msgs/lib/librobotnik_controllers_msgs__rosidl_typesupport_c.so
[11.313s] -- Set runtime path of "/home/admin/ros2_ws/install/robotnik_controllers_msgs/lib/librobotnik_controllers_msgs__rosidl_typesupport_c.so" to ""
[11.313s] -- Up-to-date: /home/admin/ros2_ws/install/robotnik_controllers_msgs/include/robotnik_controllers_msgs/robotnik_controllers_msgs
[11.313s] -- Up-to-date: /home/admin/ros2_ws/install/robotnik_controllers_msgs/include/robotnik_controllers_msgs/robotnik_controllers_msgs/srv
[11.313s] -- Up-to-date: /home/admin/ros2_ws/install/robotnik_controllers_msgs/include/robotnik_controllers_msgs/robotnik_controllers_msgs/srv/detail
[11.313s] -- Installing: /home/admin/ros2_ws/install/robotnik_controllers_msgs/include/robotnik_controllers_msgs/robotnik_controllers_msgs/srv/detail/set_odometry__rosidl_typesupport_introspection_cpp.hpp
[11.313s] -- Installing: /home/admin/ros2_ws/install/robotnik_controllers_msgs/include/robotnik_controllers_msgs/robotnik_controllers_msgs/srv/detail/set_odometry__type_support.cpp
[11.313s] -- Installing: /home/admin/ros2_ws/install/robotnik_controllers_msgs/include/robotnik_controllers_msgs/robotnik_controllers_msgs/srv/detail/available_kinematics__type_support.cpp
[11.313s] -- Installing: /home/admin/ros2_ws/install/robotnik_controllers_msgs/include/robotnik_controllers_msgs/robotnik_controllers_msgs/srv/detail/available_kinematics__rosidl_typesupport_introspection_cpp.hpp
[11.314s] -- Installing: /home/admin/ros2_ws/install/robotnik_controllers_msgs/include/robotnik_controllers_msgs/robotnik_controllers_msgs/srv/detail/change_kinematics__rosidl_typesupport_introspection_cpp.hpp
[11.314s] -- Installing: /home/admin/ros2_ws/install/robotnik_controllers_msgs/include/robotnik_controllers_msgs/robotnik_controllers_msgs/srv/detail/change_kinematics__type_support.cpp
[11.314s] -- Up-to-date: /home/admin/ros2_ws/install/robotnik_controllers_msgs/include/robotnik_controllers_msgs/robotnik_controllers_msgs/msg
[11.314s] -- Up-to-date: /home/admin/ros2_ws/install/robotnik_controllers_msgs/include/robotnik_controllers_msgs/robotnik_controllers_msgs/msg/detail
[11.314s] -- Installing: /home/admin/ros2_ws/install/robotnik_controllers_msgs/include/robotnik_controllers_msgs/robotnik_controllers_msgs/msg/detail/controller_state__type_support.cpp
[11.314s] -- Installing: /home/admin/ros2_ws/install/robotnik_controllers_msgs/include/robotnik_controllers_msgs/robotnik_controllers_msgs/msg/detail/controller_state__rosidl_typesupport_introspection_cpp.hpp
[11.314s] -- Installing: /home/admin/ros2_ws/install/robotnik_controllers_msgs/lib/librobotnik_controllers_msgs__rosidl_typesupport_introspection_cpp.so
[11.314s] -- Set runtime path of "/home/admin/ros2_ws/install/robotnik_controllers_msgs/lib/librobotnik_controllers_msgs__rosidl_typesupport_introspection_cpp.so" to ""
[11.314s] -- Installing: /home/admin/ros2_ws/install/robotnik_controllers_msgs/lib/librobotnik_controllers_msgs__rosidl_typesupport_cpp.so
[11.314s] -- Set runtime path of "/home/admin/ros2_ws/install/robotnik_controllers_msgs/lib/librobotnik_controllers_msgs__rosidl_typesupport_cpp.so" to ""
[11.314s] -- Installing: /home/admin/ros2_ws/install/robotnik_controllers_msgs/share/robotnik_controllers_msgs/environment/pythonpath.sh
[11.314s] -- Installing: /home/admin/ros2_ws/install/robotnik_controllers_msgs/share/robotnik_controllers_msgs/environment/pythonpath.dsv
[11.314s] -- Installing: /home/admin/ros2_ws/install/robotnik_controllers_msgs/local/lib/python3.10/dist-packages/robotnik_controllers_msgs-1.0.0-py3.10.egg-info
[11.315s] -- Installing: /home/admin/ros2_ws/install/robotnik_controllers_msgs/local/lib/python3.10/dist-packages/robotnik_controllers_msgs-1.0.0-py3.10.egg-info/PKG-INFO
[11.315s] -- Installing: /home/admin/ros2_ws/install/robotnik_controllers_msgs/local/lib/python3.10/dist-packages/robotnik_controllers_msgs-1.0.0-py3.10.egg-info/SOURCES.txt
[11.315s] -- Installing: /home/admin/ros2_ws/install/robotnik_controllers_msgs/local/lib/python3.10/dist-packages/robotnik_controllers_msgs-1.0.0-py3.10.egg-info/dependency_links.txt
[11.315s] -- Installing: /home/admin/ros2_ws/install/robotnik_controllers_msgs/local/lib/python3.10/dist-packages/robotnik_controllers_msgs-1.0.0-py3.10.egg-info/top_level.txt
[11.315s] -- Installing: /home/admin/ros2_ws/install/robotnik_controllers_msgs/local/lib/python3.10/dist-packages/robotnik_controllers_msgs
[11.315s] -- Installing: /home/admin/ros2_ws/install/robotnik_controllers_msgs/local/lib/python3.10/dist-packages/robotnik_controllers_msgs/_robotnik_controllers_msgs_s.ep.rosidl_typesupport_fastrtps_c.c
[11.315s] -- Installing: /home/admin/ros2_ws/install/robotnik_controllers_msgs/local/lib/python3.10/dist-packages/robotnik_controllers_msgs/_robotnik_controllers_msgs_s.ep.rosidl_typesupport_c.c
[11.315s] -- Installing: /home/admin/ros2_ws/install/robotnik_controllers_msgs/local/lib/python3.10/dist-packages/robotnik_controllers_msgs/robotnik_controllers_msgs_s__rosidl_typesupport_fastrtps_c.cpython-310-x86_64-linux-gnu.so
[11.315s] -- Installing: /home/admin/ros2_ws/install/robotnik_controllers_msgs/local/lib/python3.10/dist-packages/robotnik_controllers_msgs/_robotnik_controllers_msgs_s.ep.rosidl_typesupport_introspection_c.c
[11.315s] -- Installing: /home/admin/ros2_ws/install/robotnik_controllers_msgs/local/lib/python3.10/dist-packages/robotnik_controllers_msgs/__init__.py
[11.315s] -- Installing: /home/admin/ros2_ws/install/robotnik_controllers_msgs/local/lib/python3.10/dist-packages/robotnik_controllers_msgs/robotnik_controllers_msgs_s__rosidl_typesupport_c.cpython-310-x86_64-linux-gnu.so
[11.315s] -- Installing: /home/admin/ros2_ws/install/robotnik_controllers_msgs/local/lib/python3.10/dist-packages/robotnik_controllers_msgs/srv
[11.315s] -- Installing: /home/admin/ros2_ws/install/robotnik_controllers_msgs/local/lib/python3.10/dist-packages/robotnik_controllers_msgs/srv/_set_odometry.py
[11.315s] -- Installing: /home/admin/ros2_ws/install/robotnik_controllers_msgs/local/lib/python3.10/dist-packages/robotnik_controllers_msgs/srv/_change_kinematics.py
[11.315s] -- Installing: /home/admin/ros2_ws/install/robotnik_controllers_msgs/local/lib/python3.10/dist-packages/robotnik_controllers_msgs/srv/_available_kinematics_s.c
[11.315s] -- Installing: /home/admin/ros2_ws/install/robotnik_controllers_msgs/local/lib/python3.10/dist-packages/robotnik_controllers_msgs/srv/_change_kinematics_s.c
[11.315s] -- Installing: /home/admin/ros2_ws/install/robotnik_controllers_msgs/local/lib/python3.10/dist-packages/robotnik_controllers_msgs/srv/_available_kinematics.py
[11.315s] -- Installing: /home/admin/ros2_ws/install/robotnik_controllers_msgs/local/lib/python3.10/dist-packages/robotnik_controllers_msgs/srv/_set_odometry_s.c
[11.315s] -- Installing: /home/admin/ros2_ws/install/robotnik_controllers_msgs/local/lib/python3.10/dist-packages/robotnik_controllers_msgs/srv/__init__.py
[11.315s] -- Installing: /home/admin/ros2_ws/install/robotnik_controllers_msgs/local/lib/python3.10/dist-packages/robotnik_controllers_msgs/msg
[11.315s] -- Installing: /home/admin/ros2_ws/install/robotnik_controllers_msgs/local/lib/python3.10/dist-packages/robotnik_controllers_msgs/msg/__init__.py
[11.315s] -- Installing: /home/admin/ros2_ws/install/robotnik_controllers_msgs/local/lib/python3.10/dist-packages/robotnik_controllers_msgs/msg/_controller_state.py
[11.315s] -- Installing: /home/admin/ros2_ws/install/robotnik_controllers_msgs/local/lib/python3.10/dist-packages/robotnik_controllers_msgs/msg/_controller_state_s.c
[11.315s] -- Installing: /home/admin/ros2_ws/install/robotnik_controllers_msgs/local/lib/python3.10/dist-packages/robotnik_controllers_msgs/robotnik_controllers_msgs_s__rosidl_typesupport_introspection_c.cpython-310-x86_64-linux-gnu.so
[11.315s] -- Installing: /home/admin/ros2_ws/install/robotnik_controllers_msgs/local/lib/python3.10/dist-packages/robotnik_controllers_msgs/librobotnik_controllers_msgs__rosidl_generator_py.so
[11.356s] Listing '/home/admin/ros2_ws/install/robotnik_controllers_msgs/local/lib/python3.10/dist-packages/robotnik_controllers_msgs'...
[11.356s] Compiling '/home/admin/ros2_ws/install/robotnik_controllers_msgs/local/lib/python3.10/dist-packages/robotnik_controllers_msgs/__init__.py'...
[11.356s] Listing '/home/admin/ros2_ws/install/robotnik_controllers_msgs/local/lib/python3.10/dist-packages/robotnik_controllers_msgs/msg'...
[11.356s] Compiling '/home/admin/ros2_ws/install/robotnik_controllers_msgs/local/lib/python3.10/dist-packages/robotnik_controllers_msgs/msg/__init__.py'...
[11.356s] Compiling '/home/admin/ros2_ws/install/robotnik_controllers_msgs/local/lib/python3.10/dist-packages/robotnik_controllers_msgs/msg/_controller_state.py'...
[11.356s] Listing '/home/admin/ros2_ws/install/robotnik_controllers_msgs/local/lib/python3.10/dist-packages/robotnik_controllers_msgs/srv'...
[11.356s] Compiling '/home/admin/ros2_ws/install/robotnik_controllers_msgs/local/lib/python3.10/dist-packages/robotnik_controllers_msgs/srv/__init__.py'...
[11.356s] Compiling '/home/admin/ros2_ws/install/robotnik_controllers_msgs/local/lib/python3.10/dist-packages/robotnik_controllers_msgs/srv/_available_kinematics.py'...
[11.356s] Compiling '/home/admin/ros2_ws/install/robotnik_controllers_msgs/local/lib/python3.10/dist-packages/robotnik_controllers_msgs/srv/_change_kinematics.py'...
[11.356s] Compiling '/home/admin/ros2_ws/install/robotnik_controllers_msgs/local/lib/python3.10/dist-packages/robotnik_controllers_msgs/srv/_set_odometry.py'...
[11.361s] -- Installing: /home/admin/ros2_ws/install/robotnik_controllers_msgs/local/lib/python3.10/dist-packages/robotnik_controllers_msgs/robotnik_controllers_msgs_s__rosidl_typesupport_fastrtps_c.cpython-310-x86_64-linux-gnu.so
[11.361s] -- Set runtime path of "/home/admin/ros2_ws/install/robotnik_controllers_msgs/local/lib/python3.10/dist-packages/robotnik_controllers_msgs/robotnik_controllers_msgs_s__rosidl_typesupport_fastrtps_c.cpython-310-x86_64-linux-gnu.so" to ""
[11.361s] -- Installing: /home/admin/ros2_ws/install/robotnik_controllers_msgs/local/lib/python3.10/dist-packages/robotnik_controllers_msgs/robotnik_controllers_msgs_s__rosidl_typesupport_introspection_c.cpython-310-x86_64-linux-gnu.so
[11.361s] -- Set runtime path of "/home/admin/ros2_ws/install/robotnik_controllers_msgs/local/lib/python3.10/dist-packages/robotnik_controllers_msgs/robotnik_controllers_msgs_s__rosidl_typesupport_introspection_c.cpython-310-x86_64-linux-gnu.so" to ""
[11.362s] -- Installing: /home/admin/ros2_ws/install/robotnik_controllers_msgs/local/lib/python3.10/dist-packages/robotnik_controllers_msgs/robotnik_controllers_msgs_s__rosidl_typesupport_c.cpython-310-x86_64-linux-gnu.so
[11.362s] -- Set runtime path of "/home/admin/ros2_ws/install/robotnik_controllers_msgs/local/lib/python3.10/dist-packages/robotnik_controllers_msgs/robotnik_controllers_msgs_s__rosidl_typesupport_c.cpython-310-x86_64-linux-gnu.so" to ""
[11.362s] -- Installing: /home/admin/ros2_ws/install/robotnik_controllers_msgs/lib/librobotnik_controllers_msgs__rosidl_generator_py.so
[11.362s] -- Set runtime path of "/home/admin/ros2_ws/install/robotnik_controllers_msgs/lib/librobotnik_controllers_msgs__rosidl_generator_py.so" to ""
[11.362s] -- Installing: /home/admin/ros2_ws/install/robotnik_controllers_msgs/share/robotnik_controllers_msgs/msg/ControllerState.idl
[11.362s] -- Installing: /home/admin/ros2_ws/install/robotnik_controllers_msgs/share/robotnik_controllers_msgs/srv/AvailableKinematics.idl
[11.362s] -- Installing: /home/admin/ros2_ws/install/robotnik_controllers_msgs/share/robotnik_controllers_msgs/srv/ChangeKinematics.idl
[11.362s] -- Installing: /home/admin/ros2_ws/install/robotnik_controllers_msgs/share/robotnik_controllers_msgs/srv/SetOdometry.idl
[11.362s] -- Installing: /home/admin/ros2_ws/install/robotnik_controllers_msgs/share/robotnik_controllers_msgs/msg/ControllerState.msg
[11.362s] -- Installing: /home/admin/ros2_ws/install/robotnik_controllers_msgs/share/robotnik_controllers_msgs/srv/AvailableKinematics.srv
[11.362s] -- Installing: /home/admin/ros2_ws/install/robotnik_controllers_msgs/share/robotnik_controllers_msgs/srv/AvailableKinematics_Request.msg
[11.362s] -- Installing: /home/admin/ros2_ws/install/robotnik_controllers_msgs/share/robotnik_controllers_msgs/srv/AvailableKinematics_Response.msg
[11.363s] -- Installing: /home/admin/ros2_ws/install/robotnik_controllers_msgs/share/robotnik_controllers_msgs/srv/ChangeKinematics.srv
[11.363s] -- Installing: /home/admin/ros2_ws/install/robotnik_controllers_msgs/share/robotnik_controllers_msgs/srv/ChangeKinematics_Request.msg
[11.363s] -- Installing: /home/admin/ros2_ws/install/robotnik_controllers_msgs/share/robotnik_controllers_msgs/srv/ChangeKinematics_Response.msg
[11.363s] -- Installing: /home/admin/ros2_ws/install/robotnik_controllers_msgs/share/robotnik_controllers_msgs/srv/SetOdometry.srv
[11.363s] -- Installing: /home/admin/ros2_ws/install/robotnik_controllers_msgs/share/robotnik_controllers_msgs/srv/SetOdometry_Request.msg
[11.363s] -- Installing: /home/admin/ros2_ws/install/robotnik_controllers_msgs/share/robotnik_controllers_msgs/srv/SetOdometry_Response.msg
[11.363s] -- Installing: /home/admin/ros2_ws/install/robotnik_controllers_msgs/share/ament_index/resource_index/package_run_dependencies/robotnik_controllers_msgs
[11.363s] -- Installing: /home/admin/ros2_ws/install/robotnik_controllers_msgs/share/ament_index/resource_index/parent_prefix_path/robotnik_controllers_msgs
[11.363s] -- Installing: /home/admin/ros2_ws/install/robotnik_controllers_msgs/share/robotnik_controllers_msgs/environment/ament_prefix_path.sh
[11.363s] -- Installing: /home/admin/ros2_ws/install/robotnik_controllers_msgs/share/robotnik_controllers_msgs/environment/ament_prefix_path.dsv
[11.363s] -- Installing: /home/admin/ros2_ws/install/robotnik_controllers_msgs/share/robotnik_controllers_msgs/environment/path.sh
[11.363s] -- Installing: /home/admin/ros2_ws/install/robotnik_controllers_msgs/share/robotnik_controllers_msgs/environment/path.dsv
[11.363s] -- Installing: /home/admin/ros2_ws/install/robotnik_controllers_msgs/share/robotnik_controllers_msgs/local_setup.bash
[11.363s] -- Installing: /home/admin/ros2_ws/install/robotnik_controllers_msgs/share/robotnik_controllers_msgs/local_setup.sh
[11.364s] -- Installing: /home/admin/ros2_ws/install/robotnik_controllers_msgs/share/robotnik_controllers_msgs/local_setup.zsh
[11.364s] -- Installing: /home/admin/ros2_ws/install/robotnik_controllers_msgs/share/robotnik_controllers_msgs/local_setup.dsv
[11.364s] -- Installing: /home/admin/ros2_ws/install/robotnik_controllers_msgs/share/robotnik_controllers_msgs/package.dsv
[11.364s] -- Installing: /home/admin/ros2_ws/install/robotnik_controllers_msgs/share/ament_index/resource_index/packages/robotnik_controllers_msgs
[11.364s] -- Installing: /home/admin/ros2_ws/install/robotnik_controllers_msgs/share/robotnik_controllers_msgs/cmake/export_robotnik_controllers_msgs__rosidl_generator_cExport.cmake
[11.364s] -- Installing: /home/admin/ros2_ws/install/robotnik_controllers_msgs/share/robotnik_controllers_msgs/cmake/export_robotnik_controllers_msgs__rosidl_generator_cExport-noconfig.cmake
[11.364s] -- Installing: /home/admin/ros2_ws/install/robotnik_controllers_msgs/share/robotnik_controllers_msgs/cmake/export_robotnik_controllers_msgs__rosidl_typesupport_fastrtps_cExport.cmake
[11.364s] -- Installing: /home/admin/ros2_ws/install/robotnik_controllers_msgs/share/robotnik_controllers_msgs/cmake/export_robotnik_controllers_msgs__rosidl_typesupport_fastrtps_cExport-noconfig.cmake
[11.364s] -- Installing: /home/admin/ros2_ws/install/robotnik_controllers_msgs/share/robotnik_controllers_msgs/cmake/export_robotnik_controllers_msgs__rosidl_generator_cppExport.cmake
[11.364s] -- Installing: /home/admin/ros2_ws/install/robotnik_controllers_msgs/share/robotnik_controllers_msgs/cmake/export_robotnik_controllers_msgs__rosidl_typesupport_fastrtps_cppExport.cmake
[11.364s] -- Installing: /home/admin/ros2_ws/install/robotnik_controllers_msgs/share/robotnik_controllers_msgs/cmake/export_robotnik_controllers_msgs__rosidl_typesupport_fastrtps_cppExport-noconfig.cmake
[11.365s] -- Installing: /home/admin/ros2_ws/install/robotnik_controllers_msgs/share/robotnik_controllers_msgs/cmake/robotnik_controllers_msgs__rosidl_typesupport_introspection_cExport.cmake
[11.365s] -- Installing: /home/admin/ros2_ws/install/robotnik_controllers_msgs/share/robotnik_controllers_msgs/cmake/robotnik_controllers_msgs__rosidl_typesupport_introspection_cExport-noconfig.cmake
[11.365s] -- Installing: /home/admin/ros2_ws/install/robotnik_controllers_msgs/share/robotnik_controllers_msgs/cmake/robotnik_controllers_msgs__rosidl_typesupport_cExport.cmake
[11.365s] -- Installing: /home/admin/ros2_ws/install/robotnik_controllers_msgs/share/robotnik_controllers_msgs/cmake/robotnik_controllers_msgs__rosidl_typesupport_cExport-noconfig.cmake
[11.365s] -- Installing: /home/admin/ros2_ws/install/robotnik_controllers_msgs/share/robotnik_controllers_msgs/cmake/robotnik_controllers_msgs__rosidl_typesupport_introspection_cppExport.cmake
[11.365s] -- Installing: /home/admin/ros2_ws/install/robotnik_controllers_msgs/share/robotnik_controllers_msgs/cmake/robotnik_controllers_msgs__rosidl_typesupport_introspection_cppExport-noconfig.cmake
[11.365s] -- Installing: /home/admin/ros2_ws/install/robotnik_controllers_msgs/share/robotnik_controllers_msgs/cmake/robotnik_controllers_msgs__rosidl_typesupport_cppExport.cmake
[11.365s] -- Installing: /home/admin/ros2_ws/install/robotnik_controllers_msgs/share/robotnik_controllers_msgs/cmake/robotnik_controllers_msgs__rosidl_typesupport_cppExport-noconfig.cmake
[11.365s] -- Installing: /home/admin/ros2_ws/install/robotnik_controllers_msgs/share/robotnik_controllers_msgs/cmake/export_robotnik_controllers_msgs__rosidl_generator_pyExport.cmake
[11.365s] -- Installing: /home/admin/ros2_ws/install/robotnik_controllers_msgs/share/robotnik_controllers_msgs/cmake/export_robotnik_controllers_msgs__rosidl_generator_pyExport-noconfig.cmake
[11.365s] -- Installing: /home/admin/ros2_ws/install/robotnik_controllers_msgs/share/robotnik_controllers_msgs/cmake/rosidl_cmake-extras.cmake
[11.365s] -- Installing: /home/admin/ros2_ws/install/robotnik_controllers_msgs/share/robotnik_controllers_msgs/cmake/ament_cmake_export_dependencies-extras.cmake
[11.365s] -- Installing: /home/admin/ros2_ws/install/robotnik_controllers_msgs/share/robotnik_controllers_msgs/cmake/ament_cmake_export_include_directories-extras.cmake
[11.365s] -- Installing: /home/admin/ros2_ws/install/robotnik_controllers_msgs/share/robotnik_controllers_msgs/cmake/ament_cmake_export_libraries-extras.cmake
[11.366s] -- Installing: /home/admin/ros2_ws/install/robotnik_controllers_msgs/share/robotnik_controllers_msgs/cmake/ament_cmake_export_targets-extras.cmake
[11.366s] -- Installing: /home/admin/ros2_ws/install/robotnik_controllers_msgs/share/robotnik_controllers_msgs/cmake/rosidl_cmake_export_typesupport_targets-extras.cmake
[11.366s] -- Installing: /home/admin/ros2_ws/install/robotnik_controllers_msgs/share/robotnik_controllers_msgs/cmake/rosidl_cmake_export_typesupport_libraries-extras.cmake
[11.366s] -- Installing: /home/admin/ros2_ws/install/robotnik_controllers_msgs/share/robotnik_controllers_msgs/cmake/robotnik_controllers_msgsConfig.cmake
[11.366s] -- Installing: /home/admin/ros2_ws/install/robotnik_controllers_msgs/share/robotnik_controllers_msgs/cmake/robotnik_controllers_msgsConfig-version.cmake
[11.366s] -- Installing: /home/admin/ros2_ws/install/robotnik_controllers_msgs/share/robotnik_controllers_msgs/package.xml
[11.369s] Invoked command in '/home/admin/ros2_ws/build/robotnik_controllers_msgs' returned '0': CMAKE_PREFIX_PATH=/home/admin/ros2_ws/install/robotnik_common_msgs:/home/admin/ros2_ws/install/robotnik_supervisor_msgs:/home/admin/ros2_ws/install/robotnik_gazebo_ignition:/home/admin/ros2_ws/install/robotnik_gazebo_classic:/home/admin/ros2_ws/install/robotnik_description:/home/admin/ros2_ws/install/robotnik_sensors:/home/admin/ros2_ws/install/robotnik_interfaces:/home/admin/ros2_ws/install/robotnik_safety_msgs:/home/admin/ros2_ws/install/robotnik_perception_msgs:/home/admin/ros2_ws/install/robotnik_navigation_msgs:/home/admin/ros2_ws/install/robotnik_io_msgs:/home/admin/ros2_ws/install/robotnik_controllers_msgs:/home/admin/ros2_ws/install/robotnik_common:/home/admin/ros2_ws/install/robotnik_battery_msgs:/home/admin/ros2_ws/install/custom_gz:/opt/ros/humble LD_LIBRARY_PATH=/home/admin/ros2_ws/install/robotnik_common_msgs/lib:/home/admin/ros2_ws/install/robotnik_supervisor_msgs/lib:/home/admin/ros2_ws/install/robotnik_perception_msgs/lib:/home/admin/ros2_ws/install/robotnik_navigation_msgs/lib:/home/admin/ros2_ws/install/robotnik_io_msgs/lib:/home/admin/ros2_ws/install/robotnik_controllers_msgs/lib:/home/admin/ros2_ws/install/robotnik_battery_msgs/lib:/usr/lib/x86_64-linux-gnu/gazebo-11/plugins:/opt/ros/humble/opt/rviz_ogre_vendor/lib:/opt/ros/humble/lib/x86_64-linux-gnu:/opt/ros/humble/lib /usr/bin/cmake --install /home/admin/ros2_ws/build/robotnik_controllers_msgs
