[0.010s] Invoking command in '/home/admin/ros2_ws/build/robotnik_controllers_msgs': CMAKE_PREFIX_PATH=/home/admin/ros2_ws/install/robotnik_common_msgs:/home/admin/ros2_ws/install/robotnik_supervisor_msgs:/home/admin/ros2_ws/install/robotnik_gazebo_ignition:/home/admin/ros2_ws/install/robotnik_gazebo_classic:/home/admin/ros2_ws/install/robotnik_description:/home/admin/ros2_ws/install/robotnik_sensors:/home/admin/ros2_ws/install/robotnik_interfaces:/home/admin/ros2_ws/install/robotnik_perception_msgs:/home/admin/ros2_ws/install/robotnik_navigation_msgs:/home/admin/ros2_ws/install/robotnik_io_msgs:/home/admin/ros2_ws/install/robotnik_controllers_msgs:/home/admin/ros2_ws/install/robotnik_common:/home/admin/ros2_ws/install/robotnik_battery_msgs:/home/admin/ros2_ws/install/robotnik_safety_msgs:/home/admin/ros2_ws/install/rbvogui_cartographer:/opt/ros/humble LD_LIBRARY_PATH=/home/admin/ros2_ws/install/robotnik_common_msgs/lib:/home/admin/ros2_ws/install/robotnik_supervisor_msgs/lib:/home/admin/ros2_ws/install/robotnik_perception_msgs/lib:/home/admin/ros2_ws/install/robotnik_navigation_msgs/lib:/home/admin/ros2_ws/install/robotnik_io_msgs/lib:/home/admin/ros2_ws/install/robotnik_controllers_msgs/lib:/home/admin/ros2_ws/install/robotnik_battery_msgs/lib:/usr/lib/x86_64-linux-gnu/gazebo-11/plugins:/opt/ros/humble/opt/rviz_ogre_vendor/lib:/opt/ros/humble/lib/x86_64-linux-gnu:/opt/ros/humble/lib /usr/bin/cmake /home/admin/ros2_ws/src/robotnik_interfaces/robotnik_controllers_msgs -DCMAKE_INSTALL_PREFIX=/home/admin/ros2_ws/install/robotnik_controllers_msgs
[0.049s] -- The C compiler identification is GNU 11.4.0
[0.083s] -- The CXX compiler identification is GNU 11.4.0
[0.087s] -- Detecting C compiler ABI info
[0.135s] -- Detecting C compiler ABI info - done
[0.139s] -- Check for working C compiler: /usr/bin/cc - skipped
[0.139s] -- Detecting C compile features
[0.139s] -- Detecting C compile features - done
[0.141s] -- Detecting CXX compiler ABI info
[0.195s] -- Detecting CXX compiler ABI info - done
[0.200s] -- Check for working CXX compiler: /usr/bin/c++ - skipped
[0.200s] -- Detecting CXX compile features
[0.200s] -- Detecting CXX compile features - done
[0.202s] -- Found ament_cmake: 1.3.11 (/opt/ros/humble/share/ament_cmake/cmake)
[0.312s] -- Found Python3: /usr/bin/python3 (found version "3.10.12") found components: Interpreter 
[0.372s] -- Found builtin_interfaces: 1.2.1 (/opt/ros/humble/share/builtin_interfaces/cmake)
[0.393s] -- Found rosidl_generator_c: 3.1.6 (/opt/ros/humble/share/rosidl_generator_c/cmake)
[0.396s] -- Found rosidl_adapter: 3.1.6 (/opt/ros/humble/share/rosidl_adapter/cmake)
[0.401s] -- Found rosidl_generator_cpp: 3.1.6 (/opt/ros/humble/share/rosidl_generator_cpp/cmake)
[0.408s] -- Using all available rosidl_typesupport_c: rosidl_typesupport_fastrtps_c;rosidl_typesupport_introspection_c
[0.418s] -- Using all available rosidl_typesupport_cpp: rosidl_typesupport_fastrtps_cpp;rosidl_typesupport_introspection_cpp
[0.427s] -- Found rosidl_default_generators: 1.2.0 (/opt/ros/humble/share/rosidl_default_generators/cmake)
[0.432s] -- Found robotnik_common_msgs: 1.0.0 (/home/admin/ros2_ws/install/robotnik_common_msgs/share/robotnik_common_msgs/cmake)
[0.439s] -- Found std_msgs: 4.9.0 (/opt/ros/humble/share/std_msgs/cmake)
[0.635s] -- Found ament_cmake_cppcheck: 0.12.12 (/opt/ros/humble/share/ament_cmake_cppcheck/cmake)
[0.638s] -- Found ament_cmake_cpplint: 0.12.12 (/opt/ros/humble/share/ament_cmake_cpplint/cmake)
[0.641s] -- Found ament_cmake_uncrustify: 0.12.12 (/opt/ros/humble/share/ament_cmake_uncrustify/cmake)
[0.643s] -- Found ament_cmake_ros: 0.10.0 (/opt/ros/humble/share/ament_cmake_ros/cmake)
[0.902s] -- Using all available rosidl_typesupport_c: rosidl_typesupport_fastrtps_c;rosidl_typesupport_introspection_c
[0.997s] -- Using all available rosidl_typesupport_cpp: rosidl_typesupport_fastrtps_cpp;rosidl_typesupport_introspection_cpp
[1.013s] -- Found PythonInterp: /usr/bin/python3 (found suitable version "3.10.12", minimum required is "3.6") 
[1.015s] -- Found python_cmake_module: 0.10.0 (/opt/ros/humble/share/python_cmake_module/cmake)
[1.035s] -- Found PythonLibs: /usr/lib/x86_64-linux-gnu/libpython3.10.so (found suitable version "3.10.12", minimum required is "3.5") 
[1.036s] -- Using PYTHON_EXECUTABLE: /usr/bin/python3
[1.036s] -- Using PYTHON_INCLUDE_DIRS: /usr/include/python3.10
[1.036s] -- Using PYTHON_LIBRARIES: /usr/lib/x86_64-linux-gnu/libpython3.10.so
[1.051s] -- Found PythonExtra: .so  
[1.088s] -- Found ament_cmake_flake8: 0.12.12 (/opt/ros/humble/share/ament_cmake_flake8/cmake)
[1.089s] -- Found ament_cmake_pep257: 0.12.12 (/opt/ros/humble/share/ament_cmake_pep257/cmake)
[1.092s] -- Found ament_lint_auto: 0.12.12 (/opt/ros/humble/share/ament_lint_auto/cmake)
[1.100s] -- Added test 'copyright' to check source files copyright and LICENSE
[1.100s] -- Added test 'lint_cmake' to check CMake code style
[1.101s] -- Added test 'xmllint' to check XML markup files
[1.102s] -- Configuring done
[1.132s] -- Generating done
[1.142s] -- Build files have been written to: /home/admin/ros2_ws/build/robotnik_controllers_msgs
[1.147s] Invoked command in '/home/admin/ros2_ws/build/robotnik_controllers_msgs' returned '0': CMAKE_PREFIX_PATH=/home/admin/ros2_ws/install/robotnik_common_msgs:/home/admin/ros2_ws/install/robotnik_supervisor_msgs:/home/admin/ros2_ws/install/robotnik_gazebo_ignition:/home/admin/ros2_ws/install/robotnik_gazebo_classic:/home/admin/ros2_ws/install/robotnik_description:/home/admin/ros2_ws/install/robotnik_sensors:/home/admin/ros2_ws/install/robotnik_interfaces:/home/admin/ros2_ws/install/robotnik_perception_msgs:/home/admin/ros2_ws/install/robotnik_navigation_msgs:/home/admin/ros2_ws/install/robotnik_io_msgs:/home/admin/ros2_ws/install/robotnik_controllers_msgs:/home/admin/ros2_ws/install/robotnik_common:/home/admin/ros2_ws/install/robotnik_battery_msgs:/home/admin/ros2_ws/install/robotnik_safety_msgs:/home/admin/ros2_ws/install/rbvogui_cartographer:/opt/ros/humble LD_LIBRARY_PATH=/home/admin/ros2_ws/install/robotnik_common_msgs/lib:/home/admin/ros2_ws/install/robotnik_supervisor_msgs/lib:/home/admin/ros2_ws/install/robotnik_perception_msgs/lib:/home/admin/ros2_ws/install/robotnik_navigation_msgs/lib:/home/admin/ros2_ws/install/robotnik_io_msgs/lib:/home/admin/ros2_ws/install/robotnik_controllers_msgs/lib:/home/admin/ros2_ws/install/robotnik_battery_msgs/lib:/usr/lib/x86_64-linux-gnu/gazebo-11/plugins:/opt/ros/humble/opt/rviz_ogre_vendor/lib:/opt/ros/humble/lib/x86_64-linux-gnu:/opt/ros/humble/lib /usr/bin/cmake /home/admin/ros2_ws/src/robotnik_interfaces/robotnik_controllers_msgs -DCMAKE_INSTALL_PREFIX=/home/admin/ros2_ws/install/robotnik_controllers_msgs
[1.148s] Invoking command in '/home/admin/ros2_ws/build/robotnik_controllers_msgs': CMAKE_PREFIX_PATH=/home/admin/ros2_ws/install/robotnik_common_msgs:/home/admin/ros2_ws/install/robotnik_supervisor_msgs:/home/admin/ros2_ws/install/robotnik_gazebo_ignition:/home/admin/ros2_ws/install/robotnik_gazebo_classic:/home/admin/ros2_ws/install/robotnik_description:/home/admin/ros2_ws/install/robotnik_sensors:/home/admin/ros2_ws/install/robotnik_interfaces:/home/admin/ros2_ws/install/robotnik_perception_msgs:/home/admin/ros2_ws/install/robotnik_navigation_msgs:/home/admin/ros2_ws/install/robotnik_io_msgs:/home/admin/ros2_ws/install/robotnik_controllers_msgs:/home/admin/ros2_ws/install/robotnik_common:/home/admin/ros2_ws/install/robotnik_battery_msgs:/home/admin/ros2_ws/install/robotnik_safety_msgs:/home/admin/ros2_ws/install/rbvogui_cartographer:/opt/ros/humble LD_LIBRARY_PATH=/home/admin/ros2_ws/install/robotnik_common_msgs/lib:/home/admin/ros2_ws/install/robotnik_supervisor_msgs/lib:/home/admin/ros2_ws/install/robotnik_perception_msgs/lib:/home/admin/ros2_ws/install/robotnik_navigation_msgs/lib:/home/admin/ros2_ws/install/robotnik_io_msgs/lib:/home/admin/ros2_ws/install/robotnik_controllers_msgs/lib:/home/admin/ros2_ws/install/robotnik_battery_msgs/lib:/usr/lib/x86_64-linux-gnu/gazebo-11/plugins:/opt/ros/humble/opt/rviz_ogre_vendor/lib:/opt/ros/humble/lib/x86_64-linux-gnu:/opt/ros/humble/lib /usr/bin/cmake --build /home/admin/ros2_ws/build/robotnik_controllers_msgs -- -j20 -l20
[1.176s] [  1%] [34m[1mGenerating C code for ROS interfaces[0m
[1.188s] [  3%] [34m[1mGenerating C++ code for ROS interfaces[0m
[1.194s] [  3%] Built target ament_cmake_python_copy_robotnik_controllers_msgs
[1.379s] running egg_info
[1.379s] creating robotnik_controllers_msgs.egg-info
[1.380s] writing robotnik_controllers_msgs.egg-info/PKG-INFO
[1.380s] writing dependency_links to robotnik_controllers_msgs.egg-info/dependency_links.txt
[1.380s] writing top-level names to robotnik_controllers_msgs.egg-info/top_level.txt
[1.380s] writing manifest file 'robotnik_controllers_msgs.egg-info/SOURCES.txt'
[1.381s] reading manifest file 'robotnik_controllers_msgs.egg-info/SOURCES.txt'
[1.382s] writing manifest file 'robotnik_controllers_msgs.egg-info/SOURCES.txt'
[1.401s] [  3%] Built target ament_cmake_python_build_robotnik_controllers_msgs_egg
[1.530s] [  3%] Built target robotnik_controllers_msgs__cpp
[1.544s] [  5%] [34m[1mGenerating C++ type support dispatch for ROS interfaces[0m
[1.544s] [  7%] [34m[1mGenerating C++ introspection for ROS interfaces[0m
[1.545s] [  9%] [34m[1mGenerating C++ type support for eProsima Fast-RTPS[0m
[1.796s] [ 10%] [32mBuilding C object CMakeFiles/robotnik_controllers_msgs__rosidl_generator_c.dir/rosidl_generator_c/robotnik_controllers_msgs/msg/detail/controller_state__functions.c.o[0m
[1.796s] [ 12%] [32mBuilding C object CMakeFiles/robotnik_controllers_msgs__rosidl_generator_c.dir/rosidl_generator_c/robotnik_controllers_msgs/srv/detail/available_kinematics__functions.c.o[0m
[1.796s] [ 14%] [32mBuilding C object CMakeFiles/robotnik_controllers_msgs__rosidl_generator_c.dir/rosidl_generator_c/robotnik_controllers_msgs/srv/detail/set_odometry__functions.c.o[0m
[1.796s] [ 16%] [32mBuilding C object CMakeFiles/robotnik_controllers_msgs__rosidl_generator_c.dir/rosidl_generator_c/robotnik_controllers_msgs/srv/detail/change_kinematics__functions.c.o[0m
[1.855s] [ 18%] [32mBuilding CXX object CMakeFiles/robotnik_controllers_msgs__rosidl_typesupport_cpp.dir/rosidl_typesupport_cpp/robotnik_controllers_msgs/msg/controller_state__type_support.cpp.o[0m
[1.855s] [ 20%] [32mBuilding CXX object CMakeFiles/robotnik_controllers_msgs__rosidl_typesupport_cpp.dir/rosidl_typesupport_cpp/robotnik_controllers_msgs/srv/change_kinematics__type_support.cpp.o[0m
[1.856s] [ 21%] [32mBuilding CXX object CMakeFiles/robotnik_controllers_msgs__rosidl_typesupport_cpp.dir/rosidl_typesupport_cpp/robotnik_controllers_msgs/srv/set_odometry__type_support.cpp.o[0m
[1.856s] [ 23%] [32mBuilding CXX object CMakeFiles/robotnik_controllers_msgs__rosidl_typesupport_cpp.dir/rosidl_typesupport_cpp/robotnik_controllers_msgs/srv/available_kinematics__type_support.cpp.o[0m
[1.864s] [ 25%] [32m[1mLinking C shared library librobotnik_controllers_msgs__rosidl_generator_c.so[0m
[1.916s] [ 25%] Built target robotnik_controllers_msgs__rosidl_generator_c
[1.927s] [ 27%] [32mBuilding CXX object CMakeFiles/robotnik_controllers_msgs__rosidl_typesupport_introspection_cpp.dir/rosidl_typesupport_introspection_cpp/robotnik_controllers_msgs/srv/detail/available_kinematics__type_support.cpp.o[0m
[1.930s] [ 29%] [32mBuilding CXX object CMakeFiles/robotnik_controllers_msgs__rosidl_typesupport_introspection_cpp.dir/rosidl_typesupport_introspection_cpp/robotnik_controllers_msgs/msg/detail/controller_state__type_support.cpp.o[0m
[1.930s] [ 30%] [34m[1mGenerating C type support for eProsima Fast-RTPS[0m
[1.931s] [ 32%] [32mBuilding CXX object CMakeFiles/robotnik_controllers_msgs__rosidl_typesupport_introspection_cpp.dir/rosidl_typesupport_introspection_cpp/robotnik_controllers_msgs/srv/detail/set_odometry__type_support.cpp.o[0m
[1.931s] [ 34%] [34m[1mGenerating C introspection for ROS interfaces[0m
[1.932s] [ 38%] [32mBuilding CXX object CMakeFiles/robotnik_controllers_msgs__rosidl_typesupport_introspection_cpp.dir/rosidl_typesupport_introspection_cpp/robotnik_controllers_msgs/srv/detail/change_kinematics__type_support.cpp.o[0m
[1.932s] [ 38%] [34m[1mGenerating C type support dispatch for ROS interfaces[0m
[2.065s] [ 40%] [32mBuilding CXX object CMakeFiles/robotnik_controllers_msgs__rosidl_typesupport_fastrtps_cpp.dir/rosidl_typesupport_fastrtps_cpp/robotnik_controllers_msgs/msg/detail/dds_fastrtps/controller_state__type_support.cpp.o[0m
[2.079s] [ 41%] [32mBuilding CXX object CMakeFiles/robotnik_controllers_msgs__rosidl_typesupport_fastrtps_cpp.dir/rosidl_typesupport_fastrtps_cpp/robotnik_controllers_msgs/srv/detail/dds_fastrtps/available_kinematics__type_support.cpp.o[0m
[2.088s] [ 43%] [32mBuilding CXX object CMakeFiles/robotnik_controllers_msgs__rosidl_typesupport_fastrtps_cpp.dir/rosidl_typesupport_fastrtps_cpp/robotnik_controllers_msgs/srv/detail/dds_fastrtps/set_odometry__type_support.cpp.o[0m
[2.091s] [ 45%] [32mBuilding CXX object CMakeFiles/robotnik_controllers_msgs__rosidl_typesupport_fastrtps_cpp.dir/rosidl_typesupport_fastrtps_cpp/robotnik_controllers_msgs/srv/detail/dds_fastrtps/change_kinematics__type_support.cpp.o[0m
[2.324s] [ 47%] [32m[1mLinking CXX shared library librobotnik_controllers_msgs__rosidl_typesupport_cpp.so[0m
[2.425s] [ 47%] Built target robotnik_controllers_msgs__rosidl_typesupport_cpp
[2.531s] [ 49%] [32mBuilding CXX object CMakeFiles/robotnik_controllers_msgs__rosidl_typesupport_c.dir/rosidl_typesupport_c/robotnik_controllers_msgs/srv/available_kinematics__type_support.cpp.o[0m
[2.531s] [ 50%] [32mBuilding CXX object CMakeFiles/robotnik_controllers_msgs__rosidl_typesupport_c.dir/rosidl_typesupport_c/robotnik_controllers_msgs/srv/set_odometry__type_support.cpp.o[0m
[2.535s] [ 52%] [32mBuilding CXX object CMakeFiles/robotnik_controllers_msgs__rosidl_typesupport_c.dir/rosidl_typesupport_c/robotnik_controllers_msgs/msg/controller_state__type_support.cpp.o[0m
[2.537s] [ 54%] [32mBuilding CXX object CMakeFiles/robotnik_controllers_msgs__rosidl_typesupport_c.dir/rosidl_typesupport_c/robotnik_controllers_msgs/srv/change_kinematics__type_support.cpp.o[0m
[2.629s] [ 56%] [32m[1mLinking CXX shared library librobotnik_controllers_msgs__rosidl_typesupport_c.so[0m
[2.683s] [ 60%] [32mBuilding C object CMakeFiles/robotnik_controllers_msgs__rosidl_typesupport_introspection_c.dir/rosidl_typesupport_introspection_c/robotnik_controllers_msgs/srv/detail/change_kinematics__type_support.c.o[0m
[2.684s] [ 60%] [32mBuilding C object CMakeFiles/robotnik_controllers_msgs__rosidl_typesupport_introspection_c.dir/rosidl_typesupport_introspection_c/robotnik_controllers_msgs/msg/detail/controller_state__type_support.c.o[0m
[2.684s] [ 61%] [32mBuilding C object CMakeFiles/robotnik_controllers_msgs__rosidl_typesupport_introspection_c.dir/rosidl_typesupport_introspection_c/robotnik_controllers_msgs/srv/detail/available_kinematics__type_support.c.o[0m
[2.687s] [ 63%] [32mBuilding C object CMakeFiles/robotnik_controllers_msgs__rosidl_typesupport_introspection_c.dir/rosidl_typesupport_introspection_c/robotnik_controllers_msgs/srv/detail/set_odometry__type_support.c.o[0m
[2.723s] [ 63%] Built target robotnik_controllers_msgs__rosidl_typesupport_c
[2.758s] [ 65%] [32m[1mLinking CXX shared library librobotnik_controllers_msgs__rosidl_typesupport_introspection_cpp.so[0m
[2.776s] [ 67%] [32m[1mLinking C shared library librobotnik_controllers_msgs__rosidl_typesupport_introspection_c.so[0m
[2.879s] [ 67%] Built target robotnik_controllers_msgs__rosidl_typesupport_introspection_c
[2.887s] [ 69%] [32m[1mLinking CXX shared library librobotnik_controllers_msgs__rosidl_typesupport_fastrtps_cpp.so[0m
[2.916s] [ 70%] [32mBuilding CXX object CMakeFiles/robotnik_controllers_msgs__rosidl_typesupport_fastrtps_c.dir/rosidl_typesupport_fastrtps_c/robotnik_controllers_msgs/msg/detail/controller_state__type_support_c.cpp.o[0m
[2.924s] [ 72%] [32mBuilding CXX object CMakeFiles/robotnik_controllers_msgs__rosidl_typesupport_fastrtps_c.dir/rosidl_typesupport_fastrtps_c/robotnik_controllers_msgs/srv/detail/available_kinematics__type_support_c.cpp.o[0m
[2.940s] [ 74%] [32mBuilding CXX object CMakeFiles/robotnik_controllers_msgs__rosidl_typesupport_fastrtps_c.dir/rosidl_typesupport_fastrtps_c/robotnik_controllers_msgs/srv/detail/change_kinematics__type_support_c.cpp.o[0m
[2.941s] [ 76%] [32mBuilding CXX object CMakeFiles/robotnik_controllers_msgs__rosidl_typesupport_fastrtps_c.dir/rosidl_typesupport_fastrtps_c/robotnik_controllers_msgs/srv/detail/set_odometry__type_support_c.cpp.o[0m
[2.960s] [ 76%] Built target robotnik_controllers_msgs__rosidl_typesupport_introspection_cpp
[3.118s] [ 76%] Built target robotnik_controllers_msgs__rosidl_typesupport_fastrtps_cpp
[4.170s] [ 78%] [32m[1mLinking CXX shared library librobotnik_controllers_msgs__rosidl_typesupport_fastrtps_c.so[0m
[4.409s] [ 78%] Built target robotnik_controllers_msgs__rosidl_typesupport_fastrtps_c
[4.485s] [ 78%] Built target robotnik_controllers_msgs
[4.550s] [ 80%] [34m[1mGenerating Python code for ROS interfaces[0m
[6.226s] [ 80%] Built target robotnik_controllers_msgs__py
[6.242s] [ 81%] [32mBuilding C object CMakeFiles/robotnik_controllers_msgs__rosidl_generator_py.dir/rosidl_generator_py/robotnik_controllers_msgs/msg/_controller_state_s.c.o[0m
[6.245s] [ 83%] [32mBuilding C object CMakeFiles/robotnik_controllers_msgs__rosidl_generator_py.dir/rosidl_generator_py/robotnik_controllers_msgs/srv/_change_kinematics_s.c.o[0m
[6.245s] [ 85%] [32mBuilding C object CMakeFiles/robotnik_controllers_msgs__rosidl_generator_py.dir/rosidl_generator_py/robotnik_controllers_msgs/srv/_available_kinematics_s.c.o[0m
[6.246s] [ 87%] [32mBuilding C object CMakeFiles/robotnik_controllers_msgs__rosidl_generator_py.dir/rosidl_generator_py/robotnik_controllers_msgs/srv/_set_odometry_s.c.o[0m
[6.335s] [ 89%] [32m[1mLinking C shared library rosidl_generator_py/robotnik_controllers_msgs/librobotnik_controllers_msgs__rosidl_generator_py.so[0m
[6.365s] [ 89%] Built target robotnik_controllers_msgs__rosidl_generator_py
[6.381s] [ 90%] [32mBuilding C object CMakeFiles/robotnik_controllers_msgs__rosidl_typesupport_fastrtps_c__pyext.dir/rosidl_generator_py/robotnik_controllers_msgs/_robotnik_controllers_msgs_s.ep.rosidl_typesupport_fastrtps_c.c.o[0m
[6.382s] [ 92%] [32mBuilding C object CMakeFiles/robotnik_controllers_msgs__rosidl_typesupport_c__pyext.dir/rosidl_generator_py/robotnik_controllers_msgs/_robotnik_controllers_msgs_s.ep.rosidl_typesupport_c.c.o[0m
[6.382s] [ 94%] [32mBuilding C object CMakeFiles/robotnik_controllers_msgs__rosidl_typesupport_introspection_c__pyext.dir/rosidl_generator_py/robotnik_controllers_msgs/_robotnik_controllers_msgs_s.ep.rosidl_typesupport_introspection_c.c.o[0m
[6.471s] [ 96%] [32m[1mLinking C shared library rosidl_generator_py/robotnik_controllers_msgs/robotnik_controllers_msgs_s__rosidl_typesupport_c.cpython-310-x86_64-linux-gnu.so[0m
[6.485s] [ 98%] [32m[1mLinking C shared library rosidl_generator_py/robotnik_controllers_msgs/robotnik_controllers_msgs_s__rosidl_typesupport_introspection_c.cpython-310-x86_64-linux-gnu.so[0m
[6.491s] [100%] [32m[1mLinking C shared library rosidl_generator_py/robotnik_controllers_msgs/robotnik_controllers_msgs_s__rosidl_typesupport_fastrtps_c.cpython-310-x86_64-linux-gnu.so[0m
[6.503s] [100%] Built target robotnik_controllers_msgs__rosidl_typesupport_c__pyext
[6.513s] [100%] Built target robotnik_controllers_msgs__rosidl_typesupport_introspection_c__pyext
[6.520s] [100%] Built target robotnik_controllers_msgs__rosidl_typesupport_fastrtps_c__pyext
[6.529s] Invoked command in '/home/admin/ros2_ws/build/robotnik_controllers_msgs' returned '0': CMAKE_PREFIX_PATH=/home/admin/ros2_ws/install/robotnik_common_msgs:/home/admin/ros2_ws/install/robotnik_supervisor_msgs:/home/admin/ros2_ws/install/robotnik_gazebo_ignition:/home/admin/ros2_ws/install/robotnik_gazebo_classic:/home/admin/ros2_ws/install/robotnik_description:/home/admin/ros2_ws/install/robotnik_sensors:/home/admin/ros2_ws/install/robotnik_interfaces:/home/admin/ros2_ws/install/robotnik_perception_msgs:/home/admin/ros2_ws/install/robotnik_navigation_msgs:/home/admin/ros2_ws/install/robotnik_io_msgs:/home/admin/ros2_ws/install/robotnik_controllers_msgs:/home/admin/ros2_ws/install/robotnik_common:/home/admin/ros2_ws/install/robotnik_battery_msgs:/home/admin/ros2_ws/install/robotnik_safety_msgs:/home/admin/ros2_ws/install/rbvogui_cartographer:/opt/ros/humble LD_LIBRARY_PATH=/home/admin/ros2_ws/install/robotnik_common_msgs/lib:/home/admin/ros2_ws/install/robotnik_supervisor_msgs/lib:/home/admin/ros2_ws/install/robotnik_perception_msgs/lib:/home/admin/ros2_ws/install/robotnik_navigation_msgs/lib:/home/admin/ros2_ws/install/robotnik_io_msgs/lib:/home/admin/ros2_ws/install/robotnik_controllers_msgs/lib:/home/admin/ros2_ws/install/robotnik_battery_msgs/lib:/usr/lib/x86_64-linux-gnu/gazebo-11/plugins:/opt/ros/humble/opt/rviz_ogre_vendor/lib:/opt/ros/humble/lib/x86_64-linux-gnu:/opt/ros/humble/lib /usr/bin/cmake --build /home/admin/ros2_ws/build/robotnik_controllers_msgs -- -j20 -l20
[6.530s] Invoking command in '/home/admin/ros2_ws/build/robotnik_controllers_msgs': CMAKE_PREFIX_PATH=/home/admin/ros2_ws/install/robotnik_common_msgs:/home/admin/ros2_ws/install/robotnik_supervisor_msgs:/home/admin/ros2_ws/install/robotnik_gazebo_ignition:/home/admin/ros2_ws/install/robotnik_gazebo_classic:/home/admin/ros2_ws/install/robotnik_description:/home/admin/ros2_ws/install/robotnik_sensors:/home/admin/ros2_ws/install/robotnik_interfaces:/home/admin/ros2_ws/install/robotnik_perception_msgs:/home/admin/ros2_ws/install/robotnik_navigation_msgs:/home/admin/ros2_ws/install/robotnik_io_msgs:/home/admin/ros2_ws/install/robotnik_controllers_msgs:/home/admin/ros2_ws/install/robotnik_common:/home/admin/ros2_ws/install/robotnik_battery_msgs:/home/admin/ros2_ws/install/robotnik_safety_msgs:/home/admin/ros2_ws/install/rbvogui_cartographer:/opt/ros/humble LD_LIBRARY_PATH=/home/admin/ros2_ws/install/robotnik_common_msgs/lib:/home/admin/ros2_ws/install/robotnik_supervisor_msgs/lib:/home/admin/ros2_ws/install/robotnik_perception_msgs/lib:/home/admin/ros2_ws/install/robotnik_navigation_msgs/lib:/home/admin/ros2_ws/install/robotnik_io_msgs/lib:/home/admin/ros2_ws/install/robotnik_controllers_msgs/lib:/home/admin/ros2_ws/install/robotnik_battery_msgs/lib:/usr/lib/x86_64-linux-gnu/gazebo-11/plugins:/opt/ros/humble/opt/rviz_ogre_vendor/lib:/opt/ros/humble/lib/x86_64-linux-gnu:/opt/ros/humble/lib /usr/bin/cmake --install /home/admin/ros2_ws/build/robotnik_controllers_msgs
[6.536s] -- Install configuration: ""
[6.536s] -- Installing: /home/admin/ros2_ws/install/robotnik_controllers_msgs/share/ament_index/resource_index/rosidl_interfaces/robotnik_controllers_msgs
[6.536s] -- Installing: /home/admin/ros2_ws/install/robotnik_controllers_msgs/include/robotnik_controllers_msgs/robotnik_controllers_msgs
[6.536s] -- Installing: /home/admin/ros2_ws/install/robotnik_controllers_msgs/include/robotnik_controllers_msgs/robotnik_controllers_msgs/srv
[6.536s] -- Installing: /home/admin/ros2_ws/install/robotnik_controllers_msgs/include/robotnik_controllers_msgs/robotnik_controllers_msgs/srv/available_kinematics.h
[6.536s] -- Installing: /home/admin/ros2_ws/install/robotnik_controllers_msgs/include/robotnik_controllers_msgs/robotnik_controllers_msgs/srv/detail
[6.536s] -- Installing: /home/admin/ros2_ws/install/robotnik_controllers_msgs/include/robotnik_controllers_msgs/robotnik_controllers_msgs/srv/detail/set_odometry__type_support.h
[6.536s] -- Installing: /home/admin/ros2_ws/install/robotnik_controllers_msgs/include/robotnik_controllers_msgs/robotnik_controllers_msgs/srv/detail/available_kinematics__functions.c
[6.536s] -- Installing: /home/admin/ros2_ws/install/robotnik_controllers_msgs/include/robotnik_controllers_msgs/robotnik_controllers_msgs/srv/detail/set_odometry__functions.c
[6.536s] -- Installing: /home/admin/ros2_ws/install/robotnik_controllers_msgs/include/robotnik_controllers_msgs/robotnik_controllers_msgs/srv/detail/change_kinematics__functions.h
[6.536s] -- Installing: /home/admin/ros2_ws/install/robotnik_controllers_msgs/include/robotnik_controllers_msgs/robotnik_controllers_msgs/srv/detail/available_kinematics__struct.h
[6.537s] -- Installing: /home/admin/ros2_ws/install/robotnik_controllers_msgs/include/robotnik_controllers_msgs/robotnik_controllers_msgs/srv/detail/available_kinematics__type_support.h
[6.537s] -- Installing: /home/admin/ros2_ws/install/robotnik_controllers_msgs/include/robotnik_controllers_msgs/robotnik_controllers_msgs/srv/detail/set_odometry__functions.h
[6.537s] -- Installing: /home/admin/ros2_ws/install/robotnik_controllers_msgs/include/robotnik_controllers_msgs/robotnik_controllers_msgs/srv/detail/change_kinematics__type_support.h
[6.537s] -- Installing: /home/admin/ros2_ws/install/robotnik_controllers_msgs/include/robotnik_controllers_msgs/robotnik_controllers_msgs/srv/detail/change_kinematics__struct.h
[6.537s] -- Installing: /home/admin/ros2_ws/install/robotnik_controllers_msgs/include/robotnik_controllers_msgs/robotnik_controllers_msgs/srv/detail/change_kinematics__functions.c
[6.537s] -- Installing: /home/admin/ros2_ws/install/robotnik_controllers_msgs/include/robotnik_controllers_msgs/robotnik_controllers_msgs/srv/detail/set_odometry__struct.h
[6.537s] -- Installing: /home/admin/ros2_ws/install/robotnik_controllers_msgs/include/robotnik_controllers_msgs/robotnik_controllers_msgs/srv/detail/available_kinematics__functions.h
[6.537s] -- Installing: /home/admin/ros2_ws/install/robotnik_controllers_msgs/include/robotnik_controllers_msgs/robotnik_controllers_msgs/srv/change_kinematics.h
[6.537s] -- Installing: /home/admin/ros2_ws/install/robotnik_controllers_msgs/include/robotnik_controllers_msgs/robotnik_controllers_msgs/srv/set_odometry.h
[6.537s] -- Installing: /home/admin/ros2_ws/install/robotnik_controllers_msgs/include/robotnik_controllers_msgs/robotnik_controllers_msgs/msg
[6.537s] -- Installing: /home/admin/ros2_ws/install/robotnik_controllers_msgs/include/robotnik_controllers_msgs/robotnik_controllers_msgs/msg/rosidl_generator_c__visibility_control.h
[6.537s] -- Installing: /home/admin/ros2_ws/install/robotnik_controllers_msgs/include/robotnik_controllers_msgs/robotnik_controllers_msgs/msg/detail
[6.537s] -- Installing: /home/admin/ros2_ws/install/robotnik_controllers_msgs/include/robotnik_controllers_msgs/robotnik_controllers_msgs/msg/detail/controller_state__functions.c
[6.537s] -- Installing: /home/admin/ros2_ws/install/robotnik_controllers_msgs/include/robotnik_controllers_msgs/robotnik_controllers_msgs/msg/detail/controller_state__functions.h
[6.537s] -- Installing: /home/admin/ros2_ws/install/robotnik_controllers_msgs/include/robotnik_controllers_msgs/robotnik_controllers_msgs/msg/detail/controller_state__type_support.h
[6.537s] -- Installing: /home/admin/ros2_ws/install/robotnik_controllers_msgs/include/robotnik_controllers_msgs/robotnik_controllers_msgs/msg/detail/controller_state__struct.h
[6.537s] -- Installing: /home/admin/ros2_ws/install/robotnik_controllers_msgs/include/robotnik_controllers_msgs/robotnik_controllers_msgs/msg/controller_state.h
[6.537s] -- Installing: /home/admin/ros2_ws/install/robotnik_controllers_msgs/share/robotnik_controllers_msgs/environment/library_path.sh
[6.537s] -- Installing: /home/admin/ros2_ws/install/robotnik_controllers_msgs/share/robotnik_controllers_msgs/environment/library_path.dsv
[6.537s] -- Installing: /home/admin/ros2_ws/install/robotnik_controllers_msgs/lib/librobotnik_controllers_msgs__rosidl_generator_c.so
[6.537s] -- Set runtime path of "/home/admin/ros2_ws/install/robotnik_controllers_msgs/lib/librobotnik_controllers_msgs__rosidl_generator_c.so" to ""
[6.537s] -- Up-to-date: /home/admin/ros2_ws/install/robotnik_controllers_msgs/include/robotnik_controllers_msgs/robotnik_controllers_msgs
[6.537s] -- Up-to-date: /home/admin/ros2_ws/install/robotnik_controllers_msgs/include/robotnik_controllers_msgs/robotnik_controllers_msgs/srv
[6.538s] -- Up-to-date: /home/admin/ros2_ws/install/robotnik_controllers_msgs/include/robotnik_controllers_msgs/robotnik_controllers_msgs/srv/detail
[6.538s] -- Installing: /home/admin/ros2_ws/install/robotnik_controllers_msgs/include/robotnik_controllers_msgs/robotnik_controllers_msgs/srv/detail/change_kinematics__rosidl_typesupport_fastrtps_c.h
[6.538s] -- Installing: /home/admin/ros2_ws/install/robotnik_controllers_msgs/include/robotnik_controllers_msgs/robotnik_controllers_msgs/srv/detail/set_odometry__rosidl_typesupport_fastrtps_c.h
[6.538s] -- Installing: /home/admin/ros2_ws/install/robotnik_controllers_msgs/include/robotnik_controllers_msgs/robotnik_controllers_msgs/srv/detail/available_kinematics__rosidl_typesupport_fastrtps_c.h
[6.538s] -- Up-to-date: /home/admin/ros2_ws/install/robotnik_controllers_msgs/include/robotnik_controllers_msgs/robotnik_controllers_msgs/msg
[6.538s] -- Installing: /home/admin/ros2_ws/install/robotnik_controllers_msgs/include/robotnik_controllers_msgs/robotnik_controllers_msgs/msg/rosidl_typesupport_fastrtps_c__visibility_control.h
[6.538s] -- Up-to-date: /home/admin/ros2_ws/install/robotnik_controllers_msgs/include/robotnik_controllers_msgs/robotnik_controllers_msgs/msg/detail
[6.538s] -- Installing: /home/admin/ros2_ws/install/robotnik_controllers_msgs/include/robotnik_controllers_msgs/robotnik_controllers_msgs/msg/detail/controller_state__rosidl_typesupport_fastrtps_c.h
[6.538s] -- Installing: /home/admin/ros2_ws/install/robotnik_controllers_msgs/lib/librobotnik_controllers_msgs__rosidl_typesupport_fastrtps_c.so
[6.538s] -- Set runtime path of "/home/admin/ros2_ws/install/robotnik_controllers_msgs/lib/librobotnik_controllers_msgs__rosidl_typesupport_fastrtps_c.so" to ""
[6.538s] -- Up-to-date: /home/admin/ros2_ws/install/robotnik_controllers_msgs/include/robotnik_controllers_msgs/robotnik_controllers_msgs
[6.538s] -- Up-to-date: /home/admin/ros2_ws/install/robotnik_controllers_msgs/include/robotnik_controllers_msgs/robotnik_controllers_msgs/srv
[6.538s] -- Up-to-date: /home/admin/ros2_ws/install/robotnik_controllers_msgs/include/robotnik_controllers_msgs/robotnik_controllers_msgs/srv/detail
[6.538s] -- Installing: /home/admin/ros2_ws/install/robotnik_controllers_msgs/include/robotnik_controllers_msgs/robotnik_controllers_msgs/srv/detail/set_odometry__builder.hpp
[6.538s] -- Installing: /home/admin/ros2_ws/install/robotnik_controllers_msgs/include/robotnik_controllers_msgs/robotnik_controllers_msgs/srv/detail/available_kinematics__traits.hpp
[6.538s] -- Installing: /home/admin/ros2_ws/install/robotnik_controllers_msgs/include/robotnik_controllers_msgs/robotnik_controllers_msgs/srv/detail/available_kinematics__type_support.hpp
[6.538s] -- Installing: /home/admin/ros2_ws/install/robotnik_controllers_msgs/include/robotnik_controllers_msgs/robotnik_controllers_msgs/srv/detail/available_kinematics__builder.hpp
[6.538s] -- Installing: /home/admin/ros2_ws/install/robotnik_controllers_msgs/include/robotnik_controllers_msgs/robotnik_controllers_msgs/srv/detail/change_kinematics__traits.hpp
[6.538s] -- Installing: /home/admin/ros2_ws/install/robotnik_controllers_msgs/include/robotnik_controllers_msgs/robotnik_controllers_msgs/srv/detail/available_kinematics__struct.hpp
[6.538s] -- Installing: /home/admin/ros2_ws/install/robotnik_controllers_msgs/include/robotnik_controllers_msgs/robotnik_controllers_msgs/srv/detail/change_kinematics__type_support.hpp
[6.538s] -- Installing: /home/admin/ros2_ws/install/robotnik_controllers_msgs/include/robotnik_controllers_msgs/robotnik_controllers_msgs/srv/detail/set_odometry__type_support.hpp
[6.538s] -- Installing: /home/admin/ros2_ws/install/robotnik_controllers_msgs/include/robotnik_controllers_msgs/robotnik_controllers_msgs/srv/detail/change_kinematics__builder.hpp
[6.538s] -- Installing: /home/admin/ros2_ws/install/robotnik_controllers_msgs/include/robotnik_controllers_msgs/robotnik_controllers_msgs/srv/detail/set_odometry__traits.hpp
[6.538s] -- Installing: /home/admin/ros2_ws/install/robotnik_controllers_msgs/include/robotnik_controllers_msgs/robotnik_controllers_msgs/srv/detail/set_odometry__struct.hpp
[6.539s] -- Installing: /home/admin/ros2_ws/install/robotnik_controllers_msgs/include/robotnik_controllers_msgs/robotnik_controllers_msgs/srv/detail/change_kinematics__struct.hpp
[6.539s] -- Installing: /home/admin/ros2_ws/install/robotnik_controllers_msgs/include/robotnik_controllers_msgs/robotnik_controllers_msgs/srv/change_kinematics.hpp
[6.539s] -- Installing: /home/admin/ros2_ws/install/robotnik_controllers_msgs/include/robotnik_controllers_msgs/robotnik_controllers_msgs/srv/set_odometry.hpp
[6.539s] -- Installing: /home/admin/ros2_ws/install/robotnik_controllers_msgs/include/robotnik_controllers_msgs/robotnik_controllers_msgs/srv/available_kinematics.hpp
[6.539s] -- Up-to-date: /home/admin/ros2_ws/install/robotnik_controllers_msgs/include/robotnik_controllers_msgs/robotnik_controllers_msgs/msg
[6.539s] -- Installing: /home/admin/ros2_ws/install/robotnik_controllers_msgs/include/robotnik_controllers_msgs/robotnik_controllers_msgs/msg/rosidl_generator_cpp__visibility_control.hpp
[6.539s] -- Up-to-date: /home/admin/ros2_ws/install/robotnik_controllers_msgs/include/robotnik_controllers_msgs/robotnik_controllers_msgs/msg/detail
[6.539s] -- Installing: /home/admin/ros2_ws/install/robotnik_controllers_msgs/include/robotnik_controllers_msgs/robotnik_controllers_msgs/msg/detail/controller_state__builder.hpp
[6.539s] -- Installing: /home/admin/ros2_ws/install/robotnik_controllers_msgs/include/robotnik_controllers_msgs/robotnik_controllers_msgs/msg/detail/controller_state__struct.hpp
[6.539s] -- Installing: /home/admin/ros2_ws/install/robotnik_controllers_msgs/include/robotnik_controllers_msgs/robotnik_controllers_msgs/msg/detail/controller_state__traits.hpp
[6.539s] -- Installing: /home/admin/ros2_ws/install/robotnik_controllers_msgs/include/robotnik_controllers_msgs/robotnik_controllers_msgs/msg/detail/controller_state__type_support.hpp
[6.539s] -- Installing: /home/admin/ros2_ws/install/robotnik_controllers_msgs/include/robotnik_controllers_msgs/robotnik_controllers_msgs/msg/controller_state.hpp
[6.539s] -- Up-to-date: /home/admin/ros2_ws/install/robotnik_controllers_msgs/include/robotnik_controllers_msgs/robotnik_controllers_msgs
[6.539s] -- Up-to-date: /home/admin/ros2_ws/install/robotnik_controllers_msgs/include/robotnik_controllers_msgs/robotnik_controllers_msgs/srv
[6.539s] -- Up-to-date: /home/admin/ros2_ws/install/robotnik_controllers_msgs/include/robotnik_controllers_msgs/robotnik_controllers_msgs/srv/detail
[6.539s] -- Installing: /home/admin/ros2_ws/install/robotnik_controllers_msgs/include/robotnik_controllers_msgs/robotnik_controllers_msgs/srv/detail/set_odometry__rosidl_typesupport_fastrtps_cpp.hpp
[6.539s] -- Installing: /home/admin/ros2_ws/install/robotnik_controllers_msgs/include/robotnik_controllers_msgs/robotnik_controllers_msgs/srv/detail/dds_fastrtps
[6.539s] -- Installing: /home/admin/ros2_ws/install/robotnik_controllers_msgs/include/robotnik_controllers_msgs/robotnik_controllers_msgs/srv/detail/change_kinematics__rosidl_typesupport_fastrtps_cpp.hpp
[6.539s] -- Installing: /home/admin/ros2_ws/install/robotnik_controllers_msgs/include/robotnik_controllers_msgs/robotnik_controllers_msgs/srv/detail/available_kinematics__rosidl_typesupport_fastrtps_cpp.hpp
[6.539s] -- Up-to-date: /home/admin/ros2_ws/install/robotnik_controllers_msgs/include/robotnik_controllers_msgs/robotnik_controllers_msgs/msg
[6.539s] -- Installing: /home/admin/ros2_ws/install/robotnik_controllers_msgs/include/robotnik_controllers_msgs/robotnik_controllers_msgs/msg/rosidl_typesupport_fastrtps_cpp__visibility_control.h
[6.539s] -- Up-to-date: /home/admin/ros2_ws/install/robotnik_controllers_msgs/include/robotnik_controllers_msgs/robotnik_controllers_msgs/msg/detail
[6.539s] -- Installing: /home/admin/ros2_ws/install/robotnik_controllers_msgs/include/robotnik_controllers_msgs/robotnik_controllers_msgs/msg/detail/controller_state__rosidl_typesupport_fastrtps_cpp.hpp
[6.539s] -- Installing: /home/admin/ros2_ws/install/robotnik_controllers_msgs/include/robotnik_controllers_msgs/robotnik_controllers_msgs/msg/detail/dds_fastrtps
[6.539s] -- Installing: /home/admin/ros2_ws/install/robotnik_controllers_msgs/lib/librobotnik_controllers_msgs__rosidl_typesupport_fastrtps_cpp.so
[6.539s] -- Set runtime path of "/home/admin/ros2_ws/install/robotnik_controllers_msgs/lib/librobotnik_controllers_msgs__rosidl_typesupport_fastrtps_cpp.so" to ""
[6.540s] -- Up-to-date: /home/admin/ros2_ws/install/robotnik_controllers_msgs/include/robotnik_controllers_msgs/robotnik_controllers_msgs
[6.540s] -- Up-to-date: /home/admin/ros2_ws/install/robotnik_controllers_msgs/include/robotnik_controllers_msgs/robotnik_controllers_msgs/srv
[6.540s] -- Up-to-date: /home/admin/ros2_ws/install/robotnik_controllers_msgs/include/robotnik_controllers_msgs/robotnik_controllers_msgs/srv/detail
[6.540s] -- Installing: /home/admin/ros2_ws/install/robotnik_controllers_msgs/include/robotnik_controllers_msgs/robotnik_controllers_msgs/srv/detail/change_kinematics__type_support.c
[6.540s] -- Installing: /home/admin/ros2_ws/install/robotnik_controllers_msgs/include/robotnik_controllers_msgs/robotnik_controllers_msgs/srv/detail/available_kinematics__rosidl_typesupport_introspection_c.h
[6.540s] -- Installing: /home/admin/ros2_ws/install/robotnik_controllers_msgs/include/robotnik_controllers_msgs/robotnik_controllers_msgs/srv/detail/set_odometry__rosidl_typesupport_introspection_c.h
[6.540s] -- Installing: /home/admin/ros2_ws/install/robotnik_controllers_msgs/include/robotnik_controllers_msgs/robotnik_controllers_msgs/srv/detail/change_kinematics__rosidl_typesupport_introspection_c.h
[6.540s] -- Installing: /home/admin/ros2_ws/install/robotnik_controllers_msgs/include/robotnik_controllers_msgs/robotnik_controllers_msgs/srv/detail/set_odometry__type_support.c
[6.540s] -- Installing: /home/admin/ros2_ws/install/robotnik_controllers_msgs/include/robotnik_controllers_msgs/robotnik_controllers_msgs/srv/detail/available_kinematics__type_support.c
[6.540s] -- Up-to-date: /home/admin/ros2_ws/install/robotnik_controllers_msgs/include/robotnik_controllers_msgs/robotnik_controllers_msgs/msg
[6.540s] -- Up-to-date: /home/admin/ros2_ws/install/robotnik_controllers_msgs/include/robotnik_controllers_msgs/robotnik_controllers_msgs/msg/detail
[6.540s] -- Installing: /home/admin/ros2_ws/install/robotnik_controllers_msgs/include/robotnik_controllers_msgs/robotnik_controllers_msgs/msg/detail/controller_state__rosidl_typesupport_introspection_c.h
[6.540s] -- Installing: /home/admin/ros2_ws/install/robotnik_controllers_msgs/include/robotnik_controllers_msgs/robotnik_controllers_msgs/msg/detail/controller_state__type_support.c
[6.540s] -- Installing: /home/admin/ros2_ws/install/robotnik_controllers_msgs/include/robotnik_controllers_msgs/robotnik_controllers_msgs/msg/rosidl_typesupport_introspection_c__visibility_control.h
[6.540s] -- Installing: /home/admin/ros2_ws/install/robotnik_controllers_msgs/lib/librobotnik_controllers_msgs__rosidl_typesupport_introspection_c.so
[6.540s] -- Set runtime path of "/home/admin/ros2_ws/install/robotnik_controllers_msgs/lib/librobotnik_controllers_msgs__rosidl_typesupport_introspection_c.so" to ""
[6.540s] -- Installing: /home/admin/ros2_ws/install/robotnik_controllers_msgs/lib/librobotnik_controllers_msgs__rosidl_typesupport_c.so
[6.540s] -- Set runtime path of "/home/admin/ros2_ws/install/robotnik_controllers_msgs/lib/librobotnik_controllers_msgs__rosidl_typesupport_c.so" to ""
[6.540s] -- Up-to-date: /home/admin/ros2_ws/install/robotnik_controllers_msgs/include/robotnik_controllers_msgs/robotnik_controllers_msgs
[6.540s] -- Up-to-date: /home/admin/ros2_ws/install/robotnik_controllers_msgs/include/robotnik_controllers_msgs/robotnik_controllers_msgs/srv
[6.540s] -- Up-to-date: /home/admin/ros2_ws/install/robotnik_controllers_msgs/include/robotnik_controllers_msgs/robotnik_controllers_msgs/srv/detail
[6.540s] -- Installing: /home/admin/ros2_ws/install/robotnik_controllers_msgs/include/robotnik_controllers_msgs/robotnik_controllers_msgs/srv/detail/set_odometry__rosidl_typesupport_introspection_cpp.hpp
[6.540s] -- Installing: /home/admin/ros2_ws/install/robotnik_controllers_msgs/include/robotnik_controllers_msgs/robotnik_controllers_msgs/srv/detail/set_odometry__type_support.cpp
[6.540s] -- Installing: /home/admin/ros2_ws/install/robotnik_controllers_msgs/include/robotnik_controllers_msgs/robotnik_controllers_msgs/srv/detail/available_kinematics__type_support.cpp
[6.540s] -- Installing: /home/admin/ros2_ws/install/robotnik_controllers_msgs/include/robotnik_controllers_msgs/robotnik_controllers_msgs/srv/detail/available_kinematics__rosidl_typesupport_introspection_cpp.hpp
[6.540s] -- Installing: /home/admin/ros2_ws/install/robotnik_controllers_msgs/include/robotnik_controllers_msgs/robotnik_controllers_msgs/srv/detail/change_kinematics__rosidl_typesupport_introspection_cpp.hpp
[6.540s] -- Installing: /home/admin/ros2_ws/install/robotnik_controllers_msgs/include/robotnik_controllers_msgs/robotnik_controllers_msgs/srv/detail/change_kinematics__type_support.cpp
[6.541s] -- Up-to-date: /home/admin/ros2_ws/install/robotnik_controllers_msgs/include/robotnik_controllers_msgs/robotnik_controllers_msgs/msg
[6.541s] -- Up-to-date: /home/admin/ros2_ws/install/robotnik_controllers_msgs/include/robotnik_controllers_msgs/robotnik_controllers_msgs/msg/detail
[6.541s] -- Installing: /home/admin/ros2_ws/install/robotnik_controllers_msgs/include/robotnik_controllers_msgs/robotnik_controllers_msgs/msg/detail/controller_state__type_support.cpp
[6.541s] -- Installing: /home/admin/ros2_ws/install/robotnik_controllers_msgs/include/robotnik_controllers_msgs/robotnik_controllers_msgs/msg/detail/controller_state__rosidl_typesupport_introspection_cpp.hpp
[6.541s] -- Installing: /home/admin/ros2_ws/install/robotnik_controllers_msgs/lib/librobotnik_controllers_msgs__rosidl_typesupport_introspection_cpp.so
[6.541s] -- Set runtime path of "/home/admin/ros2_ws/install/robotnik_controllers_msgs/lib/librobotnik_controllers_msgs__rosidl_typesupport_introspection_cpp.so" to ""
[6.541s] -- Installing: /home/admin/ros2_ws/install/robotnik_controllers_msgs/lib/librobotnik_controllers_msgs__rosidl_typesupport_cpp.so
[6.541s] -- Set runtime path of "/home/admin/ros2_ws/install/robotnik_controllers_msgs/lib/librobotnik_controllers_msgs__rosidl_typesupport_cpp.so" to ""
[6.541s] -- Installing: /home/admin/ros2_ws/install/robotnik_controllers_msgs/share/robotnik_controllers_msgs/environment/pythonpath.sh
[6.541s] -- Installing: /home/admin/ros2_ws/install/robotnik_controllers_msgs/share/robotnik_controllers_msgs/environment/pythonpath.dsv
[6.541s] -- Installing: /home/admin/ros2_ws/install/robotnik_controllers_msgs/local/lib/python3.10/dist-packages/robotnik_controllers_msgs-1.0.0-py3.10.egg-info
[6.541s] -- Installing: /home/admin/ros2_ws/install/robotnik_controllers_msgs/local/lib/python3.10/dist-packages/robotnik_controllers_msgs-1.0.0-py3.10.egg-info/PKG-INFO
[6.541s] -- Installing: /home/admin/ros2_ws/install/robotnik_controllers_msgs/local/lib/python3.10/dist-packages/robotnik_controllers_msgs-1.0.0-py3.10.egg-info/SOURCES.txt
[6.541s] -- Installing: /home/admin/ros2_ws/install/robotnik_controllers_msgs/local/lib/python3.10/dist-packages/robotnik_controllers_msgs-1.0.0-py3.10.egg-info/dependency_links.txt
[6.541s] -- Installing: /home/admin/ros2_ws/install/robotnik_controllers_msgs/local/lib/python3.10/dist-packages/robotnik_controllers_msgs-1.0.0-py3.10.egg-info/top_level.txt
[6.541s] -- Installing: /home/admin/ros2_ws/install/robotnik_controllers_msgs/local/lib/python3.10/dist-packages/robotnik_controllers_msgs
[6.541s] -- Installing: /home/admin/ros2_ws/install/robotnik_controllers_msgs/local/lib/python3.10/dist-packages/robotnik_controllers_msgs/_robotnik_controllers_msgs_s.ep.rosidl_typesupport_fastrtps_c.c
[6.541s] -- Installing: /home/admin/ros2_ws/install/robotnik_controllers_msgs/local/lib/python3.10/dist-packages/robotnik_controllers_msgs/_robotnik_controllers_msgs_s.ep.rosidl_typesupport_c.c
[6.542s] -- Installing: /home/admin/ros2_ws/install/robotnik_controllers_msgs/local/lib/python3.10/dist-packages/robotnik_controllers_msgs/robotnik_controllers_msgs_s__rosidl_typesupport_fastrtps_c.cpython-310-x86_64-linux-gnu.so
[6.542s] -- Installing: /home/admin/ros2_ws/install/robotnik_controllers_msgs/local/lib/python3.10/dist-packages/robotnik_controllers_msgs/_robotnik_controllers_msgs_s.ep.rosidl_typesupport_introspection_c.c
[6.542s] -- Installing: /home/admin/ros2_ws/install/robotnik_controllers_msgs/local/lib/python3.10/dist-packages/robotnik_controllers_msgs/__init__.py
[6.542s] -- Installing: /home/admin/ros2_ws/install/robotnik_controllers_msgs/local/lib/python3.10/dist-packages/robotnik_controllers_msgs/robotnik_controllers_msgs_s__rosidl_typesupport_c.cpython-310-x86_64-linux-gnu.so
[6.542s] -- Installing: /home/admin/ros2_ws/install/robotnik_controllers_msgs/local/lib/python3.10/dist-packages/robotnik_controllers_msgs/srv
[6.542s] -- Installing: /home/admin/ros2_ws/install/robotnik_controllers_msgs/local/lib/python3.10/dist-packages/robotnik_controllers_msgs/srv/_set_odometry.py
[6.542s] -- Installing: /home/admin/ros2_ws/install/robotnik_controllers_msgs/local/lib/python3.10/dist-packages/robotnik_controllers_msgs/srv/_change_kinematics.py
[6.542s] -- Installing: /home/admin/ros2_ws/install/robotnik_controllers_msgs/local/lib/python3.10/dist-packages/robotnik_controllers_msgs/srv/_available_kinematics_s.c
[6.542s] -- Installing: /home/admin/ros2_ws/install/robotnik_controllers_msgs/local/lib/python3.10/dist-packages/robotnik_controllers_msgs/srv/_change_kinematics_s.c
[6.542s] -- Installing: /home/admin/ros2_ws/install/robotnik_controllers_msgs/local/lib/python3.10/dist-packages/robotnik_controllers_msgs/srv/_available_kinematics.py
[6.542s] -- Installing: /home/admin/ros2_ws/install/robotnik_controllers_msgs/local/lib/python3.10/dist-packages/robotnik_controllers_msgs/srv/_set_odometry_s.c
[6.542s] -- Installing: /home/admin/ros2_ws/install/robotnik_controllers_msgs/local/lib/python3.10/dist-packages/robotnik_controllers_msgs/srv/__init__.py
[6.542s] -- Installing: /home/admin/ros2_ws/install/robotnik_controllers_msgs/local/lib/python3.10/dist-packages/robotnik_controllers_msgs/msg
[6.542s] -- Installing: /home/admin/ros2_ws/install/robotnik_controllers_msgs/local/lib/python3.10/dist-packages/robotnik_controllers_msgs/msg/__init__.py
[6.542s] -- Installing: /home/admin/ros2_ws/install/robotnik_controllers_msgs/local/lib/python3.10/dist-packages/robotnik_controllers_msgs/msg/_controller_state.py
[6.542s] -- Installing: /home/admin/ros2_ws/install/robotnik_controllers_msgs/local/lib/python3.10/dist-packages/robotnik_controllers_msgs/msg/_controller_state_s.c
[6.543s] -- Installing: /home/admin/ros2_ws/install/robotnik_controllers_msgs/local/lib/python3.10/dist-packages/robotnik_controllers_msgs/robotnik_controllers_msgs_s__rosidl_typesupport_introspection_c.cpython-310-x86_64-linux-gnu.so
[6.543s] -- Installing: /home/admin/ros2_ws/install/robotnik_controllers_msgs/local/lib/python3.10/dist-packages/robotnik_controllers_msgs/librobotnik_controllers_msgs__rosidl_generator_py.so
[6.571s] Listing '/home/admin/ros2_ws/install/robotnik_controllers_msgs/local/lib/python3.10/dist-packages/robotnik_controllers_msgs'...
[6.571s] Compiling '/home/admin/ros2_ws/install/robotnik_controllers_msgs/local/lib/python3.10/dist-packages/robotnik_controllers_msgs/__init__.py'...
[6.571s] Listing '/home/admin/ros2_ws/install/robotnik_controllers_msgs/local/lib/python3.10/dist-packages/robotnik_controllers_msgs/msg'...
[6.571s] Compiling '/home/admin/ros2_ws/install/robotnik_controllers_msgs/local/lib/python3.10/dist-packages/robotnik_controllers_msgs/msg/__init__.py'...
[6.571s] Compiling '/home/admin/ros2_ws/install/robotnik_controllers_msgs/local/lib/python3.10/dist-packages/robotnik_controllers_msgs/msg/_controller_state.py'...
[6.571s] Listing '/home/admin/ros2_ws/install/robotnik_controllers_msgs/local/lib/python3.10/dist-packages/robotnik_controllers_msgs/srv'...
[6.571s] Compiling '/home/admin/ros2_ws/install/robotnik_controllers_msgs/local/lib/python3.10/dist-packages/robotnik_controllers_msgs/srv/__init__.py'...
[6.571s] Compiling '/home/admin/ros2_ws/install/robotnik_controllers_msgs/local/lib/python3.10/dist-packages/robotnik_controllers_msgs/srv/_available_kinematics.py'...
[6.571s] Compiling '/home/admin/ros2_ws/install/robotnik_controllers_msgs/local/lib/python3.10/dist-packages/robotnik_controllers_msgs/srv/_change_kinematics.py'...
[6.571s] Compiling '/home/admin/ros2_ws/install/robotnik_controllers_msgs/local/lib/python3.10/dist-packages/robotnik_controllers_msgs/srv/_set_odometry.py'...
[6.575s] -- Installing: /home/admin/ros2_ws/install/robotnik_controllers_msgs/local/lib/python3.10/dist-packages/robotnik_controllers_msgs/robotnik_controllers_msgs_s__rosidl_typesupport_fastrtps_c.cpython-310-x86_64-linux-gnu.so
[6.575s] -- Set runtime path of "/home/admin/ros2_ws/install/robotnik_controllers_msgs/local/lib/python3.10/dist-packages/robotnik_controllers_msgs/robotnik_controllers_msgs_s__rosidl_typesupport_fastrtps_c.cpython-310-x86_64-linux-gnu.so" to ""
[6.575s] -- Installing: /home/admin/ros2_ws/install/robotnik_controllers_msgs/local/lib/python3.10/dist-packages/robotnik_controllers_msgs/robotnik_controllers_msgs_s__rosidl_typesupport_introspection_c.cpython-310-x86_64-linux-gnu.so
[6.575s] -- Set runtime path of "/home/admin/ros2_ws/install/robotnik_controllers_msgs/local/lib/python3.10/dist-packages/robotnik_controllers_msgs/robotnik_controllers_msgs_s__rosidl_typesupport_introspection_c.cpython-310-x86_64-linux-gnu.so" to ""
[6.575s] -- Installing: /home/admin/ros2_ws/install/robotnik_controllers_msgs/local/lib/python3.10/dist-packages/robotnik_controllers_msgs/robotnik_controllers_msgs_s__rosidl_typesupport_c.cpython-310-x86_64-linux-gnu.so
[6.575s] -- Set runtime path of "/home/admin/ros2_ws/install/robotnik_controllers_msgs/local/lib/python3.10/dist-packages/robotnik_controllers_msgs/robotnik_controllers_msgs_s__rosidl_typesupport_c.cpython-310-x86_64-linux-gnu.so" to ""
[6.575s] -- Installing: /home/admin/ros2_ws/install/robotnik_controllers_msgs/lib/librobotnik_controllers_msgs__rosidl_generator_py.so
[6.575s] -- Set runtime path of "/home/admin/ros2_ws/install/robotnik_controllers_msgs/lib/librobotnik_controllers_msgs__rosidl_generator_py.so" to ""
[6.575s] -- Installing: /home/admin/ros2_ws/install/robotnik_controllers_msgs/share/robotnik_controllers_msgs/msg/ControllerState.idl
[6.576s] -- Installing: /home/admin/ros2_ws/install/robotnik_controllers_msgs/share/robotnik_controllers_msgs/srv/AvailableKinematics.idl
[6.576s] -- Installing: /home/admin/ros2_ws/install/robotnik_controllers_msgs/share/robotnik_controllers_msgs/srv/ChangeKinematics.idl
[6.576s] -- Installing: /home/admin/ros2_ws/install/robotnik_controllers_msgs/share/robotnik_controllers_msgs/srv/SetOdometry.idl
[6.576s] -- Installing: /home/admin/ros2_ws/install/robotnik_controllers_msgs/share/robotnik_controllers_msgs/msg/ControllerState.msg
[6.576s] -- Installing: /home/admin/ros2_ws/install/robotnik_controllers_msgs/share/robotnik_controllers_msgs/srv/AvailableKinematics.srv
[6.576s] -- Installing: /home/admin/ros2_ws/install/robotnik_controllers_msgs/share/robotnik_controllers_msgs/srv/AvailableKinematics_Request.msg
[6.576s] -- Installing: /home/admin/ros2_ws/install/robotnik_controllers_msgs/share/robotnik_controllers_msgs/srv/AvailableKinematics_Response.msg
[6.577s] -- Installing: /home/admin/ros2_ws/install/robotnik_controllers_msgs/share/robotnik_controllers_msgs/srv/ChangeKinematics.srv
[6.577s] -- Installing: /home/admin/ros2_ws/install/robotnik_controllers_msgs/share/robotnik_controllers_msgs/srv/ChangeKinematics_Request.msg
[6.577s] -- Installing: /home/admin/ros2_ws/install/robotnik_controllers_msgs/share/robotnik_controllers_msgs/srv/ChangeKinematics_Response.msg
[6.577s] -- Installing: /home/admin/ros2_ws/install/robotnik_controllers_msgs/share/robotnik_controllers_msgs/srv/SetOdometry.srv
[6.577s] -- Installing: /home/admin/ros2_ws/install/robotnik_controllers_msgs/share/robotnik_controllers_msgs/srv/SetOdometry_Request.msg
[6.577s] -- Installing: /home/admin/ros2_ws/install/robotnik_controllers_msgs/share/robotnik_controllers_msgs/srv/SetOdometry_Response.msg
[6.577s] -- Installing: /home/admin/ros2_ws/install/robotnik_controllers_msgs/share/ament_index/resource_index/package_run_dependencies/robotnik_controllers_msgs
[6.577s] -- Installing: /home/admin/ros2_ws/install/robotnik_controllers_msgs/share/ament_index/resource_index/parent_prefix_path/robotnik_controllers_msgs
[6.578s] -- Installing: /home/admin/ros2_ws/install/robotnik_controllers_msgs/share/robotnik_controllers_msgs/environment/ament_prefix_path.sh
[6.578s] -- Installing: /home/admin/ros2_ws/install/robotnik_controllers_msgs/share/robotnik_controllers_msgs/environment/ament_prefix_path.dsv
[6.578s] -- Installing: /home/admin/ros2_ws/install/robotnik_controllers_msgs/share/robotnik_controllers_msgs/environment/path.sh
[6.578s] -- Installing: /home/admin/ros2_ws/install/robotnik_controllers_msgs/share/robotnik_controllers_msgs/environment/path.dsv
[6.578s] -- Installing: /home/admin/ros2_ws/install/robotnik_controllers_msgs/share/robotnik_controllers_msgs/local_setup.bash
[6.578s] -- Installing: /home/admin/ros2_ws/install/robotnik_controllers_msgs/share/robotnik_controllers_msgs/local_setup.sh
[6.578s] -- Installing: /home/admin/ros2_ws/install/robotnik_controllers_msgs/share/robotnik_controllers_msgs/local_setup.zsh
[6.578s] -- Installing: /home/admin/ros2_ws/install/robotnik_controllers_msgs/share/robotnik_controllers_msgs/local_setup.dsv
[6.578s] -- Installing: /home/admin/ros2_ws/install/robotnik_controllers_msgs/share/robotnik_controllers_msgs/package.dsv
[6.579s] -- Installing: /home/admin/ros2_ws/install/robotnik_controllers_msgs/share/ament_index/resource_index/packages/robotnik_controllers_msgs
[6.579s] -- Installing: /home/admin/ros2_ws/install/robotnik_controllers_msgs/share/robotnik_controllers_msgs/cmake/export_robotnik_controllers_msgs__rosidl_generator_cExport.cmake
[6.579s] -- Installing: /home/admin/ros2_ws/install/robotnik_controllers_msgs/share/robotnik_controllers_msgs/cmake/export_robotnik_controllers_msgs__rosidl_generator_cExport-noconfig.cmake
[6.579s] -- Installing: /home/admin/ros2_ws/install/robotnik_controllers_msgs/share/robotnik_controllers_msgs/cmake/export_robotnik_controllers_msgs__rosidl_typesupport_fastrtps_cExport.cmake
[6.579s] -- Installing: /home/admin/ros2_ws/install/robotnik_controllers_msgs/share/robotnik_controllers_msgs/cmake/export_robotnik_controllers_msgs__rosidl_typesupport_fastrtps_cExport-noconfig.cmake
[6.579s] -- Installing: /home/admin/ros2_ws/install/robotnik_controllers_msgs/share/robotnik_controllers_msgs/cmake/export_robotnik_controllers_msgs__rosidl_generator_cppExport.cmake
[6.579s] -- Installing: /home/admin/ros2_ws/install/robotnik_controllers_msgs/share/robotnik_controllers_msgs/cmake/export_robotnik_controllers_msgs__rosidl_typesupport_fastrtps_cppExport.cmake
[6.580s] -- Installing: /home/admin/ros2_ws/install/robotnik_controllers_msgs/share/robotnik_controllers_msgs/cmake/export_robotnik_controllers_msgs__rosidl_typesupport_fastrtps_cppExport-noconfig.cmake
[6.580s] -- Installing: /home/admin/ros2_ws/install/robotnik_controllers_msgs/share/robotnik_controllers_msgs/cmake/robotnik_controllers_msgs__rosidl_typesupport_introspection_cExport.cmake
[6.580s] -- Installing: /home/admin/ros2_ws/install/robotnik_controllers_msgs/share/robotnik_controllers_msgs/cmake/robotnik_controllers_msgs__rosidl_typesupport_introspection_cExport-noconfig.cmake
[6.580s] -- Installing: /home/admin/ros2_ws/install/robotnik_controllers_msgs/share/robotnik_controllers_msgs/cmake/robotnik_controllers_msgs__rosidl_typesupport_cExport.cmake
[6.580s] -- Installing: /home/admin/ros2_ws/install/robotnik_controllers_msgs/share/robotnik_controllers_msgs/cmake/robotnik_controllers_msgs__rosidl_typesupport_cExport-noconfig.cmake
[6.580s] -- Installing: /home/admin/ros2_ws/install/robotnik_controllers_msgs/share/robotnik_controllers_msgs/cmake/robotnik_controllers_msgs__rosidl_typesupport_introspection_cppExport.cmake
[6.580s] -- Installing: /home/admin/ros2_ws/install/robotnik_controllers_msgs/share/robotnik_controllers_msgs/cmake/robotnik_controllers_msgs__rosidl_typesupport_introspection_cppExport-noconfig.cmake
[6.580s] -- Installing: /home/admin/ros2_ws/install/robotnik_controllers_msgs/share/robotnik_controllers_msgs/cmake/robotnik_controllers_msgs__rosidl_typesupport_cppExport.cmake
[6.581s] -- Installing: /home/admin/ros2_ws/install/robotnik_controllers_msgs/share/robotnik_controllers_msgs/cmake/robotnik_controllers_msgs__rosidl_typesupport_cppExport-noconfig.cmake
[6.581s] -- Installing: /home/admin/ros2_ws/install/robotnik_controllers_msgs/share/robotnik_controllers_msgs/cmake/export_robotnik_controllers_msgs__rosidl_generator_pyExport.cmake
[6.581s] -- Installing: /home/admin/ros2_ws/install/robotnik_controllers_msgs/share/robotnik_controllers_msgs/cmake/export_robotnik_controllers_msgs__rosidl_generator_pyExport-noconfig.cmake
[6.581s] -- Installing: /home/admin/ros2_ws/install/robotnik_controllers_msgs/share/robotnik_controllers_msgs/cmake/rosidl_cmake-extras.cmake
[6.581s] -- Installing: /home/admin/ros2_ws/install/robotnik_controllers_msgs/share/robotnik_controllers_msgs/cmake/ament_cmake_export_dependencies-extras.cmake
[6.581s] -- Installing: /home/admin/ros2_ws/install/robotnik_controllers_msgs/share/robotnik_controllers_msgs/cmake/ament_cmake_export_include_directories-extras.cmake
[6.581s] -- Installing: /home/admin/ros2_ws/install/robotnik_controllers_msgs/share/robotnik_controllers_msgs/cmake/ament_cmake_export_libraries-extras.cmake
[6.581s] -- Installing: /home/admin/ros2_ws/install/robotnik_controllers_msgs/share/robotnik_controllers_msgs/cmake/ament_cmake_export_targets-extras.cmake
[6.582s] -- Installing: /home/admin/ros2_ws/install/robotnik_controllers_msgs/share/robotnik_controllers_msgs/cmake/rosidl_cmake_export_typesupport_targets-extras.cmake
[6.582s] -- Installing: /home/admin/ros2_ws/install/robotnik_controllers_msgs/share/robotnik_controllers_msgs/cmake/rosidl_cmake_export_typesupport_libraries-extras.cmake
[6.582s] -- Installing: /home/admin/ros2_ws/install/robotnik_controllers_msgs/share/robotnik_controllers_msgs/cmake/robotnik_controllers_msgsConfig.cmake
[6.582s] -- Installing: /home/admin/ros2_ws/install/robotnik_controllers_msgs/share/robotnik_controllers_msgs/cmake/robotnik_controllers_msgsConfig-version.cmake
[6.582s] -- Installing: /home/admin/ros2_ws/install/robotnik_controllers_msgs/share/robotnik_controllers_msgs/package.xml
[6.585s] Invoked command in '/home/admin/ros2_ws/build/robotnik_controllers_msgs' returned '0': CMAKE_PREFIX_PATH=/home/admin/ros2_ws/install/robotnik_common_msgs:/home/admin/ros2_ws/install/robotnik_supervisor_msgs:/home/admin/ros2_ws/install/robotnik_gazebo_ignition:/home/admin/ros2_ws/install/robotnik_gazebo_classic:/home/admin/ros2_ws/install/robotnik_description:/home/admin/ros2_ws/install/robotnik_sensors:/home/admin/ros2_ws/install/robotnik_interfaces:/home/admin/ros2_ws/install/robotnik_perception_msgs:/home/admin/ros2_ws/install/robotnik_navigation_msgs:/home/admin/ros2_ws/install/robotnik_io_msgs:/home/admin/ros2_ws/install/robotnik_controllers_msgs:/home/admin/ros2_ws/install/robotnik_common:/home/admin/ros2_ws/install/robotnik_battery_msgs:/home/admin/ros2_ws/install/robotnik_safety_msgs:/home/admin/ros2_ws/install/rbvogui_cartographer:/opt/ros/humble LD_LIBRARY_PATH=/home/admin/ros2_ws/install/robotnik_common_msgs/lib:/home/admin/ros2_ws/install/robotnik_supervisor_msgs/lib:/home/admin/ros2_ws/install/robotnik_perception_msgs/lib:/home/admin/ros2_ws/install/robotnik_navigation_msgs/lib:/home/admin/ros2_ws/install/robotnik_io_msgs/lib:/home/admin/ros2_ws/install/robotnik_controllers_msgs/lib:/home/admin/ros2_ws/install/robotnik_battery_msgs/lib:/usr/lib/x86_64-linux-gnu/gazebo-11/plugins:/opt/ros/humble/opt/rviz_ogre_vendor/lib:/opt/ros/humble/lib/x86_64-linux-gnu:/opt/ros/humble/lib /usr/bin/cmake --install /home/admin/ros2_ws/build/robotnik_controllers_msgs
