[0.014s] Invoking command in '/home/admin/ros2_ws/build/robotnik_gazebo_classic': CMAKE_PREFIX_PATH=/home/admin/ros2_ws/install/robotnik_description:/home/admin/ros2_ws/install/robotnik_sensors:/home/admin/ros2_ws/install/robotnik_common:/home/admin/ros2_ws/install/robotnik_supervisor_msgs:/home/admin/ros2_ws/install/robotnik_gazebo_ignition:/home/admin/ros2_ws/install/robotnik_gazebo_classic:/home/admin/ros2_ws/install/robotnik_interfaces:/home/admin/ros2_ws/install/robotnik_perception_msgs:/home/admin/ros2_ws/install/robotnik_navigation_msgs:/home/admin/ros2_ws/install/robotnik_io_msgs:/home/admin/ros2_ws/install/robotnik_controllers_msgs:/home/admin/ros2_ws/install/robotnik_common_msgs:/home/admin/ros2_ws/install/robotnik_battery_msgs:/home/admin/ros2_ws/install/robotnik_safety_msgs:/home/admin/ros2_ws/install/rbvogui_cartographer:/opt/ros/humble /usr/bin/cmake /home/admin/ros2_ws/src/robotnik_simulation/robotnik_gazebo_classic -DCMAKE_INSTALL_PREFIX=/home/admin/ros2_ws/install/robotnik_gazebo_classic
[0.071s] -- The C compiler identification is GNU 11.4.0
[0.159s] -- The CXX compiler identification is GNU 11.4.0
[0.175s] -- Detecting C compiler ABI info
[0.279s] -- Detecting C compiler ABI info - done
[0.291s] -- Check for working C compiler: /usr/bin/cc - skipped
[0.291s] -- Detecting C compile features
[0.296s] -- Detecting C compile features - done
[0.296s] -- Detecting CXX compiler ABI info
[0.426s] -- Detecting CXX compiler ABI info - done
[0.450s] -- Check for working CXX compiler: /usr/bin/c++ - skipped
[0.451s] -- Detecting CXX compile features
[0.451s] -- Detecting CXX compile features - done
[0.457s] -- Found ament_cmake: 1.3.11 (/opt/ros/humble/share/ament_cmake/cmake)
[1.224s] -- Found Python3: /usr/bin/python3 (found version "3.10.12") found components: Interpreter 
[1.751s] -- Found ament_lint_auto: 0.12.12 (/opt/ros/humble/share/ament_lint_auto/cmake)
[1.862s] -- Added test 'flake8' to check Python code syntax and style conventions
[1.862s] -- Added test 'lint_cmake' to check CMake code style
[1.862s] -- Added test 'pep257' to check Python code against some of the docstring style conventions in PEP 257
[1.868s] -- Added test 'xmllint' to check XML markup files
[1.870s] -- Configuring done
[1.870s] -- Generating done
[1.872s] -- Build files have been written to: /home/admin/ros2_ws/build/robotnik_gazebo_classic
[1.882s] Invoked command in '/home/admin/ros2_ws/build/robotnik_gazebo_classic' returned '0': CMAKE_PREFIX_PATH=/home/admin/ros2_ws/install/robotnik_description:/home/admin/ros2_ws/install/robotnik_sensors:/home/admin/ros2_ws/install/robotnik_common:/home/admin/ros2_ws/install/robotnik_supervisor_msgs:/home/admin/ros2_ws/install/robotnik_gazebo_ignition:/home/admin/ros2_ws/install/robotnik_gazebo_classic:/home/admin/ros2_ws/install/robotnik_interfaces:/home/admin/ros2_ws/install/robotnik_perception_msgs:/home/admin/ros2_ws/install/robotnik_navigation_msgs:/home/admin/ros2_ws/install/robotnik_io_msgs:/home/admin/ros2_ws/install/robotnik_controllers_msgs:/home/admin/ros2_ws/install/robotnik_common_msgs:/home/admin/ros2_ws/install/robotnik_battery_msgs:/home/admin/ros2_ws/install/robotnik_safety_msgs:/home/admin/ros2_ws/install/rbvogui_cartographer:/opt/ros/humble /usr/bin/cmake /home/admin/ros2_ws/src/robotnik_simulation/robotnik_gazebo_classic -DCMAKE_INSTALL_PREFIX=/home/admin/ros2_ws/install/robotnik_gazebo_classic
[1.888s] Invoking command in '/home/admin/ros2_ws/build/robotnik_gazebo_classic': CMAKE_PREFIX_PATH=/home/admin/ros2_ws/install/robotnik_description:/home/admin/ros2_ws/install/robotnik_sensors:/home/admin/ros2_ws/install/robotnik_common:/home/admin/ros2_ws/install/robotnik_supervisor_msgs:/home/admin/ros2_ws/install/robotnik_gazebo_ignition:/home/admin/ros2_ws/install/robotnik_gazebo_classic:/home/admin/ros2_ws/install/robotnik_interfaces:/home/admin/ros2_ws/install/robotnik_perception_msgs:/home/admin/ros2_ws/install/robotnik_navigation_msgs:/home/admin/ros2_ws/install/robotnik_io_msgs:/home/admin/ros2_ws/install/robotnik_controllers_msgs:/home/admin/ros2_ws/install/robotnik_common_msgs:/home/admin/ros2_ws/install/robotnik_battery_msgs:/home/admin/ros2_ws/install/robotnik_safety_msgs:/home/admin/ros2_ws/install/rbvogui_cartographer:/opt/ros/humble /usr/bin/cmake --build /home/admin/ros2_ws/build/robotnik_gazebo_classic -- -j20 -l20
[1.976s] Invoked command in '/home/admin/ros2_ws/build/robotnik_gazebo_classic' returned '0': CMAKE_PREFIX_PATH=/home/admin/ros2_ws/install/robotnik_description:/home/admin/ros2_ws/install/robotnik_sensors:/home/admin/ros2_ws/install/robotnik_common:/home/admin/ros2_ws/install/robotnik_supervisor_msgs:/home/admin/ros2_ws/install/robotnik_gazebo_ignition:/home/admin/ros2_ws/install/robotnik_gazebo_classic:/home/admin/ros2_ws/install/robotnik_interfaces:/home/admin/ros2_ws/install/robotnik_perception_msgs:/home/admin/ros2_ws/install/robotnik_navigation_msgs:/home/admin/ros2_ws/install/robotnik_io_msgs:/home/admin/ros2_ws/install/robotnik_controllers_msgs:/home/admin/ros2_ws/install/robotnik_common_msgs:/home/admin/ros2_ws/install/robotnik_battery_msgs:/home/admin/ros2_ws/install/robotnik_safety_msgs:/home/admin/ros2_ws/install/rbvogui_cartographer:/opt/ros/humble /usr/bin/cmake --build /home/admin/ros2_ws/build/robotnik_gazebo_classic -- -j20 -l20
[1.977s] Invoking command in '/home/admin/ros2_ws/build/robotnik_gazebo_classic': CMAKE_PREFIX_PATH=/home/admin/ros2_ws/install/robotnik_description:/home/admin/ros2_ws/install/robotnik_sensors:/home/admin/ros2_ws/install/robotnik_common:/home/admin/ros2_ws/install/robotnik_supervisor_msgs:/home/admin/ros2_ws/install/robotnik_gazebo_ignition:/home/admin/ros2_ws/install/robotnik_gazebo_classic:/home/admin/ros2_ws/install/robotnik_interfaces:/home/admin/ros2_ws/install/robotnik_perception_msgs:/home/admin/ros2_ws/install/robotnik_navigation_msgs:/home/admin/ros2_ws/install/robotnik_io_msgs:/home/admin/ros2_ws/install/robotnik_controllers_msgs:/home/admin/ros2_ws/install/robotnik_common_msgs:/home/admin/ros2_ws/install/robotnik_battery_msgs:/home/admin/ros2_ws/install/robotnik_safety_msgs:/home/admin/ros2_ws/install/rbvogui_cartographer:/opt/ros/humble /usr/bin/cmake --install /home/admin/ros2_ws/build/robotnik_gazebo_classic
[1.991s] -- Install configuration: ""
[1.991s] -- Installing: /home/admin/ros2_ws/install/robotnik_gazebo_classic/share/robotnik_gazebo_classic//launch
[1.991s] -- Installing: /home/admin/ros2_ws/install/robotnik_gazebo_classic/share/robotnik_gazebo_classic//launch/spawn_robot.launch.py
[1.991s] -- Installing: /home/admin/ros2_ws/install/robotnik_gazebo_classic/share/robotnik_gazebo_classic//launch/spawn_world.launch.py
[1.991s] -- Installing: /home/admin/ros2_ws/install/robotnik_gazebo_classic/share/robotnik_gazebo_classic//worlds
[1.991s] -- Installing: /home/admin/ros2_ws/install/robotnik_gazebo_classic/share/robotnik_gazebo_classic//worlds/demo.world
[1.991s] -- Installing: /home/admin/ros2_ws/install/robotnik_gazebo_classic/share/robotnik_gazebo_classic//worlds/vineyard.world
[1.992s] -- Installing: /home/admin/ros2_ws/install/robotnik_gazebo_classic/share/robotnik_gazebo_classic//worlds/robotnik_lab.world
[1.992s] -- Installing: /home/admin/ros2_ws/install/robotnik_gazebo_classic/share/robotnik_gazebo_classic//worlds/willow_garage.world
[1.992s] -- Installing: /home/admin/ros2_ws/install/robotnik_gazebo_classic/share/robotnik_gazebo_classic//worlds/maze.world
[1.992s] -- Installing: /home/admin/ros2_ws/install/robotnik_gazebo_classic/share/robotnik_gazebo_classic//config
[1.992s] -- Installing: /home/admin/ros2_ws/install/robotnik_gazebo_classic/share/robotnik_gazebo_classic//config/rbsummit
[1.992s] -- Installing: /home/admin/ros2_ws/install/robotnik_gazebo_classic/share/robotnik_gazebo_classic//config/rbsummit/rviz_config.rviz
[1.992s] -- Installing: /home/admin/ros2_ws/install/robotnik_gazebo_classic/share/robotnik_gazebo_classic//config/rbsummit/rbsummit_controller_params.yaml
[1.992s] -- Installing: /home/admin/ros2_ws/install/robotnik_gazebo_classic/share/robotnik_gazebo_classic//config/rbrobout
[1.992s] -- Installing: /home/admin/ros2_ws/install/robotnik_gazebo_classic/share/robotnik_gazebo_classic//config/rbrobout/rviz_config.rviz
[1.992s] -- Installing: /home/admin/ros2_ws/install/robotnik_gazebo_classic/share/robotnik_gazebo_classic//config/rbrobout/rbrobout_controller_params.yaml
[1.992s] -- Installing: /home/admin/ros2_ws/install/robotnik_gazebo_classic/share/robotnik_gazebo_classic//config/rbkairos
[1.992s] -- Installing: /home/admin/ros2_ws/install/robotnik_gazebo_classic/share/robotnik_gazebo_classic//config/rbkairos/rviz_config.rviz
[1.992s] -- Installing: /home/admin/ros2_ws/install/robotnik_gazebo_classic/share/robotnik_gazebo_classic//config/rbkairos/rbkairos_controller_params.yaml
[1.992s] -- Installing: /home/admin/ros2_ws/install/robotnik_gazebo_classic/share/robotnik_gazebo_classic//config/rbtheron
[1.992s] -- Installing: /home/admin/ros2_ws/install/robotnik_gazebo_classic/share/robotnik_gazebo_classic//config/rbtheron/rbtheron_controller_params.yaml
[1.992s] -- Installing: /home/admin/ros2_ws/install/robotnik_gazebo_classic/share/robotnik_gazebo_classic//config/rbtheron/rviz_config.rviz
[1.992s] -- Installing: /home/admin/ros2_ws/install/robotnik_gazebo_classic/share/robotnik_gazebo_classic//config/rbvogui
[1.992s] -- Installing: /home/admin/ros2_ws/install/robotnik_gazebo_classic/share/robotnik_gazebo_classic//config/rbvogui/rbvogui_controller_params.yaml
[1.993s] -- Installing: /home/admin/ros2_ws/install/robotnik_gazebo_classic/share/robotnik_gazebo_classic//config/rbvogui/rviz_config.rviz
[1.993s] -- Installing: /home/admin/ros2_ws/install/robotnik_gazebo_classic/share/ament_index/resource_index/package_run_dependencies/robotnik_gazebo_classic
[2.000s] -- Installing: /home/admin/ros2_ws/install/robotnik_gazebo_classic/share/ament_index/resource_index/parent_prefix_path/robotnik_gazebo_classic
[2.000s] -- Installing: /home/admin/ros2_ws/install/robotnik_gazebo_classic/share/robotnik_gazebo_classic/environment/ament_prefix_path.sh
[2.000s] -- Installing: /home/admin/ros2_ws/install/robotnik_gazebo_classic/share/robotnik_gazebo_classic/environment/ament_prefix_path.dsv
[2.001s] -- Installing: /home/admin/ros2_ws/install/robotnik_gazebo_classic/share/robotnik_gazebo_classic/environment/path.sh
[2.001s] -- Installing: /home/admin/ros2_ws/install/robotnik_gazebo_classic/share/robotnik_gazebo_classic/environment/path.dsv
[2.001s] -- Installing: /home/admin/ros2_ws/install/robotnik_gazebo_classic/share/robotnik_gazebo_classic/local_setup.bash
[2.001s] -- Installing: /home/admin/ros2_ws/install/robotnik_gazebo_classic/share/robotnik_gazebo_classic/local_setup.sh
[2.001s] -- Installing: /home/admin/ros2_ws/install/robotnik_gazebo_classic/share/robotnik_gazebo_classic/local_setup.zsh
[2.001s] -- Installing: /home/admin/ros2_ws/install/robotnik_gazebo_classic/share/robotnik_gazebo_classic/local_setup.dsv
[2.001s] -- Installing: /home/admin/ros2_ws/install/robotnik_gazebo_classic/share/robotnik_gazebo_classic/package.dsv
[2.001s] -- Installing: /home/admin/ros2_ws/install/robotnik_gazebo_classic/share/ament_index/resource_index/packages/robotnik_gazebo_classic
[2.001s] -- Installing: /home/admin/ros2_ws/install/robotnik_gazebo_classic/share/robotnik_gazebo_classic/cmake/robotnik_gazebo_classicConfig.cmake
[2.002s] -- Installing: /home/admin/ros2_ws/install/robotnik_gazebo_classic/share/robotnik_gazebo_classic/cmake/robotnik_gazebo_classicConfig-version.cmake
[2.002s] -- Installing: /home/admin/ros2_ws/install/robotnik_gazebo_classic/share/robotnik_gazebo_classic/package.xml
[2.029s] Invoked command in '/home/admin/ros2_ws/build/robotnik_gazebo_classic' returned '0': CMAKE_PREFIX_PATH=/home/admin/ros2_ws/install/robotnik_description:/home/admin/ros2_ws/install/robotnik_sensors:/home/admin/ros2_ws/install/robotnik_common:/home/admin/ros2_ws/install/robotnik_supervisor_msgs:/home/admin/ros2_ws/install/robotnik_gazebo_ignition:/home/admin/ros2_ws/install/robotnik_gazebo_classic:/home/admin/ros2_ws/install/robotnik_interfaces:/home/admin/ros2_ws/install/robotnik_perception_msgs:/home/admin/ros2_ws/install/robotnik_navigation_msgs:/home/admin/ros2_ws/install/robotnik_io_msgs:/home/admin/ros2_ws/install/robotnik_controllers_msgs:/home/admin/ros2_ws/install/robotnik_common_msgs:/home/admin/ros2_ws/install/robotnik_battery_msgs:/home/admin/ros2_ws/install/robotnik_safety_msgs:/home/admin/ros2_ws/install/rbvogui_cartographer:/opt/ros/humble /usr/bin/cmake --install /home/admin/ros2_ws/build/robotnik_gazebo_classic
