-- Install configuration: ""
-- Up-to-date: /home/admin/ros2_ws/install/robotnik_sensors/share/robotnik_sensors//meshes
-- Up-to-date: /home/admin/ros2_ws/install/robotnik_sensors/share/robotnik_sensors//meshes/benewake_ce30d.dae
-- Up-to-date: /home/admin/ros2_ws/install/robotnik_sensors/share/robotnik_sensors//meshes/axis_p5514.dae
-- Up-to-date: /home/admin/ros2_ws/install/robotnik_sensors/share/robotnik_sensors//meshes/ueye_cp_gige.stl
-- Up-to-date: /home/admin/ros2_ws/install/robotnik_sensors/share/robotnik_sensors//meshes/hokuyo3d.stl
-- Up-to-date: /home/admin/ros2_ws/install/robotnik_sensors/share/robotnik_sensors//meshes/intel_r430.stl
-- Up-to-date: /home/admin/ros2_ws/install/robotnik_sensors/share/robotnik_sensors//meshes/axis_m5013.dae
-- Up-to-date: /home/admin/ros2_ws/install/robotnik_sensors/share/robotnik_sensors//meshes/hokuyo_utm_30lx.dae
-- Up-to-date: /home/admin/ros2_ws/install/robotnik_sensors/share/robotnik_sensors//meshes/kinectv2_nobase.stl
-- Up-to-date: /home/admin/ros2_ws/install/robotnik_sensors/share/robotnik_sensors//meshes/depth
-- Up-to-date: /home/admin/ros2_ws/install/robotnik_sensors/share/robotnik_sensors//meshes/depth/intel_realsense_d435
-- Up-to-date: /home/admin/ros2_ws/install/robotnik_sensors/share/robotnik_sensors//meshes/depth/intel_realsense_d435/intel_d435_color.dae
-- Up-to-date: /home/admin/ros2_ws/install/robotnik_sensors/share/robotnik_sensors//meshes/depth/intel_realsense_d435/intel_d435.dae
-- Up-to-date: /home/admin/ros2_ws/install/robotnik_sensors/share/robotnik_sensors//meshes/depth/intel_realsense_d435/intel_d435.stl
-- Up-to-date: /home/admin/ros2_ws/install/robotnik_sensors/share/robotnik_sensors//meshes/depth/intel_realsense_d435/intel_d435.png
-- Up-to-date: /home/admin/ros2_ws/install/robotnik_sensors/share/robotnik_sensors//meshes/depth/stereolabs_zed
-- Up-to-date: /home/admin/ros2_ws/install/robotnik_sensors/share/robotnik_sensors//meshes/depth/stereolabs_zed/zedm.stl
-- Up-to-date: /home/admin/ros2_ws/install/robotnik_sensors/share/robotnik_sensors//meshes/depth/stereolabs_zed/zed2.stl
-- Up-to-date: /home/admin/ros2_ws/install/robotnik_sensors/share/robotnik_sensors//meshes/depth/stereolabs_zed/zed.stl
-- Up-to-date: /home/admin/ros2_ws/install/robotnik_sensors/share/robotnik_sensors//meshes/depth/orbbec_astra
-- Up-to-date: /home/admin/ros2_ws/install/robotnik_sensors/share/robotnik_sensors//meshes/depth/orbbec_astra/orbbec_astra.stl
-- Up-to-date: /home/admin/ros2_ws/install/robotnik_sensors/share/robotnik_sensors//meshes/depth/orbbec_astra/orbbec_astra.dae
-- Up-to-date: /home/admin/ros2_ws/install/robotnik_sensors/share/robotnik_sensors//meshes/gps
-- Up-to-date: /home/admin/ros2_ws/install/robotnik_sensors/share/robotnik_sensors//meshes/gps/mastil_gps.stl
-- Up-to-date: /home/admin/ros2_ws/install/robotnik_sensors/share/robotnik_sensors//meshes/gps/antenna_3GO16.stl
-- Up-to-date: /home/admin/ros2_ws/install/robotnik_sensors/share/robotnik_sensors//meshes/gps/antenna_ANN_MB.stl
-- Up-to-date: /home/admin/ros2_ws/install/robotnik_sensors/share/robotnik_sensors//meshes/gps/antenna_3GO16.dae
-- Up-to-date: /home/admin/ros2_ws/install/robotnik_sensors/share/robotnik_sensors//meshes/asus_xtion_pro_live.dae
-- Up-to-date: /home/admin/ros2_ws/install/robotnik_sensors/share/robotnik_sensors//meshes/orbbec_astra_embedded_s.stl
-- Up-to-date: /home/admin/ros2_ws/install/robotnik_sensors/share/robotnik_sensors//meshes/orbbec_astra_embedded_s.dae
-- Up-to-date: /home/admin/ros2_ws/install/robotnik_sensors/share/robotnik_sensors//meshes/kinectv2.dae
-- Up-to-date: /home/admin/ros2_ws/install/robotnik_sensors/share/robotnik_sensors//meshes/rslidar_mems.stl
-- Up-to-date: /home/admin/ros2_ws/install/robotnik_sensors/share/robotnik_sensors//meshes/kinectv2.stl
-- Up-to-date: /home/admin/ros2_ws/install/robotnik_sensors/share/robotnik_sensors//meshes/axis_q8641_n2-1.STL
-- Up-to-date: /home/admin/ros2_ws/install/robotnik_sensors/share/robotnik_sensors//meshes/axis_p5514.stl
-- Up-to-date: /home/admin/ros2_ws/install/robotnik_sensors/share/robotnik_sensors//meshes/yujin_yrl.stl
-- Up-to-date: /home/admin/ros2_ws/install/robotnik_sensors/share/robotnik_sensors//meshes/hokuyo3d.jpg
-- Up-to-date: /home/admin/ros2_ws/install/robotnik_sensors/share/robotnik_sensors//meshes/axis_q8641_n1-1.STL
-- Up-to-date: /home/admin/ros2_ws/install/robotnik_sensors/share/robotnik_sensors//meshes/ydlidar_4f.dae
-- Up-to-date: /home/admin/ros2_ws/install/robotnik_sensors/share/robotnik_sensors//meshes/viper.dae
-- Up-to-date: /home/admin/ros2_ws/install/robotnik_sensors/share/robotnik_sensors//meshes/imu
-- Up-to-date: /home/admin/ros2_ws/install/robotnik_sensors/share/robotnik_sensors//meshes/imu/vectornav_vn100.stl
-- Up-to-date: /home/admin/ros2_ws/install/robotnik_sensors/share/robotnik_sensors//meshes/axis_p5512.dae
-- Up-to-date: /home/admin/ros2_ws/install/robotnik_sensors/share/robotnik_sensors//meshes/asus_xtion_pro_live.png
-- Up-to-date: /home/admin/ros2_ws/install/robotnik_sensors/share/robotnik_sensors//meshes/kinect.dae
-- Up-to-date: /home/admin/ros2_ws/install/robotnik_sensors/share/robotnik_sensors//meshes/hokuyo.png
-- Up-to-date: /home/admin/ros2_ws/install/robotnik_sensors/share/robotnik_sensors//meshes/hokuyo_ust_20lx.dae
-- Up-to-date: /home/admin/ros2_ws/install/robotnik_sensors/share/robotnik_sensors//meshes/axis_m5525.dae
-- Up-to-date: /home/admin/ros2_ws/install/robotnik_sensors/share/robotnik_sensors//meshes/benewake_ce30.stl
-- Up-to-date: /home/admin/ros2_ws/install/robotnik_sensors/share/robotnik_sensors//meshes/axis_m5525.stl
-- Up-to-date: /home/admin/ros2_ws/install/robotnik_sensors/share/robotnik_sensors//meshes/2d_lidar
-- Up-to-date: /home/admin/ros2_ws/install/robotnik_sensors/share/robotnik_sensors//meshes/2d_lidar/sick
-- Up-to-date: /home/admin/ros2_ws/install/robotnik_sensors/share/robotnik_sensors//meshes/2d_lidar/sick/s3000.dae
-- Up-to-date: /home/admin/ros2_ws/install/robotnik_sensors/share/robotnik_sensors//meshes/2d_lidar/sick/nanoscan3.stl
-- Up-to-date: /home/admin/ros2_ws/install/robotnik_sensors/share/robotnik_sensors//meshes/2d_lidar/sick/tim571.dae
-- Up-to-date: /home/admin/ros2_ws/install/robotnik_sensors/share/robotnik_sensors//meshes/2d_lidar/sick/outdoorscan3.stl
-- Up-to-date: /home/admin/ros2_ws/install/robotnik_sensors/share/robotnik_sensors//meshes/2d_lidar/sick/tim571.stl
-- Up-to-date: /home/admin/ros2_ws/install/robotnik_sensors/share/robotnik_sensors//meshes/2d_lidar/sick/microscan3.dae
-- Up-to-date: /home/admin/ros2_ws/install/robotnik_sensors/share/robotnik_sensors//meshes/2d_lidar/sick/s300.stl
-- Up-to-date: /home/admin/ros2_ws/install/robotnik_sensors/share/robotnik_sensors//meshes/2d_lidar/sick/s300.dae
-- Up-to-date: /home/admin/ros2_ws/install/robotnik_sensors/share/robotnik_sensors//meshes/2d_lidar/sick/s300.png
-- Up-to-date: /home/admin/ros2_ws/install/robotnik_sensors/share/robotnik_sensors//meshes/2d_lidar/sick/microscan3.stl
-- Up-to-date: /home/admin/ros2_ws/install/robotnik_sensors/share/robotnik_sensors//meshes/2d_lidar/sick/tim551.stl
-- Up-to-date: /home/admin/ros2_ws/install/robotnik_sensors/share/robotnik_sensors//meshes/2d_lidar/sick/tim551.dae
-- Up-to-date: /home/admin/ros2_ws/install/robotnik_sensors/share/robotnik_sensors//meshes/2d_lidar/sick/s3000.stl
-- Up-to-date: /home/admin/ros2_ws/install/robotnik_sensors/share/robotnik_sensors//meshes/2d_lidar/sick/outdoorscan3.dae
-- Up-to-date: /home/admin/ros2_ws/install/robotnik_sensors/share/robotnik_sensors//meshes/hokuyo_utm_30lx.stl
-- Up-to-date: /home/admin/ros2_ws/install/robotnik_sensors/share/robotnik_sensors//meshes/hokuyo_urg_04lx.dae
-- Up-to-date: /home/admin/ros2_ws/install/robotnik_sensors/share/robotnik_sensors//meshes/camera_axis_q8641.STL
-- Up-to-date: /home/admin/ros2_ws/install/robotnik_sensors/share/robotnik_sensors//meshes/kinect.jpg
-- Up-to-date: /home/admin/ros2_ws/install/robotnik_sensors/share/robotnik_sensors//meshes/rplidar_a2.dae
-- Up-to-date: /home/admin/ros2_ws/install/robotnik_sensors/share/robotnik_sensors//meshes/viper.stl
-- Up-to-date: /home/admin/ros2_ws/install/robotnik_sensors/share/robotnik_sensors//meshes/rslidar.stl
-- Up-to-date: /home/admin/ros2_ws/install/robotnik_sensors/share/robotnik_sensors//meshes/ueye_cp_gige.dae
-- Up-to-date: /home/admin/ros2_ws/install/robotnik_sensors/share/robotnik_sensors//meshes/axis_p5512.stl
-- Up-to-date: /home/admin/ros2_ws/install/robotnik_sensors/share/robotnik_sensors//meshes/hokuyo3d.dae
-- Up-to-date: /home/admin/ros2_ws/install/robotnik_sensors/share/robotnik_sensors//meshes/kinectv2_nobase.dae
-- Up-to-date: /home/admin/ros2_ws/install/robotnik_sensors/share/robotnik_sensors//meshes/sick_mls.stl
-- Up-to-date: /home/admin/ros2_ws/install/robotnik_sensors/share/robotnik_sensors//meshes/benewake_ce30d.stl
-- Up-to-date: /home/admin/ros2_ws/install/robotnik_sensors/share/robotnik_sensors//meshes/rplidar_a2.stl
-- Up-to-date: /home/admin/ros2_ws/install/robotnik_sensors/share/robotnik_sensors//meshes/hokuyo_urg_04lx.stl
-- Up-to-date: /home/admin/ros2_ws/install/robotnik_sensors/share/robotnik_sensors//meshes/fotonic_e.stl
-- Up-to-date: /home/admin/ros2_ws/install/robotnik_sensors/share/robotnik_sensors//meshes/3d_lidar
-- Up-to-date: /home/admin/ros2_ws/install/robotnik_sensors/share/robotnik_sensors//meshes/3d_lidar/velodyne
-- Up-to-date: /home/admin/ros2_ws/install/robotnik_sensors/share/robotnik_sensors//meshes/3d_lidar/velodyne/vlp16.stl
-- Up-to-date: /home/admin/ros2_ws/install/robotnik_sensors/share/robotnik_sensors//meshes/3d_lidar/velodyne/vlp16.dae
-- Up-to-date: /home/admin/ros2_ws/install/robotnik_sensors/share/robotnik_sensors//meshes/3d_lidar/livox_mid_360.stl
-- Up-to-date: /home/admin/ros2_ws/install/robotnik_sensors/share/robotnik_sensors//meshes/3d_lidar/robotsense
-- Up-to-date: /home/admin/ros2_ws/install/robotnik_sensors/share/robotnik_sensors//meshes/3d_lidar/robotsense/bpearl.dae
-- Up-to-date: /home/admin/ros2_ws/install/robotnik_sensors/share/robotnik_sensors//meshes/3d_lidar/robotsense/helios_16p.stl
-- Up-to-date: /home/admin/ros2_ws/install/robotnik_sensors/share/robotnik_sensors//meshes/3d_lidar/robotsense/bpearl.stl
-- Up-to-date: /home/admin/ros2_ws/install/robotnik_sensors/share/robotnik_sensors//meshes/ouster1.STL
-- Up-to-date: /home/admin/ros2_ws/install/robotnik_sensors/share/robotnik_sensors//meshes/kinect.tga
-- Up-to-date: /home/admin/ros2_ws/install/robotnik_sensors/share/robotnik_sensors//meshes/lidar_mast.STL
-- Up-to-date: /home/admin/ros2_ws/install/robotnik_sensors/share/robotnik_sensors//meshes/pointgrey_bumblebee2.dae
-- Up-to-date: /home/admin/ros2_ws/install/robotnik_sensors/share/robotnik_sensors//meshes/rslidar.dae
-- Up-to-date: /home/admin/ros2_ws/install/robotnik_sensors/share/robotnik_sensors//meshes/teraranger_tr_duo.stl
-- Up-to-date: /home/admin/ros2_ws/install/robotnik_sensors/share/robotnik_sensors//meshes/rplidar.dae
-- Up-to-date: /home/admin/ros2_ws/install/robotnik_sensors/share/robotnik_sensors//meshes/intel_r430.dae
-- Up-to-date: /home/admin/ros2_ws/install/robotnik_sensors/share/robotnik_sensors//meshes/axis_m5013.stl
-- Up-to-date: /home/admin/ros2_ws/install/robotnik_sensors/share/robotnik_sensors//meshes/hokuyo_ust_10lx.dae
-- Up-to-date: /home/admin/ros2_ws/install/robotnik_sensors/share/robotnik_sensors//meshes/ydlidar_4f.png
-- Up-to-date: /home/admin/ros2_ws/install/robotnik_sensors/share/robotnik_sensors//meshes/teraranger_tr_duo.dae
-- Up-to-date: /home/admin/ros2_ws/install/robotnik_sensors/share/robotnik_sensors//urdf
-- Up-to-date: /home/admin/ros2_ws/install/robotnik_sensors/share/robotnik_sensors//urdf/all_sensors.urdf.xacro
-- Up-to-date: /home/admin/ros2_ws/install/robotnik_sensors/share/robotnik_sensors//urdf/depth
-- Up-to-date: /home/admin/ros2_ws/install/robotnik_sensors/share/robotnik_sensors//urdf/depth/stereolabs_generic.urdf.xacro
-- Up-to-date: /home/admin/ros2_ws/install/robotnik_sensors/share/robotnik_sensors//urdf/depth/irred_camera_plugin.urdf.xacro
-- Up-to-date: /home/admin/ros2_ws/install/robotnik_sensors/share/robotnik_sensors//urdf/depth/stereolabs_zed2.urdf.xacro
-- Up-to-date: /home/admin/ros2_ws/install/robotnik_sensors/share/robotnik_sensors//urdf/depth/stereolabs_zed2i.urdf.xacro
-- Up-to-date: /home/admin/ros2_ws/install/robotnik_sensors/share/robotnik_sensors//urdf/depth/intel_realsense_d435i.urdf.xacro
-- Up-to-date: /home/admin/ros2_ws/install/robotnik_sensors/share/robotnik_sensors//urdf/depth/intel_realsense_d435.urdf.xacro
-- Up-to-date: /home/admin/ros2_ws/install/robotnik_sensors/share/robotnik_sensors//urdf/depth/azure_kinect.urdf.xacro
-- Up-to-date: /home/admin/ros2_ws/install/robotnik_sensors/share/robotnik_sensors//urdf/depth/orbbec_astra.urdf.xacro
-- Up-to-date: /home/admin/ros2_ws/install/robotnik_sensors/share/robotnik_sensors//urdf/depth/depth_camera_plugin.urdf.xacro
-- Up-to-date: /home/admin/ros2_ws/install/robotnik_sensors/share/robotnik_sensors//urdf/gps
-- Up-to-date: /home/admin/ros2_ws/install/robotnik_sensors/share/robotnik_sensors//urdf/gps/gps.urdf.xacro
-- Up-to-date: /home/admin/ros2_ws/install/robotnik_sensors/share/robotnik_sensors//urdf/gps/gps_plugin.urdf.xacro
-- Up-to-date: /home/admin/ros2_ws/install/robotnik_sensors/share/robotnik_sensors//urdf/gps/gps_with_mast.urdf.xacro
-- Up-to-date: /home/admin/ros2_ws/install/robotnik_sensors/share/robotnik_sensors//urdf/gps/ublox_with_mast.urdf.xacro
-- Up-to-date: /home/admin/ros2_ws/install/robotnik_sensors/share/robotnik_sensors//urdf/gps/ublox.urdf.xacro
-- Up-to-date: /home/admin/ros2_ws/install/robotnik_sensors/share/robotnik_sensors//urdf/imu
-- Up-to-date: /home/admin/ros2_ws/install/robotnik_sensors/share/robotnik_sensors//urdf/imu/imu_plugin.urdf.xacro
-- Up-to-date: /home/admin/ros2_ws/install/robotnik_sensors/share/robotnik_sensors//urdf/imu/pixhawk.urdf.xacro
-- Up-to-date: /home/admin/ros2_ws/install/robotnik_sensors/share/robotnik_sensors//urdf/imu/vectornav.urdf.xacro
-- Up-to-date: /home/admin/ros2_ws/install/robotnik_sensors/share/robotnik_sensors//urdf/imu/myahrs.urdf.xacro
-- Up-to-date: /home/admin/ros2_ws/install/robotnik_sensors/share/robotnik_sensors//urdf/utils
-- Up-to-date: /home/admin/ros2_ws/install/robotnik_sensors/share/robotnik_sensors//urdf/utils/inertia.urdf.xacro
-- Up-to-date: /home/admin/ros2_ws/install/robotnik_sensors/share/robotnik_sensors//urdf/2d_lidar
-- Up-to-date: /home/admin/ros2_ws/install/robotnik_sensors/share/robotnik_sensors//urdf/2d_lidar/sick_tim571.urdf.xacro
-- Up-to-date: /home/admin/ros2_ws/install/robotnik_sensors/share/robotnik_sensors//urdf/2d_lidar/sick_outdoorscan3.urdf.xacro
-- Up-to-date: /home/admin/ros2_ws/install/robotnik_sensors/share/robotnik_sensors//urdf/2d_lidar/lidar_2d_plugin.urdf.xacro
-- Up-to-date: /home/admin/ros2_ws/install/robotnik_sensors/share/robotnik_sensors//urdf/2d_lidar/hokuyo_utm30lx.urdf.xacro
-- Up-to-date: /home/admin/ros2_ws/install/robotnik_sensors/share/robotnik_sensors//urdf/2d_lidar/sick_nanoscan3.urdf.xacro
-- Up-to-date: /home/admin/ros2_ws/install/robotnik_sensors/share/robotnik_sensors//urdf/2d_lidar/hokuyo_urg04lx.urdf.xacro
-- Up-to-date: /home/admin/ros2_ws/install/robotnik_sensors/share/robotnik_sensors//urdf/2d_lidar/sick_s300.urdf.xacro
-- Up-to-date: /home/admin/ros2_ws/install/robotnik_sensors/share/robotnik_sensors//urdf/2d_lidar/sick_s3000.urdf.xacro
-- Up-to-date: /home/admin/ros2_ws/install/robotnik_sensors/share/robotnik_sensors//urdf/2d_lidar/sick_microscan3.urdf.xacro
-- Up-to-date: /home/admin/ros2_ws/install/robotnik_sensors/share/robotnik_sensors//urdf/2d_lidar/hokuyo_ust20lx.urdf.xacro
-- Up-to-date: /home/admin/ros2_ws/install/robotnik_sensors/share/robotnik_sensors//urdf/2d_lidar/sick_tim551.urdf.xacro
-- Up-to-date: /home/admin/ros2_ws/install/robotnik_sensors/share/robotnik_sensors//urdf/2d_lidar/hokuyo_ust10lx.urdf.xacro
-- Up-to-date: /home/admin/ros2_ws/install/robotnik_sensors/share/robotnik_sensors//urdf/3d_lidar
-- Up-to-date: /home/admin/ros2_ws/install/robotnik_sensors/share/robotnik_sensors//urdf/3d_lidar/ouster.urdf.xacro
-- Up-to-date: /home/admin/ros2_ws/install/robotnik_sensors/share/robotnik_sensors//urdf/3d_lidar/robosense_helios_16p.urdf.xacro
-- Up-to-date: /home/admin/ros2_ws/install/robotnik_sensors/share/robotnik_sensors//urdf/3d_lidar/velodyne_vlp16.urdf.xacro
-- Up-to-date: /home/admin/ros2_ws/install/robotnik_sensors/share/robotnik_sensors//urdf/3d_lidar/lidar_3d_plugin.urdf.xacro
-- Up-to-date: /home/admin/ros2_ws/install/robotnik_sensors/share/robotnik_sensors//urdf/3d_lidar/livox_mid_360.urdf.xacro
-- Up-to-date: /home/admin/ros2_ws/install/robotnik_sensors/share/robotnik_sensors//urdf/3d_lidar/sick_multiscan_100.urdf.xacro
-- Up-to-date: /home/admin/ros2_ws/install/robotnik_sensors/share/robotnik_sensors//urdf/3d_lidar/robosense_bpearl.urdf.xacro
-- Up-to-date: /home/admin/ros2_ws/install/robotnik_sensors/share/robotnik_sensors//urdf/camera
-- Up-to-date: /home/admin/ros2_ws/install/robotnik_sensors/share/robotnik_sensors//urdf/camera/axis_m5074.urdf.xacro
-- Up-to-date: /home/admin/ros2_ws/install/robotnik_sensors/share/robotnik_sensors//urdf/camera/axis_m5525.urdf.xacro
-- Up-to-date: /home/admin/ros2_ws/install/robotnik_sensors/share/robotnik_sensors//urdf/camera/camera_plugin.urdf.xacro
-- Up-to-date: /home/admin/ros2_ws/install/robotnik_sensors/share/robotnik_sensors//urdf/camera/axis_m5526.urdf.xacro
-- Up-to-date: /home/admin/ros2_ws/install/robotnik_sensors/share/robotnik_sensors//urdf/camera/axis_m5013.urdf.xacro
-- Up-to-date: /home/admin/ros2_ws/install/robotnik_sensors/share/robotnik_sensors//urdf/deprecated
-- Up-to-date: /home/admin/ros2_ws/install/robotnik_sensors/share/robotnik_sensors//urdf/deprecated/ydlidar_4f.urdf.xacro
-- Up-to-date: /home/admin/ros2_ws/install/robotnik_sensors/share/robotnik_sensors//urdf/deprecated/benewake_ce30.urdf.xacro
-- Up-to-date: /home/admin/ros2_ws/install/robotnik_sensors/share/robotnik_sensors//urdf/deprecated/roboteq_mgs.urdf.xacro
-- Up-to-date: /home/admin/ros2_ws/install/robotnik_sensors/share/robotnik_sensors//urdf/deprecated/zed.urdf.xacro
-- Up-to-date: /home/admin/ros2_ws/install/robotnik_sensors/share/robotnik_sensors//urdf/deprecated/zed2.urdf.xacro
-- Up-to-date: /home/admin/ros2_ws/install/robotnik_sensors/share/robotnik_sensors//urdf/deprecated/asus_xtion_pro.urdf.xacro
-- Up-to-date: /home/admin/ros2_ws/install/robotnik_sensors/share/robotnik_sensors//urdf/deprecated/kinectv2.urdf.xacro
-- Up-to-date: /home/admin/ros2_ws/install/robotnik_sensors/share/robotnik_sensors//urdf/deprecated/hokuyo3d.urdf.xacro
-- Up-to-date: /home/admin/ros2_ws/install/robotnik_sensors/share/robotnik_sensors//urdf/deprecated/imu.urdf.xacro
-- Up-to-date: /home/admin/ros2_ws/install/robotnik_sensors/share/robotnik_sensors//urdf/deprecated/pantilt.urdf.xacro
-- Up-to-date: /home/admin/ros2_ws/install/robotnik_sensors/share/robotnik_sensors//urdf/deprecated/axis_q8641.urdf.xacro
-- Up-to-date: /home/admin/ros2_ws/install/robotnik_sensors/share/robotnik_sensors//urdf/deprecated/rslidar.urdf.xacro
-- Up-to-date: /home/admin/ros2_ws/install/robotnik_sensors/share/robotnik_sensors//urdf/deprecated/lidar_mast.urdf.xacro
-- Up-to-date: /home/admin/ros2_ws/install/robotnik_sensors/share/robotnik_sensors//urdf/deprecated/intel_d435.urdf.xacro
-- Up-to-date: /home/admin/ros2_ws/install/robotnik_sensors/share/robotnik_sensors//urdf/deprecated/rubedos_viper.urdf.xacro
-- Up-to-date: /home/admin/ros2_ws/install/robotnik_sensors/share/robotnik_sensors//urdf/deprecated/flir_ax8.urdf.xacro
-- Up-to-date: /home/admin/ros2_ws/install/robotnik_sensors/share/robotnik_sensors//urdf/deprecated/embedded_s.urdf.xacro
-- Up-to-date: /home/admin/ros2_ws/install/robotnik_sensors/share/robotnik_sensors//urdf/deprecated/imu_hector_plugin.urdf.xacro
-- Up-to-date: /home/admin/ros2_ws/install/robotnik_sensors/share/robotnik_sensors//urdf/deprecated/axis.urdf.xacro
-- Up-to-date: /home/admin/ros2_ws/install/robotnik_sensors/share/robotnik_sensors//urdf/deprecated/fotonic_e.urdf.xacro
-- Up-to-date: /home/admin/ros2_ws/install/robotnik_sensors/share/robotnik_sensors//urdf/deprecated/kinect.urdf.xacro
-- Up-to-date: /home/admin/ros2_ws/install/robotnik_sensors/share/robotnik_sensors//urdf/deprecated/benewake_ce30d.urdf.xacro
-- Up-to-date: /home/admin/ros2_ws/install/robotnik_sensors/share/robotnik_sensors//urdf/deprecated/rslidar_mems.urdf.xacro
-- Up-to-date: /home/admin/ros2_ws/install/robotnik_sensors/share/robotnik_sensors//urdf/deprecated/sick_mls.urdf.xacro
-- Up-to-date: /home/admin/ros2_ws/install/robotnik_sensors/share/robotnik_sensors//urdf/deprecated/pointgrey_bumblebee2.urdf.xacro
-- Up-to-date: /home/admin/ros2_ws/install/robotnik_sensors/share/robotnik_sensors//urdf/deprecated/rplidar_a2.urdf.xacro
-- Up-to-date: /home/admin/ros2_ws/install/robotnik_sensors/share/robotnik_sensors//urdf/deprecated/yujin_yrl.urdf.xacro
-- Up-to-date: /home/admin/ros2_ws/install/robotnik_sensors/share/robotnik_sensors//urdf/deprecated/ueye_cp_gige.urdf.xacro
-- Up-to-date: /home/admin/ros2_ws/install/robotnik_sensors/share/robotnik_sensors//urdf/deprecated/intel_r430.urdf.xacro
-- Up-to-date: /home/admin/ros2_ws/install/robotnik_sensors/share/robotnik_sensors//urdf/deprecated/teraranger_tr_duo.urdf.xacro
-- Up-to-date: /home/admin/ros2_ws/install/robotnik_sensors/share/robotnik_sensors//urdf/deprecated/rplidar.urdf.xacro
-- Up-to-date: /home/admin/ros2_ws/install/robotnik_sensors/share/ament_index/resource_index/package_run_dependencies/robotnik_sensors
-- Up-to-date: /home/admin/ros2_ws/install/robotnik_sensors/share/ament_index/resource_index/parent_prefix_path/robotnik_sensors
-- Up-to-date: /home/admin/ros2_ws/install/robotnik_sensors/share/robotnik_sensors/environment/ament_prefix_path.sh
-- Up-to-date: /home/admin/ros2_ws/install/robotnik_sensors/share/robotnik_sensors/environment/ament_prefix_path.dsv
-- Up-to-date: /home/admin/ros2_ws/install/robotnik_sensors/share/robotnik_sensors/environment/path.sh
-- Up-to-date: /home/admin/ros2_ws/install/robotnik_sensors/share/robotnik_sensors/environment/path.dsv
-- Up-to-date: /home/admin/ros2_ws/install/robotnik_sensors/share/robotnik_sensors/local_setup.bash
-- Up-to-date: /home/admin/ros2_ws/install/robotnik_sensors/share/robotnik_sensors/local_setup.sh
-- Up-to-date: /home/admin/ros2_ws/install/robotnik_sensors/share/robotnik_sensors/local_setup.zsh
-- Up-to-date: /home/admin/ros2_ws/install/robotnik_sensors/share/robotnik_sensors/local_setup.dsv
-- Up-to-date: /home/admin/ros2_ws/install/robotnik_sensors/share/robotnik_sensors/package.dsv
-- Up-to-date: /home/admin/ros2_ws/install/robotnik_sensors/share/ament_index/resource_index/packages/robotnik_sensors
-- Up-to-date: /home/admin/ros2_ws/install/robotnik_sensors/share/robotnik_sensors/cmake/robotnik_sensorsConfig.cmake
-- Up-to-date: /home/admin/ros2_ws/install/robotnik_sensors/share/robotnik_sensors/cmake/robotnik_sensorsConfig-version.cmake
-- Up-to-date: /home/admin/ros2_ws/install/robotnik_sensors/share/robotnik_sensors/package.xml
