[0.022s] Invoking command in '/home/admin/ros2_ws/build/robotnik_sensors': CMAKE_PREFIX_PATH=${CMAKE_PREFIX_PATH}:/home/admin/ros2_ws/install/robotnik_safety_msgs:/home/admin/ros2_ws/install/rbvogui_cartographer:/opt/ros/humble /usr/bin/cmake --build /home/admin/ros2_ws/build/robotnik_sensors -- -j20 -l20
[0.352s] Invoked command in '/home/admin/ros2_ws/build/robotnik_sensors' returned '0': CMAKE_PREFIX_PATH=${CMAKE_PREFIX_PATH}:/home/admin/ros2_ws/install/robotnik_safety_msgs:/home/admin/ros2_ws/install/rbvogui_cartographer:/opt/ros/humble /usr/bin/cmake --build /home/admin/ros2_ws/build/robotnik_sensors -- -j20 -l20
[0.358s] Invoking command in '/home/admin/ros2_ws/build/robotnik_sensors': CMAKE_PREFIX_PATH=${CMAKE_PREFIX_PATH}:/home/admin/ros2_ws/install/robotnik_safety_msgs:/home/admin/ros2_ws/install/rbvogui_cartographer:/opt/ros/humble /usr/bin/cmake --install /home/admin/ros2_ws/build/robotnik_sensors
[0.370s] -- Install configuration: ""
[0.370s] -- Up-to-date: /home/admin/ros2_ws/install/robotnik_sensors/share/robotnik_sensors//meshes
[0.370s] -- Up-to-date: /home/admin/ros2_ws/install/robotnik_sensors/share/robotnik_sensors//meshes/benewake_ce30d.dae
[0.370s] -- Up-to-date: /home/admin/ros2_ws/install/robotnik_sensors/share/robotnik_sensors//meshes/axis_p5514.dae
[0.370s] -- Up-to-date: /home/admin/ros2_ws/install/robotnik_sensors/share/robotnik_sensors//meshes/ueye_cp_gige.stl
[0.370s] -- Up-to-date: /home/admin/ros2_ws/install/robotnik_sensors/share/robotnik_sensors//meshes/hokuyo3d.stl
[0.370s] -- Up-to-date: /home/admin/ros2_ws/install/robotnik_sensors/share/robotnik_sensors//meshes/intel_r430.stl
[0.370s] -- Up-to-date: /home/admin/ros2_ws/install/robotnik_sensors/share/robotnik_sensors//meshes/axis_m5013.dae
[0.370s] -- Up-to-date: /home/admin/ros2_ws/install/robotnik_sensors/share/robotnik_sensors//meshes/hokuyo_utm_30lx.dae
[0.370s] -- Up-to-date: /home/admin/ros2_ws/install/robotnik_sensors/share/robotnik_sensors//meshes/kinectv2_nobase.stl
[0.370s] -- Up-to-date: /home/admin/ros2_ws/install/robotnik_sensors/share/robotnik_sensors//meshes/depth
[0.370s] -- Up-to-date: /home/admin/ros2_ws/install/robotnik_sensors/share/robotnik_sensors//meshes/depth/intel_realsense_d435
[0.370s] -- Up-to-date: /home/admin/ros2_ws/install/robotnik_sensors/share/robotnik_sensors//meshes/depth/intel_realsense_d435/intel_d435_color.dae
[0.370s] -- Up-to-date: /home/admin/ros2_ws/install/robotnik_sensors/share/robotnik_sensors//meshes/depth/intel_realsense_d435/intel_d435.dae
[0.370s] -- Up-to-date: /home/admin/ros2_ws/install/robotnik_sensors/share/robotnik_sensors//meshes/depth/intel_realsense_d435/intel_d435.stl
[0.370s] -- Up-to-date: /home/admin/ros2_ws/install/robotnik_sensors/share/robotnik_sensors//meshes/depth/intel_realsense_d435/intel_d435.png
[0.370s] -- Up-to-date: /home/admin/ros2_ws/install/robotnik_sensors/share/robotnik_sensors//meshes/depth/stereolabs_zed
[0.370s] -- Up-to-date: /home/admin/ros2_ws/install/robotnik_sensors/share/robotnik_sensors//meshes/depth/stereolabs_zed/zedm.stl
[0.370s] -- Up-to-date: /home/admin/ros2_ws/install/robotnik_sensors/share/robotnik_sensors//meshes/depth/stereolabs_zed/zed2.stl
[0.370s] -- Up-to-date: /home/admin/ros2_ws/install/robotnik_sensors/share/robotnik_sensors//meshes/depth/stereolabs_zed/zed.stl
[0.371s] -- Up-to-date: /home/admin/ros2_ws/install/robotnik_sensors/share/robotnik_sensors//meshes/depth/orbbec_astra
[0.371s] -- Up-to-date: /home/admin/ros2_ws/install/robotnik_sensors/share/robotnik_sensors//meshes/depth/orbbec_astra/orbbec_astra.stl
[0.371s] -- Up-to-date: /home/admin/ros2_ws/install/robotnik_sensors/share/robotnik_sensors//meshes/depth/orbbec_astra/orbbec_astra.dae
[0.371s] -- Up-to-date: /home/admin/ros2_ws/install/robotnik_sensors/share/robotnik_sensors//meshes/gps
[0.371s] -- Up-to-date: /home/admin/ros2_ws/install/robotnik_sensors/share/robotnik_sensors//meshes/gps/mastil_gps.stl
[0.371s] -- Up-to-date: /home/admin/ros2_ws/install/robotnik_sensors/share/robotnik_sensors//meshes/gps/antenna_3GO16.stl
[0.371s] -- Up-to-date: /home/admin/ros2_ws/install/robotnik_sensors/share/robotnik_sensors//meshes/gps/antenna_ANN_MB.stl
[0.371s] -- Up-to-date: /home/admin/ros2_ws/install/robotnik_sensors/share/robotnik_sensors//meshes/gps/antenna_3GO16.dae
[0.371s] -- Up-to-date: /home/admin/ros2_ws/install/robotnik_sensors/share/robotnik_sensors//meshes/asus_xtion_pro_live.dae
[0.371s] -- Up-to-date: /home/admin/ros2_ws/install/robotnik_sensors/share/robotnik_sensors//meshes/orbbec_astra_embedded_s.stl
[0.371s] -- Up-to-date: /home/admin/ros2_ws/install/robotnik_sensors/share/robotnik_sensors//meshes/orbbec_astra_embedded_s.dae
[0.371s] -- Up-to-date: /home/admin/ros2_ws/install/robotnik_sensors/share/robotnik_sensors//meshes/kinectv2.dae
[0.371s] -- Up-to-date: /home/admin/ros2_ws/install/robotnik_sensors/share/robotnik_sensors//meshes/rslidar_mems.stl
[0.371s] -- Up-to-date: /home/admin/ros2_ws/install/robotnik_sensors/share/robotnik_sensors//meshes/kinectv2.stl
[0.371s] -- Up-to-date: /home/admin/ros2_ws/install/robotnik_sensors/share/robotnik_sensors//meshes/axis_q8641_n2-1.STL
[0.371s] -- Up-to-date: /home/admin/ros2_ws/install/robotnik_sensors/share/robotnik_sensors//meshes/axis_p5514.stl
[0.371s] -- Up-to-date: /home/admin/ros2_ws/install/robotnik_sensors/share/robotnik_sensors//meshes/yujin_yrl.stl
[0.371s] -- Up-to-date: /home/admin/ros2_ws/install/robotnik_sensors/share/robotnik_sensors//meshes/hokuyo3d.jpg
[0.371s] -- Up-to-date: /home/admin/ros2_ws/install/robotnik_sensors/share/robotnik_sensors//meshes/axis_q8641_n1-1.STL
[0.371s] -- Up-to-date: /home/admin/ros2_ws/install/robotnik_sensors/share/robotnik_sensors//meshes/ydlidar_4f.dae
[0.371s] -- Up-to-date: /home/admin/ros2_ws/install/robotnik_sensors/share/robotnik_sensors//meshes/viper.dae
[0.371s] -- Up-to-date: /home/admin/ros2_ws/install/robotnik_sensors/share/robotnik_sensors//meshes/imu
[0.371s] -- Up-to-date: /home/admin/ros2_ws/install/robotnik_sensors/share/robotnik_sensors//meshes/imu/vectornav_vn100.stl
[0.371s] -- Up-to-date: /home/admin/ros2_ws/install/robotnik_sensors/share/robotnik_sensors//meshes/axis_p5512.dae
[0.371s] -- Up-to-date: /home/admin/ros2_ws/install/robotnik_sensors/share/robotnik_sensors//meshes/asus_xtion_pro_live.png
[0.371s] -- Up-to-date: /home/admin/ros2_ws/install/robotnik_sensors/share/robotnik_sensors//meshes/kinect.dae
[0.371s] -- Up-to-date: /home/admin/ros2_ws/install/robotnik_sensors/share/robotnik_sensors//meshes/hokuyo.png
[0.371s] -- Up-to-date: /home/admin/ros2_ws/install/robotnik_sensors/share/robotnik_sensors//meshes/hokuyo_ust_20lx.dae
[0.371s] -- Up-to-date: /home/admin/ros2_ws/install/robotnik_sensors/share/robotnik_sensors//meshes/axis_m5525.dae
[0.371s] -- Up-to-date: /home/admin/ros2_ws/install/robotnik_sensors/share/robotnik_sensors//meshes/benewake_ce30.stl
[0.371s] -- Up-to-date: /home/admin/ros2_ws/install/robotnik_sensors/share/robotnik_sensors//meshes/axis_m5525.stl
[0.371s] -- Up-to-date: /home/admin/ros2_ws/install/robotnik_sensors/share/robotnik_sensors//meshes/2d_lidar
[0.371s] -- Up-to-date: /home/admin/ros2_ws/install/robotnik_sensors/share/robotnik_sensors//meshes/2d_lidar/sick
[0.371s] -- Up-to-date: /home/admin/ros2_ws/install/robotnik_sensors/share/robotnik_sensors//meshes/2d_lidar/sick/s3000.dae
[0.372s] -- Up-to-date: /home/admin/ros2_ws/install/robotnik_sensors/share/robotnik_sensors//meshes/2d_lidar/sick/nanoscan3.stl
[0.372s] -- Up-to-date: /home/admin/ros2_ws/install/robotnik_sensors/share/robotnik_sensors//meshes/2d_lidar/sick/tim571.dae
[0.372s] -- Up-to-date: /home/admin/ros2_ws/install/robotnik_sensors/share/robotnik_sensors//meshes/2d_lidar/sick/outdoorscan3.stl
[0.372s] -- Up-to-date: /home/admin/ros2_ws/install/robotnik_sensors/share/robotnik_sensors//meshes/2d_lidar/sick/tim571.stl
[0.372s] -- Up-to-date: /home/admin/ros2_ws/install/robotnik_sensors/share/robotnik_sensors//meshes/2d_lidar/sick/microscan3.dae
[0.372s] -- Up-to-date: /home/admin/ros2_ws/install/robotnik_sensors/share/robotnik_sensors//meshes/2d_lidar/sick/s300.stl
[0.372s] -- Up-to-date: /home/admin/ros2_ws/install/robotnik_sensors/share/robotnik_sensors//meshes/2d_lidar/sick/s300.dae
[0.372s] -- Up-to-date: /home/admin/ros2_ws/install/robotnik_sensors/share/robotnik_sensors//meshes/2d_lidar/sick/s300.png
[0.372s] -- Up-to-date: /home/admin/ros2_ws/install/robotnik_sensors/share/robotnik_sensors//meshes/2d_lidar/sick/microscan3.stl
[0.372s] -- Up-to-date: /home/admin/ros2_ws/install/robotnik_sensors/share/robotnik_sensors//meshes/2d_lidar/sick/tim551.stl
[0.372s] -- Up-to-date: /home/admin/ros2_ws/install/robotnik_sensors/share/robotnik_sensors//meshes/2d_lidar/sick/tim551.dae
[0.372s] -- Up-to-date: /home/admin/ros2_ws/install/robotnik_sensors/share/robotnik_sensors//meshes/2d_lidar/sick/s3000.stl
[0.372s] -- Up-to-date: /home/admin/ros2_ws/install/robotnik_sensors/share/robotnik_sensors//meshes/2d_lidar/sick/outdoorscan3.dae
[0.372s] -- Up-to-date: /home/admin/ros2_ws/install/robotnik_sensors/share/robotnik_sensors//meshes/hokuyo_utm_30lx.stl
[0.372s] -- Up-to-date: /home/admin/ros2_ws/install/robotnik_sensors/share/robotnik_sensors//meshes/hokuyo_urg_04lx.dae
[0.372s] -- Up-to-date: /home/admin/ros2_ws/install/robotnik_sensors/share/robotnik_sensors//meshes/camera_axis_q8641.STL
[0.372s] -- Up-to-date: /home/admin/ros2_ws/install/robotnik_sensors/share/robotnik_sensors//meshes/kinect.jpg
[0.372s] -- Up-to-date: /home/admin/ros2_ws/install/robotnik_sensors/share/robotnik_sensors//meshes/rplidar_a2.dae
[0.372s] -- Up-to-date: /home/admin/ros2_ws/install/robotnik_sensors/share/robotnik_sensors//meshes/viper.stl
[0.372s] -- Up-to-date: /home/admin/ros2_ws/install/robotnik_sensors/share/robotnik_sensors//meshes/rslidar.stl
[0.373s] -- Up-to-date: /home/admin/ros2_ws/install/robotnik_sensors/share/robotnik_sensors//meshes/ueye_cp_gige.dae
[0.373s] -- Up-to-date: /home/admin/ros2_ws/install/robotnik_sensors/share/robotnik_sensors//meshes/axis_p5512.stl
[0.373s] -- Up-to-date: /home/admin/ros2_ws/install/robotnik_sensors/share/robotnik_sensors//meshes/hokuyo3d.dae
[0.373s] -- Up-to-date: /home/admin/ros2_ws/install/robotnik_sensors/share/robotnik_sensors//meshes/kinectv2_nobase.dae
[0.373s] -- Up-to-date: /home/admin/ros2_ws/install/robotnik_sensors/share/robotnik_sensors//meshes/sick_mls.stl
[0.373s] -- Up-to-date: /home/admin/ros2_ws/install/robotnik_sensors/share/robotnik_sensors//meshes/benewake_ce30d.stl
[0.373s] -- Up-to-date: /home/admin/ros2_ws/install/robotnik_sensors/share/robotnik_sensors//meshes/rplidar_a2.stl
[0.373s] -- Up-to-date: /home/admin/ros2_ws/install/robotnik_sensors/share/robotnik_sensors//meshes/hokuyo_urg_04lx.stl
[0.373s] -- Up-to-date: /home/admin/ros2_ws/install/robotnik_sensors/share/robotnik_sensors//meshes/fotonic_e.stl
[0.373s] -- Up-to-date: /home/admin/ros2_ws/install/robotnik_sensors/share/robotnik_sensors//meshes/3d_lidar
[0.373s] -- Up-to-date: /home/admin/ros2_ws/install/robotnik_sensors/share/robotnik_sensors//meshes/3d_lidar/velodyne
[0.373s] -- Up-to-date: /home/admin/ros2_ws/install/robotnik_sensors/share/robotnik_sensors//meshes/3d_lidar/velodyne/vlp16.stl
[0.373s] -- Up-to-date: /home/admin/ros2_ws/install/robotnik_sensors/share/robotnik_sensors//meshes/3d_lidar/velodyne/vlp16.dae
[0.373s] -- Up-to-date: /home/admin/ros2_ws/install/robotnik_sensors/share/robotnik_sensors//meshes/3d_lidar/livox_mid_360.stl
[0.373s] -- Up-to-date: /home/admin/ros2_ws/install/robotnik_sensors/share/robotnik_sensors//meshes/3d_lidar/robotsense
[0.373s] -- Up-to-date: /home/admin/ros2_ws/install/robotnik_sensors/share/robotnik_sensors//meshes/3d_lidar/robotsense/bpearl.dae
[0.373s] -- Up-to-date: /home/admin/ros2_ws/install/robotnik_sensors/share/robotnik_sensors//meshes/3d_lidar/robotsense/helios_16p.stl
[0.373s] -- Up-to-date: /home/admin/ros2_ws/install/robotnik_sensors/share/robotnik_sensors//meshes/3d_lidar/robotsense/bpearl.stl
[0.373s] -- Up-to-date: /home/admin/ros2_ws/install/robotnik_sensors/share/robotnik_sensors//meshes/ouster1.STL
[0.373s] -- Up-to-date: /home/admin/ros2_ws/install/robotnik_sensors/share/robotnik_sensors//meshes/kinect.tga
[0.373s] -- Up-to-date: /home/admin/ros2_ws/install/robotnik_sensors/share/robotnik_sensors//meshes/lidar_mast.STL
[0.373s] -- Up-to-date: /home/admin/ros2_ws/install/robotnik_sensors/share/robotnik_sensors//meshes/pointgrey_bumblebee2.dae
[0.373s] -- Up-to-date: /home/admin/ros2_ws/install/robotnik_sensors/share/robotnik_sensors//meshes/rslidar.dae
[0.373s] -- Up-to-date: /home/admin/ros2_ws/install/robotnik_sensors/share/robotnik_sensors//meshes/teraranger_tr_duo.stl
[0.373s] -- Up-to-date: /home/admin/ros2_ws/install/robotnik_sensors/share/robotnik_sensors//meshes/rplidar.dae
[0.373s] -- Up-to-date: /home/admin/ros2_ws/install/robotnik_sensors/share/robotnik_sensors//meshes/intel_r430.dae
[0.373s] -- Up-to-date: /home/admin/ros2_ws/install/robotnik_sensors/share/robotnik_sensors//meshes/axis_m5013.stl
[0.373s] -- Up-to-date: /home/admin/ros2_ws/install/robotnik_sensors/share/robotnik_sensors//meshes/hokuyo_ust_10lx.dae
[0.373s] -- Up-to-date: /home/admin/ros2_ws/install/robotnik_sensors/share/robotnik_sensors//meshes/ydlidar_4f.png
[0.373s] -- Up-to-date: /home/admin/ros2_ws/install/robotnik_sensors/share/robotnik_sensors//meshes/teraranger_tr_duo.dae
[0.373s] -- Up-to-date: /home/admin/ros2_ws/install/robotnik_sensors/share/robotnik_sensors//urdf
[0.373s] -- Up-to-date: /home/admin/ros2_ws/install/robotnik_sensors/share/robotnik_sensors//urdf/all_sensors.urdf.xacro
[0.373s] -- Up-to-date: /home/admin/ros2_ws/install/robotnik_sensors/share/robotnik_sensors//urdf/depth
[0.374s] -- Up-to-date: /home/admin/ros2_ws/install/robotnik_sensors/share/robotnik_sensors//urdf/depth/stereolabs_generic.urdf.xacro
[0.374s] -- Up-to-date: /home/admin/ros2_ws/install/robotnik_sensors/share/robotnik_sensors//urdf/depth/irred_camera_plugin.urdf.xacro
[0.374s] -- Up-to-date: /home/admin/ros2_ws/install/robotnik_sensors/share/robotnik_sensors//urdf/depth/stereolabs_zed2.urdf.xacro
[0.379s] -- Up-to-date: /home/admin/ros2_ws/install/robotnik_sensors/share/robotnik_sensors//urdf/depth/stereolabs_zed2i.urdf.xacro
[0.379s] -- Up-to-date: /home/admin/ros2_ws/install/robotnik_sensors/share/robotnik_sensors//urdf/depth/intel_realsense_d435i.urdf.xacro
[0.379s] -- Up-to-date: /home/admin/ros2_ws/install/robotnik_sensors/share/robotnik_sensors//urdf/depth/intel_realsense_d435.urdf.xacro
[0.379s] -- Up-to-date: /home/admin/ros2_ws/install/robotnik_sensors/share/robotnik_sensors//urdf/depth/azure_kinect.urdf.xacro
[0.379s] -- Up-to-date: /home/admin/ros2_ws/install/robotnik_sensors/share/robotnik_sensors//urdf/depth/orbbec_astra.urdf.xacro
[0.380s] -- Up-to-date: /home/admin/ros2_ws/install/robotnik_sensors/share/robotnik_sensors//urdf/depth/depth_camera_plugin.urdf.xacro
[0.380s] -- Up-to-date: /home/admin/ros2_ws/install/robotnik_sensors/share/robotnik_sensors//urdf/gps
[0.380s] -- Up-to-date: /home/admin/ros2_ws/install/robotnik_sensors/share/robotnik_sensors//urdf/gps/gps.urdf.xacro
[0.380s] -- Up-to-date: /home/admin/ros2_ws/install/robotnik_sensors/share/robotnik_sensors//urdf/gps/gps_plugin.urdf.xacro
[0.380s] -- Up-to-date: /home/admin/ros2_ws/install/robotnik_sensors/share/robotnik_sensors//urdf/gps/gps_with_mast.urdf.xacro
[0.380s] -- Up-to-date: /home/admin/ros2_ws/install/robotnik_sensors/share/robotnik_sensors//urdf/gps/ublox_with_mast.urdf.xacro
[0.380s] -- Up-to-date: /home/admin/ros2_ws/install/robotnik_sensors/share/robotnik_sensors//urdf/gps/ublox.urdf.xacro
[0.380s] -- Up-to-date: /home/admin/ros2_ws/install/robotnik_sensors/share/robotnik_sensors//urdf/imu
[0.380s] -- Up-to-date: /home/admin/ros2_ws/install/robotnik_sensors/share/robotnik_sensors//urdf/imu/imu_plugin.urdf.xacro
[0.380s] -- Up-to-date: /home/admin/ros2_ws/install/robotnik_sensors/share/robotnik_sensors//urdf/imu/pixhawk.urdf.xacro
[0.380s] -- Up-to-date: /home/admin/ros2_ws/install/robotnik_sensors/share/robotnik_sensors//urdf/imu/vectornav.urdf.xacro
[0.381s] -- Up-to-date: /home/admin/ros2_ws/install/robotnik_sensors/share/robotnik_sensors//urdf/imu/myahrs.urdf.xacro
[0.381s] -- Up-to-date: /home/admin/ros2_ws/install/robotnik_sensors/share/robotnik_sensors//urdf/utils
[0.381s] -- Up-to-date: /home/admin/ros2_ws/install/robotnik_sensors/share/robotnik_sensors//urdf/utils/inertia.urdf.xacro
[0.381s] -- Up-to-date: /home/admin/ros2_ws/install/robotnik_sensors/share/robotnik_sensors//urdf/2d_lidar
[0.381s] -- Up-to-date: /home/admin/ros2_ws/install/robotnik_sensors/share/robotnik_sensors//urdf/2d_lidar/sick_tim571.urdf.xacro
[0.381s] -- Up-to-date: /home/admin/ros2_ws/install/robotnik_sensors/share/robotnik_sensors//urdf/2d_lidar/sick_outdoorscan3.urdf.xacro
[0.381s] -- Up-to-date: /home/admin/ros2_ws/install/robotnik_sensors/share/robotnik_sensors//urdf/2d_lidar/lidar_2d_plugin.urdf.xacro
[0.381s] -- Up-to-date: /home/admin/ros2_ws/install/robotnik_sensors/share/robotnik_sensors//urdf/2d_lidar/hokuyo_utm30lx.urdf.xacro
[0.381s] -- Up-to-date: /home/admin/ros2_ws/install/robotnik_sensors/share/robotnik_sensors//urdf/2d_lidar/sick_nanoscan3.urdf.xacro
[0.381s] -- Up-to-date: /home/admin/ros2_ws/install/robotnik_sensors/share/robotnik_sensors//urdf/2d_lidar/hokuyo_urg04lx.urdf.xacro
[0.381s] -- Up-to-date: /home/admin/ros2_ws/install/robotnik_sensors/share/robotnik_sensors//urdf/2d_lidar/sick_s300.urdf.xacro
[0.381s] -- Up-to-date: /home/admin/ros2_ws/install/robotnik_sensors/share/robotnik_sensors//urdf/2d_lidar/sick_s3000.urdf.xacro
[0.381s] -- Up-to-date: /home/admin/ros2_ws/install/robotnik_sensors/share/robotnik_sensors//urdf/2d_lidar/sick_microscan3.urdf.xacro
[0.381s] -- Up-to-date: /home/admin/ros2_ws/install/robotnik_sensors/share/robotnik_sensors//urdf/2d_lidar/hokuyo_ust20lx.urdf.xacro
[0.381s] -- Up-to-date: /home/admin/ros2_ws/install/robotnik_sensors/share/robotnik_sensors//urdf/2d_lidar/sick_tim551.urdf.xacro
[0.382s] -- Up-to-date: /home/admin/ros2_ws/install/robotnik_sensors/share/robotnik_sensors//urdf/2d_lidar/hokuyo_ust10lx.urdf.xacro
[0.382s] -- Up-to-date: /home/admin/ros2_ws/install/robotnik_sensors/share/robotnik_sensors//urdf/3d_lidar
[0.382s] -- Up-to-date: /home/admin/ros2_ws/install/robotnik_sensors/share/robotnik_sensors//urdf/3d_lidar/ouster.urdf.xacro
[0.382s] -- Up-to-date: /home/admin/ros2_ws/install/robotnik_sensors/share/robotnik_sensors//urdf/3d_lidar/robosense_helios_16p.urdf.xacro
[0.382s] -- Up-to-date: /home/admin/ros2_ws/install/robotnik_sensors/share/robotnik_sensors//urdf/3d_lidar/velodyne_vlp16.urdf.xacro
[0.382s] -- Up-to-date: /home/admin/ros2_ws/install/robotnik_sensors/share/robotnik_sensors//urdf/3d_lidar/lidar_3d_plugin.urdf.xacro
[0.382s] -- Up-to-date: /home/admin/ros2_ws/install/robotnik_sensors/share/robotnik_sensors//urdf/3d_lidar/livox_mid_360.urdf.xacro
[0.382s] -- Up-to-date: /home/admin/ros2_ws/install/robotnik_sensors/share/robotnik_sensors//urdf/3d_lidar/sick_multiscan_100.urdf.xacro
[0.382s] -- Up-to-date: /home/admin/ros2_ws/install/robotnik_sensors/share/robotnik_sensors//urdf/3d_lidar/robosense_bpearl.urdf.xacro
[0.382s] -- Up-to-date: /home/admin/ros2_ws/install/robotnik_sensors/share/robotnik_sensors//urdf/camera
[0.382s] -- Up-to-date: /home/admin/ros2_ws/install/robotnik_sensors/share/robotnik_sensors//urdf/camera/axis_m5074.urdf.xacro
[0.382s] -- Up-to-date: /home/admin/ros2_ws/install/robotnik_sensors/share/robotnik_sensors//urdf/camera/axis_m5525.urdf.xacro
[0.382s] -- Up-to-date: /home/admin/ros2_ws/install/robotnik_sensors/share/robotnik_sensors//urdf/camera/camera_plugin.urdf.xacro
[0.382s] -- Up-to-date: /home/admin/ros2_ws/install/robotnik_sensors/share/robotnik_sensors//urdf/camera/axis_m5526.urdf.xacro
[0.385s] -- Up-to-date: /home/admin/ros2_ws/install/robotnik_sensors/share/robotnik_sensors//urdf/camera/axis_m5013.urdf.xacro
[0.385s] -- Up-to-date: /home/admin/ros2_ws/install/robotnik_sensors/share/robotnik_sensors//urdf/deprecated
[0.385s] -- Up-to-date: /home/admin/ros2_ws/install/robotnik_sensors/share/robotnik_sensors//urdf/deprecated/ydlidar_4f.urdf.xacro
[0.386s] -- Up-to-date: /home/admin/ros2_ws/install/robotnik_sensors/share/robotnik_sensors//urdf/deprecated/benewake_ce30.urdf.xacro
[0.386s] -- Up-to-date: /home/admin/ros2_ws/install/robotnik_sensors/share/robotnik_sensors//urdf/deprecated/roboteq_mgs.urdf.xacro
[0.386s] -- Up-to-date: /home/admin/ros2_ws/install/robotnik_sensors/share/robotnik_sensors//urdf/deprecated/zed.urdf.xacro
[0.386s] -- Up-to-date: /home/admin/ros2_ws/install/robotnik_sensors/share/robotnik_sensors//urdf/deprecated/zed2.urdf.xacro
[0.386s] -- Up-to-date: /home/admin/ros2_ws/install/robotnik_sensors/share/robotnik_sensors//urdf/deprecated/asus_xtion_pro.urdf.xacro
[0.386s] -- Up-to-date: /home/admin/ros2_ws/install/robotnik_sensors/share/robotnik_sensors//urdf/deprecated/kinectv2.urdf.xacro
[0.386s] -- Up-to-date: /home/admin/ros2_ws/install/robotnik_sensors/share/robotnik_sensors//urdf/deprecated/hokuyo3d.urdf.xacro
[0.386s] -- Up-to-date: /home/admin/ros2_ws/install/robotnik_sensors/share/robotnik_sensors//urdf/deprecated/imu.urdf.xacro
[0.386s] -- Up-to-date: /home/admin/ros2_ws/install/robotnik_sensors/share/robotnik_sensors//urdf/deprecated/pantilt.urdf.xacro
[0.386s] -- Up-to-date: /home/admin/ros2_ws/install/robotnik_sensors/share/robotnik_sensors//urdf/deprecated/axis_q8641.urdf.xacro
[0.387s] -- Up-to-date: /home/admin/ros2_ws/install/robotnik_sensors/share/robotnik_sensors//urdf/deprecated/rslidar.urdf.xacro
[0.387s] -- Up-to-date: /home/admin/ros2_ws/install/robotnik_sensors/share/robotnik_sensors//urdf/deprecated/lidar_mast.urdf.xacro
[0.387s] -- Up-to-date: /home/admin/ros2_ws/install/robotnik_sensors/share/robotnik_sensors//urdf/deprecated/intel_d435.urdf.xacro
[0.387s] -- Up-to-date: /home/admin/ros2_ws/install/robotnik_sensors/share/robotnik_sensors//urdf/deprecated/rubedos_viper.urdf.xacro
[0.387s] -- Up-to-date: /home/admin/ros2_ws/install/robotnik_sensors/share/robotnik_sensors//urdf/deprecated/flir_ax8.urdf.xacro
[0.387s] -- Up-to-date: /home/admin/ros2_ws/install/robotnik_sensors/share/robotnik_sensors//urdf/deprecated/embedded_s.urdf.xacro
[0.387s] -- Up-to-date: /home/admin/ros2_ws/install/robotnik_sensors/share/robotnik_sensors//urdf/deprecated/imu_hector_plugin.urdf.xacro
[0.387s] -- Up-to-date: /home/admin/ros2_ws/install/robotnik_sensors/share/robotnik_sensors//urdf/deprecated/axis.urdf.xacro
[0.387s] -- Up-to-date: /home/admin/ros2_ws/install/robotnik_sensors/share/robotnik_sensors//urdf/deprecated/fotonic_e.urdf.xacro
[0.387s] -- Up-to-date: /home/admin/ros2_ws/install/robotnik_sensors/share/robotnik_sensors//urdf/deprecated/kinect.urdf.xacro
[0.387s] -- Up-to-date: /home/admin/ros2_ws/install/robotnik_sensors/share/robotnik_sensors//urdf/deprecated/benewake_ce30d.urdf.xacro
[0.388s] -- Up-to-date: /home/admin/ros2_ws/install/robotnik_sensors/share/robotnik_sensors//urdf/deprecated/rslidar_mems.urdf.xacro
[0.388s] -- Up-to-date: /home/admin/ros2_ws/install/robotnik_sensors/share/robotnik_sensors//urdf/deprecated/sick_mls.urdf.xacro
[0.388s] -- Up-to-date: /home/admin/ros2_ws/install/robotnik_sensors/share/robotnik_sensors//urdf/deprecated/pointgrey_bumblebee2.urdf.xacro
[0.388s] -- Up-to-date: /home/admin/ros2_ws/install/robotnik_sensors/share/robotnik_sensors//urdf/deprecated/rplidar_a2.urdf.xacro
[0.388s] -- Up-to-date: /home/admin/ros2_ws/install/robotnik_sensors/share/robotnik_sensors//urdf/deprecated/yujin_yrl.urdf.xacro
[0.388s] -- Up-to-date: /home/admin/ros2_ws/install/robotnik_sensors/share/robotnik_sensors//urdf/deprecated/ueye_cp_gige.urdf.xacro
[0.388s] -- Up-to-date: /home/admin/ros2_ws/install/robotnik_sensors/share/robotnik_sensors//urdf/deprecated/intel_r430.urdf.xacro
[0.391s] -- Up-to-date: /home/admin/ros2_ws/install/robotnik_sensors/share/robotnik_sensors//urdf/deprecated/teraranger_tr_duo.urdf.xacro
[0.391s] -- Up-to-date: /home/admin/ros2_ws/install/robotnik_sensors/share/robotnik_sensors//urdf/deprecated/rplidar.urdf.xacro
[0.391s] -- Up-to-date: /home/admin/ros2_ws/install/robotnik_sensors/share/ament_index/resource_index/package_run_dependencies/robotnik_sensors
[0.391s] -- Up-to-date: /home/admin/ros2_ws/install/robotnik_sensors/share/ament_index/resource_index/parent_prefix_path/robotnik_sensors
[0.391s] -- Up-to-date: /home/admin/ros2_ws/install/robotnik_sensors/share/robotnik_sensors/environment/ament_prefix_path.sh
[0.391s] -- Up-to-date: /home/admin/ros2_ws/install/robotnik_sensors/share/robotnik_sensors/environment/ament_prefix_path.dsv
[0.391s] -- Up-to-date: /home/admin/ros2_ws/install/robotnik_sensors/share/robotnik_sensors/environment/path.sh
[0.391s] -- Up-to-date: /home/admin/ros2_ws/install/robotnik_sensors/share/robotnik_sensors/environment/path.dsv
[0.391s] -- Up-to-date: /home/admin/ros2_ws/install/robotnik_sensors/share/robotnik_sensors/local_setup.bash
[0.391s] -- Up-to-date: /home/admin/ros2_ws/install/robotnik_sensors/share/robotnik_sensors/local_setup.sh
[0.391s] -- Up-to-date: /home/admin/ros2_ws/install/robotnik_sensors/share/robotnik_sensors/local_setup.zsh
[0.391s] -- Up-to-date: /home/admin/ros2_ws/install/robotnik_sensors/share/robotnik_sensors/local_setup.dsv
[0.392s] -- Up-to-date: /home/admin/ros2_ws/install/robotnik_sensors/share/robotnik_sensors/package.dsv
[0.392s] -- Up-to-date: /home/admin/ros2_ws/install/robotnik_sensors/share/ament_index/resource_index/packages/robotnik_sensors
[0.392s] -- Up-to-date: /home/admin/ros2_ws/install/robotnik_sensors/share/robotnik_sensors/cmake/robotnik_sensorsConfig.cmake
[0.392s] -- Up-to-date: /home/admin/ros2_ws/install/robotnik_sensors/share/robotnik_sensors/cmake/robotnik_sensorsConfig-version.cmake
[0.392s] -- Up-to-date: /home/admin/ros2_ws/install/robotnik_sensors/share/robotnik_sensors/package.xml
[0.431s] Invoked command in '/home/admin/ros2_ws/build/robotnik_sensors' returned '0': CMAKE_PREFIX_PATH=${CMAKE_PREFIX_PATH}:/home/admin/ros2_ws/install/robotnik_safety_msgs:/home/admin/ros2_ws/install/rbvogui_cartographer:/opt/ros/humble /usr/bin/cmake --install /home/admin/ros2_ws/build/robotnik_sensors
