[0.026s] Invoking command in '/home/admin/ros2_ws/build/robotnik_gazebo_classic': CMAKE_PREFIX_PATH=/home/admin/ros2_ws/install/robotnik_description:/home/admin/ros2_ws/install/robotnik_sensors:/home/admin/ros2_ws/install/robotnik_common:/home/admin/ros2_ws/install/robotnik_supervisor_msgs:/home/admin/ros2_ws/install/robotnik_gazebo_ignition:/home/admin/ros2_ws/install/robotnik_gazebo_classic:/home/admin/ros2_ws/install/robotnik_interfaces:/home/admin/ros2_ws/install/robotnik_safety_msgs:/home/admin/ros2_ws/install/robotnik_perception_msgs:/home/admin/ros2_ws/install/robotnik_navigation_msgs:/home/admin/ros2_ws/install/robotnik_io_msgs:/home/admin/ros2_ws/install/robotnik_controllers_msgs:/home/admin/ros2_ws/install/robotnik_common_msgs:/home/admin/ros2_ws/install/robotnik_battery_msgs:/home/admin/ros2_ws/install/custom_gz:/opt/ros/humble /usr/bin/cmake /home/admin/ros2_ws/src/robotnik_simulation/robotnik_gazebo_classic -DCMAKE_INSTALL_PREFIX=/home/admin/ros2_ws/install/robotnik_gazebo_classic
[0.150s] -- The C compiler identification is GNU 11.4.0
[0.213s] -- The CXX compiler identification is GNU 11.4.0
[0.260s] -- Detecting C compiler ABI info
[0.494s] -- Detecting C compiler ABI info - done
[0.495s] -- Check for working C compiler: /usr/bin/cc - skipped
[0.496s] -- Detecting C compile features
[0.496s] -- Detecting C compile features - done
[0.517s] -- Detecting CXX compiler ABI info
[0.670s] -- Detecting CXX compiler ABI info - done
[0.810s] -- Check for working CXX compiler: /usr/bin/c++ - skipped
[0.812s] -- Detecting CXX compile features
[0.820s] -- Detecting CXX compile features - done
[0.871s] -- Found ament_cmake: 1.3.11 (/opt/ros/humble/share/ament_cmake/cmake)
[1.945s] -- Found Python3: /usr/bin/python3 (found version "3.10.12") found components: Interpreter 
[2.068s] -- Found ament_lint_auto: 0.12.12 (/opt/ros/humble/share/ament_lint_auto/cmake)
[2.237s] -- Added test 'flake8' to check Python code syntax and style conventions
[2.243s] -- Added test 'lint_cmake' to check CMake code style
[2.248s] -- Added test 'pep257' to check Python code against some of the docstring style conventions in PEP 257
[2.263s] -- Added test 'xmllint' to check XML markup files
[2.274s] -- Configuring done
[2.293s] -- Generating done
[2.308s] -- Build files have been written to: /home/admin/ros2_ws/build/robotnik_gazebo_classic
[2.341s] Invoked command in '/home/admin/ros2_ws/build/robotnik_gazebo_classic' returned '0': CMAKE_PREFIX_PATH=/home/admin/ros2_ws/install/robotnik_description:/home/admin/ros2_ws/install/robotnik_sensors:/home/admin/ros2_ws/install/robotnik_common:/home/admin/ros2_ws/install/robotnik_supervisor_msgs:/home/admin/ros2_ws/install/robotnik_gazebo_ignition:/home/admin/ros2_ws/install/robotnik_gazebo_classic:/home/admin/ros2_ws/install/robotnik_interfaces:/home/admin/ros2_ws/install/robotnik_safety_msgs:/home/admin/ros2_ws/install/robotnik_perception_msgs:/home/admin/ros2_ws/install/robotnik_navigation_msgs:/home/admin/ros2_ws/install/robotnik_io_msgs:/home/admin/ros2_ws/install/robotnik_controllers_msgs:/home/admin/ros2_ws/install/robotnik_common_msgs:/home/admin/ros2_ws/install/robotnik_battery_msgs:/home/admin/ros2_ws/install/custom_gz:/opt/ros/humble /usr/bin/cmake /home/admin/ros2_ws/src/robotnik_simulation/robotnik_gazebo_classic -DCMAKE_INSTALL_PREFIX=/home/admin/ros2_ws/install/robotnik_gazebo_classic
[2.344s] Invoking command in '/home/admin/ros2_ws/build/robotnik_gazebo_classic': CMAKE_PREFIX_PATH=/home/admin/ros2_ws/install/robotnik_description:/home/admin/ros2_ws/install/robotnik_sensors:/home/admin/ros2_ws/install/robotnik_common:/home/admin/ros2_ws/install/robotnik_supervisor_msgs:/home/admin/ros2_ws/install/robotnik_gazebo_ignition:/home/admin/ros2_ws/install/robotnik_gazebo_classic:/home/admin/ros2_ws/install/robotnik_interfaces:/home/admin/ros2_ws/install/robotnik_safety_msgs:/home/admin/ros2_ws/install/robotnik_perception_msgs:/home/admin/ros2_ws/install/robotnik_navigation_msgs:/home/admin/ros2_ws/install/robotnik_io_msgs:/home/admin/ros2_ws/install/robotnik_controllers_msgs:/home/admin/ros2_ws/install/robotnik_common_msgs:/home/admin/ros2_ws/install/robotnik_battery_msgs:/home/admin/ros2_ws/install/custom_gz:/opt/ros/humble /usr/bin/cmake --build /home/admin/ros2_ws/build/robotnik_gazebo_classic -- -j20 -l20
[2.381s] Invoked command in '/home/admin/ros2_ws/build/robotnik_gazebo_classic' returned '0': CMAKE_PREFIX_PATH=/home/admin/ros2_ws/install/robotnik_description:/home/admin/ros2_ws/install/robotnik_sensors:/home/admin/ros2_ws/install/robotnik_common:/home/admin/ros2_ws/install/robotnik_supervisor_msgs:/home/admin/ros2_ws/install/robotnik_gazebo_ignition:/home/admin/ros2_ws/install/robotnik_gazebo_classic:/home/admin/ros2_ws/install/robotnik_interfaces:/home/admin/ros2_ws/install/robotnik_safety_msgs:/home/admin/ros2_ws/install/robotnik_perception_msgs:/home/admin/ros2_ws/install/robotnik_navigation_msgs:/home/admin/ros2_ws/install/robotnik_io_msgs:/home/admin/ros2_ws/install/robotnik_controllers_msgs:/home/admin/ros2_ws/install/robotnik_common_msgs:/home/admin/ros2_ws/install/robotnik_battery_msgs:/home/admin/ros2_ws/install/custom_gz:/opt/ros/humble /usr/bin/cmake --build /home/admin/ros2_ws/build/robotnik_gazebo_classic -- -j20 -l20
[2.387s] Invoking command in '/home/admin/ros2_ws/build/robotnik_gazebo_classic': CMAKE_PREFIX_PATH=/home/admin/ros2_ws/install/robotnik_description:/home/admin/ros2_ws/install/robotnik_sensors:/home/admin/ros2_ws/install/robotnik_common:/home/admin/ros2_ws/install/robotnik_supervisor_msgs:/home/admin/ros2_ws/install/robotnik_gazebo_ignition:/home/admin/ros2_ws/install/robotnik_gazebo_classic:/home/admin/ros2_ws/install/robotnik_interfaces:/home/admin/ros2_ws/install/robotnik_safety_msgs:/home/admin/ros2_ws/install/robotnik_perception_msgs:/home/admin/ros2_ws/install/robotnik_navigation_msgs:/home/admin/ros2_ws/install/robotnik_io_msgs:/home/admin/ros2_ws/install/robotnik_controllers_msgs:/home/admin/ros2_ws/install/robotnik_common_msgs:/home/admin/ros2_ws/install/robotnik_battery_msgs:/home/admin/ros2_ws/install/custom_gz:/opt/ros/humble /usr/bin/cmake --install /home/admin/ros2_ws/build/robotnik_gazebo_classic
[2.395s] -- Install configuration: ""
[2.395s] -- Installing: /home/admin/ros2_ws/install/robotnik_gazebo_classic/share/robotnik_gazebo_classic//launch
[2.395s] -- Installing: /home/admin/ros2_ws/install/robotnik_gazebo_classic/share/robotnik_gazebo_classic//launch/spawn_robot.launch.py
[2.395s] -- Installing: /home/admin/ros2_ws/install/robotnik_gazebo_classic/share/robotnik_gazebo_classic//launch/spawn_world.launch.py
[2.395s] -- Installing: /home/admin/ros2_ws/install/robotnik_gazebo_classic/share/robotnik_gazebo_classic//worlds
[2.395s] -- Installing: /home/admin/ros2_ws/install/robotnik_gazebo_classic/share/robotnik_gazebo_classic//worlds/demo.world
[2.396s] -- Installing: /home/admin/ros2_ws/install/robotnik_gazebo_classic/share/robotnik_gazebo_classic//worlds/vineyard.world
[2.396s] -- Installing: /home/admin/ros2_ws/install/robotnik_gazebo_classic/share/robotnik_gazebo_classic//worlds/robotnik_lab.world
[2.396s] -- Installing: /home/admin/ros2_ws/install/robotnik_gazebo_classic/share/robotnik_gazebo_classic//worlds/willow_garage.world
[2.396s] -- Installing: /home/admin/ros2_ws/install/robotnik_gazebo_classic/share/robotnik_gazebo_classic//worlds/maze.world
[2.396s] -- Installing: /home/admin/ros2_ws/install/robotnik_gazebo_classic/share/robotnik_gazebo_classic//config
[2.396s] -- Installing: /home/admin/ros2_ws/install/robotnik_gazebo_classic/share/robotnik_gazebo_classic//config/rbsummit
[2.396s] -- Installing: /home/admin/ros2_ws/install/robotnik_gazebo_classic/share/robotnik_gazebo_classic//config/rbsummit/rviz_config.rviz
[2.396s] -- Installing: /home/admin/ros2_ws/install/robotnik_gazebo_classic/share/robotnik_gazebo_classic//config/rbsummit/rbsummit_controller_params.yaml
[2.396s] -- Installing: /home/admin/ros2_ws/install/robotnik_gazebo_classic/share/robotnik_gazebo_classic//config/rbrobout
[2.397s] -- Installing: /home/admin/ros2_ws/install/robotnik_gazebo_classic/share/robotnik_gazebo_classic//config/rbrobout/rviz_config.rviz
[2.397s] -- Installing: /home/admin/ros2_ws/install/robotnik_gazebo_classic/share/robotnik_gazebo_classic//config/rbrobout/rbrobout_controller_params.yaml
[2.397s] -- Installing: /home/admin/ros2_ws/install/robotnik_gazebo_classic/share/robotnik_gazebo_classic//config/rbkairos
[2.397s] -- Installing: /home/admin/ros2_ws/install/robotnik_gazebo_classic/share/robotnik_gazebo_classic//config/rbkairos/rviz_config.rviz
[2.397s] -- Installing: /home/admin/ros2_ws/install/robotnik_gazebo_classic/share/robotnik_gazebo_classic//config/rbkairos/rbkairos_controller_params.yaml
[2.397s] -- Installing: /home/admin/ros2_ws/install/robotnik_gazebo_classic/share/robotnik_gazebo_classic//config/rbtheron
[2.397s] -- Installing: /home/admin/ros2_ws/install/robotnik_gazebo_classic/share/robotnik_gazebo_classic//config/rbtheron/rbtheron_controller_params.yaml
[2.397s] -- Installing: /home/admin/ros2_ws/install/robotnik_gazebo_classic/share/robotnik_gazebo_classic//config/rbtheron/rviz_config.rviz
[2.397s] -- Installing: /home/admin/ros2_ws/install/robotnik_gazebo_classic/share/robotnik_gazebo_classic//config/rbvogui
[2.397s] -- Installing: /home/admin/ros2_ws/install/robotnik_gazebo_classic/share/robotnik_gazebo_classic//config/rbvogui/rbvogui_controller_params.yaml
[2.397s] -- Installing: /home/admin/ros2_ws/install/robotnik_gazebo_classic/share/robotnik_gazebo_classic//config/rbvogui/rviz_config.rviz
[2.397s] -- Installing: /home/admin/ros2_ws/install/robotnik_gazebo_classic/share/ament_index/resource_index/package_run_dependencies/robotnik_gazebo_classic
[2.399s] -- Installing: /home/admin/ros2_ws/install/robotnik_gazebo_classic/share/ament_index/resource_index/parent_prefix_path/robotnik_gazebo_classic
[2.401s] -- Installing: /home/admin/ros2_ws/install/robotnik_gazebo_classic/share/robotnik_gazebo_classic/environment/ament_prefix_path.sh
[2.401s] -- Installing: /home/admin/ros2_ws/install/robotnik_gazebo_classic/share/robotnik_gazebo_classic/environment/ament_prefix_path.dsv
[2.401s] -- Installing: /home/admin/ros2_ws/install/robotnik_gazebo_classic/share/robotnik_gazebo_classic/environment/path.sh
[2.401s] -- Installing: /home/admin/ros2_ws/install/robotnik_gazebo_classic/share/robotnik_gazebo_classic/environment/path.dsv
[2.402s] -- Installing: /home/admin/ros2_ws/install/robotnik_gazebo_classic/share/robotnik_gazebo_classic/local_setup.bash
[2.402s] -- Installing: /home/admin/ros2_ws/install/robotnik_gazebo_classic/share/robotnik_gazebo_classic/local_setup.sh
[2.402s] -- Installing: /home/admin/ros2_ws/install/robotnik_gazebo_classic/share/robotnik_gazebo_classic/local_setup.zsh
[2.402s] -- Installing: /home/admin/ros2_ws/install/robotnik_gazebo_classic/share/robotnik_gazebo_classic/local_setup.dsv
[2.402s] -- Installing: /home/admin/ros2_ws/install/robotnik_gazebo_classic/share/robotnik_gazebo_classic/package.dsv
[2.402s] -- Installing: /home/admin/ros2_ws/install/robotnik_gazebo_classic/share/ament_index/resource_index/packages/robotnik_gazebo_classic
[2.402s] -- Installing: /home/admin/ros2_ws/install/robotnik_gazebo_classic/share/robotnik_gazebo_classic/cmake/robotnik_gazebo_classicConfig.cmake
[2.402s] -- Installing: /home/admin/ros2_ws/install/robotnik_gazebo_classic/share/robotnik_gazebo_classic/cmake/robotnik_gazebo_classicConfig-version.cmake
[2.402s] -- Installing: /home/admin/ros2_ws/install/robotnik_gazebo_classic/share/robotnik_gazebo_classic/package.xml
[2.404s] Invoked command in '/home/admin/ros2_ws/build/robotnik_gazebo_classic' returned '0': CMAKE_PREFIX_PATH=/home/admin/ros2_ws/install/robotnik_description:/home/admin/ros2_ws/install/robotnik_sensors:/home/admin/ros2_ws/install/robotnik_common:/home/admin/ros2_ws/install/robotnik_supervisor_msgs:/home/admin/ros2_ws/install/robotnik_gazebo_ignition:/home/admin/ros2_ws/install/robotnik_gazebo_classic:/home/admin/ros2_ws/install/robotnik_interfaces:/home/admin/ros2_ws/install/robotnik_safety_msgs:/home/admin/ros2_ws/install/robotnik_perception_msgs:/home/admin/ros2_ws/install/robotnik_navigation_msgs:/home/admin/ros2_ws/install/robotnik_io_msgs:/home/admin/ros2_ws/install/robotnik_controllers_msgs:/home/admin/ros2_ws/install/robotnik_common_msgs:/home/admin/ros2_ws/install/robotnik_battery_msgs:/home/admin/ros2_ws/install/custom_gz:/opt/ros/humble /usr/bin/cmake --install /home/admin/ros2_ws/build/robotnik_gazebo_classic
