[0.211s] Invoking command in '/home/admin/ros2_ws/build/robotnik_perception_msgs': CMAKE_PREFIX_PATH=${CMAKE_PREFIX_PATH}:/home/admin/ros2_ws/install/rbvogui_cartographer:/opt/ros/humble /usr/bin/cmake --build /home/admin/ros2_ws/build/robotnik_perception_msgs -- -j20 -l20
[0.247s] [ 10%] Built target robotnik_perception_msgs__rosidl_generator_c
[0.247s] [ 12%] Built target robotnik_perception_msgs__cpp
[0.250s] [ 12%] Built target ament_cmake_python_copy_robotnik_perception_msgs
[0.257s] [ 23%] Built target robotnik_perception_msgs__rosidl_typesupport_c
[0.257s] [ 33%] Built target robotnik_perception_msgs__rosidl_typesupport_fastrtps_c
[0.258s] [ 43%] Built target robotnik_perception_msgs__rosidl_typesupport_introspection_c
[0.260s] [ 53%] Built target robotnik_perception_msgs__rosidl_typesupport_introspection_cpp
[0.265s] [ 64%] Built target robotnik_perception_msgs__rosidl_typesupport_cpp
[0.265s] [ 74%] Built target robotnik_perception_msgs__rosidl_typesupport_fastrtps_cpp
[0.280s] [ 74%] Built target robotnik_perception_msgs
[0.315s] [ 76%] Built target robotnik_perception_msgs__py
[0.328s] [ 84%] Built target robotnik_perception_msgs__rosidl_generator_py
[0.336s] [ 89%] Built target robotnik_perception_msgs__rosidl_typesupport_fastrtps_c__pyext
[0.339s] [ 94%] Built target robotnik_perception_msgs__rosidl_typesupport_introspection_c__pyext
[0.340s] [100%] Built target robotnik_perception_msgs__rosidl_typesupport_c__pyext
[0.434s] running egg_info
[0.436s] writing robotnik_perception_msgs.egg-info/PKG-INFO
[0.436s] writing dependency_links to robotnik_perception_msgs.egg-info/dependency_links.txt
[0.436s] writing top-level names to robotnik_perception_msgs.egg-info/top_level.txt
[0.437s] reading manifest file 'robotnik_perception_msgs.egg-info/SOURCES.txt'
[0.437s] writing manifest file 'robotnik_perception_msgs.egg-info/SOURCES.txt'
[0.463s] [100%] Built target ament_cmake_python_build_robotnik_perception_msgs_egg
[0.476s] Invoked command in '/home/admin/ros2_ws/build/robotnik_perception_msgs' returned '0': CMAKE_PREFIX_PATH=${CMAKE_PREFIX_PATH}:/home/admin/ros2_ws/install/rbvogui_cartographer:/opt/ros/humble /usr/bin/cmake --build /home/admin/ros2_ws/build/robotnik_perception_msgs -- -j20 -l20
[0.476s] Invoking command in '/home/admin/ros2_ws/build/robotnik_perception_msgs': CMAKE_PREFIX_PATH=${CMAKE_PREFIX_PATH}:/home/admin/ros2_ws/install/rbvogui_cartographer:/opt/ros/humble /usr/bin/cmake --install /home/admin/ros2_ws/build/robotnik_perception_msgs
[0.488s] -- Install configuration: ""
[0.489s] -- Up-to-date: /home/admin/ros2_ws/install/robotnik_perception_msgs/share/ament_index/resource_index/rosidl_interfaces/robotnik_perception_msgs
[0.489s] -- Up-to-date: /home/admin/ros2_ws/install/robotnik_perception_msgs/include/robotnik_perception_msgs/robotnik_perception_msgs
[0.489s] -- Up-to-date: /home/admin/ros2_ws/install/robotnik_perception_msgs/include/robotnik_perception_msgs/robotnik_perception_msgs/msg
[0.489s] -- Up-to-date: /home/admin/ros2_ws/install/robotnik_perception_msgs/include/robotnik_perception_msgs/robotnik_perception_msgs/msg/rosidl_generator_c__visibility_control.h
[0.489s] -- Up-to-date: /home/admin/ros2_ws/install/robotnik_perception_msgs/include/robotnik_perception_msgs/robotnik_perception_msgs/msg/detail
[0.490s] -- Up-to-date: /home/admin/ros2_ws/install/robotnik_perception_msgs/include/robotnik_perception_msgs/robotnik_perception_msgs/msg/detail/detection__struct.h
[0.490s] -- Up-to-date: /home/admin/ros2_ws/install/robotnik_perception_msgs/include/robotnik_perception_msgs/robotnik_perception_msgs/msg/detail/detection_array__struct.h
[0.490s] -- Up-to-date: /home/admin/ros2_ws/install/robotnik_perception_msgs/include/robotnik_perception_msgs/robotnik_perception_msgs/msg/detail/detection__functions.h
[0.490s] -- Up-to-date: /home/admin/ros2_ws/install/robotnik_perception_msgs/include/robotnik_perception_msgs/robotnik_perception_msgs/msg/detail/detection__functions.c
[0.491s] -- Up-to-date: /home/admin/ros2_ws/install/robotnik_perception_msgs/include/robotnik_perception_msgs/robotnik_perception_msgs/msg/detail/detection_array__type_support.h
[0.491s] -- Up-to-date: /home/admin/ros2_ws/install/robotnik_perception_msgs/include/robotnik_perception_msgs/robotnik_perception_msgs/msg/detail/detection_array__functions.h
[0.491s] -- Up-to-date: /home/admin/ros2_ws/install/robotnik_perception_msgs/include/robotnik_perception_msgs/robotnik_perception_msgs/msg/detail/detection__type_support.h
[0.491s] -- Up-to-date: /home/admin/ros2_ws/install/robotnik_perception_msgs/include/robotnik_perception_msgs/robotnik_perception_msgs/msg/detail/detection_array__functions.c
[0.491s] -- Up-to-date: /home/admin/ros2_ws/install/robotnik_perception_msgs/include/robotnik_perception_msgs/robotnik_perception_msgs/msg/detection_array.h
[0.491s] -- Up-to-date: /home/admin/ros2_ws/install/robotnik_perception_msgs/include/robotnik_perception_msgs/robotnik_perception_msgs/msg/detection.h
[0.491s] -- Up-to-date: /home/admin/ros2_ws/install/robotnik_perception_msgs/share/robotnik_perception_msgs/environment/library_path.sh
[0.491s] -- Up-to-date: /home/admin/ros2_ws/install/robotnik_perception_msgs/share/robotnik_perception_msgs/environment/library_path.dsv
[0.491s] -- Up-to-date: /home/admin/ros2_ws/install/robotnik_perception_msgs/lib/librobotnik_perception_msgs__rosidl_generator_c.so
[0.491s] -- Up-to-date: /home/admin/ros2_ws/install/robotnik_perception_msgs/include/robotnik_perception_msgs/robotnik_perception_msgs
[0.491s] -- Up-to-date: /home/admin/ros2_ws/install/robotnik_perception_msgs/include/robotnik_perception_msgs/robotnik_perception_msgs/msg
[0.492s] -- Up-to-date: /home/admin/ros2_ws/install/robotnik_perception_msgs/include/robotnik_perception_msgs/robotnik_perception_msgs/msg/rosidl_typesupport_fastrtps_c__visibility_control.h
[0.492s] -- Up-to-date: /home/admin/ros2_ws/install/robotnik_perception_msgs/include/robotnik_perception_msgs/robotnik_perception_msgs/msg/detail
[0.492s] -- Up-to-date: /home/admin/ros2_ws/install/robotnik_perception_msgs/include/robotnik_perception_msgs/robotnik_perception_msgs/msg/detail/detection_array__rosidl_typesupport_fastrtps_c.h
[0.492s] -- Up-to-date: /home/admin/ros2_ws/install/robotnik_perception_msgs/include/robotnik_perception_msgs/robotnik_perception_msgs/msg/detail/detection__rosidl_typesupport_fastrtps_c.h
[0.492s] -- Up-to-date: /home/admin/ros2_ws/install/robotnik_perception_msgs/lib/librobotnik_perception_msgs__rosidl_typesupport_fastrtps_c.so
[0.492s] -- Up-to-date: /home/admin/ros2_ws/install/robotnik_perception_msgs/include/robotnik_perception_msgs/robotnik_perception_msgs
[0.493s] -- Up-to-date: /home/admin/ros2_ws/install/robotnik_perception_msgs/include/robotnik_perception_msgs/robotnik_perception_msgs/msg
[0.493s] -- Up-to-date: /home/admin/ros2_ws/install/robotnik_perception_msgs/include/robotnik_perception_msgs/robotnik_perception_msgs/msg/rosidl_generator_cpp__visibility_control.hpp
[0.493s] -- Up-to-date: /home/admin/ros2_ws/install/robotnik_perception_msgs/include/robotnik_perception_msgs/robotnik_perception_msgs/msg/detail
[0.493s] -- Up-to-date: /home/admin/ros2_ws/install/robotnik_perception_msgs/include/robotnik_perception_msgs/robotnik_perception_msgs/msg/detail/detection__traits.hpp
[0.493s] -- Up-to-date: /home/admin/ros2_ws/install/robotnik_perception_msgs/include/robotnik_perception_msgs/robotnik_perception_msgs/msg/detail/detection_array__type_support.hpp
[0.493s] -- Up-to-date: /home/admin/ros2_ws/install/robotnik_perception_msgs/include/robotnik_perception_msgs/robotnik_perception_msgs/msg/detail/detection_array__struct.hpp
[0.493s] -- Up-to-date: /home/admin/ros2_ws/install/robotnik_perception_msgs/include/robotnik_perception_msgs/robotnik_perception_msgs/msg/detail/detection__struct.hpp
[0.493s] -- Up-to-date: /home/admin/ros2_ws/install/robotnik_perception_msgs/include/robotnik_perception_msgs/robotnik_perception_msgs/msg/detail/detection_array__builder.hpp
[0.493s] -- Up-to-date: /home/admin/ros2_ws/install/robotnik_perception_msgs/include/robotnik_perception_msgs/robotnik_perception_msgs/msg/detail/detection__type_support.hpp
[0.493s] -- Up-to-date: /home/admin/ros2_ws/install/robotnik_perception_msgs/include/robotnik_perception_msgs/robotnik_perception_msgs/msg/detail/detection__builder.hpp
[0.493s] -- Up-to-date: /home/admin/ros2_ws/install/robotnik_perception_msgs/include/robotnik_perception_msgs/robotnik_perception_msgs/msg/detail/detection_array__traits.hpp
[0.493s] -- Up-to-date: /home/admin/ros2_ws/install/robotnik_perception_msgs/include/robotnik_perception_msgs/robotnik_perception_msgs/msg/detection_array.hpp
[0.493s] -- Up-to-date: /home/admin/ros2_ws/install/robotnik_perception_msgs/include/robotnik_perception_msgs/robotnik_perception_msgs/msg/detection.hpp
[0.493s] -- Up-to-date: /home/admin/ros2_ws/install/robotnik_perception_msgs/include/robotnik_perception_msgs/robotnik_perception_msgs
[0.493s] -- Up-to-date: /home/admin/ros2_ws/install/robotnik_perception_msgs/include/robotnik_perception_msgs/robotnik_perception_msgs/msg
[0.493s] -- Up-to-date: /home/admin/ros2_ws/install/robotnik_perception_msgs/include/robotnik_perception_msgs/robotnik_perception_msgs/msg/rosidl_typesupport_fastrtps_cpp__visibility_control.h
[0.493s] -- Up-to-date: /home/admin/ros2_ws/install/robotnik_perception_msgs/include/robotnik_perception_msgs/robotnik_perception_msgs/msg/detail
[0.493s] -- Up-to-date: /home/admin/ros2_ws/install/robotnik_perception_msgs/include/robotnik_perception_msgs/robotnik_perception_msgs/msg/detail/detection__rosidl_typesupport_fastrtps_cpp.hpp
[0.493s] -- Up-to-date: /home/admin/ros2_ws/install/robotnik_perception_msgs/include/robotnik_perception_msgs/robotnik_perception_msgs/msg/detail/detection_array__rosidl_typesupport_fastrtps_cpp.hpp
[0.494s] -- Up-to-date: /home/admin/ros2_ws/install/robotnik_perception_msgs/include/robotnik_perception_msgs/robotnik_perception_msgs/msg/detail/dds_fastrtps
[0.494s] -- Up-to-date: /home/admin/ros2_ws/install/robotnik_perception_msgs/lib/librobotnik_perception_msgs__rosidl_typesupport_fastrtps_cpp.so
[0.494s] -- Up-to-date: /home/admin/ros2_ws/install/robotnik_perception_msgs/include/robotnik_perception_msgs/robotnik_perception_msgs
[0.494s] -- Up-to-date: /home/admin/ros2_ws/install/robotnik_perception_msgs/include/robotnik_perception_msgs/robotnik_perception_msgs/msg
[0.494s] -- Up-to-date: /home/admin/ros2_ws/install/robotnik_perception_msgs/include/robotnik_perception_msgs/robotnik_perception_msgs/msg/detail
[0.494s] -- Up-to-date: /home/admin/ros2_ws/install/robotnik_perception_msgs/include/robotnik_perception_msgs/robotnik_perception_msgs/msg/detail/detection__rosidl_typesupport_introspection_c.h
[0.494s] -- Up-to-date: /home/admin/ros2_ws/install/robotnik_perception_msgs/include/robotnik_perception_msgs/robotnik_perception_msgs/msg/detail/detection_array__rosidl_typesupport_introspection_c.h
[0.494s] -- Up-to-date: /home/admin/ros2_ws/install/robotnik_perception_msgs/include/robotnik_perception_msgs/robotnik_perception_msgs/msg/detail/detection_array__type_support.c
[0.494s] -- Up-to-date: /home/admin/ros2_ws/install/robotnik_perception_msgs/include/robotnik_perception_msgs/robotnik_perception_msgs/msg/detail/detection__type_support.c
[0.494s] -- Up-to-date: /home/admin/ros2_ws/install/robotnik_perception_msgs/include/robotnik_perception_msgs/robotnik_perception_msgs/msg/rosidl_typesupport_introspection_c__visibility_control.h
[0.494s] -- Up-to-date: /home/admin/ros2_ws/install/robotnik_perception_msgs/lib/librobotnik_perception_msgs__rosidl_typesupport_introspection_c.so
[0.494s] -- Up-to-date: /home/admin/ros2_ws/install/robotnik_perception_msgs/lib/librobotnik_perception_msgs__rosidl_typesupport_c.so
[0.494s] -- Up-to-date: /home/admin/ros2_ws/install/robotnik_perception_msgs/include/robotnik_perception_msgs/robotnik_perception_msgs
[0.494s] -- Up-to-date: /home/admin/ros2_ws/install/robotnik_perception_msgs/include/robotnik_perception_msgs/robotnik_perception_msgs/msg
[0.495s] -- Up-to-date: /home/admin/ros2_ws/install/robotnik_perception_msgs/include/robotnik_perception_msgs/robotnik_perception_msgs/msg/detail
[0.495s] -- Up-to-date: /home/admin/ros2_ws/install/robotnik_perception_msgs/include/robotnik_perception_msgs/robotnik_perception_msgs/msg/detail/detection_array__rosidl_typesupport_introspection_cpp.hpp
[0.495s] -- Up-to-date: /home/admin/ros2_ws/install/robotnik_perception_msgs/include/robotnik_perception_msgs/robotnik_perception_msgs/msg/detail/detection__type_support.cpp
[0.495s] -- Up-to-date: /home/admin/ros2_ws/install/robotnik_perception_msgs/include/robotnik_perception_msgs/robotnik_perception_msgs/msg/detail/detection__rosidl_typesupport_introspection_cpp.hpp
[0.495s] -- Up-to-date: /home/admin/ros2_ws/install/robotnik_perception_msgs/include/robotnik_perception_msgs/robotnik_perception_msgs/msg/detail/detection_array__type_support.cpp
[0.495s] -- Up-to-date: /home/admin/ros2_ws/install/robotnik_perception_msgs/lib/librobotnik_perception_msgs__rosidl_typesupport_introspection_cpp.so
[0.495s] -- Up-to-date: /home/admin/ros2_ws/install/robotnik_perception_msgs/lib/librobotnik_perception_msgs__rosidl_typesupport_cpp.so
[0.495s] -- Up-to-date: /home/admin/ros2_ws/install/robotnik_perception_msgs/share/robotnik_perception_msgs/environment/pythonpath.sh
[0.495s] -- Up-to-date: /home/admin/ros2_ws/install/robotnik_perception_msgs/share/robotnik_perception_msgs/environment/pythonpath.dsv
[0.495s] -- Up-to-date: /home/admin/ros2_ws/install/robotnik_perception_msgs/local/lib/python3.10/dist-packages/robotnik_perception_msgs-1.0.0-py3.10.egg-info
[0.495s] -- Installing: /home/admin/ros2_ws/install/robotnik_perception_msgs/local/lib/python3.10/dist-packages/robotnik_perception_msgs-1.0.0-py3.10.egg-info/PKG-INFO
[0.495s] -- Installing: /home/admin/ros2_ws/install/robotnik_perception_msgs/local/lib/python3.10/dist-packages/robotnik_perception_msgs-1.0.0-py3.10.egg-info/SOURCES.txt
[0.495s] -- Installing: /home/admin/ros2_ws/install/robotnik_perception_msgs/local/lib/python3.10/dist-packages/robotnik_perception_msgs-1.0.0-py3.10.egg-info/dependency_links.txt
[0.496s] -- Installing: /home/admin/ros2_ws/install/robotnik_perception_msgs/local/lib/python3.10/dist-packages/robotnik_perception_msgs-1.0.0-py3.10.egg-info/top_level.txt
[0.496s] -- Up-to-date: /home/admin/ros2_ws/install/robotnik_perception_msgs/local/lib/python3.10/dist-packages/robotnik_perception_msgs
[0.505s] -- Up-to-date: /home/admin/ros2_ws/install/robotnik_perception_msgs/local/lib/python3.10/dist-packages/robotnik_perception_msgs/robotnik_perception_msgs_s__rosidl_typesupport_fastrtps_c.cpython-310-x86_64-linux-gnu.so
[0.505s] -- Up-to-date: /home/admin/ros2_ws/install/robotnik_perception_msgs/local/lib/python3.10/dist-packages/robotnik_perception_msgs/_robotnik_perception_msgs_s.ep.rosidl_typesupport_fastrtps_c.c
[0.505s] -- Up-to-date: /home/admin/ros2_ws/install/robotnik_perception_msgs/local/lib/python3.10/dist-packages/robotnik_perception_msgs/robotnik_perception_msgs_s__rosidl_typesupport_introspection_c.cpython-310-x86_64-linux-gnu.so
[0.505s] -- Up-to-date: /home/admin/ros2_ws/install/robotnik_perception_msgs/local/lib/python3.10/dist-packages/robotnik_perception_msgs/__init__.py
[0.505s] -- Up-to-date: /home/admin/ros2_ws/install/robotnik_perception_msgs/local/lib/python3.10/dist-packages/robotnik_perception_msgs/_robotnik_perception_msgs_s.ep.rosidl_typesupport_introspection_c.c
[0.505s] -- Up-to-date: /home/admin/ros2_ws/install/robotnik_perception_msgs/local/lib/python3.10/dist-packages/robotnik_perception_msgs/_robotnik_perception_msgs_s.ep.rosidl_typesupport_c.c
[0.505s] -- Up-to-date: /home/admin/ros2_ws/install/robotnik_perception_msgs/local/lib/python3.10/dist-packages/robotnik_perception_msgs/robotnik_perception_msgs_s__rosidl_typesupport_c.cpython-310-x86_64-linux-gnu.so
[0.506s] -- Up-to-date: /home/admin/ros2_ws/install/robotnik_perception_msgs/local/lib/python3.10/dist-packages/robotnik_perception_msgs/librobotnik_perception_msgs__rosidl_generator_py.so
[0.506s] -- Up-to-date: /home/admin/ros2_ws/install/robotnik_perception_msgs/local/lib/python3.10/dist-packages/robotnik_perception_msgs/msg
[0.506s] -- Up-to-date: /home/admin/ros2_ws/install/robotnik_perception_msgs/local/lib/python3.10/dist-packages/robotnik_perception_msgs/msg/_detection.py
[0.506s] -- Up-to-date: /home/admin/ros2_ws/install/robotnik_perception_msgs/local/lib/python3.10/dist-packages/robotnik_perception_msgs/msg/_detection_array.py
[0.506s] -- Up-to-date: /home/admin/ros2_ws/install/robotnik_perception_msgs/local/lib/python3.10/dist-packages/robotnik_perception_msgs/msg/_detection_s.c
[0.506s] -- Up-to-date: /home/admin/ros2_ws/install/robotnik_perception_msgs/local/lib/python3.10/dist-packages/robotnik_perception_msgs/msg/__init__.py
[0.508s] -- Up-to-date: /home/admin/ros2_ws/install/robotnik_perception_msgs/local/lib/python3.10/dist-packages/robotnik_perception_msgs/msg/_detection_array_s.c
[0.542s] Listing '/home/admin/ros2_ws/install/robotnik_perception_msgs/local/lib/python3.10/dist-packages/robotnik_perception_msgs'...
[0.542s] Listing '/home/admin/ros2_ws/install/robotnik_perception_msgs/local/lib/python3.10/dist-packages/robotnik_perception_msgs/msg'...
[0.547s] -- Up-to-date: /home/admin/ros2_ws/install/robotnik_perception_msgs/local/lib/python3.10/dist-packages/robotnik_perception_msgs/robotnik_perception_msgs_s__rosidl_typesupport_fastrtps_c.cpython-310-x86_64-linux-gnu.so
[0.547s] -- Up-to-date: /home/admin/ros2_ws/install/robotnik_perception_msgs/local/lib/python3.10/dist-packages/robotnik_perception_msgs/robotnik_perception_msgs_s__rosidl_typesupport_introspection_c.cpython-310-x86_64-linux-gnu.so
[0.548s] -- Up-to-date: /home/admin/ros2_ws/install/robotnik_perception_msgs/local/lib/python3.10/dist-packages/robotnik_perception_msgs/robotnik_perception_msgs_s__rosidl_typesupport_c.cpython-310-x86_64-linux-gnu.so
[0.548s] -- Up-to-date: /home/admin/ros2_ws/install/robotnik_perception_msgs/lib/librobotnik_perception_msgs__rosidl_generator_py.so
[0.548s] -- Up-to-date: /home/admin/ros2_ws/install/robotnik_perception_msgs/share/robotnik_perception_msgs/msg/Detection.idl
[0.548s] -- Up-to-date: /home/admin/ros2_ws/install/robotnik_perception_msgs/share/robotnik_perception_msgs/msg/DetectionArray.idl
[0.548s] -- Up-to-date: /home/admin/ros2_ws/install/robotnik_perception_msgs/share/robotnik_perception_msgs/msg/Detection.msg
[0.548s] -- Up-to-date: /home/admin/ros2_ws/install/robotnik_perception_msgs/share/robotnik_perception_msgs/msg/DetectionArray.msg
[0.549s] -- Up-to-date: /home/admin/ros2_ws/install/robotnik_perception_msgs/share/ament_index/resource_index/package_run_dependencies/robotnik_perception_msgs
[0.549s] -- Up-to-date: /home/admin/ros2_ws/install/robotnik_perception_msgs/share/ament_index/resource_index/parent_prefix_path/robotnik_perception_msgs
[0.549s] -- Up-to-date: /home/admin/ros2_ws/install/robotnik_perception_msgs/share/robotnik_perception_msgs/environment/ament_prefix_path.sh
[0.549s] -- Up-to-date: /home/admin/ros2_ws/install/robotnik_perception_msgs/share/robotnik_perception_msgs/environment/ament_prefix_path.dsv
[0.549s] -- Up-to-date: /home/admin/ros2_ws/install/robotnik_perception_msgs/share/robotnik_perception_msgs/environment/path.sh
[0.549s] -- Up-to-date: /home/admin/ros2_ws/install/robotnik_perception_msgs/share/robotnik_perception_msgs/environment/path.dsv
[0.549s] -- Up-to-date: /home/admin/ros2_ws/install/robotnik_perception_msgs/share/robotnik_perception_msgs/local_setup.bash
[0.549s] -- Up-to-date: /home/admin/ros2_ws/install/robotnik_perception_msgs/share/robotnik_perception_msgs/local_setup.sh
[0.549s] -- Up-to-date: /home/admin/ros2_ws/install/robotnik_perception_msgs/share/robotnik_perception_msgs/local_setup.zsh
[0.549s] -- Up-to-date: /home/admin/ros2_ws/install/robotnik_perception_msgs/share/robotnik_perception_msgs/local_setup.dsv
[0.549s] -- Installing: /home/admin/ros2_ws/install/robotnik_perception_msgs/share/robotnik_perception_msgs/package.dsv
[0.549s] -- Up-to-date: /home/admin/ros2_ws/install/robotnik_perception_msgs/share/ament_index/resource_index/packages/robotnik_perception_msgs
[0.549s] -- Up-to-date: /home/admin/ros2_ws/install/robotnik_perception_msgs/share/robotnik_perception_msgs/cmake/export_robotnik_perception_msgs__rosidl_generator_cExport.cmake
[0.550s] -- Up-to-date: /home/admin/ros2_ws/install/robotnik_perception_msgs/share/robotnik_perception_msgs/cmake/export_robotnik_perception_msgs__rosidl_generator_cExport-noconfig.cmake
[0.550s] -- Up-to-date: /home/admin/ros2_ws/install/robotnik_perception_msgs/share/robotnik_perception_msgs/cmake/export_robotnik_perception_msgs__rosidl_typesupport_fastrtps_cExport.cmake
[0.550s] -- Up-to-date: /home/admin/ros2_ws/install/robotnik_perception_msgs/share/robotnik_perception_msgs/cmake/export_robotnik_perception_msgs__rosidl_typesupport_fastrtps_cExport-noconfig.cmake
[0.550s] -- Up-to-date: /home/admin/ros2_ws/install/robotnik_perception_msgs/share/robotnik_perception_msgs/cmake/export_robotnik_perception_msgs__rosidl_generator_cppExport.cmake
[0.550s] -- Up-to-date: /home/admin/ros2_ws/install/robotnik_perception_msgs/share/robotnik_perception_msgs/cmake/export_robotnik_perception_msgs__rosidl_typesupport_fastrtps_cppExport.cmake
[0.550s] -- Up-to-date: /home/admin/ros2_ws/install/robotnik_perception_msgs/share/robotnik_perception_msgs/cmake/export_robotnik_perception_msgs__rosidl_typesupport_fastrtps_cppExport-noconfig.cmake
[0.550s] -- Up-to-date: /home/admin/ros2_ws/install/robotnik_perception_msgs/share/robotnik_perception_msgs/cmake/robotnik_perception_msgs__rosidl_typesupport_introspection_cExport.cmake
[0.550s] -- Up-to-date: /home/admin/ros2_ws/install/robotnik_perception_msgs/share/robotnik_perception_msgs/cmake/robotnik_perception_msgs__rosidl_typesupport_introspection_cExport-noconfig.cmake
[0.550s] -- Up-to-date: /home/admin/ros2_ws/install/robotnik_perception_msgs/share/robotnik_perception_msgs/cmake/robotnik_perception_msgs__rosidl_typesupport_cExport.cmake
[0.550s] -- Up-to-date: /home/admin/ros2_ws/install/robotnik_perception_msgs/share/robotnik_perception_msgs/cmake/robotnik_perception_msgs__rosidl_typesupport_cExport-noconfig.cmake
[0.550s] -- Up-to-date: /home/admin/ros2_ws/install/robotnik_perception_msgs/share/robotnik_perception_msgs/cmake/robotnik_perception_msgs__rosidl_typesupport_introspection_cppExport.cmake
[0.550s] -- Up-to-date: /home/admin/ros2_ws/install/robotnik_perception_msgs/share/robotnik_perception_msgs/cmake/robotnik_perception_msgs__rosidl_typesupport_introspection_cppExport-noconfig.cmake
[0.550s] -- Up-to-date: /home/admin/ros2_ws/install/robotnik_perception_msgs/share/robotnik_perception_msgs/cmake/robotnik_perception_msgs__rosidl_typesupport_cppExport.cmake
[0.550s] -- Up-to-date: /home/admin/ros2_ws/install/robotnik_perception_msgs/share/robotnik_perception_msgs/cmake/robotnik_perception_msgs__rosidl_typesupport_cppExport-noconfig.cmake
[0.550s] -- Up-to-date: /home/admin/ros2_ws/install/robotnik_perception_msgs/share/robotnik_perception_msgs/cmake/export_robotnik_perception_msgs__rosidl_generator_pyExport.cmake
[0.550s] -- Up-to-date: /home/admin/ros2_ws/install/robotnik_perception_msgs/share/robotnik_perception_msgs/cmake/export_robotnik_perception_msgs__rosidl_generator_pyExport-noconfig.cmake
[0.550s] -- Up-to-date: /home/admin/ros2_ws/install/robotnik_perception_msgs/share/robotnik_perception_msgs/cmake/rosidl_cmake-extras.cmake
[0.550s] -- Up-to-date: /home/admin/ros2_ws/install/robotnik_perception_msgs/share/robotnik_perception_msgs/cmake/ament_cmake_export_dependencies-extras.cmake
[0.550s] -- Up-to-date: /home/admin/ros2_ws/install/robotnik_perception_msgs/share/robotnik_perception_msgs/cmake/ament_cmake_export_include_directories-extras.cmake
[0.550s] -- Up-to-date: /home/admin/ros2_ws/install/robotnik_perception_msgs/share/robotnik_perception_msgs/cmake/ament_cmake_export_libraries-extras.cmake
[0.550s] -- Up-to-date: /home/admin/ros2_ws/install/robotnik_perception_msgs/share/robotnik_perception_msgs/cmake/ament_cmake_export_targets-extras.cmake
[0.550s] -- Up-to-date: /home/admin/ros2_ws/install/robotnik_perception_msgs/share/robotnik_perception_msgs/cmake/rosidl_cmake_export_typesupport_targets-extras.cmake
[0.550s] -- Up-to-date: /home/admin/ros2_ws/install/robotnik_perception_msgs/share/robotnik_perception_msgs/cmake/rosidl_cmake_export_typesupport_libraries-extras.cmake
[0.550s] -- Up-to-date: /home/admin/ros2_ws/install/robotnik_perception_msgs/share/robotnik_perception_msgs/cmake/robotnik_perception_msgsConfig.cmake
[0.550s] -- Up-to-date: /home/admin/ros2_ws/install/robotnik_perception_msgs/share/robotnik_perception_msgs/cmake/robotnik_perception_msgsConfig-version.cmake
[0.551s] -- Up-to-date: /home/admin/ros2_ws/install/robotnik_perception_msgs/share/robotnik_perception_msgs/package.xml
[0.552s] Invoked command in '/home/admin/ros2_ws/build/robotnik_perception_msgs' returned '0': CMAKE_PREFIX_PATH=${CMAKE_PREFIX_PATH}:/home/admin/ros2_ws/install/rbvogui_cartographer:/opt/ros/humble /usr/bin/cmake --install /home/admin/ros2_ws/build/robotnik_perception_msgs
