[0.020s] Invoking command in '/home/admin/ros2_ws/build/aruco_pkg': CMAKE_PREFIX_PATH=${CMAKE_PREFIX_PATH}:/home/admin/ros2_ws/install/robotnik_safety_msgs:/home/admin/ros2_ws/install/rbvogui_cartographer:/opt/ros/humble /usr/bin/cmake /home/admin/ros2_ws/src/aruco_pkg -DCMAKE_INSTALL_PREFIX=/home/admin/ros2_ws/install/aruco_pkg
[0.241s] -- The C compiler identification is GNU 11.4.0
[0.241s] -- The CXX compiler identification is GNU 11.4.0
[0.241s] -- Detecting C compiler ABI info
[0.242s] -- Detecting C compiler ABI info - done
[0.242s] -- Check for working C compiler: /usr/bin/cc - skipped
[0.242s] -- Detecting C compile features
[0.242s] -- Detecting C compile features - done
[0.242s] -- Detecting CXX compiler ABI info
[0.254s] -- Detecting CXX compiler ABI info - done
[0.281s] -- Check for working CXX compiler: /usr/bin/c++ - skipped
[0.282s] -- Detecting CXX compile features
[0.282s] -- Detecting CXX compile features - done
[0.284s] -- Found ament_cmake: 1.3.11 (/opt/ros/humble/share/ament_cmake/cmake)
[0.422s] -- Found Python3: /usr/bin/python3 (found version "3.10.12") found components: Interpreter 
[0.557s] -- Found ament_lint_auto: 0.12.12 (/opt/ros/humble/share/ament_lint_auto/cmake)
[0.658s] -- Added test 'flake8' to check Python code syntax and style conventions
[0.658s] -- Added test 'lint_cmake' to check CMake code style
[0.659s] -- Added test 'pep257' to check Python code against some of the docstring style conventions in PEP 257
[0.660s] -- Added test 'xmllint' to check XML markup files
[0.662s] -- Configuring done
[0.664s] -- Generating done
[0.666s] -- Build files have been written to: /home/admin/ros2_ws/build/aruco_pkg
[0.669s] Invoked command in '/home/admin/ros2_ws/build/aruco_pkg' returned '0': CMAKE_PREFIX_PATH=${CMAKE_PREFIX_PATH}:/home/admin/ros2_ws/install/robotnik_safety_msgs:/home/admin/ros2_ws/install/rbvogui_cartographer:/opt/ros/humble /usr/bin/cmake /home/admin/ros2_ws/src/aruco_pkg -DCMAKE_INSTALL_PREFIX=/home/admin/ros2_ws/install/aruco_pkg
[0.670s] Invoking command in '/home/admin/ros2_ws/build/aruco_pkg': CMAKE_PREFIX_PATH=${CMAKE_PREFIX_PATH}:/home/admin/ros2_ws/install/robotnik_safety_msgs:/home/admin/ros2_ws/install/rbvogui_cartographer:/opt/ros/humble /usr/bin/cmake --build /home/admin/ros2_ws/build/aruco_pkg -- -j20 -l20
[0.707s] Invoked command in '/home/admin/ros2_ws/build/aruco_pkg' returned '0': CMAKE_PREFIX_PATH=${CMAKE_PREFIX_PATH}:/home/admin/ros2_ws/install/robotnik_safety_msgs:/home/admin/ros2_ws/install/rbvogui_cartographer:/opt/ros/humble /usr/bin/cmake --build /home/admin/ros2_ws/build/aruco_pkg -- -j20 -l20
[0.708s] Invoking command in '/home/admin/ros2_ws/build/aruco_pkg': CMAKE_PREFIX_PATH=${CMAKE_PREFIX_PATH}:/home/admin/ros2_ws/install/robotnik_safety_msgs:/home/admin/ros2_ws/install/rbvogui_cartographer:/opt/ros/humble /usr/bin/cmake --install /home/admin/ros2_ws/build/aruco_pkg
[0.715s] -- Install configuration: ""
[0.715s] -- Installing: /home/admin/ros2_ws/install/aruco_pkg/share/ament_index/resource_index/package_run_dependencies/aruco_pkg
[0.715s] -- Installing: /home/admin/ros2_ws/install/aruco_pkg/share/ament_index/resource_index/parent_prefix_path/aruco_pkg
[0.715s] -- Installing: /home/admin/ros2_ws/install/aruco_pkg/share/aruco_pkg/environment/ament_prefix_path.sh
[0.716s] -- Installing: /home/admin/ros2_ws/install/aruco_pkg/share/aruco_pkg/environment/ament_prefix_path.dsv
[0.716s] -- Installing: /home/admin/ros2_ws/install/aruco_pkg/share/aruco_pkg/environment/path.sh
[0.716s] -- Installing: /home/admin/ros2_ws/install/aruco_pkg/share/aruco_pkg/environment/path.dsv
[0.716s] -- Installing: /home/admin/ros2_ws/install/aruco_pkg/share/aruco_pkg/local_setup.bash
[0.716s] -- Installing: /home/admin/ros2_ws/install/aruco_pkg/share/aruco_pkg/local_setup.sh
[0.716s] -- Installing: /home/admin/ros2_ws/install/aruco_pkg/share/aruco_pkg/local_setup.zsh
[0.716s] -- Installing: /home/admin/ros2_ws/install/aruco_pkg/share/aruco_pkg/local_setup.dsv
[0.716s] -- Installing: /home/admin/ros2_ws/install/aruco_pkg/share/aruco_pkg/package.dsv
[0.716s] -- Installing: /home/admin/ros2_ws/install/aruco_pkg/share/ament_index/resource_index/packages/aruco_pkg
[0.716s] -- Installing: /home/admin/ros2_ws/install/aruco_pkg/share/aruco_pkg/cmake/aruco_pkgConfig.cmake
[0.716s] -- Installing: /home/admin/ros2_ws/install/aruco_pkg/share/aruco_pkg/cmake/aruco_pkgConfig-version.cmake
[0.716s] -- Installing: /home/admin/ros2_ws/install/aruco_pkg/share/aruco_pkg/package.xml
[0.717s] Invoked command in '/home/admin/ros2_ws/build/aruco_pkg' returned '0': CMAKE_PREFIX_PATH=${CMAKE_PREFIX_PATH}:/home/admin/ros2_ws/install/robotnik_safety_msgs:/home/admin/ros2_ws/install/rbvogui_cartographer:/opt/ros/humble /usr/bin/cmake --install /home/admin/ros2_ws/build/aruco_pkg
