[0.017s] Invoking command in '/home/admin/ros2_ws/build/robotnik_io_msgs': CMAKE_PREFIX_PATH=/home/admin/ros2_ws/install/robotnik_common_msgs:/home/admin/ros2_ws/install/robotnik_supervisor_msgs:/home/admin/ros2_ws/install/robotnik_gazebo_ignition:/home/admin/ros2_ws/install/robotnik_gazebo_classic:/home/admin/ros2_ws/install/robotnik_description:/home/admin/ros2_ws/install/robotnik_sensors:/home/admin/ros2_ws/install/robotnik_interfaces:/home/admin/ros2_ws/install/robotnik_perception_msgs:/home/admin/ros2_ws/install/robotnik_navigation_msgs:/home/admin/ros2_ws/install/robotnik_io_msgs:/home/admin/ros2_ws/install/robotnik_controllers_msgs:/home/admin/ros2_ws/install/robotnik_common:/home/admin/ros2_ws/install/robotnik_battery_msgs:/home/admin/ros2_ws/install/robotnik_safety_msgs:/home/admin/ros2_ws/install/rbvogui_cartographer:/opt/ros/humble LD_LIBRARY_PATH=/home/admin/ros2_ws/install/robotnik_common_msgs/lib:/home/admin/ros2_ws/install/robotnik_supervisor_msgs/lib:/home/admin/ros2_ws/install/robotnik_perception_msgs/lib:/home/admin/ros2_ws/install/robotnik_navigation_msgs/lib:/home/admin/ros2_ws/install/robotnik_io_msgs/lib:/home/admin/ros2_ws/install/robotnik_controllers_msgs/lib:/home/admin/ros2_ws/install/robotnik_battery_msgs/lib:/usr/lib/x86_64-linux-gnu/gazebo-11/plugins:/opt/ros/humble/opt/rviz_ogre_vendor/lib:/opt/ros/humble/lib/x86_64-linux-gnu:/opt/ros/humble/lib /usr/bin/cmake --build /home/admin/ros2_ws/build/robotnik_io_msgs -- -j20 -l20
[0.074s] [35m[1mConsolidate compiler generated dependencies of target robotnik_io_msgs__rosidl_generator_c[0m
[0.074s] [  0%] Built target robotnik_io_msgs__cpp
[0.079s] [  0%] Built target ament_cmake_python_copy_robotnik_io_msgs
[0.079s] [ 12%] Built target robotnik_io_msgs__rosidl_generator_c
[0.080s] [35m[1mConsolidate compiler generated dependencies of target robotnik_io_msgs__rosidl_typesupport_cpp[0m
[0.082s] [35m[1mConsolidate compiler generated dependencies of target robotnik_io_msgs__rosidl_typesupport_fastrtps_cpp[0m
[0.082s] [35m[1mConsolidate compiler generated dependencies of target robotnik_io_msgs__rosidl_typesupport_introspection_cpp[0m
[0.096s] [35m[1mConsolidate compiler generated dependencies of target robotnik_io_msgs__rosidl_typesupport_c[0m
[0.099s] [35m[1mConsolidate compiler generated dependencies of target robotnik_io_msgs__rosidl_typesupport_fastrtps_c[0m
[0.100s] [35m[1mConsolidate compiler generated dependencies of target robotnik_io_msgs__rosidl_typesupport_introspection_c[0m
[0.109s] [ 24%] Built target robotnik_io_msgs__rosidl_typesupport_cpp
[0.122s] [ 36%] Built target robotnik_io_msgs__rosidl_typesupport_c
[0.122s] [ 48%] Built target robotnik_io_msgs__rosidl_typesupport_introspection_cpp
[0.122s] [ 59%] Built target robotnik_io_msgs__rosidl_typesupport_fastrtps_cpp
[0.131s] [ 71%] Built target robotnik_io_msgs__rosidl_typesupport_introspection_c
[0.131s] [ 83%] Built target robotnik_io_msgs__rosidl_typesupport_fastrtps_c
[0.155s] [ 83%] Built target robotnik_io_msgs
[0.172s] [ 84%] Built target robotnik_io_msgs__py
[0.180s] [35m[1mConsolidate compiler generated dependencies of target robotnik_io_msgs__rosidl_generator_py[0m
[0.198s] [ 95%] Built target robotnik_io_msgs__rosidl_generator_py
[0.206s] [35m[1mConsolidate compiler generated dependencies of target robotnik_io_msgs__rosidl_typesupport_fastrtps_c__pyext[0m
[0.207s] [35m[1mConsolidate compiler generated dependencies of target robotnik_io_msgs__rosidl_typesupport_c__pyext[0m
[0.207s] [35m[1mConsolidate compiler generated dependencies of target robotnik_io_msgs__rosidl_typesupport_introspection_c__pyext[0m
[0.216s] [ 97%] Built target robotnik_io_msgs__rosidl_typesupport_fastrtps_c__pyext
[0.219s] [100%] Built target robotnik_io_msgs__rosidl_typesupport_c__pyext
[0.219s] [100%] Built target robotnik_io_msgs__rosidl_typesupport_introspection_c__pyext
[0.344s] running egg_info
[0.344s] writing robotnik_io_msgs.egg-info/PKG-INFO
[0.345s] writing dependency_links to robotnik_io_msgs.egg-info/dependency_links.txt
[0.345s] writing top-level names to robotnik_io_msgs.egg-info/top_level.txt
[0.351s] reading manifest file 'robotnik_io_msgs.egg-info/SOURCES.txt'
[0.352s] writing manifest file 'robotnik_io_msgs.egg-info/SOURCES.txt'
[0.380s] [100%] Built target ament_cmake_python_build_robotnik_io_msgs_egg
[0.386s] Invoked command in '/home/admin/ros2_ws/build/robotnik_io_msgs' returned '0': CMAKE_PREFIX_PATH=/home/admin/ros2_ws/install/robotnik_common_msgs:/home/admin/ros2_ws/install/robotnik_supervisor_msgs:/home/admin/ros2_ws/install/robotnik_gazebo_ignition:/home/admin/ros2_ws/install/robotnik_gazebo_classic:/home/admin/ros2_ws/install/robotnik_description:/home/admin/ros2_ws/install/robotnik_sensors:/home/admin/ros2_ws/install/robotnik_interfaces:/home/admin/ros2_ws/install/robotnik_perception_msgs:/home/admin/ros2_ws/install/robotnik_navigation_msgs:/home/admin/ros2_ws/install/robotnik_io_msgs:/home/admin/ros2_ws/install/robotnik_controllers_msgs:/home/admin/ros2_ws/install/robotnik_common:/home/admin/ros2_ws/install/robotnik_battery_msgs:/home/admin/ros2_ws/install/robotnik_safety_msgs:/home/admin/ros2_ws/install/rbvogui_cartographer:/opt/ros/humble LD_LIBRARY_PATH=/home/admin/ros2_ws/install/robotnik_common_msgs/lib:/home/admin/ros2_ws/install/robotnik_supervisor_msgs/lib:/home/admin/ros2_ws/install/robotnik_perception_msgs/lib:/home/admin/ros2_ws/install/robotnik_navigation_msgs/lib:/home/admin/ros2_ws/install/robotnik_io_msgs/lib:/home/admin/ros2_ws/install/robotnik_controllers_msgs/lib:/home/admin/ros2_ws/install/robotnik_battery_msgs/lib:/usr/lib/x86_64-linux-gnu/gazebo-11/plugins:/opt/ros/humble/opt/rviz_ogre_vendor/lib:/opt/ros/humble/lib/x86_64-linux-gnu:/opt/ros/humble/lib /usr/bin/cmake --build /home/admin/ros2_ws/build/robotnik_io_msgs -- -j20 -l20
[0.390s] Invoking command in '/home/admin/ros2_ws/build/robotnik_io_msgs': CMAKE_PREFIX_PATH=/home/admin/ros2_ws/install/robotnik_common_msgs:/home/admin/ros2_ws/install/robotnik_supervisor_msgs:/home/admin/ros2_ws/install/robotnik_gazebo_ignition:/home/admin/ros2_ws/install/robotnik_gazebo_classic:/home/admin/ros2_ws/install/robotnik_description:/home/admin/ros2_ws/install/robotnik_sensors:/home/admin/ros2_ws/install/robotnik_interfaces:/home/admin/ros2_ws/install/robotnik_perception_msgs:/home/admin/ros2_ws/install/robotnik_navigation_msgs:/home/admin/ros2_ws/install/robotnik_io_msgs:/home/admin/ros2_ws/install/robotnik_controllers_msgs:/home/admin/ros2_ws/install/robotnik_common:/home/admin/ros2_ws/install/robotnik_battery_msgs:/home/admin/ros2_ws/install/robotnik_safety_msgs:/home/admin/ros2_ws/install/rbvogui_cartographer:/opt/ros/humble LD_LIBRARY_PATH=/home/admin/ros2_ws/install/robotnik_common_msgs/lib:/home/admin/ros2_ws/install/robotnik_supervisor_msgs/lib:/home/admin/ros2_ws/install/robotnik_perception_msgs/lib:/home/admin/ros2_ws/install/robotnik_navigation_msgs/lib:/home/admin/ros2_ws/install/robotnik_io_msgs/lib:/home/admin/ros2_ws/install/robotnik_controllers_msgs/lib:/home/admin/ros2_ws/install/robotnik_battery_msgs/lib:/usr/lib/x86_64-linux-gnu/gazebo-11/plugins:/opt/ros/humble/opt/rviz_ogre_vendor/lib:/opt/ros/humble/lib/x86_64-linux-gnu:/opt/ros/humble/lib /usr/bin/cmake --install /home/admin/ros2_ws/build/robotnik_io_msgs
[0.392s] -- Install configuration: ""
[0.393s] -- Up-to-date: /home/admin/ros2_ws/install/robotnik_io_msgs/share/ament_index/resource_index/rosidl_interfaces/robotnik_io_msgs
[0.393s] -- Up-to-date: /home/admin/ros2_ws/install/robotnik_io_msgs/include/robotnik_io_msgs/robotnik_io_msgs
[0.393s] -- Up-to-date: /home/admin/ros2_ws/install/robotnik_io_msgs/include/robotnik_io_msgs/robotnik_io_msgs/srv
[0.393s] -- Up-to-date: /home/admin/ros2_ws/install/robotnik_io_msgs/include/robotnik_io_msgs/robotnik_io_msgs/srv/set_analog_output.h
[0.393s] -- Up-to-date: /home/admin/ros2_ws/install/robotnik_io_msgs/include/robotnik_io_msgs/robotnik_io_msgs/srv/detail
[0.393s] -- Up-to-date: /home/admin/ros2_ws/install/robotnik_io_msgs/include/robotnik_io_msgs/robotnik_io_msgs/srv/detail/set_analog_output__functions.c
[0.393s] -- Up-to-date: /home/admin/ros2_ws/install/robotnik_io_msgs/include/robotnik_io_msgs/robotnik_io_msgs/srv/detail/get_registers__type_support.h
[0.393s] -- Up-to-date: /home/admin/ros2_ws/install/robotnik_io_msgs/include/robotnik_io_msgs/robotnik_io_msgs/srv/detail/set_registers__struct.h
[0.393s] -- Up-to-date: /home/admin/ros2_ws/install/robotnik_io_msgs/include/robotnik_io_msgs/robotnik_io_msgs/srv/detail/set_digital_output__functions.h
[0.393s] -- Up-to-date: /home/admin/ros2_ws/install/robotnik_io_msgs/include/robotnik_io_msgs/robotnik_io_msgs/srv/detail/set_analog_output_array__struct.h
[0.393s] -- Up-to-date: /home/admin/ros2_ws/install/robotnik_io_msgs/include/robotnik_io_msgs/robotnik_io_msgs/srv/detail/set_analog_output_array__functions.h
[0.394s] -- Up-to-date: /home/admin/ros2_ws/install/robotnik_io_msgs/include/robotnik_io_msgs/robotnik_io_msgs/srv/detail/set_analog_output__struct.h
[0.394s] -- Up-to-date: /home/admin/ros2_ws/install/robotnik_io_msgs/include/robotnik_io_msgs/robotnik_io_msgs/srv/detail/set_digital_output__type_support.h
[0.394s] -- Up-to-date: /home/admin/ros2_ws/install/robotnik_io_msgs/include/robotnik_io_msgs/robotnik_io_msgs/srv/detail/get_registers__struct.h
[0.394s] -- Up-to-date: /home/admin/ros2_ws/install/robotnik_io_msgs/include/robotnik_io_msgs/robotnik_io_msgs/srv/detail/set_analog_output__functions.h
[0.394s] -- Up-to-date: /home/admin/ros2_ws/install/robotnik_io_msgs/include/robotnik_io_msgs/robotnik_io_msgs/srv/detail/get_registers__functions.h
[0.394s] -- Up-to-date: /home/admin/ros2_ws/install/robotnik_io_msgs/include/robotnik_io_msgs/robotnik_io_msgs/srv/detail/set_registers__functions.c
[0.394s] -- Up-to-date: /home/admin/ros2_ws/install/robotnik_io_msgs/include/robotnik_io_msgs/robotnik_io_msgs/srv/detail/set_registers__functions.h
[0.394s] -- Up-to-date: /home/admin/ros2_ws/install/robotnik_io_msgs/include/robotnik_io_msgs/robotnik_io_msgs/srv/detail/set_digital_output__struct.h
[0.394s] -- Up-to-date: /home/admin/ros2_ws/install/robotnik_io_msgs/include/robotnik_io_msgs/robotnik_io_msgs/srv/detail/get_registers__functions.c
[0.394s] -- Up-to-date: /home/admin/ros2_ws/install/robotnik_io_msgs/include/robotnik_io_msgs/robotnik_io_msgs/srv/detail/set_registers__type_support.h
[0.395s] -- Up-to-date: /home/admin/ros2_ws/install/robotnik_io_msgs/include/robotnik_io_msgs/robotnik_io_msgs/srv/detail/set_digital_output_array__type_support.h
[0.395s] -- Up-to-date: /home/admin/ros2_ws/install/robotnik_io_msgs/include/robotnik_io_msgs/robotnik_io_msgs/srv/detail/set_digital_output_array__struct.h
[0.395s] -- Up-to-date: /home/admin/ros2_ws/install/robotnik_io_msgs/include/robotnik_io_msgs/robotnik_io_msgs/srv/detail/set_analog_output__type_support.h
[0.395s] -- Up-to-date: /home/admin/ros2_ws/install/robotnik_io_msgs/include/robotnik_io_msgs/robotnik_io_msgs/srv/detail/set_analog_output_array__type_support.h
[0.395s] -- Up-to-date: /home/admin/ros2_ws/install/robotnik_io_msgs/include/robotnik_io_msgs/robotnik_io_msgs/srv/detail/set_digital_output_array__functions.c
[0.395s] -- Up-to-date: /home/admin/ros2_ws/install/robotnik_io_msgs/include/robotnik_io_msgs/robotnik_io_msgs/srv/detail/set_digital_output__functions.c
[0.395s] -- Up-to-date: /home/admin/ros2_ws/install/robotnik_io_msgs/include/robotnik_io_msgs/robotnik_io_msgs/srv/detail/set_analog_output_array__functions.c
[0.395s] -- Up-to-date: /home/admin/ros2_ws/install/robotnik_io_msgs/include/robotnik_io_msgs/robotnik_io_msgs/srv/detail/set_digital_output_array__functions.h
[0.395s] -- Up-to-date: /home/admin/ros2_ws/install/robotnik_io_msgs/include/robotnik_io_msgs/robotnik_io_msgs/srv/set_registers.h
[0.395s] -- Up-to-date: /home/admin/ros2_ws/install/robotnik_io_msgs/include/robotnik_io_msgs/robotnik_io_msgs/srv/set_analog_output_array.h
[0.395s] -- Up-to-date: /home/admin/ros2_ws/install/robotnik_io_msgs/include/robotnik_io_msgs/robotnik_io_msgs/srv/get_registers.h
[0.395s] -- Up-to-date: /home/admin/ros2_ws/install/robotnik_io_msgs/include/robotnik_io_msgs/robotnik_io_msgs/srv/set_digital_output_array.h
[0.395s] -- Up-to-date: /home/admin/ros2_ws/install/robotnik_io_msgs/include/robotnik_io_msgs/robotnik_io_msgs/srv/set_digital_output.h
[0.396s] -- Up-to-date: /home/admin/ros2_ws/install/robotnik_io_msgs/include/robotnik_io_msgs/robotnik_io_msgs/msg
[0.396s] -- Up-to-date: /home/admin/ros2_ws/install/robotnik_io_msgs/include/robotnik_io_msgs/robotnik_io_msgs/msg/rosidl_generator_c__visibility_control.h
[0.396s] -- Up-to-date: /home/admin/ros2_ws/install/robotnik_io_msgs/include/robotnik_io_msgs/robotnik_io_msgs/msg/detail
[0.396s] -- Up-to-date: /home/admin/ros2_ws/install/robotnik_io_msgs/include/robotnik_io_msgs/robotnik_io_msgs/msg/detail/register__functions.c
[0.396s] -- Up-to-date: /home/admin/ros2_ws/install/robotnik_io_msgs/include/robotnik_io_msgs/robotnik_io_msgs/msg/detail/inputs_outputs__struct.h
[0.396s] -- Up-to-date: /home/admin/ros2_ws/install/robotnik_io_msgs/include/robotnik_io_msgs/robotnik_io_msgs/msg/detail/digital_io__functions.c
[0.397s] -- Up-to-date: /home/admin/ros2_ws/install/robotnik_io_msgs/include/robotnik_io_msgs/robotnik_io_msgs/msg/detail/analog_io__functions.h
[0.397s] -- Up-to-date: /home/admin/ros2_ws/install/robotnik_io_msgs/include/robotnik_io_msgs/robotnik_io_msgs/msg/detail/register_array__functions.c
[0.397s] -- Up-to-date: /home/admin/ros2_ws/install/robotnik_io_msgs/include/robotnik_io_msgs/robotnik_io_msgs/msg/detail/register_array__type_support.h
[0.397s] -- Up-to-date: /home/admin/ros2_ws/install/robotnik_io_msgs/include/robotnik_io_msgs/robotnik_io_msgs/msg/detail/digital_io__functions.h
[0.397s] -- Up-to-date: /home/admin/ros2_ws/install/robotnik_io_msgs/include/robotnik_io_msgs/robotnik_io_msgs/msg/detail/analog_io__struct.h
[0.397s] -- Up-to-date: /home/admin/ros2_ws/install/robotnik_io_msgs/include/robotnik_io_msgs/robotnik_io_msgs/msg/detail/inputs_outputs__type_support.h
[0.397s] -- Up-to-date: /home/admin/ros2_ws/install/robotnik_io_msgs/include/robotnik_io_msgs/robotnik_io_msgs/msg/detail/register__struct.h
[0.397s] -- Up-to-date: /home/admin/ros2_ws/install/robotnik_io_msgs/include/robotnik_io_msgs/robotnik_io_msgs/msg/detail/analog_io__functions.c
[0.397s] -- Up-to-date: /home/admin/ros2_ws/install/robotnik_io_msgs/include/robotnik_io_msgs/robotnik_io_msgs/msg/detail/inputs_outputs__functions.c
[0.397s] -- Up-to-date: /home/admin/ros2_ws/install/robotnik_io_msgs/include/robotnik_io_msgs/robotnik_io_msgs/msg/detail/digital_io__type_support.h
[0.397s] -- Up-to-date: /home/admin/ros2_ws/install/robotnik_io_msgs/include/robotnik_io_msgs/robotnik_io_msgs/msg/detail/register__type_support.h
[0.398s] -- Up-to-date: /home/admin/ros2_ws/install/robotnik_io_msgs/include/robotnik_io_msgs/robotnik_io_msgs/msg/detail/analog_io__type_support.h
[0.398s] -- Up-to-date: /home/admin/ros2_ws/install/robotnik_io_msgs/include/robotnik_io_msgs/robotnik_io_msgs/msg/detail/register_array__functions.h
[0.398s] -- Up-to-date: /home/admin/ros2_ws/install/robotnik_io_msgs/include/robotnik_io_msgs/robotnik_io_msgs/msg/detail/register_array__struct.h
[0.398s] -- Up-to-date: /home/admin/ros2_ws/install/robotnik_io_msgs/include/robotnik_io_msgs/robotnik_io_msgs/msg/detail/inputs_outputs__functions.h
[0.398s] -- Up-to-date: /home/admin/ros2_ws/install/robotnik_io_msgs/include/robotnik_io_msgs/robotnik_io_msgs/msg/detail/register__functions.h
[0.398s] -- Up-to-date: /home/admin/ros2_ws/install/robotnik_io_msgs/include/robotnik_io_msgs/robotnik_io_msgs/msg/detail/digital_io__struct.h
[0.398s] -- Up-to-date: /home/admin/ros2_ws/install/robotnik_io_msgs/include/robotnik_io_msgs/robotnik_io_msgs/msg/register_array.h
[0.399s] -- Up-to-date: /home/admin/ros2_ws/install/robotnik_io_msgs/include/robotnik_io_msgs/robotnik_io_msgs/msg/inputs_outputs.h
[0.399s] -- Up-to-date: /home/admin/ros2_ws/install/robotnik_io_msgs/include/robotnik_io_msgs/robotnik_io_msgs/msg/analog_io.h
[0.399s] -- Up-to-date: /home/admin/ros2_ws/install/robotnik_io_msgs/include/robotnik_io_msgs/robotnik_io_msgs/msg/digital_io.h
[0.399s] -- Up-to-date: /home/admin/ros2_ws/install/robotnik_io_msgs/include/robotnik_io_msgs/robotnik_io_msgs/msg/register.h
[0.399s] -- Up-to-date: /home/admin/ros2_ws/install/robotnik_io_msgs/share/robotnik_io_msgs/environment/library_path.sh
[0.399s] -- Up-to-date: /home/admin/ros2_ws/install/robotnik_io_msgs/share/robotnik_io_msgs/environment/library_path.dsv
[0.399s] -- Up-to-date: /home/admin/ros2_ws/install/robotnik_io_msgs/lib/librobotnik_io_msgs__rosidl_generator_c.so
[0.399s] -- Up-to-date: /home/admin/ros2_ws/install/robotnik_io_msgs/include/robotnik_io_msgs/robotnik_io_msgs
[0.399s] -- Up-to-date: /home/admin/ros2_ws/install/robotnik_io_msgs/include/robotnik_io_msgs/robotnik_io_msgs/srv
[0.399s] -- Up-to-date: /home/admin/ros2_ws/install/robotnik_io_msgs/include/robotnik_io_msgs/robotnik_io_msgs/srv/detail
[0.399s] -- Up-to-date: /home/admin/ros2_ws/install/robotnik_io_msgs/include/robotnik_io_msgs/robotnik_io_msgs/srv/detail/set_analog_output_array__rosidl_typesupport_fastrtps_c.h
[0.400s] -- Up-to-date: /home/admin/ros2_ws/install/robotnik_io_msgs/include/robotnik_io_msgs/robotnik_io_msgs/srv/detail/get_registers__rosidl_typesupport_fastrtps_c.h
[0.400s] -- Up-to-date: /home/admin/ros2_ws/install/robotnik_io_msgs/include/robotnik_io_msgs/robotnik_io_msgs/srv/detail/set_digital_output_array__rosidl_typesupport_fastrtps_c.h
[0.400s] -- Up-to-date: /home/admin/ros2_ws/install/robotnik_io_msgs/include/robotnik_io_msgs/robotnik_io_msgs/srv/detail/set_analog_output__rosidl_typesupport_fastrtps_c.h
[0.400s] -- Up-to-date: /home/admin/ros2_ws/install/robotnik_io_msgs/include/robotnik_io_msgs/robotnik_io_msgs/srv/detail/set_digital_output__rosidl_typesupport_fastrtps_c.h
[0.400s] -- Up-to-date: /home/admin/ros2_ws/install/robotnik_io_msgs/include/robotnik_io_msgs/robotnik_io_msgs/srv/detail/set_registers__rosidl_typesupport_fastrtps_c.h
[0.400s] -- Up-to-date: /home/admin/ros2_ws/install/robotnik_io_msgs/include/robotnik_io_msgs/robotnik_io_msgs/msg
[0.400s] -- Up-to-date: /home/admin/ros2_ws/install/robotnik_io_msgs/include/robotnik_io_msgs/robotnik_io_msgs/msg/rosidl_typesupport_fastrtps_c__visibility_control.h
[0.400s] -- Up-to-date: /home/admin/ros2_ws/install/robotnik_io_msgs/include/robotnik_io_msgs/robotnik_io_msgs/msg/detail
[0.401s] -- Up-to-date: /home/admin/ros2_ws/install/robotnik_io_msgs/include/robotnik_io_msgs/robotnik_io_msgs/msg/detail/register_array__rosidl_typesupport_fastrtps_c.h
[0.401s] -- Up-to-date: /home/admin/ros2_ws/install/robotnik_io_msgs/include/robotnik_io_msgs/robotnik_io_msgs/msg/detail/analog_io__rosidl_typesupport_fastrtps_c.h
[0.401s] -- Up-to-date: /home/admin/ros2_ws/install/robotnik_io_msgs/include/robotnik_io_msgs/robotnik_io_msgs/msg/detail/inputs_outputs__rosidl_typesupport_fastrtps_c.h
[0.401s] -- Up-to-date: /home/admin/ros2_ws/install/robotnik_io_msgs/include/robotnik_io_msgs/robotnik_io_msgs/msg/detail/register__rosidl_typesupport_fastrtps_c.h
[0.401s] -- Up-to-date: /home/admin/ros2_ws/install/robotnik_io_msgs/include/robotnik_io_msgs/robotnik_io_msgs/msg/detail/digital_io__rosidl_typesupport_fastrtps_c.h
[0.401s] -- Up-to-date: /home/admin/ros2_ws/install/robotnik_io_msgs/lib/librobotnik_io_msgs__rosidl_typesupport_fastrtps_c.so
[0.401s] -- Up-to-date: /home/admin/ros2_ws/install/robotnik_io_msgs/include/robotnik_io_msgs/robotnik_io_msgs
[0.401s] -- Up-to-date: /home/admin/ros2_ws/install/robotnik_io_msgs/include/robotnik_io_msgs/robotnik_io_msgs/srv
[0.401s] -- Up-to-date: /home/admin/ros2_ws/install/robotnik_io_msgs/include/robotnik_io_msgs/robotnik_io_msgs/srv/detail
[0.401s] -- Up-to-date: /home/admin/ros2_ws/install/robotnik_io_msgs/include/robotnik_io_msgs/robotnik_io_msgs/srv/detail/set_digital_output_array__type_support.hpp
[0.401s] -- Up-to-date: /home/admin/ros2_ws/install/robotnik_io_msgs/include/robotnik_io_msgs/robotnik_io_msgs/srv/detail/set_analog_output__type_support.hpp
[0.401s] -- Up-to-date: /home/admin/ros2_ws/install/robotnik_io_msgs/include/robotnik_io_msgs/robotnik_io_msgs/srv/detail/get_registers__builder.hpp
[0.402s] -- Up-to-date: /home/admin/ros2_ws/install/robotnik_io_msgs/include/robotnik_io_msgs/robotnik_io_msgs/srv/detail/set_digital_output__builder.hpp
[0.402s] -- Up-to-date: /home/admin/ros2_ws/install/robotnik_io_msgs/include/robotnik_io_msgs/robotnik_io_msgs/srv/detail/set_analog_output_array__builder.hpp
[0.402s] -- Up-to-date: /home/admin/ros2_ws/install/robotnik_io_msgs/include/robotnik_io_msgs/robotnik_io_msgs/srv/detail/set_registers__builder.hpp
[0.402s] -- Up-to-date: /home/admin/ros2_ws/install/robotnik_io_msgs/include/robotnik_io_msgs/robotnik_io_msgs/srv/detail/set_digital_output__traits.hpp
[0.402s] -- Up-to-date: /home/admin/ros2_ws/install/robotnik_io_msgs/include/robotnik_io_msgs/robotnik_io_msgs/srv/detail/get_registers__type_support.hpp
[0.402s] -- Up-to-date: /home/admin/ros2_ws/install/robotnik_io_msgs/include/robotnik_io_msgs/robotnik_io_msgs/srv/detail/set_registers__struct.hpp
[0.402s] -- Up-to-date: /home/admin/ros2_ws/install/robotnik_io_msgs/include/robotnik_io_msgs/robotnik_io_msgs/srv/detail/get_registers__struct.hpp
[0.402s] -- Up-to-date: /home/admin/ros2_ws/install/robotnik_io_msgs/include/robotnik_io_msgs/robotnik_io_msgs/srv/detail/set_digital_output_array__struct.hpp
[0.402s] -- Up-to-date: /home/admin/ros2_ws/install/robotnik_io_msgs/include/robotnik_io_msgs/robotnik_io_msgs/srv/detail/set_analog_output__struct.hpp
[0.402s] -- Up-to-date: /home/admin/ros2_ws/install/robotnik_io_msgs/include/robotnik_io_msgs/robotnik_io_msgs/srv/detail/set_digital_output__struct.hpp
[0.402s] -- Up-to-date: /home/admin/ros2_ws/install/robotnik_io_msgs/include/robotnik_io_msgs/robotnik_io_msgs/srv/detail/set_digital_output_array__traits.hpp
[0.402s] -- Up-to-date: /home/admin/ros2_ws/install/robotnik_io_msgs/include/robotnik_io_msgs/robotnik_io_msgs/srv/detail/set_analog_output_array__struct.hpp
[0.403s] -- Up-to-date: /home/admin/ros2_ws/install/robotnik_io_msgs/include/robotnik_io_msgs/robotnik_io_msgs/srv/detail/set_digital_output__type_support.hpp
[0.403s] -- Up-to-date: /home/admin/ros2_ws/install/robotnik_io_msgs/include/robotnik_io_msgs/robotnik_io_msgs/srv/detail/set_registers__type_support.hpp
[0.403s] -- Up-to-date: /home/admin/ros2_ws/install/robotnik_io_msgs/include/robotnik_io_msgs/robotnik_io_msgs/srv/detail/set_analog_output__traits.hpp
[0.403s] -- Up-to-date: /home/admin/ros2_ws/install/robotnik_io_msgs/include/robotnik_io_msgs/robotnik_io_msgs/srv/detail/set_analog_output_array__type_support.hpp
[0.403s] -- Up-to-date: /home/admin/ros2_ws/install/robotnik_io_msgs/include/robotnik_io_msgs/robotnik_io_msgs/srv/detail/set_digital_output_array__builder.hpp
[0.403s] -- Up-to-date: /home/admin/ros2_ws/install/robotnik_io_msgs/include/robotnik_io_msgs/robotnik_io_msgs/srv/detail/get_registers__traits.hpp
[0.403s] -- Up-to-date: /home/admin/ros2_ws/install/robotnik_io_msgs/include/robotnik_io_msgs/robotnik_io_msgs/srv/detail/set_registers__traits.hpp
[0.403s] -- Up-to-date: /home/admin/ros2_ws/install/robotnik_io_msgs/include/robotnik_io_msgs/robotnik_io_msgs/srv/detail/set_analog_output_array__traits.hpp
[0.403s] -- Up-to-date: /home/admin/ros2_ws/install/robotnik_io_msgs/include/robotnik_io_msgs/robotnik_io_msgs/srv/detail/set_analog_output__builder.hpp
[0.403s] -- Up-to-date: /home/admin/ros2_ws/install/robotnik_io_msgs/include/robotnik_io_msgs/robotnik_io_msgs/srv/set_digital_output_array.hpp
[0.403s] -- Up-to-date: /home/admin/ros2_ws/install/robotnik_io_msgs/include/robotnik_io_msgs/robotnik_io_msgs/srv/set_analog_output_array.hpp
[0.403s] -- Up-to-date: /home/admin/ros2_ws/install/robotnik_io_msgs/include/robotnik_io_msgs/robotnik_io_msgs/srv/get_registers.hpp
[0.404s] -- Up-to-date: /home/admin/ros2_ws/install/robotnik_io_msgs/include/robotnik_io_msgs/robotnik_io_msgs/srv/set_analog_output.hpp
[0.404s] -- Up-to-date: /home/admin/ros2_ws/install/robotnik_io_msgs/include/robotnik_io_msgs/robotnik_io_msgs/srv/set_registers.hpp
[0.404s] -- Up-to-date: /home/admin/ros2_ws/install/robotnik_io_msgs/include/robotnik_io_msgs/robotnik_io_msgs/srv/set_digital_output.hpp
[0.404s] -- Up-to-date: /home/admin/ros2_ws/install/robotnik_io_msgs/include/robotnik_io_msgs/robotnik_io_msgs/msg
[0.404s] -- Up-to-date: /home/admin/ros2_ws/install/robotnik_io_msgs/include/robotnik_io_msgs/robotnik_io_msgs/msg/rosidl_generator_cpp__visibility_control.hpp
[0.404s] -- Up-to-date: /home/admin/ros2_ws/install/robotnik_io_msgs/include/robotnik_io_msgs/robotnik_io_msgs/msg/detail
[0.404s] -- Up-to-date: /home/admin/ros2_ws/install/robotnik_io_msgs/include/robotnik_io_msgs/robotnik_io_msgs/msg/detail/register_array__struct.hpp
[0.404s] -- Up-to-date: /home/admin/ros2_ws/install/robotnik_io_msgs/include/robotnik_io_msgs/robotnik_io_msgs/msg/detail/analog_io__struct.hpp
[0.404s] -- Up-to-date: /home/admin/ros2_ws/install/robotnik_io_msgs/include/robotnik_io_msgs/robotnik_io_msgs/msg/detail/digital_io__traits.hpp
[0.404s] -- Up-to-date: /home/admin/ros2_ws/install/robotnik_io_msgs/include/robotnik_io_msgs/robotnik_io_msgs/msg/detail/register__struct.hpp
[0.404s] -- Up-to-date: /home/admin/ros2_ws/install/robotnik_io_msgs/include/robotnik_io_msgs/robotnik_io_msgs/msg/detail/register__builder.hpp
[0.404s] -- Up-to-date: /home/admin/ros2_ws/install/robotnik_io_msgs/include/robotnik_io_msgs/robotnik_io_msgs/msg/detail/register_array__builder.hpp
[0.404s] -- Up-to-date: /home/admin/ros2_ws/install/robotnik_io_msgs/include/robotnik_io_msgs/robotnik_io_msgs/msg/detail/digital_io__builder.hpp
[0.404s] -- Up-to-date: /home/admin/ros2_ws/install/robotnik_io_msgs/include/robotnik_io_msgs/robotnik_io_msgs/msg/detail/inputs_outputs__type_support.hpp
[0.404s] -- Up-to-date: /home/admin/ros2_ws/install/robotnik_io_msgs/include/robotnik_io_msgs/robotnik_io_msgs/msg/detail/analog_io__type_support.hpp
[0.405s] -- Up-to-date: /home/admin/ros2_ws/install/robotnik_io_msgs/include/robotnik_io_msgs/robotnik_io_msgs/msg/detail/inputs_outputs__struct.hpp
[0.405s] -- Up-to-date: /home/admin/ros2_ws/install/robotnik_io_msgs/include/robotnik_io_msgs/robotnik_io_msgs/msg/detail/digital_io__type_support.hpp
[0.405s] -- Up-to-date: /home/admin/ros2_ws/install/robotnik_io_msgs/include/robotnik_io_msgs/robotnik_io_msgs/msg/detail/analog_io__builder.hpp
[0.405s] -- Up-to-date: /home/admin/ros2_ws/install/robotnik_io_msgs/include/robotnik_io_msgs/robotnik_io_msgs/msg/detail/register__type_support.hpp
[0.405s] -- Up-to-date: /home/admin/ros2_ws/install/robotnik_io_msgs/include/robotnik_io_msgs/robotnik_io_msgs/msg/detail/digital_io__struct.hpp
[0.405s] -- Up-to-date: /home/admin/ros2_ws/install/robotnik_io_msgs/include/robotnik_io_msgs/robotnik_io_msgs/msg/detail/analog_io__traits.hpp
[0.405s] -- Up-to-date: /home/admin/ros2_ws/install/robotnik_io_msgs/include/robotnik_io_msgs/robotnik_io_msgs/msg/detail/inputs_outputs__builder.hpp
[0.405s] -- Up-to-date: /home/admin/ros2_ws/install/robotnik_io_msgs/include/robotnik_io_msgs/robotnik_io_msgs/msg/detail/register__traits.hpp
[0.405s] -- Up-to-date: /home/admin/ros2_ws/install/robotnik_io_msgs/include/robotnik_io_msgs/robotnik_io_msgs/msg/detail/register_array__type_support.hpp
[0.405s] -- Up-to-date: /home/admin/ros2_ws/install/robotnik_io_msgs/include/robotnik_io_msgs/robotnik_io_msgs/msg/detail/register_array__traits.hpp
[0.405s] -- Up-to-date: /home/admin/ros2_ws/install/robotnik_io_msgs/include/robotnik_io_msgs/robotnik_io_msgs/msg/detail/inputs_outputs__traits.hpp
[0.405s] -- Up-to-date: /home/admin/ros2_ws/install/robotnik_io_msgs/include/robotnik_io_msgs/robotnik_io_msgs/msg/register_array.hpp
[0.406s] -- Up-to-date: /home/admin/ros2_ws/install/robotnik_io_msgs/include/robotnik_io_msgs/robotnik_io_msgs/msg/register.hpp
[0.406s] -- Up-to-date: /home/admin/ros2_ws/install/robotnik_io_msgs/include/robotnik_io_msgs/robotnik_io_msgs/msg/analog_io.hpp
[0.406s] -- Up-to-date: /home/admin/ros2_ws/install/robotnik_io_msgs/include/robotnik_io_msgs/robotnik_io_msgs/msg/digital_io.hpp
[0.406s] -- Up-to-date: /home/admin/ros2_ws/install/robotnik_io_msgs/include/robotnik_io_msgs/robotnik_io_msgs/msg/inputs_outputs.hpp
[0.406s] -- Up-to-date: /home/admin/ros2_ws/install/robotnik_io_msgs/include/robotnik_io_msgs/robotnik_io_msgs
[0.406s] -- Up-to-date: /home/admin/ros2_ws/install/robotnik_io_msgs/include/robotnik_io_msgs/robotnik_io_msgs/srv
[0.406s] -- Up-to-date: /home/admin/ros2_ws/install/robotnik_io_msgs/include/robotnik_io_msgs/robotnik_io_msgs/srv/detail
[0.406s] -- Up-to-date: /home/admin/ros2_ws/install/robotnik_io_msgs/include/robotnik_io_msgs/robotnik_io_msgs/srv/detail/set_digital_output_array__rosidl_typesupport_fastrtps_cpp.hpp
[0.406s] -- Up-to-date: /home/admin/ros2_ws/install/robotnik_io_msgs/include/robotnik_io_msgs/robotnik_io_msgs/srv/detail/set_analog_output__rosidl_typesupport_fastrtps_cpp.hpp
[0.406s] -- Up-to-date: /home/admin/ros2_ws/install/robotnik_io_msgs/include/robotnik_io_msgs/robotnik_io_msgs/srv/detail/set_registers__rosidl_typesupport_fastrtps_cpp.hpp
[0.407s] -- Up-to-date: /home/admin/ros2_ws/install/robotnik_io_msgs/include/robotnik_io_msgs/robotnik_io_msgs/srv/detail/dds_fastrtps
[0.407s] -- Up-to-date: /home/admin/ros2_ws/install/robotnik_io_msgs/include/robotnik_io_msgs/robotnik_io_msgs/srv/detail/get_registers__rosidl_typesupport_fastrtps_cpp.hpp
[0.407s] -- Up-to-date: /home/admin/ros2_ws/install/robotnik_io_msgs/include/robotnik_io_msgs/robotnik_io_msgs/srv/detail/set_digital_output__rosidl_typesupport_fastrtps_cpp.hpp
[0.407s] -- Up-to-date: /home/admin/ros2_ws/install/robotnik_io_msgs/include/robotnik_io_msgs/robotnik_io_msgs/srv/detail/set_analog_output_array__rosidl_typesupport_fastrtps_cpp.hpp
[0.407s] -- Up-to-date: /home/admin/ros2_ws/install/robotnik_io_msgs/include/robotnik_io_msgs/robotnik_io_msgs/msg
[0.407s] -- Up-to-date: /home/admin/ros2_ws/install/robotnik_io_msgs/include/robotnik_io_msgs/robotnik_io_msgs/msg/rosidl_typesupport_fastrtps_cpp__visibility_control.h
[0.407s] -- Up-to-date: /home/admin/ros2_ws/install/robotnik_io_msgs/include/robotnik_io_msgs/robotnik_io_msgs/msg/detail
[0.407s] -- Up-to-date: /home/admin/ros2_ws/install/robotnik_io_msgs/include/robotnik_io_msgs/robotnik_io_msgs/msg/detail/register__rosidl_typesupport_fastrtps_cpp.hpp
[0.407s] -- Up-to-date: /home/admin/ros2_ws/install/robotnik_io_msgs/include/robotnik_io_msgs/robotnik_io_msgs/msg/detail/digital_io__rosidl_typesupport_fastrtps_cpp.hpp
[0.407s] -- Up-to-date: /home/admin/ros2_ws/install/robotnik_io_msgs/include/robotnik_io_msgs/robotnik_io_msgs/msg/detail/inputs_outputs__rosidl_typesupport_fastrtps_cpp.hpp
[0.407s] -- Up-to-date: /home/admin/ros2_ws/install/robotnik_io_msgs/include/robotnik_io_msgs/robotnik_io_msgs/msg/detail/register_array__rosidl_typesupport_fastrtps_cpp.hpp
[0.408s] -- Up-to-date: /home/admin/ros2_ws/install/robotnik_io_msgs/include/robotnik_io_msgs/robotnik_io_msgs/msg/detail/dds_fastrtps
[0.409s] -- Up-to-date: /home/admin/ros2_ws/install/robotnik_io_msgs/include/robotnik_io_msgs/robotnik_io_msgs/msg/detail/analog_io__rosidl_typesupport_fastrtps_cpp.hpp
[0.409s] -- Up-to-date: /home/admin/ros2_ws/install/robotnik_io_msgs/lib/librobotnik_io_msgs__rosidl_typesupport_fastrtps_cpp.so
[0.409s] -- Up-to-date: /home/admin/ros2_ws/install/robotnik_io_msgs/include/robotnik_io_msgs/robotnik_io_msgs
[0.409s] -- Up-to-date: /home/admin/ros2_ws/install/robotnik_io_msgs/include/robotnik_io_msgs/robotnik_io_msgs/srv
[0.409s] -- Up-to-date: /home/admin/ros2_ws/install/robotnik_io_msgs/include/robotnik_io_msgs/robotnik_io_msgs/srv/detail
[0.409s] -- Up-to-date: /home/admin/ros2_ws/install/robotnik_io_msgs/include/robotnik_io_msgs/robotnik_io_msgs/srv/detail/set_analog_output_array__rosidl_typesupport_introspection_c.h
[0.409s] -- Up-to-date: /home/admin/ros2_ws/install/robotnik_io_msgs/include/robotnik_io_msgs/robotnik_io_msgs/srv/detail/set_digital_output_array__rosidl_typesupport_introspection_c.h
[0.409s] -- Up-to-date: /home/admin/ros2_ws/install/robotnik_io_msgs/include/robotnik_io_msgs/robotnik_io_msgs/srv/detail/set_analog_output_array__type_support.c
[0.409s] -- Up-to-date: /home/admin/ros2_ws/install/robotnik_io_msgs/include/robotnik_io_msgs/robotnik_io_msgs/srv/detail/get_registers__rosidl_typesupport_introspection_c.h
[0.409s] -- Up-to-date: /home/admin/ros2_ws/install/robotnik_io_msgs/include/robotnik_io_msgs/robotnik_io_msgs/srv/detail/set_digital_output_array__type_support.c
[0.409s] -- Up-to-date: /home/admin/ros2_ws/install/robotnik_io_msgs/include/robotnik_io_msgs/robotnik_io_msgs/srv/detail/set_registers__type_support.c
[0.409s] -- Up-to-date: /home/admin/ros2_ws/install/robotnik_io_msgs/include/robotnik_io_msgs/robotnik_io_msgs/srv/detail/set_digital_output__type_support.c
[0.409s] -- Up-to-date: /home/admin/ros2_ws/install/robotnik_io_msgs/include/robotnik_io_msgs/robotnik_io_msgs/srv/detail/set_registers__rosidl_typesupport_introspection_c.h
[0.409s] -- Up-to-date: /home/admin/ros2_ws/install/robotnik_io_msgs/include/robotnik_io_msgs/robotnik_io_msgs/srv/detail/set_digital_output__rosidl_typesupport_introspection_c.h
[0.409s] -- Up-to-date: /home/admin/ros2_ws/install/robotnik_io_msgs/include/robotnik_io_msgs/robotnik_io_msgs/srv/detail/set_analog_output__type_support.c
[0.410s] -- Up-to-date: /home/admin/ros2_ws/install/robotnik_io_msgs/include/robotnik_io_msgs/robotnik_io_msgs/srv/detail/set_analog_output__rosidl_typesupport_introspection_c.h
[0.410s] -- Up-to-date: /home/admin/ros2_ws/install/robotnik_io_msgs/include/robotnik_io_msgs/robotnik_io_msgs/srv/detail/get_registers__type_support.c
[0.410s] -- Up-to-date: /home/admin/ros2_ws/install/robotnik_io_msgs/include/robotnik_io_msgs/robotnik_io_msgs/msg
[0.410s] -- Up-to-date: /home/admin/ros2_ws/install/robotnik_io_msgs/include/robotnik_io_msgs/robotnik_io_msgs/msg/detail
[0.410s] -- Up-to-date: /home/admin/ros2_ws/install/robotnik_io_msgs/include/robotnik_io_msgs/robotnik_io_msgs/msg/detail/digital_io__type_support.c
[0.410s] -- Up-to-date: /home/admin/ros2_ws/install/robotnik_io_msgs/include/robotnik_io_msgs/robotnik_io_msgs/msg/detail/register__type_support.c
[0.410s] -- Up-to-date: /home/admin/ros2_ws/install/robotnik_io_msgs/include/robotnik_io_msgs/robotnik_io_msgs/msg/detail/inputs_outputs__rosidl_typesupport_introspection_c.h
[0.410s] -- Up-to-date: /home/admin/ros2_ws/install/robotnik_io_msgs/include/robotnik_io_msgs/robotnik_io_msgs/msg/detail/register_array__type_support.c
[0.410s] -- Up-to-date: /home/admin/ros2_ws/install/robotnik_io_msgs/include/robotnik_io_msgs/robotnik_io_msgs/msg/detail/analog_io__type_support.c
[0.410s] -- Up-to-date: /home/admin/ros2_ws/install/robotnik_io_msgs/include/robotnik_io_msgs/robotnik_io_msgs/msg/detail/digital_io__rosidl_typesupport_introspection_c.h
[0.410s] -- Up-to-date: /home/admin/ros2_ws/install/robotnik_io_msgs/include/robotnik_io_msgs/robotnik_io_msgs/msg/detail/inputs_outputs__type_support.c
[0.410s] -- Up-to-date: /home/admin/ros2_ws/install/robotnik_io_msgs/include/robotnik_io_msgs/robotnik_io_msgs/msg/detail/register__rosidl_typesupport_introspection_c.h
[0.410s] -- Up-to-date: /home/admin/ros2_ws/install/robotnik_io_msgs/include/robotnik_io_msgs/robotnik_io_msgs/msg/detail/register_array__rosidl_typesupport_introspection_c.h
[0.410s] -- Up-to-date: /home/admin/ros2_ws/install/robotnik_io_msgs/include/robotnik_io_msgs/robotnik_io_msgs/msg/detail/analog_io__rosidl_typesupport_introspection_c.h
[0.410s] -- Up-to-date: /home/admin/ros2_ws/install/robotnik_io_msgs/include/robotnik_io_msgs/robotnik_io_msgs/msg/rosidl_typesupport_introspection_c__visibility_control.h
[0.410s] -- Up-to-date: /home/admin/ros2_ws/install/robotnik_io_msgs/lib/librobotnik_io_msgs__rosidl_typesupport_introspection_c.so
[0.410s] -- Up-to-date: /home/admin/ros2_ws/install/robotnik_io_msgs/lib/librobotnik_io_msgs__rosidl_typesupport_c.so
[0.410s] -- Up-to-date: /home/admin/ros2_ws/install/robotnik_io_msgs/include/robotnik_io_msgs/robotnik_io_msgs
[0.410s] -- Up-to-date: /home/admin/ros2_ws/install/robotnik_io_msgs/include/robotnik_io_msgs/robotnik_io_msgs/srv
[0.410s] -- Up-to-date: /home/admin/ros2_ws/install/robotnik_io_msgs/include/robotnik_io_msgs/robotnik_io_msgs/srv/detail
[0.410s] -- Up-to-date: /home/admin/ros2_ws/install/robotnik_io_msgs/include/robotnik_io_msgs/robotnik_io_msgs/srv/detail/set_analog_output_array__rosidl_typesupport_introspection_cpp.hpp
[0.410s] -- Up-to-date: /home/admin/ros2_ws/install/robotnik_io_msgs/include/robotnik_io_msgs/robotnik_io_msgs/srv/detail/set_analog_output__type_support.cpp
[0.410s] -- Up-to-date: /home/admin/ros2_ws/install/robotnik_io_msgs/include/robotnik_io_msgs/robotnik_io_msgs/srv/detail/set_registers__type_support.cpp
[0.410s] -- Up-to-date: /home/admin/ros2_ws/install/robotnik_io_msgs/include/robotnik_io_msgs/robotnik_io_msgs/srv/detail/set_analog_output_array__type_support.cpp
[0.410s] -- Up-to-date: /home/admin/ros2_ws/install/robotnik_io_msgs/include/robotnik_io_msgs/robotnik_io_msgs/srv/detail/get_registers__type_support.cpp
[0.411s] -- Up-to-date: /home/admin/ros2_ws/install/robotnik_io_msgs/include/robotnik_io_msgs/robotnik_io_msgs/srv/detail/set_digital_output__type_support.cpp
[0.411s] -- Up-to-date: /home/admin/ros2_ws/install/robotnik_io_msgs/include/robotnik_io_msgs/robotnik_io_msgs/srv/detail/set_registers__rosidl_typesupport_introspection_cpp.hpp
[0.411s] -- Up-to-date: /home/admin/ros2_ws/install/robotnik_io_msgs/include/robotnik_io_msgs/robotnik_io_msgs/srv/detail/set_analog_output__rosidl_typesupport_introspection_cpp.hpp
[0.411s] -- Up-to-date: /home/admin/ros2_ws/install/robotnik_io_msgs/include/robotnik_io_msgs/robotnik_io_msgs/srv/detail/get_registers__rosidl_typesupport_introspection_cpp.hpp
[0.411s] -- Up-to-date: /home/admin/ros2_ws/install/robotnik_io_msgs/include/robotnik_io_msgs/robotnik_io_msgs/srv/detail/set_digital_output_array__rosidl_typesupport_introspection_cpp.hpp
[0.411s] -- Up-to-date: /home/admin/ros2_ws/install/robotnik_io_msgs/include/robotnik_io_msgs/robotnik_io_msgs/srv/detail/set_digital_output__rosidl_typesupport_introspection_cpp.hpp
[0.411s] -- Up-to-date: /home/admin/ros2_ws/install/robotnik_io_msgs/include/robotnik_io_msgs/robotnik_io_msgs/srv/detail/set_digital_output_array__type_support.cpp
[0.411s] -- Up-to-date: /home/admin/ros2_ws/install/robotnik_io_msgs/include/robotnik_io_msgs/robotnik_io_msgs/msg
[0.411s] -- Up-to-date: /home/admin/ros2_ws/install/robotnik_io_msgs/include/robotnik_io_msgs/robotnik_io_msgs/msg/detail
[0.411s] -- Up-to-date: /home/admin/ros2_ws/install/robotnik_io_msgs/include/robotnik_io_msgs/robotnik_io_msgs/msg/detail/inputs_outputs__type_support.cpp
[0.411s] -- Up-to-date: /home/admin/ros2_ws/install/robotnik_io_msgs/include/robotnik_io_msgs/robotnik_io_msgs/msg/detail/analog_io__type_support.cpp
[0.411s] -- Up-to-date: /home/admin/ros2_ws/install/robotnik_io_msgs/include/robotnik_io_msgs/robotnik_io_msgs/msg/detail/inputs_outputs__rosidl_typesupport_introspection_cpp.hpp
[0.411s] -- Up-to-date: /home/admin/ros2_ws/install/robotnik_io_msgs/include/robotnik_io_msgs/robotnik_io_msgs/msg/detail/register__type_support.cpp
[0.411s] -- Up-to-date: /home/admin/ros2_ws/install/robotnik_io_msgs/include/robotnik_io_msgs/robotnik_io_msgs/msg/detail/digital_io__rosidl_typesupport_introspection_cpp.hpp
[0.411s] -- Up-to-date: /home/admin/ros2_ws/install/robotnik_io_msgs/include/robotnik_io_msgs/robotnik_io_msgs/msg/detail/register_array__type_support.cpp
[0.411s] -- Up-to-date: /home/admin/ros2_ws/install/robotnik_io_msgs/include/robotnik_io_msgs/robotnik_io_msgs/msg/detail/register_array__rosidl_typesupport_introspection_cpp.hpp
[0.411s] -- Up-to-date: /home/admin/ros2_ws/install/robotnik_io_msgs/include/robotnik_io_msgs/robotnik_io_msgs/msg/detail/analog_io__rosidl_typesupport_introspection_cpp.hpp
[0.411s] -- Up-to-date: /home/admin/ros2_ws/install/robotnik_io_msgs/include/robotnik_io_msgs/robotnik_io_msgs/msg/detail/register__rosidl_typesupport_introspection_cpp.hpp
[0.411s] -- Up-to-date: /home/admin/ros2_ws/install/robotnik_io_msgs/include/robotnik_io_msgs/robotnik_io_msgs/msg/detail/digital_io__type_support.cpp
[0.411s] -- Up-to-date: /home/admin/ros2_ws/install/robotnik_io_msgs/lib/librobotnik_io_msgs__rosidl_typesupport_introspection_cpp.so
[0.411s] -- Up-to-date: /home/admin/ros2_ws/install/robotnik_io_msgs/lib/librobotnik_io_msgs__rosidl_typesupport_cpp.so
[0.411s] -- Up-to-date: /home/admin/ros2_ws/install/robotnik_io_msgs/share/robotnik_io_msgs/environment/pythonpath.sh
[0.411s] -- Up-to-date: /home/admin/ros2_ws/install/robotnik_io_msgs/share/robotnik_io_msgs/environment/pythonpath.dsv
[0.411s] -- Up-to-date: /home/admin/ros2_ws/install/robotnik_io_msgs/local/lib/python3.10/dist-packages/robotnik_io_msgs-1.0.0-py3.10.egg-info
[0.411s] -- Installing: /home/admin/ros2_ws/install/robotnik_io_msgs/local/lib/python3.10/dist-packages/robotnik_io_msgs-1.0.0-py3.10.egg-info/PKG-INFO
[0.411s] -- Installing: /home/admin/ros2_ws/install/robotnik_io_msgs/local/lib/python3.10/dist-packages/robotnik_io_msgs-1.0.0-py3.10.egg-info/SOURCES.txt
[0.411s] -- Installing: /home/admin/ros2_ws/install/robotnik_io_msgs/local/lib/python3.10/dist-packages/robotnik_io_msgs-1.0.0-py3.10.egg-info/dependency_links.txt
[0.411s] -- Installing: /home/admin/ros2_ws/install/robotnik_io_msgs/local/lib/python3.10/dist-packages/robotnik_io_msgs-1.0.0-py3.10.egg-info/top_level.txt
[0.412s] -- Up-to-date: /home/admin/ros2_ws/install/robotnik_io_msgs/local/lib/python3.10/dist-packages/robotnik_io_msgs
[0.412s] -- Up-to-date: /home/admin/ros2_ws/install/robotnik_io_msgs/local/lib/python3.10/dist-packages/robotnik_io_msgs/_robotnik_io_msgs_s.ep.rosidl_typesupport_c.c
[0.412s] -- Up-to-date: /home/admin/ros2_ws/install/robotnik_io_msgs/local/lib/python3.10/dist-packages/robotnik_io_msgs/_robotnik_io_msgs_s.ep.rosidl_typesupport_fastrtps_c.c
[0.412s] -- Up-to-date: /home/admin/ros2_ws/install/robotnik_io_msgs/local/lib/python3.10/dist-packages/robotnik_io_msgs/__init__.py
[0.412s] -- Up-to-date: /home/admin/ros2_ws/install/robotnik_io_msgs/local/lib/python3.10/dist-packages/robotnik_io_msgs/robotnik_io_msgs_s__rosidl_typesupport_fastrtps_c.cpython-310-x86_64-linux-gnu.so
[0.412s] -- Up-to-date: /home/admin/ros2_ws/install/robotnik_io_msgs/local/lib/python3.10/dist-packages/robotnik_io_msgs/srv
[0.412s] -- Up-to-date: /home/admin/ros2_ws/install/robotnik_io_msgs/local/lib/python3.10/dist-packages/robotnik_io_msgs/srv/_set_digital_output_s.c
[0.412s] -- Up-to-date: /home/admin/ros2_ws/install/robotnik_io_msgs/local/lib/python3.10/dist-packages/robotnik_io_msgs/srv/_set_analog_output.py
[0.412s] -- Up-to-date: /home/admin/ros2_ws/install/robotnik_io_msgs/local/lib/python3.10/dist-packages/robotnik_io_msgs/srv/_set_analog_output_array_s.c
[0.412s] -- Up-to-date: /home/admin/ros2_ws/install/robotnik_io_msgs/local/lib/python3.10/dist-packages/robotnik_io_msgs/srv/_set_digital_output.py
[0.412s] -- Up-to-date: /home/admin/ros2_ws/install/robotnik_io_msgs/local/lib/python3.10/dist-packages/robotnik_io_msgs/srv/_get_registers_s.c
[0.412s] -- Up-to-date: /home/admin/ros2_ws/install/robotnik_io_msgs/local/lib/python3.10/dist-packages/robotnik_io_msgs/srv/__init__.py
[0.412s] -- Up-to-date: /home/admin/ros2_ws/install/robotnik_io_msgs/local/lib/python3.10/dist-packages/robotnik_io_msgs/srv/_set_analog_output_array.py
[0.412s] -- Up-to-date: /home/admin/ros2_ws/install/robotnik_io_msgs/local/lib/python3.10/dist-packages/robotnik_io_msgs/srv/_set_registers.py
[0.412s] -- Up-to-date: /home/admin/ros2_ws/install/robotnik_io_msgs/local/lib/python3.10/dist-packages/robotnik_io_msgs/srv/_set_digital_output_array_s.c
[0.412s] -- Up-to-date: /home/admin/ros2_ws/install/robotnik_io_msgs/local/lib/python3.10/dist-packages/robotnik_io_msgs/srv/_set_registers_s.c
[0.412s] -- Up-to-date: /home/admin/ros2_ws/install/robotnik_io_msgs/local/lib/python3.10/dist-packages/robotnik_io_msgs/srv/_set_analog_output_s.c
[0.412s] -- Up-to-date: /home/admin/ros2_ws/install/robotnik_io_msgs/local/lib/python3.10/dist-packages/robotnik_io_msgs/srv/_set_digital_output_array.py
[0.412s] -- Up-to-date: /home/admin/ros2_ws/install/robotnik_io_msgs/local/lib/python3.10/dist-packages/robotnik_io_msgs/srv/_get_registers.py
[0.412s] -- Up-to-date: /home/admin/ros2_ws/install/robotnik_io_msgs/local/lib/python3.10/dist-packages/robotnik_io_msgs/robotnik_io_msgs_s__rosidl_typesupport_c.cpython-310-x86_64-linux-gnu.so
[0.412s] -- Up-to-date: /home/admin/ros2_ws/install/robotnik_io_msgs/local/lib/python3.10/dist-packages/robotnik_io_msgs/robotnik_io_msgs_s__rosidl_typesupport_introspection_c.cpython-310-x86_64-linux-gnu.so
[0.412s] -- Up-to-date: /home/admin/ros2_ws/install/robotnik_io_msgs/local/lib/python3.10/dist-packages/robotnik_io_msgs/_robotnik_io_msgs_s.ep.rosidl_typesupport_introspection_c.c
[0.412s] -- Up-to-date: /home/admin/ros2_ws/install/robotnik_io_msgs/local/lib/python3.10/dist-packages/robotnik_io_msgs/msg
[0.412s] -- Up-to-date: /home/admin/ros2_ws/install/robotnik_io_msgs/local/lib/python3.10/dist-packages/robotnik_io_msgs/msg/_analog_io.py
[0.412s] -- Up-to-date: /home/admin/ros2_ws/install/robotnik_io_msgs/local/lib/python3.10/dist-packages/robotnik_io_msgs/msg/_digital_io_s.c
[0.412s] -- Up-to-date: /home/admin/ros2_ws/install/robotnik_io_msgs/local/lib/python3.10/dist-packages/robotnik_io_msgs/msg/_register.py
[0.412s] -- Up-to-date: /home/admin/ros2_ws/install/robotnik_io_msgs/local/lib/python3.10/dist-packages/robotnik_io_msgs/msg/_register_array_s.c
[0.412s] -- Up-to-date: /home/admin/ros2_ws/install/robotnik_io_msgs/local/lib/python3.10/dist-packages/robotnik_io_msgs/msg/_register_array.py
[0.412s] -- Up-to-date: /home/admin/ros2_ws/install/robotnik_io_msgs/local/lib/python3.10/dist-packages/robotnik_io_msgs/msg/__init__.py
[0.412s] -- Up-to-date: /home/admin/ros2_ws/install/robotnik_io_msgs/local/lib/python3.10/dist-packages/robotnik_io_msgs/msg/_analog_io_s.c
[0.412s] -- Up-to-date: /home/admin/ros2_ws/install/robotnik_io_msgs/local/lib/python3.10/dist-packages/robotnik_io_msgs/msg/_inputs_outputs_s.c
[0.412s] -- Up-to-date: /home/admin/ros2_ws/install/robotnik_io_msgs/local/lib/python3.10/dist-packages/robotnik_io_msgs/msg/_digital_io.py
[0.412s] -- Up-to-date: /home/admin/ros2_ws/install/robotnik_io_msgs/local/lib/python3.10/dist-packages/robotnik_io_msgs/msg/_register_s.c
[0.412s] -- Up-to-date: /home/admin/ros2_ws/install/robotnik_io_msgs/local/lib/python3.10/dist-packages/robotnik_io_msgs/msg/_inputs_outputs.py
[0.412s] -- Up-to-date: /home/admin/ros2_ws/install/robotnik_io_msgs/local/lib/python3.10/dist-packages/robotnik_io_msgs/librobotnik_io_msgs__rosidl_generator_py.so
[0.417s] Listing '/home/admin/ros2_ws/install/robotnik_io_msgs/local/lib/python3.10/dist-packages/robotnik_io_msgs'...
[0.417s] Listing '/home/admin/ros2_ws/install/robotnik_io_msgs/local/lib/python3.10/dist-packages/robotnik_io_msgs/msg'...
[0.417s] Listing '/home/admin/ros2_ws/install/robotnik_io_msgs/local/lib/python3.10/dist-packages/robotnik_io_msgs/srv'...
[0.417s] -- Up-to-date: /home/admin/ros2_ws/install/robotnik_io_msgs/local/lib/python3.10/dist-packages/robotnik_io_msgs/robotnik_io_msgs_s__rosidl_typesupport_fastrtps_c.cpython-310-x86_64-linux-gnu.so
[0.417s] -- Up-to-date: /home/admin/ros2_ws/install/robotnik_io_msgs/local/lib/python3.10/dist-packages/robotnik_io_msgs/robotnik_io_msgs_s__rosidl_typesupport_introspection_c.cpython-310-x86_64-linux-gnu.so
[0.417s] -- Up-to-date: /home/admin/ros2_ws/install/robotnik_io_msgs/local/lib/python3.10/dist-packages/robotnik_io_msgs/robotnik_io_msgs_s__rosidl_typesupport_c.cpython-310-x86_64-linux-gnu.so
[0.418s] -- Up-to-date: /home/admin/ros2_ws/install/robotnik_io_msgs/lib/librobotnik_io_msgs__rosidl_generator_py.so
[0.418s] -- Up-to-date: /home/admin/ros2_ws/install/robotnik_io_msgs/share/robotnik_io_msgs/msg/AnalogIO.idl
[0.418s] -- Up-to-date: /home/admin/ros2_ws/install/robotnik_io_msgs/share/robotnik_io_msgs/msg/DigitalIO.idl
[0.418s] -- Up-to-date: /home/admin/ros2_ws/install/robotnik_io_msgs/share/robotnik_io_msgs/msg/InputsOutputs.idl
[0.418s] -- Up-to-date: /home/admin/ros2_ws/install/robotnik_io_msgs/share/robotnik_io_msgs/msg/RegisterArray.idl
[0.418s] -- Up-to-date: /home/admin/ros2_ws/install/robotnik_io_msgs/share/robotnik_io_msgs/msg/Register.idl
[0.418s] -- Up-to-date: /home/admin/ros2_ws/install/robotnik_io_msgs/share/robotnik_io_msgs/srv/GetRegisters.idl
[0.418s] -- Up-to-date: /home/admin/ros2_ws/install/robotnik_io_msgs/share/robotnik_io_msgs/srv/SetAnalogOutput.idl
[0.418s] -- Up-to-date: /home/admin/ros2_ws/install/robotnik_io_msgs/share/robotnik_io_msgs/srv/SetAnalogOutputArray.idl
[0.418s] -- Up-to-date: /home/admin/ros2_ws/install/robotnik_io_msgs/share/robotnik_io_msgs/srv/SetDigitalOutput.idl
[0.418s] -- Up-to-date: /home/admin/ros2_ws/install/robotnik_io_msgs/share/robotnik_io_msgs/srv/SetDigitalOutputArray.idl
[0.418s] -- Up-to-date: /home/admin/ros2_ws/install/robotnik_io_msgs/share/robotnik_io_msgs/srv/SetRegisters.idl
[0.418s] -- Up-to-date: /home/admin/ros2_ws/install/robotnik_io_msgs/share/robotnik_io_msgs/msg/AnalogIO.msg
[0.418s] -- Up-to-date: /home/admin/ros2_ws/install/robotnik_io_msgs/share/robotnik_io_msgs/msg/DigitalIO.msg
[0.418s] -- Up-to-date: /home/admin/ros2_ws/install/robotnik_io_msgs/share/robotnik_io_msgs/msg/InputsOutputs.msg
[0.418s] -- Up-to-date: /home/admin/ros2_ws/install/robotnik_io_msgs/share/robotnik_io_msgs/msg/RegisterArray.msg
[0.418s] -- Up-to-date: /home/admin/ros2_ws/install/robotnik_io_msgs/share/robotnik_io_msgs/msg/Register.msg
[0.418s] -- Up-to-date: /home/admin/ros2_ws/install/robotnik_io_msgs/share/robotnik_io_msgs/srv/GetRegisters.srv
[0.418s] -- Up-to-date: /home/admin/ros2_ws/install/robotnik_io_msgs/share/robotnik_io_msgs/srv/GetRegisters_Request.msg
[0.418s] -- Up-to-date: /home/admin/ros2_ws/install/robotnik_io_msgs/share/robotnik_io_msgs/srv/GetRegisters_Response.msg
[0.418s] -- Up-to-date: /home/admin/ros2_ws/install/robotnik_io_msgs/share/robotnik_io_msgs/srv/SetAnalogOutput.srv
[0.418s] -- Up-to-date: /home/admin/ros2_ws/install/robotnik_io_msgs/share/robotnik_io_msgs/srv/SetAnalogOutput_Request.msg
[0.418s] -- Up-to-date: /home/admin/ros2_ws/install/robotnik_io_msgs/share/robotnik_io_msgs/srv/SetAnalogOutput_Response.msg
[0.418s] -- Up-to-date: /home/admin/ros2_ws/install/robotnik_io_msgs/share/robotnik_io_msgs/srv/SetAnalogOutputArray.srv
[0.418s] -- Up-to-date: /home/admin/ros2_ws/install/robotnik_io_msgs/share/robotnik_io_msgs/srv/SetAnalogOutputArray_Request.msg
[0.418s] -- Up-to-date: /home/admin/ros2_ws/install/robotnik_io_msgs/share/robotnik_io_msgs/srv/SetAnalogOutputArray_Response.msg
[0.418s] -- Up-to-date: /home/admin/ros2_ws/install/robotnik_io_msgs/share/robotnik_io_msgs/srv/SetDigitalOutput.srv
[0.418s] -- Up-to-date: /home/admin/ros2_ws/install/robotnik_io_msgs/share/robotnik_io_msgs/srv/SetDigitalOutput_Request.msg
[0.418s] -- Up-to-date: /home/admin/ros2_ws/install/robotnik_io_msgs/share/robotnik_io_msgs/srv/SetDigitalOutput_Response.msg
[0.418s] -- Up-to-date: /home/admin/ros2_ws/install/robotnik_io_msgs/share/robotnik_io_msgs/srv/SetDigitalOutputArray.srv
[0.418s] -- Up-to-date: /home/admin/ros2_ws/install/robotnik_io_msgs/share/robotnik_io_msgs/srv/SetDigitalOutputArray_Request.msg
[0.418s] -- Up-to-date: /home/admin/ros2_ws/install/robotnik_io_msgs/share/robotnik_io_msgs/srv/SetDigitalOutputArray_Response.msg
[0.418s] -- Up-to-date: /home/admin/ros2_ws/install/robotnik_io_msgs/share/robotnik_io_msgs/srv/SetRegisters.srv
[0.418s] -- Up-to-date: /home/admin/ros2_ws/install/robotnik_io_msgs/share/robotnik_io_msgs/srv/SetRegisters_Request.msg
[0.419s] -- Up-to-date: /home/admin/ros2_ws/install/robotnik_io_msgs/share/robotnik_io_msgs/srv/SetRegisters_Response.msg
[0.419s] -- Up-to-date: /home/admin/ros2_ws/install/robotnik_io_msgs/share/ament_index/resource_index/package_run_dependencies/robotnik_io_msgs
[0.419s] -- Up-to-date: /home/admin/ros2_ws/install/robotnik_io_msgs/share/ament_index/resource_index/parent_prefix_path/robotnik_io_msgs
[0.419s] -- Up-to-date: /home/admin/ros2_ws/install/robotnik_io_msgs/share/robotnik_io_msgs/environment/ament_prefix_path.sh
[0.419s] -- Up-to-date: /home/admin/ros2_ws/install/robotnik_io_msgs/share/robotnik_io_msgs/environment/ament_prefix_path.dsv
[0.419s] -- Up-to-date: /home/admin/ros2_ws/install/robotnik_io_msgs/share/robotnik_io_msgs/environment/path.sh
[0.419s] -- Up-to-date: /home/admin/ros2_ws/install/robotnik_io_msgs/share/robotnik_io_msgs/environment/path.dsv
[0.419s] -- Up-to-date: /home/admin/ros2_ws/install/robotnik_io_msgs/share/robotnik_io_msgs/local_setup.bash
[0.419s] -- Up-to-date: /home/admin/ros2_ws/install/robotnik_io_msgs/share/robotnik_io_msgs/local_setup.sh
[0.419s] -- Up-to-date: /home/admin/ros2_ws/install/robotnik_io_msgs/share/robotnik_io_msgs/local_setup.zsh
[0.419s] -- Up-to-date: /home/admin/ros2_ws/install/robotnik_io_msgs/share/robotnik_io_msgs/local_setup.dsv
[0.419s] -- Installing: /home/admin/ros2_ws/install/robotnik_io_msgs/share/robotnik_io_msgs/package.dsv
[0.419s] -- Up-to-date: /home/admin/ros2_ws/install/robotnik_io_msgs/share/ament_index/resource_index/packages/robotnik_io_msgs
[0.419s] -- Up-to-date: /home/admin/ros2_ws/install/robotnik_io_msgs/share/robotnik_io_msgs/cmake/export_robotnik_io_msgs__rosidl_generator_cExport.cmake
[0.419s] -- Up-to-date: /home/admin/ros2_ws/install/robotnik_io_msgs/share/robotnik_io_msgs/cmake/export_robotnik_io_msgs__rosidl_generator_cExport-noconfig.cmake
[0.419s] -- Up-to-date: /home/admin/ros2_ws/install/robotnik_io_msgs/share/robotnik_io_msgs/cmake/export_robotnik_io_msgs__rosidl_typesupport_fastrtps_cExport.cmake
[0.419s] -- Up-to-date: /home/admin/ros2_ws/install/robotnik_io_msgs/share/robotnik_io_msgs/cmake/export_robotnik_io_msgs__rosidl_typesupport_fastrtps_cExport-noconfig.cmake
[0.419s] -- Up-to-date: /home/admin/ros2_ws/install/robotnik_io_msgs/share/robotnik_io_msgs/cmake/export_robotnik_io_msgs__rosidl_generator_cppExport.cmake
[0.419s] -- Up-to-date: /home/admin/ros2_ws/install/robotnik_io_msgs/share/robotnik_io_msgs/cmake/export_robotnik_io_msgs__rosidl_typesupport_fastrtps_cppExport.cmake
[0.419s] -- Up-to-date: /home/admin/ros2_ws/install/robotnik_io_msgs/share/robotnik_io_msgs/cmake/export_robotnik_io_msgs__rosidl_typesupport_fastrtps_cppExport-noconfig.cmake
[0.419s] -- Up-to-date: /home/admin/ros2_ws/install/robotnik_io_msgs/share/robotnik_io_msgs/cmake/robotnik_io_msgs__rosidl_typesupport_introspection_cExport.cmake
[0.419s] -- Up-to-date: /home/admin/ros2_ws/install/robotnik_io_msgs/share/robotnik_io_msgs/cmake/robotnik_io_msgs__rosidl_typesupport_introspection_cExport-noconfig.cmake
[0.419s] -- Up-to-date: /home/admin/ros2_ws/install/robotnik_io_msgs/share/robotnik_io_msgs/cmake/robotnik_io_msgs__rosidl_typesupport_cExport.cmake
[0.419s] -- Up-to-date: /home/admin/ros2_ws/install/robotnik_io_msgs/share/robotnik_io_msgs/cmake/robotnik_io_msgs__rosidl_typesupport_cExport-noconfig.cmake
[0.419s] -- Up-to-date: /home/admin/ros2_ws/install/robotnik_io_msgs/share/robotnik_io_msgs/cmake/robotnik_io_msgs__rosidl_typesupport_introspection_cppExport.cmake
[0.419s] -- Up-to-date: /home/admin/ros2_ws/install/robotnik_io_msgs/share/robotnik_io_msgs/cmake/robotnik_io_msgs__rosidl_typesupport_introspection_cppExport-noconfig.cmake
[0.419s] -- Up-to-date: /home/admin/ros2_ws/install/robotnik_io_msgs/share/robotnik_io_msgs/cmake/robotnik_io_msgs__rosidl_typesupport_cppExport.cmake
[0.419s] -- Up-to-date: /home/admin/ros2_ws/install/robotnik_io_msgs/share/robotnik_io_msgs/cmake/robotnik_io_msgs__rosidl_typesupport_cppExport-noconfig.cmake
[0.419s] -- Up-to-date: /home/admin/ros2_ws/install/robotnik_io_msgs/share/robotnik_io_msgs/cmake/export_robotnik_io_msgs__rosidl_generator_pyExport.cmake
[0.419s] -- Up-to-date: /home/admin/ros2_ws/install/robotnik_io_msgs/share/robotnik_io_msgs/cmake/export_robotnik_io_msgs__rosidl_generator_pyExport-noconfig.cmake
[0.419s] -- Up-to-date: /home/admin/ros2_ws/install/robotnik_io_msgs/share/robotnik_io_msgs/cmake/rosidl_cmake-extras.cmake
[0.419s] -- Up-to-date: /home/admin/ros2_ws/install/robotnik_io_msgs/share/robotnik_io_msgs/cmake/ament_cmake_export_dependencies-extras.cmake
[0.419s] -- Up-to-date: /home/admin/ros2_ws/install/robotnik_io_msgs/share/robotnik_io_msgs/cmake/ament_cmake_export_include_directories-extras.cmake
[0.419s] -- Up-to-date: /home/admin/ros2_ws/install/robotnik_io_msgs/share/robotnik_io_msgs/cmake/ament_cmake_export_libraries-extras.cmake
[0.419s] -- Up-to-date: /home/admin/ros2_ws/install/robotnik_io_msgs/share/robotnik_io_msgs/cmake/ament_cmake_export_targets-extras.cmake
[0.420s] -- Up-to-date: /home/admin/ros2_ws/install/robotnik_io_msgs/share/robotnik_io_msgs/cmake/rosidl_cmake_export_typesupport_targets-extras.cmake
[0.420s] -- Up-to-date: /home/admin/ros2_ws/install/robotnik_io_msgs/share/robotnik_io_msgs/cmake/rosidl_cmake_export_typesupport_libraries-extras.cmake
[0.420s] -- Up-to-date: /home/admin/ros2_ws/install/robotnik_io_msgs/share/robotnik_io_msgs/cmake/robotnik_io_msgsConfig.cmake
[0.420s] -- Up-to-date: /home/admin/ros2_ws/install/robotnik_io_msgs/share/robotnik_io_msgs/cmake/robotnik_io_msgsConfig-version.cmake
[0.420s] -- Up-to-date: /home/admin/ros2_ws/install/robotnik_io_msgs/share/robotnik_io_msgs/package.xml
[0.444s] Invoked command in '/home/admin/ros2_ws/build/robotnik_io_msgs' returned '0': CMAKE_PREFIX_PATH=/home/admin/ros2_ws/install/robotnik_common_msgs:/home/admin/ros2_ws/install/robotnik_supervisor_msgs:/home/admin/ros2_ws/install/robotnik_gazebo_ignition:/home/admin/ros2_ws/install/robotnik_gazebo_classic:/home/admin/ros2_ws/install/robotnik_description:/home/admin/ros2_ws/install/robotnik_sensors:/home/admin/ros2_ws/install/robotnik_interfaces:/home/admin/ros2_ws/install/robotnik_perception_msgs:/home/admin/ros2_ws/install/robotnik_navigation_msgs:/home/admin/ros2_ws/install/robotnik_io_msgs:/home/admin/ros2_ws/install/robotnik_controllers_msgs:/home/admin/ros2_ws/install/robotnik_common:/home/admin/ros2_ws/install/robotnik_battery_msgs:/home/admin/ros2_ws/install/robotnik_safety_msgs:/home/admin/ros2_ws/install/rbvogui_cartographer:/opt/ros/humble LD_LIBRARY_PATH=/home/admin/ros2_ws/install/robotnik_common_msgs/lib:/home/admin/ros2_ws/install/robotnik_supervisor_msgs/lib:/home/admin/ros2_ws/install/robotnik_perception_msgs/lib:/home/admin/ros2_ws/install/robotnik_navigation_msgs/lib:/home/admin/ros2_ws/install/robotnik_io_msgs/lib:/home/admin/ros2_ws/install/robotnik_controllers_msgs/lib:/home/admin/ros2_ws/install/robotnik_battery_msgs/lib:/usr/lib/x86_64-linux-gnu/gazebo-11/plugins:/opt/ros/humble/opt/rviz_ogre_vendor/lib:/opt/ros/humble/lib/x86_64-linux-gnu:/opt/ros/humble/lib /usr/bin/cmake --install /home/admin/ros2_ws/build/robotnik_io_msgs
