[0.009s] Invoking command in '/home/admin/ros2_ws/build/robotnik_io_msgs': CMAKE_PREFIX_PATH=/home/admin/ros2_ws/install/robotnik_common_msgs:/home/admin/ros2_ws/install/robotnik_supervisor_msgs:/home/admin/ros2_ws/install/robotnik_gazebo_ignition:/home/admin/ros2_ws/install/robotnik_gazebo_classic:/home/admin/ros2_ws/install/robotnik_description:/home/admin/ros2_ws/install/robotnik_sensors:/home/admin/ros2_ws/install/robotnik_interfaces:/home/admin/ros2_ws/install/robotnik_perception_msgs:/home/admin/ros2_ws/install/robotnik_navigation_msgs:/home/admin/ros2_ws/install/robotnik_io_msgs:/home/admin/ros2_ws/install/robotnik_controllers_msgs:/home/admin/ros2_ws/install/robotnik_common:/home/admin/ros2_ws/install/robotnik_battery_msgs:/home/admin/ros2_ws/install/robotnik_safety_msgs:/home/admin/ros2_ws/install/rbvogui_cartographer:/opt/ros/humble LD_LIBRARY_PATH=/home/admin/ros2_ws/install/robotnik_common_msgs/lib:/home/admin/ros2_ws/install/robotnik_supervisor_msgs/lib:/home/admin/ros2_ws/install/robotnik_perception_msgs/lib:/home/admin/ros2_ws/install/robotnik_navigation_msgs/lib:/home/admin/ros2_ws/install/robotnik_io_msgs/lib:/home/admin/ros2_ws/install/robotnik_controllers_msgs/lib:/home/admin/ros2_ws/install/robotnik_battery_msgs/lib:/usr/lib/x86_64-linux-gnu/gazebo-11/plugins:/opt/ros/humble/opt/rviz_ogre_vendor/lib:/opt/ros/humble/lib/x86_64-linux-gnu:/opt/ros/humble/lib /usr/bin/cmake /home/admin/ros2_ws/src/robotnik_interfaces/robotnik_io_msgs -DCMAKE_INSTALL_PREFIX=/home/admin/ros2_ws/install/robotnik_io_msgs
[0.048s] -- The C compiler identification is GNU 11.4.0
[0.084s] -- The CXX compiler identification is GNU 11.4.0
[0.088s] -- Detecting C compiler ABI info
[0.134s] -- Detecting C compiler ABI info - done
[0.140s] -- Check for working C compiler: /usr/bin/cc - skipped
[0.140s] -- Detecting C compile features
[0.141s] -- Detecting C compile features - done
[0.142s] -- Detecting CXX compiler ABI info
[0.194s] -- Detecting CXX compiler ABI info - done
[0.199s] -- Check for working CXX compiler: /usr/bin/c++ - skipped
[0.199s] -- Detecting CXX compile features
[0.199s] -- Detecting CXX compile features - done
[0.201s] -- Found ament_cmake: 1.3.11 (/opt/ros/humble/share/ament_cmake/cmake)
[0.313s] -- Found Python3: /usr/bin/python3 (found version "3.10.12") found components: Interpreter 
[0.382s] -- Found builtin_interfaces: 1.2.1 (/opt/ros/humble/share/builtin_interfaces/cmake)
[0.404s] -- Found rosidl_generator_c: 3.1.6 (/opt/ros/humble/share/rosidl_generator_c/cmake)
[0.407s] -- Found rosidl_adapter: 3.1.6 (/opt/ros/humble/share/rosidl_adapter/cmake)
[0.412s] -- Found rosidl_generator_cpp: 3.1.6 (/opt/ros/humble/share/rosidl_generator_cpp/cmake)
[0.420s] -- Using all available rosidl_typesupport_c: rosidl_typesupport_fastrtps_c;rosidl_typesupport_introspection_c
[0.429s] -- Using all available rosidl_typesupport_cpp: rosidl_typesupport_fastrtps_cpp;rosidl_typesupport_introspection_cpp
[0.438s] -- Found rosidl_default_generators: 1.2.0 (/opt/ros/humble/share/rosidl_default_generators/cmake)
[0.443s] -- Found robotnik_common_msgs: 1.0.0 (/home/admin/ros2_ws/install/robotnik_common_msgs/share/robotnik_common_msgs/cmake)
[0.649s] -- Found ament_cmake_cppcheck: 0.12.12 (/opt/ros/humble/share/ament_cmake_cppcheck/cmake)
[0.651s] -- Found ament_cmake_cpplint: 0.12.12 (/opt/ros/humble/share/ament_cmake_cpplint/cmake)
[0.652s] -- Found ament_cmake_uncrustify: 0.12.12 (/opt/ros/humble/share/ament_cmake_uncrustify/cmake)
[0.654s] -- Found ament_cmake_ros: 0.10.0 (/opt/ros/humble/share/ament_cmake_ros/cmake)
[0.885s] -- Using all available rosidl_typesupport_c: rosidl_typesupport_fastrtps_c;rosidl_typesupport_introspection_c
[0.975s] -- Using all available rosidl_typesupport_cpp: rosidl_typesupport_fastrtps_cpp;rosidl_typesupport_introspection_cpp
[0.991s] -- Found PythonInterp: /usr/bin/python3 (found suitable version "3.10.12", minimum required is "3.6") 
[0.992s] -- Found python_cmake_module: 0.10.0 (/opt/ros/humble/share/python_cmake_module/cmake)
[1.018s] -- Found PythonLibs: /usr/lib/x86_64-linux-gnu/libpython3.10.so (found suitable version "3.10.12", minimum required is "3.5") 
[1.018s] -- Using PYTHON_EXECUTABLE: /usr/bin/python3
[1.018s] -- Using PYTHON_INCLUDE_DIRS: /usr/include/python3.10
[1.019s] -- Using PYTHON_LIBRARIES: /usr/lib/x86_64-linux-gnu/libpython3.10.so
[1.034s] -- Found PythonExtra: .so  
[1.072s] -- Found ament_cmake_flake8: 0.12.12 (/opt/ros/humble/share/ament_cmake_flake8/cmake)
[1.074s] -- Found ament_cmake_pep257: 0.12.12 (/opt/ros/humble/share/ament_cmake_pep257/cmake)
[1.077s] -- Found ament_lint_auto: 0.12.12 (/opt/ros/humble/share/ament_lint_auto/cmake)
[1.086s] -- Added test 'copyright' to check source files copyright and LICENSE
[1.086s] -- Added test 'lint_cmake' to check CMake code style
[1.086s] -- Added test 'xmllint' to check XML markup files
[1.088s] -- Configuring done
[1.123s] -- Generating done
[1.130s] -- Build files have been written to: /home/admin/ros2_ws/build/robotnik_io_msgs
[1.138s] Invoked command in '/home/admin/ros2_ws/build/robotnik_io_msgs' returned '0': CMAKE_PREFIX_PATH=/home/admin/ros2_ws/install/robotnik_common_msgs:/home/admin/ros2_ws/install/robotnik_supervisor_msgs:/home/admin/ros2_ws/install/robotnik_gazebo_ignition:/home/admin/ros2_ws/install/robotnik_gazebo_classic:/home/admin/ros2_ws/install/robotnik_description:/home/admin/ros2_ws/install/robotnik_sensors:/home/admin/ros2_ws/install/robotnik_interfaces:/home/admin/ros2_ws/install/robotnik_perception_msgs:/home/admin/ros2_ws/install/robotnik_navigation_msgs:/home/admin/ros2_ws/install/robotnik_io_msgs:/home/admin/ros2_ws/install/robotnik_controllers_msgs:/home/admin/ros2_ws/install/robotnik_common:/home/admin/ros2_ws/install/robotnik_battery_msgs:/home/admin/ros2_ws/install/robotnik_safety_msgs:/home/admin/ros2_ws/install/rbvogui_cartographer:/opt/ros/humble LD_LIBRARY_PATH=/home/admin/ros2_ws/install/robotnik_common_msgs/lib:/home/admin/ros2_ws/install/robotnik_supervisor_msgs/lib:/home/admin/ros2_ws/install/robotnik_perception_msgs/lib:/home/admin/ros2_ws/install/robotnik_navigation_msgs/lib:/home/admin/ros2_ws/install/robotnik_io_msgs/lib:/home/admin/ros2_ws/install/robotnik_controllers_msgs/lib:/home/admin/ros2_ws/install/robotnik_battery_msgs/lib:/usr/lib/x86_64-linux-gnu/gazebo-11/plugins:/opt/ros/humble/opt/rviz_ogre_vendor/lib:/opt/ros/humble/lib/x86_64-linux-gnu:/opt/ros/humble/lib /usr/bin/cmake /home/admin/ros2_ws/src/robotnik_interfaces/robotnik_io_msgs -DCMAKE_INSTALL_PREFIX=/home/admin/ros2_ws/install/robotnik_io_msgs
[1.139s] Invoking command in '/home/admin/ros2_ws/build/robotnik_io_msgs': CMAKE_PREFIX_PATH=/home/admin/ros2_ws/install/robotnik_common_msgs:/home/admin/ros2_ws/install/robotnik_supervisor_msgs:/home/admin/ros2_ws/install/robotnik_gazebo_ignition:/home/admin/ros2_ws/install/robotnik_gazebo_classic:/home/admin/ros2_ws/install/robotnik_description:/home/admin/ros2_ws/install/robotnik_sensors:/home/admin/ros2_ws/install/robotnik_interfaces:/home/admin/ros2_ws/install/robotnik_perception_msgs:/home/admin/ros2_ws/install/robotnik_navigation_msgs:/home/admin/ros2_ws/install/robotnik_io_msgs:/home/admin/ros2_ws/install/robotnik_controllers_msgs:/home/admin/ros2_ws/install/robotnik_common:/home/admin/ros2_ws/install/robotnik_battery_msgs:/home/admin/ros2_ws/install/robotnik_safety_msgs:/home/admin/ros2_ws/install/rbvogui_cartographer:/opt/ros/humble LD_LIBRARY_PATH=/home/admin/ros2_ws/install/robotnik_common_msgs/lib:/home/admin/ros2_ws/install/robotnik_supervisor_msgs/lib:/home/admin/ros2_ws/install/robotnik_perception_msgs/lib:/home/admin/ros2_ws/install/robotnik_navigation_msgs/lib:/home/admin/ros2_ws/install/robotnik_io_msgs/lib:/home/admin/ros2_ws/install/robotnik_controllers_msgs/lib:/home/admin/ros2_ws/install/robotnik_battery_msgs/lib:/usr/lib/x86_64-linux-gnu/gazebo-11/plugins:/opt/ros/humble/opt/rviz_ogre_vendor/lib:/opt/ros/humble/lib/x86_64-linux-gnu:/opt/ros/humble/lib /usr/bin/cmake --build /home/admin/ros2_ws/build/robotnik_io_msgs -- -j20 -l20
[1.169s] [  1%] [34m[1mGenerating C code for ROS interfaces[0m
[1.173s] [  1%] [34m[1mGenerating C++ code for ROS interfaces[0m
[1.184s] [  1%] Built target ament_cmake_python_copy_robotnik_io_msgs
[1.371s] running egg_info
[1.371s] creating robotnik_io_msgs.egg-info
[1.371s] writing robotnik_io_msgs.egg-info/PKG-INFO
[1.371s] writing dependency_links to robotnik_io_msgs.egg-info/dependency_links.txt
[1.372s] writing top-level names to robotnik_io_msgs.egg-info/top_level.txt
[1.372s] writing manifest file 'robotnik_io_msgs.egg-info/SOURCES.txt'
[1.373s] reading manifest file 'robotnik_io_msgs.egg-info/SOURCES.txt'
[1.374s] writing manifest file 'robotnik_io_msgs.egg-info/SOURCES.txt'
[1.394s] [  1%] Built target ament_cmake_python_build_robotnik_io_msgs_egg
[1.826s] [  1%] Built target robotnik_io_msgs__cpp
[1.835s] [  3%] [34m[1mGenerating C++ introspection for ROS interfaces[0m
[1.836s] [  3%] [34m[1mGenerating C++ type support dispatch for ROS interfaces[0m
[1.836s] [  3%] [34m[1mGenerating C++ type support for eProsima Fast-RTPS[0m
[2.417s] [  4%] [32mBuilding C object CMakeFiles/robotnik_io_msgs__rosidl_generator_c.dir/rosidl_generator_c/robotnik_io_msgs/msg/detail/register_array__functions.c.o[0m
[2.417s] [  5%] [32mBuilding C object CMakeFiles/robotnik_io_msgs__rosidl_generator_c.dir/rosidl_generator_c/robotnik_io_msgs/msg/detail/analog_io__functions.c.o[0m
[2.421s] [  7%] [32mBuilding C object CMakeFiles/robotnik_io_msgs__rosidl_generator_c.dir/rosidl_generator_c/robotnik_io_msgs/msg/detail/inputs_outputs__functions.c.o[0m
[2.422s] [  7%] [32mBuilding C object CMakeFiles/robotnik_io_msgs__rosidl_generator_c.dir/rosidl_generator_c/robotnik_io_msgs/msg/detail/digital_io__functions.c.o[0m
[2.429s] [  8%] [32mBuilding C object CMakeFiles/robotnik_io_msgs__rosidl_generator_c.dir/rosidl_generator_c/robotnik_io_msgs/srv/detail/get_registers__functions.c.o[0m
[2.429s] [  8%] [32mBuilding C object CMakeFiles/robotnik_io_msgs__rosidl_generator_c.dir/rosidl_generator_c/robotnik_io_msgs/srv/detail/set_analog_output_array__functions.c.o[0m
[2.431s] [  9%] [32mBuilding C object CMakeFiles/robotnik_io_msgs__rosidl_generator_c.dir/rosidl_generator_c/robotnik_io_msgs/srv/detail/set_analog_output__functions.c.o[0m
[2.436s] [ 10%] [32mBuilding C object CMakeFiles/robotnik_io_msgs__rosidl_generator_c.dir/rosidl_generator_c/robotnik_io_msgs/msg/detail/register__functions.c.o[0m
[2.438s] [ 11%] [32mBuilding C object CMakeFiles/robotnik_io_msgs__rosidl_generator_c.dir/rosidl_generator_c/robotnik_io_msgs/srv/detail/set_registers__functions.c.o[0m
[2.443s] [ 12%] [32mBuilding C object CMakeFiles/robotnik_io_msgs__rosidl_generator_c.dir/rosidl_generator_c/robotnik_io_msgs/srv/detail/set_digital_output_array__functions.c.o[0m
[2.449s] [ 13%] [32mBuilding C object CMakeFiles/robotnik_io_msgs__rosidl_generator_c.dir/rosidl_generator_c/robotnik_io_msgs/srv/detail/set_digital_output__functions.c.o[0m
[2.615s] [ 14%] [32m[1mLinking C shared library librobotnik_io_msgs__rosidl_generator_c.so[0m
[2.676s] [ 14%] Built target robotnik_io_msgs__rosidl_generator_c
[2.701s] [ 15%] [34m[1mGenerating C type support for eProsima Fast-RTPS[0m
[2.707s] [ 16%] [34m[1mGenerating C introspection for ROS interfaces[0m
[2.710s] [ 17%] [34m[1mGenerating C type support dispatch for ROS interfaces[0m
[2.833s] [ 18%] [32mBuilding CXX object CMakeFiles/robotnik_io_msgs__rosidl_typesupport_cpp.dir/rosidl_typesupport_cpp/robotnik_io_msgs/msg/inputs_outputs__type_support.cpp.o[0m
[2.837s] [ 19%] [32mBuilding CXX object CMakeFiles/robotnik_io_msgs__rosidl_typesupport_cpp.dir/rosidl_typesupport_cpp/robotnik_io_msgs/msg/register_array__type_support.cpp.o[0m
[2.837s] [ 20%] [32mBuilding CXX object CMakeFiles/robotnik_io_msgs__rosidl_typesupport_cpp.dir/rosidl_typesupport_cpp/robotnik_io_msgs/msg/analog_io__type_support.cpp.o[0m
[2.843s] [ 21%] [32mBuilding CXX object CMakeFiles/robotnik_io_msgs__rosidl_typesupport_cpp.dir/rosidl_typesupport_cpp/robotnik_io_msgs/msg/digital_io__type_support.cpp.o[0m
[2.843s] [ 22%] [32mBuilding CXX object CMakeFiles/robotnik_io_msgs__rosidl_typesupport_cpp.dir/rosidl_typesupport_cpp/robotnik_io_msgs/srv/set_analog_output__type_support.cpp.o[0m
[2.844s] [ 23%] [32mBuilding CXX object CMakeFiles/robotnik_io_msgs__rosidl_typesupport_cpp.dir/rosidl_typesupport_cpp/robotnik_io_msgs/msg/register__type_support.cpp.o[0m
[2.849s] [ 23%] [32mBuilding CXX object CMakeFiles/robotnik_io_msgs__rosidl_typesupport_cpp.dir/rosidl_typesupport_cpp/robotnik_io_msgs/srv/set_analog_output_array__type_support.cpp.o[0m
[2.849s] [ 24%] [32mBuilding CXX object CMakeFiles/robotnik_io_msgs__rosidl_typesupport_cpp.dir/rosidl_typesupport_cpp/robotnik_io_msgs/srv/set_digital_output_array__type_support.cpp.o[0m
[2.851s] [ 25%] [32mBuilding CXX object CMakeFiles/robotnik_io_msgs__rosidl_typesupport_cpp.dir/rosidl_typesupport_cpp/robotnik_io_msgs/srv/set_digital_output__type_support.cpp.o[0m
[2.852s] [ 26%] [32mBuilding CXX object CMakeFiles/robotnik_io_msgs__rosidl_typesupport_cpp.dir/rosidl_typesupport_cpp/robotnik_io_msgs/srv/get_registers__type_support.cpp.o[0m
[2.871s] [ 27%] [32mBuilding CXX object CMakeFiles/robotnik_io_msgs__rosidl_typesupport_cpp.dir/rosidl_typesupport_cpp/robotnik_io_msgs/srv/set_registers__type_support.cpp.o[0m
[2.998s] [ 28%] [32mBuilding CXX object CMakeFiles/robotnik_io_msgs__rosidl_typesupport_introspection_cpp.dir/rosidl_typesupport_introspection_cpp/robotnik_io_msgs/msg/detail/analog_io__type_support.cpp.o[0m
[3.001s] [ 28%] [32mBuilding CXX object CMakeFiles/robotnik_io_msgs__rosidl_typesupport_introspection_cpp.dir/rosidl_typesupport_introspection_cpp/robotnik_io_msgs/msg/detail/digital_io__type_support.cpp.o[0m
[3.003s] [ 29%] [32mBuilding CXX object CMakeFiles/robotnik_io_msgs__rosidl_typesupport_introspection_cpp.dir/rosidl_typesupport_introspection_cpp/robotnik_io_msgs/msg/detail/inputs_outputs__type_support.cpp.o[0m
[3.009s] [ 30%] [32mBuilding CXX object CMakeFiles/robotnik_io_msgs__rosidl_typesupport_introspection_cpp.dir/rosidl_typesupport_introspection_cpp/robotnik_io_msgs/msg/detail/register_array__type_support.cpp.o[0m
[3.020s] [ 31%] [32mBuilding CXX object CMakeFiles/robotnik_io_msgs__rosidl_typesupport_introspection_cpp.dir/rosidl_typesupport_introspection_cpp/robotnik_io_msgs/msg/detail/register__type_support.cpp.o[0m
[3.283s] [ 32%] [32mBuilding CXX object CMakeFiles/robotnik_io_msgs__rosidl_typesupport_introspection_cpp.dir/rosidl_typesupport_introspection_cpp/robotnik_io_msgs/srv/detail/get_registers__type_support.cpp.o[0m
[3.410s] [ 33%] [32mBuilding CXX object CMakeFiles/robotnik_io_msgs__rosidl_typesupport_introspection_cpp.dir/rosidl_typesupport_introspection_cpp/robotnik_io_msgs/srv/detail/set_analog_output__type_support.cpp.o[0m
[3.442s] [ 34%] [32mBuilding CXX object CMakeFiles/robotnik_io_msgs__rosidl_typesupport_introspection_cpp.dir/rosidl_typesupport_introspection_cpp/robotnik_io_msgs/srv/detail/set_analog_output_array__type_support.cpp.o[0m
[3.557s] [ 35%] [32mBuilding CXX object CMakeFiles/robotnik_io_msgs__rosidl_typesupport_fastrtps_cpp.dir/rosidl_typesupport_fastrtps_cpp/robotnik_io_msgs/msg/detail/dds_fastrtps/analog_io__type_support.cpp.o[0m
[3.592s] [ 36%] [32mBuilding CXX object CMakeFiles/robotnik_io_msgs__rosidl_typesupport_fastrtps_cpp.dir/rosidl_typesupport_fastrtps_cpp/robotnik_io_msgs/msg/detail/dds_fastrtps/digital_io__type_support.cpp.o[0m
[3.619s] [ 37%] [32mBuilding CXX object CMakeFiles/robotnik_io_msgs__rosidl_typesupport_introspection_cpp.dir/rosidl_typesupport_introspection_cpp/robotnik_io_msgs/srv/detail/set_digital_output__type_support.cpp.o[0m
[3.620s] [ 38%] [32mBuilding CXX object CMakeFiles/robotnik_io_msgs__rosidl_typesupport_fastrtps_cpp.dir/rosidl_typesupport_fastrtps_cpp/robotnik_io_msgs/msg/detail/dds_fastrtps/inputs_outputs__type_support.cpp.o[0m
[3.631s] [ 39%] [32mBuilding CXX object CMakeFiles/robotnik_io_msgs__rosidl_typesupport_fastrtps_cpp.dir/rosidl_typesupport_fastrtps_cpp/robotnik_io_msgs/msg/detail/dds_fastrtps/register_array__type_support.cpp.o[0m
[3.649s] [ 40%] [32mBuilding CXX object CMakeFiles/robotnik_io_msgs__rosidl_typesupport_introspection_cpp.dir/rosidl_typesupport_introspection_cpp/robotnik_io_msgs/srv/detail/set_digital_output_array__type_support.cpp.o[0m
[3.656s] [ 41%] [32mBuilding CXX object CMakeFiles/robotnik_io_msgs__rosidl_typesupport_fastrtps_cpp.dir/rosidl_typesupport_fastrtps_cpp/robotnik_io_msgs/msg/detail/dds_fastrtps/register__type_support.cpp.o[0m
[3.670s] [ 42%] [32mBuilding CXX object CMakeFiles/robotnik_io_msgs__rosidl_typesupport_introspection_cpp.dir/rosidl_typesupport_introspection_cpp/robotnik_io_msgs/srv/detail/set_registers__type_support.cpp.o[0m
[3.724s] [ 43%] [32mBuilding CXX object CMakeFiles/robotnik_io_msgs__rosidl_typesupport_fastrtps_cpp.dir/rosidl_typesupport_fastrtps_cpp/robotnik_io_msgs/srv/detail/dds_fastrtps/get_registers__type_support.cpp.o[0m
[3.773s] [ 44%] [32m[1mLinking CXX shared library librobotnik_io_msgs__rosidl_typesupport_cpp.so[0m
[3.975s] [ 44%] Built target robotnik_io_msgs__rosidl_typesupport_cpp
[4.005s] [ 45%] [32mBuilding CXX object CMakeFiles/robotnik_io_msgs__rosidl_typesupport_fastrtps_cpp.dir/rosidl_typesupport_fastrtps_cpp/robotnik_io_msgs/srv/detail/dds_fastrtps/set_analog_output__type_support.cpp.o[0m
[4.345s] [ 46%] [32mBuilding CXX object CMakeFiles/robotnik_io_msgs__rosidl_typesupport_fastrtps_cpp.dir/rosidl_typesupport_fastrtps_cpp/robotnik_io_msgs/srv/detail/dds_fastrtps/set_analog_output_array__type_support.cpp.o[0m
[4.397s] [ 47%] [32mBuilding CXX object CMakeFiles/robotnik_io_msgs__rosidl_typesupport_fastrtps_cpp.dir/rosidl_typesupport_fastrtps_cpp/robotnik_io_msgs/srv/detail/dds_fastrtps/set_digital_output__type_support.cpp.o[0m
[4.496s] [ 47%] [32mBuilding CXX object CMakeFiles/robotnik_io_msgs__rosidl_typesupport_fastrtps_cpp.dir/rosidl_typesupport_fastrtps_cpp/robotnik_io_msgs/srv/detail/dds_fastrtps/set_digital_output_array__type_support.cpp.o[0m
[4.530s] [ 48%] [32mBuilding CXX object CMakeFiles/robotnik_io_msgs__rosidl_typesupport_c.dir/rosidl_typesupport_c/robotnik_io_msgs/msg/analog_io__type_support.cpp.o[0m
[4.589s] [ 49%] [32mBuilding CXX object CMakeFiles/robotnik_io_msgs__rosidl_typesupport_fastrtps_cpp.dir/rosidl_typesupport_fastrtps_cpp/robotnik_io_msgs/srv/detail/dds_fastrtps/set_registers__type_support.cpp.o[0m
[4.597s] [ 50%] [32mBuilding CXX object CMakeFiles/robotnik_io_msgs__rosidl_typesupport_c.dir/rosidl_typesupport_c/robotnik_io_msgs/msg/digital_io__type_support.cpp.o[0m
[4.600s] [ 50%] [32mBuilding CXX object CMakeFiles/robotnik_io_msgs__rosidl_typesupport_c.dir/rosidl_typesupport_c/robotnik_io_msgs/msg/inputs_outputs__type_support.cpp.o[0m
[4.679s] [ 51%] [32mBuilding CXX object CMakeFiles/robotnik_io_msgs__rosidl_typesupport_c.dir/rosidl_typesupport_c/robotnik_io_msgs/msg/register_array__type_support.cpp.o[0m
[4.699s] [ 52%] [32mBuilding CXX object CMakeFiles/robotnik_io_msgs__rosidl_typesupport_c.dir/rosidl_typesupport_c/robotnik_io_msgs/msg/register__type_support.cpp.o[0m
[4.793s] [ 53%] [32mBuilding CXX object CMakeFiles/robotnik_io_msgs__rosidl_typesupport_c.dir/rosidl_typesupport_c/robotnik_io_msgs/srv/get_registers__type_support.cpp.o[0m
[4.800s] [ 54%] [32mBuilding CXX object CMakeFiles/robotnik_io_msgs__rosidl_typesupport_c.dir/rosidl_typesupport_c/robotnik_io_msgs/srv/set_analog_output__type_support.cpp.o[0m
[4.807s] [ 55%] [32mBuilding CXX object CMakeFiles/robotnik_io_msgs__rosidl_typesupport_c.dir/rosidl_typesupport_c/robotnik_io_msgs/srv/set_analog_output_array__type_support.cpp.o[0m
[4.871s] [ 56%] [32mBuilding CXX object CMakeFiles/robotnik_io_msgs__rosidl_typesupport_c.dir/rosidl_typesupport_c/robotnik_io_msgs/srv/set_digital_output__type_support.cpp.o[0m
[4.878s] [ 57%] [32mBuilding CXX object CMakeFiles/robotnik_io_msgs__rosidl_typesupport_c.dir/rosidl_typesupport_c/robotnik_io_msgs/srv/set_digital_output_array__type_support.cpp.o[0m
[4.913s] [ 58%] [32mBuilding CXX object CMakeFiles/robotnik_io_msgs__rosidl_typesupport_c.dir/rosidl_typesupport_c/robotnik_io_msgs/srv/set_registers__type_support.cpp.o[0m
[5.027s] [ 59%] [32mBuilding C object CMakeFiles/robotnik_io_msgs__rosidl_typesupport_introspection_c.dir/rosidl_typesupport_introspection_c/robotnik_io_msgs/msg/detail/analog_io__type_support.c.o[0m
[5.038s] [ 61%] [32mBuilding C object CMakeFiles/robotnik_io_msgs__rosidl_typesupport_introspection_c.dir/rosidl_typesupport_introspection_c/robotnik_io_msgs/msg/detail/digital_io__type_support.c.o[0m
[5.043s] [ 62%] [32mBuilding C object CMakeFiles/robotnik_io_msgs__rosidl_typesupport_introspection_c.dir/rosidl_typesupport_introspection_c/robotnik_io_msgs/msg/detail/inputs_outputs__type_support.c.o[0m
[5.043s] [ 62%] [32mBuilding C object CMakeFiles/robotnik_io_msgs__rosidl_typesupport_introspection_c.dir/rosidl_typesupport_introspection_c/robotnik_io_msgs/srv/detail/set_analog_output__type_support.c.o[0m
[5.043s] [ 62%] [32mBuilding C object CMakeFiles/robotnik_io_msgs__rosidl_typesupport_introspection_c.dir/rosidl_typesupport_introspection_c/robotnik_io_msgs/msg/detail/register_array__type_support.c.o[0m
[5.053s] [ 63%] [32m[1mLinking CXX shared library librobotnik_io_msgs__rosidl_typesupport_c.so[0m
[5.058s] [ 64%] [32mBuilding C object CMakeFiles/robotnik_io_msgs__rosidl_typesupport_introspection_c.dir/rosidl_typesupport_introspection_c/robotnik_io_msgs/msg/detail/register__type_support.c.o[0m
[5.063s] [ 65%] [32mBuilding C object CMakeFiles/robotnik_io_msgs__rosidl_typesupport_introspection_c.dir/rosidl_typesupport_introspection_c/robotnik_io_msgs/srv/detail/get_registers__type_support.c.o[0m
[5.064s] [ 66%] [32mBuilding C object CMakeFiles/robotnik_io_msgs__rosidl_typesupport_introspection_c.dir/rosidl_typesupport_introspection_c/robotnik_io_msgs/srv/detail/set_analog_output_array__type_support.c.o[0m
[5.127s] [ 67%] [32mBuilding C object CMakeFiles/robotnik_io_msgs__rosidl_typesupport_introspection_c.dir/rosidl_typesupport_introspection_c/robotnik_io_msgs/srv/detail/set_digital_output__type_support.c.o[0m
[5.128s] [ 68%] [32m[1mLinking CXX shared library librobotnik_io_msgs__rosidl_typesupport_introspection_cpp.so[0m
[5.136s] [ 69%] [32mBuilding C object CMakeFiles/robotnik_io_msgs__rosidl_typesupport_introspection_c.dir/rosidl_typesupport_introspection_c/robotnik_io_msgs/srv/detail/set_digital_output_array__type_support.c.o[0m
[5.170s] [ 70%] [32mBuilding C object CMakeFiles/robotnik_io_msgs__rosidl_typesupport_introspection_c.dir/rosidl_typesupport_introspection_c/robotnik_io_msgs/srv/detail/set_registers__type_support.c.o[0m
[5.223s] [ 70%] Built target robotnik_io_msgs__rosidl_typesupport_c
[5.293s] [ 71%] [32m[1mLinking C shared library librobotnik_io_msgs__rosidl_typesupport_introspection_c.so[0m
[5.321s] [ 71%] Built target robotnik_io_msgs__rosidl_typesupport_introspection_cpp
[5.386s] [ 71%] Built target robotnik_io_msgs__rosidl_typesupport_introspection_c
[5.552s] [ 72%] [32mBuilding CXX object CMakeFiles/robotnik_io_msgs__rosidl_typesupport_fastrtps_c.dir/rosidl_typesupport_fastrtps_c/robotnik_io_msgs/msg/detail/digital_io__type_support_c.cpp.o[0m
[5.557s] [ 73%] [32mBuilding CXX object CMakeFiles/robotnik_io_msgs__rosidl_typesupport_fastrtps_c.dir/rosidl_typesupport_fastrtps_c/robotnik_io_msgs/msg/detail/inputs_outputs__type_support_c.cpp.o[0m
[5.557s] [ 74%] [32mBuilding CXX object CMakeFiles/robotnik_io_msgs__rosidl_typesupport_fastrtps_c.dir/rosidl_typesupport_fastrtps_c/robotnik_io_msgs/msg/detail/analog_io__type_support_c.cpp.o[0m
[5.560s] [ 75%] [32mBuilding CXX object CMakeFiles/robotnik_io_msgs__rosidl_typesupport_fastrtps_c.dir/rosidl_typesupport_fastrtps_c/robotnik_io_msgs/msg/detail/register_array__type_support_c.cpp.o[0m
[5.565s] [ 76%] [32mBuilding CXX object CMakeFiles/robotnik_io_msgs__rosidl_typesupport_fastrtps_c.dir/rosidl_typesupport_fastrtps_c/robotnik_io_msgs/srv/detail/set_analog_output__type_support_c.cpp.o[0m
[5.569s] [ 76%] [32mBuilding CXX object CMakeFiles/robotnik_io_msgs__rosidl_typesupport_fastrtps_c.dir/rosidl_typesupport_fastrtps_c/robotnik_io_msgs/msg/detail/register__type_support_c.cpp.o[0m
[5.569s] [ 77%] [32mBuilding CXX object CMakeFiles/robotnik_io_msgs__rosidl_typesupport_fastrtps_c.dir/rosidl_typesupport_fastrtps_c/robotnik_io_msgs/srv/detail/get_registers__type_support_c.cpp.o[0m
[5.605s] [ 78%] [32mBuilding CXX object CMakeFiles/robotnik_io_msgs__rosidl_typesupport_fastrtps_c.dir/rosidl_typesupport_fastrtps_c/robotnik_io_msgs/srv/detail/set_analog_output_array__type_support_c.cpp.o[0m
[5.617s] [ 79%] [32mBuilding CXX object CMakeFiles/robotnik_io_msgs__rosidl_typesupport_fastrtps_c.dir/rosidl_typesupport_fastrtps_c/robotnik_io_msgs/srv/detail/set_digital_output_array__type_support_c.cpp.o[0m
[5.619s] [ 80%] [32mBuilding CXX object CMakeFiles/robotnik_io_msgs__rosidl_typesupport_fastrtps_c.dir/rosidl_typesupport_fastrtps_c/robotnik_io_msgs/srv/detail/set_digital_output__type_support_c.cpp.o[0m
[5.631s] [ 81%] [32mBuilding CXX object CMakeFiles/robotnik_io_msgs__rosidl_typesupport_fastrtps_c.dir/rosidl_typesupport_fastrtps_c/robotnik_io_msgs/srv/detail/set_registers__type_support_c.cpp.o[0m
[5.736s] [ 82%] [32m[1mLinking CXX shared library librobotnik_io_msgs__rosidl_typesupport_fastrtps_cpp.so[0m
[6.024s] [ 82%] Built target robotnik_io_msgs__rosidl_typesupport_fastrtps_cpp
[6.263s] [ 83%] [32m[1mLinking CXX shared library librobotnik_io_msgs__rosidl_typesupport_fastrtps_c.so[0m
[6.324s] [ 83%] Built target robotnik_io_msgs__rosidl_typesupport_fastrtps_c
[6.341s] [ 83%] Built target robotnik_io_msgs
[6.357s] [ 84%] [34m[1mGenerating Python code for ROS interfaces[0m
[7.184s] [ 84%] Built target robotnik_io_msgs__py
[7.202s] [ 85%] [32mBuilding C object CMakeFiles/robotnik_io_msgs__rosidl_generator_py.dir/rosidl_generator_py/robotnik_io_msgs/msg/_inputs_outputs_s.c.o[0m
[7.202s] [ 86%] [32mBuilding C object CMakeFiles/robotnik_io_msgs__rosidl_generator_py.dir/rosidl_generator_py/robotnik_io_msgs/srv/_get_registers_s.c.o[0m
[7.203s] [ 86%] [32mBuilding C object CMakeFiles/robotnik_io_msgs__rosidl_generator_py.dir/rosidl_generator_py/robotnik_io_msgs/msg/_analog_io_s.c.o[0m
[7.203s] [ 88%] [32mBuilding C object CMakeFiles/robotnik_io_msgs__rosidl_generator_py.dir/rosidl_generator_py/robotnik_io_msgs/msg/_register_s.c.o[0m
[7.203s] [ 88%] [32mBuilding C object CMakeFiles/robotnik_io_msgs__rosidl_generator_py.dir/rosidl_generator_py/robotnik_io_msgs/msg/_digital_io_s.c.o[0m
[7.205s] [ 89%] [32mBuilding C object CMakeFiles/robotnik_io_msgs__rosidl_generator_py.dir/rosidl_generator_py/robotnik_io_msgs/msg/_register_array_s.c.o[0m
[7.205s] [ 92%] [32mBuilding C object CMakeFiles/robotnik_io_msgs__rosidl_generator_py.dir/rosidl_generator_py/robotnik_io_msgs/srv/_set_analog_output_s.c.o[0m
[7.205s] [ 92%] [32mBuilding C object CMakeFiles/robotnik_io_msgs__rosidl_generator_py.dir/rosidl_generator_py/robotnik_io_msgs/srv/_set_analog_output_array_s.c.o[0m
[7.205s] [ 93%] [32mBuilding C object CMakeFiles/robotnik_io_msgs__rosidl_generator_py.dir/rosidl_generator_py/robotnik_io_msgs/srv/_set_digital_output_array_s.c.o[0m
[7.205s] [ 93%] [32mBuilding C object CMakeFiles/robotnik_io_msgs__rosidl_generator_py.dir/rosidl_generator_py/robotnik_io_msgs/srv/_set_digital_output_s.c.o[0m
[7.207s] [ 94%] [32mBuilding C object CMakeFiles/robotnik_io_msgs__rosidl_generator_py.dir/rosidl_generator_py/robotnik_io_msgs/srv/_set_registers_s.c.o[0m
[7.327s] [ 95%] [32m[1mLinking C shared library rosidl_generator_py/robotnik_io_msgs/librobotnik_io_msgs__rosidl_generator_py.so[0m
[7.361s] [ 95%] Built target robotnik_io_msgs__rosidl_generator_py
[7.377s] [ 96%] [32mBuilding C object CMakeFiles/robotnik_io_msgs__rosidl_typesupport_fastrtps_c__pyext.dir/rosidl_generator_py/robotnik_io_msgs/_robotnik_io_msgs_s.ep.rosidl_typesupport_fastrtps_c.c.o[0m
[7.380s] [ 97%] [32mBuilding C object CMakeFiles/robotnik_io_msgs__rosidl_typesupport_introspection_c__pyext.dir/rosidl_generator_py/robotnik_io_msgs/_robotnik_io_msgs_s.ep.rosidl_typesupport_introspection_c.c.o[0m
[7.380s] [ 97%] [32mBuilding C object CMakeFiles/robotnik_io_msgs__rosidl_typesupport_c__pyext.dir/rosidl_generator_py/robotnik_io_msgs/_robotnik_io_msgs_s.ep.rosidl_typesupport_c.c.o[0m
[7.480s] [ 98%] [32m[1mLinking C shared library rosidl_generator_py/robotnik_io_msgs/robotnik_io_msgs_s__rosidl_typesupport_fastrtps_c.cpython-310-x86_64-linux-gnu.so[0m
[7.482s] [ 99%] [32m[1mLinking C shared library rosidl_generator_py/robotnik_io_msgs/robotnik_io_msgs_s__rosidl_typesupport_c.cpython-310-x86_64-linux-gnu.so[0m
[7.484s] [100%] [32m[1mLinking C shared library rosidl_generator_py/robotnik_io_msgs/robotnik_io_msgs_s__rosidl_typesupport_introspection_c.cpython-310-x86_64-linux-gnu.so[0m
[7.505s] [100%] Built target robotnik_io_msgs__rosidl_typesupport_fastrtps_c__pyext
[7.509s] [100%] Built target robotnik_io_msgs__rosidl_typesupport_c__pyext
[7.509s] [100%] Built target robotnik_io_msgs__rosidl_typesupport_introspection_c__pyext
[7.516s] Invoked command in '/home/admin/ros2_ws/build/robotnik_io_msgs' returned '0': CMAKE_PREFIX_PATH=/home/admin/ros2_ws/install/robotnik_common_msgs:/home/admin/ros2_ws/install/robotnik_supervisor_msgs:/home/admin/ros2_ws/install/robotnik_gazebo_ignition:/home/admin/ros2_ws/install/robotnik_gazebo_classic:/home/admin/ros2_ws/install/robotnik_description:/home/admin/ros2_ws/install/robotnik_sensors:/home/admin/ros2_ws/install/robotnik_interfaces:/home/admin/ros2_ws/install/robotnik_perception_msgs:/home/admin/ros2_ws/install/robotnik_navigation_msgs:/home/admin/ros2_ws/install/robotnik_io_msgs:/home/admin/ros2_ws/install/robotnik_controllers_msgs:/home/admin/ros2_ws/install/robotnik_common:/home/admin/ros2_ws/install/robotnik_battery_msgs:/home/admin/ros2_ws/install/robotnik_safety_msgs:/home/admin/ros2_ws/install/rbvogui_cartographer:/opt/ros/humble LD_LIBRARY_PATH=/home/admin/ros2_ws/install/robotnik_common_msgs/lib:/home/admin/ros2_ws/install/robotnik_supervisor_msgs/lib:/home/admin/ros2_ws/install/robotnik_perception_msgs/lib:/home/admin/ros2_ws/install/robotnik_navigation_msgs/lib:/home/admin/ros2_ws/install/robotnik_io_msgs/lib:/home/admin/ros2_ws/install/robotnik_controllers_msgs/lib:/home/admin/ros2_ws/install/robotnik_battery_msgs/lib:/usr/lib/x86_64-linux-gnu/gazebo-11/plugins:/opt/ros/humble/opt/rviz_ogre_vendor/lib:/opt/ros/humble/lib/x86_64-linux-gnu:/opt/ros/humble/lib /usr/bin/cmake --build /home/admin/ros2_ws/build/robotnik_io_msgs -- -j20 -l20
[7.517s] Invoking command in '/home/admin/ros2_ws/build/robotnik_io_msgs': CMAKE_PREFIX_PATH=/home/admin/ros2_ws/install/robotnik_common_msgs:/home/admin/ros2_ws/install/robotnik_supervisor_msgs:/home/admin/ros2_ws/install/robotnik_gazebo_ignition:/home/admin/ros2_ws/install/robotnik_gazebo_classic:/home/admin/ros2_ws/install/robotnik_description:/home/admin/ros2_ws/install/robotnik_sensors:/home/admin/ros2_ws/install/robotnik_interfaces:/home/admin/ros2_ws/install/robotnik_perception_msgs:/home/admin/ros2_ws/install/robotnik_navigation_msgs:/home/admin/ros2_ws/install/robotnik_io_msgs:/home/admin/ros2_ws/install/robotnik_controllers_msgs:/home/admin/ros2_ws/install/robotnik_common:/home/admin/ros2_ws/install/robotnik_battery_msgs:/home/admin/ros2_ws/install/robotnik_safety_msgs:/home/admin/ros2_ws/install/rbvogui_cartographer:/opt/ros/humble LD_LIBRARY_PATH=/home/admin/ros2_ws/install/robotnik_common_msgs/lib:/home/admin/ros2_ws/install/robotnik_supervisor_msgs/lib:/home/admin/ros2_ws/install/robotnik_perception_msgs/lib:/home/admin/ros2_ws/install/robotnik_navigation_msgs/lib:/home/admin/ros2_ws/install/robotnik_io_msgs/lib:/home/admin/ros2_ws/install/robotnik_controllers_msgs/lib:/home/admin/ros2_ws/install/robotnik_battery_msgs/lib:/usr/lib/x86_64-linux-gnu/gazebo-11/plugins:/opt/ros/humble/opt/rviz_ogre_vendor/lib:/opt/ros/humble/lib/x86_64-linux-gnu:/opt/ros/humble/lib /usr/bin/cmake --install /home/admin/ros2_ws/build/robotnik_io_msgs
[7.523s] -- Install configuration: ""
[7.523s] -- Installing: /home/admin/ros2_ws/install/robotnik_io_msgs/share/ament_index/resource_index/rosidl_interfaces/robotnik_io_msgs
[7.523s] -- Installing: /home/admin/ros2_ws/install/robotnik_io_msgs/include/robotnik_io_msgs/robotnik_io_msgs
[7.523s] -- Installing: /home/admin/ros2_ws/install/robotnik_io_msgs/include/robotnik_io_msgs/robotnik_io_msgs/srv
[7.523s] -- Installing: /home/admin/ros2_ws/install/robotnik_io_msgs/include/robotnik_io_msgs/robotnik_io_msgs/srv/set_analog_output.h
[7.523s] -- Installing: /home/admin/ros2_ws/install/robotnik_io_msgs/include/robotnik_io_msgs/robotnik_io_msgs/srv/detail
[7.523s] -- Installing: /home/admin/ros2_ws/install/robotnik_io_msgs/include/robotnik_io_msgs/robotnik_io_msgs/srv/detail/set_analog_output__functions.c
[7.523s] -- Installing: /home/admin/ros2_ws/install/robotnik_io_msgs/include/robotnik_io_msgs/robotnik_io_msgs/srv/detail/get_registers__type_support.h
[7.523s] -- Installing: /home/admin/ros2_ws/install/robotnik_io_msgs/include/robotnik_io_msgs/robotnik_io_msgs/srv/detail/set_registers__struct.h
[7.523s] -- Installing: /home/admin/ros2_ws/install/robotnik_io_msgs/include/robotnik_io_msgs/robotnik_io_msgs/srv/detail/set_digital_output__functions.h
[7.523s] -- Installing: /home/admin/ros2_ws/install/robotnik_io_msgs/include/robotnik_io_msgs/robotnik_io_msgs/srv/detail/set_analog_output_array__struct.h
[7.523s] -- Installing: /home/admin/ros2_ws/install/robotnik_io_msgs/include/robotnik_io_msgs/robotnik_io_msgs/srv/detail/set_analog_output_array__functions.h
[7.523s] -- Installing: /home/admin/ros2_ws/install/robotnik_io_msgs/include/robotnik_io_msgs/robotnik_io_msgs/srv/detail/set_analog_output__struct.h
[7.524s] -- Installing: /home/admin/ros2_ws/install/robotnik_io_msgs/include/robotnik_io_msgs/robotnik_io_msgs/srv/detail/set_digital_output__type_support.h
[7.524s] -- Installing: /home/admin/ros2_ws/install/robotnik_io_msgs/include/robotnik_io_msgs/robotnik_io_msgs/srv/detail/get_registers__struct.h
[7.524s] -- Installing: /home/admin/ros2_ws/install/robotnik_io_msgs/include/robotnik_io_msgs/robotnik_io_msgs/srv/detail/set_analog_output__functions.h
[7.524s] -- Installing: /home/admin/ros2_ws/install/robotnik_io_msgs/include/robotnik_io_msgs/robotnik_io_msgs/srv/detail/get_registers__functions.h
[7.524s] -- Installing: /home/admin/ros2_ws/install/robotnik_io_msgs/include/robotnik_io_msgs/robotnik_io_msgs/srv/detail/set_registers__functions.c
[7.524s] -- Installing: /home/admin/ros2_ws/install/robotnik_io_msgs/include/robotnik_io_msgs/robotnik_io_msgs/srv/detail/set_registers__functions.h
[7.524s] -- Installing: /home/admin/ros2_ws/install/robotnik_io_msgs/include/robotnik_io_msgs/robotnik_io_msgs/srv/detail/set_digital_output__struct.h
[7.524s] -- Installing: /home/admin/ros2_ws/install/robotnik_io_msgs/include/robotnik_io_msgs/robotnik_io_msgs/srv/detail/get_registers__functions.c
[7.524s] -- Installing: /home/admin/ros2_ws/install/robotnik_io_msgs/include/robotnik_io_msgs/robotnik_io_msgs/srv/detail/set_registers__type_support.h
[7.524s] -- Installing: /home/admin/ros2_ws/install/robotnik_io_msgs/include/robotnik_io_msgs/robotnik_io_msgs/srv/detail/set_digital_output_array__type_support.h
[7.524s] -- Installing: /home/admin/ros2_ws/install/robotnik_io_msgs/include/robotnik_io_msgs/robotnik_io_msgs/srv/detail/set_digital_output_array__struct.h
[7.524s] -- Installing: /home/admin/ros2_ws/install/robotnik_io_msgs/include/robotnik_io_msgs/robotnik_io_msgs/srv/detail/set_analog_output__type_support.h
[7.524s] -- Installing: /home/admin/ros2_ws/install/robotnik_io_msgs/include/robotnik_io_msgs/robotnik_io_msgs/srv/detail/set_analog_output_array__type_support.h
[7.524s] -- Installing: /home/admin/ros2_ws/install/robotnik_io_msgs/include/robotnik_io_msgs/robotnik_io_msgs/srv/detail/set_digital_output_array__functions.c
[7.524s] -- Installing: /home/admin/ros2_ws/install/robotnik_io_msgs/include/robotnik_io_msgs/robotnik_io_msgs/srv/detail/set_digital_output__functions.c
[7.524s] -- Installing: /home/admin/ros2_ws/install/robotnik_io_msgs/include/robotnik_io_msgs/robotnik_io_msgs/srv/detail/set_analog_output_array__functions.c
[7.525s] -- Installing: /home/admin/ros2_ws/install/robotnik_io_msgs/include/robotnik_io_msgs/robotnik_io_msgs/srv/detail/set_digital_output_array__functions.h
[7.525s] -- Installing: /home/admin/ros2_ws/install/robotnik_io_msgs/include/robotnik_io_msgs/robotnik_io_msgs/srv/set_registers.h
[7.525s] -- Installing: /home/admin/ros2_ws/install/robotnik_io_msgs/include/robotnik_io_msgs/robotnik_io_msgs/srv/set_analog_output_array.h
[7.525s] -- Installing: /home/admin/ros2_ws/install/robotnik_io_msgs/include/robotnik_io_msgs/robotnik_io_msgs/srv/get_registers.h
[7.525s] -- Installing: /home/admin/ros2_ws/install/robotnik_io_msgs/include/robotnik_io_msgs/robotnik_io_msgs/srv/set_digital_output_array.h
[7.525s] -- Installing: /home/admin/ros2_ws/install/robotnik_io_msgs/include/robotnik_io_msgs/robotnik_io_msgs/srv/set_digital_output.h
[7.525s] -- Installing: /home/admin/ros2_ws/install/robotnik_io_msgs/include/robotnik_io_msgs/robotnik_io_msgs/msg
[7.525s] -- Installing: /home/admin/ros2_ws/install/robotnik_io_msgs/include/robotnik_io_msgs/robotnik_io_msgs/msg/rosidl_generator_c__visibility_control.h
[7.525s] -- Installing: /home/admin/ros2_ws/install/robotnik_io_msgs/include/robotnik_io_msgs/robotnik_io_msgs/msg/detail
[7.525s] -- Installing: /home/admin/ros2_ws/install/robotnik_io_msgs/include/robotnik_io_msgs/robotnik_io_msgs/msg/detail/register__functions.c
[7.525s] -- Installing: /home/admin/ros2_ws/install/robotnik_io_msgs/include/robotnik_io_msgs/robotnik_io_msgs/msg/detail/inputs_outputs__struct.h
[7.525s] -- Installing: /home/admin/ros2_ws/install/robotnik_io_msgs/include/robotnik_io_msgs/robotnik_io_msgs/msg/detail/digital_io__functions.c
[7.525s] -- Installing: /home/admin/ros2_ws/install/robotnik_io_msgs/include/robotnik_io_msgs/robotnik_io_msgs/msg/detail/analog_io__functions.h
[7.525s] -- Installing: /home/admin/ros2_ws/install/robotnik_io_msgs/include/robotnik_io_msgs/robotnik_io_msgs/msg/detail/register_array__functions.c
[7.525s] -- Installing: /home/admin/ros2_ws/install/robotnik_io_msgs/include/robotnik_io_msgs/robotnik_io_msgs/msg/detail/register_array__type_support.h
[7.526s] -- Installing: /home/admin/ros2_ws/install/robotnik_io_msgs/include/robotnik_io_msgs/robotnik_io_msgs/msg/detail/digital_io__functions.h
[7.526s] -- Installing: /home/admin/ros2_ws/install/robotnik_io_msgs/include/robotnik_io_msgs/robotnik_io_msgs/msg/detail/analog_io__struct.h
[7.526s] -- Installing: /home/admin/ros2_ws/install/robotnik_io_msgs/include/robotnik_io_msgs/robotnik_io_msgs/msg/detail/inputs_outputs__type_support.h
[7.526s] -- Installing: /home/admin/ros2_ws/install/robotnik_io_msgs/include/robotnik_io_msgs/robotnik_io_msgs/msg/detail/register__struct.h
[7.526s] -- Installing: /home/admin/ros2_ws/install/robotnik_io_msgs/include/robotnik_io_msgs/robotnik_io_msgs/msg/detail/analog_io__functions.c
[7.526s] -- Installing: /home/admin/ros2_ws/install/robotnik_io_msgs/include/robotnik_io_msgs/robotnik_io_msgs/msg/detail/inputs_outputs__functions.c
[7.527s] -- Installing: /home/admin/ros2_ws/install/robotnik_io_msgs/include/robotnik_io_msgs/robotnik_io_msgs/msg/detail/digital_io__type_support.h
[7.527s] -- Installing: /home/admin/ros2_ws/install/robotnik_io_msgs/include/robotnik_io_msgs/robotnik_io_msgs/msg/detail/register__type_support.h
[7.527s] -- Installing: /home/admin/ros2_ws/install/robotnik_io_msgs/include/robotnik_io_msgs/robotnik_io_msgs/msg/detail/analog_io__type_support.h
[7.527s] -- Installing: /home/admin/ros2_ws/install/robotnik_io_msgs/include/robotnik_io_msgs/robotnik_io_msgs/msg/detail/register_array__functions.h
[7.527s] -- Installing: /home/admin/ros2_ws/install/robotnik_io_msgs/include/robotnik_io_msgs/robotnik_io_msgs/msg/detail/register_array__struct.h
[7.527s] -- Installing: /home/admin/ros2_ws/install/robotnik_io_msgs/include/robotnik_io_msgs/robotnik_io_msgs/msg/detail/inputs_outputs__functions.h
[7.527s] -- Installing: /home/admin/ros2_ws/install/robotnik_io_msgs/include/robotnik_io_msgs/robotnik_io_msgs/msg/detail/register__functions.h
[7.527s] -- Installing: /home/admin/ros2_ws/install/robotnik_io_msgs/include/robotnik_io_msgs/robotnik_io_msgs/msg/detail/digital_io__struct.h
[7.527s] -- Installing: /home/admin/ros2_ws/install/robotnik_io_msgs/include/robotnik_io_msgs/robotnik_io_msgs/msg/register_array.h
[7.527s] -- Installing: /home/admin/ros2_ws/install/robotnik_io_msgs/include/robotnik_io_msgs/robotnik_io_msgs/msg/inputs_outputs.h
[7.527s] -- Installing: /home/admin/ros2_ws/install/robotnik_io_msgs/include/robotnik_io_msgs/robotnik_io_msgs/msg/analog_io.h
[7.528s] -- Installing: /home/admin/ros2_ws/install/robotnik_io_msgs/include/robotnik_io_msgs/robotnik_io_msgs/msg/digital_io.h
[7.528s] -- Installing: /home/admin/ros2_ws/install/robotnik_io_msgs/include/robotnik_io_msgs/robotnik_io_msgs/msg/register.h
[7.528s] -- Installing: /home/admin/ros2_ws/install/robotnik_io_msgs/share/robotnik_io_msgs/environment/library_path.sh
[7.528s] -- Installing: /home/admin/ros2_ws/install/robotnik_io_msgs/share/robotnik_io_msgs/environment/library_path.dsv
[7.528s] -- Installing: /home/admin/ros2_ws/install/robotnik_io_msgs/lib/librobotnik_io_msgs__rosidl_generator_c.so
[7.528s] -- Set runtime path of "/home/admin/ros2_ws/install/robotnik_io_msgs/lib/librobotnik_io_msgs__rosidl_generator_c.so" to ""
[7.528s] -- Up-to-date: /home/admin/ros2_ws/install/robotnik_io_msgs/include/robotnik_io_msgs/robotnik_io_msgs
[7.528s] -- Up-to-date: /home/admin/ros2_ws/install/robotnik_io_msgs/include/robotnik_io_msgs/robotnik_io_msgs/srv
[7.528s] -- Up-to-date: /home/admin/ros2_ws/install/robotnik_io_msgs/include/robotnik_io_msgs/robotnik_io_msgs/srv/detail
[7.528s] -- Installing: /home/admin/ros2_ws/install/robotnik_io_msgs/include/robotnik_io_msgs/robotnik_io_msgs/srv/detail/set_analog_output_array__rosidl_typesupport_fastrtps_c.h
[7.528s] -- Installing: /home/admin/ros2_ws/install/robotnik_io_msgs/include/robotnik_io_msgs/robotnik_io_msgs/srv/detail/get_registers__rosidl_typesupport_fastrtps_c.h
[7.528s] -- Installing: /home/admin/ros2_ws/install/robotnik_io_msgs/include/robotnik_io_msgs/robotnik_io_msgs/srv/detail/set_digital_output_array__rosidl_typesupport_fastrtps_c.h
[7.528s] -- Installing: /home/admin/ros2_ws/install/robotnik_io_msgs/include/robotnik_io_msgs/robotnik_io_msgs/srv/detail/set_analog_output__rosidl_typesupport_fastrtps_c.h
[7.528s] -- Installing: /home/admin/ros2_ws/install/robotnik_io_msgs/include/robotnik_io_msgs/robotnik_io_msgs/srv/detail/set_digital_output__rosidl_typesupport_fastrtps_c.h
[7.528s] -- Installing: /home/admin/ros2_ws/install/robotnik_io_msgs/include/robotnik_io_msgs/robotnik_io_msgs/srv/detail/set_registers__rosidl_typesupport_fastrtps_c.h
[7.528s] -- Up-to-date: /home/admin/ros2_ws/install/robotnik_io_msgs/include/robotnik_io_msgs/robotnik_io_msgs/msg
[7.528s] -- Installing: /home/admin/ros2_ws/install/robotnik_io_msgs/include/robotnik_io_msgs/robotnik_io_msgs/msg/rosidl_typesupport_fastrtps_c__visibility_control.h
[7.528s] -- Up-to-date: /home/admin/ros2_ws/install/robotnik_io_msgs/include/robotnik_io_msgs/robotnik_io_msgs/msg/detail
[7.528s] -- Installing: /home/admin/ros2_ws/install/robotnik_io_msgs/include/robotnik_io_msgs/robotnik_io_msgs/msg/detail/register_array__rosidl_typesupport_fastrtps_c.h
[7.528s] -- Installing: /home/admin/ros2_ws/install/robotnik_io_msgs/include/robotnik_io_msgs/robotnik_io_msgs/msg/detail/analog_io__rosidl_typesupport_fastrtps_c.h
[7.529s] -- Installing: /home/admin/ros2_ws/install/robotnik_io_msgs/include/robotnik_io_msgs/robotnik_io_msgs/msg/detail/inputs_outputs__rosidl_typesupport_fastrtps_c.h
[7.529s] -- Installing: /home/admin/ros2_ws/install/robotnik_io_msgs/include/robotnik_io_msgs/robotnik_io_msgs/msg/detail/register__rosidl_typesupport_fastrtps_c.h
[7.529s] -- Installing: /home/admin/ros2_ws/install/robotnik_io_msgs/include/robotnik_io_msgs/robotnik_io_msgs/msg/detail/digital_io__rosidl_typesupport_fastrtps_c.h
[7.529s] -- Installing: /home/admin/ros2_ws/install/robotnik_io_msgs/lib/librobotnik_io_msgs__rosidl_typesupport_fastrtps_c.so
[7.529s] -- Set runtime path of "/home/admin/ros2_ws/install/robotnik_io_msgs/lib/librobotnik_io_msgs__rosidl_typesupport_fastrtps_c.so" to ""
[7.529s] -- Up-to-date: /home/admin/ros2_ws/install/robotnik_io_msgs/include/robotnik_io_msgs/robotnik_io_msgs
[7.529s] -- Up-to-date: /home/admin/ros2_ws/install/robotnik_io_msgs/include/robotnik_io_msgs/robotnik_io_msgs/srv
[7.529s] -- Up-to-date: /home/admin/ros2_ws/install/robotnik_io_msgs/include/robotnik_io_msgs/robotnik_io_msgs/srv/detail
[7.529s] -- Installing: /home/admin/ros2_ws/install/robotnik_io_msgs/include/robotnik_io_msgs/robotnik_io_msgs/srv/detail/set_digital_output_array__type_support.hpp
[7.529s] -- Installing: /home/admin/ros2_ws/install/robotnik_io_msgs/include/robotnik_io_msgs/robotnik_io_msgs/srv/detail/set_analog_output__type_support.hpp
[7.529s] -- Installing: /home/admin/ros2_ws/install/robotnik_io_msgs/include/robotnik_io_msgs/robotnik_io_msgs/srv/detail/get_registers__builder.hpp
[7.529s] -- Installing: /home/admin/ros2_ws/install/robotnik_io_msgs/include/robotnik_io_msgs/robotnik_io_msgs/srv/detail/set_digital_output__builder.hpp
[7.529s] -- Installing: /home/admin/ros2_ws/install/robotnik_io_msgs/include/robotnik_io_msgs/robotnik_io_msgs/srv/detail/set_analog_output_array__builder.hpp
[7.529s] -- Installing: /home/admin/ros2_ws/install/robotnik_io_msgs/include/robotnik_io_msgs/robotnik_io_msgs/srv/detail/set_registers__builder.hpp
[7.529s] -- Installing: /home/admin/ros2_ws/install/robotnik_io_msgs/include/robotnik_io_msgs/robotnik_io_msgs/srv/detail/set_digital_output__traits.hpp
[7.529s] -- Installing: /home/admin/ros2_ws/install/robotnik_io_msgs/include/robotnik_io_msgs/robotnik_io_msgs/srv/detail/get_registers__type_support.hpp
[7.529s] -- Installing: /home/admin/ros2_ws/install/robotnik_io_msgs/include/robotnik_io_msgs/robotnik_io_msgs/srv/detail/set_registers__struct.hpp
[7.529s] -- Installing: /home/admin/ros2_ws/install/robotnik_io_msgs/include/robotnik_io_msgs/robotnik_io_msgs/srv/detail/get_registers__struct.hpp
[7.529s] -- Installing: /home/admin/ros2_ws/install/robotnik_io_msgs/include/robotnik_io_msgs/robotnik_io_msgs/srv/detail/set_digital_output_array__struct.hpp
[7.529s] -- Installing: /home/admin/ros2_ws/install/robotnik_io_msgs/include/robotnik_io_msgs/robotnik_io_msgs/srv/detail/set_analog_output__struct.hpp
[7.529s] -- Installing: /home/admin/ros2_ws/install/robotnik_io_msgs/include/robotnik_io_msgs/robotnik_io_msgs/srv/detail/set_digital_output__struct.hpp
[7.529s] -- Installing: /home/admin/ros2_ws/install/robotnik_io_msgs/include/robotnik_io_msgs/robotnik_io_msgs/srv/detail/set_digital_output_array__traits.hpp
[7.529s] -- Installing: /home/admin/ros2_ws/install/robotnik_io_msgs/include/robotnik_io_msgs/robotnik_io_msgs/srv/detail/set_analog_output_array__struct.hpp
[7.529s] -- Installing: /home/admin/ros2_ws/install/robotnik_io_msgs/include/robotnik_io_msgs/robotnik_io_msgs/srv/detail/set_digital_output__type_support.hpp
[7.529s] -- Installing: /home/admin/ros2_ws/install/robotnik_io_msgs/include/robotnik_io_msgs/robotnik_io_msgs/srv/detail/set_registers__type_support.hpp
[7.529s] -- Installing: /home/admin/ros2_ws/install/robotnik_io_msgs/include/robotnik_io_msgs/robotnik_io_msgs/srv/detail/set_analog_output__traits.hpp
[7.529s] -- Installing: /home/admin/ros2_ws/install/robotnik_io_msgs/include/robotnik_io_msgs/robotnik_io_msgs/srv/detail/set_analog_output_array__type_support.hpp
[7.529s] -- Installing: /home/admin/ros2_ws/install/robotnik_io_msgs/include/robotnik_io_msgs/robotnik_io_msgs/srv/detail/set_digital_output_array__builder.hpp
[7.529s] -- Installing: /home/admin/ros2_ws/install/robotnik_io_msgs/include/robotnik_io_msgs/robotnik_io_msgs/srv/detail/get_registers__traits.hpp
[7.529s] -- Installing: /home/admin/ros2_ws/install/robotnik_io_msgs/include/robotnik_io_msgs/robotnik_io_msgs/srv/detail/set_registers__traits.hpp
[7.529s] -- Installing: /home/admin/ros2_ws/install/robotnik_io_msgs/include/robotnik_io_msgs/robotnik_io_msgs/srv/detail/set_analog_output_array__traits.hpp
[7.529s] -- Installing: /home/admin/ros2_ws/install/robotnik_io_msgs/include/robotnik_io_msgs/robotnik_io_msgs/srv/detail/set_analog_output__builder.hpp
[7.529s] -- Installing: /home/admin/ros2_ws/install/robotnik_io_msgs/include/robotnik_io_msgs/robotnik_io_msgs/srv/set_digital_output_array.hpp
[7.529s] -- Installing: /home/admin/ros2_ws/install/robotnik_io_msgs/include/robotnik_io_msgs/robotnik_io_msgs/srv/set_analog_output_array.hpp
[7.529s] -- Installing: /home/admin/ros2_ws/install/robotnik_io_msgs/include/robotnik_io_msgs/robotnik_io_msgs/srv/get_registers.hpp
[7.529s] -- Installing: /home/admin/ros2_ws/install/robotnik_io_msgs/include/robotnik_io_msgs/robotnik_io_msgs/srv/set_analog_output.hpp
[7.529s] -- Installing: /home/admin/ros2_ws/install/robotnik_io_msgs/include/robotnik_io_msgs/robotnik_io_msgs/srv/set_registers.hpp
[7.529s] -- Installing: /home/admin/ros2_ws/install/robotnik_io_msgs/include/robotnik_io_msgs/robotnik_io_msgs/srv/set_digital_output.hpp
[7.530s] -- Up-to-date: /home/admin/ros2_ws/install/robotnik_io_msgs/include/robotnik_io_msgs/robotnik_io_msgs/msg
[7.530s] -- Installing: /home/admin/ros2_ws/install/robotnik_io_msgs/include/robotnik_io_msgs/robotnik_io_msgs/msg/rosidl_generator_cpp__visibility_control.hpp
[7.530s] -- Up-to-date: /home/admin/ros2_ws/install/robotnik_io_msgs/include/robotnik_io_msgs/robotnik_io_msgs/msg/detail
[7.530s] -- Installing: /home/admin/ros2_ws/install/robotnik_io_msgs/include/robotnik_io_msgs/robotnik_io_msgs/msg/detail/register_array__struct.hpp
[7.530s] -- Installing: /home/admin/ros2_ws/install/robotnik_io_msgs/include/robotnik_io_msgs/robotnik_io_msgs/msg/detail/analog_io__struct.hpp
[7.530s] -- Installing: /home/admin/ros2_ws/install/robotnik_io_msgs/include/robotnik_io_msgs/robotnik_io_msgs/msg/detail/digital_io__traits.hpp
[7.530s] -- Installing: /home/admin/ros2_ws/install/robotnik_io_msgs/include/robotnik_io_msgs/robotnik_io_msgs/msg/detail/register__struct.hpp
[7.530s] -- Installing: /home/admin/ros2_ws/install/robotnik_io_msgs/include/robotnik_io_msgs/robotnik_io_msgs/msg/detail/register__builder.hpp
[7.530s] -- Installing: /home/admin/ros2_ws/install/robotnik_io_msgs/include/robotnik_io_msgs/robotnik_io_msgs/msg/detail/register_array__builder.hpp
[7.530s] -- Installing: /home/admin/ros2_ws/install/robotnik_io_msgs/include/robotnik_io_msgs/robotnik_io_msgs/msg/detail/digital_io__builder.hpp
[7.530s] -- Installing: /home/admin/ros2_ws/install/robotnik_io_msgs/include/robotnik_io_msgs/robotnik_io_msgs/msg/detail/inputs_outputs__type_support.hpp
[7.530s] -- Installing: /home/admin/ros2_ws/install/robotnik_io_msgs/include/robotnik_io_msgs/robotnik_io_msgs/msg/detail/analog_io__type_support.hpp
[7.530s] -- Installing: /home/admin/ros2_ws/install/robotnik_io_msgs/include/robotnik_io_msgs/robotnik_io_msgs/msg/detail/inputs_outputs__struct.hpp
[7.530s] -- Installing: /home/admin/ros2_ws/install/robotnik_io_msgs/include/robotnik_io_msgs/robotnik_io_msgs/msg/detail/digital_io__type_support.hpp
[7.530s] -- Installing: /home/admin/ros2_ws/install/robotnik_io_msgs/include/robotnik_io_msgs/robotnik_io_msgs/msg/detail/analog_io__builder.hpp
[7.530s] -- Installing: /home/admin/ros2_ws/install/robotnik_io_msgs/include/robotnik_io_msgs/robotnik_io_msgs/msg/detail/register__type_support.hpp
[7.530s] -- Installing: /home/admin/ros2_ws/install/robotnik_io_msgs/include/robotnik_io_msgs/robotnik_io_msgs/msg/detail/digital_io__struct.hpp
[7.530s] -- Installing: /home/admin/ros2_ws/install/robotnik_io_msgs/include/robotnik_io_msgs/robotnik_io_msgs/msg/detail/analog_io__traits.hpp
[7.530s] -- Installing: /home/admin/ros2_ws/install/robotnik_io_msgs/include/robotnik_io_msgs/robotnik_io_msgs/msg/detail/inputs_outputs__builder.hpp
[7.530s] -- Installing: /home/admin/ros2_ws/install/robotnik_io_msgs/include/robotnik_io_msgs/robotnik_io_msgs/msg/detail/register__traits.hpp
[7.530s] -- Installing: /home/admin/ros2_ws/install/robotnik_io_msgs/include/robotnik_io_msgs/robotnik_io_msgs/msg/detail/register_array__type_support.hpp
[7.530s] -- Installing: /home/admin/ros2_ws/install/robotnik_io_msgs/include/robotnik_io_msgs/robotnik_io_msgs/msg/detail/register_array__traits.hpp
[7.530s] -- Installing: /home/admin/ros2_ws/install/robotnik_io_msgs/include/robotnik_io_msgs/robotnik_io_msgs/msg/detail/inputs_outputs__traits.hpp
[7.530s] -- Installing: /home/admin/ros2_ws/install/robotnik_io_msgs/include/robotnik_io_msgs/robotnik_io_msgs/msg/register_array.hpp
[7.530s] -- Installing: /home/admin/ros2_ws/install/robotnik_io_msgs/include/robotnik_io_msgs/robotnik_io_msgs/msg/register.hpp
[7.530s] -- Installing: /home/admin/ros2_ws/install/robotnik_io_msgs/include/robotnik_io_msgs/robotnik_io_msgs/msg/analog_io.hpp
[7.530s] -- Installing: /home/admin/ros2_ws/install/robotnik_io_msgs/include/robotnik_io_msgs/robotnik_io_msgs/msg/digital_io.hpp
[7.530s] -- Installing: /home/admin/ros2_ws/install/robotnik_io_msgs/include/robotnik_io_msgs/robotnik_io_msgs/msg/inputs_outputs.hpp
[7.530s] -- Up-to-date: /home/admin/ros2_ws/install/robotnik_io_msgs/include/robotnik_io_msgs/robotnik_io_msgs
[7.530s] -- Up-to-date: /home/admin/ros2_ws/install/robotnik_io_msgs/include/robotnik_io_msgs/robotnik_io_msgs/srv
[7.530s] -- Up-to-date: /home/admin/ros2_ws/install/robotnik_io_msgs/include/robotnik_io_msgs/robotnik_io_msgs/srv/detail
[7.530s] -- Installing: /home/admin/ros2_ws/install/robotnik_io_msgs/include/robotnik_io_msgs/robotnik_io_msgs/srv/detail/set_digital_output_array__rosidl_typesupport_fastrtps_cpp.hpp
[7.530s] -- Installing: /home/admin/ros2_ws/install/robotnik_io_msgs/include/robotnik_io_msgs/robotnik_io_msgs/srv/detail/set_analog_output__rosidl_typesupport_fastrtps_cpp.hpp
[7.530s] -- Installing: /home/admin/ros2_ws/install/robotnik_io_msgs/include/robotnik_io_msgs/robotnik_io_msgs/srv/detail/set_registers__rosidl_typesupport_fastrtps_cpp.hpp
[7.530s] -- Installing: /home/admin/ros2_ws/install/robotnik_io_msgs/include/robotnik_io_msgs/robotnik_io_msgs/srv/detail/dds_fastrtps
[7.530s] -- Installing: /home/admin/ros2_ws/install/robotnik_io_msgs/include/robotnik_io_msgs/robotnik_io_msgs/srv/detail/get_registers__rosidl_typesupport_fastrtps_cpp.hpp
[7.530s] -- Installing: /home/admin/ros2_ws/install/robotnik_io_msgs/include/robotnik_io_msgs/robotnik_io_msgs/srv/detail/set_digital_output__rosidl_typesupport_fastrtps_cpp.hpp
[7.530s] -- Installing: /home/admin/ros2_ws/install/robotnik_io_msgs/include/robotnik_io_msgs/robotnik_io_msgs/srv/detail/set_analog_output_array__rosidl_typesupport_fastrtps_cpp.hpp
[7.530s] -- Up-to-date: /home/admin/ros2_ws/install/robotnik_io_msgs/include/robotnik_io_msgs/robotnik_io_msgs/msg
[7.530s] -- Installing: /home/admin/ros2_ws/install/robotnik_io_msgs/include/robotnik_io_msgs/robotnik_io_msgs/msg/rosidl_typesupport_fastrtps_cpp__visibility_control.h
[7.531s] -- Up-to-date: /home/admin/ros2_ws/install/robotnik_io_msgs/include/robotnik_io_msgs/robotnik_io_msgs/msg/detail
[7.531s] -- Installing: /home/admin/ros2_ws/install/robotnik_io_msgs/include/robotnik_io_msgs/robotnik_io_msgs/msg/detail/register__rosidl_typesupport_fastrtps_cpp.hpp
[7.531s] -- Installing: /home/admin/ros2_ws/install/robotnik_io_msgs/include/robotnik_io_msgs/robotnik_io_msgs/msg/detail/digital_io__rosidl_typesupport_fastrtps_cpp.hpp
[7.531s] -- Installing: /home/admin/ros2_ws/install/robotnik_io_msgs/include/robotnik_io_msgs/robotnik_io_msgs/msg/detail/inputs_outputs__rosidl_typesupport_fastrtps_cpp.hpp
[7.531s] -- Installing: /home/admin/ros2_ws/install/robotnik_io_msgs/include/robotnik_io_msgs/robotnik_io_msgs/msg/detail/register_array__rosidl_typesupport_fastrtps_cpp.hpp
[7.531s] -- Installing: /home/admin/ros2_ws/install/robotnik_io_msgs/include/robotnik_io_msgs/robotnik_io_msgs/msg/detail/dds_fastrtps
[7.531s] -- Installing: /home/admin/ros2_ws/install/robotnik_io_msgs/include/robotnik_io_msgs/robotnik_io_msgs/msg/detail/analog_io__rosidl_typesupport_fastrtps_cpp.hpp
[7.531s] -- Installing: /home/admin/ros2_ws/install/robotnik_io_msgs/lib/librobotnik_io_msgs__rosidl_typesupport_fastrtps_cpp.so
[7.531s] -- Set runtime path of "/home/admin/ros2_ws/install/robotnik_io_msgs/lib/librobotnik_io_msgs__rosidl_typesupport_fastrtps_cpp.so" to ""
[7.531s] -- Up-to-date: /home/admin/ros2_ws/install/robotnik_io_msgs/include/robotnik_io_msgs/robotnik_io_msgs
[7.531s] -- Up-to-date: /home/admin/ros2_ws/install/robotnik_io_msgs/include/robotnik_io_msgs/robotnik_io_msgs/srv
[7.531s] -- Up-to-date: /home/admin/ros2_ws/install/robotnik_io_msgs/include/robotnik_io_msgs/robotnik_io_msgs/srv/detail
[7.531s] -- Installing: /home/admin/ros2_ws/install/robotnik_io_msgs/include/robotnik_io_msgs/robotnik_io_msgs/srv/detail/set_analog_output_array__rosidl_typesupport_introspection_c.h
[7.531s] -- Installing: /home/admin/ros2_ws/install/robotnik_io_msgs/include/robotnik_io_msgs/robotnik_io_msgs/srv/detail/set_digital_output_array__rosidl_typesupport_introspection_c.h
[7.531s] -- Installing: /home/admin/ros2_ws/install/robotnik_io_msgs/include/robotnik_io_msgs/robotnik_io_msgs/srv/detail/set_analog_output_array__type_support.c
[7.531s] -- Installing: /home/admin/ros2_ws/install/robotnik_io_msgs/include/robotnik_io_msgs/robotnik_io_msgs/srv/detail/get_registers__rosidl_typesupport_introspection_c.h
[7.531s] -- Installing: /home/admin/ros2_ws/install/robotnik_io_msgs/include/robotnik_io_msgs/robotnik_io_msgs/srv/detail/set_digital_output_array__type_support.c
[7.531s] -- Installing: /home/admin/ros2_ws/install/robotnik_io_msgs/include/robotnik_io_msgs/robotnik_io_msgs/srv/detail/set_registers__type_support.c
[7.531s] -- Installing: /home/admin/ros2_ws/install/robotnik_io_msgs/include/robotnik_io_msgs/robotnik_io_msgs/srv/detail/set_digital_output__type_support.c
[7.531s] -- Installing: /home/admin/ros2_ws/install/robotnik_io_msgs/include/robotnik_io_msgs/robotnik_io_msgs/srv/detail/set_registers__rosidl_typesupport_introspection_c.h
[7.531s] -- Installing: /home/admin/ros2_ws/install/robotnik_io_msgs/include/robotnik_io_msgs/robotnik_io_msgs/srv/detail/set_digital_output__rosidl_typesupport_introspection_c.h
[7.531s] -- Installing: /home/admin/ros2_ws/install/robotnik_io_msgs/include/robotnik_io_msgs/robotnik_io_msgs/srv/detail/set_analog_output__type_support.c
[7.532s] -- Installing: /home/admin/ros2_ws/install/robotnik_io_msgs/include/robotnik_io_msgs/robotnik_io_msgs/srv/detail/set_analog_output__rosidl_typesupport_introspection_c.h
[7.532s] -- Installing: /home/admin/ros2_ws/install/robotnik_io_msgs/include/robotnik_io_msgs/robotnik_io_msgs/srv/detail/get_registers__type_support.c
[7.532s] -- Up-to-date: /home/admin/ros2_ws/install/robotnik_io_msgs/include/robotnik_io_msgs/robotnik_io_msgs/msg
[7.532s] -- Up-to-date: /home/admin/ros2_ws/install/robotnik_io_msgs/include/robotnik_io_msgs/robotnik_io_msgs/msg/detail
[7.532s] -- Installing: /home/admin/ros2_ws/install/robotnik_io_msgs/include/robotnik_io_msgs/robotnik_io_msgs/msg/detail/digital_io__type_support.c
[7.532s] -- Installing: /home/admin/ros2_ws/install/robotnik_io_msgs/include/robotnik_io_msgs/robotnik_io_msgs/msg/detail/register__type_support.c
[7.532s] -- Installing: /home/admin/ros2_ws/install/robotnik_io_msgs/include/robotnik_io_msgs/robotnik_io_msgs/msg/detail/inputs_outputs__rosidl_typesupport_introspection_c.h
[7.532s] -- Installing: /home/admin/ros2_ws/install/robotnik_io_msgs/include/robotnik_io_msgs/robotnik_io_msgs/msg/detail/register_array__type_support.c
[7.532s] -- Installing: /home/admin/ros2_ws/install/robotnik_io_msgs/include/robotnik_io_msgs/robotnik_io_msgs/msg/detail/analog_io__type_support.c
[7.532s] -- Installing: /home/admin/ros2_ws/install/robotnik_io_msgs/include/robotnik_io_msgs/robotnik_io_msgs/msg/detail/digital_io__rosidl_typesupport_introspection_c.h
[7.532s] -- Installing: /home/admin/ros2_ws/install/robotnik_io_msgs/include/robotnik_io_msgs/robotnik_io_msgs/msg/detail/inputs_outputs__type_support.c
[7.532s] -- Installing: /home/admin/ros2_ws/install/robotnik_io_msgs/include/robotnik_io_msgs/robotnik_io_msgs/msg/detail/register__rosidl_typesupport_introspection_c.h
[7.533s] -- Installing: /home/admin/ros2_ws/install/robotnik_io_msgs/include/robotnik_io_msgs/robotnik_io_msgs/msg/detail/register_array__rosidl_typesupport_introspection_c.h
[7.533s] -- Installing: /home/admin/ros2_ws/install/robotnik_io_msgs/include/robotnik_io_msgs/robotnik_io_msgs/msg/detail/analog_io__rosidl_typesupport_introspection_c.h
[7.533s] -- Installing: /home/admin/ros2_ws/install/robotnik_io_msgs/include/robotnik_io_msgs/robotnik_io_msgs/msg/rosidl_typesupport_introspection_c__visibility_control.h
[7.533s] -- Installing: /home/admin/ros2_ws/install/robotnik_io_msgs/lib/librobotnik_io_msgs__rosidl_typesupport_introspection_c.so
[7.533s] -- Set runtime path of "/home/admin/ros2_ws/install/robotnik_io_msgs/lib/librobotnik_io_msgs__rosidl_typesupport_introspection_c.so" to ""
[7.533s] -- Installing: /home/admin/ros2_ws/install/robotnik_io_msgs/lib/librobotnik_io_msgs__rosidl_typesupport_c.so
[7.533s] -- Set runtime path of "/home/admin/ros2_ws/install/robotnik_io_msgs/lib/librobotnik_io_msgs__rosidl_typesupport_c.so" to ""
[7.533s] -- Up-to-date: /home/admin/ros2_ws/install/robotnik_io_msgs/include/robotnik_io_msgs/robotnik_io_msgs
[7.533s] -- Up-to-date: /home/admin/ros2_ws/install/robotnik_io_msgs/include/robotnik_io_msgs/robotnik_io_msgs/srv
[7.533s] -- Up-to-date: /home/admin/ros2_ws/install/robotnik_io_msgs/include/robotnik_io_msgs/robotnik_io_msgs/srv/detail
[7.533s] -- Installing: /home/admin/ros2_ws/install/robotnik_io_msgs/include/robotnik_io_msgs/robotnik_io_msgs/srv/detail/set_analog_output_array__rosidl_typesupport_introspection_cpp.hpp
[7.533s] -- Installing: /home/admin/ros2_ws/install/robotnik_io_msgs/include/robotnik_io_msgs/robotnik_io_msgs/srv/detail/set_analog_output__type_support.cpp
[7.533s] -- Installing: /home/admin/ros2_ws/install/robotnik_io_msgs/include/robotnik_io_msgs/robotnik_io_msgs/srv/detail/set_registers__type_support.cpp
[7.533s] -- Installing: /home/admin/ros2_ws/install/robotnik_io_msgs/include/robotnik_io_msgs/robotnik_io_msgs/srv/detail/set_analog_output_array__type_support.cpp
[7.533s] -- Installing: /home/admin/ros2_ws/install/robotnik_io_msgs/include/robotnik_io_msgs/robotnik_io_msgs/srv/detail/get_registers__type_support.cpp
[7.533s] -- Installing: /home/admin/ros2_ws/install/robotnik_io_msgs/include/robotnik_io_msgs/robotnik_io_msgs/srv/detail/set_digital_output__type_support.cpp
[7.533s] -- Installing: /home/admin/ros2_ws/install/robotnik_io_msgs/include/robotnik_io_msgs/robotnik_io_msgs/srv/detail/set_registers__rosidl_typesupport_introspection_cpp.hpp
[7.533s] -- Installing: /home/admin/ros2_ws/install/robotnik_io_msgs/include/robotnik_io_msgs/robotnik_io_msgs/srv/detail/set_analog_output__rosidl_typesupport_introspection_cpp.hpp
[7.533s] -- Installing: /home/admin/ros2_ws/install/robotnik_io_msgs/include/robotnik_io_msgs/robotnik_io_msgs/srv/detail/get_registers__rosidl_typesupport_introspection_cpp.hpp
[7.533s] -- Installing: /home/admin/ros2_ws/install/robotnik_io_msgs/include/robotnik_io_msgs/robotnik_io_msgs/srv/detail/set_digital_output_array__rosidl_typesupport_introspection_cpp.hpp
[7.533s] -- Installing: /home/admin/ros2_ws/install/robotnik_io_msgs/include/robotnik_io_msgs/robotnik_io_msgs/srv/detail/set_digital_output__rosidl_typesupport_introspection_cpp.hpp
[7.533s] -- Installing: /home/admin/ros2_ws/install/robotnik_io_msgs/include/robotnik_io_msgs/robotnik_io_msgs/srv/detail/set_digital_output_array__type_support.cpp
[7.533s] -- Up-to-date: /home/admin/ros2_ws/install/robotnik_io_msgs/include/robotnik_io_msgs/robotnik_io_msgs/msg
[7.533s] -- Up-to-date: /home/admin/ros2_ws/install/robotnik_io_msgs/include/robotnik_io_msgs/robotnik_io_msgs/msg/detail
[7.533s] -- Installing: /home/admin/ros2_ws/install/robotnik_io_msgs/include/robotnik_io_msgs/robotnik_io_msgs/msg/detail/inputs_outputs__type_support.cpp
[7.533s] -- Installing: /home/admin/ros2_ws/install/robotnik_io_msgs/include/robotnik_io_msgs/robotnik_io_msgs/msg/detail/analog_io__type_support.cpp
[7.534s] -- Installing: /home/admin/ros2_ws/install/robotnik_io_msgs/include/robotnik_io_msgs/robotnik_io_msgs/msg/detail/inputs_outputs__rosidl_typesupport_introspection_cpp.hpp
[7.534s] -- Installing: /home/admin/ros2_ws/install/robotnik_io_msgs/include/robotnik_io_msgs/robotnik_io_msgs/msg/detail/register__type_support.cpp
[7.534s] -- Installing: /home/admin/ros2_ws/install/robotnik_io_msgs/include/robotnik_io_msgs/robotnik_io_msgs/msg/detail/digital_io__rosidl_typesupport_introspection_cpp.hpp
[7.534s] -- Installing: /home/admin/ros2_ws/install/robotnik_io_msgs/include/robotnik_io_msgs/robotnik_io_msgs/msg/detail/register_array__type_support.cpp
[7.534s] -- Installing: /home/admin/ros2_ws/install/robotnik_io_msgs/include/robotnik_io_msgs/robotnik_io_msgs/msg/detail/register_array__rosidl_typesupport_introspection_cpp.hpp
[7.534s] -- Installing: /home/admin/ros2_ws/install/robotnik_io_msgs/include/robotnik_io_msgs/robotnik_io_msgs/msg/detail/analog_io__rosidl_typesupport_introspection_cpp.hpp
[7.534s] -- Installing: /home/admin/ros2_ws/install/robotnik_io_msgs/include/robotnik_io_msgs/robotnik_io_msgs/msg/detail/register__rosidl_typesupport_introspection_cpp.hpp
[7.534s] -- Installing: /home/admin/ros2_ws/install/robotnik_io_msgs/include/robotnik_io_msgs/robotnik_io_msgs/msg/detail/digital_io__type_support.cpp
[7.534s] -- Installing: /home/admin/ros2_ws/install/robotnik_io_msgs/lib/librobotnik_io_msgs__rosidl_typesupport_introspection_cpp.so
[7.534s] -- Set runtime path of "/home/admin/ros2_ws/install/robotnik_io_msgs/lib/librobotnik_io_msgs__rosidl_typesupport_introspection_cpp.so" to ""
[7.534s] -- Installing: /home/admin/ros2_ws/install/robotnik_io_msgs/lib/librobotnik_io_msgs__rosidl_typesupport_cpp.so
[7.534s] -- Set runtime path of "/home/admin/ros2_ws/install/robotnik_io_msgs/lib/librobotnik_io_msgs__rosidl_typesupport_cpp.so" to ""
[7.534s] -- Installing: /home/admin/ros2_ws/install/robotnik_io_msgs/share/robotnik_io_msgs/environment/pythonpath.sh
[7.534s] -- Installing: /home/admin/ros2_ws/install/robotnik_io_msgs/share/robotnik_io_msgs/environment/pythonpath.dsv
[7.534s] -- Installing: /home/admin/ros2_ws/install/robotnik_io_msgs/local/lib/python3.10/dist-packages/robotnik_io_msgs-1.0.0-py3.10.egg-info
[7.534s] -- Installing: /home/admin/ros2_ws/install/robotnik_io_msgs/local/lib/python3.10/dist-packages/robotnik_io_msgs-1.0.0-py3.10.egg-info/PKG-INFO
[7.534s] -- Installing: /home/admin/ros2_ws/install/robotnik_io_msgs/local/lib/python3.10/dist-packages/robotnik_io_msgs-1.0.0-py3.10.egg-info/SOURCES.txt
[7.534s] -- Installing: /home/admin/ros2_ws/install/robotnik_io_msgs/local/lib/python3.10/dist-packages/robotnik_io_msgs-1.0.0-py3.10.egg-info/dependency_links.txt
[7.534s] -- Installing: /home/admin/ros2_ws/install/robotnik_io_msgs/local/lib/python3.10/dist-packages/robotnik_io_msgs-1.0.0-py3.10.egg-info/top_level.txt
[7.534s] -- Installing: /home/admin/ros2_ws/install/robotnik_io_msgs/local/lib/python3.10/dist-packages/robotnik_io_msgs
[7.534s] -- Installing: /home/admin/ros2_ws/install/robotnik_io_msgs/local/lib/python3.10/dist-packages/robotnik_io_msgs/_robotnik_io_msgs_s.ep.rosidl_typesupport_c.c
[7.534s] -- Installing: /home/admin/ros2_ws/install/robotnik_io_msgs/local/lib/python3.10/dist-packages/robotnik_io_msgs/_robotnik_io_msgs_s.ep.rosidl_typesupport_fastrtps_c.c
[7.534s] -- Installing: /home/admin/ros2_ws/install/robotnik_io_msgs/local/lib/python3.10/dist-packages/robotnik_io_msgs/__init__.py
[7.534s] -- Installing: /home/admin/ros2_ws/install/robotnik_io_msgs/local/lib/python3.10/dist-packages/robotnik_io_msgs/robotnik_io_msgs_s__rosidl_typesupport_fastrtps_c.cpython-310-x86_64-linux-gnu.so
[7.534s] -- Installing: /home/admin/ros2_ws/install/robotnik_io_msgs/local/lib/python3.10/dist-packages/robotnik_io_msgs/srv
[7.534s] -- Installing: /home/admin/ros2_ws/install/robotnik_io_msgs/local/lib/python3.10/dist-packages/robotnik_io_msgs/srv/_set_digital_output_s.c
[7.534s] -- Installing: /home/admin/ros2_ws/install/robotnik_io_msgs/local/lib/python3.10/dist-packages/robotnik_io_msgs/srv/_set_analog_output.py
[7.534s] -- Installing: /home/admin/ros2_ws/install/robotnik_io_msgs/local/lib/python3.10/dist-packages/robotnik_io_msgs/srv/_set_analog_output_array_s.c
[7.534s] -- Installing: /home/admin/ros2_ws/install/robotnik_io_msgs/local/lib/python3.10/dist-packages/robotnik_io_msgs/srv/_set_digital_output.py
[7.534s] -- Installing: /home/admin/ros2_ws/install/robotnik_io_msgs/local/lib/python3.10/dist-packages/robotnik_io_msgs/srv/_get_registers_s.c
[7.534s] -- Installing: /home/admin/ros2_ws/install/robotnik_io_msgs/local/lib/python3.10/dist-packages/robotnik_io_msgs/srv/__init__.py
[7.534s] -- Installing: /home/admin/ros2_ws/install/robotnik_io_msgs/local/lib/python3.10/dist-packages/robotnik_io_msgs/srv/_set_analog_output_array.py
[7.534s] -- Installing: /home/admin/ros2_ws/install/robotnik_io_msgs/local/lib/python3.10/dist-packages/robotnik_io_msgs/srv/_set_registers.py
[7.534s] -- Installing: /home/admin/ros2_ws/install/robotnik_io_msgs/local/lib/python3.10/dist-packages/robotnik_io_msgs/srv/_set_digital_output_array_s.c
[7.534s] -- Installing: /home/admin/ros2_ws/install/robotnik_io_msgs/local/lib/python3.10/dist-packages/robotnik_io_msgs/srv/_set_registers_s.c
[7.534s] -- Installing: /home/admin/ros2_ws/install/robotnik_io_msgs/local/lib/python3.10/dist-packages/robotnik_io_msgs/srv/_set_analog_output_s.c
[7.534s] -- Installing: /home/admin/ros2_ws/install/robotnik_io_msgs/local/lib/python3.10/dist-packages/robotnik_io_msgs/srv/_set_digital_output_array.py
[7.534s] -- Installing: /home/admin/ros2_ws/install/robotnik_io_msgs/local/lib/python3.10/dist-packages/robotnik_io_msgs/srv/_get_registers.py
[7.534s] -- Installing: /home/admin/ros2_ws/install/robotnik_io_msgs/local/lib/python3.10/dist-packages/robotnik_io_msgs/robotnik_io_msgs_s__rosidl_typesupport_c.cpython-310-x86_64-linux-gnu.so
[7.534s] -- Installing: /home/admin/ros2_ws/install/robotnik_io_msgs/local/lib/python3.10/dist-packages/robotnik_io_msgs/robotnik_io_msgs_s__rosidl_typesupport_introspection_c.cpython-310-x86_64-linux-gnu.so
[7.534s] -- Installing: /home/admin/ros2_ws/install/robotnik_io_msgs/local/lib/python3.10/dist-packages/robotnik_io_msgs/_robotnik_io_msgs_s.ep.rosidl_typesupport_introspection_c.c
[7.534s] -- Installing: /home/admin/ros2_ws/install/robotnik_io_msgs/local/lib/python3.10/dist-packages/robotnik_io_msgs/msg
[7.534s] -- Installing: /home/admin/ros2_ws/install/robotnik_io_msgs/local/lib/python3.10/dist-packages/robotnik_io_msgs/msg/_analog_io.py
[7.534s] -- Installing: /home/admin/ros2_ws/install/robotnik_io_msgs/local/lib/python3.10/dist-packages/robotnik_io_msgs/msg/_digital_io_s.c
[7.535s] -- Installing: /home/admin/ros2_ws/install/robotnik_io_msgs/local/lib/python3.10/dist-packages/robotnik_io_msgs/msg/_register.py
[7.535s] -- Installing: /home/admin/ros2_ws/install/robotnik_io_msgs/local/lib/python3.10/dist-packages/robotnik_io_msgs/msg/_register_array_s.c
[7.535s] -- Installing: /home/admin/ros2_ws/install/robotnik_io_msgs/local/lib/python3.10/dist-packages/robotnik_io_msgs/msg/_register_array.py
[7.535s] -- Installing: /home/admin/ros2_ws/install/robotnik_io_msgs/local/lib/python3.10/dist-packages/robotnik_io_msgs/msg/__init__.py
[7.535s] -- Installing: /home/admin/ros2_ws/install/robotnik_io_msgs/local/lib/python3.10/dist-packages/robotnik_io_msgs/msg/_analog_io_s.c
[7.535s] -- Installing: /home/admin/ros2_ws/install/robotnik_io_msgs/local/lib/python3.10/dist-packages/robotnik_io_msgs/msg/_inputs_outputs_s.c
[7.535s] -- Installing: /home/admin/ros2_ws/install/robotnik_io_msgs/local/lib/python3.10/dist-packages/robotnik_io_msgs/msg/_digital_io.py
[7.535s] -- Installing: /home/admin/ros2_ws/install/robotnik_io_msgs/local/lib/python3.10/dist-packages/robotnik_io_msgs/msg/_register_s.c
[7.535s] -- Installing: /home/admin/ros2_ws/install/robotnik_io_msgs/local/lib/python3.10/dist-packages/robotnik_io_msgs/msg/_inputs_outputs.py
[7.535s] -- Installing: /home/admin/ros2_ws/install/robotnik_io_msgs/local/lib/python3.10/dist-packages/robotnik_io_msgs/librobotnik_io_msgs__rosidl_generator_py.so
[7.566s] Listing '/home/admin/ros2_ws/install/robotnik_io_msgs/local/lib/python3.10/dist-packages/robotnik_io_msgs'...
[7.566s] Compiling '/home/admin/ros2_ws/install/robotnik_io_msgs/local/lib/python3.10/dist-packages/robotnik_io_msgs/__init__.py'...
[7.566s] Listing '/home/admin/ros2_ws/install/robotnik_io_msgs/local/lib/python3.10/dist-packages/robotnik_io_msgs/msg'...
[7.567s] Compiling '/home/admin/ros2_ws/install/robotnik_io_msgs/local/lib/python3.10/dist-packages/robotnik_io_msgs/msg/__init__.py'...
[7.567s] Compiling '/home/admin/ros2_ws/install/robotnik_io_msgs/local/lib/python3.10/dist-packages/robotnik_io_msgs/msg/_analog_io.py'...
[7.567s] Compiling '/home/admin/ros2_ws/install/robotnik_io_msgs/local/lib/python3.10/dist-packages/robotnik_io_msgs/msg/_digital_io.py'...
[7.567s] Compiling '/home/admin/ros2_ws/install/robotnik_io_msgs/local/lib/python3.10/dist-packages/robotnik_io_msgs/msg/_inputs_outputs.py'...
[7.567s] Compiling '/home/admin/ros2_ws/install/robotnik_io_msgs/local/lib/python3.10/dist-packages/robotnik_io_msgs/msg/_register.py'...
[7.567s] Compiling '/home/admin/ros2_ws/install/robotnik_io_msgs/local/lib/python3.10/dist-packages/robotnik_io_msgs/msg/_register_array.py'...
[7.567s] Listing '/home/admin/ros2_ws/install/robotnik_io_msgs/local/lib/python3.10/dist-packages/robotnik_io_msgs/srv'...
[7.567s] Compiling '/home/admin/ros2_ws/install/robotnik_io_msgs/local/lib/python3.10/dist-packages/robotnik_io_msgs/srv/__init__.py'...
[7.567s] Compiling '/home/admin/ros2_ws/install/robotnik_io_msgs/local/lib/python3.10/dist-packages/robotnik_io_msgs/srv/_get_registers.py'...
[7.567s] Compiling '/home/admin/ros2_ws/install/robotnik_io_msgs/local/lib/python3.10/dist-packages/robotnik_io_msgs/srv/_set_analog_output.py'...
[7.567s] Compiling '/home/admin/ros2_ws/install/robotnik_io_msgs/local/lib/python3.10/dist-packages/robotnik_io_msgs/srv/_set_analog_output_array.py'...
[7.567s] Compiling '/home/admin/ros2_ws/install/robotnik_io_msgs/local/lib/python3.10/dist-packages/robotnik_io_msgs/srv/_set_digital_output.py'...
[7.567s] Compiling '/home/admin/ros2_ws/install/robotnik_io_msgs/local/lib/python3.10/dist-packages/robotnik_io_msgs/srv/_set_digital_output_array.py'...
[7.567s] Compiling '/home/admin/ros2_ws/install/robotnik_io_msgs/local/lib/python3.10/dist-packages/robotnik_io_msgs/srv/_set_registers.py'...
[7.570s] -- Installing: /home/admin/ros2_ws/install/robotnik_io_msgs/local/lib/python3.10/dist-packages/robotnik_io_msgs/robotnik_io_msgs_s__rosidl_typesupport_fastrtps_c.cpython-310-x86_64-linux-gnu.so
[7.570s] -- Set runtime path of "/home/admin/ros2_ws/install/robotnik_io_msgs/local/lib/python3.10/dist-packages/robotnik_io_msgs/robotnik_io_msgs_s__rosidl_typesupport_fastrtps_c.cpython-310-x86_64-linux-gnu.so" to ""
[7.570s] -- Installing: /home/admin/ros2_ws/install/robotnik_io_msgs/local/lib/python3.10/dist-packages/robotnik_io_msgs/robotnik_io_msgs_s__rosidl_typesupport_introspection_c.cpython-310-x86_64-linux-gnu.so
[7.570s] -- Set runtime path of "/home/admin/ros2_ws/install/robotnik_io_msgs/local/lib/python3.10/dist-packages/robotnik_io_msgs/robotnik_io_msgs_s__rosidl_typesupport_introspection_c.cpython-310-x86_64-linux-gnu.so" to ""
[7.570s] -- Installing: /home/admin/ros2_ws/install/robotnik_io_msgs/local/lib/python3.10/dist-packages/robotnik_io_msgs/robotnik_io_msgs_s__rosidl_typesupport_c.cpython-310-x86_64-linux-gnu.so
[7.570s] -- Set runtime path of "/home/admin/ros2_ws/install/robotnik_io_msgs/local/lib/python3.10/dist-packages/robotnik_io_msgs/robotnik_io_msgs_s__rosidl_typesupport_c.cpython-310-x86_64-linux-gnu.so" to ""
[7.570s] -- Installing: /home/admin/ros2_ws/install/robotnik_io_msgs/lib/librobotnik_io_msgs__rosidl_generator_py.so
[7.570s] -- Set runtime path of "/home/admin/ros2_ws/install/robotnik_io_msgs/lib/librobotnik_io_msgs__rosidl_generator_py.so" to ""
[7.570s] -- Installing: /home/admin/ros2_ws/install/robotnik_io_msgs/share/robotnik_io_msgs/msg/AnalogIO.idl
[7.570s] -- Installing: /home/admin/ros2_ws/install/robotnik_io_msgs/share/robotnik_io_msgs/msg/DigitalIO.idl
[7.571s] -- Installing: /home/admin/ros2_ws/install/robotnik_io_msgs/share/robotnik_io_msgs/msg/InputsOutputs.idl
[7.571s] -- Installing: /home/admin/ros2_ws/install/robotnik_io_msgs/share/robotnik_io_msgs/msg/RegisterArray.idl
[7.571s] -- Installing: /home/admin/ros2_ws/install/robotnik_io_msgs/share/robotnik_io_msgs/msg/Register.idl
[7.571s] -- Installing: /home/admin/ros2_ws/install/robotnik_io_msgs/share/robotnik_io_msgs/srv/GetRegisters.idl
[7.571s] -- Installing: /home/admin/ros2_ws/install/robotnik_io_msgs/share/robotnik_io_msgs/srv/SetAnalogOutput.idl
[7.571s] -- Installing: /home/admin/ros2_ws/install/robotnik_io_msgs/share/robotnik_io_msgs/srv/SetAnalogOutputArray.idl
[7.571s] -- Installing: /home/admin/ros2_ws/install/robotnik_io_msgs/share/robotnik_io_msgs/srv/SetDigitalOutput.idl
[7.571s] -- Installing: /home/admin/ros2_ws/install/robotnik_io_msgs/share/robotnik_io_msgs/srv/SetDigitalOutputArray.idl
[7.571s] -- Installing: /home/admin/ros2_ws/install/robotnik_io_msgs/share/robotnik_io_msgs/srv/SetRegisters.idl
[7.571s] -- Installing: /home/admin/ros2_ws/install/robotnik_io_msgs/share/robotnik_io_msgs/msg/AnalogIO.msg
[7.571s] -- Installing: /home/admin/ros2_ws/install/robotnik_io_msgs/share/robotnik_io_msgs/msg/DigitalIO.msg
[7.571s] -- Installing: /home/admin/ros2_ws/install/robotnik_io_msgs/share/robotnik_io_msgs/msg/InputsOutputs.msg
[7.571s] -- Installing: /home/admin/ros2_ws/install/robotnik_io_msgs/share/robotnik_io_msgs/msg/RegisterArray.msg
[7.571s] -- Installing: /home/admin/ros2_ws/install/robotnik_io_msgs/share/robotnik_io_msgs/msg/Register.msg
[7.571s] -- Installing: /home/admin/ros2_ws/install/robotnik_io_msgs/share/robotnik_io_msgs/srv/GetRegisters.srv
[7.571s] -- Installing: /home/admin/ros2_ws/install/robotnik_io_msgs/share/robotnik_io_msgs/srv/GetRegisters_Request.msg
[7.572s] -- Installing: /home/admin/ros2_ws/install/robotnik_io_msgs/share/robotnik_io_msgs/srv/GetRegisters_Response.msg
[7.572s] -- Installing: /home/admin/ros2_ws/install/robotnik_io_msgs/share/robotnik_io_msgs/srv/SetAnalogOutput.srv
[7.572s] -- Installing: /home/admin/ros2_ws/install/robotnik_io_msgs/share/robotnik_io_msgs/srv/SetAnalogOutput_Request.msg
[7.572s] -- Installing: /home/admin/ros2_ws/install/robotnik_io_msgs/share/robotnik_io_msgs/srv/SetAnalogOutput_Response.msg
[7.572s] -- Installing: /home/admin/ros2_ws/install/robotnik_io_msgs/share/robotnik_io_msgs/srv/SetAnalogOutputArray.srv
[7.572s] -- Installing: /home/admin/ros2_ws/install/robotnik_io_msgs/share/robotnik_io_msgs/srv/SetAnalogOutputArray_Request.msg
[7.572s] -- Installing: /home/admin/ros2_ws/install/robotnik_io_msgs/share/robotnik_io_msgs/srv/SetAnalogOutputArray_Response.msg
[7.572s] -- Installing: /home/admin/ros2_ws/install/robotnik_io_msgs/share/robotnik_io_msgs/srv/SetDigitalOutput.srv
[7.572s] -- Installing: /home/admin/ros2_ws/install/robotnik_io_msgs/share/robotnik_io_msgs/srv/SetDigitalOutput_Request.msg
[7.572s] -- Installing: /home/admin/ros2_ws/install/robotnik_io_msgs/share/robotnik_io_msgs/srv/SetDigitalOutput_Response.msg
[7.572s] -- Installing: /home/admin/ros2_ws/install/robotnik_io_msgs/share/robotnik_io_msgs/srv/SetDigitalOutputArray.srv
[7.572s] -- Installing: /home/admin/ros2_ws/install/robotnik_io_msgs/share/robotnik_io_msgs/srv/SetDigitalOutputArray_Request.msg
[7.572s] -- Installing: /home/admin/ros2_ws/install/robotnik_io_msgs/share/robotnik_io_msgs/srv/SetDigitalOutputArray_Response.msg
[7.572s] -- Installing: /home/admin/ros2_ws/install/robotnik_io_msgs/share/robotnik_io_msgs/srv/SetRegisters.srv
[7.572s] -- Installing: /home/admin/ros2_ws/install/robotnik_io_msgs/share/robotnik_io_msgs/srv/SetRegisters_Request.msg
[7.572s] -- Installing: /home/admin/ros2_ws/install/robotnik_io_msgs/share/robotnik_io_msgs/srv/SetRegisters_Response.msg
[7.572s] -- Installing: /home/admin/ros2_ws/install/robotnik_io_msgs/share/ament_index/resource_index/package_run_dependencies/robotnik_io_msgs
[7.572s] -- Installing: /home/admin/ros2_ws/install/robotnik_io_msgs/share/ament_index/resource_index/parent_prefix_path/robotnik_io_msgs
[7.572s] -- Installing: /home/admin/ros2_ws/install/robotnik_io_msgs/share/robotnik_io_msgs/environment/ament_prefix_path.sh
[7.573s] -- Installing: /home/admin/ros2_ws/install/robotnik_io_msgs/share/robotnik_io_msgs/environment/ament_prefix_path.dsv
[7.573s] -- Installing: /home/admin/ros2_ws/install/robotnik_io_msgs/share/robotnik_io_msgs/environment/path.sh
[7.573s] -- Installing: /home/admin/ros2_ws/install/robotnik_io_msgs/share/robotnik_io_msgs/environment/path.dsv
[7.573s] -- Installing: /home/admin/ros2_ws/install/robotnik_io_msgs/share/robotnik_io_msgs/local_setup.bash
[7.573s] -- Installing: /home/admin/ros2_ws/install/robotnik_io_msgs/share/robotnik_io_msgs/local_setup.sh
[7.573s] -- Installing: /home/admin/ros2_ws/install/robotnik_io_msgs/share/robotnik_io_msgs/local_setup.zsh
[7.573s] -- Installing: /home/admin/ros2_ws/install/robotnik_io_msgs/share/robotnik_io_msgs/local_setup.dsv
[7.573s] -- Installing: /home/admin/ros2_ws/install/robotnik_io_msgs/share/robotnik_io_msgs/package.dsv
[7.573s] -- Installing: /home/admin/ros2_ws/install/robotnik_io_msgs/share/ament_index/resource_index/packages/robotnik_io_msgs
[7.573s] -- Installing: /home/admin/ros2_ws/install/robotnik_io_msgs/share/robotnik_io_msgs/cmake/export_robotnik_io_msgs__rosidl_generator_cExport.cmake
[7.573s] -- Installing: /home/admin/ros2_ws/install/robotnik_io_msgs/share/robotnik_io_msgs/cmake/export_robotnik_io_msgs__rosidl_generator_cExport-noconfig.cmake
[7.573s] -- Installing: /home/admin/ros2_ws/install/robotnik_io_msgs/share/robotnik_io_msgs/cmake/export_robotnik_io_msgs__rosidl_typesupport_fastrtps_cExport.cmake
[7.573s] -- Installing: /home/admin/ros2_ws/install/robotnik_io_msgs/share/robotnik_io_msgs/cmake/export_robotnik_io_msgs__rosidl_typesupport_fastrtps_cExport-noconfig.cmake
[7.573s] -- Installing: /home/admin/ros2_ws/install/robotnik_io_msgs/share/robotnik_io_msgs/cmake/export_robotnik_io_msgs__rosidl_generator_cppExport.cmake
[7.573s] -- Installing: /home/admin/ros2_ws/install/robotnik_io_msgs/share/robotnik_io_msgs/cmake/export_robotnik_io_msgs__rosidl_typesupport_fastrtps_cppExport.cmake
[7.573s] -- Installing: /home/admin/ros2_ws/install/robotnik_io_msgs/share/robotnik_io_msgs/cmake/export_robotnik_io_msgs__rosidl_typesupport_fastrtps_cppExport-noconfig.cmake
[7.573s] -- Installing: /home/admin/ros2_ws/install/robotnik_io_msgs/share/robotnik_io_msgs/cmake/robotnik_io_msgs__rosidl_typesupport_introspection_cExport.cmake
[7.573s] -- Installing: /home/admin/ros2_ws/install/robotnik_io_msgs/share/robotnik_io_msgs/cmake/robotnik_io_msgs__rosidl_typesupport_introspection_cExport-noconfig.cmake
[7.573s] -- Installing: /home/admin/ros2_ws/install/robotnik_io_msgs/share/robotnik_io_msgs/cmake/robotnik_io_msgs__rosidl_typesupport_cExport.cmake
[7.573s] -- Installing: /home/admin/ros2_ws/install/robotnik_io_msgs/share/robotnik_io_msgs/cmake/robotnik_io_msgs__rosidl_typesupport_cExport-noconfig.cmake
[7.574s] -- Installing: /home/admin/ros2_ws/install/robotnik_io_msgs/share/robotnik_io_msgs/cmake/robotnik_io_msgs__rosidl_typesupport_introspection_cppExport.cmake
[7.574s] -- Installing: /home/admin/ros2_ws/install/robotnik_io_msgs/share/robotnik_io_msgs/cmake/robotnik_io_msgs__rosidl_typesupport_introspection_cppExport-noconfig.cmake
[7.574s] -- Installing: /home/admin/ros2_ws/install/robotnik_io_msgs/share/robotnik_io_msgs/cmake/robotnik_io_msgs__rosidl_typesupport_cppExport.cmake
[7.574s] -- Installing: /home/admin/ros2_ws/install/robotnik_io_msgs/share/robotnik_io_msgs/cmake/robotnik_io_msgs__rosidl_typesupport_cppExport-noconfig.cmake
[7.574s] -- Installing: /home/admin/ros2_ws/install/robotnik_io_msgs/share/robotnik_io_msgs/cmake/export_robotnik_io_msgs__rosidl_generator_pyExport.cmake
[7.574s] -- Installing: /home/admin/ros2_ws/install/robotnik_io_msgs/share/robotnik_io_msgs/cmake/export_robotnik_io_msgs__rosidl_generator_pyExport-noconfig.cmake
[7.574s] -- Installing: /home/admin/ros2_ws/install/robotnik_io_msgs/share/robotnik_io_msgs/cmake/rosidl_cmake-extras.cmake
[7.574s] -- Installing: /home/admin/ros2_ws/install/robotnik_io_msgs/share/robotnik_io_msgs/cmake/ament_cmake_export_dependencies-extras.cmake
[7.574s] -- Installing: /home/admin/ros2_ws/install/robotnik_io_msgs/share/robotnik_io_msgs/cmake/ament_cmake_export_include_directories-extras.cmake
[7.574s] -- Installing: /home/admin/ros2_ws/install/robotnik_io_msgs/share/robotnik_io_msgs/cmake/ament_cmake_export_libraries-extras.cmake
[7.574s] -- Installing: /home/admin/ros2_ws/install/robotnik_io_msgs/share/robotnik_io_msgs/cmake/ament_cmake_export_targets-extras.cmake
[7.574s] -- Installing: /home/admin/ros2_ws/install/robotnik_io_msgs/share/robotnik_io_msgs/cmake/rosidl_cmake_export_typesupport_targets-extras.cmake
[7.574s] -- Installing: /home/admin/ros2_ws/install/robotnik_io_msgs/share/robotnik_io_msgs/cmake/rosidl_cmake_export_typesupport_libraries-extras.cmake
[7.574s] -- Installing: /home/admin/ros2_ws/install/robotnik_io_msgs/share/robotnik_io_msgs/cmake/robotnik_io_msgsConfig.cmake
[7.575s] -- Installing: /home/admin/ros2_ws/install/robotnik_io_msgs/share/robotnik_io_msgs/cmake/robotnik_io_msgsConfig-version.cmake
[7.575s] -- Installing: /home/admin/ros2_ws/install/robotnik_io_msgs/share/robotnik_io_msgs/package.xml
[7.577s] Invoked command in '/home/admin/ros2_ws/build/robotnik_io_msgs' returned '0': CMAKE_PREFIX_PATH=/home/admin/ros2_ws/install/robotnik_common_msgs:/home/admin/ros2_ws/install/robotnik_supervisor_msgs:/home/admin/ros2_ws/install/robotnik_gazebo_ignition:/home/admin/ros2_ws/install/robotnik_gazebo_classic:/home/admin/ros2_ws/install/robotnik_description:/home/admin/ros2_ws/install/robotnik_sensors:/home/admin/ros2_ws/install/robotnik_interfaces:/home/admin/ros2_ws/install/robotnik_perception_msgs:/home/admin/ros2_ws/install/robotnik_navigation_msgs:/home/admin/ros2_ws/install/robotnik_io_msgs:/home/admin/ros2_ws/install/robotnik_controllers_msgs:/home/admin/ros2_ws/install/robotnik_common:/home/admin/ros2_ws/install/robotnik_battery_msgs:/home/admin/ros2_ws/install/robotnik_safety_msgs:/home/admin/ros2_ws/install/rbvogui_cartographer:/opt/ros/humble LD_LIBRARY_PATH=/home/admin/ros2_ws/install/robotnik_common_msgs/lib:/home/admin/ros2_ws/install/robotnik_supervisor_msgs/lib:/home/admin/ros2_ws/install/robotnik_perception_msgs/lib:/home/admin/ros2_ws/install/robotnik_navigation_msgs/lib:/home/admin/ros2_ws/install/robotnik_io_msgs/lib:/home/admin/ros2_ws/install/robotnik_controllers_msgs/lib:/home/admin/ros2_ws/install/robotnik_battery_msgs/lib:/usr/lib/x86_64-linux-gnu/gazebo-11/plugins:/opt/ros/humble/opt/rviz_ogre_vendor/lib:/opt/ros/humble/lib/x86_64-linux-gnu:/opt/ros/humble/lib /usr/bin/cmake --install /home/admin/ros2_ws/build/robotnik_io_msgs
