-- The C compiler identification is GNU 11.4.0
-- The CXX compiler identification is GNU 11.4.0
-- Detecting C compiler ABI info
-- Detecting C compiler ABI info - done
-- Check for working C compiler: /usr/bin/cc - skipped
-- Detecting C compile features
-- Detecting C compile features - done
-- Detecting CXX compiler ABI info
-- Detecting CXX compiler ABI info - done
-- Check for working CXX compiler: /usr/bin/c++ - skipped
-- Detecting CXX compile features
-- Detecting CXX compile features - done
-- Found ament_cmake: 1.3.11 (/opt/ros/humble/share/ament_cmake/cmake)
-- Found Python3: /usr/bin/python3 (found version "3.10.12") found components: Interpreter 
-- Found builtin_interfaces: 1.2.1 (/opt/ros/humble/share/builtin_interfaces/cmake)
-- Found rosidl_generator_c: 3.1.6 (/opt/ros/humble/share/rosidl_generator_c/cmake)
-- Found rosidl_adapter: 3.1.6 (/opt/ros/humble/share/rosidl_adapter/cmake)
-- Found rosidl_generator_cpp: 3.1.6 (/opt/ros/humble/share/rosidl_generator_cpp/cmake)
-- Using all available rosidl_typesupport_c: rosidl_typesupport_fastrtps_c;rosidl_typesupport_introspection_c
-- Using all available rosidl_typesupport_cpp: rosidl_typesupport_fastrtps_cpp;rosidl_typesupport_introspection_cpp
-- Found rosidl_default_generators: 1.2.0 (/opt/ros/humble/share/rosidl_default_generators/cmake)
-- Found ament_cmake_cppcheck: 0.12.12 (/opt/ros/humble/share/ament_cmake_cppcheck/cmake)
-- Found ament_cmake_cpplint: 0.12.12 (/opt/ros/humble/share/ament_cmake_cpplint/cmake)
-- Found ament_cmake_uncrustify: 0.12.12 (/opt/ros/humble/share/ament_cmake_uncrustify/cmake)
-- Found ament_cmake_ros: 0.10.0 (/opt/ros/humble/share/ament_cmake_ros/cmake)
-- Using all available rosidl_typesupport_c: rosidl_typesupport_fastrtps_c;rosidl_typesupport_introspection_c
-- Using all available rosidl_typesupport_cpp: rosidl_typesupport_fastrtps_cpp;rosidl_typesupport_introspection_cpp
-- Found PythonInterp: /usr/bin/python3 (found suitable version "3.10.12", minimum required is "3.6") 
-- Found python_cmake_module: 0.10.0 (/opt/ros/humble/share/python_cmake_module/cmake)
-- Found PythonLibs: /usr/lib/x86_64-linux-gnu/libpython3.10.so (found suitable version "3.10.12", minimum required is "3.5") 
-- Using PYTHON_EXECUTABLE: /usr/bin/python3
-- Using PYTHON_INCLUDE_DIRS: /usr/include/python3.10
-- Using PYTHON_LIBRARIES: /usr/lib/x86_64-linux-gnu/libpython3.10.so
-- Found PythonExtra: .so  
-- Found ament_cmake_flake8: 0.12.12 (/opt/ros/humble/share/ament_cmake_flake8/cmake)
-- Found ament_cmake_pep257: 0.12.12 (/opt/ros/humble/share/ament_cmake_pep257/cmake)
-- Found ament_lint_auto: 0.12.12 (/opt/ros/humble/share/ament_lint_auto/cmake)
-- Added test 'copyright' to check source files copyright and LICENSE
-- Added test 'lint_cmake' to check CMake code style
-- Added test 'xmllint' to check XML markup files
-- Configuring done
-- Generating done
-- Build files have been written to: /home/admin/ros2_ws/build/robotnik_common_msgs
[  1%] [34m[1mGenerating C code for ROS interfaces[0m
[  2%] [34m[1mGenerating C++ code for ROS interfaces[0m
[  2%] Built target ament_cmake_python_copy_robotnik_common_msgs
running egg_info
creating robotnik_common_msgs.egg-info
writing robotnik_common_msgs.egg-info/PKG-INFO
writing dependency_links to robotnik_common_msgs.egg-info/dependency_links.txt
writing top-level names to robotnik_common_msgs.egg-info/top_level.txt
writing manifest file 'robotnik_common_msgs.egg-info/SOURCES.txt'
reading manifest file 'robotnik_common_msgs.egg-info/SOURCES.txt'
writing manifest file 'robotnik_common_msgs.egg-info/SOURCES.txt'
[  2%] Built target ament_cmake_python_build_robotnik_common_msgs_egg
[  4%] [32mBuilding C object CMakeFiles/robotnik_common_msgs__rosidl_generator_c.dir/rosidl_generator_c/robotnik_common_msgs/srv/detail/set_float32__functions.c.o[0m
[  5%] [32mBuilding C object CMakeFiles/robotnik_common_msgs__rosidl_generator_c.dir/rosidl_generator_c/robotnik_common_msgs/msg/detail/response__functions.c.o[0m
[  7%] [32mBuilding C object CMakeFiles/robotnik_common_msgs__rosidl_generator_c.dir/rosidl_generator_c/robotnik_common_msgs/srv/detail/set_float64__functions.c.o[0m
[  8%] [32mBuilding C object CMakeFiles/robotnik_common_msgs__rosidl_generator_c.dir/rosidl_generator_c/robotnik_common_msgs/srv/detail/set_string__functions.c.o[0m
[  9%] [32mBuilding C object CMakeFiles/robotnik_common_msgs__rosidl_generator_c.dir/rosidl_generator_c/robotnik_common_msgs/srv/detail/set_bool__functions.c.o[0m
[ 11%] [32mBuilding C object CMakeFiles/robotnik_common_msgs__rosidl_generator_c.dir/rosidl_generator_c/robotnik_common_msgs/srv/detail/set_int32__functions.c.o[0m
[ 11%] Built target robotnik_common_msgs__cpp
[ 12%] [34m[1mGenerating C++ type support dispatch for ROS interfaces[0m
[ 14%] [34m[1mGenerating C++ type support for eProsima Fast-RTPS[0m
[ 15%] [34m[1mGenerating C++ introspection for ROS interfaces[0m
[ 16%] [32m[1mLinking C shared library librobotnik_common_msgs__rosidl_generator_c.so[0m
[ 16%] Built target robotnik_common_msgs__rosidl_generator_c
[ 21%] [34m[1mGenerating C type support dispatch for ROS interfaces[0m
[ 18%] [34m[1mGenerating C type support for eProsima Fast-RTPS[0m
[ 21%] [34m[1mGenerating C introspection for ROS interfaces[0m
[ 22%] [32mBuilding CXX object CMakeFiles/robotnik_common_msgs__rosidl_typesupport_cpp.dir/rosidl_typesupport_cpp/robotnik_common_msgs/msg/response__type_support.cpp.o[0m
[ 23%] [32mBuilding CXX object CMakeFiles/robotnik_common_msgs__rosidl_typesupport_cpp.dir/rosidl_typesupport_cpp/robotnik_common_msgs/srv/set_float64__type_support.cpp.o[0m
[ 25%] [32mBuilding CXX object CMakeFiles/robotnik_common_msgs__rosidl_typesupport_cpp.dir/rosidl_typesupport_cpp/robotnik_common_msgs/srv/set_float32__type_support.cpp.o[0m
[ 26%] [32mBuilding CXX object CMakeFiles/robotnik_common_msgs__rosidl_typesupport_cpp.dir/rosidl_typesupport_cpp/robotnik_common_msgs/srv/set_bool__type_support.cpp.o[0m
[ 28%] [32mBuilding CXX object CMakeFiles/robotnik_common_msgs__rosidl_typesupport_cpp.dir/rosidl_typesupport_cpp/robotnik_common_msgs/srv/set_int32__type_support.cpp.o[0m
[ 29%] [32mBuilding CXX object CMakeFiles/robotnik_common_msgs__rosidl_typesupport_cpp.dir/rosidl_typesupport_cpp/robotnik_common_msgs/srv/set_string__type_support.cpp.o[0m
[ 30%] [32mBuilding CXX object CMakeFiles/robotnik_common_msgs__rosidl_typesupport_introspection_cpp.dir/rosidl_typesupport_introspection_cpp/robotnik_common_msgs/srv/detail/set_bool__type_support.cpp.o[0m
[ 32%] [32mBuilding CXX object CMakeFiles/robotnik_common_msgs__rosidl_typesupport_introspection_cpp.dir/rosidl_typesupport_introspection_cpp/robotnik_common_msgs/srv/detail/set_int32__type_support.cpp.o[0m
[ 33%] [32mBuilding CXX object CMakeFiles/robotnik_common_msgs__rosidl_typesupport_introspection_cpp.dir/rosidl_typesupport_introspection_cpp/robotnik_common_msgs/srv/detail/set_float64__type_support.cpp.o[0m
[ 35%] [32mBuilding CXX object CMakeFiles/robotnik_common_msgs__rosidl_typesupport_introspection_cpp.dir/rosidl_typesupport_introspection_cpp/robotnik_common_msgs/srv/detail/set_string__type_support.cpp.o[0m
[ 36%] [32mBuilding CXX object CMakeFiles/robotnik_common_msgs__rosidl_typesupport_introspection_cpp.dir/rosidl_typesupport_introspection_cpp/robotnik_common_msgs/srv/detail/set_float32__type_support.cpp.o[0m
[ 38%] [32mBuilding CXX object CMakeFiles/robotnik_common_msgs__rosidl_typesupport_introspection_cpp.dir/rosidl_typesupport_introspection_cpp/robotnik_common_msgs/msg/detail/response__type_support.cpp.o[0m
[ 39%] [32mBuilding CXX object CMakeFiles/robotnik_common_msgs__rosidl_typesupport_c.dir/rosidl_typesupport_c/robotnik_common_msgs/srv/set_float32__type_support.cpp.o[0m
[ 40%] [32mBuilding CXX object CMakeFiles/robotnik_common_msgs__rosidl_typesupport_c.dir/rosidl_typesupport_c/robotnik_common_msgs/msg/response__type_support.cpp.o[0m
[ 42%] [32mBuilding CXX object CMakeFiles/robotnik_common_msgs__rosidl_typesupport_c.dir/rosidl_typesupport_c/robotnik_common_msgs/srv/set_bool__type_support.cpp.o[0m
[ 43%] [32mBuilding CXX object CMakeFiles/robotnik_common_msgs__rosidl_typesupport_c.dir/rosidl_typesupport_c/robotnik_common_msgs/srv/set_string__type_support.cpp.o[0m
[ 45%] [32mBuilding CXX object CMakeFiles/robotnik_common_msgs__rosidl_typesupport_c.dir/rosidl_typesupport_c/robotnik_common_msgs/srv/set_float64__type_support.cpp.o[0m
[ 46%] [32mBuilding CXX object CMakeFiles/robotnik_common_msgs__rosidl_typesupport_c.dir/rosidl_typesupport_c/robotnik_common_msgs/srv/set_int32__type_support.cpp.o[0m
[ 47%] [32m[1mLinking CXX shared library librobotnik_common_msgs__rosidl_typesupport_c.so[0m
[ 47%] Built target robotnik_common_msgs__rosidl_typesupport_c
[ 49%] [32mBuilding CXX object CMakeFiles/robotnik_common_msgs__rosidl_typesupport_fastrtps_c.dir/rosidl_typesupport_fastrtps_c/robotnik_common_msgs/srv/detail/set_float32__type_support_c.cpp.o[0m
[ 50%] [32mBuilding CXX object CMakeFiles/robotnik_common_msgs__rosidl_typesupport_fastrtps_c.dir/rosidl_typesupport_fastrtps_c/robotnik_common_msgs/srv/detail/set_float64__type_support_c.cpp.o[0m
[ 52%] [32mBuilding CXX object CMakeFiles/robotnik_common_msgs__rosidl_typesupport_fastrtps_c.dir/rosidl_typesupport_fastrtps_c/robotnik_common_msgs/srv/detail/set_bool__type_support_c.cpp.o[0m
[ 53%] [32mBuilding CXX object CMakeFiles/robotnik_common_msgs__rosidl_typesupport_fastrtps_c.dir/rosidl_typesupport_fastrtps_c/robotnik_common_msgs/srv/detail/set_string__type_support_c.cpp.o[0m
[ 54%] [32mBuilding CXX object CMakeFiles/robotnik_common_msgs__rosidl_typesupport_fastrtps_c.dir/rosidl_typesupport_fastrtps_c/robotnik_common_msgs/msg/detail/response__type_support_c.cpp.o[0m
[ 56%] [32mBuilding CXX object CMakeFiles/robotnik_common_msgs__rosidl_typesupport_fastrtps_c.dir/rosidl_typesupport_fastrtps_c/robotnik_common_msgs/srv/detail/set_int32__type_support_c.cpp.o[0m
[ 57%] [32m[1mLinking CXX shared library librobotnik_common_msgs__rosidl_typesupport_introspection_cpp.so[0m
[ 57%] Built target robotnik_common_msgs__rosidl_typesupport_introspection_cpp
[ 59%] [32mBuilding C object CMakeFiles/robotnik_common_msgs__rosidl_typesupport_introspection_c.dir/rosidl_typesupport_introspection_c/robotnik_common_msgs/srv/detail/set_bool__type_support.c.o[0m
[ 61%] [32mBuilding C object CMakeFiles/robotnik_common_msgs__rosidl_typesupport_introspection_c.dir/rosidl_typesupport_introspection_c/robotnik_common_msgs/srv/detail/set_int32__type_support.c.o[0m
[ 61%] [32mBuilding C object CMakeFiles/robotnik_common_msgs__rosidl_typesupport_introspection_c.dir/rosidl_typesupport_introspection_c/robotnik_common_msgs/srv/detail/set_string__type_support.c.o[0m
[ 63%] [32mBuilding C object CMakeFiles/robotnik_common_msgs__rosidl_typesupport_introspection_c.dir/rosidl_typesupport_introspection_c/robotnik_common_msgs/msg/detail/response__type_support.c.o[0m
[ 64%] [32mBuilding C object CMakeFiles/robotnik_common_msgs__rosidl_typesupport_introspection_c.dir/rosidl_typesupport_introspection_c/robotnik_common_msgs/srv/detail/set_float64__type_support.c.o[0m
[ 66%] [32mBuilding C object CMakeFiles/robotnik_common_msgs__rosidl_typesupport_introspection_c.dir/rosidl_typesupport_introspection_c/robotnik_common_msgs/srv/detail/set_float32__type_support.c.o[0m
[ 67%] [32m[1mLinking C shared library librobotnik_common_msgs__rosidl_typesupport_introspection_c.so[0m
[ 67%] Built target robotnik_common_msgs__rosidl_typesupport_introspection_c
[ 69%] [32m[1mLinking CXX shared library librobotnik_common_msgs__rosidl_typesupport_fastrtps_c.so[0m
[ 70%] [32m[1mLinking CXX shared library librobotnik_common_msgs__rosidl_typesupport_cpp.so[0m
[ 70%] Built target robotnik_common_msgs__rosidl_typesupport_cpp
[ 70%] Built target robotnik_common_msgs__rosidl_typesupport_fastrtps_c
[ 71%] [32mBuilding CXX object CMakeFiles/robotnik_common_msgs__rosidl_typesupport_fastrtps_cpp.dir/rosidl_typesupport_fastrtps_cpp/robotnik_common_msgs/srv/detail/dds_fastrtps/set_float32__type_support.cpp.o[0m
[ 73%] [32mBuilding CXX object CMakeFiles/robotnik_common_msgs__rosidl_typesupport_fastrtps_cpp.dir/rosidl_typesupport_fastrtps_cpp/robotnik_common_msgs/msg/detail/dds_fastrtps/response__type_support.cpp.o[0m
[ 74%] [32mBuilding CXX object CMakeFiles/robotnik_common_msgs__rosidl_typesupport_fastrtps_cpp.dir/rosidl_typesupport_fastrtps_cpp/robotnik_common_msgs/srv/detail/dds_fastrtps/set_float64__type_support.cpp.o[0m
[ 76%] [32mBuilding CXX object CMakeFiles/robotnik_common_msgs__rosidl_typesupport_fastrtps_cpp.dir/rosidl_typesupport_fastrtps_cpp/robotnik_common_msgs/srv/detail/dds_fastrtps/set_int32__type_support.cpp.o[0m
[ 77%] [32mBuilding CXX object CMakeFiles/robotnik_common_msgs__rosidl_typesupport_fastrtps_cpp.dir/rosidl_typesupport_fastrtps_cpp/robotnik_common_msgs/srv/detail/dds_fastrtps/set_bool__type_support.cpp.o[0m
[ 78%] [32mBuilding CXX object CMakeFiles/robotnik_common_msgs__rosidl_typesupport_fastrtps_cpp.dir/rosidl_typesupport_fastrtps_cpp/robotnik_common_msgs/srv/detail/dds_fastrtps/set_string__type_support.cpp.o[0m
[ 80%] [32m[1mLinking CXX shared library librobotnik_common_msgs__rosidl_typesupport_fastrtps_cpp.so[0m
[ 80%] Built target robotnik_common_msgs__rosidl_typesupport_fastrtps_cpp
[ 80%] Built target robotnik_common_msgs
[ 81%] [34m[1mGenerating Python code for ROS interfaces[0m
[ 81%] Built target robotnik_common_msgs__py
[ 84%] [32mBuilding C object CMakeFiles/robotnik_common_msgs__rosidl_generator_py.dir/rosidl_generator_py/robotnik_common_msgs/srv/_set_int32_s.c.o[0m
[ 84%] [32mBuilding C object CMakeFiles/robotnik_common_msgs__rosidl_generator_py.dir/rosidl_generator_py/robotnik_common_msgs/srv/_set_string_s.c.o[0m
[ 85%] [32mBuilding C object CMakeFiles/robotnik_common_msgs__rosidl_generator_py.dir/rosidl_generator_py/robotnik_common_msgs/srv/_set_float64_s.c.o[0m
[ 87%] [32mBuilding C object CMakeFiles/robotnik_common_msgs__rosidl_generator_py.dir/rosidl_generator_py/robotnik_common_msgs/msg/_response_s.c.o[0m
[ 88%] [32mBuilding C object CMakeFiles/robotnik_common_msgs__rosidl_generator_py.dir/rosidl_generator_py/robotnik_common_msgs/srv/_set_bool_s.c.o[0m
[ 90%] [32mBuilding C object CMakeFiles/robotnik_common_msgs__rosidl_generator_py.dir/rosidl_generator_py/robotnik_common_msgs/srv/_set_float32_s.c.o[0m
[ 91%] [32m[1mLinking C shared library rosidl_generator_py/robotnik_common_msgs/librobotnik_common_msgs__rosidl_generator_py.so[0m
[ 91%] Built target robotnik_common_msgs__rosidl_generator_py
[ 94%] [32mBuilding C object CMakeFiles/robotnik_common_msgs__rosidl_typesupport_introspection_c__pyext.dir/rosidl_generator_py/robotnik_common_msgs/_robotnik_common_msgs_s.ep.rosidl_typesupport_introspection_c.c.o[0m
[ 94%] [32mBuilding C object CMakeFiles/robotnik_common_msgs__rosidl_typesupport_fastrtps_c__pyext.dir/rosidl_generator_py/robotnik_common_msgs/_robotnik_common_msgs_s.ep.rosidl_typesupport_fastrtps_c.c.o[0m
[ 95%] [32mBuilding C object CMakeFiles/robotnik_common_msgs__rosidl_typesupport_c__pyext.dir/rosidl_generator_py/robotnik_common_msgs/_robotnik_common_msgs_s.ep.rosidl_typesupport_c.c.o[0m
[ 97%] [32m[1mLinking C shared library rosidl_generator_py/robotnik_common_msgs/robotnik_common_msgs_s__rosidl_typesupport_introspection_c.cpython-310-x86_64-linux-gnu.so[0m
[ 98%] [32m[1mLinking C shared library rosidl_generator_py/robotnik_common_msgs/robotnik_common_msgs_s__rosidl_typesupport_c.cpython-310-x86_64-linux-gnu.so[0m
[100%] [32m[1mLinking C shared library rosidl_generator_py/robotnik_common_msgs/robotnik_common_msgs_s__rosidl_typesupport_fastrtps_c.cpython-310-x86_64-linux-gnu.so[0m
[100%] Built target robotnik_common_msgs__rosidl_typesupport_introspection_c__pyext
[100%] Built target robotnik_common_msgs__rosidl_typesupport_fastrtps_c__pyext
[100%] Built target robotnik_common_msgs__rosidl_typesupport_c__pyext
-- Install configuration: ""
-- Installing: /home/admin/ros2_ws/install/robotnik_common_msgs/share/ament_index/resource_index/rosidl_interfaces/robotnik_common_msgs
-- Installing: /home/admin/ros2_ws/install/robotnik_common_msgs/include/robotnik_common_msgs/robotnik_common_msgs
-- Installing: /home/admin/ros2_ws/install/robotnik_common_msgs/include/robotnik_common_msgs/robotnik_common_msgs/srv
-- Installing: /home/admin/ros2_ws/install/robotnik_common_msgs/include/robotnik_common_msgs/robotnik_common_msgs/srv/detail
-- Installing: /home/admin/ros2_ws/install/robotnik_common_msgs/include/robotnik_common_msgs/robotnik_common_msgs/srv/detail/set_float32__struct.h
-- Installing: /home/admin/ros2_ws/install/robotnik_common_msgs/include/robotnik_common_msgs/robotnik_common_msgs/srv/detail/set_float32__functions.c
-- Installing: /home/admin/ros2_ws/install/robotnik_common_msgs/include/robotnik_common_msgs/robotnik_common_msgs/srv/detail/set_string__struct.h
-- Installing: /home/admin/ros2_ws/install/robotnik_common_msgs/include/robotnik_common_msgs/robotnik_common_msgs/srv/detail/set_string__functions.h
-- Installing: /home/admin/ros2_ws/install/robotnik_common_msgs/include/robotnik_common_msgs/robotnik_common_msgs/srv/detail/set_bool__functions.c
-- Installing: /home/admin/ros2_ws/install/robotnik_common_msgs/include/robotnik_common_msgs/robotnik_common_msgs/srv/detail/set_float64__struct.h
-- Installing: /home/admin/ros2_ws/install/robotnik_common_msgs/include/robotnik_common_msgs/robotnik_common_msgs/srv/detail/set_float32__functions.h
-- Installing: /home/admin/ros2_ws/install/robotnik_common_msgs/include/robotnik_common_msgs/robotnik_common_msgs/srv/detail/set_float64__functions.h
-- Installing: /home/admin/ros2_ws/install/robotnik_common_msgs/include/robotnik_common_msgs/robotnik_common_msgs/srv/detail/set_string__functions.c
-- Installing: /home/admin/ros2_ws/install/robotnik_common_msgs/include/robotnik_common_msgs/robotnik_common_msgs/srv/detail/set_float32__type_support.h
-- Installing: /home/admin/ros2_ws/install/robotnik_common_msgs/include/robotnik_common_msgs/robotnik_common_msgs/srv/detail/set_string__type_support.h
-- Installing: /home/admin/ros2_ws/install/robotnik_common_msgs/include/robotnik_common_msgs/robotnik_common_msgs/srv/detail/set_float64__functions.c
-- Installing: /home/admin/ros2_ws/install/robotnik_common_msgs/include/robotnik_common_msgs/robotnik_common_msgs/srv/detail/set_int32__struct.h
-- Installing: /home/admin/ros2_ws/install/robotnik_common_msgs/include/robotnik_common_msgs/robotnik_common_msgs/srv/detail/set_int32__type_support.h
-- Installing: /home/admin/ros2_ws/install/robotnik_common_msgs/include/robotnik_common_msgs/robotnik_common_msgs/srv/detail/set_bool__functions.h
-- Installing: /home/admin/ros2_ws/install/robotnik_common_msgs/include/robotnik_common_msgs/robotnik_common_msgs/srv/detail/set_int32__functions.c
-- Installing: /home/admin/ros2_ws/install/robotnik_common_msgs/include/robotnik_common_msgs/robotnik_common_msgs/srv/detail/set_int32__functions.h
-- Installing: /home/admin/ros2_ws/install/robotnik_common_msgs/include/robotnik_common_msgs/robotnik_common_msgs/srv/detail/set_float64__type_support.h
-- Installing: /home/admin/ros2_ws/install/robotnik_common_msgs/include/robotnik_common_msgs/robotnik_common_msgs/srv/detail/set_bool__type_support.h
-- Installing: /home/admin/ros2_ws/install/robotnik_common_msgs/include/robotnik_common_msgs/robotnik_common_msgs/srv/detail/set_bool__struct.h
-- Installing: /home/admin/ros2_ws/install/robotnik_common_msgs/include/robotnik_common_msgs/robotnik_common_msgs/srv/set_int32.h
-- Installing: /home/admin/ros2_ws/install/robotnik_common_msgs/include/robotnik_common_msgs/robotnik_common_msgs/srv/set_string.h
-- Installing: /home/admin/ros2_ws/install/robotnik_common_msgs/include/robotnik_common_msgs/robotnik_common_msgs/srv/set_float64.h
-- Installing: /home/admin/ros2_ws/install/robotnik_common_msgs/include/robotnik_common_msgs/robotnik_common_msgs/srv/set_bool.h
-- Installing: /home/admin/ros2_ws/install/robotnik_common_msgs/include/robotnik_common_msgs/robotnik_common_msgs/srv/set_float32.h
-- Installing: /home/admin/ros2_ws/install/robotnik_common_msgs/include/robotnik_common_msgs/robotnik_common_msgs/msg
-- Installing: /home/admin/ros2_ws/install/robotnik_common_msgs/include/robotnik_common_msgs/robotnik_common_msgs/msg/rosidl_generator_c__visibility_control.h
-- Installing: /home/admin/ros2_ws/install/robotnik_common_msgs/include/robotnik_common_msgs/robotnik_common_msgs/msg/detail
-- Installing: /home/admin/ros2_ws/install/robotnik_common_msgs/include/robotnik_common_msgs/robotnik_common_msgs/msg/detail/response__type_support.h
-- Installing: /home/admin/ros2_ws/install/robotnik_common_msgs/include/robotnik_common_msgs/robotnik_common_msgs/msg/detail/response__struct.h
-- Installing: /home/admin/ros2_ws/install/robotnik_common_msgs/include/robotnik_common_msgs/robotnik_common_msgs/msg/detail/response__functions.h
-- Installing: /home/admin/ros2_ws/install/robotnik_common_msgs/include/robotnik_common_msgs/robotnik_common_msgs/msg/detail/response__functions.c
-- Installing: /home/admin/ros2_ws/install/robotnik_common_msgs/include/robotnik_common_msgs/robotnik_common_msgs/msg/response.h
-- Installing: /home/admin/ros2_ws/install/robotnik_common_msgs/share/robotnik_common_msgs/environment/library_path.sh
-- Installing: /home/admin/ros2_ws/install/robotnik_common_msgs/share/robotnik_common_msgs/environment/library_path.dsv
-- Installing: /home/admin/ros2_ws/install/robotnik_common_msgs/lib/librobotnik_common_msgs__rosidl_generator_c.so
-- Set runtime path of "/home/admin/ros2_ws/install/robotnik_common_msgs/lib/librobotnik_common_msgs__rosidl_generator_c.so" to ""
-- Up-to-date: /home/admin/ros2_ws/install/robotnik_common_msgs/include/robotnik_common_msgs/robotnik_common_msgs
-- Up-to-date: /home/admin/ros2_ws/install/robotnik_common_msgs/include/robotnik_common_msgs/robotnik_common_msgs/srv
-- Up-to-date: /home/admin/ros2_ws/install/robotnik_common_msgs/include/robotnik_common_msgs/robotnik_common_msgs/srv/detail
-- Installing: /home/admin/ros2_ws/install/robotnik_common_msgs/include/robotnik_common_msgs/robotnik_common_msgs/srv/detail/set_string__rosidl_typesupport_fastrtps_c.h
-- Installing: /home/admin/ros2_ws/install/robotnik_common_msgs/include/robotnik_common_msgs/robotnik_common_msgs/srv/detail/set_int32__rosidl_typesupport_fastrtps_c.h
-- Installing: /home/admin/ros2_ws/install/robotnik_common_msgs/include/robotnik_common_msgs/robotnik_common_msgs/srv/detail/set_float64__rosidl_typesupport_fastrtps_c.h
-- Installing: /home/admin/ros2_ws/install/robotnik_common_msgs/include/robotnik_common_msgs/robotnik_common_msgs/srv/detail/set_bool__rosidl_typesupport_fastrtps_c.h
-- Installing: /home/admin/ros2_ws/install/robotnik_common_msgs/include/robotnik_common_msgs/robotnik_common_msgs/srv/detail/set_float32__rosidl_typesupport_fastrtps_c.h
-- Up-to-date: /home/admin/ros2_ws/install/robotnik_common_msgs/include/robotnik_common_msgs/robotnik_common_msgs/msg
-- Installing: /home/admin/ros2_ws/install/robotnik_common_msgs/include/robotnik_common_msgs/robotnik_common_msgs/msg/rosidl_typesupport_fastrtps_c__visibility_control.h
-- Up-to-date: /home/admin/ros2_ws/install/robotnik_common_msgs/include/robotnik_common_msgs/robotnik_common_msgs/msg/detail
-- Installing: /home/admin/ros2_ws/install/robotnik_common_msgs/include/robotnik_common_msgs/robotnik_common_msgs/msg/detail/response__rosidl_typesupport_fastrtps_c.h
-- Installing: /home/admin/ros2_ws/install/robotnik_common_msgs/lib/librobotnik_common_msgs__rosidl_typesupport_fastrtps_c.so
-- Set runtime path of "/home/admin/ros2_ws/install/robotnik_common_msgs/lib/librobotnik_common_msgs__rosidl_typesupport_fastrtps_c.so" to ""
-- Up-to-date: /home/admin/ros2_ws/install/robotnik_common_msgs/include/robotnik_common_msgs/robotnik_common_msgs
-- Up-to-date: /home/admin/ros2_ws/install/robotnik_common_msgs/include/robotnik_common_msgs/robotnik_common_msgs/srv
-- Installing: /home/admin/ros2_ws/install/robotnik_common_msgs/include/robotnik_common_msgs/robotnik_common_msgs/srv/set_string.hpp
-- Up-to-date: /home/admin/ros2_ws/install/robotnik_common_msgs/include/robotnik_common_msgs/robotnik_common_msgs/srv/detail
-- Installing: /home/admin/ros2_ws/install/robotnik_common_msgs/include/robotnik_common_msgs/robotnik_common_msgs/srv/detail/set_int32__type_support.hpp
-- Installing: /home/admin/ros2_ws/install/robotnik_common_msgs/include/robotnik_common_msgs/robotnik_common_msgs/srv/detail/set_int32__struct.hpp
-- Installing: /home/admin/ros2_ws/install/robotnik_common_msgs/include/robotnik_common_msgs/robotnik_common_msgs/srv/detail/set_float64__traits.hpp
-- Installing: /home/admin/ros2_ws/install/robotnik_common_msgs/include/robotnik_common_msgs/robotnik_common_msgs/srv/detail/set_float32__struct.hpp
-- Installing: /home/admin/ros2_ws/install/robotnik_common_msgs/include/robotnik_common_msgs/robotnik_common_msgs/srv/detail/set_float32__type_support.hpp
-- Installing: /home/admin/ros2_ws/install/robotnik_common_msgs/include/robotnik_common_msgs/robotnik_common_msgs/srv/detail/set_bool__type_support.hpp
-- Installing: /home/admin/ros2_ws/install/robotnik_common_msgs/include/robotnik_common_msgs/robotnik_common_msgs/srv/detail/set_bool__builder.hpp
-- Installing: /home/admin/ros2_ws/install/robotnik_common_msgs/include/robotnik_common_msgs/robotnik_common_msgs/srv/detail/set_bool__traits.hpp
-- Installing: /home/admin/ros2_ws/install/robotnik_common_msgs/include/robotnik_common_msgs/robotnik_common_msgs/srv/detail/set_float64__struct.hpp
-- Installing: /home/admin/ros2_ws/install/robotnik_common_msgs/include/robotnik_common_msgs/robotnik_common_msgs/srv/detail/set_float32__builder.hpp
-- Installing: /home/admin/ros2_ws/install/robotnik_common_msgs/include/robotnik_common_msgs/robotnik_common_msgs/srv/detail/set_float64__builder.hpp
-- Installing: /home/admin/ros2_ws/install/robotnik_common_msgs/include/robotnik_common_msgs/robotnik_common_msgs/srv/detail/set_int32__builder.hpp
-- Installing: /home/admin/ros2_ws/install/robotnik_common_msgs/include/robotnik_common_msgs/robotnik_common_msgs/srv/detail/set_string__type_support.hpp
-- Installing: /home/admin/ros2_ws/install/robotnik_common_msgs/include/robotnik_common_msgs/robotnik_common_msgs/srv/detail/set_bool__struct.hpp
-- Installing: /home/admin/ros2_ws/install/robotnik_common_msgs/include/robotnik_common_msgs/robotnik_common_msgs/srv/detail/set_float32__traits.hpp
-- Installing: /home/admin/ros2_ws/install/robotnik_common_msgs/include/robotnik_common_msgs/robotnik_common_msgs/srv/detail/set_string__traits.hpp
-- Installing: /home/admin/ros2_ws/install/robotnik_common_msgs/include/robotnik_common_msgs/robotnik_common_msgs/srv/detail/set_string__struct.hpp
-- Installing: /home/admin/ros2_ws/install/robotnik_common_msgs/include/robotnik_common_msgs/robotnik_common_msgs/srv/detail/set_float64__type_support.hpp
-- Installing: /home/admin/ros2_ws/install/robotnik_common_msgs/include/robotnik_common_msgs/robotnik_common_msgs/srv/detail/set_string__builder.hpp
-- Installing: /home/admin/ros2_ws/install/robotnik_common_msgs/include/robotnik_common_msgs/robotnik_common_msgs/srv/detail/set_int32__traits.hpp
-- Installing: /home/admin/ros2_ws/install/robotnik_common_msgs/include/robotnik_common_msgs/robotnik_common_msgs/srv/set_int32.hpp
-- Installing: /home/admin/ros2_ws/install/robotnik_common_msgs/include/robotnik_common_msgs/robotnik_common_msgs/srv/set_float32.hpp
-- Installing: /home/admin/ros2_ws/install/robotnik_common_msgs/include/robotnik_common_msgs/robotnik_common_msgs/srv/set_float64.hpp
-- Installing: /home/admin/ros2_ws/install/robotnik_common_msgs/include/robotnik_common_msgs/robotnik_common_msgs/srv/set_bool.hpp
-- Up-to-date: /home/admin/ros2_ws/install/robotnik_common_msgs/include/robotnik_common_msgs/robotnik_common_msgs/msg
-- Installing: /home/admin/ros2_ws/install/robotnik_common_msgs/include/robotnik_common_msgs/robotnik_common_msgs/msg/rosidl_generator_cpp__visibility_control.hpp
-- Up-to-date: /home/admin/ros2_ws/install/robotnik_common_msgs/include/robotnik_common_msgs/robotnik_common_msgs/msg/detail
-- Installing: /home/admin/ros2_ws/install/robotnik_common_msgs/include/robotnik_common_msgs/robotnik_common_msgs/msg/detail/response__type_support.hpp
-- Installing: /home/admin/ros2_ws/install/robotnik_common_msgs/include/robotnik_common_msgs/robotnik_common_msgs/msg/detail/response__struct.hpp
-- Installing: /home/admin/ros2_ws/install/robotnik_common_msgs/include/robotnik_common_msgs/robotnik_common_msgs/msg/detail/response__traits.hpp
-- Installing: /home/admin/ros2_ws/install/robotnik_common_msgs/include/robotnik_common_msgs/robotnik_common_msgs/msg/detail/response__builder.hpp
-- Installing: /home/admin/ros2_ws/install/robotnik_common_msgs/include/robotnik_common_msgs/robotnik_common_msgs/msg/response.hpp
-- Up-to-date: /home/admin/ros2_ws/install/robotnik_common_msgs/include/robotnik_common_msgs/robotnik_common_msgs
-- Up-to-date: /home/admin/ros2_ws/install/robotnik_common_msgs/include/robotnik_common_msgs/robotnik_common_msgs/srv
-- Up-to-date: /home/admin/ros2_ws/install/robotnik_common_msgs/include/robotnik_common_msgs/robotnik_common_msgs/srv/detail
-- Installing: /home/admin/ros2_ws/install/robotnik_common_msgs/include/robotnik_common_msgs/robotnik_common_msgs/srv/detail/set_bool__rosidl_typesupport_fastrtps_cpp.hpp
-- Installing: /home/admin/ros2_ws/install/robotnik_common_msgs/include/robotnik_common_msgs/robotnik_common_msgs/srv/detail/set_float32__rosidl_typesupport_fastrtps_cpp.hpp
-- Installing: /home/admin/ros2_ws/install/robotnik_common_msgs/include/robotnik_common_msgs/robotnik_common_msgs/srv/detail/dds_fastrtps
-- Installing: /home/admin/ros2_ws/install/robotnik_common_msgs/include/robotnik_common_msgs/robotnik_common_msgs/srv/detail/set_string__rosidl_typesupport_fastrtps_cpp.hpp
-- Installing: /home/admin/ros2_ws/install/robotnik_common_msgs/include/robotnik_common_msgs/robotnik_common_msgs/srv/detail/set_float64__rosidl_typesupport_fastrtps_cpp.hpp
-- Installing: /home/admin/ros2_ws/install/robotnik_common_msgs/include/robotnik_common_msgs/robotnik_common_msgs/srv/detail/set_int32__rosidl_typesupport_fastrtps_cpp.hpp
-- Up-to-date: /home/admin/ros2_ws/install/robotnik_common_msgs/include/robotnik_common_msgs/robotnik_common_msgs/msg
-- Installing: /home/admin/ros2_ws/install/robotnik_common_msgs/include/robotnik_common_msgs/robotnik_common_msgs/msg/rosidl_typesupport_fastrtps_cpp__visibility_control.h
-- Up-to-date: /home/admin/ros2_ws/install/robotnik_common_msgs/include/robotnik_common_msgs/robotnik_common_msgs/msg/detail
-- Installing: /home/admin/ros2_ws/install/robotnik_common_msgs/include/robotnik_common_msgs/robotnik_common_msgs/msg/detail/response__rosidl_typesupport_fastrtps_cpp.hpp
-- Installing: /home/admin/ros2_ws/install/robotnik_common_msgs/include/robotnik_common_msgs/robotnik_common_msgs/msg/detail/dds_fastrtps
-- Installing: /home/admin/ros2_ws/install/robotnik_common_msgs/lib/librobotnik_common_msgs__rosidl_typesupport_fastrtps_cpp.so
-- Set runtime path of "/home/admin/ros2_ws/install/robotnik_common_msgs/lib/librobotnik_common_msgs__rosidl_typesupport_fastrtps_cpp.so" to ""
-- Up-to-date: /home/admin/ros2_ws/install/robotnik_common_msgs/include/robotnik_common_msgs/robotnik_common_msgs
-- Up-to-date: /home/admin/ros2_ws/install/robotnik_common_msgs/include/robotnik_common_msgs/robotnik_common_msgs/srv
-- Up-to-date: /home/admin/ros2_ws/install/robotnik_common_msgs/include/robotnik_common_msgs/robotnik_common_msgs/srv/detail
-- Installing: /home/admin/ros2_ws/install/robotnik_common_msgs/include/robotnik_common_msgs/robotnik_common_msgs/srv/detail/set_int32__rosidl_typesupport_introspection_c.h
-- Installing: /home/admin/ros2_ws/install/robotnik_common_msgs/include/robotnik_common_msgs/robotnik_common_msgs/srv/detail/set_string__rosidl_typesupport_introspection_c.h
-- Installing: /home/admin/ros2_ws/install/robotnik_common_msgs/include/robotnik_common_msgs/robotnik_common_msgs/srv/detail/set_int32__type_support.c
-- Installing: /home/admin/ros2_ws/install/robotnik_common_msgs/include/robotnik_common_msgs/robotnik_common_msgs/srv/detail/set_float32__type_support.c
-- Installing: /home/admin/ros2_ws/install/robotnik_common_msgs/include/robotnik_common_msgs/robotnik_common_msgs/srv/detail/set_float32__rosidl_typesupport_introspection_c.h
-- Installing: /home/admin/ros2_ws/install/robotnik_common_msgs/include/robotnik_common_msgs/robotnik_common_msgs/srv/detail/set_bool__type_support.c
-- Installing: /home/admin/ros2_ws/install/robotnik_common_msgs/include/robotnik_common_msgs/robotnik_common_msgs/srv/detail/set_string__type_support.c
-- Installing: /home/admin/ros2_ws/install/robotnik_common_msgs/include/robotnik_common_msgs/robotnik_common_msgs/srv/detail/set_bool__rosidl_typesupport_introspection_c.h
-- Installing: /home/admin/ros2_ws/install/robotnik_common_msgs/include/robotnik_common_msgs/robotnik_common_msgs/srv/detail/set_float64__rosidl_typesupport_introspection_c.h
-- Installing: /home/admin/ros2_ws/install/robotnik_common_msgs/include/robotnik_common_msgs/robotnik_common_msgs/srv/detail/set_float64__type_support.c
-- Up-to-date: /home/admin/ros2_ws/install/robotnik_common_msgs/include/robotnik_common_msgs/robotnik_common_msgs/msg
-- Up-to-date: /home/admin/ros2_ws/install/robotnik_common_msgs/include/robotnik_common_msgs/robotnik_common_msgs/msg/detail
-- Installing: /home/admin/ros2_ws/install/robotnik_common_msgs/include/robotnik_common_msgs/robotnik_common_msgs/msg/detail/response__type_support.c
-- Installing: /home/admin/ros2_ws/install/robotnik_common_msgs/include/robotnik_common_msgs/robotnik_common_msgs/msg/detail/response__rosidl_typesupport_introspection_c.h
-- Installing: /home/admin/ros2_ws/install/robotnik_common_msgs/include/robotnik_common_msgs/robotnik_common_msgs/msg/rosidl_typesupport_introspection_c__visibility_control.h
-- Installing: /home/admin/ros2_ws/install/robotnik_common_msgs/lib/librobotnik_common_msgs__rosidl_typesupport_introspection_c.so
-- Set runtime path of "/home/admin/ros2_ws/install/robotnik_common_msgs/lib/librobotnik_common_msgs__rosidl_typesupport_introspection_c.so" to ""
-- Installing: /home/admin/ros2_ws/install/robotnik_common_msgs/lib/librobotnik_common_msgs__rosidl_typesupport_c.so
-- Set runtime path of "/home/admin/ros2_ws/install/robotnik_common_msgs/lib/librobotnik_common_msgs__rosidl_typesupport_c.so" to ""
-- Up-to-date: /home/admin/ros2_ws/install/robotnik_common_msgs/include/robotnik_common_msgs/robotnik_common_msgs
-- Up-to-date: /home/admin/ros2_ws/install/robotnik_common_msgs/include/robotnik_common_msgs/robotnik_common_msgs/srv
-- Up-to-date: /home/admin/ros2_ws/install/robotnik_common_msgs/include/robotnik_common_msgs/robotnik_common_msgs/srv/detail
-- Installing: /home/admin/ros2_ws/install/robotnik_common_msgs/include/robotnik_common_msgs/robotnik_common_msgs/srv/detail/set_string__rosidl_typesupport_introspection_cpp.hpp
-- Installing: /home/admin/ros2_ws/install/robotnik_common_msgs/include/robotnik_common_msgs/robotnik_common_msgs/srv/detail/set_int32__type_support.cpp
-- Installing: /home/admin/ros2_ws/install/robotnik_common_msgs/include/robotnik_common_msgs/robotnik_common_msgs/srv/detail/set_bool__rosidl_typesupport_introspection_cpp.hpp
-- Installing: /home/admin/ros2_ws/install/robotnik_common_msgs/include/robotnik_common_msgs/robotnik_common_msgs/srv/detail/set_float64__rosidl_typesupport_introspection_cpp.hpp
-- Installing: /home/admin/ros2_ws/install/robotnik_common_msgs/include/robotnik_common_msgs/robotnik_common_msgs/srv/detail/set_bool__type_support.cpp
-- Installing: /home/admin/ros2_ws/install/robotnik_common_msgs/include/robotnik_common_msgs/robotnik_common_msgs/srv/detail/set_float64__type_support.cpp
-- Installing: /home/admin/ros2_ws/install/robotnik_common_msgs/include/robotnik_common_msgs/robotnik_common_msgs/srv/detail/set_string__type_support.cpp
-- Installing: /home/admin/ros2_ws/install/robotnik_common_msgs/include/robotnik_common_msgs/robotnik_common_msgs/srv/detail/set_float32__type_support.cpp
-- Installing: /home/admin/ros2_ws/install/robotnik_common_msgs/include/robotnik_common_msgs/robotnik_common_msgs/srv/detail/set_int32__rosidl_typesupport_introspection_cpp.hpp
-- Installing: /home/admin/ros2_ws/install/robotnik_common_msgs/include/robotnik_common_msgs/robotnik_common_msgs/srv/detail/set_float32__rosidl_typesupport_introspection_cpp.hpp
-- Up-to-date: /home/admin/ros2_ws/install/robotnik_common_msgs/include/robotnik_common_msgs/robotnik_common_msgs/msg
-- Up-to-date: /home/admin/ros2_ws/install/robotnik_common_msgs/include/robotnik_common_msgs/robotnik_common_msgs/msg/detail
-- Installing: /home/admin/ros2_ws/install/robotnik_common_msgs/include/robotnik_common_msgs/robotnik_common_msgs/msg/detail/response__type_support.cpp
-- Installing: /home/admin/ros2_ws/install/robotnik_common_msgs/include/robotnik_common_msgs/robotnik_common_msgs/msg/detail/response__rosidl_typesupport_introspection_cpp.hpp
-- Installing: /home/admin/ros2_ws/install/robotnik_common_msgs/lib/librobotnik_common_msgs__rosidl_typesupport_introspection_cpp.so
-- Set runtime path of "/home/admin/ros2_ws/install/robotnik_common_msgs/lib/librobotnik_common_msgs__rosidl_typesupport_introspection_cpp.so" to ""
-- Installing: /home/admin/ros2_ws/install/robotnik_common_msgs/lib/librobotnik_common_msgs__rosidl_typesupport_cpp.so
-- Set runtime path of "/home/admin/ros2_ws/install/robotnik_common_msgs/lib/librobotnik_common_msgs__rosidl_typesupport_cpp.so" to ""
-- Installing: /home/admin/ros2_ws/install/robotnik_common_msgs/share/robotnik_common_msgs/environment/pythonpath.sh
-- Installing: /home/admin/ros2_ws/install/robotnik_common_msgs/share/robotnik_common_msgs/environment/pythonpath.dsv
-- Installing: /home/admin/ros2_ws/install/robotnik_common_msgs/local/lib/python3.10/dist-packages/robotnik_common_msgs-1.0.0-py3.10.egg-info
-- Installing: /home/admin/ros2_ws/install/robotnik_common_msgs/local/lib/python3.10/dist-packages/robotnik_common_msgs-1.0.0-py3.10.egg-info/PKG-INFO
-- Installing: /home/admin/ros2_ws/install/robotnik_common_msgs/local/lib/python3.10/dist-packages/robotnik_common_msgs-1.0.0-py3.10.egg-info/SOURCES.txt
-- Installing: /home/admin/ros2_ws/install/robotnik_common_msgs/local/lib/python3.10/dist-packages/robotnik_common_msgs-1.0.0-py3.10.egg-info/dependency_links.txt
-- Installing: /home/admin/ros2_ws/install/robotnik_common_msgs/local/lib/python3.10/dist-packages/robotnik_common_msgs-1.0.0-py3.10.egg-info/top_level.txt
-- Installing: /home/admin/ros2_ws/install/robotnik_common_msgs/local/lib/python3.10/dist-packages/robotnik_common_msgs
-- Installing: /home/admin/ros2_ws/install/robotnik_common_msgs/local/lib/python3.10/dist-packages/robotnik_common_msgs/_robotnik_common_msgs_s.ep.rosidl_typesupport_fastrtps_c.c
-- Installing: /home/admin/ros2_ws/install/robotnik_common_msgs/local/lib/python3.10/dist-packages/robotnik_common_msgs/librobotnik_common_msgs__rosidl_generator_py.so
-- Installing: /home/admin/ros2_ws/install/robotnik_common_msgs/local/lib/python3.10/dist-packages/robotnik_common_msgs/robotnik_common_msgs_s__rosidl_typesupport_c.cpython-310-x86_64-linux-gnu.so
-- Installing: /home/admin/ros2_ws/install/robotnik_common_msgs/local/lib/python3.10/dist-packages/robotnik_common_msgs/robotnik_common_msgs_s__rosidl_typesupport_introspection_c.cpython-310-x86_64-linux-gnu.so
-- Installing: /home/admin/ros2_ws/install/robotnik_common_msgs/local/lib/python3.10/dist-packages/robotnik_common_msgs/__init__.py
-- Installing: /home/admin/ros2_ws/install/robotnik_common_msgs/local/lib/python3.10/dist-packages/robotnik_common_msgs/robotnik_common_msgs_s__rosidl_typesupport_fastrtps_c.cpython-310-x86_64-linux-gnu.so
-- Installing: /home/admin/ros2_ws/install/robotnik_common_msgs/local/lib/python3.10/dist-packages/robotnik_common_msgs/srv
-- Installing: /home/admin/ros2_ws/install/robotnik_common_msgs/local/lib/python3.10/dist-packages/robotnik_common_msgs/srv/_set_string.py
-- Installing: /home/admin/ros2_ws/install/robotnik_common_msgs/local/lib/python3.10/dist-packages/robotnik_common_msgs/srv/_set_bool.py
-- Installing: /home/admin/ros2_ws/install/robotnik_common_msgs/local/lib/python3.10/dist-packages/robotnik_common_msgs/srv/_set_string_s.c
-- Installing: /home/admin/ros2_ws/install/robotnik_common_msgs/local/lib/python3.10/dist-packages/robotnik_common_msgs/srv/_set_float32_s.c
-- Installing: /home/admin/ros2_ws/install/robotnik_common_msgs/local/lib/python3.10/dist-packages/robotnik_common_msgs/srv/__init__.py
-- Installing: /home/admin/ros2_ws/install/robotnik_common_msgs/local/lib/python3.10/dist-packages/robotnik_common_msgs/srv/_set_float64.py
-- Installing: /home/admin/ros2_ws/install/robotnik_common_msgs/local/lib/python3.10/dist-packages/robotnik_common_msgs/srv/_set_float64_s.c
-- Installing: /home/admin/ros2_ws/install/robotnik_common_msgs/local/lib/python3.10/dist-packages/robotnik_common_msgs/srv/_set_float32.py
-- Installing: /home/admin/ros2_ws/install/robotnik_common_msgs/local/lib/python3.10/dist-packages/robotnik_common_msgs/srv/_set_int32.py
-- Installing: /home/admin/ros2_ws/install/robotnik_common_msgs/local/lib/python3.10/dist-packages/robotnik_common_msgs/srv/_set_int32_s.c
-- Installing: /home/admin/ros2_ws/install/robotnik_common_msgs/local/lib/python3.10/dist-packages/robotnik_common_msgs/srv/_set_bool_s.c
-- Installing: /home/admin/ros2_ws/install/robotnik_common_msgs/local/lib/python3.10/dist-packages/robotnik_common_msgs/msg
-- Installing: /home/admin/ros2_ws/install/robotnik_common_msgs/local/lib/python3.10/dist-packages/robotnik_common_msgs/msg/_response.py
-- Installing: /home/admin/ros2_ws/install/robotnik_common_msgs/local/lib/python3.10/dist-packages/robotnik_common_msgs/msg/__init__.py
-- Installing: /home/admin/ros2_ws/install/robotnik_common_msgs/local/lib/python3.10/dist-packages/robotnik_common_msgs/msg/_response_s.c
-- Installing: /home/admin/ros2_ws/install/robotnik_common_msgs/local/lib/python3.10/dist-packages/robotnik_common_msgs/_robotnik_common_msgs_s.ep.rosidl_typesupport_c.c
-- Installing: /home/admin/ros2_ws/install/robotnik_common_msgs/local/lib/python3.10/dist-packages/robotnik_common_msgs/_robotnik_common_msgs_s.ep.rosidl_typesupport_introspection_c.c
Listing '/home/admin/ros2_ws/install/robotnik_common_msgs/local/lib/python3.10/dist-packages/robotnik_common_msgs'...
Compiling '/home/admin/ros2_ws/install/robotnik_common_msgs/local/lib/python3.10/dist-packages/robotnik_common_msgs/__init__.py'...
Listing '/home/admin/ros2_ws/install/robotnik_common_msgs/local/lib/python3.10/dist-packages/robotnik_common_msgs/msg'...
Compiling '/home/admin/ros2_ws/install/robotnik_common_msgs/local/lib/python3.10/dist-packages/robotnik_common_msgs/msg/__init__.py'...
Compiling '/home/admin/ros2_ws/install/robotnik_common_msgs/local/lib/python3.10/dist-packages/robotnik_common_msgs/msg/_response.py'...
Listing '/home/admin/ros2_ws/install/robotnik_common_msgs/local/lib/python3.10/dist-packages/robotnik_common_msgs/srv'...
Compiling '/home/admin/ros2_ws/install/robotnik_common_msgs/local/lib/python3.10/dist-packages/robotnik_common_msgs/srv/__init__.py'...
Compiling '/home/admin/ros2_ws/install/robotnik_common_msgs/local/lib/python3.10/dist-packages/robotnik_common_msgs/srv/_set_bool.py'...
Compiling '/home/admin/ros2_ws/install/robotnik_common_msgs/local/lib/python3.10/dist-packages/robotnik_common_msgs/srv/_set_float32.py'...
Compiling '/home/admin/ros2_ws/install/robotnik_common_msgs/local/lib/python3.10/dist-packages/robotnik_common_msgs/srv/_set_float64.py'...
Compiling '/home/admin/ros2_ws/install/robotnik_common_msgs/local/lib/python3.10/dist-packages/robotnik_common_msgs/srv/_set_int32.py'...
Compiling '/home/admin/ros2_ws/install/robotnik_common_msgs/local/lib/python3.10/dist-packages/robotnik_common_msgs/srv/_set_string.py'...
-- Installing: /home/admin/ros2_ws/install/robotnik_common_msgs/local/lib/python3.10/dist-packages/robotnik_common_msgs/robotnik_common_msgs_s__rosidl_typesupport_fastrtps_c.cpython-310-x86_64-linux-gnu.so
-- Set runtime path of "/home/admin/ros2_ws/install/robotnik_common_msgs/local/lib/python3.10/dist-packages/robotnik_common_msgs/robotnik_common_msgs_s__rosidl_typesupport_fastrtps_c.cpython-310-x86_64-linux-gnu.so" to ""
-- Installing: /home/admin/ros2_ws/install/robotnik_common_msgs/local/lib/python3.10/dist-packages/robotnik_common_msgs/robotnik_common_msgs_s__rosidl_typesupport_introspection_c.cpython-310-x86_64-linux-gnu.so
-- Set runtime path of "/home/admin/ros2_ws/install/robotnik_common_msgs/local/lib/python3.10/dist-packages/robotnik_common_msgs/robotnik_common_msgs_s__rosidl_typesupport_introspection_c.cpython-310-x86_64-linux-gnu.so" to ""
-- Installing: /home/admin/ros2_ws/install/robotnik_common_msgs/local/lib/python3.10/dist-packages/robotnik_common_msgs/robotnik_common_msgs_s__rosidl_typesupport_c.cpython-310-x86_64-linux-gnu.so
-- Set runtime path of "/home/admin/ros2_ws/install/robotnik_common_msgs/local/lib/python3.10/dist-packages/robotnik_common_msgs/robotnik_common_msgs_s__rosidl_typesupport_c.cpython-310-x86_64-linux-gnu.so" to ""
-- Installing: /home/admin/ros2_ws/install/robotnik_common_msgs/lib/librobotnik_common_msgs__rosidl_generator_py.so
-- Set runtime path of "/home/admin/ros2_ws/install/robotnik_common_msgs/lib/librobotnik_common_msgs__rosidl_generator_py.so" to ""
-- Installing: /home/admin/ros2_ws/install/robotnik_common_msgs/share/robotnik_common_msgs/msg/Response.idl
-- Installing: /home/admin/ros2_ws/install/robotnik_common_msgs/share/robotnik_common_msgs/srv/SetBool.idl
-- Installing: /home/admin/ros2_ws/install/robotnik_common_msgs/share/robotnik_common_msgs/srv/SetFloat32.idl
-- Installing: /home/admin/ros2_ws/install/robotnik_common_msgs/share/robotnik_common_msgs/srv/SetFloat64.idl
-- Installing: /home/admin/ros2_ws/install/robotnik_common_msgs/share/robotnik_common_msgs/srv/SetInt32.idl
-- Installing: /home/admin/ros2_ws/install/robotnik_common_msgs/share/robotnik_common_msgs/srv/SetString.idl
-- Installing: /home/admin/ros2_ws/install/robotnik_common_msgs/share/robotnik_common_msgs/msg/Response.msg
-- Installing: /home/admin/ros2_ws/install/robotnik_common_msgs/share/robotnik_common_msgs/srv/SetBool.srv
-- Installing: /home/admin/ros2_ws/install/robotnik_common_msgs/share/robotnik_common_msgs/srv/SetBool_Request.msg
-- Installing: /home/admin/ros2_ws/install/robotnik_common_msgs/share/robotnik_common_msgs/srv/SetBool_Response.msg
-- Installing: /home/admin/ros2_ws/install/robotnik_common_msgs/share/robotnik_common_msgs/srv/SetFloat32.srv
-- Installing: /home/admin/ros2_ws/install/robotnik_common_msgs/share/robotnik_common_msgs/srv/SetFloat32_Request.msg
-- Installing: /home/admin/ros2_ws/install/robotnik_common_msgs/share/robotnik_common_msgs/srv/SetFloat32_Response.msg
-- Installing: /home/admin/ros2_ws/install/robotnik_common_msgs/share/robotnik_common_msgs/srv/SetFloat64.srv
-- Installing: /home/admin/ros2_ws/install/robotnik_common_msgs/share/robotnik_common_msgs/srv/SetFloat64_Request.msg
-- Installing: /home/admin/ros2_ws/install/robotnik_common_msgs/share/robotnik_common_msgs/srv/SetFloat64_Response.msg
-- Installing: /home/admin/ros2_ws/install/robotnik_common_msgs/share/robotnik_common_msgs/srv/SetInt32.srv
-- Installing: /home/admin/ros2_ws/install/robotnik_common_msgs/share/robotnik_common_msgs/srv/SetInt32_Request.msg
-- Installing: /home/admin/ros2_ws/install/robotnik_common_msgs/share/robotnik_common_msgs/srv/SetInt32_Response.msg
-- Installing: /home/admin/ros2_ws/install/robotnik_common_msgs/share/robotnik_common_msgs/srv/SetString.srv
-- Installing: /home/admin/ros2_ws/install/robotnik_common_msgs/share/robotnik_common_msgs/srv/SetString_Request.msg
-- Installing: /home/admin/ros2_ws/install/robotnik_common_msgs/share/robotnik_common_msgs/srv/SetString_Response.msg
-- Installing: /home/admin/ros2_ws/install/robotnik_common_msgs/share/ament_index/resource_index/package_run_dependencies/robotnik_common_msgs
-- Installing: /home/admin/ros2_ws/install/robotnik_common_msgs/share/ament_index/resource_index/parent_prefix_path/robotnik_common_msgs
-- Installing: /home/admin/ros2_ws/install/robotnik_common_msgs/share/robotnik_common_msgs/environment/ament_prefix_path.sh
-- Installing: /home/admin/ros2_ws/install/robotnik_common_msgs/share/robotnik_common_msgs/environment/ament_prefix_path.dsv
-- Installing: /home/admin/ros2_ws/install/robotnik_common_msgs/share/robotnik_common_msgs/environment/path.sh
-- Installing: /home/admin/ros2_ws/install/robotnik_common_msgs/share/robotnik_common_msgs/environment/path.dsv
-- Installing: /home/admin/ros2_ws/install/robotnik_common_msgs/share/robotnik_common_msgs/local_setup.bash
-- Installing: /home/admin/ros2_ws/install/robotnik_common_msgs/share/robotnik_common_msgs/local_setup.sh
-- Installing: /home/admin/ros2_ws/install/robotnik_common_msgs/share/robotnik_common_msgs/local_setup.zsh
-- Installing: /home/admin/ros2_ws/install/robotnik_common_msgs/share/robotnik_common_msgs/local_setup.dsv
-- Installing: /home/admin/ros2_ws/install/robotnik_common_msgs/share/robotnik_common_msgs/package.dsv
-- Installing: /home/admin/ros2_ws/install/robotnik_common_msgs/share/ament_index/resource_index/packages/robotnik_common_msgs
-- Installing: /home/admin/ros2_ws/install/robotnik_common_msgs/share/robotnik_common_msgs/cmake/export_robotnik_common_msgs__rosidl_generator_cExport.cmake
-- Installing: /home/admin/ros2_ws/install/robotnik_common_msgs/share/robotnik_common_msgs/cmake/export_robotnik_common_msgs__rosidl_generator_cExport-noconfig.cmake
-- Installing: /home/admin/ros2_ws/install/robotnik_common_msgs/share/robotnik_common_msgs/cmake/export_robotnik_common_msgs__rosidl_typesupport_fastrtps_cExport.cmake
-- Installing: /home/admin/ros2_ws/install/robotnik_common_msgs/share/robotnik_common_msgs/cmake/export_robotnik_common_msgs__rosidl_typesupport_fastrtps_cExport-noconfig.cmake
-- Installing: /home/admin/ros2_ws/install/robotnik_common_msgs/share/robotnik_common_msgs/cmake/export_robotnik_common_msgs__rosidl_generator_cppExport.cmake
-- Installing: /home/admin/ros2_ws/install/robotnik_common_msgs/share/robotnik_common_msgs/cmake/export_robotnik_common_msgs__rosidl_typesupport_fastrtps_cppExport.cmake
-- Installing: /home/admin/ros2_ws/install/robotnik_common_msgs/share/robotnik_common_msgs/cmake/export_robotnik_common_msgs__rosidl_typesupport_fastrtps_cppExport-noconfig.cmake
-- Installing: /home/admin/ros2_ws/install/robotnik_common_msgs/share/robotnik_common_msgs/cmake/robotnik_common_msgs__rosidl_typesupport_introspection_cExport.cmake
-- Installing: /home/admin/ros2_ws/install/robotnik_common_msgs/share/robotnik_common_msgs/cmake/robotnik_common_msgs__rosidl_typesupport_introspection_cExport-noconfig.cmake
-- Installing: /home/admin/ros2_ws/install/robotnik_common_msgs/share/robotnik_common_msgs/cmake/robotnik_common_msgs__rosidl_typesupport_cExport.cmake
-- Installing: /home/admin/ros2_ws/install/robotnik_common_msgs/share/robotnik_common_msgs/cmake/robotnik_common_msgs__rosidl_typesupport_cExport-noconfig.cmake
-- Installing: /home/admin/ros2_ws/install/robotnik_common_msgs/share/robotnik_common_msgs/cmake/robotnik_common_msgs__rosidl_typesupport_introspection_cppExport.cmake
-- Installing: /home/admin/ros2_ws/install/robotnik_common_msgs/share/robotnik_common_msgs/cmake/robotnik_common_msgs__rosidl_typesupport_introspection_cppExport-noconfig.cmake
-- Installing: /home/admin/ros2_ws/install/robotnik_common_msgs/share/robotnik_common_msgs/cmake/robotnik_common_msgs__rosidl_typesupport_cppExport.cmake
-- Installing: /home/admin/ros2_ws/install/robotnik_common_msgs/share/robotnik_common_msgs/cmake/robotnik_common_msgs__rosidl_typesupport_cppExport-noconfig.cmake
-- Installing: /home/admin/ros2_ws/install/robotnik_common_msgs/share/robotnik_common_msgs/cmake/export_robotnik_common_msgs__rosidl_generator_pyExport.cmake
-- Installing: /home/admin/ros2_ws/install/robotnik_common_msgs/share/robotnik_common_msgs/cmake/export_robotnik_common_msgs__rosidl_generator_pyExport-noconfig.cmake
-- Installing: /home/admin/ros2_ws/install/robotnik_common_msgs/share/robotnik_common_msgs/cmake/rosidl_cmake-extras.cmake
-- Installing: /home/admin/ros2_ws/install/robotnik_common_msgs/share/robotnik_common_msgs/cmake/ament_cmake_export_dependencies-extras.cmake
-- Installing: /home/admin/ros2_ws/install/robotnik_common_msgs/share/robotnik_common_msgs/cmake/ament_cmake_export_include_directories-extras.cmake
-- Installing: /home/admin/ros2_ws/install/robotnik_common_msgs/share/robotnik_common_msgs/cmake/ament_cmake_export_libraries-extras.cmake
-- Installing: /home/admin/ros2_ws/install/robotnik_common_msgs/share/robotnik_common_msgs/cmake/ament_cmake_export_targets-extras.cmake
-- Installing: /home/admin/ros2_ws/install/robotnik_common_msgs/share/robotnik_common_msgs/cmake/rosidl_cmake_export_typesupport_targets-extras.cmake
-- Installing: /home/admin/ros2_ws/install/robotnik_common_msgs/share/robotnik_common_msgs/cmake/rosidl_cmake_export_typesupport_libraries-extras.cmake
-- Installing: /home/admin/ros2_ws/install/robotnik_common_msgs/share/robotnik_common_msgs/cmake/robotnik_common_msgsConfig.cmake
-- Installing: /home/admin/ros2_ws/install/robotnik_common_msgs/share/robotnik_common_msgs/cmake/robotnik_common_msgsConfig-version.cmake
-- Installing: /home/admin/ros2_ws/install/robotnik_common_msgs/share/robotnik_common_msgs/package.xml
