[0.015s] Invoking command in '/home/admin/ros2_ws/build/robotnik_common_msgs': CMAKE_PREFIX_PATH=${CMAKE_PREFIX_PATH}:/home/admin/ros2_ws/install/custom_gz:/opt/ros/humble /usr/bin/cmake /home/admin/ros2_ws/src/robotnik_interfaces/robotnik_common_msgs -DCMAKE_INSTALL_PREFIX=/home/admin/ros2_ws/install/robotnik_common_msgs
[0.056s] -- The C compiler identification is GNU 11.4.0
[0.108s] -- The CXX compiler identification is GNU 11.4.0
[0.117s] -- Detecting C compiler ABI info
[0.185s] -- Detecting C compiler ABI info - done
[0.192s] -- Check for working C compiler: /usr/bin/cc - skipped
[0.192s] -- Detecting C compile features
[0.192s] -- Detecting C compile features - done
[0.195s] -- Detecting CXX compiler ABI info
[0.268s] -- Detecting CXX compiler ABI info - done
[0.275s] -- Check for working CXX compiler: /usr/bin/c++ - skipped
[0.275s] -- Detecting CXX compile features
[0.275s] -- Detecting CXX compile features - done
[0.277s] -- Found ament_cmake: 1.3.11 (/opt/ros/humble/share/ament_cmake/cmake)
[0.422s] -- Found Python3: /usr/bin/python3 (found version "3.10.12") found components: Interpreter 
[0.525s] -- Found builtin_interfaces: 1.2.1 (/opt/ros/humble/share/builtin_interfaces/cmake)
[0.568s] -- Found rosidl_generator_c: 3.1.6 (/opt/ros/humble/share/rosidl_generator_c/cmake)
[0.573s] -- Found rosidl_adapter: 3.1.6 (/opt/ros/humble/share/rosidl_adapter/cmake)
[0.585s] -- Found rosidl_generator_cpp: 3.1.6 (/opt/ros/humble/share/rosidl_generator_cpp/cmake)
[0.598s] -- Using all available rosidl_typesupport_c: rosidl_typesupport_fastrtps_c;rosidl_typesupport_introspection_c
[0.613s] -- Using all available rosidl_typesupport_cpp: rosidl_typesupport_fastrtps_cpp;rosidl_typesupport_introspection_cpp
[0.627s] -- Found rosidl_default_generators: 1.2.0 (/opt/ros/humble/share/rosidl_default_generators/cmake)
[0.900s] -- Found ament_cmake_cppcheck: 0.12.12 (/opt/ros/humble/share/ament_cmake_cppcheck/cmake)
[0.902s] -- Found ament_cmake_cpplint: 0.12.12 (/opt/ros/humble/share/ament_cmake_cpplint/cmake)
[0.904s] -- Found ament_cmake_uncrustify: 0.12.12 (/opt/ros/humble/share/ament_cmake_uncrustify/cmake)
[0.906s] -- Found ament_cmake_ros: 0.10.0 (/opt/ros/humble/share/ament_cmake_ros/cmake)
[1.181s] -- Using all available rosidl_typesupport_c: rosidl_typesupport_fastrtps_c;rosidl_typesupport_introspection_c
[1.298s] -- Using all available rosidl_typesupport_cpp: rosidl_typesupport_fastrtps_cpp;rosidl_typesupport_introspection_cpp
[1.323s] -- Found PythonInterp: /usr/bin/python3 (found suitable version "3.10.12", minimum required is "3.6") 
[1.326s] -- Found python_cmake_module: 0.10.0 (/opt/ros/humble/share/python_cmake_module/cmake)
[1.364s] -- Found PythonLibs: /usr/lib/x86_64-linux-gnu/libpython3.10.so (found suitable version "3.10.12", minimum required is "3.5") 
[1.364s] -- Using PYTHON_EXECUTABLE: /usr/bin/python3
[1.364s] -- Using PYTHON_INCLUDE_DIRS: /usr/include/python3.10
[1.364s] -- Using PYTHON_LIBRARIES: /usr/lib/x86_64-linux-gnu/libpython3.10.so
[1.383s] -- Found PythonExtra: .so  
[1.423s] -- Found ament_cmake_flake8: 0.12.12 (/opt/ros/humble/share/ament_cmake_flake8/cmake)
[1.425s] -- Found ament_cmake_pep257: 0.12.12 (/opt/ros/humble/share/ament_cmake_pep257/cmake)
[1.429s] -- Found ament_lint_auto: 0.12.12 (/opt/ros/humble/share/ament_lint_auto/cmake)
[1.439s] -- Added test 'copyright' to check source files copyright and LICENSE
[1.440s] -- Added test 'lint_cmake' to check CMake code style
[1.440s] -- Added test 'xmllint' to check XML markup files
[1.442s] -- Configuring done
[1.471s] -- Generating done
[1.481s] -- Build files have been written to: /home/admin/ros2_ws/build/robotnik_common_msgs
[1.486s] Invoked command in '/home/admin/ros2_ws/build/robotnik_common_msgs' returned '0': CMAKE_PREFIX_PATH=${CMAKE_PREFIX_PATH}:/home/admin/ros2_ws/install/custom_gz:/opt/ros/humble /usr/bin/cmake /home/admin/ros2_ws/src/robotnik_interfaces/robotnik_common_msgs -DCMAKE_INSTALL_PREFIX=/home/admin/ros2_ws/install/robotnik_common_msgs
[1.488s] Invoking command in '/home/admin/ros2_ws/build/robotnik_common_msgs': CMAKE_PREFIX_PATH=${CMAKE_PREFIX_PATH}:/home/admin/ros2_ws/install/custom_gz:/opt/ros/humble /usr/bin/cmake --build /home/admin/ros2_ws/build/robotnik_common_msgs -- -j20 -l20
[1.531s] [  1%] [34m[1mGenerating C code for ROS interfaces[0m
[1.538s] [  2%] [34m[1mGenerating C++ code for ROS interfaces[0m
[1.549s] [  2%] Built target ament_cmake_python_copy_robotnik_common_msgs
[2.009s] running egg_info
[2.010s] creating robotnik_common_msgs.egg-info
[2.011s] writing robotnik_common_msgs.egg-info/PKG-INFO
[2.011s] writing dependency_links to robotnik_common_msgs.egg-info/dependency_links.txt
[2.011s] writing top-level names to robotnik_common_msgs.egg-info/top_level.txt
[2.012s] writing manifest file 'robotnik_common_msgs.egg-info/SOURCES.txt'
[2.016s] reading manifest file 'robotnik_common_msgs.egg-info/SOURCES.txt'
[2.017s] writing manifest file 'robotnik_common_msgs.egg-info/SOURCES.txt'
[2.064s] [  2%] Built target ament_cmake_python_build_robotnik_common_msgs_egg
[2.119s] [  4%] [32mBuilding C object CMakeFiles/robotnik_common_msgs__rosidl_generator_c.dir/rosidl_generator_c/robotnik_common_msgs/srv/detail/set_float32__functions.c.o[0m
[2.125s] [  5%] [32mBuilding C object CMakeFiles/robotnik_common_msgs__rosidl_generator_c.dir/rosidl_generator_c/robotnik_common_msgs/msg/detail/response__functions.c.o[0m
[2.129s] [  7%] [32mBuilding C object CMakeFiles/robotnik_common_msgs__rosidl_generator_c.dir/rosidl_generator_c/robotnik_common_msgs/srv/detail/set_float64__functions.c.o[0m
[2.129s] [  8%] [32mBuilding C object CMakeFiles/robotnik_common_msgs__rosidl_generator_c.dir/rosidl_generator_c/robotnik_common_msgs/srv/detail/set_string__functions.c.o[0m
[2.132s] [  9%] [32mBuilding C object CMakeFiles/robotnik_common_msgs__rosidl_generator_c.dir/rosidl_generator_c/robotnik_common_msgs/srv/detail/set_bool__functions.c.o[0m
[2.142s] [ 11%] [32mBuilding C object CMakeFiles/robotnik_common_msgs__rosidl_generator_c.dir/rosidl_generator_c/robotnik_common_msgs/srv/detail/set_int32__functions.c.o[0m
[2.306s] [ 11%] Built target robotnik_common_msgs__cpp
[2.317s] [ 12%] [34m[1mGenerating C++ type support dispatch for ROS interfaces[0m
[2.317s] [ 14%] [34m[1mGenerating C++ type support for eProsima Fast-RTPS[0m
[2.331s] [ 15%] [34m[1mGenerating C++ introspection for ROS interfaces[0m
[2.416s] [ 16%] [32m[1mLinking C shared library librobotnik_common_msgs__rosidl_generator_c.so[0m
[2.580s] [ 16%] Built target robotnik_common_msgs__rosidl_generator_c
[2.597s] [ 21%] [34m[1mGenerating C type support dispatch for ROS interfaces[0m
[2.597s] [ 18%] [34m[1mGenerating C type support for eProsima Fast-RTPS[0m
[2.597s] [ 21%] [34m[1mGenerating C introspection for ROS interfaces[0m
[2.773s] [ 22%] [32mBuilding CXX object CMakeFiles/robotnik_common_msgs__rosidl_typesupport_cpp.dir/rosidl_typesupport_cpp/robotnik_common_msgs/msg/response__type_support.cpp.o[0m
[2.780s] [ 23%] [32mBuilding CXX object CMakeFiles/robotnik_common_msgs__rosidl_typesupport_cpp.dir/rosidl_typesupport_cpp/robotnik_common_msgs/srv/set_float64__type_support.cpp.o[0m
[2.780s] [ 25%] [32mBuilding CXX object CMakeFiles/robotnik_common_msgs__rosidl_typesupport_cpp.dir/rosidl_typesupport_cpp/robotnik_common_msgs/srv/set_float32__type_support.cpp.o[0m
[2.786s] [ 26%] [32mBuilding CXX object CMakeFiles/robotnik_common_msgs__rosidl_typesupport_cpp.dir/rosidl_typesupport_cpp/robotnik_common_msgs/srv/set_bool__type_support.cpp.o[0m
[2.792s] [ 28%] [32mBuilding CXX object CMakeFiles/robotnik_common_msgs__rosidl_typesupport_cpp.dir/rosidl_typesupport_cpp/robotnik_common_msgs/srv/set_int32__type_support.cpp.o[0m
[2.796s] [ 29%] [32mBuilding CXX object CMakeFiles/robotnik_common_msgs__rosidl_typesupport_cpp.dir/rosidl_typesupport_cpp/robotnik_common_msgs/srv/set_string__type_support.cpp.o[0m
[3.154s] [ 30%] [32mBuilding CXX object CMakeFiles/robotnik_common_msgs__rosidl_typesupport_introspection_cpp.dir/rosidl_typesupport_introspection_cpp/robotnik_common_msgs/srv/detail/set_bool__type_support.cpp.o[0m
[3.160s] [ 32%] [32mBuilding CXX object CMakeFiles/robotnik_common_msgs__rosidl_typesupport_introspection_cpp.dir/rosidl_typesupport_introspection_cpp/robotnik_common_msgs/srv/detail/set_int32__type_support.cpp.o[0m
[3.169s] [ 33%] [32mBuilding CXX object CMakeFiles/robotnik_common_msgs__rosidl_typesupport_introspection_cpp.dir/rosidl_typesupport_introspection_cpp/robotnik_common_msgs/srv/detail/set_float64__type_support.cpp.o[0m
[3.169s] [ 35%] [32mBuilding CXX object CMakeFiles/robotnik_common_msgs__rosidl_typesupport_introspection_cpp.dir/rosidl_typesupport_introspection_cpp/robotnik_common_msgs/srv/detail/set_string__type_support.cpp.o[0m
[3.252s] [ 36%] [32mBuilding CXX object CMakeFiles/robotnik_common_msgs__rosidl_typesupport_introspection_cpp.dir/rosidl_typesupport_introspection_cpp/robotnik_common_msgs/srv/detail/set_float32__type_support.cpp.o[0m
[3.258s] [ 38%] [32mBuilding CXX object CMakeFiles/robotnik_common_msgs__rosidl_typesupport_introspection_cpp.dir/rosidl_typesupport_introspection_cpp/robotnik_common_msgs/msg/detail/response__type_support.cpp.o[0m
[3.370s] [ 39%] [32mBuilding CXX object CMakeFiles/robotnik_common_msgs__rosidl_typesupport_c.dir/rosidl_typesupport_c/robotnik_common_msgs/srv/set_float32__type_support.cpp.o[0m
[3.371s] [ 40%] [32mBuilding CXX object CMakeFiles/robotnik_common_msgs__rosidl_typesupport_c.dir/rosidl_typesupport_c/robotnik_common_msgs/msg/response__type_support.cpp.o[0m
[3.373s] [ 42%] [32mBuilding CXX object CMakeFiles/robotnik_common_msgs__rosidl_typesupport_c.dir/rosidl_typesupport_c/robotnik_common_msgs/srv/set_bool__type_support.cpp.o[0m
[3.393s] [ 43%] [32mBuilding CXX object CMakeFiles/robotnik_common_msgs__rosidl_typesupport_c.dir/rosidl_typesupport_c/robotnik_common_msgs/srv/set_string__type_support.cpp.o[0m
[3.419s] [ 45%] [32mBuilding CXX object CMakeFiles/robotnik_common_msgs__rosidl_typesupport_c.dir/rosidl_typesupport_c/robotnik_common_msgs/srv/set_float64__type_support.cpp.o[0m
[3.444s] [ 46%] [32mBuilding CXX object CMakeFiles/robotnik_common_msgs__rosidl_typesupport_c.dir/rosidl_typesupport_c/robotnik_common_msgs/srv/set_int32__type_support.cpp.o[0m
[3.493s] [ 47%] [32m[1mLinking CXX shared library librobotnik_common_msgs__rosidl_typesupport_c.so[0m
[3.566s] [ 47%] Built target robotnik_common_msgs__rosidl_typesupport_c
[3.627s] [ 49%] [32mBuilding CXX object CMakeFiles/robotnik_common_msgs__rosidl_typesupport_fastrtps_c.dir/rosidl_typesupport_fastrtps_c/robotnik_common_msgs/srv/detail/set_float32__type_support_c.cpp.o[0m
[3.632s] [ 50%] [32mBuilding CXX object CMakeFiles/robotnik_common_msgs__rosidl_typesupport_fastrtps_c.dir/rosidl_typesupport_fastrtps_c/robotnik_common_msgs/srv/detail/set_float64__type_support_c.cpp.o[0m
[3.636s] [ 52%] [32mBuilding CXX object CMakeFiles/robotnik_common_msgs__rosidl_typesupport_fastrtps_c.dir/rosidl_typesupport_fastrtps_c/robotnik_common_msgs/srv/detail/set_bool__type_support_c.cpp.o[0m
[3.644s] [ 53%] [32mBuilding CXX object CMakeFiles/robotnik_common_msgs__rosidl_typesupport_fastrtps_c.dir/rosidl_typesupport_fastrtps_c/robotnik_common_msgs/srv/detail/set_string__type_support_c.cpp.o[0m
[3.710s] [ 54%] [32mBuilding CXX object CMakeFiles/robotnik_common_msgs__rosidl_typesupport_fastrtps_c.dir/rosidl_typesupport_fastrtps_c/robotnik_common_msgs/msg/detail/response__type_support_c.cpp.o[0m
[3.722s] [ 56%] [32mBuilding CXX object CMakeFiles/robotnik_common_msgs__rosidl_typesupport_fastrtps_c.dir/rosidl_typesupport_fastrtps_c/robotnik_common_msgs/srv/detail/set_int32__type_support_c.cpp.o[0m
[3.900s] [ 57%] [32m[1mLinking CXX shared library librobotnik_common_msgs__rosidl_typesupport_introspection_cpp.so[0m
[4.105s] [ 57%] Built target robotnik_common_msgs__rosidl_typesupport_introspection_cpp
[4.233s] [ 59%] [32mBuilding C object CMakeFiles/robotnik_common_msgs__rosidl_typesupport_introspection_c.dir/rosidl_typesupport_introspection_c/robotnik_common_msgs/srv/detail/set_bool__type_support.c.o[0m
[4.233s] [ 61%] [32mBuilding C object CMakeFiles/robotnik_common_msgs__rosidl_typesupport_introspection_c.dir/rosidl_typesupport_introspection_c/robotnik_common_msgs/srv/detail/set_int32__type_support.c.o[0m
[4.233s] [ 61%] [32mBuilding C object CMakeFiles/robotnik_common_msgs__rosidl_typesupport_introspection_c.dir/rosidl_typesupport_introspection_c/robotnik_common_msgs/srv/detail/set_string__type_support.c.o[0m
[4.234s] [ 63%] [32mBuilding C object CMakeFiles/robotnik_common_msgs__rosidl_typesupport_introspection_c.dir/rosidl_typesupport_introspection_c/robotnik_common_msgs/msg/detail/response__type_support.c.o[0m
[4.234s] [ 64%] [32mBuilding C object CMakeFiles/robotnik_common_msgs__rosidl_typesupport_introspection_c.dir/rosidl_typesupport_introspection_c/robotnik_common_msgs/srv/detail/set_float64__type_support.c.o[0m
[4.235s] [ 66%] [32mBuilding C object CMakeFiles/robotnik_common_msgs__rosidl_typesupport_introspection_c.dir/rosidl_typesupport_introspection_c/robotnik_common_msgs/srv/detail/set_float32__type_support.c.o[0m
[4.298s] [ 67%] [32m[1mLinking C shared library librobotnik_common_msgs__rosidl_typesupport_introspection_c.so[0m
[4.341s] [ 67%] Built target robotnik_common_msgs__rosidl_typesupport_introspection_c
[4.466s] [ 69%] [32m[1mLinking CXX shared library librobotnik_common_msgs__rosidl_typesupport_fastrtps_c.so[0m
[4.499s] [ 70%] [32m[1mLinking CXX shared library librobotnik_common_msgs__rosidl_typesupport_cpp.so[0m
[4.574s] [ 70%] Built target robotnik_common_msgs__rosidl_typesupport_cpp
[4.641s] [ 70%] Built target robotnik_common_msgs__rosidl_typesupport_fastrtps_c
[5.665s] [ 71%] [32mBuilding CXX object CMakeFiles/robotnik_common_msgs__rosidl_typesupport_fastrtps_cpp.dir/rosidl_typesupport_fastrtps_cpp/robotnik_common_msgs/srv/detail/dds_fastrtps/set_float32__type_support.cpp.o[0m
[5.673s] [ 73%] [32mBuilding CXX object CMakeFiles/robotnik_common_msgs__rosidl_typesupport_fastrtps_cpp.dir/rosidl_typesupport_fastrtps_cpp/robotnik_common_msgs/msg/detail/dds_fastrtps/response__type_support.cpp.o[0m
[5.675s] [ 74%] [32mBuilding CXX object CMakeFiles/robotnik_common_msgs__rosidl_typesupport_fastrtps_cpp.dir/rosidl_typesupport_fastrtps_cpp/robotnik_common_msgs/srv/detail/dds_fastrtps/set_float64__type_support.cpp.o[0m
[5.684s] [ 76%] [32mBuilding CXX object CMakeFiles/robotnik_common_msgs__rosidl_typesupport_fastrtps_cpp.dir/rosidl_typesupport_fastrtps_cpp/robotnik_common_msgs/srv/detail/dds_fastrtps/set_int32__type_support.cpp.o[0m
[5.754s] [ 77%] [32mBuilding CXX object CMakeFiles/robotnik_common_msgs__rosidl_typesupport_fastrtps_cpp.dir/rosidl_typesupport_fastrtps_cpp/robotnik_common_msgs/srv/detail/dds_fastrtps/set_bool__type_support.cpp.o[0m
[5.782s] [ 78%] [32mBuilding CXX object CMakeFiles/robotnik_common_msgs__rosidl_typesupport_fastrtps_cpp.dir/rosidl_typesupport_fastrtps_cpp/robotnik_common_msgs/srv/detail/dds_fastrtps/set_string__type_support.cpp.o[0m
[6.610s] [ 80%] [32m[1mLinking CXX shared library librobotnik_common_msgs__rosidl_typesupport_fastrtps_cpp.so[0m
[6.682s] [ 80%] Built target robotnik_common_msgs__rosidl_typesupport_fastrtps_cpp
[6.703s] [ 80%] Built target robotnik_common_msgs
[6.720s] [ 81%] [34m[1mGenerating Python code for ROS interfaces[0m
[7.325s] [ 81%] Built target robotnik_common_msgs__py
[7.341s] [ 84%] [32mBuilding C object CMakeFiles/robotnik_common_msgs__rosidl_generator_py.dir/rosidl_generator_py/robotnik_common_msgs/srv/_set_int32_s.c.o[0m
[7.341s] [ 84%] [32mBuilding C object CMakeFiles/robotnik_common_msgs__rosidl_generator_py.dir/rosidl_generator_py/robotnik_common_msgs/srv/_set_string_s.c.o[0m
[7.341s] [ 85%] [32mBuilding C object CMakeFiles/robotnik_common_msgs__rosidl_generator_py.dir/rosidl_generator_py/robotnik_common_msgs/srv/_set_float64_s.c.o[0m
[7.342s] [ 87%] [32mBuilding C object CMakeFiles/robotnik_common_msgs__rosidl_generator_py.dir/rosidl_generator_py/robotnik_common_msgs/msg/_response_s.c.o[0m
[7.342s] [ 88%] [32mBuilding C object CMakeFiles/robotnik_common_msgs__rosidl_generator_py.dir/rosidl_generator_py/robotnik_common_msgs/srv/_set_bool_s.c.o[0m
[7.342s] [ 90%] [32mBuilding C object CMakeFiles/robotnik_common_msgs__rosidl_generator_py.dir/rosidl_generator_py/robotnik_common_msgs/srv/_set_float32_s.c.o[0m
[7.459s] [ 91%] [32m[1mLinking C shared library rosidl_generator_py/robotnik_common_msgs/librobotnik_common_msgs__rosidl_generator_py.so[0m
[7.494s] [ 91%] Built target robotnik_common_msgs__rosidl_generator_py
[7.515s] [ 94%] [32mBuilding C object CMakeFiles/robotnik_common_msgs__rosidl_typesupport_introspection_c__pyext.dir/rosidl_generator_py/robotnik_common_msgs/_robotnik_common_msgs_s.ep.rosidl_typesupport_introspection_c.c.o[0m
[7.516s] [ 94%] [32mBuilding C object CMakeFiles/robotnik_common_msgs__rosidl_typesupport_fastrtps_c__pyext.dir/rosidl_generator_py/robotnik_common_msgs/_robotnik_common_msgs_s.ep.rosidl_typesupport_fastrtps_c.c.o[0m
[7.517s] [ 95%] [32mBuilding C object CMakeFiles/robotnik_common_msgs__rosidl_typesupport_c__pyext.dir/rosidl_generator_py/robotnik_common_msgs/_robotnik_common_msgs_s.ep.rosidl_typesupport_c.c.o[0m
[7.634s] [ 97%] [32m[1mLinking C shared library rosidl_generator_py/robotnik_common_msgs/robotnik_common_msgs_s__rosidl_typesupport_introspection_c.cpython-310-x86_64-linux-gnu.so[0m
[7.655s] [ 98%] [32m[1mLinking C shared library rosidl_generator_py/robotnik_common_msgs/robotnik_common_msgs_s__rosidl_typesupport_c.cpython-310-x86_64-linux-gnu.so[0m
[7.655s] [100%] [32m[1mLinking C shared library rosidl_generator_py/robotnik_common_msgs/robotnik_common_msgs_s__rosidl_typesupport_fastrtps_c.cpython-310-x86_64-linux-gnu.so[0m
[7.667s] [100%] Built target robotnik_common_msgs__rosidl_typesupport_introspection_c__pyext
[7.683s] [100%] Built target robotnik_common_msgs__rosidl_typesupport_fastrtps_c__pyext
[7.693s] [100%] Built target robotnik_common_msgs__rosidl_typesupport_c__pyext
[7.704s] Invoked command in '/home/admin/ros2_ws/build/robotnik_common_msgs' returned '0': CMAKE_PREFIX_PATH=${CMAKE_PREFIX_PATH}:/home/admin/ros2_ws/install/custom_gz:/opt/ros/humble /usr/bin/cmake --build /home/admin/ros2_ws/build/robotnik_common_msgs -- -j20 -l20
[7.706s] Invoking command in '/home/admin/ros2_ws/build/robotnik_common_msgs': CMAKE_PREFIX_PATH=${CMAKE_PREFIX_PATH}:/home/admin/ros2_ws/install/custom_gz:/opt/ros/humble /usr/bin/cmake --install /home/admin/ros2_ws/build/robotnik_common_msgs
[7.715s] -- Install configuration: ""
[7.715s] -- Installing: /home/admin/ros2_ws/install/robotnik_common_msgs/share/ament_index/resource_index/rosidl_interfaces/robotnik_common_msgs
[7.715s] -- Installing: /home/admin/ros2_ws/install/robotnik_common_msgs/include/robotnik_common_msgs/robotnik_common_msgs
[7.715s] -- Installing: /home/admin/ros2_ws/install/robotnik_common_msgs/include/robotnik_common_msgs/robotnik_common_msgs/srv
[7.715s] -- Installing: /home/admin/ros2_ws/install/robotnik_common_msgs/include/robotnik_common_msgs/robotnik_common_msgs/srv/detail
[7.715s] -- Installing: /home/admin/ros2_ws/install/robotnik_common_msgs/include/robotnik_common_msgs/robotnik_common_msgs/srv/detail/set_float32__struct.h
[7.715s] -- Installing: /home/admin/ros2_ws/install/robotnik_common_msgs/include/robotnik_common_msgs/robotnik_common_msgs/srv/detail/set_float32__functions.c
[7.715s] -- Installing: /home/admin/ros2_ws/install/robotnik_common_msgs/include/robotnik_common_msgs/robotnik_common_msgs/srv/detail/set_string__struct.h
[7.716s] -- Installing: /home/admin/ros2_ws/install/robotnik_common_msgs/include/robotnik_common_msgs/robotnik_common_msgs/srv/detail/set_string__functions.h
[7.716s] -- Installing: /home/admin/ros2_ws/install/robotnik_common_msgs/include/robotnik_common_msgs/robotnik_common_msgs/srv/detail/set_bool__functions.c
[7.716s] -- Installing: /home/admin/ros2_ws/install/robotnik_common_msgs/include/robotnik_common_msgs/robotnik_common_msgs/srv/detail/set_float64__struct.h
[7.716s] -- Installing: /home/admin/ros2_ws/install/robotnik_common_msgs/include/robotnik_common_msgs/robotnik_common_msgs/srv/detail/set_float32__functions.h
[7.716s] -- Installing: /home/admin/ros2_ws/install/robotnik_common_msgs/include/robotnik_common_msgs/robotnik_common_msgs/srv/detail/set_float64__functions.h
[7.716s] -- Installing: /home/admin/ros2_ws/install/robotnik_common_msgs/include/robotnik_common_msgs/robotnik_common_msgs/srv/detail/set_string__functions.c
[7.716s] -- Installing: /home/admin/ros2_ws/install/robotnik_common_msgs/include/robotnik_common_msgs/robotnik_common_msgs/srv/detail/set_float32__type_support.h
[7.716s] -- Installing: /home/admin/ros2_ws/install/robotnik_common_msgs/include/robotnik_common_msgs/robotnik_common_msgs/srv/detail/set_string__type_support.h
[7.716s] -- Installing: /home/admin/ros2_ws/install/robotnik_common_msgs/include/robotnik_common_msgs/robotnik_common_msgs/srv/detail/set_float64__functions.c
[7.717s] -- Installing: /home/admin/ros2_ws/install/robotnik_common_msgs/include/robotnik_common_msgs/robotnik_common_msgs/srv/detail/set_int32__struct.h
[7.717s] -- Installing: /home/admin/ros2_ws/install/robotnik_common_msgs/include/robotnik_common_msgs/robotnik_common_msgs/srv/detail/set_int32__type_support.h
[7.717s] -- Installing: /home/admin/ros2_ws/install/robotnik_common_msgs/include/robotnik_common_msgs/robotnik_common_msgs/srv/detail/set_bool__functions.h
[7.717s] -- Installing: /home/admin/ros2_ws/install/robotnik_common_msgs/include/robotnik_common_msgs/robotnik_common_msgs/srv/detail/set_int32__functions.c
[7.717s] -- Installing: /home/admin/ros2_ws/install/robotnik_common_msgs/include/robotnik_common_msgs/robotnik_common_msgs/srv/detail/set_int32__functions.h
[7.717s] -- Installing: /home/admin/ros2_ws/install/robotnik_common_msgs/include/robotnik_common_msgs/robotnik_common_msgs/srv/detail/set_float64__type_support.h
[7.717s] -- Installing: /home/admin/ros2_ws/install/robotnik_common_msgs/include/robotnik_common_msgs/robotnik_common_msgs/srv/detail/set_bool__type_support.h
[7.717s] -- Installing: /home/admin/ros2_ws/install/robotnik_common_msgs/include/robotnik_common_msgs/robotnik_common_msgs/srv/detail/set_bool__struct.h
[7.717s] -- Installing: /home/admin/ros2_ws/install/robotnik_common_msgs/include/robotnik_common_msgs/robotnik_common_msgs/srv/set_int32.h
[7.717s] -- Installing: /home/admin/ros2_ws/install/robotnik_common_msgs/include/robotnik_common_msgs/robotnik_common_msgs/srv/set_string.h
[7.718s] -- Installing: /home/admin/ros2_ws/install/robotnik_common_msgs/include/robotnik_common_msgs/robotnik_common_msgs/srv/set_float64.h
[7.718s] -- Installing: /home/admin/ros2_ws/install/robotnik_common_msgs/include/robotnik_common_msgs/robotnik_common_msgs/srv/set_bool.h
[7.718s] -- Installing: /home/admin/ros2_ws/install/robotnik_common_msgs/include/robotnik_common_msgs/robotnik_common_msgs/srv/set_float32.h
[7.718s] -- Installing: /home/admin/ros2_ws/install/robotnik_common_msgs/include/robotnik_common_msgs/robotnik_common_msgs/msg
[7.718s] -- Installing: /home/admin/ros2_ws/install/robotnik_common_msgs/include/robotnik_common_msgs/robotnik_common_msgs/msg/rosidl_generator_c__visibility_control.h
[7.718s] -- Installing: /home/admin/ros2_ws/install/robotnik_common_msgs/include/robotnik_common_msgs/robotnik_common_msgs/msg/detail
[7.718s] -- Installing: /home/admin/ros2_ws/install/robotnik_common_msgs/include/robotnik_common_msgs/robotnik_common_msgs/msg/detail/response__type_support.h
[7.718s] -- Installing: /home/admin/ros2_ws/install/robotnik_common_msgs/include/robotnik_common_msgs/robotnik_common_msgs/msg/detail/response__struct.h
[7.718s] -- Installing: /home/admin/ros2_ws/install/robotnik_common_msgs/include/robotnik_common_msgs/robotnik_common_msgs/msg/detail/response__functions.h
[7.718s] -- Installing: /home/admin/ros2_ws/install/robotnik_common_msgs/include/robotnik_common_msgs/robotnik_common_msgs/msg/detail/response__functions.c
[7.719s] -- Installing: /home/admin/ros2_ws/install/robotnik_common_msgs/include/robotnik_common_msgs/robotnik_common_msgs/msg/response.h
[7.719s] -- Installing: /home/admin/ros2_ws/install/robotnik_common_msgs/share/robotnik_common_msgs/environment/library_path.sh
[7.719s] -- Installing: /home/admin/ros2_ws/install/robotnik_common_msgs/share/robotnik_common_msgs/environment/library_path.dsv
[7.719s] -- Installing: /home/admin/ros2_ws/install/robotnik_common_msgs/lib/librobotnik_common_msgs__rosidl_generator_c.so
[7.720s] -- Set runtime path of "/home/admin/ros2_ws/install/robotnik_common_msgs/lib/librobotnik_common_msgs__rosidl_generator_c.so" to ""
[7.720s] -- Up-to-date: /home/admin/ros2_ws/install/robotnik_common_msgs/include/robotnik_common_msgs/robotnik_common_msgs
[7.720s] -- Up-to-date: /home/admin/ros2_ws/install/robotnik_common_msgs/include/robotnik_common_msgs/robotnik_common_msgs/srv
[7.720s] -- Up-to-date: /home/admin/ros2_ws/install/robotnik_common_msgs/include/robotnik_common_msgs/robotnik_common_msgs/srv/detail
[7.720s] -- Installing: /home/admin/ros2_ws/install/robotnik_common_msgs/include/robotnik_common_msgs/robotnik_common_msgs/srv/detail/set_string__rosidl_typesupport_fastrtps_c.h
[7.720s] -- Installing: /home/admin/ros2_ws/install/robotnik_common_msgs/include/robotnik_common_msgs/robotnik_common_msgs/srv/detail/set_int32__rosidl_typesupport_fastrtps_c.h
[7.720s] -- Installing: /home/admin/ros2_ws/install/robotnik_common_msgs/include/robotnik_common_msgs/robotnik_common_msgs/srv/detail/set_float64__rosidl_typesupport_fastrtps_c.h
[7.720s] -- Installing: /home/admin/ros2_ws/install/robotnik_common_msgs/include/robotnik_common_msgs/robotnik_common_msgs/srv/detail/set_bool__rosidl_typesupport_fastrtps_c.h
[7.720s] -- Installing: /home/admin/ros2_ws/install/robotnik_common_msgs/include/robotnik_common_msgs/robotnik_common_msgs/srv/detail/set_float32__rosidl_typesupport_fastrtps_c.h
[7.720s] -- Up-to-date: /home/admin/ros2_ws/install/robotnik_common_msgs/include/robotnik_common_msgs/robotnik_common_msgs/msg
[7.720s] -- Installing: /home/admin/ros2_ws/install/robotnik_common_msgs/include/robotnik_common_msgs/robotnik_common_msgs/msg/rosidl_typesupport_fastrtps_c__visibility_control.h
[7.720s] -- Up-to-date: /home/admin/ros2_ws/install/robotnik_common_msgs/include/robotnik_common_msgs/robotnik_common_msgs/msg/detail
[7.720s] -- Installing: /home/admin/ros2_ws/install/robotnik_common_msgs/include/robotnik_common_msgs/robotnik_common_msgs/msg/detail/response__rosidl_typesupport_fastrtps_c.h
[7.721s] -- Installing: /home/admin/ros2_ws/install/robotnik_common_msgs/lib/librobotnik_common_msgs__rosidl_typesupport_fastrtps_c.so
[7.721s] -- Set runtime path of "/home/admin/ros2_ws/install/robotnik_common_msgs/lib/librobotnik_common_msgs__rosidl_typesupport_fastrtps_c.so" to ""
[7.721s] -- Up-to-date: /home/admin/ros2_ws/install/robotnik_common_msgs/include/robotnik_common_msgs/robotnik_common_msgs
[7.721s] -- Up-to-date: /home/admin/ros2_ws/install/robotnik_common_msgs/include/robotnik_common_msgs/robotnik_common_msgs/srv
[7.721s] -- Installing: /home/admin/ros2_ws/install/robotnik_common_msgs/include/robotnik_common_msgs/robotnik_common_msgs/srv/set_string.hpp
[7.721s] -- Up-to-date: /home/admin/ros2_ws/install/robotnik_common_msgs/include/robotnik_common_msgs/robotnik_common_msgs/srv/detail
[7.721s] -- Installing: /home/admin/ros2_ws/install/robotnik_common_msgs/include/robotnik_common_msgs/robotnik_common_msgs/srv/detail/set_int32__type_support.hpp
[7.722s] -- Installing: /home/admin/ros2_ws/install/robotnik_common_msgs/include/robotnik_common_msgs/robotnik_common_msgs/srv/detail/set_int32__struct.hpp
[7.722s] -- Installing: /home/admin/ros2_ws/install/robotnik_common_msgs/include/robotnik_common_msgs/robotnik_common_msgs/srv/detail/set_float64__traits.hpp
[7.722s] -- Installing: /home/admin/ros2_ws/install/robotnik_common_msgs/include/robotnik_common_msgs/robotnik_common_msgs/srv/detail/set_float32__struct.hpp
[7.722s] -- Installing: /home/admin/ros2_ws/install/robotnik_common_msgs/include/robotnik_common_msgs/robotnik_common_msgs/srv/detail/set_float32__type_support.hpp
[7.722s] -- Installing: /home/admin/ros2_ws/install/robotnik_common_msgs/include/robotnik_common_msgs/robotnik_common_msgs/srv/detail/set_bool__type_support.hpp
[7.722s] -- Installing: /home/admin/ros2_ws/install/robotnik_common_msgs/include/robotnik_common_msgs/robotnik_common_msgs/srv/detail/set_bool__builder.hpp
[7.722s] -- Installing: /home/admin/ros2_ws/install/robotnik_common_msgs/include/robotnik_common_msgs/robotnik_common_msgs/srv/detail/set_bool__traits.hpp
[7.722s] -- Installing: /home/admin/ros2_ws/install/robotnik_common_msgs/include/robotnik_common_msgs/robotnik_common_msgs/srv/detail/set_float64__struct.hpp
[7.722s] -- Installing: /home/admin/ros2_ws/install/robotnik_common_msgs/include/robotnik_common_msgs/robotnik_common_msgs/srv/detail/set_float32__builder.hpp
[7.723s] -- Installing: /home/admin/ros2_ws/install/robotnik_common_msgs/include/robotnik_common_msgs/robotnik_common_msgs/srv/detail/set_float64__builder.hpp
[7.723s] -- Installing: /home/admin/ros2_ws/install/robotnik_common_msgs/include/robotnik_common_msgs/robotnik_common_msgs/srv/detail/set_int32__builder.hpp
[7.723s] -- Installing: /home/admin/ros2_ws/install/robotnik_common_msgs/include/robotnik_common_msgs/robotnik_common_msgs/srv/detail/set_string__type_support.hpp
[7.723s] -- Installing: /home/admin/ros2_ws/install/robotnik_common_msgs/include/robotnik_common_msgs/robotnik_common_msgs/srv/detail/set_bool__struct.hpp
[7.723s] -- Installing: /home/admin/ros2_ws/install/robotnik_common_msgs/include/robotnik_common_msgs/robotnik_common_msgs/srv/detail/set_float32__traits.hpp
[7.723s] -- Installing: /home/admin/ros2_ws/install/robotnik_common_msgs/include/robotnik_common_msgs/robotnik_common_msgs/srv/detail/set_string__traits.hpp
[7.723s] -- Installing: /home/admin/ros2_ws/install/robotnik_common_msgs/include/robotnik_common_msgs/robotnik_common_msgs/srv/detail/set_string__struct.hpp
[7.723s] -- Installing: /home/admin/ros2_ws/install/robotnik_common_msgs/include/robotnik_common_msgs/robotnik_common_msgs/srv/detail/set_float64__type_support.hpp
[7.723s] -- Installing: /home/admin/ros2_ws/install/robotnik_common_msgs/include/robotnik_common_msgs/robotnik_common_msgs/srv/detail/set_string__builder.hpp
[7.723s] -- Installing: /home/admin/ros2_ws/install/robotnik_common_msgs/include/robotnik_common_msgs/robotnik_common_msgs/srv/detail/set_int32__traits.hpp
[7.723s] -- Installing: /home/admin/ros2_ws/install/robotnik_common_msgs/include/robotnik_common_msgs/robotnik_common_msgs/srv/set_int32.hpp
[7.723s] -- Installing: /home/admin/ros2_ws/install/robotnik_common_msgs/include/robotnik_common_msgs/robotnik_common_msgs/srv/set_float32.hpp
[7.723s] -- Installing: /home/admin/ros2_ws/install/robotnik_common_msgs/include/robotnik_common_msgs/robotnik_common_msgs/srv/set_float64.hpp
[7.723s] -- Installing: /home/admin/ros2_ws/install/robotnik_common_msgs/include/robotnik_common_msgs/robotnik_common_msgs/srv/set_bool.hpp
[7.724s] -- Up-to-date: /home/admin/ros2_ws/install/robotnik_common_msgs/include/robotnik_common_msgs/robotnik_common_msgs/msg
[7.724s] -- Installing: /home/admin/ros2_ws/install/robotnik_common_msgs/include/robotnik_common_msgs/robotnik_common_msgs/msg/rosidl_generator_cpp__visibility_control.hpp
[7.724s] -- Up-to-date: /home/admin/ros2_ws/install/robotnik_common_msgs/include/robotnik_common_msgs/robotnik_common_msgs/msg/detail
[7.724s] -- Installing: /home/admin/ros2_ws/install/robotnik_common_msgs/include/robotnik_common_msgs/robotnik_common_msgs/msg/detail/response__type_support.hpp
[7.724s] -- Installing: /home/admin/ros2_ws/install/robotnik_common_msgs/include/robotnik_common_msgs/robotnik_common_msgs/msg/detail/response__struct.hpp
[7.724s] -- Installing: /home/admin/ros2_ws/install/robotnik_common_msgs/include/robotnik_common_msgs/robotnik_common_msgs/msg/detail/response__traits.hpp
[7.724s] -- Installing: /home/admin/ros2_ws/install/robotnik_common_msgs/include/robotnik_common_msgs/robotnik_common_msgs/msg/detail/response__builder.hpp
[7.724s] -- Installing: /home/admin/ros2_ws/install/robotnik_common_msgs/include/robotnik_common_msgs/robotnik_common_msgs/msg/response.hpp
[7.724s] -- Up-to-date: /home/admin/ros2_ws/install/robotnik_common_msgs/include/robotnik_common_msgs/robotnik_common_msgs
[7.724s] -- Up-to-date: /home/admin/ros2_ws/install/robotnik_common_msgs/include/robotnik_common_msgs/robotnik_common_msgs/srv
[7.724s] -- Up-to-date: /home/admin/ros2_ws/install/robotnik_common_msgs/include/robotnik_common_msgs/robotnik_common_msgs/srv/detail
[7.724s] -- Installing: /home/admin/ros2_ws/install/robotnik_common_msgs/include/robotnik_common_msgs/robotnik_common_msgs/srv/detail/set_bool__rosidl_typesupport_fastrtps_cpp.hpp
[7.724s] -- Installing: /home/admin/ros2_ws/install/robotnik_common_msgs/include/robotnik_common_msgs/robotnik_common_msgs/srv/detail/set_float32__rosidl_typesupport_fastrtps_cpp.hpp
[7.725s] -- Installing: /home/admin/ros2_ws/install/robotnik_common_msgs/include/robotnik_common_msgs/robotnik_common_msgs/srv/detail/dds_fastrtps
[7.725s] -- Installing: /home/admin/ros2_ws/install/robotnik_common_msgs/include/robotnik_common_msgs/robotnik_common_msgs/srv/detail/set_string__rosidl_typesupport_fastrtps_cpp.hpp
[7.725s] -- Installing: /home/admin/ros2_ws/install/robotnik_common_msgs/include/robotnik_common_msgs/robotnik_common_msgs/srv/detail/set_float64__rosidl_typesupport_fastrtps_cpp.hpp
[7.725s] -- Installing: /home/admin/ros2_ws/install/robotnik_common_msgs/include/robotnik_common_msgs/robotnik_common_msgs/srv/detail/set_int32__rosidl_typesupport_fastrtps_cpp.hpp
[7.725s] -- Up-to-date: /home/admin/ros2_ws/install/robotnik_common_msgs/include/robotnik_common_msgs/robotnik_common_msgs/msg
[7.725s] -- Installing: /home/admin/ros2_ws/install/robotnik_common_msgs/include/robotnik_common_msgs/robotnik_common_msgs/msg/rosidl_typesupport_fastrtps_cpp__visibility_control.h
[7.725s] -- Up-to-date: /home/admin/ros2_ws/install/robotnik_common_msgs/include/robotnik_common_msgs/robotnik_common_msgs/msg/detail
[7.725s] -- Installing: /home/admin/ros2_ws/install/robotnik_common_msgs/include/robotnik_common_msgs/robotnik_common_msgs/msg/detail/response__rosidl_typesupport_fastrtps_cpp.hpp
[7.725s] -- Installing: /home/admin/ros2_ws/install/robotnik_common_msgs/include/robotnik_common_msgs/robotnik_common_msgs/msg/detail/dds_fastrtps
[7.725s] -- Installing: /home/admin/ros2_ws/install/robotnik_common_msgs/lib/librobotnik_common_msgs__rosidl_typesupport_fastrtps_cpp.so
[7.725s] -- Set runtime path of "/home/admin/ros2_ws/install/robotnik_common_msgs/lib/librobotnik_common_msgs__rosidl_typesupport_fastrtps_cpp.so" to ""
[7.725s] -- Up-to-date: /home/admin/ros2_ws/install/robotnik_common_msgs/include/robotnik_common_msgs/robotnik_common_msgs
[7.725s] -- Up-to-date: /home/admin/ros2_ws/install/robotnik_common_msgs/include/robotnik_common_msgs/robotnik_common_msgs/srv
[7.725s] -- Up-to-date: /home/admin/ros2_ws/install/robotnik_common_msgs/include/robotnik_common_msgs/robotnik_common_msgs/srv/detail
[7.725s] -- Installing: /home/admin/ros2_ws/install/robotnik_common_msgs/include/robotnik_common_msgs/robotnik_common_msgs/srv/detail/set_int32__rosidl_typesupport_introspection_c.h
[7.725s] -- Installing: /home/admin/ros2_ws/install/robotnik_common_msgs/include/robotnik_common_msgs/robotnik_common_msgs/srv/detail/set_string__rosidl_typesupport_introspection_c.h
[7.725s] -- Installing: /home/admin/ros2_ws/install/robotnik_common_msgs/include/robotnik_common_msgs/robotnik_common_msgs/srv/detail/set_int32__type_support.c
[7.725s] -- Installing: /home/admin/ros2_ws/install/robotnik_common_msgs/include/robotnik_common_msgs/robotnik_common_msgs/srv/detail/set_float32__type_support.c
[7.725s] -- Installing: /home/admin/ros2_ws/install/robotnik_common_msgs/include/robotnik_common_msgs/robotnik_common_msgs/srv/detail/set_float32__rosidl_typesupport_introspection_c.h
[7.725s] -- Installing: /home/admin/ros2_ws/install/robotnik_common_msgs/include/robotnik_common_msgs/robotnik_common_msgs/srv/detail/set_bool__type_support.c
[7.725s] -- Installing: /home/admin/ros2_ws/install/robotnik_common_msgs/include/robotnik_common_msgs/robotnik_common_msgs/srv/detail/set_string__type_support.c
[7.726s] -- Installing: /home/admin/ros2_ws/install/robotnik_common_msgs/include/robotnik_common_msgs/robotnik_common_msgs/srv/detail/set_bool__rosidl_typesupport_introspection_c.h
[7.726s] -- Installing: /home/admin/ros2_ws/install/robotnik_common_msgs/include/robotnik_common_msgs/robotnik_common_msgs/srv/detail/set_float64__rosidl_typesupport_introspection_c.h
[7.726s] -- Installing: /home/admin/ros2_ws/install/robotnik_common_msgs/include/robotnik_common_msgs/robotnik_common_msgs/srv/detail/set_float64__type_support.c
[7.726s] -- Up-to-date: /home/admin/ros2_ws/install/robotnik_common_msgs/include/robotnik_common_msgs/robotnik_common_msgs/msg
[7.726s] -- Up-to-date: /home/admin/ros2_ws/install/robotnik_common_msgs/include/robotnik_common_msgs/robotnik_common_msgs/msg/detail
[7.726s] -- Installing: /home/admin/ros2_ws/install/robotnik_common_msgs/include/robotnik_common_msgs/robotnik_common_msgs/msg/detail/response__type_support.c
[7.726s] -- Installing: /home/admin/ros2_ws/install/robotnik_common_msgs/include/robotnik_common_msgs/robotnik_common_msgs/msg/detail/response__rosidl_typesupport_introspection_c.h
[7.726s] -- Installing: /home/admin/ros2_ws/install/robotnik_common_msgs/include/robotnik_common_msgs/robotnik_common_msgs/msg/rosidl_typesupport_introspection_c__visibility_control.h
[7.726s] -- Installing: /home/admin/ros2_ws/install/robotnik_common_msgs/lib/librobotnik_common_msgs__rosidl_typesupport_introspection_c.so
[7.726s] -- Set runtime path of "/home/admin/ros2_ws/install/robotnik_common_msgs/lib/librobotnik_common_msgs__rosidl_typesupport_introspection_c.so" to ""
[7.726s] -- Installing: /home/admin/ros2_ws/install/robotnik_common_msgs/lib/librobotnik_common_msgs__rosidl_typesupport_c.so
[7.726s] -- Set runtime path of "/home/admin/ros2_ws/install/robotnik_common_msgs/lib/librobotnik_common_msgs__rosidl_typesupport_c.so" to ""
[7.726s] -- Up-to-date: /home/admin/ros2_ws/install/robotnik_common_msgs/include/robotnik_common_msgs/robotnik_common_msgs
[7.726s] -- Up-to-date: /home/admin/ros2_ws/install/robotnik_common_msgs/include/robotnik_common_msgs/robotnik_common_msgs/srv
[7.727s] -- Up-to-date: /home/admin/ros2_ws/install/robotnik_common_msgs/include/robotnik_common_msgs/robotnik_common_msgs/srv/detail
[7.727s] -- Installing: /home/admin/ros2_ws/install/robotnik_common_msgs/include/robotnik_common_msgs/robotnik_common_msgs/srv/detail/set_string__rosidl_typesupport_introspection_cpp.hpp
[7.727s] -- Installing: /home/admin/ros2_ws/install/robotnik_common_msgs/include/robotnik_common_msgs/robotnik_common_msgs/srv/detail/set_int32__type_support.cpp
[7.727s] -- Installing: /home/admin/ros2_ws/install/robotnik_common_msgs/include/robotnik_common_msgs/robotnik_common_msgs/srv/detail/set_bool__rosidl_typesupport_introspection_cpp.hpp
[7.727s] -- Installing: /home/admin/ros2_ws/install/robotnik_common_msgs/include/robotnik_common_msgs/robotnik_common_msgs/srv/detail/set_float64__rosidl_typesupport_introspection_cpp.hpp
[7.727s] -- Installing: /home/admin/ros2_ws/install/robotnik_common_msgs/include/robotnik_common_msgs/robotnik_common_msgs/srv/detail/set_bool__type_support.cpp
[7.727s] -- Installing: /home/admin/ros2_ws/install/robotnik_common_msgs/include/robotnik_common_msgs/robotnik_common_msgs/srv/detail/set_float64__type_support.cpp
[7.727s] -- Installing: /home/admin/ros2_ws/install/robotnik_common_msgs/include/robotnik_common_msgs/robotnik_common_msgs/srv/detail/set_string__type_support.cpp
[7.727s] -- Installing: /home/admin/ros2_ws/install/robotnik_common_msgs/include/robotnik_common_msgs/robotnik_common_msgs/srv/detail/set_float32__type_support.cpp
[7.727s] -- Installing: /home/admin/ros2_ws/install/robotnik_common_msgs/include/robotnik_common_msgs/robotnik_common_msgs/srv/detail/set_int32__rosidl_typesupport_introspection_cpp.hpp
[7.727s] -- Installing: /home/admin/ros2_ws/install/robotnik_common_msgs/include/robotnik_common_msgs/robotnik_common_msgs/srv/detail/set_float32__rosidl_typesupport_introspection_cpp.hpp
[7.727s] -- Up-to-date: /home/admin/ros2_ws/install/robotnik_common_msgs/include/robotnik_common_msgs/robotnik_common_msgs/msg
[7.727s] -- Up-to-date: /home/admin/ros2_ws/install/robotnik_common_msgs/include/robotnik_common_msgs/robotnik_common_msgs/msg/detail
[7.727s] -- Installing: /home/admin/ros2_ws/install/robotnik_common_msgs/include/robotnik_common_msgs/robotnik_common_msgs/msg/detail/response__type_support.cpp
[7.727s] -- Installing: /home/admin/ros2_ws/install/robotnik_common_msgs/include/robotnik_common_msgs/robotnik_common_msgs/msg/detail/response__rosidl_typesupport_introspection_cpp.hpp
[7.727s] -- Installing: /home/admin/ros2_ws/install/robotnik_common_msgs/lib/librobotnik_common_msgs__rosidl_typesupport_introspection_cpp.so
[7.728s] -- Set runtime path of "/home/admin/ros2_ws/install/robotnik_common_msgs/lib/librobotnik_common_msgs__rosidl_typesupport_introspection_cpp.so" to ""
[7.728s] -- Installing: /home/admin/ros2_ws/install/robotnik_common_msgs/lib/librobotnik_common_msgs__rosidl_typesupport_cpp.so
[7.728s] -- Set runtime path of "/home/admin/ros2_ws/install/robotnik_common_msgs/lib/librobotnik_common_msgs__rosidl_typesupport_cpp.so" to ""
[7.728s] -- Installing: /home/admin/ros2_ws/install/robotnik_common_msgs/share/robotnik_common_msgs/environment/pythonpath.sh
[7.728s] -- Installing: /home/admin/ros2_ws/install/robotnik_common_msgs/share/robotnik_common_msgs/environment/pythonpath.dsv
[7.728s] -- Installing: /home/admin/ros2_ws/install/robotnik_common_msgs/local/lib/python3.10/dist-packages/robotnik_common_msgs-1.0.0-py3.10.egg-info
[7.728s] -- Installing: /home/admin/ros2_ws/install/robotnik_common_msgs/local/lib/python3.10/dist-packages/robotnik_common_msgs-1.0.0-py3.10.egg-info/PKG-INFO
[7.728s] -- Installing: /home/admin/ros2_ws/install/robotnik_common_msgs/local/lib/python3.10/dist-packages/robotnik_common_msgs-1.0.0-py3.10.egg-info/SOURCES.txt
[7.728s] -- Installing: /home/admin/ros2_ws/install/robotnik_common_msgs/local/lib/python3.10/dist-packages/robotnik_common_msgs-1.0.0-py3.10.egg-info/dependency_links.txt
[7.728s] -- Installing: /home/admin/ros2_ws/install/robotnik_common_msgs/local/lib/python3.10/dist-packages/robotnik_common_msgs-1.0.0-py3.10.egg-info/top_level.txt
[7.728s] -- Installing: /home/admin/ros2_ws/install/robotnik_common_msgs/local/lib/python3.10/dist-packages/robotnik_common_msgs
[7.728s] -- Installing: /home/admin/ros2_ws/install/robotnik_common_msgs/local/lib/python3.10/dist-packages/robotnik_common_msgs/_robotnik_common_msgs_s.ep.rosidl_typesupport_fastrtps_c.c
[7.728s] -- Installing: /home/admin/ros2_ws/install/robotnik_common_msgs/local/lib/python3.10/dist-packages/robotnik_common_msgs/librobotnik_common_msgs__rosidl_generator_py.so
[7.729s] -- Installing: /home/admin/ros2_ws/install/robotnik_common_msgs/local/lib/python3.10/dist-packages/robotnik_common_msgs/robotnik_common_msgs_s__rosidl_typesupport_c.cpython-310-x86_64-linux-gnu.so
[7.729s] -- Installing: /home/admin/ros2_ws/install/robotnik_common_msgs/local/lib/python3.10/dist-packages/robotnik_common_msgs/robotnik_common_msgs_s__rosidl_typesupport_introspection_c.cpython-310-x86_64-linux-gnu.so
[7.729s] -- Installing: /home/admin/ros2_ws/install/robotnik_common_msgs/local/lib/python3.10/dist-packages/robotnik_common_msgs/__init__.py
[7.729s] -- Installing: /home/admin/ros2_ws/install/robotnik_common_msgs/local/lib/python3.10/dist-packages/robotnik_common_msgs/robotnik_common_msgs_s__rosidl_typesupport_fastrtps_c.cpython-310-x86_64-linux-gnu.so
[7.729s] -- Installing: /home/admin/ros2_ws/install/robotnik_common_msgs/local/lib/python3.10/dist-packages/robotnik_common_msgs/srv
[7.729s] -- Installing: /home/admin/ros2_ws/install/robotnik_common_msgs/local/lib/python3.10/dist-packages/robotnik_common_msgs/srv/_set_string.py
[7.729s] -- Installing: /home/admin/ros2_ws/install/robotnik_common_msgs/local/lib/python3.10/dist-packages/robotnik_common_msgs/srv/_set_bool.py
[7.729s] -- Installing: /home/admin/ros2_ws/install/robotnik_common_msgs/local/lib/python3.10/dist-packages/robotnik_common_msgs/srv/_set_string_s.c
[7.729s] -- Installing: /home/admin/ros2_ws/install/robotnik_common_msgs/local/lib/python3.10/dist-packages/robotnik_common_msgs/srv/_set_float32_s.c
[7.729s] -- Installing: /home/admin/ros2_ws/install/robotnik_common_msgs/local/lib/python3.10/dist-packages/robotnik_common_msgs/srv/__init__.py
[7.729s] -- Installing: /home/admin/ros2_ws/install/robotnik_common_msgs/local/lib/python3.10/dist-packages/robotnik_common_msgs/srv/_set_float64.py
[7.729s] -- Installing: /home/admin/ros2_ws/install/robotnik_common_msgs/local/lib/python3.10/dist-packages/robotnik_common_msgs/srv/_set_float64_s.c
[7.729s] -- Installing: /home/admin/ros2_ws/install/robotnik_common_msgs/local/lib/python3.10/dist-packages/robotnik_common_msgs/srv/_set_float32.py
[7.729s] -- Installing: /home/admin/ros2_ws/install/robotnik_common_msgs/local/lib/python3.10/dist-packages/robotnik_common_msgs/srv/_set_int32.py
[7.729s] -- Installing: /home/admin/ros2_ws/install/robotnik_common_msgs/local/lib/python3.10/dist-packages/robotnik_common_msgs/srv/_set_int32_s.c
[7.729s] -- Installing: /home/admin/ros2_ws/install/robotnik_common_msgs/local/lib/python3.10/dist-packages/robotnik_common_msgs/srv/_set_bool_s.c
[7.730s] -- Installing: /home/admin/ros2_ws/install/robotnik_common_msgs/local/lib/python3.10/dist-packages/robotnik_common_msgs/msg
[7.730s] -- Installing: /home/admin/ros2_ws/install/robotnik_common_msgs/local/lib/python3.10/dist-packages/robotnik_common_msgs/msg/_response.py
[7.730s] -- Installing: /home/admin/ros2_ws/install/robotnik_common_msgs/local/lib/python3.10/dist-packages/robotnik_common_msgs/msg/__init__.py
[7.730s] -- Installing: /home/admin/ros2_ws/install/robotnik_common_msgs/local/lib/python3.10/dist-packages/robotnik_common_msgs/msg/_response_s.c
[7.730s] -- Installing: /home/admin/ros2_ws/install/robotnik_common_msgs/local/lib/python3.10/dist-packages/robotnik_common_msgs/_robotnik_common_msgs_s.ep.rosidl_typesupport_c.c
[7.730s] -- Installing: /home/admin/ros2_ws/install/robotnik_common_msgs/local/lib/python3.10/dist-packages/robotnik_common_msgs/_robotnik_common_msgs_s.ep.rosidl_typesupport_introspection_c.c
[7.768s] Listing '/home/admin/ros2_ws/install/robotnik_common_msgs/local/lib/python3.10/dist-packages/robotnik_common_msgs'...
[7.768s] Compiling '/home/admin/ros2_ws/install/robotnik_common_msgs/local/lib/python3.10/dist-packages/robotnik_common_msgs/__init__.py'...
[7.768s] Listing '/home/admin/ros2_ws/install/robotnik_common_msgs/local/lib/python3.10/dist-packages/robotnik_common_msgs/msg'...
[7.768s] Compiling '/home/admin/ros2_ws/install/robotnik_common_msgs/local/lib/python3.10/dist-packages/robotnik_common_msgs/msg/__init__.py'...
[7.768s] Compiling '/home/admin/ros2_ws/install/robotnik_common_msgs/local/lib/python3.10/dist-packages/robotnik_common_msgs/msg/_response.py'...
[7.768s] Listing '/home/admin/ros2_ws/install/robotnik_common_msgs/local/lib/python3.10/dist-packages/robotnik_common_msgs/srv'...
[7.768s] Compiling '/home/admin/ros2_ws/install/robotnik_common_msgs/local/lib/python3.10/dist-packages/robotnik_common_msgs/srv/__init__.py'...
[7.768s] Compiling '/home/admin/ros2_ws/install/robotnik_common_msgs/local/lib/python3.10/dist-packages/robotnik_common_msgs/srv/_set_bool.py'...
[7.768s] Compiling '/home/admin/ros2_ws/install/robotnik_common_msgs/local/lib/python3.10/dist-packages/robotnik_common_msgs/srv/_set_float32.py'...
[7.768s] Compiling '/home/admin/ros2_ws/install/robotnik_common_msgs/local/lib/python3.10/dist-packages/robotnik_common_msgs/srv/_set_float64.py'...
[7.768s] Compiling '/home/admin/ros2_ws/install/robotnik_common_msgs/local/lib/python3.10/dist-packages/robotnik_common_msgs/srv/_set_int32.py'...
[7.768s] Compiling '/home/admin/ros2_ws/install/robotnik_common_msgs/local/lib/python3.10/dist-packages/robotnik_common_msgs/srv/_set_string.py'...
[7.772s] -- Installing: /home/admin/ros2_ws/install/robotnik_common_msgs/local/lib/python3.10/dist-packages/robotnik_common_msgs/robotnik_common_msgs_s__rosidl_typesupport_fastrtps_c.cpython-310-x86_64-linux-gnu.so
[7.772s] -- Set runtime path of "/home/admin/ros2_ws/install/robotnik_common_msgs/local/lib/python3.10/dist-packages/robotnik_common_msgs/robotnik_common_msgs_s__rosidl_typesupport_fastrtps_c.cpython-310-x86_64-linux-gnu.so" to ""
[7.772s] -- Installing: /home/admin/ros2_ws/install/robotnik_common_msgs/local/lib/python3.10/dist-packages/robotnik_common_msgs/robotnik_common_msgs_s__rosidl_typesupport_introspection_c.cpython-310-x86_64-linux-gnu.so
[7.772s] -- Set runtime path of "/home/admin/ros2_ws/install/robotnik_common_msgs/local/lib/python3.10/dist-packages/robotnik_common_msgs/robotnik_common_msgs_s__rosidl_typesupport_introspection_c.cpython-310-x86_64-linux-gnu.so" to ""
[7.772s] -- Installing: /home/admin/ros2_ws/install/robotnik_common_msgs/local/lib/python3.10/dist-packages/robotnik_common_msgs/robotnik_common_msgs_s__rosidl_typesupport_c.cpython-310-x86_64-linux-gnu.so
[7.772s] -- Set runtime path of "/home/admin/ros2_ws/install/robotnik_common_msgs/local/lib/python3.10/dist-packages/robotnik_common_msgs/robotnik_common_msgs_s__rosidl_typesupport_c.cpython-310-x86_64-linux-gnu.so" to ""
[7.773s] -- Installing: /home/admin/ros2_ws/install/robotnik_common_msgs/lib/librobotnik_common_msgs__rosidl_generator_py.so
[7.773s] -- Set runtime path of "/home/admin/ros2_ws/install/robotnik_common_msgs/lib/librobotnik_common_msgs__rosidl_generator_py.so" to ""
[7.773s] -- Installing: /home/admin/ros2_ws/install/robotnik_common_msgs/share/robotnik_common_msgs/msg/Response.idl
[7.773s] -- Installing: /home/admin/ros2_ws/install/robotnik_common_msgs/share/robotnik_common_msgs/srv/SetBool.idl
[7.773s] -- Installing: /home/admin/ros2_ws/install/robotnik_common_msgs/share/robotnik_common_msgs/srv/SetFloat32.idl
[7.773s] -- Installing: /home/admin/ros2_ws/install/robotnik_common_msgs/share/robotnik_common_msgs/srv/SetFloat64.idl
[7.773s] -- Installing: /home/admin/ros2_ws/install/robotnik_common_msgs/share/robotnik_common_msgs/srv/SetInt32.idl
[7.773s] -- Installing: /home/admin/ros2_ws/install/robotnik_common_msgs/share/robotnik_common_msgs/srv/SetString.idl
[7.773s] -- Installing: /home/admin/ros2_ws/install/robotnik_common_msgs/share/robotnik_common_msgs/msg/Response.msg
[7.773s] -- Installing: /home/admin/ros2_ws/install/robotnik_common_msgs/share/robotnik_common_msgs/srv/SetBool.srv
[7.773s] -- Installing: /home/admin/ros2_ws/install/robotnik_common_msgs/share/robotnik_common_msgs/srv/SetBool_Request.msg
[7.773s] -- Installing: /home/admin/ros2_ws/install/robotnik_common_msgs/share/robotnik_common_msgs/srv/SetBool_Response.msg
[7.773s] -- Installing: /home/admin/ros2_ws/install/robotnik_common_msgs/share/robotnik_common_msgs/srv/SetFloat32.srv
[7.773s] -- Installing: /home/admin/ros2_ws/install/robotnik_common_msgs/share/robotnik_common_msgs/srv/SetFloat32_Request.msg
[7.773s] -- Installing: /home/admin/ros2_ws/install/robotnik_common_msgs/share/robotnik_common_msgs/srv/SetFloat32_Response.msg
[7.774s] -- Installing: /home/admin/ros2_ws/install/robotnik_common_msgs/share/robotnik_common_msgs/srv/SetFloat64.srv
[7.774s] -- Installing: /home/admin/ros2_ws/install/robotnik_common_msgs/share/robotnik_common_msgs/srv/SetFloat64_Request.msg
[7.774s] -- Installing: /home/admin/ros2_ws/install/robotnik_common_msgs/share/robotnik_common_msgs/srv/SetFloat64_Response.msg
[7.774s] -- Installing: /home/admin/ros2_ws/install/robotnik_common_msgs/share/robotnik_common_msgs/srv/SetInt32.srv
[7.774s] -- Installing: /home/admin/ros2_ws/install/robotnik_common_msgs/share/robotnik_common_msgs/srv/SetInt32_Request.msg
[7.774s] -- Installing: /home/admin/ros2_ws/install/robotnik_common_msgs/share/robotnik_common_msgs/srv/SetInt32_Response.msg
[7.774s] -- Installing: /home/admin/ros2_ws/install/robotnik_common_msgs/share/robotnik_common_msgs/srv/SetString.srv
[7.774s] -- Installing: /home/admin/ros2_ws/install/robotnik_common_msgs/share/robotnik_common_msgs/srv/SetString_Request.msg
[7.774s] -- Installing: /home/admin/ros2_ws/install/robotnik_common_msgs/share/robotnik_common_msgs/srv/SetString_Response.msg
[7.774s] -- Installing: /home/admin/ros2_ws/install/robotnik_common_msgs/share/ament_index/resource_index/package_run_dependencies/robotnik_common_msgs
[7.774s] -- Installing: /home/admin/ros2_ws/install/robotnik_common_msgs/share/ament_index/resource_index/parent_prefix_path/robotnik_common_msgs
[7.774s] -- Installing: /home/admin/ros2_ws/install/robotnik_common_msgs/share/robotnik_common_msgs/environment/ament_prefix_path.sh
[7.774s] -- Installing: /home/admin/ros2_ws/install/robotnik_common_msgs/share/robotnik_common_msgs/environment/ament_prefix_path.dsv
[7.774s] -- Installing: /home/admin/ros2_ws/install/robotnik_common_msgs/share/robotnik_common_msgs/environment/path.sh
[7.774s] -- Installing: /home/admin/ros2_ws/install/robotnik_common_msgs/share/robotnik_common_msgs/environment/path.dsv
[7.774s] -- Installing: /home/admin/ros2_ws/install/robotnik_common_msgs/share/robotnik_common_msgs/local_setup.bash
[7.775s] -- Installing: /home/admin/ros2_ws/install/robotnik_common_msgs/share/robotnik_common_msgs/local_setup.sh
[7.775s] -- Installing: /home/admin/ros2_ws/install/robotnik_common_msgs/share/robotnik_common_msgs/local_setup.zsh
[7.775s] -- Installing: /home/admin/ros2_ws/install/robotnik_common_msgs/share/robotnik_common_msgs/local_setup.dsv
[7.775s] -- Installing: /home/admin/ros2_ws/install/robotnik_common_msgs/share/robotnik_common_msgs/package.dsv
[7.775s] -- Installing: /home/admin/ros2_ws/install/robotnik_common_msgs/share/ament_index/resource_index/packages/robotnik_common_msgs
[7.775s] -- Installing: /home/admin/ros2_ws/install/robotnik_common_msgs/share/robotnik_common_msgs/cmake/export_robotnik_common_msgs__rosidl_generator_cExport.cmake
[7.775s] -- Installing: /home/admin/ros2_ws/install/robotnik_common_msgs/share/robotnik_common_msgs/cmake/export_robotnik_common_msgs__rosidl_generator_cExport-noconfig.cmake
[7.775s] -- Installing: /home/admin/ros2_ws/install/robotnik_common_msgs/share/robotnik_common_msgs/cmake/export_robotnik_common_msgs__rosidl_typesupport_fastrtps_cExport.cmake
[7.775s] -- Installing: /home/admin/ros2_ws/install/robotnik_common_msgs/share/robotnik_common_msgs/cmake/export_robotnik_common_msgs__rosidl_typesupport_fastrtps_cExport-noconfig.cmake
[7.775s] -- Installing: /home/admin/ros2_ws/install/robotnik_common_msgs/share/robotnik_common_msgs/cmake/export_robotnik_common_msgs__rosidl_generator_cppExport.cmake
[7.775s] -- Installing: /home/admin/ros2_ws/install/robotnik_common_msgs/share/robotnik_common_msgs/cmake/export_robotnik_common_msgs__rosidl_typesupport_fastrtps_cppExport.cmake
[7.775s] -- Installing: /home/admin/ros2_ws/install/robotnik_common_msgs/share/robotnik_common_msgs/cmake/export_robotnik_common_msgs__rosidl_typesupport_fastrtps_cppExport-noconfig.cmake
[7.775s] -- Installing: /home/admin/ros2_ws/install/robotnik_common_msgs/share/robotnik_common_msgs/cmake/robotnik_common_msgs__rosidl_typesupport_introspection_cExport.cmake
[7.775s] -- Installing: /home/admin/ros2_ws/install/robotnik_common_msgs/share/robotnik_common_msgs/cmake/robotnik_common_msgs__rosidl_typesupport_introspection_cExport-noconfig.cmake
[7.776s] -- Installing: /home/admin/ros2_ws/install/robotnik_common_msgs/share/robotnik_common_msgs/cmake/robotnik_common_msgs__rosidl_typesupport_cExport.cmake
[7.776s] -- Installing: /home/admin/ros2_ws/install/robotnik_common_msgs/share/robotnik_common_msgs/cmake/robotnik_common_msgs__rosidl_typesupport_cExport-noconfig.cmake
[7.776s] -- Installing: /home/admin/ros2_ws/install/robotnik_common_msgs/share/robotnik_common_msgs/cmake/robotnik_common_msgs__rosidl_typesupport_introspection_cppExport.cmake
[7.776s] -- Installing: /home/admin/ros2_ws/install/robotnik_common_msgs/share/robotnik_common_msgs/cmake/robotnik_common_msgs__rosidl_typesupport_introspection_cppExport-noconfig.cmake
[7.776s] -- Installing: /home/admin/ros2_ws/install/robotnik_common_msgs/share/robotnik_common_msgs/cmake/robotnik_common_msgs__rosidl_typesupport_cppExport.cmake
[7.776s] -- Installing: /home/admin/ros2_ws/install/robotnik_common_msgs/share/robotnik_common_msgs/cmake/robotnik_common_msgs__rosidl_typesupport_cppExport-noconfig.cmake
[7.776s] -- Installing: /home/admin/ros2_ws/install/robotnik_common_msgs/share/robotnik_common_msgs/cmake/export_robotnik_common_msgs__rosidl_generator_pyExport.cmake
[7.776s] -- Installing: /home/admin/ros2_ws/install/robotnik_common_msgs/share/robotnik_common_msgs/cmake/export_robotnik_common_msgs__rosidl_generator_pyExport-noconfig.cmake
[7.776s] -- Installing: /home/admin/ros2_ws/install/robotnik_common_msgs/share/robotnik_common_msgs/cmake/rosidl_cmake-extras.cmake
[7.776s] -- Installing: /home/admin/ros2_ws/install/robotnik_common_msgs/share/robotnik_common_msgs/cmake/ament_cmake_export_dependencies-extras.cmake
[7.776s] -- Installing: /home/admin/ros2_ws/install/robotnik_common_msgs/share/robotnik_common_msgs/cmake/ament_cmake_export_include_directories-extras.cmake
[7.776s] -- Installing: /home/admin/ros2_ws/install/robotnik_common_msgs/share/robotnik_common_msgs/cmake/ament_cmake_export_libraries-extras.cmake
[7.776s] -- Installing: /home/admin/ros2_ws/install/robotnik_common_msgs/share/robotnik_common_msgs/cmake/ament_cmake_export_targets-extras.cmake
[7.776s] -- Installing: /home/admin/ros2_ws/install/robotnik_common_msgs/share/robotnik_common_msgs/cmake/rosidl_cmake_export_typesupport_targets-extras.cmake
[7.776s] -- Installing: /home/admin/ros2_ws/install/robotnik_common_msgs/share/robotnik_common_msgs/cmake/rosidl_cmake_export_typesupport_libraries-extras.cmake
[7.776s] -- Installing: /home/admin/ros2_ws/install/robotnik_common_msgs/share/robotnik_common_msgs/cmake/robotnik_common_msgsConfig.cmake
[7.777s] -- Installing: /home/admin/ros2_ws/install/robotnik_common_msgs/share/robotnik_common_msgs/cmake/robotnik_common_msgsConfig-version.cmake
[7.777s] -- Installing: /home/admin/ros2_ws/install/robotnik_common_msgs/share/robotnik_common_msgs/package.xml
[7.778s] Invoked command in '/home/admin/ros2_ws/build/robotnik_common_msgs' returned '0': CMAKE_PREFIX_PATH=${CMAKE_PREFIX_PATH}:/home/admin/ros2_ws/install/custom_gz:/opt/ros/humble /usr/bin/cmake --install /home/admin/ros2_ws/build/robotnik_common_msgs
