-- Found ament_cmake_core: 1.3.11 (/opt/ros/humble/share/ament_cmake_core/cmake)
-- Found Python3: /usr/bin/python3 (found version "3.10.12") found components: Interpreter 
-- Found ament_cmake_python: 1.3.11 (/opt/ros/humble/share/ament_cmake_python/cmake)
-- Configuring done
-- Generating done
-- Build files have been written to: /home/admin/ros2_ws/build/robotnik_common
Built target ament_cmake_python_copy_robotnik_common
running egg_info
creating robotnik_common.egg-info
writing robotnik_common.egg-info/PKG-INFO
writing dependency_links to robotnik_common.egg-info/dependency_links.txt
writing top-level names to robotnik_common.egg-info/top_level.txt
writing manifest file 'robotnik_common.egg-info/SOURCES.txt'
reading manifest file 'robotnik_common.egg-info/SOURCES.txt'
writing manifest file 'robotnik_common.egg-info/SOURCES.txt'
Built target ament_cmake_python_build_robotnik_common_egg
-- Install configuration: ""
-- Installing: /home/admin/ros2_ws/install/robotnik_common/share/robotnik_common/environment/pythonpath.sh
-- Installing: /home/admin/ros2_ws/install/robotnik_common/share/robotnik_common/environment/pythonpath.dsv
-- Installing: /home/admin/ros2_ws/install/robotnik_common/local/lib/python3.10/dist-packages/robotnik_common-1.1.0-py3.10.egg-info
-- Installing: /home/admin/ros2_ws/install/robotnik_common/local/lib/python3.10/dist-packages/robotnik_common-1.1.0-py3.10.egg-info/PKG-INFO
-- Installing: /home/admin/ros2_ws/install/robotnik_common/local/lib/python3.10/dist-packages/robotnik_common-1.1.0-py3.10.egg-info/SOURCES.txt
-- Installing: /home/admin/ros2_ws/install/robotnik_common/local/lib/python3.10/dist-packages/robotnik_common-1.1.0-py3.10.egg-info/dependency_links.txt
-- Installing: /home/admin/ros2_ws/install/robotnik_common/local/lib/python3.10/dist-packages/robotnik_common-1.1.0-py3.10.egg-info/top_level.txt
-- Installing: /home/admin/ros2_ws/install/robotnik_common/local/lib/python3.10/dist-packages/robotnik_common
-- Installing: /home/admin/ros2_ws/install/robotnik_common/local/lib/python3.10/dist-packages/robotnik_common/__init__.py
-- Installing: /home/admin/ros2_ws/install/robotnik_common/local/lib/python3.10/dist-packages/robotnik_common/launch
-- Installing: /home/admin/ros2_ws/install/robotnik_common/local/lib/python3.10/dist-packages/robotnik_common/launch/rewritten_yaml.py
-- Installing: /home/admin/ros2_ws/install/robotnik_common/local/lib/python3.10/dist-packages/robotnik_common/launch/__init__.py
-- Installing: /home/admin/ros2_ws/install/robotnik_common/local/lib/python3.10/dist-packages/robotnik_common/launch/add_launch_args.py
Listing '/home/admin/ros2_ws/install/robotnik_common/local/lib/python3.10/dist-packages/robotnik_common'...
Compiling '/home/admin/ros2_ws/install/robotnik_common/local/lib/python3.10/dist-packages/robotnik_common/__init__.py'...
Listing '/home/admin/ros2_ws/install/robotnik_common/local/lib/python3.10/dist-packages/robotnik_common/launch'...
Compiling '/home/admin/ros2_ws/install/robotnik_common/local/lib/python3.10/dist-packages/robotnik_common/launch/__init__.py'...
Compiling '/home/admin/ros2_ws/install/robotnik_common/local/lib/python3.10/dist-packages/robotnik_common/launch/add_launch_args.py'...
Compiling '/home/admin/ros2_ws/install/robotnik_common/local/lib/python3.10/dist-packages/robotnik_common/launch/rewritten_yaml.py'...
-- Installing: /home/admin/ros2_ws/install/robotnik_common/share/ament_index/resource_index/package_run_dependencies/robotnik_common
-- Installing: /home/admin/ros2_ws/install/robotnik_common/share/ament_index/resource_index/parent_prefix_path/robotnik_common
-- Installing: /home/admin/ros2_ws/install/robotnik_common/share/robotnik_common/environment/ament_prefix_path.sh
-- Installing: /home/admin/ros2_ws/install/robotnik_common/share/robotnik_common/environment/ament_prefix_path.dsv
-- Installing: /home/admin/ros2_ws/install/robotnik_common/share/robotnik_common/environment/path.sh
-- Installing: /home/admin/ros2_ws/install/robotnik_common/share/robotnik_common/environment/path.dsv
-- Installing: /home/admin/ros2_ws/install/robotnik_common/share/robotnik_common/local_setup.bash
-- Installing: /home/admin/ros2_ws/install/robotnik_common/share/robotnik_common/local_setup.sh
-- Installing: /home/admin/ros2_ws/install/robotnik_common/share/robotnik_common/local_setup.zsh
-- Installing: /home/admin/ros2_ws/install/robotnik_common/share/robotnik_common/local_setup.dsv
-- Installing: /home/admin/ros2_ws/install/robotnik_common/share/robotnik_common/package.dsv
-- Installing: /home/admin/ros2_ws/install/robotnik_common/share/ament_index/resource_index/packages/robotnik_common
-- Installing: /home/admin/ros2_ws/install/robotnik_common/share/robotnik_common/cmake/robotnik_commonConfig.cmake
-- Installing: /home/admin/ros2_ws/install/robotnik_common/share/robotnik_common/cmake/robotnik_commonConfig-version.cmake
-- Installing: /home/admin/ros2_ws/install/robotnik_common/share/robotnik_common/package.xml
