[0.019s] Invoking command in '/home/admin/ros2_ws/build/robotnik_common': CMAKE_PREFIX_PATH=${CMAKE_PREFIX_PATH}:/home/admin/ros2_ws/install/robotnik_safety_msgs:/home/admin/ros2_ws/install/rbvogui_cartographer:/opt/ros/humble /usr/bin/cmake /home/admin/ros2_ws/src/robotnik_common/robotnik_common -DCMAKE_INSTALL_PREFIX=/home/admin/ros2_ws/install/robotnik_common
[0.449s] -- Found ament_cmake_core: 1.3.11 (/opt/ros/humble/share/ament_cmake_core/cmake)
[0.449s] -- Found Python3: /usr/bin/python3 (found version "3.10.12") found components: Interpreter 
[0.449s] -- Found ament_cmake_python: 1.3.11 (/opt/ros/humble/share/ament_cmake_python/cmake)
[0.449s] -- Configuring done
[0.449s] -- Generating done
[0.449s] -- Build files have been written to: /home/admin/ros2_ws/build/robotnik_common
[0.453s] Invoked command in '/home/admin/ros2_ws/build/robotnik_common' returned '0': CMAKE_PREFIX_PATH=${CMAKE_PREFIX_PATH}:/home/admin/ros2_ws/install/robotnik_safety_msgs:/home/admin/ros2_ws/install/rbvogui_cartographer:/opt/ros/humble /usr/bin/cmake /home/admin/ros2_ws/src/robotnik_common/robotnik_common -DCMAKE_INSTALL_PREFIX=/home/admin/ros2_ws/install/robotnik_common
[0.455s] Invoking command in '/home/admin/ros2_ws/build/robotnik_common': CMAKE_PREFIX_PATH=${CMAKE_PREFIX_PATH}:/home/admin/ros2_ws/install/robotnik_safety_msgs:/home/admin/ros2_ws/install/rbvogui_cartographer:/opt/ros/humble /usr/bin/cmake --build /home/admin/ros2_ws/build/robotnik_common -- -j20 -l20
[0.497s] Built target ament_cmake_python_copy_robotnik_common
[0.683s] running egg_info
[0.683s] creating robotnik_common.egg-info
[0.683s] writing robotnik_common.egg-info/PKG-INFO
[0.683s] writing dependency_links to robotnik_common.egg-info/dependency_links.txt
[0.683s] writing top-level names to robotnik_common.egg-info/top_level.txt
[0.684s] writing manifest file 'robotnik_common.egg-info/SOURCES.txt'
[0.686s] reading manifest file 'robotnik_common.egg-info/SOURCES.txt'
[0.686s] writing manifest file 'robotnik_common.egg-info/SOURCES.txt'
[0.718s] Built target ament_cmake_python_build_robotnik_common_egg
[0.731s] Invoked command in '/home/admin/ros2_ws/build/robotnik_common' returned '0': CMAKE_PREFIX_PATH=${CMAKE_PREFIX_PATH}:/home/admin/ros2_ws/install/robotnik_safety_msgs:/home/admin/ros2_ws/install/rbvogui_cartographer:/opt/ros/humble /usr/bin/cmake --build /home/admin/ros2_ws/build/robotnik_common -- -j20 -l20
[0.742s] Invoking command in '/home/admin/ros2_ws/build/robotnik_common': CMAKE_PREFIX_PATH=${CMAKE_PREFIX_PATH}:/home/admin/ros2_ws/install/robotnik_safety_msgs:/home/admin/ros2_ws/install/rbvogui_cartographer:/opt/ros/humble /usr/bin/cmake --install /home/admin/ros2_ws/build/robotnik_common
[0.748s] -- Install configuration: ""
[0.748s] -- Installing: /home/admin/ros2_ws/install/robotnik_common/share/robotnik_common/environment/pythonpath.sh
[0.748s] -- Installing: /home/admin/ros2_ws/install/robotnik_common/share/robotnik_common/environment/pythonpath.dsv
[0.748s] -- Installing: /home/admin/ros2_ws/install/robotnik_common/local/lib/python3.10/dist-packages/robotnik_common-1.1.0-py3.10.egg-info
[0.748s] -- Installing: /home/admin/ros2_ws/install/robotnik_common/local/lib/python3.10/dist-packages/robotnik_common-1.1.0-py3.10.egg-info/PKG-INFO
[0.748s] -- Installing: /home/admin/ros2_ws/install/robotnik_common/local/lib/python3.10/dist-packages/robotnik_common-1.1.0-py3.10.egg-info/SOURCES.txt
[0.749s] -- Installing: /home/admin/ros2_ws/install/robotnik_common/local/lib/python3.10/dist-packages/robotnik_common-1.1.0-py3.10.egg-info/dependency_links.txt
[0.749s] -- Installing: /home/admin/ros2_ws/install/robotnik_common/local/lib/python3.10/dist-packages/robotnik_common-1.1.0-py3.10.egg-info/top_level.txt
[0.749s] -- Installing: /home/admin/ros2_ws/install/robotnik_common/local/lib/python3.10/dist-packages/robotnik_common
[0.749s] -- Installing: /home/admin/ros2_ws/install/robotnik_common/local/lib/python3.10/dist-packages/robotnik_common/__init__.py
[0.749s] -- Installing: /home/admin/ros2_ws/install/robotnik_common/local/lib/python3.10/dist-packages/robotnik_common/launch
[0.749s] -- Installing: /home/admin/ros2_ws/install/robotnik_common/local/lib/python3.10/dist-packages/robotnik_common/launch/rewritten_yaml.py
[0.749s] -- Installing: /home/admin/ros2_ws/install/robotnik_common/local/lib/python3.10/dist-packages/robotnik_common/launch/__init__.py
[0.749s] -- Installing: /home/admin/ros2_ws/install/robotnik_common/local/lib/python3.10/dist-packages/robotnik_common/launch/add_launch_args.py
[0.776s] Listing '/home/admin/ros2_ws/install/robotnik_common/local/lib/python3.10/dist-packages/robotnik_common'...
[0.776s] Compiling '/home/admin/ros2_ws/install/robotnik_common/local/lib/python3.10/dist-packages/robotnik_common/__init__.py'...
[0.776s] Listing '/home/admin/ros2_ws/install/robotnik_common/local/lib/python3.10/dist-packages/robotnik_common/launch'...
[0.776s] Compiling '/home/admin/ros2_ws/install/robotnik_common/local/lib/python3.10/dist-packages/robotnik_common/launch/__init__.py'...
[0.776s] Compiling '/home/admin/ros2_ws/install/robotnik_common/local/lib/python3.10/dist-packages/robotnik_common/launch/add_launch_args.py'...
[0.776s] Compiling '/home/admin/ros2_ws/install/robotnik_common/local/lib/python3.10/dist-packages/robotnik_common/launch/rewritten_yaml.py'...
[0.783s] -- Installing: /home/admin/ros2_ws/install/robotnik_common/share/ament_index/resource_index/package_run_dependencies/robotnik_common
[0.783s] -- Installing: /home/admin/ros2_ws/install/robotnik_common/share/ament_index/resource_index/parent_prefix_path/robotnik_common
[0.783s] -- Installing: /home/admin/ros2_ws/install/robotnik_common/share/robotnik_common/environment/ament_prefix_path.sh
[0.783s] -- Installing: /home/admin/ros2_ws/install/robotnik_common/share/robotnik_common/environment/ament_prefix_path.dsv
[0.783s] -- Installing: /home/admin/ros2_ws/install/robotnik_common/share/robotnik_common/environment/path.sh
[0.783s] -- Installing: /home/admin/ros2_ws/install/robotnik_common/share/robotnik_common/environment/path.dsv
[0.784s] -- Installing: /home/admin/ros2_ws/install/robotnik_common/share/robotnik_common/local_setup.bash
[0.784s] -- Installing: /home/admin/ros2_ws/install/robotnik_common/share/robotnik_common/local_setup.sh
[0.784s] -- Installing: /home/admin/ros2_ws/install/robotnik_common/share/robotnik_common/local_setup.zsh
[0.784s] -- Installing: /home/admin/ros2_ws/install/robotnik_common/share/robotnik_common/local_setup.dsv
[0.784s] -- Installing: /home/admin/ros2_ws/install/robotnik_common/share/robotnik_common/package.dsv
[0.785s] -- Installing: /home/admin/ros2_ws/install/robotnik_common/share/ament_index/resource_index/packages/robotnik_common
[0.785s] -- Installing: /home/admin/ros2_ws/install/robotnik_common/share/robotnik_common/cmake/robotnik_commonConfig.cmake
[0.785s] -- Installing: /home/admin/ros2_ws/install/robotnik_common/share/robotnik_common/cmake/robotnik_commonConfig-version.cmake
[0.785s] -- Installing: /home/admin/ros2_ws/install/robotnik_common/share/robotnik_common/package.xml
[0.788s] Invoked command in '/home/admin/ros2_ws/build/robotnik_common' returned '0': CMAKE_PREFIX_PATH=${CMAKE_PREFIX_PATH}:/home/admin/ros2_ws/install/robotnik_safety_msgs:/home/admin/ros2_ws/install/rbvogui_cartographer:/opt/ros/humble /usr/bin/cmake --install /home/admin/ros2_ws/build/robotnik_common
