-- The C compiler identification is GNU 11.4.0
-- The CXX compiler identification is GNU 11.4.0
-- Detecting C compiler ABI info
-- Detecting C compiler ABI info - done
-- Check for working C compiler: /usr/bin/cc - skipped
-- Detecting C compile features
-- Detecting C compile features - done
-- Detecting CXX compiler ABI info
-- Detecting CXX compiler ABI info - done
-- Check for working CXX compiler: /usr/bin/c++ - skipped
-- Detecting CXX compile features
-- Detecting CXX compile features - done
-- Found ament_cmake: 1.3.11 (/opt/ros/humble/share/ament_cmake/cmake)
-- Found Python3: /usr/bin/python3 (found version "3.10.12") found components: Interpreter 
-- Found builtin_interfaces: 1.2.1 (/opt/ros/humble/share/builtin_interfaces/cmake)
-- Found rosidl_generator_c: 3.1.6 (/opt/ros/humble/share/rosidl_generator_c/cmake)
-- Found rosidl_adapter: 3.1.6 (/opt/ros/humble/share/rosidl_adapter/cmake)
-- Found rosidl_generator_cpp: 3.1.6 (/opt/ros/humble/share/rosidl_generator_cpp/cmake)
-- Using all available rosidl_typesupport_c: rosidl_typesupport_fastrtps_c;rosidl_typesupport_introspection_c
-- Using all available rosidl_typesupport_cpp: rosidl_typesupport_fastrtps_cpp;rosidl_typesupport_introspection_cpp
-- Found rosidl_default_generators: 1.2.0 (/opt/ros/humble/share/rosidl_default_generators/cmake)
-- Found ament_lint_auto: 0.12.12 (/opt/ros/humble/share/ament_lint_auto/cmake)
-- Added test 'copyright' to check source files copyright and LICENSE
-- Added test 'lint_cmake' to check CMake code style
-- Added test 'xmllint' to check XML markup files
-- Configuring done
-- Generating done
-- Build files have been written to: /home/admin/ros2_ws/build/robotnik_safety_msgs
-- Install configuration: ""
-- Installing: /home/admin/ros2_ws/install/robotnik_safety_msgs/share/ament_index/resource_index/package_run_dependencies/robotnik_safety_msgs
-- Installing: /home/admin/ros2_ws/install/robotnik_safety_msgs/share/ament_index/resource_index/parent_prefix_path/robotnik_safety_msgs
-- Installing: /home/admin/ros2_ws/install/robotnik_safety_msgs/share/robotnik_safety_msgs/environment/ament_prefix_path.sh
-- Installing: /home/admin/ros2_ws/install/robotnik_safety_msgs/share/robotnik_safety_msgs/environment/ament_prefix_path.dsv
-- Installing: /home/admin/ros2_ws/install/robotnik_safety_msgs/share/robotnik_safety_msgs/environment/path.sh
-- Installing: /home/admin/ros2_ws/install/robotnik_safety_msgs/share/robotnik_safety_msgs/environment/path.dsv
-- Installing: /home/admin/ros2_ws/install/robotnik_safety_msgs/share/robotnik_safety_msgs/local_setup.bash
-- Installing: /home/admin/ros2_ws/install/robotnik_safety_msgs/share/robotnik_safety_msgs/local_setup.sh
-- Installing: /home/admin/ros2_ws/install/robotnik_safety_msgs/share/robotnik_safety_msgs/local_setup.zsh
-- Installing: /home/admin/ros2_ws/install/robotnik_safety_msgs/share/robotnik_safety_msgs/local_setup.dsv
-- Installing: /home/admin/ros2_ws/install/robotnik_safety_msgs/share/robotnik_safety_msgs/package.dsv
-- Installing: /home/admin/ros2_ws/install/robotnik_safety_msgs/share/ament_index/resource_index/packages/robotnik_safety_msgs
-- Installing: /home/admin/ros2_ws/install/robotnik_safety_msgs/share/robotnik_safety_msgs/cmake/ament_cmake_export_dependencies-extras.cmake
-- Installing: /home/admin/ros2_ws/install/robotnik_safety_msgs/share/robotnik_safety_msgs/cmake/robotnik_safety_msgsConfig.cmake
-- Installing: /home/admin/ros2_ws/install/robotnik_safety_msgs/share/robotnik_safety_msgs/cmake/robotnik_safety_msgsConfig-version.cmake
-- Installing: /home/admin/ros2_ws/install/robotnik_safety_msgs/share/robotnik_safety_msgs/package.xml
