[0.019s] Invoking command in '/home/admin/ros2_ws/build/robotnik_safety_msgs': CMAKE_PREFIX_PATH=${CMAKE_PREFIX_PATH}:/home/admin/ros2_ws/install/robotnik_safety_msgs:/home/admin/ros2_ws/install/rbvogui_cartographer:/opt/ros/humble /usr/bin/cmake /home/admin/ros2_ws/src/robotnik_interfaces/robotnik_safety_msgs -DCMAKE_INSTALL_PREFIX=/home/admin/ros2_ws/install/robotnik_safety_msgs
[0.445s] -- The C compiler identification is GNU 11.4.0
[0.445s] -- The CXX compiler identification is GNU 11.4.0
[0.445s] -- Detecting C compiler ABI info
[0.446s] -- Detecting C compiler ABI info - done
[0.446s] -- Check for working C compiler: /usr/bin/cc - skipped
[0.446s] -- Detecting C compile features
[0.446s] -- Detecting C compile features - done
[0.446s] -- Detecting CXX compiler ABI info
[0.446s] -- Detecting CXX compiler ABI info - done
[0.446s] -- Check for working CXX compiler: /usr/bin/c++ - skipped
[0.446s] -- Detecting CXX compile features
[0.446s] -- Detecting CXX compile features - done
[0.446s] -- Found ament_cmake: 1.3.11 (/opt/ros/humble/share/ament_cmake/cmake)
[0.446s] -- Found Python3: /usr/bin/python3 (found version "3.10.12") found components: Interpreter 
[0.460s] -- Found builtin_interfaces: 1.2.1 (/opt/ros/humble/share/builtin_interfaces/cmake)
[0.502s] -- Found rosidl_generator_c: 3.1.6 (/opt/ros/humble/share/rosidl_generator_c/cmake)
[0.508s] -- Found rosidl_adapter: 3.1.6 (/opt/ros/humble/share/rosidl_adapter/cmake)
[0.519s] -- Found rosidl_generator_cpp: 3.1.6 (/opt/ros/humble/share/rosidl_generator_cpp/cmake)
[0.535s] -- Using all available rosidl_typesupport_c: rosidl_typesupport_fastrtps_c;rosidl_typesupport_introspection_c
[0.555s] -- Using all available rosidl_typesupport_cpp: rosidl_typesupport_fastrtps_cpp;rosidl_typesupport_introspection_cpp
[0.573s] -- Found rosidl_default_generators: 1.2.0 (/opt/ros/humble/share/rosidl_default_generators/cmake)
[0.586s] -- Found ament_lint_auto: 0.12.12 (/opt/ros/humble/share/ament_lint_auto/cmake)
[0.683s] -- Added test 'copyright' to check source files copyright and LICENSE
[0.686s] -- Added test 'lint_cmake' to check CMake code style
[0.688s] -- Added test 'xmllint' to check XML markup files
[0.689s] -- Configuring done
[0.692s] -- Generating done
[0.693s] -- Build files have been written to: /home/admin/ros2_ws/build/robotnik_safety_msgs
[0.701s] Invoked command in '/home/admin/ros2_ws/build/robotnik_safety_msgs' returned '0': CMAKE_PREFIX_PATH=${CMAKE_PREFIX_PATH}:/home/admin/ros2_ws/install/robotnik_safety_msgs:/home/admin/ros2_ws/install/rbvogui_cartographer:/opt/ros/humble /usr/bin/cmake /home/admin/ros2_ws/src/robotnik_interfaces/robotnik_safety_msgs -DCMAKE_INSTALL_PREFIX=/home/admin/ros2_ws/install/robotnik_safety_msgs
[0.703s] Invoking command in '/home/admin/ros2_ws/build/robotnik_safety_msgs': CMAKE_PREFIX_PATH=${CMAKE_PREFIX_PATH}:/home/admin/ros2_ws/install/robotnik_safety_msgs:/home/admin/ros2_ws/install/rbvogui_cartographer:/opt/ros/humble /usr/bin/cmake --build /home/admin/ros2_ws/build/robotnik_safety_msgs -- -j20 -l20
[0.739s] Invoked command in '/home/admin/ros2_ws/build/robotnik_safety_msgs' returned '0': CMAKE_PREFIX_PATH=${CMAKE_PREFIX_PATH}:/home/admin/ros2_ws/install/robotnik_safety_msgs:/home/admin/ros2_ws/install/rbvogui_cartographer:/opt/ros/humble /usr/bin/cmake --build /home/admin/ros2_ws/build/robotnik_safety_msgs -- -j20 -l20
[0.740s] Invoking command in '/home/admin/ros2_ws/build/robotnik_safety_msgs': CMAKE_PREFIX_PATH=${CMAKE_PREFIX_PATH}:/home/admin/ros2_ws/install/robotnik_safety_msgs:/home/admin/ros2_ws/install/rbvogui_cartographer:/opt/ros/humble /usr/bin/cmake --install /home/admin/ros2_ws/build/robotnik_safety_msgs
[0.748s] -- Install configuration: ""
[0.748s] -- Installing: /home/admin/ros2_ws/install/robotnik_safety_msgs/share/ament_index/resource_index/package_run_dependencies/robotnik_safety_msgs
[0.748s] -- Installing: /home/admin/ros2_ws/install/robotnik_safety_msgs/share/ament_index/resource_index/parent_prefix_path/robotnik_safety_msgs
[0.749s] -- Installing: /home/admin/ros2_ws/install/robotnik_safety_msgs/share/robotnik_safety_msgs/environment/ament_prefix_path.sh
[0.749s] -- Installing: /home/admin/ros2_ws/install/robotnik_safety_msgs/share/robotnik_safety_msgs/environment/ament_prefix_path.dsv
[0.749s] -- Installing: /home/admin/ros2_ws/install/robotnik_safety_msgs/share/robotnik_safety_msgs/environment/path.sh
[0.749s] -- Installing: /home/admin/ros2_ws/install/robotnik_safety_msgs/share/robotnik_safety_msgs/environment/path.dsv
[0.749s] -- Installing: /home/admin/ros2_ws/install/robotnik_safety_msgs/share/robotnik_safety_msgs/local_setup.bash
[0.749s] -- Installing: /home/admin/ros2_ws/install/robotnik_safety_msgs/share/robotnik_safety_msgs/local_setup.sh
[0.749s] -- Installing: /home/admin/ros2_ws/install/robotnik_safety_msgs/share/robotnik_safety_msgs/local_setup.zsh
[0.750s] -- Installing: /home/admin/ros2_ws/install/robotnik_safety_msgs/share/robotnik_safety_msgs/local_setup.dsv
[0.750s] -- Installing: /home/admin/ros2_ws/install/robotnik_safety_msgs/share/robotnik_safety_msgs/package.dsv
[0.750s] -- Installing: /home/admin/ros2_ws/install/robotnik_safety_msgs/share/ament_index/resource_index/packages/robotnik_safety_msgs
[0.750s] -- Installing: /home/admin/ros2_ws/install/robotnik_safety_msgs/share/robotnik_safety_msgs/cmake/ament_cmake_export_dependencies-extras.cmake
[0.750s] -- Installing: /home/admin/ros2_ws/install/robotnik_safety_msgs/share/robotnik_safety_msgs/cmake/robotnik_safety_msgsConfig.cmake
[0.751s] -- Installing: /home/admin/ros2_ws/install/robotnik_safety_msgs/share/robotnik_safety_msgs/cmake/robotnik_safety_msgsConfig-version.cmake
[0.751s] -- Installing: /home/admin/ros2_ws/install/robotnik_safety_msgs/share/robotnik_safety_msgs/package.xml
[0.753s] Invoked command in '/home/admin/ros2_ws/build/robotnik_safety_msgs' returned '0': CMAKE_PREFIX_PATH=${CMAKE_PREFIX_PATH}:/home/admin/ros2_ws/install/robotnik_safety_msgs:/home/admin/ros2_ws/install/rbvogui_cartographer:/opt/ros/humble /usr/bin/cmake --install /home/admin/ros2_ws/build/robotnik_safety_msgs
