[  0%] Built target robotnik_supervisor_msgs__cpp
[ 12%] Built target robotnik_supervisor_msgs__rosidl_generator_c
[ 12%] Built target ament_cmake_python_copy_robotnik_supervisor_msgs
[ 34%] Built target robotnik_supervisor_msgs__rosidl_typesupport_cpp
[ 35%] Built target robotnik_supervisor_msgs__rosidl_typesupport_fastrtps_cpp
[ 47%] Built target robotnik_supervisor_msgs__rosidl_typesupport_introspection_cpp
[ 59%] Built target robotnik_supervisor_msgs__rosidl_typesupport_introspection_c
[ 70%] Built target robotnik_supervisor_msgs__rosidl_typesupport_c
[ 82%] Built target robotnik_supervisor_msgs__rosidl_typesupport_fastrtps_c
[ 82%] Built target robotnik_supervisor_msgs
[ 83%] Built target robotnik_supervisor_msgs__py
[ 94%] Built target robotnik_supervisor_msgs__rosidl_generator_py
[ 96%] Built target robotnik_supervisor_msgs__rosidl_typesupport_introspection_c__pyext
[ 98%] Built target robotnik_supervisor_msgs__rosidl_typesupport_c__pyext
[100%] Built target robotnik_supervisor_msgs__rosidl_typesupport_fastrtps_c__pyext
running egg_info
writing robotnik_supervisor_msgs.egg-info/PKG-INFO
writing dependency_links to robotnik_supervisor_msgs.egg-info/dependency_links.txt
writing top-level names to robotnik_supervisor_msgs.egg-info/top_level.txt
reading manifest file 'robotnik_supervisor_msgs.egg-info/SOURCES.txt'
writing manifest file 'robotnik_supervisor_msgs.egg-info/SOURCES.txt'
[100%] Built target ament_cmake_python_build_robotnik_supervisor_msgs_egg
-- Install configuration: ""
-- Up-to-date: /home/admin/ros2_ws/install/robotnik_supervisor_msgs/share/ament_index/resource_index/rosidl_interfaces/robotnik_supervisor_msgs
-- Up-to-date: /home/admin/ros2_ws/install/robotnik_supervisor_msgs/include/robotnik_supervisor_msgs/robotnik_supervisor_msgs
-- Up-to-date: /home/admin/ros2_ws/install/robotnik_supervisor_msgs/include/robotnik_supervisor_msgs/robotnik_supervisor_msgs/srv
-- Up-to-date: /home/admin/ros2_ws/install/robotnik_supervisor_msgs/include/robotnik_supervisor_msgs/robotnik_supervisor_msgs/srv/get_stack_logs.h
-- Up-to-date: /home/admin/ros2_ws/install/robotnik_supervisor_msgs/include/robotnik_supervisor_msgs/robotnik_supervisor_msgs/srv/detail
-- Up-to-date: /home/admin/ros2_ws/install/robotnik_supervisor_msgs/include/robotnik_supervisor_msgs/robotnik_supervisor_msgs/srv/detail/get_stack_status__type_support.h
-- Up-to-date: /home/admin/ros2_ws/install/robotnik_supervisor_msgs/include/robotnik_supervisor_msgs/robotnik_supervisor_msgs/srv/detail/start_module__functions.c
-- Up-to-date: /home/admin/ros2_ws/install/robotnik_supervisor_msgs/include/robotnik_supervisor_msgs/robotnik_supervisor_msgs/srv/detail/get_stack_list__type_support.h
-- Up-to-date: /home/admin/ros2_ws/install/robotnik_supervisor_msgs/include/robotnik_supervisor_msgs/robotnik_supervisor_msgs/srv/detail/start_stack__functions.h
-- Up-to-date: /home/admin/ros2_ws/install/robotnik_supervisor_msgs/include/robotnik_supervisor_msgs/robotnik_supervisor_msgs/srv/detail/get_stack_list__functions.c
-- Up-to-date: /home/admin/ros2_ws/install/robotnik_supervisor_msgs/include/robotnik_supervisor_msgs/robotnik_supervisor_msgs/srv/detail/stop_stack__struct.h
-- Up-to-date: /home/admin/ros2_ws/install/robotnik_supervisor_msgs/include/robotnik_supervisor_msgs/robotnik_supervisor_msgs/srv/detail/get_stack_logs__type_support.h
-- Up-to-date: /home/admin/ros2_ws/install/robotnik_supervisor_msgs/include/robotnik_supervisor_msgs/robotnik_supervisor_msgs/srv/detail/get_module_list__type_support.h
-- Up-to-date: /home/admin/ros2_ws/install/robotnik_supervisor_msgs/include/robotnik_supervisor_msgs/robotnik_supervisor_msgs/srv/detail/start_stack__struct.h
-- Up-to-date: /home/admin/ros2_ws/install/robotnik_supervisor_msgs/include/robotnik_supervisor_msgs/robotnik_supervisor_msgs/srv/detail/start_module__struct.h
-- Up-to-date: /home/admin/ros2_ws/install/robotnik_supervisor_msgs/include/robotnik_supervisor_msgs/robotnik_supervisor_msgs/srv/detail/start_stack__functions.c
-- Up-to-date: /home/admin/ros2_ws/install/robotnik_supervisor_msgs/include/robotnik_supervisor_msgs/robotnik_supervisor_msgs/srv/detail/get_module_list__functions.c
-- Up-to-date: /home/admin/ros2_ws/install/robotnik_supervisor_msgs/include/robotnik_supervisor_msgs/robotnik_supervisor_msgs/srv/detail/restart_stack__functions.c
-- Up-to-date: /home/admin/ros2_ws/install/robotnik_supervisor_msgs/include/robotnik_supervisor_msgs/robotnik_supervisor_msgs/srv/detail/get_stack_list__struct.h
-- Up-to-date: /home/admin/ros2_ws/install/robotnik_supervisor_msgs/include/robotnik_supervisor_msgs/robotnik_supervisor_msgs/srv/detail/get_module_list__struct.h
-- Up-to-date: /home/admin/ros2_ws/install/robotnik_supervisor_msgs/include/robotnik_supervisor_msgs/robotnik_supervisor_msgs/srv/detail/stop_module__functions.c
-- Up-to-date: /home/admin/ros2_ws/install/robotnik_supervisor_msgs/include/robotnik_supervisor_msgs/robotnik_supervisor_msgs/srv/detail/get_stack_logs__functions.h
-- Up-to-date: /home/admin/ros2_ws/install/robotnik_supervisor_msgs/include/robotnik_supervisor_msgs/robotnik_supervisor_msgs/srv/detail/start_module__functions.h
-- Up-to-date: /home/admin/ros2_ws/install/robotnik_supervisor_msgs/include/robotnik_supervisor_msgs/robotnik_supervisor_msgs/srv/detail/stop_module__struct.h
-- Up-to-date: /home/admin/ros2_ws/install/robotnik_supervisor_msgs/include/robotnik_supervisor_msgs/robotnik_supervisor_msgs/srv/detail/get_stack_logs__functions.c
-- Up-to-date: /home/admin/ros2_ws/install/robotnik_supervisor_msgs/include/robotnik_supervisor_msgs/robotnik_supervisor_msgs/srv/detail/restart_stack__functions.h
-- Up-to-date: /home/admin/ros2_ws/install/robotnik_supervisor_msgs/include/robotnik_supervisor_msgs/robotnik_supervisor_msgs/srv/detail/stop_stack__type_support.h
-- Up-to-date: /home/admin/ros2_ws/install/robotnik_supervisor_msgs/include/robotnik_supervisor_msgs/robotnik_supervisor_msgs/srv/detail/get_stack_list__functions.h
-- Up-to-date: /home/admin/ros2_ws/install/robotnik_supervisor_msgs/include/robotnik_supervisor_msgs/robotnik_supervisor_msgs/srv/detail/restart_stack__type_support.h
-- Up-to-date: /home/admin/ros2_ws/install/robotnik_supervisor_msgs/include/robotnik_supervisor_msgs/robotnik_supervisor_msgs/srv/detail/down_stack__functions.c
-- Up-to-date: /home/admin/ros2_ws/install/robotnik_supervisor_msgs/include/robotnik_supervisor_msgs/robotnik_supervisor_msgs/srv/detail/get_stack_logs__struct.h
-- Up-to-date: /home/admin/ros2_ws/install/robotnik_supervisor_msgs/include/robotnik_supervisor_msgs/robotnik_supervisor_msgs/srv/detail/start_module__type_support.h
-- Up-to-date: /home/admin/ros2_ws/install/robotnik_supervisor_msgs/include/robotnik_supervisor_msgs/robotnik_supervisor_msgs/srv/detail/stop_module__functions.h
-- Up-to-date: /home/admin/ros2_ws/install/robotnik_supervisor_msgs/include/robotnik_supervisor_msgs/robotnik_supervisor_msgs/srv/detail/stop_stack__functions.c
-- Up-to-date: /home/admin/ros2_ws/install/robotnik_supervisor_msgs/include/robotnik_supervisor_msgs/robotnik_supervisor_msgs/srv/detail/down_stack__struct.h
-- Up-to-date: /home/admin/ros2_ws/install/robotnik_supervisor_msgs/include/robotnik_supervisor_msgs/robotnik_supervisor_msgs/srv/detail/get_module_list__functions.h
-- Up-to-date: /home/admin/ros2_ws/install/robotnik_supervisor_msgs/include/robotnik_supervisor_msgs/robotnik_supervisor_msgs/srv/detail/down_stack__type_support.h
-- Up-to-date: /home/admin/ros2_ws/install/robotnik_supervisor_msgs/include/robotnik_supervisor_msgs/robotnik_supervisor_msgs/srv/detail/start_stack__type_support.h
-- Up-to-date: /home/admin/ros2_ws/install/robotnik_supervisor_msgs/include/robotnik_supervisor_msgs/robotnik_supervisor_msgs/srv/detail/get_stack_status__struct.h
-- Up-to-date: /home/admin/ros2_ws/install/robotnik_supervisor_msgs/include/robotnik_supervisor_msgs/robotnik_supervisor_msgs/srv/detail/stop_stack__functions.h
-- Up-to-date: /home/admin/ros2_ws/install/robotnik_supervisor_msgs/include/robotnik_supervisor_msgs/robotnik_supervisor_msgs/srv/detail/restart_stack__struct.h
-- Up-to-date: /home/admin/ros2_ws/install/robotnik_supervisor_msgs/include/robotnik_supervisor_msgs/robotnik_supervisor_msgs/srv/detail/get_stack_status__functions.h
-- Up-to-date: /home/admin/ros2_ws/install/robotnik_supervisor_msgs/include/robotnik_supervisor_msgs/robotnik_supervisor_msgs/srv/detail/get_stack_status__functions.c
-- Up-to-date: /home/admin/ros2_ws/install/robotnik_supervisor_msgs/include/robotnik_supervisor_msgs/robotnik_supervisor_msgs/srv/detail/down_stack__functions.h
-- Up-to-date: /home/admin/ros2_ws/install/robotnik_supervisor_msgs/include/robotnik_supervisor_msgs/robotnik_supervisor_msgs/srv/detail/stop_module__type_support.h
-- Up-to-date: /home/admin/ros2_ws/install/robotnik_supervisor_msgs/include/robotnik_supervisor_msgs/robotnik_supervisor_msgs/srv/stop_module.h
-- Up-to-date: /home/admin/ros2_ws/install/robotnik_supervisor_msgs/include/robotnik_supervisor_msgs/robotnik_supervisor_msgs/srv/get_module_list.h
-- Up-to-date: /home/admin/ros2_ws/install/robotnik_supervisor_msgs/include/robotnik_supervisor_msgs/robotnik_supervisor_msgs/srv/stop_stack.h
-- Up-to-date: /home/admin/ros2_ws/install/robotnik_supervisor_msgs/include/robotnik_supervisor_msgs/robotnik_supervisor_msgs/srv/start_stack.h
-- Up-to-date: /home/admin/ros2_ws/install/robotnik_supervisor_msgs/include/robotnik_supervisor_msgs/robotnik_supervisor_msgs/srv/restart_stack.h
-- Up-to-date: /home/admin/ros2_ws/install/robotnik_supervisor_msgs/include/robotnik_supervisor_msgs/robotnik_supervisor_msgs/srv/down_stack.h
-- Up-to-date: /home/admin/ros2_ws/install/robotnik_supervisor_msgs/include/robotnik_supervisor_msgs/robotnik_supervisor_msgs/srv/get_stack_list.h
-- Up-to-date: /home/admin/ros2_ws/install/robotnik_supervisor_msgs/include/robotnik_supervisor_msgs/robotnik_supervisor_msgs/srv/start_module.h
-- Up-to-date: /home/admin/ros2_ws/install/robotnik_supervisor_msgs/include/robotnik_supervisor_msgs/robotnik_supervisor_msgs/srv/get_stack_status.h
-- Up-to-date: /home/admin/ros2_ws/install/robotnik_supervisor_msgs/include/robotnik_supervisor_msgs/robotnik_supervisor_msgs/msg
-- Up-to-date: /home/admin/ros2_ws/install/robotnik_supervisor_msgs/include/robotnik_supervisor_msgs/robotnik_supervisor_msgs/msg/rosidl_generator_c__visibility_control.h
-- Up-to-date: /home/admin/ros2_ws/install/robotnik_supervisor_msgs/share/robotnik_supervisor_msgs/environment/library_path.sh
-- Up-to-date: /home/admin/ros2_ws/install/robotnik_supervisor_msgs/share/robotnik_supervisor_msgs/environment/library_path.dsv
-- Up-to-date: /home/admin/ros2_ws/install/robotnik_supervisor_msgs/lib/librobotnik_supervisor_msgs__rosidl_generator_c.so
-- Up-to-date: /home/admin/ros2_ws/install/robotnik_supervisor_msgs/include/robotnik_supervisor_msgs/robotnik_supervisor_msgs
-- Up-to-date: /home/admin/ros2_ws/install/robotnik_supervisor_msgs/include/robotnik_supervisor_msgs/robotnik_supervisor_msgs/srv
-- Up-to-date: /home/admin/ros2_ws/install/robotnik_supervisor_msgs/include/robotnik_supervisor_msgs/robotnik_supervisor_msgs/srv/detail
-- Up-to-date: /home/admin/ros2_ws/install/robotnik_supervisor_msgs/include/robotnik_supervisor_msgs/robotnik_supervisor_msgs/srv/detail/stop_stack__rosidl_typesupport_fastrtps_c.h
-- Up-to-date: /home/admin/ros2_ws/install/robotnik_supervisor_msgs/include/robotnik_supervisor_msgs/robotnik_supervisor_msgs/srv/detail/restart_stack__rosidl_typesupport_fastrtps_c.h
-- Up-to-date: /home/admin/ros2_ws/install/robotnik_supervisor_msgs/include/robotnik_supervisor_msgs/robotnik_supervisor_msgs/srv/detail/get_stack_list__rosidl_typesupport_fastrtps_c.h
-- Up-to-date: /home/admin/ros2_ws/install/robotnik_supervisor_msgs/include/robotnik_supervisor_msgs/robotnik_supervisor_msgs/srv/detail/get_stack_status__rosidl_typesupport_fastrtps_c.h
-- Up-to-date: /home/admin/ros2_ws/install/robotnik_supervisor_msgs/include/robotnik_supervisor_msgs/robotnik_supervisor_msgs/srv/detail/get_stack_logs__rosidl_typesupport_fastrtps_c.h
-- Up-to-date: /home/admin/ros2_ws/install/robotnik_supervisor_msgs/include/robotnik_supervisor_msgs/robotnik_supervisor_msgs/srv/detail/stop_module__rosidl_typesupport_fastrtps_c.h
-- Up-to-date: /home/admin/ros2_ws/install/robotnik_supervisor_msgs/include/robotnik_supervisor_msgs/robotnik_supervisor_msgs/srv/detail/down_stack__rosidl_typesupport_fastrtps_c.h
-- Up-to-date: /home/admin/ros2_ws/install/robotnik_supervisor_msgs/include/robotnik_supervisor_msgs/robotnik_supervisor_msgs/srv/detail/get_module_list__rosidl_typesupport_fastrtps_c.h
-- Up-to-date: /home/admin/ros2_ws/install/robotnik_supervisor_msgs/include/robotnik_supervisor_msgs/robotnik_supervisor_msgs/srv/detail/start_module__rosidl_typesupport_fastrtps_c.h
-- Up-to-date: /home/admin/ros2_ws/install/robotnik_supervisor_msgs/include/robotnik_supervisor_msgs/robotnik_supervisor_msgs/srv/detail/start_stack__rosidl_typesupport_fastrtps_c.h
-- Up-to-date: /home/admin/ros2_ws/install/robotnik_supervisor_msgs/include/robotnik_supervisor_msgs/robotnik_supervisor_msgs/msg
-- Up-to-date: /home/admin/ros2_ws/install/robotnik_supervisor_msgs/include/robotnik_supervisor_msgs/robotnik_supervisor_msgs/msg/rosidl_typesupport_fastrtps_c__visibility_control.h
-- Up-to-date: /home/admin/ros2_ws/install/robotnik_supervisor_msgs/lib/librobotnik_supervisor_msgs__rosidl_typesupport_fastrtps_c.so
-- Up-to-date: /home/admin/ros2_ws/install/robotnik_supervisor_msgs/include/robotnik_supervisor_msgs/robotnik_supervisor_msgs
-- Up-to-date: /home/admin/ros2_ws/install/robotnik_supervisor_msgs/include/robotnik_supervisor_msgs/robotnik_supervisor_msgs/srv
-- Up-to-date: /home/admin/ros2_ws/install/robotnik_supervisor_msgs/include/robotnik_supervisor_msgs/robotnik_supervisor_msgs/srv/detail
-- Up-to-date: /home/admin/ros2_ws/install/robotnik_supervisor_msgs/include/robotnik_supervisor_msgs/robotnik_supervisor_msgs/srv/detail/stop_stack__type_support.hpp
-- Up-to-date: /home/admin/ros2_ws/install/robotnik_supervisor_msgs/include/robotnik_supervisor_msgs/robotnik_supervisor_msgs/srv/detail/get_stack_list__struct.hpp
-- Up-to-date: /home/admin/ros2_ws/install/robotnik_supervisor_msgs/include/robotnik_supervisor_msgs/robotnik_supervisor_msgs/srv/detail/get_stack_status__struct.hpp
-- Up-to-date: /home/admin/ros2_ws/install/robotnik_supervisor_msgs/include/robotnik_supervisor_msgs/robotnik_supervisor_msgs/srv/detail/start_stack__builder.hpp
-- Up-to-date: /home/admin/ros2_ws/install/robotnik_supervisor_msgs/include/robotnik_supervisor_msgs/robotnik_supervisor_msgs/srv/detail/stop_stack__struct.hpp
-- Up-to-date: /home/admin/ros2_ws/install/robotnik_supervisor_msgs/include/robotnik_supervisor_msgs/robotnik_supervisor_msgs/srv/detail/down_stack__builder.hpp
-- Up-to-date: /home/admin/ros2_ws/install/robotnik_supervisor_msgs/include/robotnik_supervisor_msgs/robotnik_supervisor_msgs/srv/detail/get_stack_status__traits.hpp
-- Up-to-date: /home/admin/ros2_ws/install/robotnik_supervisor_msgs/include/robotnik_supervisor_msgs/robotnik_supervisor_msgs/srv/detail/get_stack_logs__struct.hpp
-- Up-to-date: /home/admin/ros2_ws/install/robotnik_supervisor_msgs/include/robotnik_supervisor_msgs/robotnik_supervisor_msgs/srv/detail/restart_stack__traits.hpp
-- Up-to-date: /home/admin/ros2_ws/install/robotnik_supervisor_msgs/include/robotnik_supervisor_msgs/robotnik_supervisor_msgs/srv/detail/start_module__type_support.hpp
-- Up-to-date: /home/admin/ros2_ws/install/robotnik_supervisor_msgs/include/robotnik_supervisor_msgs/robotnik_supervisor_msgs/srv/detail/get_stack_list__builder.hpp
-- Up-to-date: /home/admin/ros2_ws/install/robotnik_supervisor_msgs/include/robotnik_supervisor_msgs/robotnik_supervisor_msgs/srv/detail/stop_stack__traits.hpp
-- Up-to-date: /home/admin/ros2_ws/install/robotnik_supervisor_msgs/include/robotnik_supervisor_msgs/robotnik_supervisor_msgs/srv/detail/down_stack__struct.hpp
-- Up-to-date: /home/admin/ros2_ws/install/robotnik_supervisor_msgs/include/robotnik_supervisor_msgs/robotnik_supervisor_msgs/srv/detail/down_stack__traits.hpp
-- Up-to-date: /home/admin/ros2_ws/install/robotnik_supervisor_msgs/include/robotnik_supervisor_msgs/robotnik_supervisor_msgs/srv/detail/restart_stack__type_support.hpp
-- Up-to-date: /home/admin/ros2_ws/install/robotnik_supervisor_msgs/include/robotnik_supervisor_msgs/robotnik_supervisor_msgs/srv/detail/start_stack__struct.hpp
-- Up-to-date: /home/admin/ros2_ws/install/robotnik_supervisor_msgs/include/robotnik_supervisor_msgs/robotnik_supervisor_msgs/srv/detail/restart_stack__struct.hpp
-- Up-to-date: /home/admin/ros2_ws/install/robotnik_supervisor_msgs/include/robotnik_supervisor_msgs/robotnik_supervisor_msgs/srv/detail/get_module_list__traits.hpp
-- Up-to-date: /home/admin/ros2_ws/install/robotnik_supervisor_msgs/include/robotnik_supervisor_msgs/robotnik_supervisor_msgs/srv/detail/stop_stack__builder.hpp
-- Up-to-date: /home/admin/ros2_ws/install/robotnik_supervisor_msgs/include/robotnik_supervisor_msgs/robotnik_supervisor_msgs/srv/detail/get_module_list__builder.hpp
-- Up-to-date: /home/admin/ros2_ws/install/robotnik_supervisor_msgs/include/robotnik_supervisor_msgs/robotnik_supervisor_msgs/srv/detail/down_stack__type_support.hpp
-- Up-to-date: /home/admin/ros2_ws/install/robotnik_supervisor_msgs/include/robotnik_supervisor_msgs/robotnik_supervisor_msgs/srv/detail/get_stack_logs__type_support.hpp
-- Up-to-date: /home/admin/ros2_ws/install/robotnik_supervisor_msgs/include/robotnik_supervisor_msgs/robotnik_supervisor_msgs/srv/detail/get_module_list__struct.hpp
-- Up-to-date: /home/admin/ros2_ws/install/robotnik_supervisor_msgs/include/robotnik_supervisor_msgs/robotnik_supervisor_msgs/srv/detail/stop_module__struct.hpp
-- Up-to-date: /home/admin/ros2_ws/install/robotnik_supervisor_msgs/include/robotnik_supervisor_msgs/robotnik_supervisor_msgs/srv/detail/get_stack_status__builder.hpp
-- Up-to-date: /home/admin/ros2_ws/install/robotnik_supervisor_msgs/include/robotnik_supervisor_msgs/robotnik_supervisor_msgs/srv/detail/start_stack__type_support.hpp
-- Up-to-date: /home/admin/ros2_ws/install/robotnik_supervisor_msgs/include/robotnik_supervisor_msgs/robotnik_supervisor_msgs/srv/detail/stop_module__type_support.hpp
-- Up-to-date: /home/admin/ros2_ws/install/robotnik_supervisor_msgs/include/robotnik_supervisor_msgs/robotnik_supervisor_msgs/srv/detail/start_module__struct.hpp
-- Up-to-date: /home/admin/ros2_ws/install/robotnik_supervisor_msgs/include/robotnik_supervisor_msgs/robotnik_supervisor_msgs/srv/detail/get_module_list__type_support.hpp
-- Up-to-date: /home/admin/ros2_ws/install/robotnik_supervisor_msgs/include/robotnik_supervisor_msgs/robotnik_supervisor_msgs/srv/detail/stop_module__builder.hpp
-- Up-to-date: /home/admin/ros2_ws/install/robotnik_supervisor_msgs/include/robotnik_supervisor_msgs/robotnik_supervisor_msgs/srv/detail/start_module__traits.hpp
-- Up-to-date: /home/admin/ros2_ws/install/robotnik_supervisor_msgs/include/robotnik_supervisor_msgs/robotnik_supervisor_msgs/srv/detail/get_stack_list__type_support.hpp
-- Up-to-date: /home/admin/ros2_ws/install/robotnik_supervisor_msgs/include/robotnik_supervisor_msgs/robotnik_supervisor_msgs/srv/detail/start_stack__traits.hpp
-- Up-to-date: /home/admin/ros2_ws/install/robotnik_supervisor_msgs/include/robotnik_supervisor_msgs/robotnik_supervisor_msgs/srv/detail/restart_stack__builder.hpp
-- Up-to-date: /home/admin/ros2_ws/install/robotnik_supervisor_msgs/include/robotnik_supervisor_msgs/robotnik_supervisor_msgs/srv/detail/get_stack_status__type_support.hpp
-- Up-to-date: /home/admin/ros2_ws/install/robotnik_supervisor_msgs/include/robotnik_supervisor_msgs/robotnik_supervisor_msgs/srv/detail/start_module__builder.hpp
-- Up-to-date: /home/admin/ros2_ws/install/robotnik_supervisor_msgs/include/robotnik_supervisor_msgs/robotnik_supervisor_msgs/srv/detail/get_stack_logs__traits.hpp
-- Up-to-date: /home/admin/ros2_ws/install/robotnik_supervisor_msgs/include/robotnik_supervisor_msgs/robotnik_supervisor_msgs/srv/detail/get_stack_logs__builder.hpp
-- Up-to-date: /home/admin/ros2_ws/install/robotnik_supervisor_msgs/include/robotnik_supervisor_msgs/robotnik_supervisor_msgs/srv/detail/get_stack_list__traits.hpp
-- Up-to-date: /home/admin/ros2_ws/install/robotnik_supervisor_msgs/include/robotnik_supervisor_msgs/robotnik_supervisor_msgs/srv/detail/stop_module__traits.hpp
-- Up-to-date: /home/admin/ros2_ws/install/robotnik_supervisor_msgs/include/robotnik_supervisor_msgs/robotnik_supervisor_msgs/srv/start_module.hpp
-- Up-to-date: /home/admin/ros2_ws/install/robotnik_supervisor_msgs/include/robotnik_supervisor_msgs/robotnik_supervisor_msgs/srv/start_stack.hpp
-- Up-to-date: /home/admin/ros2_ws/install/robotnik_supervisor_msgs/include/robotnik_supervisor_msgs/robotnik_supervisor_msgs/srv/get_stack_logs.hpp
-- Up-to-date: /home/admin/ros2_ws/install/robotnik_supervisor_msgs/include/robotnik_supervisor_msgs/robotnik_supervisor_msgs/srv/get_stack_status.hpp
-- Up-to-date: /home/admin/ros2_ws/install/robotnik_supervisor_msgs/include/robotnik_supervisor_msgs/robotnik_supervisor_msgs/srv/restart_stack.hpp
-- Up-to-date: /home/admin/ros2_ws/install/robotnik_supervisor_msgs/include/robotnik_supervisor_msgs/robotnik_supervisor_msgs/srv/stop_stack.hpp
-- Up-to-date: /home/admin/ros2_ws/install/robotnik_supervisor_msgs/include/robotnik_supervisor_msgs/robotnik_supervisor_msgs/srv/stop_module.hpp
-- Up-to-date: /home/admin/ros2_ws/install/robotnik_supervisor_msgs/include/robotnik_supervisor_msgs/robotnik_supervisor_msgs/srv/get_module_list.hpp
-- Up-to-date: /home/admin/ros2_ws/install/robotnik_supervisor_msgs/include/robotnik_supervisor_msgs/robotnik_supervisor_msgs/srv/get_stack_list.hpp
-- Up-to-date: /home/admin/ros2_ws/install/robotnik_supervisor_msgs/include/robotnik_supervisor_msgs/robotnik_supervisor_msgs/srv/down_stack.hpp
-- Up-to-date: /home/admin/ros2_ws/install/robotnik_supervisor_msgs/include/robotnik_supervisor_msgs/robotnik_supervisor_msgs/msg
-- Up-to-date: /home/admin/ros2_ws/install/robotnik_supervisor_msgs/include/robotnik_supervisor_msgs/robotnik_supervisor_msgs/msg/rosidl_generator_cpp__visibility_control.hpp
-- Up-to-date: /home/admin/ros2_ws/install/robotnik_supervisor_msgs/include/robotnik_supervisor_msgs/robotnik_supervisor_msgs
-- Up-to-date: /home/admin/ros2_ws/install/robotnik_supervisor_msgs/include/robotnik_supervisor_msgs/robotnik_supervisor_msgs/srv
-- Up-to-date: /home/admin/ros2_ws/install/robotnik_supervisor_msgs/include/robotnik_supervisor_msgs/robotnik_supervisor_msgs/srv/detail
-- Up-to-date: /home/admin/ros2_ws/install/robotnik_supervisor_msgs/include/robotnik_supervisor_msgs/robotnik_supervisor_msgs/srv/detail/get_module_list__rosidl_typesupport_fastrtps_cpp.hpp
-- Up-to-date: /home/admin/ros2_ws/install/robotnik_supervisor_msgs/include/robotnik_supervisor_msgs/robotnik_supervisor_msgs/srv/detail/restart_stack__rosidl_typesupport_fastrtps_cpp.hpp
-- Up-to-date: /home/admin/ros2_ws/install/robotnik_supervisor_msgs/include/robotnik_supervisor_msgs/robotnik_supervisor_msgs/srv/detail/stop_stack__rosidl_typesupport_fastrtps_cpp.hpp
-- Up-to-date: /home/admin/ros2_ws/install/robotnik_supervisor_msgs/include/robotnik_supervisor_msgs/robotnik_supervisor_msgs/srv/detail/stop_module__rosidl_typesupport_fastrtps_cpp.hpp
-- Up-to-date: /home/admin/ros2_ws/install/robotnik_supervisor_msgs/include/robotnik_supervisor_msgs/robotnik_supervisor_msgs/srv/detail/down_stack__rosidl_typesupport_fastrtps_cpp.hpp
-- Up-to-date: /home/admin/ros2_ws/install/robotnik_supervisor_msgs/include/robotnik_supervisor_msgs/robotnik_supervisor_msgs/srv/detail/start_module__rosidl_typesupport_fastrtps_cpp.hpp
-- Up-to-date: /home/admin/ros2_ws/install/robotnik_supervisor_msgs/include/robotnik_supervisor_msgs/robotnik_supervisor_msgs/srv/detail/start_stack__rosidl_typesupport_fastrtps_cpp.hpp
-- Up-to-date: /home/admin/ros2_ws/install/robotnik_supervisor_msgs/include/robotnik_supervisor_msgs/robotnik_supervisor_msgs/srv/detail/dds_fastrtps
-- Up-to-date: /home/admin/ros2_ws/install/robotnik_supervisor_msgs/include/robotnik_supervisor_msgs/robotnik_supervisor_msgs/srv/detail/get_stack_status__rosidl_typesupport_fastrtps_cpp.hpp
-- Up-to-date: /home/admin/ros2_ws/install/robotnik_supervisor_msgs/include/robotnik_supervisor_msgs/robotnik_supervisor_msgs/srv/detail/get_stack_list__rosidl_typesupport_fastrtps_cpp.hpp
-- Up-to-date: /home/admin/ros2_ws/install/robotnik_supervisor_msgs/include/robotnik_supervisor_msgs/robotnik_supervisor_msgs/srv/detail/get_stack_logs__rosidl_typesupport_fastrtps_cpp.hpp
-- Up-to-date: /home/admin/ros2_ws/install/robotnik_supervisor_msgs/include/robotnik_supervisor_msgs/robotnik_supervisor_msgs/msg
-- Up-to-date: /home/admin/ros2_ws/install/robotnik_supervisor_msgs/include/robotnik_supervisor_msgs/robotnik_supervisor_msgs/msg/rosidl_typesupport_fastrtps_cpp__visibility_control.h
-- Up-to-date: /home/admin/ros2_ws/install/robotnik_supervisor_msgs/lib/librobotnik_supervisor_msgs__rosidl_typesupport_fastrtps_cpp.so
-- Up-to-date: /home/admin/ros2_ws/install/robotnik_supervisor_msgs/include/robotnik_supervisor_msgs/robotnik_supervisor_msgs
-- Up-to-date: /home/admin/ros2_ws/install/robotnik_supervisor_msgs/include/robotnik_supervisor_msgs/robotnik_supervisor_msgs/srv
-- Up-to-date: /home/admin/ros2_ws/install/robotnik_supervisor_msgs/include/robotnik_supervisor_msgs/robotnik_supervisor_msgs/srv/detail
-- Up-to-date: /home/admin/ros2_ws/install/robotnik_supervisor_msgs/include/robotnik_supervisor_msgs/robotnik_supervisor_msgs/srv/detail/get_stack_status__type_support.c
-- Up-to-date: /home/admin/ros2_ws/install/robotnik_supervisor_msgs/include/robotnik_supervisor_msgs/robotnik_supervisor_msgs/srv/detail/start_stack__rosidl_typesupport_introspection_c.h
-- Up-to-date: /home/admin/ros2_ws/install/robotnik_supervisor_msgs/include/robotnik_supervisor_msgs/robotnik_supervisor_msgs/srv/detail/stop_module__rosidl_typesupport_introspection_c.h
-- Up-to-date: /home/admin/ros2_ws/install/robotnik_supervisor_msgs/include/robotnik_supervisor_msgs/robotnik_supervisor_msgs/srv/detail/stop_stack__rosidl_typesupport_introspection_c.h
-- Up-to-date: /home/admin/ros2_ws/install/robotnik_supervisor_msgs/include/robotnik_supervisor_msgs/robotnik_supervisor_msgs/srv/detail/stop_module__type_support.c
-- Up-to-date: /home/admin/ros2_ws/install/robotnik_supervisor_msgs/include/robotnik_supervisor_msgs/robotnik_supervisor_msgs/srv/detail/down_stack__type_support.c
-- Up-to-date: /home/admin/ros2_ws/install/robotnik_supervisor_msgs/include/robotnik_supervisor_msgs/robotnik_supervisor_msgs/srv/detail/get_stack_list__rosidl_typesupport_introspection_c.h
-- Up-to-date: /home/admin/ros2_ws/install/robotnik_supervisor_msgs/include/robotnik_supervisor_msgs/robotnik_supervisor_msgs/srv/detail/get_stack_list__type_support.c
-- Up-to-date: /home/admin/ros2_ws/install/robotnik_supervisor_msgs/include/robotnik_supervisor_msgs/robotnik_supervisor_msgs/srv/detail/start_module__rosidl_typesupport_introspection_c.h
-- Up-to-date: /home/admin/ros2_ws/install/robotnik_supervisor_msgs/include/robotnik_supervisor_msgs/robotnik_supervisor_msgs/srv/detail/get_module_list__rosidl_typesupport_introspection_c.h
-- Up-to-date: /home/admin/ros2_ws/install/robotnik_supervisor_msgs/include/robotnik_supervisor_msgs/robotnik_supervisor_msgs/srv/detail/restart_stack__rosidl_typesupport_introspection_c.h
-- Up-to-date: /home/admin/ros2_ws/install/robotnik_supervisor_msgs/include/robotnik_supervisor_msgs/robotnik_supervisor_msgs/srv/detail/down_stack__rosidl_typesupport_introspection_c.h
-- Up-to-date: /home/admin/ros2_ws/install/robotnik_supervisor_msgs/include/robotnik_supervisor_msgs/robotnik_supervisor_msgs/srv/detail/get_module_list__type_support.c
-- Up-to-date: /home/admin/ros2_ws/install/robotnik_supervisor_msgs/include/robotnik_supervisor_msgs/robotnik_supervisor_msgs/srv/detail/restart_stack__type_support.c
-- Up-to-date: /home/admin/ros2_ws/install/robotnik_supervisor_msgs/include/robotnik_supervisor_msgs/robotnik_supervisor_msgs/srv/detail/start_stack__type_support.c
-- Up-to-date: /home/admin/ros2_ws/install/robotnik_supervisor_msgs/include/robotnik_supervisor_msgs/robotnik_supervisor_msgs/srv/detail/start_module__type_support.c
-- Up-to-date: /home/admin/ros2_ws/install/robotnik_supervisor_msgs/include/robotnik_supervisor_msgs/robotnik_supervisor_msgs/srv/detail/get_stack_logs__rosidl_typesupport_introspection_c.h
-- Up-to-date: /home/admin/ros2_ws/install/robotnik_supervisor_msgs/include/robotnik_supervisor_msgs/robotnik_supervisor_msgs/srv/detail/stop_stack__type_support.c
-- Up-to-date: /home/admin/ros2_ws/install/robotnik_supervisor_msgs/include/robotnik_supervisor_msgs/robotnik_supervisor_msgs/srv/detail/get_stack_logs__type_support.c
-- Up-to-date: /home/admin/ros2_ws/install/robotnik_supervisor_msgs/include/robotnik_supervisor_msgs/robotnik_supervisor_msgs/srv/detail/get_stack_status__rosidl_typesupport_introspection_c.h
-- Up-to-date: /home/admin/ros2_ws/install/robotnik_supervisor_msgs/include/robotnik_supervisor_msgs/robotnik_supervisor_msgs/msg
-- Up-to-date: /home/admin/ros2_ws/install/robotnik_supervisor_msgs/include/robotnik_supervisor_msgs/robotnik_supervisor_msgs/msg/rosidl_typesupport_introspection_c__visibility_control.h
-- Up-to-date: /home/admin/ros2_ws/install/robotnik_supervisor_msgs/lib/librobotnik_supervisor_msgs__rosidl_typesupport_introspection_c.so
-- Up-to-date: /home/admin/ros2_ws/install/robotnik_supervisor_msgs/lib/librobotnik_supervisor_msgs__rosidl_typesupport_c.so
-- Up-to-date: /home/admin/ros2_ws/install/robotnik_supervisor_msgs/include/robotnik_supervisor_msgs/robotnik_supervisor_msgs
-- Up-to-date: /home/admin/ros2_ws/install/robotnik_supervisor_msgs/include/robotnik_supervisor_msgs/robotnik_supervisor_msgs/srv
-- Up-to-date: /home/admin/ros2_ws/install/robotnik_supervisor_msgs/include/robotnik_supervisor_msgs/robotnik_supervisor_msgs/srv/detail
-- Up-to-date: /home/admin/ros2_ws/install/robotnik_supervisor_msgs/include/robotnik_supervisor_msgs/robotnik_supervisor_msgs/srv/detail/get_stack_list__type_support.cpp
-- Up-to-date: /home/admin/ros2_ws/install/robotnik_supervisor_msgs/include/robotnik_supervisor_msgs/robotnik_supervisor_msgs/srv/detail/get_stack_logs__rosidl_typesupport_introspection_cpp.hpp
-- Up-to-date: /home/admin/ros2_ws/install/robotnik_supervisor_msgs/include/robotnik_supervisor_msgs/robotnik_supervisor_msgs/srv/detail/down_stack__rosidl_typesupport_introspection_cpp.hpp
-- Up-to-date: /home/admin/ros2_ws/install/robotnik_supervisor_msgs/include/robotnik_supervisor_msgs/robotnik_supervisor_msgs/srv/detail/down_stack__type_support.cpp
-- Up-to-date: /home/admin/ros2_ws/install/robotnik_supervisor_msgs/include/robotnik_supervisor_msgs/robotnik_supervisor_msgs/srv/detail/get_stack_logs__type_support.cpp
-- Up-to-date: /home/admin/ros2_ws/install/robotnik_supervisor_msgs/include/robotnik_supervisor_msgs/robotnik_supervisor_msgs/srv/detail/stop_module__type_support.cpp
-- Up-to-date: /home/admin/ros2_ws/install/robotnik_supervisor_msgs/include/robotnik_supervisor_msgs/robotnik_supervisor_msgs/srv/detail/get_module_list__rosidl_typesupport_introspection_cpp.hpp
-- Up-to-date: /home/admin/ros2_ws/install/robotnik_supervisor_msgs/include/robotnik_supervisor_msgs/robotnik_supervisor_msgs/srv/detail/start_stack__rosidl_typesupport_introspection_cpp.hpp
-- Up-to-date: /home/admin/ros2_ws/install/robotnik_supervisor_msgs/include/robotnik_supervisor_msgs/robotnik_supervisor_msgs/srv/detail/start_module__type_support.cpp
-- Up-to-date: /home/admin/ros2_ws/install/robotnik_supervisor_msgs/include/robotnik_supervisor_msgs/robotnik_supervisor_msgs/srv/detail/get_stack_list__rosidl_typesupport_introspection_cpp.hpp
-- Up-to-date: /home/admin/ros2_ws/install/robotnik_supervisor_msgs/include/robotnik_supervisor_msgs/robotnik_supervisor_msgs/srv/detail/stop_module__rosidl_typesupport_introspection_cpp.hpp
-- Up-to-date: /home/admin/ros2_ws/install/robotnik_supervisor_msgs/include/robotnik_supervisor_msgs/robotnik_supervisor_msgs/srv/detail/stop_stack__rosidl_typesupport_introspection_cpp.hpp
-- Up-to-date: /home/admin/ros2_ws/install/robotnik_supervisor_msgs/include/robotnik_supervisor_msgs/robotnik_supervisor_msgs/srv/detail/restart_stack__type_support.cpp
-- Up-to-date: /home/admin/ros2_ws/install/robotnik_supervisor_msgs/include/robotnik_supervisor_msgs/robotnik_supervisor_msgs/srv/detail/restart_stack__rosidl_typesupport_introspection_cpp.hpp
-- Up-to-date: /home/admin/ros2_ws/install/robotnik_supervisor_msgs/include/robotnik_supervisor_msgs/robotnik_supervisor_msgs/srv/detail/get_stack_status__rosidl_typesupport_introspection_cpp.hpp
-- Up-to-date: /home/admin/ros2_ws/install/robotnik_supervisor_msgs/include/robotnik_supervisor_msgs/robotnik_supervisor_msgs/srv/detail/start_module__rosidl_typesupport_introspection_cpp.hpp
-- Up-to-date: /home/admin/ros2_ws/install/robotnik_supervisor_msgs/include/robotnik_supervisor_msgs/robotnik_supervisor_msgs/srv/detail/get_stack_status__type_support.cpp
-- Up-to-date: /home/admin/ros2_ws/install/robotnik_supervisor_msgs/include/robotnik_supervisor_msgs/robotnik_supervisor_msgs/srv/detail/start_stack__type_support.cpp
-- Up-to-date: /home/admin/ros2_ws/install/robotnik_supervisor_msgs/include/robotnik_supervisor_msgs/robotnik_supervisor_msgs/srv/detail/stop_stack__type_support.cpp
-- Up-to-date: /home/admin/ros2_ws/install/robotnik_supervisor_msgs/include/robotnik_supervisor_msgs/robotnik_supervisor_msgs/srv/detail/get_module_list__type_support.cpp
-- Up-to-date: /home/admin/ros2_ws/install/robotnik_supervisor_msgs/lib/librobotnik_supervisor_msgs__rosidl_typesupport_introspection_cpp.so
-- Up-to-date: /home/admin/ros2_ws/install/robotnik_supervisor_msgs/lib/librobotnik_supervisor_msgs__rosidl_typesupport_cpp.so
-- Up-to-date: /home/admin/ros2_ws/install/robotnik_supervisor_msgs/share/robotnik_supervisor_msgs/environment/pythonpath.sh
-- Up-to-date: /home/admin/ros2_ws/install/robotnik_supervisor_msgs/share/robotnik_supervisor_msgs/environment/pythonpath.dsv
-- Up-to-date: /home/admin/ros2_ws/install/robotnik_supervisor_msgs/local/lib/python3.10/dist-packages/robotnik_supervisor_msgs-1.0.0-py3.10.egg-info
-- Installing: /home/admin/ros2_ws/install/robotnik_supervisor_msgs/local/lib/python3.10/dist-packages/robotnik_supervisor_msgs-1.0.0-py3.10.egg-info/PKG-INFO
-- Installing: /home/admin/ros2_ws/install/robotnik_supervisor_msgs/local/lib/python3.10/dist-packages/robotnik_supervisor_msgs-1.0.0-py3.10.egg-info/SOURCES.txt
-- Installing: /home/admin/ros2_ws/install/robotnik_supervisor_msgs/local/lib/python3.10/dist-packages/robotnik_supervisor_msgs-1.0.0-py3.10.egg-info/dependency_links.txt
-- Installing: /home/admin/ros2_ws/install/robotnik_supervisor_msgs/local/lib/python3.10/dist-packages/robotnik_supervisor_msgs-1.0.0-py3.10.egg-info/top_level.txt
-- Up-to-date: /home/admin/ros2_ws/install/robotnik_supervisor_msgs/local/lib/python3.10/dist-packages/robotnik_supervisor_msgs
-- Up-to-date: /home/admin/ros2_ws/install/robotnik_supervisor_msgs/local/lib/python3.10/dist-packages/robotnik_supervisor_msgs/_robotnik_supervisor_msgs_s.ep.rosidl_typesupport_fastrtps_c.c
-- Up-to-date: /home/admin/ros2_ws/install/robotnik_supervisor_msgs/local/lib/python3.10/dist-packages/robotnik_supervisor_msgs/_robotnik_supervisor_msgs_s.ep.rosidl_typesupport_c.c
-- Up-to-date: /home/admin/ros2_ws/install/robotnik_supervisor_msgs/local/lib/python3.10/dist-packages/robotnik_supervisor_msgs/robotnik_supervisor_msgs_s__rosidl_typesupport_introspection_c.cpython-310-x86_64-linux-gnu.so
-- Up-to-date: /home/admin/ros2_ws/install/robotnik_supervisor_msgs/local/lib/python3.10/dist-packages/robotnik_supervisor_msgs/robotnik_supervisor_msgs_s__rosidl_typesupport_fastrtps_c.cpython-310-x86_64-linux-gnu.so
-- Up-to-date: /home/admin/ros2_ws/install/robotnik_supervisor_msgs/local/lib/python3.10/dist-packages/robotnik_supervisor_msgs/robotnik_supervisor_msgs_s__rosidl_typesupport_c.cpython-310-x86_64-linux-gnu.so
-- Up-to-date: /home/admin/ros2_ws/install/robotnik_supervisor_msgs/local/lib/python3.10/dist-packages/robotnik_supervisor_msgs/__init__.py
-- Up-to-date: /home/admin/ros2_ws/install/robotnik_supervisor_msgs/local/lib/python3.10/dist-packages/robotnik_supervisor_msgs/librobotnik_supervisor_msgs__rosidl_generator_py.so
-- Up-to-date: /home/admin/ros2_ws/install/robotnik_supervisor_msgs/local/lib/python3.10/dist-packages/robotnik_supervisor_msgs/srv
-- Up-to-date: /home/admin/ros2_ws/install/robotnik_supervisor_msgs/local/lib/python3.10/dist-packages/robotnik_supervisor_msgs/srv/_get_stack_logs.py
-- Up-to-date: /home/admin/ros2_ws/install/robotnik_supervisor_msgs/local/lib/python3.10/dist-packages/robotnik_supervisor_msgs/srv/_stop_stack_s.c
-- Up-to-date: /home/admin/ros2_ws/install/robotnik_supervisor_msgs/local/lib/python3.10/dist-packages/robotnik_supervisor_msgs/srv/_start_module.py
-- Up-to-date: /home/admin/ros2_ws/install/robotnik_supervisor_msgs/local/lib/python3.10/dist-packages/robotnik_supervisor_msgs/srv/_stop_module_s.c
-- Up-to-date: /home/admin/ros2_ws/install/robotnik_supervisor_msgs/local/lib/python3.10/dist-packages/robotnik_supervisor_msgs/srv/_stop_module.py
-- Up-to-date: /home/admin/ros2_ws/install/robotnik_supervisor_msgs/local/lib/python3.10/dist-packages/robotnik_supervisor_msgs/srv/__init__.py
-- Up-to-date: /home/admin/ros2_ws/install/robotnik_supervisor_msgs/local/lib/python3.10/dist-packages/robotnik_supervisor_msgs/srv/_down_stack_s.c
-- Up-to-date: /home/admin/ros2_ws/install/robotnik_supervisor_msgs/local/lib/python3.10/dist-packages/robotnik_supervisor_msgs/srv/_get_module_list_s.c
-- Up-to-date: /home/admin/ros2_ws/install/robotnik_supervisor_msgs/local/lib/python3.10/dist-packages/robotnik_supervisor_msgs/srv/_start_module_s.c
-- Up-to-date: /home/admin/ros2_ws/install/robotnik_supervisor_msgs/local/lib/python3.10/dist-packages/robotnik_supervisor_msgs/srv/_get_stack_list.py
-- Up-to-date: /home/admin/ros2_ws/install/robotnik_supervisor_msgs/local/lib/python3.10/dist-packages/robotnik_supervisor_msgs/srv/_start_stack.py
-- Up-to-date: /home/admin/ros2_ws/install/robotnik_supervisor_msgs/local/lib/python3.10/dist-packages/robotnik_supervisor_msgs/srv/_down_stack.py
-- Up-to-date: /home/admin/ros2_ws/install/robotnik_supervisor_msgs/local/lib/python3.10/dist-packages/robotnik_supervisor_msgs/srv/_get_stack_list_s.c
-- Up-to-date: /home/admin/ros2_ws/install/robotnik_supervisor_msgs/local/lib/python3.10/dist-packages/robotnik_supervisor_msgs/srv/_get_stack_logs_s.c
-- Up-to-date: /home/admin/ros2_ws/install/robotnik_supervisor_msgs/local/lib/python3.10/dist-packages/robotnik_supervisor_msgs/srv/_get_module_list.py
-- Up-to-date: /home/admin/ros2_ws/install/robotnik_supervisor_msgs/local/lib/python3.10/dist-packages/robotnik_supervisor_msgs/srv/_stop_stack.py
-- Up-to-date: /home/admin/ros2_ws/install/robotnik_supervisor_msgs/local/lib/python3.10/dist-packages/robotnik_supervisor_msgs/srv/_restart_stack_s.c
-- Up-to-date: /home/admin/ros2_ws/install/robotnik_supervisor_msgs/local/lib/python3.10/dist-packages/robotnik_supervisor_msgs/srv/_get_stack_status_s.c
-- Up-to-date: /home/admin/ros2_ws/install/robotnik_supervisor_msgs/local/lib/python3.10/dist-packages/robotnik_supervisor_msgs/srv/_get_stack_status.py
-- Up-to-date: /home/admin/ros2_ws/install/robotnik_supervisor_msgs/local/lib/python3.10/dist-packages/robotnik_supervisor_msgs/srv/_start_stack_s.c
-- Up-to-date: /home/admin/ros2_ws/install/robotnik_supervisor_msgs/local/lib/python3.10/dist-packages/robotnik_supervisor_msgs/srv/_restart_stack.py
-- Up-to-date: /home/admin/ros2_ws/install/robotnik_supervisor_msgs/local/lib/python3.10/dist-packages/robotnik_supervisor_msgs/_robotnik_supervisor_msgs_s.ep.rosidl_typesupport_introspection_c.c
Listing '/home/admin/ros2_ws/install/robotnik_supervisor_msgs/local/lib/python3.10/dist-packages/robotnik_supervisor_msgs'...
Listing '/home/admin/ros2_ws/install/robotnik_supervisor_msgs/local/lib/python3.10/dist-packages/robotnik_supervisor_msgs/srv'...
-- Up-to-date: /home/admin/ros2_ws/install/robotnik_supervisor_msgs/local/lib/python3.10/dist-packages/robotnik_supervisor_msgs/robotnik_supervisor_msgs_s__rosidl_typesupport_fastrtps_c.cpython-310-x86_64-linux-gnu.so
-- Up-to-date: /home/admin/ros2_ws/install/robotnik_supervisor_msgs/local/lib/python3.10/dist-packages/robotnik_supervisor_msgs/robotnik_supervisor_msgs_s__rosidl_typesupport_introspection_c.cpython-310-x86_64-linux-gnu.so
-- Up-to-date: /home/admin/ros2_ws/install/robotnik_supervisor_msgs/local/lib/python3.10/dist-packages/robotnik_supervisor_msgs/robotnik_supervisor_msgs_s__rosidl_typesupport_c.cpython-310-x86_64-linux-gnu.so
-- Up-to-date: /home/admin/ros2_ws/install/robotnik_supervisor_msgs/lib/librobotnik_supervisor_msgs__rosidl_generator_py.so
-- Up-to-date: /home/admin/ros2_ws/install/robotnik_supervisor_msgs/share/robotnik_supervisor_msgs/srv/DownStack.idl
-- Up-to-date: /home/admin/ros2_ws/install/robotnik_supervisor_msgs/share/robotnik_supervisor_msgs/srv/GetModuleList.idl
-- Up-to-date: /home/admin/ros2_ws/install/robotnik_supervisor_msgs/share/robotnik_supervisor_msgs/srv/GetStackList.idl
-- Up-to-date: /home/admin/ros2_ws/install/robotnik_supervisor_msgs/share/robotnik_supervisor_msgs/srv/GetStackLogs.idl
-- Up-to-date: /home/admin/ros2_ws/install/robotnik_supervisor_msgs/share/robotnik_supervisor_msgs/srv/GetStackStatus.idl
-- Up-to-date: /home/admin/ros2_ws/install/robotnik_supervisor_msgs/share/robotnik_supervisor_msgs/srv/RestartStack.idl
-- Up-to-date: /home/admin/ros2_ws/install/robotnik_supervisor_msgs/share/robotnik_supervisor_msgs/srv/StartModule.idl
-- Up-to-date: /home/admin/ros2_ws/install/robotnik_supervisor_msgs/share/robotnik_supervisor_msgs/srv/StartStack.idl
-- Up-to-date: /home/admin/ros2_ws/install/robotnik_supervisor_msgs/share/robotnik_supervisor_msgs/srv/StopModule.idl
-- Up-to-date: /home/admin/ros2_ws/install/robotnik_supervisor_msgs/share/robotnik_supervisor_msgs/srv/StopStack.idl
-- Up-to-date: /home/admin/ros2_ws/install/robotnik_supervisor_msgs/share/robotnik_supervisor_msgs/srv/DownStack.srv
-- Up-to-date: /home/admin/ros2_ws/install/robotnik_supervisor_msgs/share/robotnik_supervisor_msgs/srv/DownStack_Request.msg
-- Up-to-date: /home/admin/ros2_ws/install/robotnik_supervisor_msgs/share/robotnik_supervisor_msgs/srv/DownStack_Response.msg
-- Up-to-date: /home/admin/ros2_ws/install/robotnik_supervisor_msgs/share/robotnik_supervisor_msgs/srv/GetModuleList.srv
-- Up-to-date: /home/admin/ros2_ws/install/robotnik_supervisor_msgs/share/robotnik_supervisor_msgs/srv/GetModuleList_Request.msg
-- Up-to-date: /home/admin/ros2_ws/install/robotnik_supervisor_msgs/share/robotnik_supervisor_msgs/srv/GetModuleList_Response.msg
-- Up-to-date: /home/admin/ros2_ws/install/robotnik_supervisor_msgs/share/robotnik_supervisor_msgs/srv/GetStackList.srv
-- Up-to-date: /home/admin/ros2_ws/install/robotnik_supervisor_msgs/share/robotnik_supervisor_msgs/srv/GetStackList_Request.msg
-- Up-to-date: /home/admin/ros2_ws/install/robotnik_supervisor_msgs/share/robotnik_supervisor_msgs/srv/GetStackList_Response.msg
-- Up-to-date: /home/admin/ros2_ws/install/robotnik_supervisor_msgs/share/robotnik_supervisor_msgs/srv/GetStackLogs.srv
-- Up-to-date: /home/admin/ros2_ws/install/robotnik_supervisor_msgs/share/robotnik_supervisor_msgs/srv/GetStackLogs_Request.msg
-- Up-to-date: /home/admin/ros2_ws/install/robotnik_supervisor_msgs/share/robotnik_supervisor_msgs/srv/GetStackLogs_Response.msg
-- Up-to-date: /home/admin/ros2_ws/install/robotnik_supervisor_msgs/share/robotnik_supervisor_msgs/srv/GetStackStatus.srv
-- Up-to-date: /home/admin/ros2_ws/install/robotnik_supervisor_msgs/share/robotnik_supervisor_msgs/srv/GetStackStatus_Request.msg
-- Up-to-date: /home/admin/ros2_ws/install/robotnik_supervisor_msgs/share/robotnik_supervisor_msgs/srv/GetStackStatus_Response.msg
-- Up-to-date: /home/admin/ros2_ws/install/robotnik_supervisor_msgs/share/robotnik_supervisor_msgs/srv/RestartStack.srv
-- Up-to-date: /home/admin/ros2_ws/install/robotnik_supervisor_msgs/share/robotnik_supervisor_msgs/srv/RestartStack_Request.msg
-- Up-to-date: /home/admin/ros2_ws/install/robotnik_supervisor_msgs/share/robotnik_supervisor_msgs/srv/RestartStack_Response.msg
-- Up-to-date: /home/admin/ros2_ws/install/robotnik_supervisor_msgs/share/robotnik_supervisor_msgs/srv/StartModule.srv
-- Up-to-date: /home/admin/ros2_ws/install/robotnik_supervisor_msgs/share/robotnik_supervisor_msgs/srv/StartModule_Request.msg
-- Up-to-date: /home/admin/ros2_ws/install/robotnik_supervisor_msgs/share/robotnik_supervisor_msgs/srv/StartModule_Response.msg
-- Up-to-date: /home/admin/ros2_ws/install/robotnik_supervisor_msgs/share/robotnik_supervisor_msgs/srv/StartStack.srv
-- Up-to-date: /home/admin/ros2_ws/install/robotnik_supervisor_msgs/share/robotnik_supervisor_msgs/srv/StartStack_Request.msg
-- Up-to-date: /home/admin/ros2_ws/install/robotnik_supervisor_msgs/share/robotnik_supervisor_msgs/srv/StartStack_Response.msg
-- Up-to-date: /home/admin/ros2_ws/install/robotnik_supervisor_msgs/share/robotnik_supervisor_msgs/srv/StopModule.srv
-- Up-to-date: /home/admin/ros2_ws/install/robotnik_supervisor_msgs/share/robotnik_supervisor_msgs/srv/StopModule_Request.msg
-- Up-to-date: /home/admin/ros2_ws/install/robotnik_supervisor_msgs/share/robotnik_supervisor_msgs/srv/StopModule_Response.msg
-- Up-to-date: /home/admin/ros2_ws/install/robotnik_supervisor_msgs/share/robotnik_supervisor_msgs/srv/StopStack.srv
-- Up-to-date: /home/admin/ros2_ws/install/robotnik_supervisor_msgs/share/robotnik_supervisor_msgs/srv/StopStack_Request.msg
-- Up-to-date: /home/admin/ros2_ws/install/robotnik_supervisor_msgs/share/robotnik_supervisor_msgs/srv/StopStack_Response.msg
-- Up-to-date: /home/admin/ros2_ws/install/robotnik_supervisor_msgs/share/ament_index/resource_index/package_run_dependencies/robotnik_supervisor_msgs
-- Up-to-date: /home/admin/ros2_ws/install/robotnik_supervisor_msgs/share/ament_index/resource_index/parent_prefix_path/robotnik_supervisor_msgs
-- Up-to-date: /home/admin/ros2_ws/install/robotnik_supervisor_msgs/share/robotnik_supervisor_msgs/environment/ament_prefix_path.sh
-- Up-to-date: /home/admin/ros2_ws/install/robotnik_supervisor_msgs/share/robotnik_supervisor_msgs/environment/ament_prefix_path.dsv
-- Up-to-date: /home/admin/ros2_ws/install/robotnik_supervisor_msgs/share/robotnik_supervisor_msgs/environment/path.sh
-- Up-to-date: /home/admin/ros2_ws/install/robotnik_supervisor_msgs/share/robotnik_supervisor_msgs/environment/path.dsv
-- Up-to-date: /home/admin/ros2_ws/install/robotnik_supervisor_msgs/share/robotnik_supervisor_msgs/local_setup.bash
-- Up-to-date: /home/admin/ros2_ws/install/robotnik_supervisor_msgs/share/robotnik_supervisor_msgs/local_setup.sh
-- Up-to-date: /home/admin/ros2_ws/install/robotnik_supervisor_msgs/share/robotnik_supervisor_msgs/local_setup.zsh
-- Up-to-date: /home/admin/ros2_ws/install/robotnik_supervisor_msgs/share/robotnik_supervisor_msgs/local_setup.dsv
-- Installing: /home/admin/ros2_ws/install/robotnik_supervisor_msgs/share/robotnik_supervisor_msgs/package.dsv
-- Up-to-date: /home/admin/ros2_ws/install/robotnik_supervisor_msgs/share/ament_index/resource_index/packages/robotnik_supervisor_msgs
-- Up-to-date: /home/admin/ros2_ws/install/robotnik_supervisor_msgs/share/robotnik_supervisor_msgs/cmake/export_robotnik_supervisor_msgs__rosidl_generator_cExport.cmake
-- Up-to-date: /home/admin/ros2_ws/install/robotnik_supervisor_msgs/share/robotnik_supervisor_msgs/cmake/export_robotnik_supervisor_msgs__rosidl_generator_cExport-noconfig.cmake
-- Up-to-date: /home/admin/ros2_ws/install/robotnik_supervisor_msgs/share/robotnik_supervisor_msgs/cmake/export_robotnik_supervisor_msgs__rosidl_typesupport_fastrtps_cExport.cmake
-- Up-to-date: /home/admin/ros2_ws/install/robotnik_supervisor_msgs/share/robotnik_supervisor_msgs/cmake/export_robotnik_supervisor_msgs__rosidl_typesupport_fastrtps_cExport-noconfig.cmake
-- Up-to-date: /home/admin/ros2_ws/install/robotnik_supervisor_msgs/share/robotnik_supervisor_msgs/cmake/export_robotnik_supervisor_msgs__rosidl_generator_cppExport.cmake
-- Up-to-date: /home/admin/ros2_ws/install/robotnik_supervisor_msgs/share/robotnik_supervisor_msgs/cmake/export_robotnik_supervisor_msgs__rosidl_typesupport_fastrtps_cppExport.cmake
-- Up-to-date: /home/admin/ros2_ws/install/robotnik_supervisor_msgs/share/robotnik_supervisor_msgs/cmake/export_robotnik_supervisor_msgs__rosidl_typesupport_fastrtps_cppExport-noconfig.cmake
-- Up-to-date: /home/admin/ros2_ws/install/robotnik_supervisor_msgs/share/robotnik_supervisor_msgs/cmake/robotnik_supervisor_msgs__rosidl_typesupport_introspection_cExport.cmake
-- Up-to-date: /home/admin/ros2_ws/install/robotnik_supervisor_msgs/share/robotnik_supervisor_msgs/cmake/robotnik_supervisor_msgs__rosidl_typesupport_introspection_cExport-noconfig.cmake
-- Up-to-date: /home/admin/ros2_ws/install/robotnik_supervisor_msgs/share/robotnik_supervisor_msgs/cmake/robotnik_supervisor_msgs__rosidl_typesupport_cExport.cmake
-- Up-to-date: /home/admin/ros2_ws/install/robotnik_supervisor_msgs/share/robotnik_supervisor_msgs/cmake/robotnik_supervisor_msgs__rosidl_typesupport_cExport-noconfig.cmake
-- Up-to-date: /home/admin/ros2_ws/install/robotnik_supervisor_msgs/share/robotnik_supervisor_msgs/cmake/robotnik_supervisor_msgs__rosidl_typesupport_introspection_cppExport.cmake
-- Up-to-date: /home/admin/ros2_ws/install/robotnik_supervisor_msgs/share/robotnik_supervisor_msgs/cmake/robotnik_supervisor_msgs__rosidl_typesupport_introspection_cppExport-noconfig.cmake
-- Up-to-date: /home/admin/ros2_ws/install/robotnik_supervisor_msgs/share/robotnik_supervisor_msgs/cmake/robotnik_supervisor_msgs__rosidl_typesupport_cppExport.cmake
-- Up-to-date: /home/admin/ros2_ws/install/robotnik_supervisor_msgs/share/robotnik_supervisor_msgs/cmake/robotnik_supervisor_msgs__rosidl_typesupport_cppExport-noconfig.cmake
-- Up-to-date: /home/admin/ros2_ws/install/robotnik_supervisor_msgs/share/robotnik_supervisor_msgs/cmake/export_robotnik_supervisor_msgs__rosidl_generator_pyExport.cmake
-- Up-to-date: /home/admin/ros2_ws/install/robotnik_supervisor_msgs/share/robotnik_supervisor_msgs/cmake/export_robotnik_supervisor_msgs__rosidl_generator_pyExport-noconfig.cmake
-- Up-to-date: /home/admin/ros2_ws/install/robotnik_supervisor_msgs/share/robotnik_supervisor_msgs/cmake/rosidl_cmake-extras.cmake
-- Up-to-date: /home/admin/ros2_ws/install/robotnik_supervisor_msgs/share/robotnik_supervisor_msgs/cmake/ament_cmake_export_dependencies-extras.cmake
-- Up-to-date: /home/admin/ros2_ws/install/robotnik_supervisor_msgs/share/robotnik_supervisor_msgs/cmake/ament_cmake_export_include_directories-extras.cmake
-- Up-to-date: /home/admin/ros2_ws/install/robotnik_supervisor_msgs/share/robotnik_supervisor_msgs/cmake/ament_cmake_export_libraries-extras.cmake
-- Up-to-date: /home/admin/ros2_ws/install/robotnik_supervisor_msgs/share/robotnik_supervisor_msgs/cmake/ament_cmake_export_targets-extras.cmake
-- Up-to-date: /home/admin/ros2_ws/install/robotnik_supervisor_msgs/share/robotnik_supervisor_msgs/cmake/rosidl_cmake_export_typesupport_targets-extras.cmake
-- Up-to-date: /home/admin/ros2_ws/install/robotnik_supervisor_msgs/share/robotnik_supervisor_msgs/cmake/rosidl_cmake_export_typesupport_libraries-extras.cmake
-- Up-to-date: /home/admin/ros2_ws/install/robotnik_supervisor_msgs/share/robotnik_supervisor_msgs/cmake/robotnik_supervisor_msgsConfig.cmake
-- Up-to-date: /home/admin/ros2_ws/install/robotnik_supervisor_msgs/share/robotnik_supervisor_msgs/cmake/robotnik_supervisor_msgsConfig-version.cmake
-- Up-to-date: /home/admin/ros2_ws/install/robotnik_supervisor_msgs/share/robotnik_supervisor_msgs/package.xml
