[0.014s] Invoking command in '/home/admin/ros2_ws/build/robotnik_supervisor_msgs': CMAKE_PREFIX_PATH=/home/admin/ros2_ws/install/robotnik_common_msgs:/home/admin/ros2_ws/install/robotnik_supervisor_msgs:/home/admin/ros2_ws/install/robotnik_gazebo_ignition:/home/admin/ros2_ws/install/robotnik_gazebo_classic:/home/admin/ros2_ws/install/robotnik_description:/home/admin/ros2_ws/install/robotnik_sensors:/home/admin/ros2_ws/install/robotnik_interfaces:/home/admin/ros2_ws/install/robotnik_safety_msgs:/home/admin/ros2_ws/install/robotnik_perception_msgs:/home/admin/ros2_ws/install/robotnik_navigation_msgs:/home/admin/ros2_ws/install/robotnik_io_msgs:/home/admin/ros2_ws/install/robotnik_controllers_msgs:/home/admin/ros2_ws/install/robotnik_common:/home/admin/ros2_ws/install/robotnik_battery_msgs:/home/admin/ros2_ws/install/custom_gz:/opt/ros/humble LD_LIBRARY_PATH=/home/admin/ros2_ws/install/robotnik_common_msgs/lib:/home/admin/ros2_ws/install/robotnik_supervisor_msgs/lib:/home/admin/ros2_ws/install/robotnik_perception_msgs/lib:/home/admin/ros2_ws/install/robotnik_navigation_msgs/lib:/home/admin/ros2_ws/install/robotnik_io_msgs/lib:/home/admin/ros2_ws/install/robotnik_controllers_msgs/lib:/home/admin/ros2_ws/install/robotnik_battery_msgs/lib:/usr/lib/x86_64-linux-gnu/gazebo-11/plugins:/opt/ros/humble/opt/rviz_ogre_vendor/lib:/opt/ros/humble/lib/x86_64-linux-gnu:/opt/ros/humble/lib /usr/bin/cmake /home/admin/ros2_ws/src/robotnik_interfaces/robotnik_supervisor_msgs -DCMAKE_INSTALL_PREFIX=/home/admin/ros2_ws/install/robotnik_supervisor_msgs
[0.056s] -- The C compiler identification is GNU 11.4.0
[0.104s] -- The CXX compiler identification is GNU 11.4.0
[0.111s] -- Detecting C compiler ABI info
[0.177s] -- Detecting C compiler ABI info - done
[0.182s] -- Check for working C compiler: /usr/bin/cc - skipped
[0.182s] -- Detecting C compile features
[0.183s] -- Detecting C compile features - done
[0.185s] -- Detecting CXX compiler ABI info
[0.250s] -- Detecting CXX compiler ABI info - done
[0.257s] -- Check for working CXX compiler: /usr/bin/c++ - skipped
[0.257s] -- Detecting CXX compile features
[0.257s] -- Detecting CXX compile features - done
[0.260s] -- Found ament_cmake: 1.3.11 (/opt/ros/humble/share/ament_cmake/cmake)
[0.406s] -- Found Python3: /usr/bin/python3 (found version "3.10.12") found components: Interpreter 
[0.490s] -- Found builtin_interfaces: 1.2.1 (/opt/ros/humble/share/builtin_interfaces/cmake)
[0.518s] -- Found rosidl_generator_c: 3.1.6 (/opt/ros/humble/share/rosidl_generator_c/cmake)
[0.522s] -- Found rosidl_adapter: 3.1.6 (/opt/ros/humble/share/rosidl_adapter/cmake)
[0.528s] -- Found rosidl_generator_cpp: 3.1.6 (/opt/ros/humble/share/rosidl_generator_cpp/cmake)
[0.538s] -- Using all available rosidl_typesupport_c: rosidl_typesupport_fastrtps_c;rosidl_typesupport_introspection_c
[0.551s] -- Using all available rosidl_typesupport_cpp: rosidl_typesupport_fastrtps_cpp;rosidl_typesupport_introspection_cpp
[0.563s] -- Found rosidl_default_generators: 1.2.0 (/opt/ros/humble/share/rosidl_default_generators/cmake)
[0.570s] -- Found robotnik_common_msgs: 1.0.0 (/home/admin/ros2_ws/install/robotnik_common_msgs/share/robotnik_common_msgs/cmake)
[0.873s] -- Found ament_cmake_cppcheck: 0.12.12 (/opt/ros/humble/share/ament_cmake_cppcheck/cmake)
[0.876s] -- Found ament_cmake_cpplint: 0.12.12 (/opt/ros/humble/share/ament_cmake_cpplint/cmake)
[0.878s] -- Found ament_cmake_uncrustify: 0.12.12 (/opt/ros/humble/share/ament_cmake_uncrustify/cmake)
[0.880s] -- Found ament_cmake_ros: 0.10.0 (/opt/ros/humble/share/ament_cmake_ros/cmake)
[1.189s] -- Using all available rosidl_typesupport_c: rosidl_typesupport_fastrtps_c;rosidl_typesupport_introspection_c
[1.314s] -- Using all available rosidl_typesupport_cpp: rosidl_typesupport_fastrtps_cpp;rosidl_typesupport_introspection_cpp
[1.337s] -- Found PythonInterp: /usr/bin/python3 (found suitable version "3.10.12", minimum required is "3.6") 
[1.340s] -- Found python_cmake_module: 0.10.0 (/opt/ros/humble/share/python_cmake_module/cmake)
[1.365s] -- Found PythonLibs: /usr/lib/x86_64-linux-gnu/libpython3.10.so (found suitable version "3.10.12", minimum required is "3.5") 
[1.366s] -- Using PYTHON_EXECUTABLE: /usr/bin/python3
[1.366s] -- Using PYTHON_INCLUDE_DIRS: /usr/include/python3.10
[1.366s] -- Using PYTHON_LIBRARIES: /usr/lib/x86_64-linux-gnu/libpython3.10.so
[1.385s] -- Found PythonExtra: .so  
[1.444s] -- Found ament_cmake_flake8: 0.12.12 (/opt/ros/humble/share/ament_cmake_flake8/cmake)
[1.448s] -- Found ament_cmake_pep257: 0.12.12 (/opt/ros/humble/share/ament_cmake_pep257/cmake)
[1.451s] -- Found ament_lint_auto: 0.12.12 (/opt/ros/humble/share/ament_lint_auto/cmake)
[1.463s] -- Added test 'copyright' to check source files copyright and LICENSE
[1.463s] -- Added test 'lint_cmake' to check CMake code style
[1.464s] -- Added test 'xmllint' to check XML markup files
[1.466s] -- Configuring done
[1.519s] -- Generating done
[1.536s] -- Build files have been written to: /home/admin/ros2_ws/build/robotnik_supervisor_msgs
[1.546s] Invoked command in '/home/admin/ros2_ws/build/robotnik_supervisor_msgs' returned '0': CMAKE_PREFIX_PATH=/home/admin/ros2_ws/install/robotnik_common_msgs:/home/admin/ros2_ws/install/robotnik_supervisor_msgs:/home/admin/ros2_ws/install/robotnik_gazebo_ignition:/home/admin/ros2_ws/install/robotnik_gazebo_classic:/home/admin/ros2_ws/install/robotnik_description:/home/admin/ros2_ws/install/robotnik_sensors:/home/admin/ros2_ws/install/robotnik_interfaces:/home/admin/ros2_ws/install/robotnik_safety_msgs:/home/admin/ros2_ws/install/robotnik_perception_msgs:/home/admin/ros2_ws/install/robotnik_navigation_msgs:/home/admin/ros2_ws/install/robotnik_io_msgs:/home/admin/ros2_ws/install/robotnik_controllers_msgs:/home/admin/ros2_ws/install/robotnik_common:/home/admin/ros2_ws/install/robotnik_battery_msgs:/home/admin/ros2_ws/install/custom_gz:/opt/ros/humble LD_LIBRARY_PATH=/home/admin/ros2_ws/install/robotnik_common_msgs/lib:/home/admin/ros2_ws/install/robotnik_supervisor_msgs/lib:/home/admin/ros2_ws/install/robotnik_perception_msgs/lib:/home/admin/ros2_ws/install/robotnik_navigation_msgs/lib:/home/admin/ros2_ws/install/robotnik_io_msgs/lib:/home/admin/ros2_ws/install/robotnik_controllers_msgs/lib:/home/admin/ros2_ws/install/robotnik_battery_msgs/lib:/usr/lib/x86_64-linux-gnu/gazebo-11/plugins:/opt/ros/humble/opt/rviz_ogre_vendor/lib:/opt/ros/humble/lib/x86_64-linux-gnu:/opt/ros/humble/lib /usr/bin/cmake /home/admin/ros2_ws/src/robotnik_interfaces/robotnik_supervisor_msgs -DCMAKE_INSTALL_PREFIX=/home/admin/ros2_ws/install/robotnik_supervisor_msgs
[1.548s] Invoking command in '/home/admin/ros2_ws/build/robotnik_supervisor_msgs': CMAKE_PREFIX_PATH=/home/admin/ros2_ws/install/robotnik_common_msgs:/home/admin/ros2_ws/install/robotnik_supervisor_msgs:/home/admin/ros2_ws/install/robotnik_gazebo_ignition:/home/admin/ros2_ws/install/robotnik_gazebo_classic:/home/admin/ros2_ws/install/robotnik_description:/home/admin/ros2_ws/install/robotnik_sensors:/home/admin/ros2_ws/install/robotnik_interfaces:/home/admin/ros2_ws/install/robotnik_safety_msgs:/home/admin/ros2_ws/install/robotnik_perception_msgs:/home/admin/ros2_ws/install/robotnik_navigation_msgs:/home/admin/ros2_ws/install/robotnik_io_msgs:/home/admin/ros2_ws/install/robotnik_controllers_msgs:/home/admin/ros2_ws/install/robotnik_common:/home/admin/ros2_ws/install/robotnik_battery_msgs:/home/admin/ros2_ws/install/custom_gz:/opt/ros/humble LD_LIBRARY_PATH=/home/admin/ros2_ws/install/robotnik_common_msgs/lib:/home/admin/ros2_ws/install/robotnik_supervisor_msgs/lib:/home/admin/ros2_ws/install/robotnik_perception_msgs/lib:/home/admin/ros2_ws/install/robotnik_navigation_msgs/lib:/home/admin/ros2_ws/install/robotnik_io_msgs/lib:/home/admin/ros2_ws/install/robotnik_controllers_msgs/lib:/home/admin/ros2_ws/install/robotnik_battery_msgs/lib:/usr/lib/x86_64-linux-gnu/gazebo-11/plugins:/opt/ros/humble/opt/rviz_ogre_vendor/lib:/opt/ros/humble/lib/x86_64-linux-gnu:/opt/ros/humble/lib /usr/bin/cmake --build /home/admin/ros2_ws/build/robotnik_supervisor_msgs -- -j20 -l20
[1.595s] [  1%] [34m[1mGenerating C code for ROS interfaces[0m
[1.607s] [  1%] [34m[1mGenerating C++ code for ROS interfaces[0m
[1.617s] [  1%] Built target ament_cmake_python_copy_robotnik_supervisor_msgs
[2.672s] [  2%] [32mBuilding C object CMakeFiles/robotnik_supervisor_msgs__rosidl_generator_c.dir/rosidl_generator_c/robotnik_supervisor_msgs/srv/detail/get_module_list__functions.c.o[0m
[2.673s] [  3%] [32mBuilding C object CMakeFiles/robotnik_supervisor_msgs__rosidl_generator_c.dir/rosidl_generator_c/robotnik_supervisor_msgs/srv/detail/down_stack__functions.c.o[0m
[2.677s] [  4%] [32mBuilding C object CMakeFiles/robotnik_supervisor_msgs__rosidl_generator_c.dir/rosidl_generator_c/robotnik_supervisor_msgs/srv/detail/get_stack_logs__functions.c.o[0m
[2.678s] [  5%] [32mBuilding C object CMakeFiles/robotnik_supervisor_msgs__rosidl_generator_c.dir/rosidl_generator_c/robotnik_supervisor_msgs/srv/detail/get_stack_status__functions.c.o[0m
[2.680s] [  6%] [32mBuilding C object CMakeFiles/robotnik_supervisor_msgs__rosidl_generator_c.dir/rosidl_generator_c/robotnik_supervisor_msgs/srv/detail/get_stack_list__functions.c.o[0m
[2.690s] [  7%] [32mBuilding C object CMakeFiles/robotnik_supervisor_msgs__rosidl_generator_c.dir/rosidl_generator_c/robotnik_supervisor_msgs/srv/detail/start_module__functions.c.o[0m
[2.691s] [  8%] [32mBuilding C object CMakeFiles/robotnik_supervisor_msgs__rosidl_generator_c.dir/rosidl_generator_c/robotnik_supervisor_msgs/srv/detail/restart_stack__functions.c.o[0m
[2.715s] [  9%] [32mBuilding C object CMakeFiles/robotnik_supervisor_msgs__rosidl_generator_c.dir/rosidl_generator_c/robotnik_supervisor_msgs/srv/detail/start_stack__functions.c.o[0m
[2.730s] [ 10%] [32mBuilding C object CMakeFiles/robotnik_supervisor_msgs__rosidl_generator_c.dir/rosidl_generator_c/robotnik_supervisor_msgs/srv/detail/stop_stack__functions.c.o[0m
[2.813s] [ 11%] [32mBuilding C object CMakeFiles/robotnik_supervisor_msgs__rosidl_generator_c.dir/rosidl_generator_c/robotnik_supervisor_msgs/srv/detail/stop_module__functions.c.o[0m
[3.081s] running egg_info
[3.087s] creating robotnik_supervisor_msgs.egg-info
[3.089s] writing robotnik_supervisor_msgs.egg-info/PKG-INFO
[3.091s] writing dependency_links to robotnik_supervisor_msgs.egg-info/dependency_links.txt
[3.093s] writing top-level names to robotnik_supervisor_msgs.egg-info/top_level.txt
[3.095s] writing manifest file 'robotnik_supervisor_msgs.egg-info/SOURCES.txt'
[3.111s] reading manifest file 'robotnik_supervisor_msgs.egg-info/SOURCES.txt'
[3.115s] writing manifest file 'robotnik_supervisor_msgs.egg-info/SOURCES.txt'
[3.239s] [ 12%] [32m[1mLinking C shared library librobotnik_supervisor_msgs__rosidl_generator_c.so[0m
[3.256s] [ 12%] Built target ament_cmake_python_build_robotnik_supervisor_msgs_egg
[3.314s] [ 12%] Built target robotnik_supervisor_msgs__rosidl_generator_c
[3.342s] [ 13%] [34m[1mGenerating C introspection for ROS interfaces[0m
[3.347s] [ 14%] [34m[1mGenerating C type support for eProsima Fast-RTPS[0m
[3.386s] [ 15%] [34m[1mGenerating C type support dispatch for ROS interfaces[0m
[4.624s] [ 15%] Built target robotnik_supervisor_msgs__cpp
[4.774s] [ 16%] [34m[1mGenerating C++ introspection for ROS interfaces[0m
[4.812s] [ 17%] [34m[1mGenerating C++ type support for eProsima Fast-RTPS[0m
[4.859s] [ 18%] [34m[1mGenerating C++ type support dispatch for ROS interfaces[0m
[5.839s] [ 19%] [32mBuilding CXX object CMakeFiles/robotnik_supervisor_msgs__rosidl_typesupport_c.dir/rosidl_typesupport_c/robotnik_supervisor_msgs/srv/down_stack__type_support.cpp.o[0m
[5.840s] [ 20%] [32mBuilding CXX object CMakeFiles/robotnik_supervisor_msgs__rosidl_typesupport_c.dir/rosidl_typesupport_c/robotnik_supervisor_msgs/srv/get_stack_logs__type_support.cpp.o[0m
[5.843s] [ 21%] [32mBuilding CXX object CMakeFiles/robotnik_supervisor_msgs__rosidl_typesupport_c.dir/rosidl_typesupport_c/robotnik_supervisor_msgs/srv/restart_stack__type_support.cpp.o[0m
[5.849s] [ 22%] [32mBuilding CXX object CMakeFiles/robotnik_supervisor_msgs__rosidl_typesupport_c.dir/rosidl_typesupport_c/robotnik_supervisor_msgs/srv/start_module__type_support.cpp.o[0m
[5.854s] [ 23%] [32mBuilding CXX object CMakeFiles/robotnik_supervisor_msgs__rosidl_typesupport_c.dir/rosidl_typesupport_c/robotnik_supervisor_msgs/srv/get_stack_status__type_support.cpp.o[0m
[5.857s] [ 24%] [32mBuilding CXX object CMakeFiles/robotnik_supervisor_msgs__rosidl_typesupport_c.dir/rosidl_typesupport_c/robotnik_supervisor_msgs/srv/get_stack_list__type_support.cpp.o[0m
[5.857s] [ 24%] [32mBuilding CXX object CMakeFiles/robotnik_supervisor_msgs__rosidl_typesupport_c.dir/rosidl_typesupport_c/robotnik_supervisor_msgs/srv/stop_module__type_support.cpp.o[0m
[5.858s] [ 25%] [32mBuilding CXX object CMakeFiles/robotnik_supervisor_msgs__rosidl_typesupport_c.dir/rosidl_typesupport_c/robotnik_supervisor_msgs/srv/start_stack__type_support.cpp.o[0m
[5.863s] [ 26%] [32mBuilding CXX object CMakeFiles/robotnik_supervisor_msgs__rosidl_typesupport_c.dir/rosidl_typesupport_c/robotnik_supervisor_msgs/srv/get_module_list__type_support.cpp.o[0m
[5.883s] [ 27%] [32mBuilding CXX object CMakeFiles/robotnik_supervisor_msgs__rosidl_typesupport_c.dir/rosidl_typesupport_c/robotnik_supervisor_msgs/srv/stop_stack__type_support.cpp.o[0m
[6.058s] [ 28%] [32m[1mLinking CXX shared library librobotnik_supervisor_msgs__rosidl_typesupport_c.so[0m
[6.067s] [ 29%] [32mBuilding C object CMakeFiles/robotnik_supervisor_msgs__rosidl_typesupport_introspection_c.dir/rosidl_typesupport_introspection_c/robotnik_supervisor_msgs/srv/detail/get_module_list__type_support.c.o[0m
[6.075s] [ 31%] [32mBuilding C object CMakeFiles/robotnik_supervisor_msgs__rosidl_typesupport_introspection_c.dir/rosidl_typesupport_introspection_c/robotnik_supervisor_msgs/srv/detail/get_stack_logs__type_support.c.o[0m
[6.075s] [ 31%] [32mBuilding C object CMakeFiles/robotnik_supervisor_msgs__rosidl_typesupport_introspection_c.dir/rosidl_typesupport_introspection_c/robotnik_supervisor_msgs/srv/detail/get_stack_list__type_support.c.o[0m
[6.078s] [ 32%] [32mBuilding C object CMakeFiles/robotnik_supervisor_msgs__rosidl_typesupport_introspection_c.dir/rosidl_typesupport_introspection_c/robotnik_supervisor_msgs/srv/detail/restart_stack__type_support.c.o[0m
[6.079s] [ 33%] [32mBuilding C object CMakeFiles/robotnik_supervisor_msgs__rosidl_typesupport_introspection_c.dir/rosidl_typesupport_introspection_c/robotnik_supervisor_msgs/srv/detail/get_stack_status__type_support.c.o[0m
[6.083s] [ 34%] [32mBuilding C object CMakeFiles/robotnik_supervisor_msgs__rosidl_typesupport_introspection_c.dir/rosidl_typesupport_introspection_c/robotnik_supervisor_msgs/srv/detail/down_stack__type_support.c.o[0m
[6.107s] [ 35%] [32mBuilding C object CMakeFiles/robotnik_supervisor_msgs__rosidl_typesupport_introspection_c.dir/rosidl_typesupport_introspection_c/robotnik_supervisor_msgs/srv/detail/start_module__type_support.c.o[0m
[6.114s] [ 36%] [32mBuilding C object CMakeFiles/robotnik_supervisor_msgs__rosidl_typesupport_introspection_c.dir/rosidl_typesupport_introspection_c/robotnik_supervisor_msgs/srv/detail/stop_module__type_support.c.o[0m
[6.122s] [ 37%] [32mBuilding C object CMakeFiles/robotnik_supervisor_msgs__rosidl_typesupport_introspection_c.dir/rosidl_typesupport_introspection_c/robotnik_supervisor_msgs/srv/detail/stop_stack__type_support.c.o[0m
[6.128s] [ 38%] [32mBuilding C object CMakeFiles/robotnik_supervisor_msgs__rosidl_typesupport_introspection_c.dir/rosidl_typesupport_introspection_c/robotnik_supervisor_msgs/srv/detail/start_stack__type_support.c.o[0m
[6.261s] [ 38%] Built target robotnik_supervisor_msgs__rosidl_typesupport_c
[6.505s] [ 39%] [32m[1mLinking C shared library librobotnik_supervisor_msgs__rosidl_typesupport_introspection_c.so[0m
[7.056s] [ 39%] Built target robotnik_supervisor_msgs__rosidl_typesupport_introspection_c
[7.180s] [ 40%] [32mBuilding CXX object CMakeFiles/robotnik_supervisor_msgs__rosidl_typesupport_fastrtps_c.dir/rosidl_typesupport_fastrtps_c/robotnik_supervisor_msgs/srv/detail/get_module_list__type_support_c.cpp.o[0m
[7.183s] [ 41%] [32mBuilding CXX object CMakeFiles/robotnik_supervisor_msgs__rosidl_typesupport_fastrtps_c.dir/rosidl_typesupport_fastrtps_c/robotnik_supervisor_msgs/srv/detail/get_stack_list__type_support_c.cpp.o[0m
[7.184s] [ 42%] [32mBuilding CXX object CMakeFiles/robotnik_supervisor_msgs__rosidl_typesupport_fastrtps_c.dir/rosidl_typesupport_fastrtps_c/robotnik_supervisor_msgs/srv/detail/get_stack_status__type_support_c.cpp.o[0m
[7.186s] [ 43%] [32mBuilding CXX object CMakeFiles/robotnik_supervisor_msgs__rosidl_typesupport_fastrtps_c.dir/rosidl_typesupport_fastrtps_c/robotnik_supervisor_msgs/srv/detail/get_stack_logs__type_support_c.cpp.o[0m
[7.197s] [ 44%] [32mBuilding CXX object CMakeFiles/robotnik_supervisor_msgs__rosidl_typesupport_fastrtps_c.dir/rosidl_typesupport_fastrtps_c/robotnik_supervisor_msgs/srv/detail/restart_stack__type_support_c.cpp.o[0m
[7.199s] [ 45%] [32mBuilding CXX object CMakeFiles/robotnik_supervisor_msgs__rosidl_typesupport_fastrtps_c.dir/rosidl_typesupport_fastrtps_c/robotnik_supervisor_msgs/srv/detail/start_stack__type_support_c.cpp.o[0m
[7.230s] [ 47%] [32mBuilding CXX object CMakeFiles/robotnik_supervisor_msgs__rosidl_typesupport_introspection_cpp.dir/rosidl_typesupport_introspection_cpp/robotnik_supervisor_msgs/srv/detail/down_stack__type_support.cpp.o[0m
[7.230s] [ 47%] [32mBuilding CXX object CMakeFiles/robotnik_supervisor_msgs__rosidl_typesupport_fastrtps_c.dir/rosidl_typesupport_fastrtps_c/robotnik_supervisor_msgs/srv/detail/stop_stack__type_support_c.cpp.o[0m
[7.254s] [ 48%] [32mBuilding CXX object CMakeFiles/robotnik_supervisor_msgs__rosidl_typesupport_introspection_cpp.dir/rosidl_typesupport_introspection_cpp/robotnik_supervisor_msgs/srv/detail/get_stack_status__type_support.cpp.o[0m
[7.263s] [ 49%] [32mBuilding CXX object CMakeFiles/robotnik_supervisor_msgs__rosidl_typesupport_introspection_cpp.dir/rosidl_typesupport_introspection_cpp/robotnik_supervisor_msgs/srv/detail/start_stack__type_support.cpp.o[0m
[7.264s] [ 50%] [32mBuilding CXX object CMakeFiles/robotnik_supervisor_msgs__rosidl_typesupport_introspection_cpp.dir/rosidl_typesupport_introspection_cpp/robotnik_supervisor_msgs/srv/detail/start_module__type_support.cpp.o[0m
[7.347s] [ 51%] [32mBuilding CXX object CMakeFiles/robotnik_supervisor_msgs__rosidl_typesupport_fastrtps_c.dir/rosidl_typesupport_fastrtps_c/robotnik_supervisor_msgs/srv/detail/down_stack__type_support_c.cpp.o[0m
[7.357s] [ 52%] [32mBuilding CXX object CMakeFiles/robotnik_supervisor_msgs__rosidl_typesupport_introspection_cpp.dir/rosidl_typesupport_introspection_cpp/robotnik_supervisor_msgs/srv/detail/get_stack_list__type_support.cpp.o[0m
[7.368s] [ 53%] [32mBuilding CXX object CMakeFiles/robotnik_supervisor_msgs__rosidl_typesupport_fastrtps_c.dir/rosidl_typesupport_fastrtps_c/robotnik_supervisor_msgs/srv/detail/stop_module__type_support_c.cpp.o[0m
[7.368s] [ 54%] [32mBuilding CXX object CMakeFiles/robotnik_supervisor_msgs__rosidl_typesupport_introspection_cpp.dir/rosidl_typesupport_introspection_cpp/robotnik_supervisor_msgs/srv/detail/get_stack_logs__type_support.cpp.o[0m
[7.404s] [ 55%] [32mBuilding CXX object CMakeFiles/robotnik_supervisor_msgs__rosidl_typesupport_introspection_cpp.dir/rosidl_typesupport_introspection_cpp/robotnik_supervisor_msgs/srv/detail/get_module_list__type_support.cpp.o[0m
[7.419s] [ 56%] [32mBuilding CXX object CMakeFiles/robotnik_supervisor_msgs__rosidl_typesupport_introspection_cpp.dir/rosidl_typesupport_introspection_cpp/robotnik_supervisor_msgs/srv/detail/restart_stack__type_support.cpp.o[0m
[7.434s] [ 57%] [32mBuilding CXX object CMakeFiles/robotnik_supervisor_msgs__rosidl_typesupport_fastrtps_c.dir/rosidl_typesupport_fastrtps_c/robotnik_supervisor_msgs/srv/detail/start_module__type_support_c.cpp.o[0m
[7.827s] [ 58%] [32mBuilding CXX object CMakeFiles/robotnik_supervisor_msgs__rosidl_typesupport_introspection_cpp.dir/rosidl_typesupport_introspection_cpp/robotnik_supervisor_msgs/srv/detail/stop_module__type_support.cpp.o[0m
[7.871s] [ 59%] [32mBuilding CXX object CMakeFiles/robotnik_supervisor_msgs__rosidl_typesupport_introspection_cpp.dir/rosidl_typesupport_introspection_cpp/robotnik_supervisor_msgs/srv/detail/stop_stack__type_support.cpp.o[0m
[8.940s] [ 62%] [32mBuilding CXX object CMakeFiles/robotnik_supervisor_msgs__rosidl_typesupport_cpp.dir/rosidl_typesupport_cpp/robotnik_supervisor_msgs/srv/get_module_list__type_support.cpp.o[0m
[8.941s] [ 63%] [32mBuilding CXX object CMakeFiles/robotnik_supervisor_msgs__rosidl_typesupport_cpp.dir/rosidl_typesupport_cpp/robotnik_supervisor_msgs/srv/restart_stack__type_support.cpp.o[0m
[8.942s] [ 60%] [32mBuilding CXX object CMakeFiles/robotnik_supervisor_msgs__rosidl_typesupport_cpp.dir/rosidl_typesupport_cpp/robotnik_supervisor_msgs/srv/get_stack_logs__type_support.cpp.o[0m
[8.942s] [ 63%] [32mBuilding CXX object CMakeFiles/robotnik_supervisor_msgs__rosidl_typesupport_cpp.dir/rosidl_typesupport_cpp/robotnik_supervisor_msgs/srv/get_stack_status__type_support.cpp.o[0m
[8.942s] [ 64%] [32mBuilding CXX object CMakeFiles/robotnik_supervisor_msgs__rosidl_typesupport_cpp.dir/rosidl_typesupport_cpp/robotnik_supervisor_msgs/srv/down_stack__type_support.cpp.o[0m
[8.944s] [ 65%] [32mBuilding CXX object CMakeFiles/robotnik_supervisor_msgs__rosidl_typesupport_cpp.dir/rosidl_typesupport_cpp/robotnik_supervisor_msgs/srv/get_stack_list__type_support.cpp.o[0m
[8.949s] [ 66%] [32mBuilding CXX object CMakeFiles/robotnik_supervisor_msgs__rosidl_typesupport_cpp.dir/rosidl_typesupport_cpp/robotnik_supervisor_msgs/srv/start_module__type_support.cpp.o[0m
[8.949s] [ 67%] [32mBuilding CXX object CMakeFiles/robotnik_supervisor_msgs__rosidl_typesupport_cpp.dir/rosidl_typesupport_cpp/robotnik_supervisor_msgs/srv/start_stack__type_support.cpp.o[0m
[9.003s] [ 68%] [32mBuilding CXX object CMakeFiles/robotnik_supervisor_msgs__rosidl_typesupport_cpp.dir/rosidl_typesupport_cpp/robotnik_supervisor_msgs/srv/stop_stack__type_support.cpp.o[0m
[9.039s] [ 69%] [32mBuilding CXX object CMakeFiles/robotnik_supervisor_msgs__rosidl_typesupport_cpp.dir/rosidl_typesupport_cpp/robotnik_supervisor_msgs/srv/stop_module__type_support.cpp.o[0m
[9.676s] [ 70%] [32mBuilding CXX object CMakeFiles/robotnik_supervisor_msgs__rosidl_typesupport_fastrtps_cpp.dir/rosidl_typesupport_fastrtps_cpp/robotnik_supervisor_msgs/srv/detail/dds_fastrtps/get_module_list__type_support.cpp.o[0m
[9.685s] [ 71%] [32mBuilding CXX object CMakeFiles/robotnik_supervisor_msgs__rosidl_typesupport_fastrtps_cpp.dir/rosidl_typesupport_fastrtps_cpp/robotnik_supervisor_msgs/srv/detail/dds_fastrtps/down_stack__type_support.cpp.o[0m
[9.689s] [ 72%] [32m[1mLinking CXX shared library librobotnik_supervisor_msgs__rosidl_typesupport_fastrtps_c.so[0m
[9.758s] [ 73%] [32mBuilding CXX object CMakeFiles/robotnik_supervisor_msgs__rosidl_typesupport_fastrtps_cpp.dir/rosidl_typesupport_fastrtps_cpp/robotnik_supervisor_msgs/srv/detail/dds_fastrtps/get_stack_list__type_support.cpp.o[0m
[9.758s] [ 73%] [32mBuilding CXX object CMakeFiles/robotnik_supervisor_msgs__rosidl_typesupport_fastrtps_cpp.dir/rosidl_typesupport_fastrtps_cpp/robotnik_supervisor_msgs/srv/detail/dds_fastrtps/restart_stack__type_support.cpp.o[0m
[9.758s] [ 74%] [32mBuilding CXX object CMakeFiles/robotnik_supervisor_msgs__rosidl_typesupport_fastrtps_cpp.dir/rosidl_typesupport_fastrtps_cpp/robotnik_supervisor_msgs/srv/detail/dds_fastrtps/get_stack_logs__type_support.cpp.o[0m
[9.762s] [ 75%] [32mBuilding CXX object CMakeFiles/robotnik_supervisor_msgs__rosidl_typesupport_fastrtps_cpp.dir/rosidl_typesupport_fastrtps_cpp/robotnik_supervisor_msgs/srv/detail/dds_fastrtps/start_stack__type_support.cpp.o[0m
[9.764s] [ 76%] [32mBuilding CXX object CMakeFiles/robotnik_supervisor_msgs__rosidl_typesupport_fastrtps_cpp.dir/rosidl_typesupport_fastrtps_cpp/robotnik_supervisor_msgs/srv/detail/dds_fastrtps/start_module__type_support.cpp.o[0m
[9.769s] [ 77%] [32mBuilding CXX object CMakeFiles/robotnik_supervisor_msgs__rosidl_typesupport_fastrtps_cpp.dir/rosidl_typesupport_fastrtps_cpp/robotnik_supervisor_msgs/srv/detail/dds_fastrtps/stop_stack__type_support.cpp.o[0m
[9.770s] [ 78%] [32mBuilding CXX object CMakeFiles/robotnik_supervisor_msgs__rosidl_typesupport_fastrtps_cpp.dir/rosidl_typesupport_fastrtps_cpp/robotnik_supervisor_msgs/srv/detail/dds_fastrtps/stop_module__type_support.cpp.o[0m
[9.844s] [ 79%] [32mBuilding CXX object CMakeFiles/robotnik_supervisor_msgs__rosidl_typesupport_fastrtps_cpp.dir/rosidl_typesupport_fastrtps_cpp/robotnik_supervisor_msgs/srv/detail/dds_fastrtps/get_stack_status__type_support.cpp.o[0m
[9.852s] [ 79%] Built target robotnik_supervisor_msgs__rosidl_typesupport_fastrtps_c
[10.132s] [ 80%] [32m[1mLinking CXX shared library librobotnik_supervisor_msgs__rosidl_typesupport_cpp.so[0m
[10.268s] [ 80%] Built target robotnik_supervisor_msgs__rosidl_typesupport_cpp
[10.696s] [ 81%] [32m[1mLinking CXX shared library librobotnik_supervisor_msgs__rosidl_typesupport_introspection_cpp.so[0m
[10.825s] [ 81%] Built target robotnik_supervisor_msgs__rosidl_typesupport_introspection_cpp
[10.977s] [ 82%] [32m[1mLinking CXX shared library librobotnik_supervisor_msgs__rosidl_typesupport_fastrtps_cpp.so[0m
[11.082s] [ 82%] Built target robotnik_supervisor_msgs__rosidl_typesupport_fastrtps_cpp
[11.116s] [ 82%] Built target robotnik_supervisor_msgs
[11.144s] [ 83%] [34m[1mGenerating Python code for ROS interfaces[0m
[12.657s] [ 83%] Built target robotnik_supervisor_msgs__py
[12.685s] [ 85%] [32mBuilding C object CMakeFiles/robotnik_supervisor_msgs__rosidl_generator_py.dir/rosidl_generator_py/robotnik_supervisor_msgs/srv/_get_stack_status_s.c.o[0m
[12.685s] [ 85%] [32mBuilding C object CMakeFiles/robotnik_supervisor_msgs__rosidl_generator_py.dir/rosidl_generator_py/robotnik_supervisor_msgs/srv/_down_stack_s.c.o[0m
[12.687s] [ 87%] [32mBuilding C object CMakeFiles/robotnik_supervisor_msgs__rosidl_generator_py.dir/rosidl_generator_py/robotnik_supervisor_msgs/srv/_stop_module_s.c.o[0m
[12.687s] [ 87%] [32mBuilding C object CMakeFiles/robotnik_supervisor_msgs__rosidl_generator_py.dir/rosidl_generator_py/robotnik_supervisor_msgs/srv/_start_module_s.c.o[0m
[12.687s] [ 88%] [32mBuilding C object CMakeFiles/robotnik_supervisor_msgs__rosidl_generator_py.dir/rosidl_generator_py/robotnik_supervisor_msgs/srv/_get_stack_list_s.c.o[0m
[12.690s] [ 89%] [32mBuilding C object CMakeFiles/robotnik_supervisor_msgs__rosidl_generator_py.dir/rosidl_generator_py/robotnik_supervisor_msgs/srv/_get_stack_logs_s.c.o[0m
[12.692s] [ 90%] [32mBuilding C object CMakeFiles/robotnik_supervisor_msgs__rosidl_generator_py.dir/rosidl_generator_py/robotnik_supervisor_msgs/srv/_stop_stack_s.c.o[0m
[12.693s] [ 91%] [32mBuilding C object CMakeFiles/robotnik_supervisor_msgs__rosidl_generator_py.dir/rosidl_generator_py/robotnik_supervisor_msgs/srv/_get_module_list_s.c.o[0m
[12.693s] [ 92%] [32mBuilding C object CMakeFiles/robotnik_supervisor_msgs__rosidl_generator_py.dir/rosidl_generator_py/robotnik_supervisor_msgs/srv/_restart_stack_s.c.o[0m
[12.696s] [ 93%] [32mBuilding C object CMakeFiles/robotnik_supervisor_msgs__rosidl_generator_py.dir/rosidl_generator_py/robotnik_supervisor_msgs/srv/_start_stack_s.c.o[0m
[13.207s] [ 94%] [32m[1mLinking C shared library rosidl_generator_py/robotnik_supervisor_msgs/librobotnik_supervisor_msgs__rosidl_generator_py.so[0m
[13.256s] [ 94%] Built target robotnik_supervisor_msgs__rosidl_generator_py
[13.275s] [ 96%] [32mBuilding C object CMakeFiles/robotnik_supervisor_msgs__rosidl_typesupport_c__pyext.dir/rosidl_generator_py/robotnik_supervisor_msgs/_robotnik_supervisor_msgs_s.ep.rosidl_typesupport_c.c.o[0m
[13.275s] [ 96%] [32mBuilding C object CMakeFiles/robotnik_supervisor_msgs__rosidl_typesupport_introspection_c__pyext.dir/rosidl_generator_py/robotnik_supervisor_msgs/_robotnik_supervisor_msgs_s.ep.rosidl_typesupport_introspection_c.c.o[0m
[13.276s] [ 97%] [32mBuilding C object CMakeFiles/robotnik_supervisor_msgs__rosidl_typesupport_fastrtps_c__pyext.dir/rosidl_generator_py/robotnik_supervisor_msgs/_robotnik_supervisor_msgs_s.ep.rosidl_typesupport_fastrtps_c.c.o[0m
[13.410s] [ 98%] [32m[1mLinking C shared library rosidl_generator_py/robotnik_supervisor_msgs/robotnik_supervisor_msgs_s__rosidl_typesupport_c.cpython-310-x86_64-linux-gnu.so[0m
[13.414s] [ 99%] [32m[1mLinking C shared library rosidl_generator_py/robotnik_supervisor_msgs/robotnik_supervisor_msgs_s__rosidl_typesupport_fastrtps_c.cpython-310-x86_64-linux-gnu.so[0m
[13.416s] [100%] [32m[1mLinking C shared library rosidl_generator_py/robotnik_supervisor_msgs/robotnik_supervisor_msgs_s__rosidl_typesupport_introspection_c.cpython-310-x86_64-linux-gnu.so[0m
[13.449s] [100%] Built target robotnik_supervisor_msgs__rosidl_typesupport_fastrtps_c__pyext
[13.450s] [100%] Built target robotnik_supervisor_msgs__rosidl_typesupport_c__pyext
[13.454s] [100%] Built target robotnik_supervisor_msgs__rosidl_typesupport_introspection_c__pyext
[13.466s] Invoked command in '/home/admin/ros2_ws/build/robotnik_supervisor_msgs' returned '0': CMAKE_PREFIX_PATH=/home/admin/ros2_ws/install/robotnik_common_msgs:/home/admin/ros2_ws/install/robotnik_supervisor_msgs:/home/admin/ros2_ws/install/robotnik_gazebo_ignition:/home/admin/ros2_ws/install/robotnik_gazebo_classic:/home/admin/ros2_ws/install/robotnik_description:/home/admin/ros2_ws/install/robotnik_sensors:/home/admin/ros2_ws/install/robotnik_interfaces:/home/admin/ros2_ws/install/robotnik_safety_msgs:/home/admin/ros2_ws/install/robotnik_perception_msgs:/home/admin/ros2_ws/install/robotnik_navigation_msgs:/home/admin/ros2_ws/install/robotnik_io_msgs:/home/admin/ros2_ws/install/robotnik_controllers_msgs:/home/admin/ros2_ws/install/robotnik_common:/home/admin/ros2_ws/install/robotnik_battery_msgs:/home/admin/ros2_ws/install/custom_gz:/opt/ros/humble LD_LIBRARY_PATH=/home/admin/ros2_ws/install/robotnik_common_msgs/lib:/home/admin/ros2_ws/install/robotnik_supervisor_msgs/lib:/home/admin/ros2_ws/install/robotnik_perception_msgs/lib:/home/admin/ros2_ws/install/robotnik_navigation_msgs/lib:/home/admin/ros2_ws/install/robotnik_io_msgs/lib:/home/admin/ros2_ws/install/robotnik_controllers_msgs/lib:/home/admin/ros2_ws/install/robotnik_battery_msgs/lib:/usr/lib/x86_64-linux-gnu/gazebo-11/plugins:/opt/ros/humble/opt/rviz_ogre_vendor/lib:/opt/ros/humble/lib/x86_64-linux-gnu:/opt/ros/humble/lib /usr/bin/cmake --build /home/admin/ros2_ws/build/robotnik_supervisor_msgs -- -j20 -l20
[13.468s] Invoking command in '/home/admin/ros2_ws/build/robotnik_supervisor_msgs': CMAKE_PREFIX_PATH=/home/admin/ros2_ws/install/robotnik_common_msgs:/home/admin/ros2_ws/install/robotnik_supervisor_msgs:/home/admin/ros2_ws/install/robotnik_gazebo_ignition:/home/admin/ros2_ws/install/robotnik_gazebo_classic:/home/admin/ros2_ws/install/robotnik_description:/home/admin/ros2_ws/install/robotnik_sensors:/home/admin/ros2_ws/install/robotnik_interfaces:/home/admin/ros2_ws/install/robotnik_safety_msgs:/home/admin/ros2_ws/install/robotnik_perception_msgs:/home/admin/ros2_ws/install/robotnik_navigation_msgs:/home/admin/ros2_ws/install/robotnik_io_msgs:/home/admin/ros2_ws/install/robotnik_controllers_msgs:/home/admin/ros2_ws/install/robotnik_common:/home/admin/ros2_ws/install/robotnik_battery_msgs:/home/admin/ros2_ws/install/custom_gz:/opt/ros/humble LD_LIBRARY_PATH=/home/admin/ros2_ws/install/robotnik_common_msgs/lib:/home/admin/ros2_ws/install/robotnik_supervisor_msgs/lib:/home/admin/ros2_ws/install/robotnik_perception_msgs/lib:/home/admin/ros2_ws/install/robotnik_navigation_msgs/lib:/home/admin/ros2_ws/install/robotnik_io_msgs/lib:/home/admin/ros2_ws/install/robotnik_controllers_msgs/lib:/home/admin/ros2_ws/install/robotnik_battery_msgs/lib:/usr/lib/x86_64-linux-gnu/gazebo-11/plugins:/opt/ros/humble/opt/rviz_ogre_vendor/lib:/opt/ros/humble/lib/x86_64-linux-gnu:/opt/ros/humble/lib /usr/bin/cmake --install /home/admin/ros2_ws/build/robotnik_supervisor_msgs
[13.475s] -- Install configuration: ""
[13.475s] -- Installing: /home/admin/ros2_ws/install/robotnik_supervisor_msgs/share/ament_index/resource_index/rosidl_interfaces/robotnik_supervisor_msgs
[13.475s] -- Installing: /home/admin/ros2_ws/install/robotnik_supervisor_msgs/include/robotnik_supervisor_msgs/robotnik_supervisor_msgs
[13.475s] -- Installing: /home/admin/ros2_ws/install/robotnik_supervisor_msgs/include/robotnik_supervisor_msgs/robotnik_supervisor_msgs/srv
[13.475s] -- Installing: /home/admin/ros2_ws/install/robotnik_supervisor_msgs/include/robotnik_supervisor_msgs/robotnik_supervisor_msgs/srv/get_stack_logs.h
[13.475s] -- Installing: /home/admin/ros2_ws/install/robotnik_supervisor_msgs/include/robotnik_supervisor_msgs/robotnik_supervisor_msgs/srv/detail
[13.475s] -- Installing: /home/admin/ros2_ws/install/robotnik_supervisor_msgs/include/robotnik_supervisor_msgs/robotnik_supervisor_msgs/srv/detail/get_stack_status__type_support.h
[13.475s] -- Installing: /home/admin/ros2_ws/install/robotnik_supervisor_msgs/include/robotnik_supervisor_msgs/robotnik_supervisor_msgs/srv/detail/start_module__functions.c
[13.476s] -- Installing: /home/admin/ros2_ws/install/robotnik_supervisor_msgs/include/robotnik_supervisor_msgs/robotnik_supervisor_msgs/srv/detail/get_stack_list__type_support.h
[13.476s] -- Installing: /home/admin/ros2_ws/install/robotnik_supervisor_msgs/include/robotnik_supervisor_msgs/robotnik_supervisor_msgs/srv/detail/start_stack__functions.h
[13.476s] -- Installing: /home/admin/ros2_ws/install/robotnik_supervisor_msgs/include/robotnik_supervisor_msgs/robotnik_supervisor_msgs/srv/detail/get_stack_list__functions.c
[13.476s] -- Installing: /home/admin/ros2_ws/install/robotnik_supervisor_msgs/include/robotnik_supervisor_msgs/robotnik_supervisor_msgs/srv/detail/stop_stack__struct.h
[13.476s] -- Installing: /home/admin/ros2_ws/install/robotnik_supervisor_msgs/include/robotnik_supervisor_msgs/robotnik_supervisor_msgs/srv/detail/get_stack_logs__type_support.h
[13.476s] -- Installing: /home/admin/ros2_ws/install/robotnik_supervisor_msgs/include/robotnik_supervisor_msgs/robotnik_supervisor_msgs/srv/detail/get_module_list__type_support.h
[13.476s] -- Installing: /home/admin/ros2_ws/install/robotnik_supervisor_msgs/include/robotnik_supervisor_msgs/robotnik_supervisor_msgs/srv/detail/start_stack__struct.h
[13.476s] -- Installing: /home/admin/ros2_ws/install/robotnik_supervisor_msgs/include/robotnik_supervisor_msgs/robotnik_supervisor_msgs/srv/detail/start_module__struct.h
[13.476s] -- Installing: /home/admin/ros2_ws/install/robotnik_supervisor_msgs/include/robotnik_supervisor_msgs/robotnik_supervisor_msgs/srv/detail/start_stack__functions.c
[13.476s] -- Installing: /home/admin/ros2_ws/install/robotnik_supervisor_msgs/include/robotnik_supervisor_msgs/robotnik_supervisor_msgs/srv/detail/get_module_list__functions.c
[13.476s] -- Installing: /home/admin/ros2_ws/install/robotnik_supervisor_msgs/include/robotnik_supervisor_msgs/robotnik_supervisor_msgs/srv/detail/restart_stack__functions.c
[13.476s] -- Installing: /home/admin/ros2_ws/install/robotnik_supervisor_msgs/include/robotnik_supervisor_msgs/robotnik_supervisor_msgs/srv/detail/get_stack_list__struct.h
[13.476s] -- Installing: /home/admin/ros2_ws/install/robotnik_supervisor_msgs/include/robotnik_supervisor_msgs/robotnik_supervisor_msgs/srv/detail/get_module_list__struct.h
[13.476s] -- Installing: /home/admin/ros2_ws/install/robotnik_supervisor_msgs/include/robotnik_supervisor_msgs/robotnik_supervisor_msgs/srv/detail/stop_module__functions.c
[13.476s] -- Installing: /home/admin/ros2_ws/install/robotnik_supervisor_msgs/include/robotnik_supervisor_msgs/robotnik_supervisor_msgs/srv/detail/get_stack_logs__functions.h
[13.476s] -- Installing: /home/admin/ros2_ws/install/robotnik_supervisor_msgs/include/robotnik_supervisor_msgs/robotnik_supervisor_msgs/srv/detail/start_module__functions.h
[13.477s] -- Installing: /home/admin/ros2_ws/install/robotnik_supervisor_msgs/include/robotnik_supervisor_msgs/robotnik_supervisor_msgs/srv/detail/stop_module__struct.h
[13.477s] -- Installing: /home/admin/ros2_ws/install/robotnik_supervisor_msgs/include/robotnik_supervisor_msgs/robotnik_supervisor_msgs/srv/detail/get_stack_logs__functions.c
[13.477s] -- Installing: /home/admin/ros2_ws/install/robotnik_supervisor_msgs/include/robotnik_supervisor_msgs/robotnik_supervisor_msgs/srv/detail/restart_stack__functions.h
[13.477s] -- Installing: /home/admin/ros2_ws/install/robotnik_supervisor_msgs/include/robotnik_supervisor_msgs/robotnik_supervisor_msgs/srv/detail/stop_stack__type_support.h
[13.477s] -- Installing: /home/admin/ros2_ws/install/robotnik_supervisor_msgs/include/robotnik_supervisor_msgs/robotnik_supervisor_msgs/srv/detail/get_stack_list__functions.h
[13.477s] -- Installing: /home/admin/ros2_ws/install/robotnik_supervisor_msgs/include/robotnik_supervisor_msgs/robotnik_supervisor_msgs/srv/detail/restart_stack__type_support.h
[13.477s] -- Installing: /home/admin/ros2_ws/install/robotnik_supervisor_msgs/include/robotnik_supervisor_msgs/robotnik_supervisor_msgs/srv/detail/down_stack__functions.c
[13.477s] -- Installing: /home/admin/ros2_ws/install/robotnik_supervisor_msgs/include/robotnik_supervisor_msgs/robotnik_supervisor_msgs/srv/detail/get_stack_logs__struct.h
[13.477s] -- Installing: /home/admin/ros2_ws/install/robotnik_supervisor_msgs/include/robotnik_supervisor_msgs/robotnik_supervisor_msgs/srv/detail/start_module__type_support.h
[13.477s] -- Installing: /home/admin/ros2_ws/install/robotnik_supervisor_msgs/include/robotnik_supervisor_msgs/robotnik_supervisor_msgs/srv/detail/stop_module__functions.h
[13.477s] -- Installing: /home/admin/ros2_ws/install/robotnik_supervisor_msgs/include/robotnik_supervisor_msgs/robotnik_supervisor_msgs/srv/detail/stop_stack__functions.c
[13.477s] -- Installing: /home/admin/ros2_ws/install/robotnik_supervisor_msgs/include/robotnik_supervisor_msgs/robotnik_supervisor_msgs/srv/detail/down_stack__struct.h
[13.477s] -- Installing: /home/admin/ros2_ws/install/robotnik_supervisor_msgs/include/robotnik_supervisor_msgs/robotnik_supervisor_msgs/srv/detail/get_module_list__functions.h
[13.477s] -- Installing: /home/admin/ros2_ws/install/robotnik_supervisor_msgs/include/robotnik_supervisor_msgs/robotnik_supervisor_msgs/srv/detail/down_stack__type_support.h
[13.477s] -- Installing: /home/admin/ros2_ws/install/robotnik_supervisor_msgs/include/robotnik_supervisor_msgs/robotnik_supervisor_msgs/srv/detail/start_stack__type_support.h
[13.478s] -- Installing: /home/admin/ros2_ws/install/robotnik_supervisor_msgs/include/robotnik_supervisor_msgs/robotnik_supervisor_msgs/srv/detail/get_stack_status__struct.h
[13.478s] -- Installing: /home/admin/ros2_ws/install/robotnik_supervisor_msgs/include/robotnik_supervisor_msgs/robotnik_supervisor_msgs/srv/detail/stop_stack__functions.h
[13.478s] -- Installing: /home/admin/ros2_ws/install/robotnik_supervisor_msgs/include/robotnik_supervisor_msgs/robotnik_supervisor_msgs/srv/detail/restart_stack__struct.h
[13.478s] -- Installing: /home/admin/ros2_ws/install/robotnik_supervisor_msgs/include/robotnik_supervisor_msgs/robotnik_supervisor_msgs/srv/detail/get_stack_status__functions.h
[13.478s] -- Installing: /home/admin/ros2_ws/install/robotnik_supervisor_msgs/include/robotnik_supervisor_msgs/robotnik_supervisor_msgs/srv/detail/get_stack_status__functions.c
[13.478s] -- Installing: /home/admin/ros2_ws/install/robotnik_supervisor_msgs/include/robotnik_supervisor_msgs/robotnik_supervisor_msgs/srv/detail/down_stack__functions.h
[13.479s] -- Installing: /home/admin/ros2_ws/install/robotnik_supervisor_msgs/include/robotnik_supervisor_msgs/robotnik_supervisor_msgs/srv/detail/stop_module__type_support.h
[13.479s] -- Installing: /home/admin/ros2_ws/install/robotnik_supervisor_msgs/include/robotnik_supervisor_msgs/robotnik_supervisor_msgs/srv/stop_module.h
[13.479s] -- Installing: /home/admin/ros2_ws/install/robotnik_supervisor_msgs/include/robotnik_supervisor_msgs/robotnik_supervisor_msgs/srv/get_module_list.h
[13.479s] -- Installing: /home/admin/ros2_ws/install/robotnik_supervisor_msgs/include/robotnik_supervisor_msgs/robotnik_supervisor_msgs/srv/stop_stack.h
[13.479s] -- Installing: /home/admin/ros2_ws/install/robotnik_supervisor_msgs/include/robotnik_supervisor_msgs/robotnik_supervisor_msgs/srv/start_stack.h
[13.479s] -- Installing: /home/admin/ros2_ws/install/robotnik_supervisor_msgs/include/robotnik_supervisor_msgs/robotnik_supervisor_msgs/srv/restart_stack.h
[13.479s] -- Installing: /home/admin/ros2_ws/install/robotnik_supervisor_msgs/include/robotnik_supervisor_msgs/robotnik_supervisor_msgs/srv/down_stack.h
[13.479s] -- Installing: /home/admin/ros2_ws/install/robotnik_supervisor_msgs/include/robotnik_supervisor_msgs/robotnik_supervisor_msgs/srv/get_stack_list.h
[13.479s] -- Installing: /home/admin/ros2_ws/install/robotnik_supervisor_msgs/include/robotnik_supervisor_msgs/robotnik_supervisor_msgs/srv/start_module.h
[13.480s] -- Installing: /home/admin/ros2_ws/install/robotnik_supervisor_msgs/include/robotnik_supervisor_msgs/robotnik_supervisor_msgs/srv/get_stack_status.h
[13.480s] -- Installing: /home/admin/ros2_ws/install/robotnik_supervisor_msgs/include/robotnik_supervisor_msgs/robotnik_supervisor_msgs/msg
[13.480s] -- Installing: /home/admin/ros2_ws/install/robotnik_supervisor_msgs/include/robotnik_supervisor_msgs/robotnik_supervisor_msgs/msg/rosidl_generator_c__visibility_control.h
[13.480s] -- Installing: /home/admin/ros2_ws/install/robotnik_supervisor_msgs/share/robotnik_supervisor_msgs/environment/library_path.sh
[13.480s] -- Installing: /home/admin/ros2_ws/install/robotnik_supervisor_msgs/share/robotnik_supervisor_msgs/environment/library_path.dsv
[13.480s] -- Installing: /home/admin/ros2_ws/install/robotnik_supervisor_msgs/lib/librobotnik_supervisor_msgs__rosidl_generator_c.so
[13.480s] -- Set runtime path of "/home/admin/ros2_ws/install/robotnik_supervisor_msgs/lib/librobotnik_supervisor_msgs__rosidl_generator_c.so" to ""
[13.480s] -- Up-to-date: /home/admin/ros2_ws/install/robotnik_supervisor_msgs/include/robotnik_supervisor_msgs/robotnik_supervisor_msgs
[13.481s] -- Up-to-date: /home/admin/ros2_ws/install/robotnik_supervisor_msgs/include/robotnik_supervisor_msgs/robotnik_supervisor_msgs/srv
[13.481s] -- Up-to-date: /home/admin/ros2_ws/install/robotnik_supervisor_msgs/include/robotnik_supervisor_msgs/robotnik_supervisor_msgs/srv/detail
[13.481s] -- Installing: /home/admin/ros2_ws/install/robotnik_supervisor_msgs/include/robotnik_supervisor_msgs/robotnik_supervisor_msgs/srv/detail/stop_stack__rosidl_typesupport_fastrtps_c.h
[13.481s] -- Installing: /home/admin/ros2_ws/install/robotnik_supervisor_msgs/include/robotnik_supervisor_msgs/robotnik_supervisor_msgs/srv/detail/restart_stack__rosidl_typesupport_fastrtps_c.h
[13.481s] -- Installing: /home/admin/ros2_ws/install/robotnik_supervisor_msgs/include/robotnik_supervisor_msgs/robotnik_supervisor_msgs/srv/detail/get_stack_list__rosidl_typesupport_fastrtps_c.h
[13.481s] -- Installing: /home/admin/ros2_ws/install/robotnik_supervisor_msgs/include/robotnik_supervisor_msgs/robotnik_supervisor_msgs/srv/detail/get_stack_status__rosidl_typesupport_fastrtps_c.h
[13.481s] -- Installing: /home/admin/ros2_ws/install/robotnik_supervisor_msgs/include/robotnik_supervisor_msgs/robotnik_supervisor_msgs/srv/detail/get_stack_logs__rosidl_typesupport_fastrtps_c.h
[13.481s] -- Installing: /home/admin/ros2_ws/install/robotnik_supervisor_msgs/include/robotnik_supervisor_msgs/robotnik_supervisor_msgs/srv/detail/stop_module__rosidl_typesupport_fastrtps_c.h
[13.481s] -- Installing: /home/admin/ros2_ws/install/robotnik_supervisor_msgs/include/robotnik_supervisor_msgs/robotnik_supervisor_msgs/srv/detail/down_stack__rosidl_typesupport_fastrtps_c.h
[13.482s] -- Installing: /home/admin/ros2_ws/install/robotnik_supervisor_msgs/include/robotnik_supervisor_msgs/robotnik_supervisor_msgs/srv/detail/get_module_list__rosidl_typesupport_fastrtps_c.h
[13.482s] -- Installing: /home/admin/ros2_ws/install/robotnik_supervisor_msgs/include/robotnik_supervisor_msgs/robotnik_supervisor_msgs/srv/detail/start_module__rosidl_typesupport_fastrtps_c.h
[13.482s] -- Installing: /home/admin/ros2_ws/install/robotnik_supervisor_msgs/include/robotnik_supervisor_msgs/robotnik_supervisor_msgs/srv/detail/start_stack__rosidl_typesupport_fastrtps_c.h
[13.482s] -- Up-to-date: /home/admin/ros2_ws/install/robotnik_supervisor_msgs/include/robotnik_supervisor_msgs/robotnik_supervisor_msgs/msg
[13.482s] -- Installing: /home/admin/ros2_ws/install/robotnik_supervisor_msgs/include/robotnik_supervisor_msgs/robotnik_supervisor_msgs/msg/rosidl_typesupport_fastrtps_c__visibility_control.h
[13.482s] -- Installing: /home/admin/ros2_ws/install/robotnik_supervisor_msgs/lib/librobotnik_supervisor_msgs__rosidl_typesupport_fastrtps_c.so
[13.482s] -- Set runtime path of "/home/admin/ros2_ws/install/robotnik_supervisor_msgs/lib/librobotnik_supervisor_msgs__rosidl_typesupport_fastrtps_c.so" to ""
[13.482s] -- Up-to-date: /home/admin/ros2_ws/install/robotnik_supervisor_msgs/include/robotnik_supervisor_msgs/robotnik_supervisor_msgs
[13.482s] -- Up-to-date: /home/admin/ros2_ws/install/robotnik_supervisor_msgs/include/robotnik_supervisor_msgs/robotnik_supervisor_msgs/srv
[13.482s] -- Up-to-date: /home/admin/ros2_ws/install/robotnik_supervisor_msgs/include/robotnik_supervisor_msgs/robotnik_supervisor_msgs/srv/detail
[13.483s] -- Installing: /home/admin/ros2_ws/install/robotnik_supervisor_msgs/include/robotnik_supervisor_msgs/robotnik_supervisor_msgs/srv/detail/stop_stack__type_support.hpp
[13.483s] -- Installing: /home/admin/ros2_ws/install/robotnik_supervisor_msgs/include/robotnik_supervisor_msgs/robotnik_supervisor_msgs/srv/detail/get_stack_list__struct.hpp
[13.483s] -- Installing: /home/admin/ros2_ws/install/robotnik_supervisor_msgs/include/robotnik_supervisor_msgs/robotnik_supervisor_msgs/srv/detail/get_stack_status__struct.hpp
[13.483s] -- Installing: /home/admin/ros2_ws/install/robotnik_supervisor_msgs/include/robotnik_supervisor_msgs/robotnik_supervisor_msgs/srv/detail/start_stack__builder.hpp
[13.483s] -- Installing: /home/admin/ros2_ws/install/robotnik_supervisor_msgs/include/robotnik_supervisor_msgs/robotnik_supervisor_msgs/srv/detail/stop_stack__struct.hpp
[13.483s] -- Installing: /home/admin/ros2_ws/install/robotnik_supervisor_msgs/include/robotnik_supervisor_msgs/robotnik_supervisor_msgs/srv/detail/down_stack__builder.hpp
[13.483s] -- Installing: /home/admin/ros2_ws/install/robotnik_supervisor_msgs/include/robotnik_supervisor_msgs/robotnik_supervisor_msgs/srv/detail/get_stack_status__traits.hpp
[13.483s] -- Installing: /home/admin/ros2_ws/install/robotnik_supervisor_msgs/include/robotnik_supervisor_msgs/robotnik_supervisor_msgs/srv/detail/get_stack_logs__struct.hpp
[13.483s] -- Installing: /home/admin/ros2_ws/install/robotnik_supervisor_msgs/include/robotnik_supervisor_msgs/robotnik_supervisor_msgs/srv/detail/restart_stack__traits.hpp
[13.483s] -- Installing: /home/admin/ros2_ws/install/robotnik_supervisor_msgs/include/robotnik_supervisor_msgs/robotnik_supervisor_msgs/srv/detail/start_module__type_support.hpp
[13.484s] -- Installing: /home/admin/ros2_ws/install/robotnik_supervisor_msgs/include/robotnik_supervisor_msgs/robotnik_supervisor_msgs/srv/detail/get_stack_list__builder.hpp
[13.484s] -- Installing: /home/admin/ros2_ws/install/robotnik_supervisor_msgs/include/robotnik_supervisor_msgs/robotnik_supervisor_msgs/srv/detail/stop_stack__traits.hpp
[13.484s] -- Installing: /home/admin/ros2_ws/install/robotnik_supervisor_msgs/include/robotnik_supervisor_msgs/robotnik_supervisor_msgs/srv/detail/down_stack__struct.hpp
[13.484s] -- Installing: /home/admin/ros2_ws/install/robotnik_supervisor_msgs/include/robotnik_supervisor_msgs/robotnik_supervisor_msgs/srv/detail/down_stack__traits.hpp
[13.484s] -- Installing: /home/admin/ros2_ws/install/robotnik_supervisor_msgs/include/robotnik_supervisor_msgs/robotnik_supervisor_msgs/srv/detail/restart_stack__type_support.hpp
[13.484s] -- Installing: /home/admin/ros2_ws/install/robotnik_supervisor_msgs/include/robotnik_supervisor_msgs/robotnik_supervisor_msgs/srv/detail/start_stack__struct.hpp
[13.484s] -- Installing: /home/admin/ros2_ws/install/robotnik_supervisor_msgs/include/robotnik_supervisor_msgs/robotnik_supervisor_msgs/srv/detail/restart_stack__struct.hpp
[13.484s] -- Installing: /home/admin/ros2_ws/install/robotnik_supervisor_msgs/include/robotnik_supervisor_msgs/robotnik_supervisor_msgs/srv/detail/get_module_list__traits.hpp
[13.484s] -- Installing: /home/admin/ros2_ws/install/robotnik_supervisor_msgs/include/robotnik_supervisor_msgs/robotnik_supervisor_msgs/srv/detail/stop_stack__builder.hpp
[13.484s] -- Installing: /home/admin/ros2_ws/install/robotnik_supervisor_msgs/include/robotnik_supervisor_msgs/robotnik_supervisor_msgs/srv/detail/get_module_list__builder.hpp
[13.485s] -- Installing: /home/admin/ros2_ws/install/robotnik_supervisor_msgs/include/robotnik_supervisor_msgs/robotnik_supervisor_msgs/srv/detail/down_stack__type_support.hpp
[13.485s] -- Installing: /home/admin/ros2_ws/install/robotnik_supervisor_msgs/include/robotnik_supervisor_msgs/robotnik_supervisor_msgs/srv/detail/get_stack_logs__type_support.hpp
[13.485s] -- Installing: /home/admin/ros2_ws/install/robotnik_supervisor_msgs/include/robotnik_supervisor_msgs/robotnik_supervisor_msgs/srv/detail/get_module_list__struct.hpp
[13.485s] -- Installing: /home/admin/ros2_ws/install/robotnik_supervisor_msgs/include/robotnik_supervisor_msgs/robotnik_supervisor_msgs/srv/detail/stop_module__struct.hpp
[13.485s] -- Installing: /home/admin/ros2_ws/install/robotnik_supervisor_msgs/include/robotnik_supervisor_msgs/robotnik_supervisor_msgs/srv/detail/get_stack_status__builder.hpp
[13.485s] -- Installing: /home/admin/ros2_ws/install/robotnik_supervisor_msgs/include/robotnik_supervisor_msgs/robotnik_supervisor_msgs/srv/detail/start_stack__type_support.hpp
[13.485s] -- Installing: /home/admin/ros2_ws/install/robotnik_supervisor_msgs/include/robotnik_supervisor_msgs/robotnik_supervisor_msgs/srv/detail/stop_module__type_support.hpp
[13.486s] -- Installing: /home/admin/ros2_ws/install/robotnik_supervisor_msgs/include/robotnik_supervisor_msgs/robotnik_supervisor_msgs/srv/detail/start_module__struct.hpp
[13.486s] -- Installing: /home/admin/ros2_ws/install/robotnik_supervisor_msgs/include/robotnik_supervisor_msgs/robotnik_supervisor_msgs/srv/detail/get_module_list__type_support.hpp
[13.486s] -- Installing: /home/admin/ros2_ws/install/robotnik_supervisor_msgs/include/robotnik_supervisor_msgs/robotnik_supervisor_msgs/srv/detail/stop_module__builder.hpp
[13.486s] -- Installing: /home/admin/ros2_ws/install/robotnik_supervisor_msgs/include/robotnik_supervisor_msgs/robotnik_supervisor_msgs/srv/detail/start_module__traits.hpp
[13.486s] -- Installing: /home/admin/ros2_ws/install/robotnik_supervisor_msgs/include/robotnik_supervisor_msgs/robotnik_supervisor_msgs/srv/detail/get_stack_list__type_support.hpp
[13.486s] -- Installing: /home/admin/ros2_ws/install/robotnik_supervisor_msgs/include/robotnik_supervisor_msgs/robotnik_supervisor_msgs/srv/detail/start_stack__traits.hpp
[13.486s] -- Installing: /home/admin/ros2_ws/install/robotnik_supervisor_msgs/include/robotnik_supervisor_msgs/robotnik_supervisor_msgs/srv/detail/restart_stack__builder.hpp
[13.486s] -- Installing: /home/admin/ros2_ws/install/robotnik_supervisor_msgs/include/robotnik_supervisor_msgs/robotnik_supervisor_msgs/srv/detail/get_stack_status__type_support.hpp
[13.486s] -- Installing: /home/admin/ros2_ws/install/robotnik_supervisor_msgs/include/robotnik_supervisor_msgs/robotnik_supervisor_msgs/srv/detail/start_module__builder.hpp
[13.486s] -- Installing: /home/admin/ros2_ws/install/robotnik_supervisor_msgs/include/robotnik_supervisor_msgs/robotnik_supervisor_msgs/srv/detail/get_stack_logs__traits.hpp
[13.486s] -- Installing: /home/admin/ros2_ws/install/robotnik_supervisor_msgs/include/robotnik_supervisor_msgs/robotnik_supervisor_msgs/srv/detail/get_stack_logs__builder.hpp
[13.486s] -- Installing: /home/admin/ros2_ws/install/robotnik_supervisor_msgs/include/robotnik_supervisor_msgs/robotnik_supervisor_msgs/srv/detail/get_stack_list__traits.hpp
[13.486s] -- Installing: /home/admin/ros2_ws/install/robotnik_supervisor_msgs/include/robotnik_supervisor_msgs/robotnik_supervisor_msgs/srv/detail/stop_module__traits.hpp
[13.486s] -- Installing: /home/admin/ros2_ws/install/robotnik_supervisor_msgs/include/robotnik_supervisor_msgs/robotnik_supervisor_msgs/srv/start_module.hpp
[13.486s] -- Installing: /home/admin/ros2_ws/install/robotnik_supervisor_msgs/include/robotnik_supervisor_msgs/robotnik_supervisor_msgs/srv/start_stack.hpp
[13.486s] -- Installing: /home/admin/ros2_ws/install/robotnik_supervisor_msgs/include/robotnik_supervisor_msgs/robotnik_supervisor_msgs/srv/get_stack_logs.hpp
[13.486s] -- Installing: /home/admin/ros2_ws/install/robotnik_supervisor_msgs/include/robotnik_supervisor_msgs/robotnik_supervisor_msgs/srv/get_stack_status.hpp
[13.486s] -- Installing: /home/admin/ros2_ws/install/robotnik_supervisor_msgs/include/robotnik_supervisor_msgs/robotnik_supervisor_msgs/srv/restart_stack.hpp
[13.486s] -- Installing: /home/admin/ros2_ws/install/robotnik_supervisor_msgs/include/robotnik_supervisor_msgs/robotnik_supervisor_msgs/srv/stop_stack.hpp
[13.486s] -- Installing: /home/admin/ros2_ws/install/robotnik_supervisor_msgs/include/robotnik_supervisor_msgs/robotnik_supervisor_msgs/srv/stop_module.hpp
[13.486s] -- Installing: /home/admin/ros2_ws/install/robotnik_supervisor_msgs/include/robotnik_supervisor_msgs/robotnik_supervisor_msgs/srv/get_module_list.hpp
[13.486s] -- Installing: /home/admin/ros2_ws/install/robotnik_supervisor_msgs/include/robotnik_supervisor_msgs/robotnik_supervisor_msgs/srv/get_stack_list.hpp
[13.487s] -- Installing: /home/admin/ros2_ws/install/robotnik_supervisor_msgs/include/robotnik_supervisor_msgs/robotnik_supervisor_msgs/srv/down_stack.hpp
[13.487s] -- Up-to-date: /home/admin/ros2_ws/install/robotnik_supervisor_msgs/include/robotnik_supervisor_msgs/robotnik_supervisor_msgs/msg
[13.487s] -- Installing: /home/admin/ros2_ws/install/robotnik_supervisor_msgs/include/robotnik_supervisor_msgs/robotnik_supervisor_msgs/msg/rosidl_generator_cpp__visibility_control.hpp
[13.487s] -- Up-to-date: /home/admin/ros2_ws/install/robotnik_supervisor_msgs/include/robotnik_supervisor_msgs/robotnik_supervisor_msgs
[13.487s] -- Up-to-date: /home/admin/ros2_ws/install/robotnik_supervisor_msgs/include/robotnik_supervisor_msgs/robotnik_supervisor_msgs/srv
[13.487s] -- Up-to-date: /home/admin/ros2_ws/install/robotnik_supervisor_msgs/include/robotnik_supervisor_msgs/robotnik_supervisor_msgs/srv/detail
[13.487s] -- Installing: /home/admin/ros2_ws/install/robotnik_supervisor_msgs/include/robotnik_supervisor_msgs/robotnik_supervisor_msgs/srv/detail/get_module_list__rosidl_typesupport_fastrtps_cpp.hpp
[13.487s] -- Installing: /home/admin/ros2_ws/install/robotnik_supervisor_msgs/include/robotnik_supervisor_msgs/robotnik_supervisor_msgs/srv/detail/restart_stack__rosidl_typesupport_fastrtps_cpp.hpp
[13.487s] -- Installing: /home/admin/ros2_ws/install/robotnik_supervisor_msgs/include/robotnik_supervisor_msgs/robotnik_supervisor_msgs/srv/detail/stop_stack__rosidl_typesupport_fastrtps_cpp.hpp
[13.487s] -- Installing: /home/admin/ros2_ws/install/robotnik_supervisor_msgs/include/robotnik_supervisor_msgs/robotnik_supervisor_msgs/srv/detail/stop_module__rosidl_typesupport_fastrtps_cpp.hpp
[13.487s] -- Installing: /home/admin/ros2_ws/install/robotnik_supervisor_msgs/include/robotnik_supervisor_msgs/robotnik_supervisor_msgs/srv/detail/down_stack__rosidl_typesupport_fastrtps_cpp.hpp
[13.487s] -- Installing: /home/admin/ros2_ws/install/robotnik_supervisor_msgs/include/robotnik_supervisor_msgs/robotnik_supervisor_msgs/srv/detail/start_module__rosidl_typesupport_fastrtps_cpp.hpp
[13.487s] -- Installing: /home/admin/ros2_ws/install/robotnik_supervisor_msgs/include/robotnik_supervisor_msgs/robotnik_supervisor_msgs/srv/detail/start_stack__rosidl_typesupport_fastrtps_cpp.hpp
[13.487s] -- Installing: /home/admin/ros2_ws/install/robotnik_supervisor_msgs/include/robotnik_supervisor_msgs/robotnik_supervisor_msgs/srv/detail/dds_fastrtps
[13.487s] -- Installing: /home/admin/ros2_ws/install/robotnik_supervisor_msgs/include/robotnik_supervisor_msgs/robotnik_supervisor_msgs/srv/detail/get_stack_status__rosidl_typesupport_fastrtps_cpp.hpp
[13.487s] -- Installing: /home/admin/ros2_ws/install/robotnik_supervisor_msgs/include/robotnik_supervisor_msgs/robotnik_supervisor_msgs/srv/detail/get_stack_list__rosidl_typesupport_fastrtps_cpp.hpp
[13.487s] -- Installing: /home/admin/ros2_ws/install/robotnik_supervisor_msgs/include/robotnik_supervisor_msgs/robotnik_supervisor_msgs/srv/detail/get_stack_logs__rosidl_typesupport_fastrtps_cpp.hpp
[13.488s] -- Up-to-date: /home/admin/ros2_ws/install/robotnik_supervisor_msgs/include/robotnik_supervisor_msgs/robotnik_supervisor_msgs/msg
[13.488s] -- Installing: /home/admin/ros2_ws/install/robotnik_supervisor_msgs/include/robotnik_supervisor_msgs/robotnik_supervisor_msgs/msg/rosidl_typesupport_fastrtps_cpp__visibility_control.h
[13.488s] -- Installing: /home/admin/ros2_ws/install/robotnik_supervisor_msgs/lib/librobotnik_supervisor_msgs__rosidl_typesupport_fastrtps_cpp.so
[13.488s] -- Set runtime path of "/home/admin/ros2_ws/install/robotnik_supervisor_msgs/lib/librobotnik_supervisor_msgs__rosidl_typesupport_fastrtps_cpp.so" to ""
[13.488s] -- Up-to-date: /home/admin/ros2_ws/install/robotnik_supervisor_msgs/include/robotnik_supervisor_msgs/robotnik_supervisor_msgs
[13.488s] -- Up-to-date: /home/admin/ros2_ws/install/robotnik_supervisor_msgs/include/robotnik_supervisor_msgs/robotnik_supervisor_msgs/srv
[13.488s] -- Up-to-date: /home/admin/ros2_ws/install/robotnik_supervisor_msgs/include/robotnik_supervisor_msgs/robotnik_supervisor_msgs/srv/detail
[13.488s] -- Installing: /home/admin/ros2_ws/install/robotnik_supervisor_msgs/include/robotnik_supervisor_msgs/robotnik_supervisor_msgs/srv/detail/get_stack_status__type_support.c
[13.488s] -- Installing: /home/admin/ros2_ws/install/robotnik_supervisor_msgs/include/robotnik_supervisor_msgs/robotnik_supervisor_msgs/srv/detail/start_stack__rosidl_typesupport_introspection_c.h
[13.488s] -- Installing: /home/admin/ros2_ws/install/robotnik_supervisor_msgs/include/robotnik_supervisor_msgs/robotnik_supervisor_msgs/srv/detail/stop_module__rosidl_typesupport_introspection_c.h
[13.488s] -- Installing: /home/admin/ros2_ws/install/robotnik_supervisor_msgs/include/robotnik_supervisor_msgs/robotnik_supervisor_msgs/srv/detail/stop_stack__rosidl_typesupport_introspection_c.h
[13.488s] -- Installing: /home/admin/ros2_ws/install/robotnik_supervisor_msgs/include/robotnik_supervisor_msgs/robotnik_supervisor_msgs/srv/detail/stop_module__type_support.c
[13.488s] -- Installing: /home/admin/ros2_ws/install/robotnik_supervisor_msgs/include/robotnik_supervisor_msgs/robotnik_supervisor_msgs/srv/detail/down_stack__type_support.c
[13.488s] -- Installing: /home/admin/ros2_ws/install/robotnik_supervisor_msgs/include/robotnik_supervisor_msgs/robotnik_supervisor_msgs/srv/detail/get_stack_list__rosidl_typesupport_introspection_c.h
[13.488s] -- Installing: /home/admin/ros2_ws/install/robotnik_supervisor_msgs/include/robotnik_supervisor_msgs/robotnik_supervisor_msgs/srv/detail/get_stack_list__type_support.c
[13.488s] -- Installing: /home/admin/ros2_ws/install/robotnik_supervisor_msgs/include/robotnik_supervisor_msgs/robotnik_supervisor_msgs/srv/detail/start_module__rosidl_typesupport_introspection_c.h
[13.488s] -- Installing: /home/admin/ros2_ws/install/robotnik_supervisor_msgs/include/robotnik_supervisor_msgs/robotnik_supervisor_msgs/srv/detail/get_module_list__rosidl_typesupport_introspection_c.h
[13.488s] -- Installing: /home/admin/ros2_ws/install/robotnik_supervisor_msgs/include/robotnik_supervisor_msgs/robotnik_supervisor_msgs/srv/detail/restart_stack__rosidl_typesupport_introspection_c.h
[13.489s] -- Installing: /home/admin/ros2_ws/install/robotnik_supervisor_msgs/include/robotnik_supervisor_msgs/robotnik_supervisor_msgs/srv/detail/down_stack__rosidl_typesupport_introspection_c.h
[13.489s] -- Installing: /home/admin/ros2_ws/install/robotnik_supervisor_msgs/include/robotnik_supervisor_msgs/robotnik_supervisor_msgs/srv/detail/get_module_list__type_support.c
[13.489s] -- Installing: /home/admin/ros2_ws/install/robotnik_supervisor_msgs/include/robotnik_supervisor_msgs/robotnik_supervisor_msgs/srv/detail/restart_stack__type_support.c
[13.489s] -- Installing: /home/admin/ros2_ws/install/robotnik_supervisor_msgs/include/robotnik_supervisor_msgs/robotnik_supervisor_msgs/srv/detail/start_stack__type_support.c
[13.489s] -- Installing: /home/admin/ros2_ws/install/robotnik_supervisor_msgs/include/robotnik_supervisor_msgs/robotnik_supervisor_msgs/srv/detail/start_module__type_support.c
[13.489s] -- Installing: /home/admin/ros2_ws/install/robotnik_supervisor_msgs/include/robotnik_supervisor_msgs/robotnik_supervisor_msgs/srv/detail/get_stack_logs__rosidl_typesupport_introspection_c.h
[13.489s] -- Installing: /home/admin/ros2_ws/install/robotnik_supervisor_msgs/include/robotnik_supervisor_msgs/robotnik_supervisor_msgs/srv/detail/stop_stack__type_support.c
[13.489s] -- Installing: /home/admin/ros2_ws/install/robotnik_supervisor_msgs/include/robotnik_supervisor_msgs/robotnik_supervisor_msgs/srv/detail/get_stack_logs__type_support.c
[13.489s] -- Installing: /home/admin/ros2_ws/install/robotnik_supervisor_msgs/include/robotnik_supervisor_msgs/robotnik_supervisor_msgs/srv/detail/get_stack_status__rosidl_typesupport_introspection_c.h
[13.489s] -- Up-to-date: /home/admin/ros2_ws/install/robotnik_supervisor_msgs/include/robotnik_supervisor_msgs/robotnik_supervisor_msgs/msg
[13.489s] -- Installing: /home/admin/ros2_ws/install/robotnik_supervisor_msgs/include/robotnik_supervisor_msgs/robotnik_supervisor_msgs/msg/rosidl_typesupport_introspection_c__visibility_control.h
[13.489s] -- Installing: /home/admin/ros2_ws/install/robotnik_supervisor_msgs/lib/librobotnik_supervisor_msgs__rosidl_typesupport_introspection_c.so
[13.489s] -- Set runtime path of "/home/admin/ros2_ws/install/robotnik_supervisor_msgs/lib/librobotnik_supervisor_msgs__rosidl_typesupport_introspection_c.so" to ""
[13.489s] -- Installing: /home/admin/ros2_ws/install/robotnik_supervisor_msgs/lib/librobotnik_supervisor_msgs__rosidl_typesupport_c.so
[13.489s] -- Set runtime path of "/home/admin/ros2_ws/install/robotnik_supervisor_msgs/lib/librobotnik_supervisor_msgs__rosidl_typesupport_c.so" to ""
[13.489s] -- Up-to-date: /home/admin/ros2_ws/install/robotnik_supervisor_msgs/include/robotnik_supervisor_msgs/robotnik_supervisor_msgs
[13.489s] -- Up-to-date: /home/admin/ros2_ws/install/robotnik_supervisor_msgs/include/robotnik_supervisor_msgs/robotnik_supervisor_msgs/srv
[13.489s] -- Up-to-date: /home/admin/ros2_ws/install/robotnik_supervisor_msgs/include/robotnik_supervisor_msgs/robotnik_supervisor_msgs/srv/detail
[13.489s] -- Installing: /home/admin/ros2_ws/install/robotnik_supervisor_msgs/include/robotnik_supervisor_msgs/robotnik_supervisor_msgs/srv/detail/get_stack_list__type_support.cpp
[13.489s] -- Installing: /home/admin/ros2_ws/install/robotnik_supervisor_msgs/include/robotnik_supervisor_msgs/robotnik_supervisor_msgs/srv/detail/get_stack_logs__rosidl_typesupport_introspection_cpp.hpp
[13.490s] -- Installing: /home/admin/ros2_ws/install/robotnik_supervisor_msgs/include/robotnik_supervisor_msgs/robotnik_supervisor_msgs/srv/detail/down_stack__rosidl_typesupport_introspection_cpp.hpp
[13.490s] -- Installing: /home/admin/ros2_ws/install/robotnik_supervisor_msgs/include/robotnik_supervisor_msgs/robotnik_supervisor_msgs/srv/detail/down_stack__type_support.cpp
[13.490s] -- Installing: /home/admin/ros2_ws/install/robotnik_supervisor_msgs/include/robotnik_supervisor_msgs/robotnik_supervisor_msgs/srv/detail/get_stack_logs__type_support.cpp
[13.490s] -- Installing: /home/admin/ros2_ws/install/robotnik_supervisor_msgs/include/robotnik_supervisor_msgs/robotnik_supervisor_msgs/srv/detail/stop_module__type_support.cpp
[13.490s] -- Installing: /home/admin/ros2_ws/install/robotnik_supervisor_msgs/include/robotnik_supervisor_msgs/robotnik_supervisor_msgs/srv/detail/get_module_list__rosidl_typesupport_introspection_cpp.hpp
[13.490s] -- Installing: /home/admin/ros2_ws/install/robotnik_supervisor_msgs/include/robotnik_supervisor_msgs/robotnik_supervisor_msgs/srv/detail/start_stack__rosidl_typesupport_introspection_cpp.hpp
[13.490s] -- Installing: /home/admin/ros2_ws/install/robotnik_supervisor_msgs/include/robotnik_supervisor_msgs/robotnik_supervisor_msgs/srv/detail/start_module__type_support.cpp
[13.490s] -- Installing: /home/admin/ros2_ws/install/robotnik_supervisor_msgs/include/robotnik_supervisor_msgs/robotnik_supervisor_msgs/srv/detail/get_stack_list__rosidl_typesupport_introspection_cpp.hpp
[13.490s] -- Installing: /home/admin/ros2_ws/install/robotnik_supervisor_msgs/include/robotnik_supervisor_msgs/robotnik_supervisor_msgs/srv/detail/stop_module__rosidl_typesupport_introspection_cpp.hpp
[13.490s] -- Installing: /home/admin/ros2_ws/install/robotnik_supervisor_msgs/include/robotnik_supervisor_msgs/robotnik_supervisor_msgs/srv/detail/stop_stack__rosidl_typesupport_introspection_cpp.hpp
[13.490s] -- Installing: /home/admin/ros2_ws/install/robotnik_supervisor_msgs/include/robotnik_supervisor_msgs/robotnik_supervisor_msgs/srv/detail/restart_stack__type_support.cpp
[13.490s] -- Installing: /home/admin/ros2_ws/install/robotnik_supervisor_msgs/include/robotnik_supervisor_msgs/robotnik_supervisor_msgs/srv/detail/restart_stack__rosidl_typesupport_introspection_cpp.hpp
[13.490s] -- Installing: /home/admin/ros2_ws/install/robotnik_supervisor_msgs/include/robotnik_supervisor_msgs/robotnik_supervisor_msgs/srv/detail/get_stack_status__rosidl_typesupport_introspection_cpp.hpp
[13.490s] -- Installing: /home/admin/ros2_ws/install/robotnik_supervisor_msgs/include/robotnik_supervisor_msgs/robotnik_supervisor_msgs/srv/detail/start_module__rosidl_typesupport_introspection_cpp.hpp
[13.490s] -- Installing: /home/admin/ros2_ws/install/robotnik_supervisor_msgs/include/robotnik_supervisor_msgs/robotnik_supervisor_msgs/srv/detail/get_stack_status__type_support.cpp
[13.490s] -- Installing: /home/admin/ros2_ws/install/robotnik_supervisor_msgs/include/robotnik_supervisor_msgs/robotnik_supervisor_msgs/srv/detail/start_stack__type_support.cpp
[13.490s] -- Installing: /home/admin/ros2_ws/install/robotnik_supervisor_msgs/include/robotnik_supervisor_msgs/robotnik_supervisor_msgs/srv/detail/stop_stack__type_support.cpp
[13.490s] -- Installing: /home/admin/ros2_ws/install/robotnik_supervisor_msgs/include/robotnik_supervisor_msgs/robotnik_supervisor_msgs/srv/detail/get_module_list__type_support.cpp
[13.490s] -- Installing: /home/admin/ros2_ws/install/robotnik_supervisor_msgs/lib/librobotnik_supervisor_msgs__rosidl_typesupport_introspection_cpp.so
[13.491s] -- Set runtime path of "/home/admin/ros2_ws/install/robotnik_supervisor_msgs/lib/librobotnik_supervisor_msgs__rosidl_typesupport_introspection_cpp.so" to ""
[13.491s] -- Installing: /home/admin/ros2_ws/install/robotnik_supervisor_msgs/lib/librobotnik_supervisor_msgs__rosidl_typesupport_cpp.so
[13.491s] -- Set runtime path of "/home/admin/ros2_ws/install/robotnik_supervisor_msgs/lib/librobotnik_supervisor_msgs__rosidl_typesupport_cpp.so" to ""
[13.491s] -- Installing: /home/admin/ros2_ws/install/robotnik_supervisor_msgs/share/robotnik_supervisor_msgs/environment/pythonpath.sh
[13.491s] -- Installing: /home/admin/ros2_ws/install/robotnik_supervisor_msgs/share/robotnik_supervisor_msgs/environment/pythonpath.dsv
[13.491s] -- Installing: /home/admin/ros2_ws/install/robotnik_supervisor_msgs/local/lib/python3.10/dist-packages/robotnik_supervisor_msgs-1.0.0-py3.10.egg-info
[13.491s] -- Installing: /home/admin/ros2_ws/install/robotnik_supervisor_msgs/local/lib/python3.10/dist-packages/robotnik_supervisor_msgs-1.0.0-py3.10.egg-info/PKG-INFO
[13.491s] -- Installing: /home/admin/ros2_ws/install/robotnik_supervisor_msgs/local/lib/python3.10/dist-packages/robotnik_supervisor_msgs-1.0.0-py3.10.egg-info/SOURCES.txt
[13.491s] -- Installing: /home/admin/ros2_ws/install/robotnik_supervisor_msgs/local/lib/python3.10/dist-packages/robotnik_supervisor_msgs-1.0.0-py3.10.egg-info/dependency_links.txt
[13.491s] -- Installing: /home/admin/ros2_ws/install/robotnik_supervisor_msgs/local/lib/python3.10/dist-packages/robotnik_supervisor_msgs-1.0.0-py3.10.egg-info/top_level.txt
[13.491s] -- Installing: /home/admin/ros2_ws/install/robotnik_supervisor_msgs/local/lib/python3.10/dist-packages/robotnik_supervisor_msgs
[13.491s] -- Installing: /home/admin/ros2_ws/install/robotnik_supervisor_msgs/local/lib/python3.10/dist-packages/robotnik_supervisor_msgs/_robotnik_supervisor_msgs_s.ep.rosidl_typesupport_fastrtps_c.c
[13.491s] -- Installing: /home/admin/ros2_ws/install/robotnik_supervisor_msgs/local/lib/python3.10/dist-packages/robotnik_supervisor_msgs/_robotnik_supervisor_msgs_s.ep.rosidl_typesupport_c.c
[13.492s] -- Installing: /home/admin/ros2_ws/install/robotnik_supervisor_msgs/local/lib/python3.10/dist-packages/robotnik_supervisor_msgs/robotnik_supervisor_msgs_s__rosidl_typesupport_introspection_c.cpython-310-x86_64-linux-gnu.so
[13.492s] -- Installing: /home/admin/ros2_ws/install/robotnik_supervisor_msgs/local/lib/python3.10/dist-packages/robotnik_supervisor_msgs/robotnik_supervisor_msgs_s__rosidl_typesupport_fastrtps_c.cpython-310-x86_64-linux-gnu.so
[13.492s] -- Installing: /home/admin/ros2_ws/install/robotnik_supervisor_msgs/local/lib/python3.10/dist-packages/robotnik_supervisor_msgs/robotnik_supervisor_msgs_s__rosidl_typesupport_c.cpython-310-x86_64-linux-gnu.so
[13.492s] -- Installing: /home/admin/ros2_ws/install/robotnik_supervisor_msgs/local/lib/python3.10/dist-packages/robotnik_supervisor_msgs/__init__.py
[13.493s] -- Installing: /home/admin/ros2_ws/install/robotnik_supervisor_msgs/local/lib/python3.10/dist-packages/robotnik_supervisor_msgs/librobotnik_supervisor_msgs__rosidl_generator_py.so
[13.493s] -- Installing: /home/admin/ros2_ws/install/robotnik_supervisor_msgs/local/lib/python3.10/dist-packages/robotnik_supervisor_msgs/srv
[13.493s] -- Installing: /home/admin/ros2_ws/install/robotnik_supervisor_msgs/local/lib/python3.10/dist-packages/robotnik_supervisor_msgs/srv/_get_stack_logs.py
[13.493s] -- Installing: /home/admin/ros2_ws/install/robotnik_supervisor_msgs/local/lib/python3.10/dist-packages/robotnik_supervisor_msgs/srv/_stop_stack_s.c
[13.493s] -- Installing: /home/admin/ros2_ws/install/robotnik_supervisor_msgs/local/lib/python3.10/dist-packages/robotnik_supervisor_msgs/srv/_start_module.py
[13.493s] -- Installing: /home/admin/ros2_ws/install/robotnik_supervisor_msgs/local/lib/python3.10/dist-packages/robotnik_supervisor_msgs/srv/_stop_module_s.c
[13.493s] -- Installing: /home/admin/ros2_ws/install/robotnik_supervisor_msgs/local/lib/python3.10/dist-packages/robotnik_supervisor_msgs/srv/_stop_module.py
[13.493s] -- Installing: /home/admin/ros2_ws/install/robotnik_supervisor_msgs/local/lib/python3.10/dist-packages/robotnik_supervisor_msgs/srv/__init__.py
[13.493s] -- Installing: /home/admin/ros2_ws/install/robotnik_supervisor_msgs/local/lib/python3.10/dist-packages/robotnik_supervisor_msgs/srv/_down_stack_s.c
[13.493s] -- Installing: /home/admin/ros2_ws/install/robotnik_supervisor_msgs/local/lib/python3.10/dist-packages/robotnik_supervisor_msgs/srv/_get_module_list_s.c
[13.493s] -- Installing: /home/admin/ros2_ws/install/robotnik_supervisor_msgs/local/lib/python3.10/dist-packages/robotnik_supervisor_msgs/srv/_start_module_s.c
[13.493s] -- Installing: /home/admin/ros2_ws/install/robotnik_supervisor_msgs/local/lib/python3.10/dist-packages/robotnik_supervisor_msgs/srv/_get_stack_list.py
[13.493s] -- Installing: /home/admin/ros2_ws/install/robotnik_supervisor_msgs/local/lib/python3.10/dist-packages/robotnik_supervisor_msgs/srv/_start_stack.py
[13.493s] -- Installing: /home/admin/ros2_ws/install/robotnik_supervisor_msgs/local/lib/python3.10/dist-packages/robotnik_supervisor_msgs/srv/_down_stack.py
[13.493s] -- Installing: /home/admin/ros2_ws/install/robotnik_supervisor_msgs/local/lib/python3.10/dist-packages/robotnik_supervisor_msgs/srv/_get_stack_list_s.c
[13.494s] -- Installing: /home/admin/ros2_ws/install/robotnik_supervisor_msgs/local/lib/python3.10/dist-packages/robotnik_supervisor_msgs/srv/_get_stack_logs_s.c
[13.494s] -- Installing: /home/admin/ros2_ws/install/robotnik_supervisor_msgs/local/lib/python3.10/dist-packages/robotnik_supervisor_msgs/srv/_get_module_list.py
[13.494s] -- Installing: /home/admin/ros2_ws/install/robotnik_supervisor_msgs/local/lib/python3.10/dist-packages/robotnik_supervisor_msgs/srv/_stop_stack.py
[13.494s] -- Installing: /home/admin/ros2_ws/install/robotnik_supervisor_msgs/local/lib/python3.10/dist-packages/robotnik_supervisor_msgs/srv/_restart_stack_s.c
[13.494s] -- Installing: /home/admin/ros2_ws/install/robotnik_supervisor_msgs/local/lib/python3.10/dist-packages/robotnik_supervisor_msgs/srv/_get_stack_status_s.c
[13.494s] -- Installing: /home/admin/ros2_ws/install/robotnik_supervisor_msgs/local/lib/python3.10/dist-packages/robotnik_supervisor_msgs/srv/_get_stack_status.py
[13.494s] -- Installing: /home/admin/ros2_ws/install/robotnik_supervisor_msgs/local/lib/python3.10/dist-packages/robotnik_supervisor_msgs/srv/_start_stack_s.c
[13.494s] -- Installing: /home/admin/ros2_ws/install/robotnik_supervisor_msgs/local/lib/python3.10/dist-packages/robotnik_supervisor_msgs/srv/_restart_stack.py
[13.494s] -- Installing: /home/admin/ros2_ws/install/robotnik_supervisor_msgs/local/lib/python3.10/dist-packages/robotnik_supervisor_msgs/_robotnik_supervisor_msgs_s.ep.rosidl_typesupport_introspection_c.c
[13.546s] Listing '/home/admin/ros2_ws/install/robotnik_supervisor_msgs/local/lib/python3.10/dist-packages/robotnik_supervisor_msgs'...
[13.546s] Compiling '/home/admin/ros2_ws/install/robotnik_supervisor_msgs/local/lib/python3.10/dist-packages/robotnik_supervisor_msgs/__init__.py'...
[13.546s] Listing '/home/admin/ros2_ws/install/robotnik_supervisor_msgs/local/lib/python3.10/dist-packages/robotnik_supervisor_msgs/srv'...
[13.547s] Compiling '/home/admin/ros2_ws/install/robotnik_supervisor_msgs/local/lib/python3.10/dist-packages/robotnik_supervisor_msgs/srv/__init__.py'...
[13.547s] Compiling '/home/admin/ros2_ws/install/robotnik_supervisor_msgs/local/lib/python3.10/dist-packages/robotnik_supervisor_msgs/srv/_down_stack.py'...
[13.547s] Compiling '/home/admin/ros2_ws/install/robotnik_supervisor_msgs/local/lib/python3.10/dist-packages/robotnik_supervisor_msgs/srv/_get_module_list.py'...
[13.547s] Compiling '/home/admin/ros2_ws/install/robotnik_supervisor_msgs/local/lib/python3.10/dist-packages/robotnik_supervisor_msgs/srv/_get_stack_list.py'...
[13.547s] Compiling '/home/admin/ros2_ws/install/robotnik_supervisor_msgs/local/lib/python3.10/dist-packages/robotnik_supervisor_msgs/srv/_get_stack_logs.py'...
[13.547s] Compiling '/home/admin/ros2_ws/install/robotnik_supervisor_msgs/local/lib/python3.10/dist-packages/robotnik_supervisor_msgs/srv/_get_stack_status.py'...
[13.547s] Compiling '/home/admin/ros2_ws/install/robotnik_supervisor_msgs/local/lib/python3.10/dist-packages/robotnik_supervisor_msgs/srv/_restart_stack.py'...
[13.547s] Compiling '/home/admin/ros2_ws/install/robotnik_supervisor_msgs/local/lib/python3.10/dist-packages/robotnik_supervisor_msgs/srv/_start_module.py'...
[13.547s] Compiling '/home/admin/ros2_ws/install/robotnik_supervisor_msgs/local/lib/python3.10/dist-packages/robotnik_supervisor_msgs/srv/_start_stack.py'...
[13.547s] Compiling '/home/admin/ros2_ws/install/robotnik_supervisor_msgs/local/lib/python3.10/dist-packages/robotnik_supervisor_msgs/srv/_stop_module.py'...
[13.547s] Compiling '/home/admin/ros2_ws/install/robotnik_supervisor_msgs/local/lib/python3.10/dist-packages/robotnik_supervisor_msgs/srv/_stop_stack.py'...
[13.551s] -- Installing: /home/admin/ros2_ws/install/robotnik_supervisor_msgs/local/lib/python3.10/dist-packages/robotnik_supervisor_msgs/robotnik_supervisor_msgs_s__rosidl_typesupport_fastrtps_c.cpython-310-x86_64-linux-gnu.so
[13.552s] -- Set runtime path of "/home/admin/ros2_ws/install/robotnik_supervisor_msgs/local/lib/python3.10/dist-packages/robotnik_supervisor_msgs/robotnik_supervisor_msgs_s__rosidl_typesupport_fastrtps_c.cpython-310-x86_64-linux-gnu.so" to ""
[13.552s] -- Installing: /home/admin/ros2_ws/install/robotnik_supervisor_msgs/local/lib/python3.10/dist-packages/robotnik_supervisor_msgs/robotnik_supervisor_msgs_s__rosidl_typesupport_introspection_c.cpython-310-x86_64-linux-gnu.so
[13.552s] -- Set runtime path of "/home/admin/ros2_ws/install/robotnik_supervisor_msgs/local/lib/python3.10/dist-packages/robotnik_supervisor_msgs/robotnik_supervisor_msgs_s__rosidl_typesupport_introspection_c.cpython-310-x86_64-linux-gnu.so" to ""
[13.553s] -- Installing: /home/admin/ros2_ws/install/robotnik_supervisor_msgs/local/lib/python3.10/dist-packages/robotnik_supervisor_msgs/robotnik_supervisor_msgs_s__rosidl_typesupport_c.cpython-310-x86_64-linux-gnu.so
[13.553s] -- Set runtime path of "/home/admin/ros2_ws/install/robotnik_supervisor_msgs/local/lib/python3.10/dist-packages/robotnik_supervisor_msgs/robotnik_supervisor_msgs_s__rosidl_typesupport_c.cpython-310-x86_64-linux-gnu.so" to ""
[13.553s] -- Installing: /home/admin/ros2_ws/install/robotnik_supervisor_msgs/lib/librobotnik_supervisor_msgs__rosidl_generator_py.so
[13.554s] -- Set runtime path of "/home/admin/ros2_ws/install/robotnik_supervisor_msgs/lib/librobotnik_supervisor_msgs__rosidl_generator_py.so" to ""
[13.554s] -- Installing: /home/admin/ros2_ws/install/robotnik_supervisor_msgs/share/robotnik_supervisor_msgs/srv/DownStack.idl
[13.554s] -- Installing: /home/admin/ros2_ws/install/robotnik_supervisor_msgs/share/robotnik_supervisor_msgs/srv/GetModuleList.idl
[13.554s] -- Installing: /home/admin/ros2_ws/install/robotnik_supervisor_msgs/share/robotnik_supervisor_msgs/srv/GetStackList.idl
[13.554s] -- Installing: /home/admin/ros2_ws/install/robotnik_supervisor_msgs/share/robotnik_supervisor_msgs/srv/GetStackLogs.idl
[13.554s] -- Installing: /home/admin/ros2_ws/install/robotnik_supervisor_msgs/share/robotnik_supervisor_msgs/srv/GetStackStatus.idl
[13.554s] -- Installing: /home/admin/ros2_ws/install/robotnik_supervisor_msgs/share/robotnik_supervisor_msgs/srv/RestartStack.idl
[13.554s] -- Installing: /home/admin/ros2_ws/install/robotnik_supervisor_msgs/share/robotnik_supervisor_msgs/srv/StartModule.idl
[13.554s] -- Installing: /home/admin/ros2_ws/install/robotnik_supervisor_msgs/share/robotnik_supervisor_msgs/srv/StartStack.idl
[13.554s] -- Installing: /home/admin/ros2_ws/install/robotnik_supervisor_msgs/share/robotnik_supervisor_msgs/srv/StopModule.idl
[13.554s] -- Installing: /home/admin/ros2_ws/install/robotnik_supervisor_msgs/share/robotnik_supervisor_msgs/srv/StopStack.idl
[13.555s] -- Installing: /home/admin/ros2_ws/install/robotnik_supervisor_msgs/share/robotnik_supervisor_msgs/srv/DownStack.srv
[13.555s] -- Installing: /home/admin/ros2_ws/install/robotnik_supervisor_msgs/share/robotnik_supervisor_msgs/srv/DownStack_Request.msg
[13.555s] -- Installing: /home/admin/ros2_ws/install/robotnik_supervisor_msgs/share/robotnik_supervisor_msgs/srv/DownStack_Response.msg
[13.555s] -- Installing: /home/admin/ros2_ws/install/robotnik_supervisor_msgs/share/robotnik_supervisor_msgs/srv/GetModuleList.srv
[13.555s] -- Installing: /home/admin/ros2_ws/install/robotnik_supervisor_msgs/share/robotnik_supervisor_msgs/srv/GetModuleList_Request.msg
[13.555s] -- Installing: /home/admin/ros2_ws/install/robotnik_supervisor_msgs/share/robotnik_supervisor_msgs/srv/GetModuleList_Response.msg
[13.555s] -- Installing: /home/admin/ros2_ws/install/robotnik_supervisor_msgs/share/robotnik_supervisor_msgs/srv/GetStackList.srv
[13.555s] -- Installing: /home/admin/ros2_ws/install/robotnik_supervisor_msgs/share/robotnik_supervisor_msgs/srv/GetStackList_Request.msg
[13.555s] -- Installing: /home/admin/ros2_ws/install/robotnik_supervisor_msgs/share/robotnik_supervisor_msgs/srv/GetStackList_Response.msg
[13.555s] -- Installing: /home/admin/ros2_ws/install/robotnik_supervisor_msgs/share/robotnik_supervisor_msgs/srv/GetStackLogs.srv
[13.555s] -- Installing: /home/admin/ros2_ws/install/robotnik_supervisor_msgs/share/robotnik_supervisor_msgs/srv/GetStackLogs_Request.msg
[13.555s] -- Installing: /home/admin/ros2_ws/install/robotnik_supervisor_msgs/share/robotnik_supervisor_msgs/srv/GetStackLogs_Response.msg
[13.555s] -- Installing: /home/admin/ros2_ws/install/robotnik_supervisor_msgs/share/robotnik_supervisor_msgs/srv/GetStackStatus.srv
[13.555s] -- Installing: /home/admin/ros2_ws/install/robotnik_supervisor_msgs/share/robotnik_supervisor_msgs/srv/GetStackStatus_Request.msg
[13.556s] -- Installing: /home/admin/ros2_ws/install/robotnik_supervisor_msgs/share/robotnik_supervisor_msgs/srv/GetStackStatus_Response.msg
[13.556s] -- Installing: /home/admin/ros2_ws/install/robotnik_supervisor_msgs/share/robotnik_supervisor_msgs/srv/RestartStack.srv
[13.556s] -- Installing: /home/admin/ros2_ws/install/robotnik_supervisor_msgs/share/robotnik_supervisor_msgs/srv/RestartStack_Request.msg
[13.556s] -- Installing: /home/admin/ros2_ws/install/robotnik_supervisor_msgs/share/robotnik_supervisor_msgs/srv/RestartStack_Response.msg
[13.556s] -- Installing: /home/admin/ros2_ws/install/robotnik_supervisor_msgs/share/robotnik_supervisor_msgs/srv/StartModule.srv
[13.556s] -- Installing: /home/admin/ros2_ws/install/robotnik_supervisor_msgs/share/robotnik_supervisor_msgs/srv/StartModule_Request.msg
[13.556s] -- Installing: /home/admin/ros2_ws/install/robotnik_supervisor_msgs/share/robotnik_supervisor_msgs/srv/StartModule_Response.msg
[13.556s] -- Installing: /home/admin/ros2_ws/install/robotnik_supervisor_msgs/share/robotnik_supervisor_msgs/srv/StartStack.srv
[13.556s] -- Installing: /home/admin/ros2_ws/install/robotnik_supervisor_msgs/share/robotnik_supervisor_msgs/srv/StartStack_Request.msg
[13.556s] -- Installing: /home/admin/ros2_ws/install/robotnik_supervisor_msgs/share/robotnik_supervisor_msgs/srv/StartStack_Response.msg
[13.556s] -- Installing: /home/admin/ros2_ws/install/robotnik_supervisor_msgs/share/robotnik_supervisor_msgs/srv/StopModule.srv
[13.556s] -- Installing: /home/admin/ros2_ws/install/robotnik_supervisor_msgs/share/robotnik_supervisor_msgs/srv/StopModule_Request.msg
[13.556s] -- Installing: /home/admin/ros2_ws/install/robotnik_supervisor_msgs/share/robotnik_supervisor_msgs/srv/StopModule_Response.msg
[13.557s] -- Installing: /home/admin/ros2_ws/install/robotnik_supervisor_msgs/share/robotnik_supervisor_msgs/srv/StopStack.srv
[13.557s] -- Installing: /home/admin/ros2_ws/install/robotnik_supervisor_msgs/share/robotnik_supervisor_msgs/srv/StopStack_Request.msg
[13.557s] -- Installing: /home/admin/ros2_ws/install/robotnik_supervisor_msgs/share/robotnik_supervisor_msgs/srv/StopStack_Response.msg
[13.557s] -- Installing: /home/admin/ros2_ws/install/robotnik_supervisor_msgs/share/ament_index/resource_index/package_run_dependencies/robotnik_supervisor_msgs
[13.557s] -- Installing: /home/admin/ros2_ws/install/robotnik_supervisor_msgs/share/ament_index/resource_index/parent_prefix_path/robotnik_supervisor_msgs
[13.557s] -- Installing: /home/admin/ros2_ws/install/robotnik_supervisor_msgs/share/robotnik_supervisor_msgs/environment/ament_prefix_path.sh
[13.557s] -- Installing: /home/admin/ros2_ws/install/robotnik_supervisor_msgs/share/robotnik_supervisor_msgs/environment/ament_prefix_path.dsv
[13.557s] -- Installing: /home/admin/ros2_ws/install/robotnik_supervisor_msgs/share/robotnik_supervisor_msgs/environment/path.sh
[13.557s] -- Installing: /home/admin/ros2_ws/install/robotnik_supervisor_msgs/share/robotnik_supervisor_msgs/environment/path.dsv
[13.558s] -- Installing: /home/admin/ros2_ws/install/robotnik_supervisor_msgs/share/robotnik_supervisor_msgs/local_setup.bash
[13.558s] -- Installing: /home/admin/ros2_ws/install/robotnik_supervisor_msgs/share/robotnik_supervisor_msgs/local_setup.sh
[13.558s] -- Installing: /home/admin/ros2_ws/install/robotnik_supervisor_msgs/share/robotnik_supervisor_msgs/local_setup.zsh
[13.558s] -- Installing: /home/admin/ros2_ws/install/robotnik_supervisor_msgs/share/robotnik_supervisor_msgs/local_setup.dsv
[13.558s] -- Installing: /home/admin/ros2_ws/install/robotnik_supervisor_msgs/share/robotnik_supervisor_msgs/package.dsv
[13.558s] -- Installing: /home/admin/ros2_ws/install/robotnik_supervisor_msgs/share/ament_index/resource_index/packages/robotnik_supervisor_msgs
[13.558s] -- Installing: /home/admin/ros2_ws/install/robotnik_supervisor_msgs/share/robotnik_supervisor_msgs/cmake/export_robotnik_supervisor_msgs__rosidl_generator_cExport.cmake
[13.558s] -- Installing: /home/admin/ros2_ws/install/robotnik_supervisor_msgs/share/robotnik_supervisor_msgs/cmake/export_robotnik_supervisor_msgs__rosidl_generator_cExport-noconfig.cmake
[13.558s] -- Installing: /home/admin/ros2_ws/install/robotnik_supervisor_msgs/share/robotnik_supervisor_msgs/cmake/export_robotnik_supervisor_msgs__rosidl_typesupport_fastrtps_cExport.cmake
[13.558s] -- Installing: /home/admin/ros2_ws/install/robotnik_supervisor_msgs/share/robotnik_supervisor_msgs/cmake/export_robotnik_supervisor_msgs__rosidl_typesupport_fastrtps_cExport-noconfig.cmake
[13.558s] -- Installing: /home/admin/ros2_ws/install/robotnik_supervisor_msgs/share/robotnik_supervisor_msgs/cmake/export_robotnik_supervisor_msgs__rosidl_generator_cppExport.cmake
[13.558s] -- Installing: /home/admin/ros2_ws/install/robotnik_supervisor_msgs/share/robotnik_supervisor_msgs/cmake/export_robotnik_supervisor_msgs__rosidl_typesupport_fastrtps_cppExport.cmake
[13.559s] -- Installing: /home/admin/ros2_ws/install/robotnik_supervisor_msgs/share/robotnik_supervisor_msgs/cmake/export_robotnik_supervisor_msgs__rosidl_typesupport_fastrtps_cppExport-noconfig.cmake
[13.559s] -- Installing: /home/admin/ros2_ws/install/robotnik_supervisor_msgs/share/robotnik_supervisor_msgs/cmake/robotnik_supervisor_msgs__rosidl_typesupport_introspection_cExport.cmake
[13.559s] -- Installing: /home/admin/ros2_ws/install/robotnik_supervisor_msgs/share/robotnik_supervisor_msgs/cmake/robotnik_supervisor_msgs__rosidl_typesupport_introspection_cExport-noconfig.cmake
[13.559s] -- Installing: /home/admin/ros2_ws/install/robotnik_supervisor_msgs/share/robotnik_supervisor_msgs/cmake/robotnik_supervisor_msgs__rosidl_typesupport_cExport.cmake
[13.559s] -- Installing: /home/admin/ros2_ws/install/robotnik_supervisor_msgs/share/robotnik_supervisor_msgs/cmake/robotnik_supervisor_msgs__rosidl_typesupport_cExport-noconfig.cmake
[13.559s] -- Installing: /home/admin/ros2_ws/install/robotnik_supervisor_msgs/share/robotnik_supervisor_msgs/cmake/robotnik_supervisor_msgs__rosidl_typesupport_introspection_cppExport.cmake
[13.559s] -- Installing: /home/admin/ros2_ws/install/robotnik_supervisor_msgs/share/robotnik_supervisor_msgs/cmake/robotnik_supervisor_msgs__rosidl_typesupport_introspection_cppExport-noconfig.cmake
[13.559s] -- Installing: /home/admin/ros2_ws/install/robotnik_supervisor_msgs/share/robotnik_supervisor_msgs/cmake/robotnik_supervisor_msgs__rosidl_typesupport_cppExport.cmake
[13.559s] -- Installing: /home/admin/ros2_ws/install/robotnik_supervisor_msgs/share/robotnik_supervisor_msgs/cmake/robotnik_supervisor_msgs__rosidl_typesupport_cppExport-noconfig.cmake
[13.559s] -- Installing: /home/admin/ros2_ws/install/robotnik_supervisor_msgs/share/robotnik_supervisor_msgs/cmake/export_robotnik_supervisor_msgs__rosidl_generator_pyExport.cmake
[13.559s] -- Installing: /home/admin/ros2_ws/install/robotnik_supervisor_msgs/share/robotnik_supervisor_msgs/cmake/export_robotnik_supervisor_msgs__rosidl_generator_pyExport-noconfig.cmake
[13.560s] -- Installing: /home/admin/ros2_ws/install/robotnik_supervisor_msgs/share/robotnik_supervisor_msgs/cmake/rosidl_cmake-extras.cmake
[13.560s] -- Installing: /home/admin/ros2_ws/install/robotnik_supervisor_msgs/share/robotnik_supervisor_msgs/cmake/ament_cmake_export_dependencies-extras.cmake
[13.560s] -- Installing: /home/admin/ros2_ws/install/robotnik_supervisor_msgs/share/robotnik_supervisor_msgs/cmake/ament_cmake_export_include_directories-extras.cmake
[13.560s] -- Installing: /home/admin/ros2_ws/install/robotnik_supervisor_msgs/share/robotnik_supervisor_msgs/cmake/ament_cmake_export_libraries-extras.cmake
[13.560s] -- Installing: /home/admin/ros2_ws/install/robotnik_supervisor_msgs/share/robotnik_supervisor_msgs/cmake/ament_cmake_export_targets-extras.cmake
[13.560s] -- Installing: /home/admin/ros2_ws/install/robotnik_supervisor_msgs/share/robotnik_supervisor_msgs/cmake/rosidl_cmake_export_typesupport_targets-extras.cmake
[13.560s] -- Installing: /home/admin/ros2_ws/install/robotnik_supervisor_msgs/share/robotnik_supervisor_msgs/cmake/rosidl_cmake_export_typesupport_libraries-extras.cmake
[13.560s] -- Installing: /home/admin/ros2_ws/install/robotnik_supervisor_msgs/share/robotnik_supervisor_msgs/cmake/robotnik_supervisor_msgsConfig.cmake
[13.560s] -- Installing: /home/admin/ros2_ws/install/robotnik_supervisor_msgs/share/robotnik_supervisor_msgs/cmake/robotnik_supervisor_msgsConfig-version.cmake
[13.560s] -- Installing: /home/admin/ros2_ws/install/robotnik_supervisor_msgs/share/robotnik_supervisor_msgs/package.xml
[13.563s] Invoked command in '/home/admin/ros2_ws/build/robotnik_supervisor_msgs' returned '0': CMAKE_PREFIX_PATH=/home/admin/ros2_ws/install/robotnik_common_msgs:/home/admin/ros2_ws/install/robotnik_supervisor_msgs:/home/admin/ros2_ws/install/robotnik_gazebo_ignition:/home/admin/ros2_ws/install/robotnik_gazebo_classic:/home/admin/ros2_ws/install/robotnik_description:/home/admin/ros2_ws/install/robotnik_sensors:/home/admin/ros2_ws/install/robotnik_interfaces:/home/admin/ros2_ws/install/robotnik_safety_msgs:/home/admin/ros2_ws/install/robotnik_perception_msgs:/home/admin/ros2_ws/install/robotnik_navigation_msgs:/home/admin/ros2_ws/install/robotnik_io_msgs:/home/admin/ros2_ws/install/robotnik_controllers_msgs:/home/admin/ros2_ws/install/robotnik_common:/home/admin/ros2_ws/install/robotnik_battery_msgs:/home/admin/ros2_ws/install/custom_gz:/opt/ros/humble LD_LIBRARY_PATH=/home/admin/ros2_ws/install/robotnik_common_msgs/lib:/home/admin/ros2_ws/install/robotnik_supervisor_msgs/lib:/home/admin/ros2_ws/install/robotnik_perception_msgs/lib:/home/admin/ros2_ws/install/robotnik_navigation_msgs/lib:/home/admin/ros2_ws/install/robotnik_io_msgs/lib:/home/admin/ros2_ws/install/robotnik_controllers_msgs/lib:/home/admin/ros2_ws/install/robotnik_battery_msgs/lib:/usr/lib/x86_64-linux-gnu/gazebo-11/plugins:/opt/ros/humble/opt/rviz_ogre_vendor/lib:/opt/ros/humble/lib/x86_64-linux-gnu:/opt/ros/humble/lib /usr/bin/cmake --install /home/admin/ros2_ws/build/robotnik_supervisor_msgs
