[0.009s] Invoking command in '/home/admin/ros2_ws/build/robotnik_navigation_msgs': CMAKE_PREFIX_PATH=/home/admin/ros2_ws/install/robotnik_common_msgs:/home/admin/ros2_ws/install/robotnik_supervisor_msgs:/home/admin/ros2_ws/install/robotnik_gazebo_ignition:/home/admin/ros2_ws/install/robotnik_gazebo_classic:/home/admin/ros2_ws/install/robotnik_description:/home/admin/ros2_ws/install/robotnik_sensors:/home/admin/ros2_ws/install/robotnik_interfaces:/home/admin/ros2_ws/install/robotnik_perception_msgs:/home/admin/ros2_ws/install/robotnik_navigation_msgs:/home/admin/ros2_ws/install/robotnik_io_msgs:/home/admin/ros2_ws/install/robotnik_controllers_msgs:/home/admin/ros2_ws/install/robotnik_common:/home/admin/ros2_ws/install/robotnik_battery_msgs:/home/admin/ros2_ws/install/robotnik_safety_msgs:/home/admin/ros2_ws/install/rbvogui_cartographer:/opt/ros/humble LD_LIBRARY_PATH=/home/admin/ros2_ws/install/robotnik_common_msgs/lib:/home/admin/ros2_ws/install/robotnik_supervisor_msgs/lib:/home/admin/ros2_ws/install/robotnik_perception_msgs/lib:/home/admin/ros2_ws/install/robotnik_navigation_msgs/lib:/home/admin/ros2_ws/install/robotnik_io_msgs/lib:/home/admin/ros2_ws/install/robotnik_controllers_msgs/lib:/home/admin/ros2_ws/install/robotnik_battery_msgs/lib:/usr/lib/x86_64-linux-gnu/gazebo-11/plugins:/opt/ros/humble/opt/rviz_ogre_vendor/lib:/opt/ros/humble/lib/x86_64-linux-gnu:/opt/ros/humble/lib /usr/bin/cmake /home/admin/ros2_ws/src/robotnik_interfaces/robotnik_navigation_msgs -DCMAKE_INSTALL_PREFIX=/home/admin/ros2_ws/install/robotnik_navigation_msgs
[0.046s] -- The C compiler identification is GNU 11.4.0
[0.085s] -- The CXX compiler identification is GNU 11.4.0
[0.090s] -- Detecting C compiler ABI info
[0.136s] -- Detecting C compiler ABI info - done
[0.140s] -- Check for working C compiler: /usr/bin/cc - skipped
[0.140s] -- Detecting C compile features
[0.140s] -- Detecting C compile features - done
[0.142s] -- Detecting CXX compiler ABI info
[0.192s] -- Detecting CXX compiler ABI info - done
[0.197s] -- Check for working CXX compiler: /usr/bin/c++ - skipped
[0.197s] -- Detecting CXX compile features
[0.197s] -- Detecting CXX compile features - done
[0.199s] -- Found ament_cmake: 1.3.11 (/opt/ros/humble/share/ament_cmake/cmake)
[0.304s] -- Found Python3: /usr/bin/python3 (found version "3.10.12") found components: Interpreter 
[0.368s] -- Found builtin_interfaces: 1.2.1 (/opt/ros/humble/share/builtin_interfaces/cmake)
[0.388s] -- Found rosidl_generator_c: 3.1.6 (/opt/ros/humble/share/rosidl_generator_c/cmake)
[0.391s] -- Found rosidl_adapter: 3.1.6 (/opt/ros/humble/share/rosidl_adapter/cmake)
[0.396s] -- Found rosidl_generator_cpp: 3.1.6 (/opt/ros/humble/share/rosidl_generator_cpp/cmake)
[0.404s] -- Using all available rosidl_typesupport_c: rosidl_typesupport_fastrtps_c;rosidl_typesupport_introspection_c
[0.414s] -- Using all available rosidl_typesupport_cpp: rosidl_typesupport_fastrtps_cpp;rosidl_typesupport_introspection_cpp
[0.423s] -- Found rosidl_default_generators: 1.2.0 (/opt/ros/humble/share/rosidl_default_generators/cmake)
[0.438s] -- Found action_msgs: 1.2.1 (/opt/ros/humble/share/action_msgs/cmake)
[0.457s] -- Found geometry_msgs: 4.9.0 (/opt/ros/humble/share/geometry_msgs/cmake)
[0.473s] -- Found robotnik_common_msgs: 1.0.0 (/home/admin/ros2_ws/install/robotnik_common_msgs/share/robotnik_common_msgs/cmake)
[0.677s] -- Found ament_cmake_cppcheck: 0.12.12 (/opt/ros/humble/share/ament_cmake_cppcheck/cmake)
[0.678s] -- Found ament_cmake_cpplint: 0.12.12 (/opt/ros/humble/share/ament_cmake_cpplint/cmake)
[0.680s] -- Found ament_cmake_uncrustify: 0.12.12 (/opt/ros/humble/share/ament_cmake_uncrustify/cmake)
[0.682s] -- Found ament_cmake_ros: 0.10.0 (/opt/ros/humble/share/ament_cmake_ros/cmake)
[0.978s] -- Using all available rosidl_typesupport_c: rosidl_typesupport_fastrtps_c;rosidl_typesupport_introspection_c
[1.094s] -- Using all available rosidl_typesupport_cpp: rosidl_typesupport_fastrtps_cpp;rosidl_typesupport_introspection_cpp
[1.110s] -- Found PythonInterp: /usr/bin/python3 (found suitable version "3.10.12", minimum required is "3.6") 
[1.111s] -- Found python_cmake_module: 0.10.0 (/opt/ros/humble/share/python_cmake_module/cmake)
[1.128s] -- Found PythonLibs: /usr/lib/x86_64-linux-gnu/libpython3.10.so (found suitable version "3.10.12", minimum required is "3.5") 
[1.128s] -- Using PYTHON_EXECUTABLE: /usr/bin/python3
[1.128s] -- Using PYTHON_INCLUDE_DIRS: /usr/include/python3.10
[1.128s] -- Using PYTHON_LIBRARIES: /usr/lib/x86_64-linux-gnu/libpython3.10.so
[1.146s] -- Found PythonExtra: .so  
[1.220s] -- Found ament_cmake_flake8: 0.12.12 (/opt/ros/humble/share/ament_cmake_flake8/cmake)
[1.224s] -- Found ament_cmake_pep257: 0.12.12 (/opt/ros/humble/share/ament_cmake_pep257/cmake)
[1.229s] -- Found ament_lint_auto: 0.12.12 (/opt/ros/humble/share/ament_lint_auto/cmake)
[1.250s] -- Added test 'copyright' to check source files copyright and LICENSE
[1.250s] -- Added test 'lint_cmake' to check CMake code style
[1.251s] -- Added test 'xmllint' to check XML markup files
[1.254s] -- Configuring done
[1.303s] -- Generating done
[1.320s] -- Build files have been written to: /home/admin/ros2_ws/build/robotnik_navigation_msgs
[1.330s] Invoked command in '/home/admin/ros2_ws/build/robotnik_navigation_msgs' returned '0': CMAKE_PREFIX_PATH=/home/admin/ros2_ws/install/robotnik_common_msgs:/home/admin/ros2_ws/install/robotnik_supervisor_msgs:/home/admin/ros2_ws/install/robotnik_gazebo_ignition:/home/admin/ros2_ws/install/robotnik_gazebo_classic:/home/admin/ros2_ws/install/robotnik_description:/home/admin/ros2_ws/install/robotnik_sensors:/home/admin/ros2_ws/install/robotnik_interfaces:/home/admin/ros2_ws/install/robotnik_perception_msgs:/home/admin/ros2_ws/install/robotnik_navigation_msgs:/home/admin/ros2_ws/install/robotnik_io_msgs:/home/admin/ros2_ws/install/robotnik_controllers_msgs:/home/admin/ros2_ws/install/robotnik_common:/home/admin/ros2_ws/install/robotnik_battery_msgs:/home/admin/ros2_ws/install/robotnik_safety_msgs:/home/admin/ros2_ws/install/rbvogui_cartographer:/opt/ros/humble LD_LIBRARY_PATH=/home/admin/ros2_ws/install/robotnik_common_msgs/lib:/home/admin/ros2_ws/install/robotnik_supervisor_msgs/lib:/home/admin/ros2_ws/install/robotnik_perception_msgs/lib:/home/admin/ros2_ws/install/robotnik_navigation_msgs/lib:/home/admin/ros2_ws/install/robotnik_io_msgs/lib:/home/admin/ros2_ws/install/robotnik_controllers_msgs/lib:/home/admin/ros2_ws/install/robotnik_battery_msgs/lib:/usr/lib/x86_64-linux-gnu/gazebo-11/plugins:/opt/ros/humble/opt/rviz_ogre_vendor/lib:/opt/ros/humble/lib/x86_64-linux-gnu:/opt/ros/humble/lib /usr/bin/cmake /home/admin/ros2_ws/src/robotnik_interfaces/robotnik_navigation_msgs -DCMAKE_INSTALL_PREFIX=/home/admin/ros2_ws/install/robotnik_navigation_msgs
[1.331s] Invoking command in '/home/admin/ros2_ws/build/robotnik_navigation_msgs': CMAKE_PREFIX_PATH=/home/admin/ros2_ws/install/robotnik_common_msgs:/home/admin/ros2_ws/install/robotnik_supervisor_msgs:/home/admin/ros2_ws/install/robotnik_gazebo_ignition:/home/admin/ros2_ws/install/robotnik_gazebo_classic:/home/admin/ros2_ws/install/robotnik_description:/home/admin/ros2_ws/install/robotnik_sensors:/home/admin/ros2_ws/install/robotnik_interfaces:/home/admin/ros2_ws/install/robotnik_perception_msgs:/home/admin/ros2_ws/install/robotnik_navigation_msgs:/home/admin/ros2_ws/install/robotnik_io_msgs:/home/admin/ros2_ws/install/robotnik_controllers_msgs:/home/admin/ros2_ws/install/robotnik_common:/home/admin/ros2_ws/install/robotnik_battery_msgs:/home/admin/ros2_ws/install/robotnik_safety_msgs:/home/admin/ros2_ws/install/rbvogui_cartographer:/opt/ros/humble LD_LIBRARY_PATH=/home/admin/ros2_ws/install/robotnik_common_msgs/lib:/home/admin/ros2_ws/install/robotnik_supervisor_msgs/lib:/home/admin/ros2_ws/install/robotnik_perception_msgs/lib:/home/admin/ros2_ws/install/robotnik_navigation_msgs/lib:/home/admin/ros2_ws/install/robotnik_io_msgs/lib:/home/admin/ros2_ws/install/robotnik_controllers_msgs/lib:/home/admin/ros2_ws/install/robotnik_battery_msgs/lib:/usr/lib/x86_64-linux-gnu/gazebo-11/plugins:/opt/ros/humble/opt/rviz_ogre_vendor/lib:/opt/ros/humble/lib/x86_64-linux-gnu:/opt/ros/humble/lib /usr/bin/cmake --build /home/admin/ros2_ws/build/robotnik_navigation_msgs -- -j20 -l20
[1.370s] [  2%] [34m[1mGenerating C code for ROS interfaces[0m
[1.384s] [  5%] [34m[1mGenerating C++ code for ROS interfaces[0m
[1.394s] [  5%] Built target ament_cmake_python_copy_robotnik_navigation_msgs
[1.599s] running egg_info
[1.600s] creating robotnik_navigation_msgs.egg-info
[1.600s] writing robotnik_navigation_msgs.egg-info/PKG-INFO
[1.600s] writing dependency_links to robotnik_navigation_msgs.egg-info/dependency_links.txt
[1.600s] writing top-level names to robotnik_navigation_msgs.egg-info/top_level.txt
[1.601s] writing manifest file 'robotnik_navigation_msgs.egg-info/SOURCES.txt'
[1.602s] reading manifest file 'robotnik_navigation_msgs.egg-info/SOURCES.txt'
[1.603s] writing manifest file 'robotnik_navigation_msgs.egg-info/SOURCES.txt'
[1.625s] [  5%] Built target ament_cmake_python_build_robotnik_navigation_msgs_egg
[2.140s] [  7%] [32mBuilding C object CMakeFiles/robotnik_navigation_msgs__rosidl_generator_c.dir/rosidl_generator_c/robotnik_navigation_msgs/action/detail/dock__functions.c.o[0m
[2.140s] [ 10%] [32mBuilding C object CMakeFiles/robotnik_navigation_msgs__rosidl_generator_c.dir/rosidl_generator_c/robotnik_navigation_msgs/action/detail/move__functions.c.o[0m
[2.255s] [ 10%] Built target robotnik_navigation_msgs__cpp
[2.281s] [ 12%] [34m[1mGenerating C++ type support dispatch for ROS interfaces[0m
[2.287s] [ 15%] [34m[1mGenerating C++ type support for eProsima Fast-RTPS[0m
[2.293s] [ 17%] [34m[1mGenerating C++ introspection for ROS interfaces[0m
[2.442s] [ 20%] [32m[1mLinking C shared library librobotnik_navigation_msgs__rosidl_generator_c.so[0m
[2.553s] [ 20%] Built target robotnik_navigation_msgs__rosidl_generator_c
[2.575s] [ 23%] [34m[1mGenerating C type support for eProsima Fast-RTPS[0m
[2.581s] [ 25%] [34m[1mGenerating C introspection for ROS interfaces[0m
[2.581s] [ 28%] [34m[1mGenerating C type support dispatch for ROS interfaces[0m
[3.210s] [ 30%] [32mBuilding CXX object CMakeFiles/robotnik_navigation_msgs__rosidl_typesupport_introspection_cpp.dir/rosidl_typesupport_introspection_cpp/robotnik_navigation_msgs/action/detail/dock__type_support.cpp.o[0m
[3.213s] [ 33%] [32mBuilding CXX object CMakeFiles/robotnik_navigation_msgs__rosidl_typesupport_introspection_cpp.dir/rosidl_typesupport_introspection_cpp/robotnik_navigation_msgs/action/detail/move__type_support.cpp.o[0m
[3.328s] [ 35%] [32mBuilding CXX object CMakeFiles/robotnik_navigation_msgs__rosidl_typesupport_cpp.dir/rosidl_typesupport_cpp/robotnik_navigation_msgs/action/dock__type_support.cpp.o[0m
[3.361s] [ 38%] [32mBuilding CXX object CMakeFiles/robotnik_navigation_msgs__rosidl_typesupport_cpp.dir/rosidl_typesupport_cpp/robotnik_navigation_msgs/action/move__type_support.cpp.o[0m
[3.510s] [ 41%] [32mBuilding C object CMakeFiles/robotnik_navigation_msgs__rosidl_typesupport_introspection_c.dir/rosidl_typesupport_introspection_c/robotnik_navigation_msgs/action/detail/dock__type_support.c.o[0m
[3.539s] [ 43%] [32mBuilding C object CMakeFiles/robotnik_navigation_msgs__rosidl_typesupport_introspection_c.dir/rosidl_typesupport_introspection_c/robotnik_navigation_msgs/action/detail/move__type_support.c.o[0m
[3.758s] [ 46%] [32m[1mLinking C shared library librobotnik_navigation_msgs__rosidl_typesupport_introspection_c.so[0m
[3.873s] [ 46%] Built target robotnik_navigation_msgs__rosidl_typesupport_introspection_c
[4.082s] [ 48%] [32mBuilding CXX object CMakeFiles/robotnik_navigation_msgs__rosidl_typesupport_c.dir/rosidl_typesupport_c/robotnik_navigation_msgs/action/dock__type_support.cpp.o[0m
[4.094s] [ 51%] [32mBuilding CXX object CMakeFiles/robotnik_navigation_msgs__rosidl_typesupport_c.dir/rosidl_typesupport_c/robotnik_navigation_msgs/action/move__type_support.cpp.o[0m
[4.276s] [ 53%] [32m[1mLinking CXX shared library librobotnik_navigation_msgs__rosidl_typesupport_c.so[0m
[4.394s] [ 53%] Built target robotnik_navigation_msgs__rosidl_typesupport_c
[4.704s] [ 56%] [32mBuilding CXX object CMakeFiles/robotnik_navigation_msgs__rosidl_typesupport_fastrtps_c.dir/rosidl_typesupport_fastrtps_c/robotnik_navigation_msgs/action/detail/dock__type_support_c.cpp.o[0m
[4.722s] [ 58%] [32mBuilding CXX object CMakeFiles/robotnik_navigation_msgs__rosidl_typesupport_fastrtps_c.dir/rosidl_typesupport_fastrtps_c/robotnik_navigation_msgs/action/detail/move__type_support_c.cpp.o[0m
[4.747s] [ 61%] [32mBuilding CXX object CMakeFiles/robotnik_navigation_msgs__rosidl_typesupport_fastrtps_cpp.dir/rosidl_typesupport_fastrtps_cpp/robotnik_navigation_msgs/action/detail/dds_fastrtps/dock__type_support.cpp.o[0m
[4.760s] [ 64%] [32mBuilding CXX object CMakeFiles/robotnik_navigation_msgs__rosidl_typesupport_fastrtps_cpp.dir/rosidl_typesupport_fastrtps_cpp/robotnik_navigation_msgs/action/detail/dds_fastrtps/move__type_support.cpp.o[0m
[5.050s] [ 66%] [32m[1mLinking CXX shared library librobotnik_navigation_msgs__rosidl_typesupport_cpp.so[0m
[5.202s] [ 66%] Built target robotnik_navigation_msgs__rosidl_typesupport_cpp
[5.508s] [ 69%] [32m[1mLinking CXX shared library librobotnik_navigation_msgs__rosidl_typesupport_introspection_cpp.so[0m
[5.724s] [ 69%] Built target robotnik_navigation_msgs__rosidl_typesupport_introspection_cpp
[5.752s] [ 71%] [32m[1mLinking CXX shared library librobotnik_navigation_msgs__rosidl_typesupport_fastrtps_c.so[0m
[5.975s] [ 71%] Built target robotnik_navigation_msgs__rosidl_typesupport_fastrtps_c
[6.083s] [ 74%] [32m[1mLinking CXX shared library librobotnik_navigation_msgs__rosidl_typesupport_fastrtps_cpp.so[0m
[6.163s] [ 74%] Built target robotnik_navigation_msgs__rosidl_typesupport_fastrtps_cpp
[6.183s] [ 74%] Built target robotnik_navigation_msgs
[6.199s] [ 76%] [34m[1mGenerating Python code for ROS interfaces[0m
[6.931s] [ 76%] Built target robotnik_navigation_msgs__py
[6.948s] [ 79%] [32mBuilding C object CMakeFiles/robotnik_navigation_msgs__rosidl_generator_py.dir/rosidl_generator_py/robotnik_navigation_msgs/action/_dock_s.c.o[0m
[6.948s] [ 82%] [32mBuilding C object CMakeFiles/robotnik_navigation_msgs__rosidl_generator_py.dir/rosidl_generator_py/robotnik_navigation_msgs/action/_move_s.c.o[0m
[7.035s] [ 84%] [32m[1mLinking C shared library rosidl_generator_py/robotnik_navigation_msgs/librobotnik_navigation_msgs__rosidl_generator_py.so[0m
[7.075s] [ 84%] Built target robotnik_navigation_msgs__rosidl_generator_py
[7.090s] [ 87%] [32mBuilding C object CMakeFiles/robotnik_navigation_msgs__rosidl_typesupport_introspection_c__pyext.dir/rosidl_generator_py/robotnik_navigation_msgs/_robotnik_navigation_msgs_s.ep.rosidl_typesupport_introspection_c.c.o[0m
[7.091s] [ 89%] [32mBuilding C object CMakeFiles/robotnik_navigation_msgs__rosidl_typesupport_fastrtps_c__pyext.dir/rosidl_generator_py/robotnik_navigation_msgs/_robotnik_navigation_msgs_s.ep.rosidl_typesupport_fastrtps_c.c.o[0m
[7.092s] [ 92%] [32mBuilding C object CMakeFiles/robotnik_navigation_msgs__rosidl_typesupport_c__pyext.dir/rosidl_generator_py/robotnik_navigation_msgs/_robotnik_navigation_msgs_s.ep.rosidl_typesupport_c.c.o[0m
[7.187s] [ 94%] [32m[1mLinking C shared library rosidl_generator_py/robotnik_navigation_msgs/robotnik_navigation_msgs_s__rosidl_typesupport_c.cpython-310-x86_64-linux-gnu.so[0m
[7.202s] [ 97%] [32m[1mLinking C shared library rosidl_generator_py/robotnik_navigation_msgs/robotnik_navigation_msgs_s__rosidl_typesupport_introspection_c.cpython-310-x86_64-linux-gnu.so[0m
[7.219s] [100%] [32m[1mLinking C shared library rosidl_generator_py/robotnik_navigation_msgs/robotnik_navigation_msgs_s__rosidl_typesupport_fastrtps_c.cpython-310-x86_64-linux-gnu.so[0m
[7.240s] [100%] Built target robotnik_navigation_msgs__rosidl_typesupport_c__pyext
[7.261s] [100%] Built target robotnik_navigation_msgs__rosidl_typesupport_introspection_c__pyext
[7.271s] [100%] Built target robotnik_navigation_msgs__rosidl_typesupport_fastrtps_c__pyext
[7.285s] Invoked command in '/home/admin/ros2_ws/build/robotnik_navigation_msgs' returned '0': CMAKE_PREFIX_PATH=/home/admin/ros2_ws/install/robotnik_common_msgs:/home/admin/ros2_ws/install/robotnik_supervisor_msgs:/home/admin/ros2_ws/install/robotnik_gazebo_ignition:/home/admin/ros2_ws/install/robotnik_gazebo_classic:/home/admin/ros2_ws/install/robotnik_description:/home/admin/ros2_ws/install/robotnik_sensors:/home/admin/ros2_ws/install/robotnik_interfaces:/home/admin/ros2_ws/install/robotnik_perception_msgs:/home/admin/ros2_ws/install/robotnik_navigation_msgs:/home/admin/ros2_ws/install/robotnik_io_msgs:/home/admin/ros2_ws/install/robotnik_controllers_msgs:/home/admin/ros2_ws/install/robotnik_common:/home/admin/ros2_ws/install/robotnik_battery_msgs:/home/admin/ros2_ws/install/robotnik_safety_msgs:/home/admin/ros2_ws/install/rbvogui_cartographer:/opt/ros/humble LD_LIBRARY_PATH=/home/admin/ros2_ws/install/robotnik_common_msgs/lib:/home/admin/ros2_ws/install/robotnik_supervisor_msgs/lib:/home/admin/ros2_ws/install/robotnik_perception_msgs/lib:/home/admin/ros2_ws/install/robotnik_navigation_msgs/lib:/home/admin/ros2_ws/install/robotnik_io_msgs/lib:/home/admin/ros2_ws/install/robotnik_controllers_msgs/lib:/home/admin/ros2_ws/install/robotnik_battery_msgs/lib:/usr/lib/x86_64-linux-gnu/gazebo-11/plugins:/opt/ros/humble/opt/rviz_ogre_vendor/lib:/opt/ros/humble/lib/x86_64-linux-gnu:/opt/ros/humble/lib /usr/bin/cmake --build /home/admin/ros2_ws/build/robotnik_navigation_msgs -- -j20 -l20
[7.287s] Invoking command in '/home/admin/ros2_ws/build/robotnik_navigation_msgs': CMAKE_PREFIX_PATH=/home/admin/ros2_ws/install/robotnik_common_msgs:/home/admin/ros2_ws/install/robotnik_supervisor_msgs:/home/admin/ros2_ws/install/robotnik_gazebo_ignition:/home/admin/ros2_ws/install/robotnik_gazebo_classic:/home/admin/ros2_ws/install/robotnik_description:/home/admin/ros2_ws/install/robotnik_sensors:/home/admin/ros2_ws/install/robotnik_interfaces:/home/admin/ros2_ws/install/robotnik_perception_msgs:/home/admin/ros2_ws/install/robotnik_navigation_msgs:/home/admin/ros2_ws/install/robotnik_io_msgs:/home/admin/ros2_ws/install/robotnik_controllers_msgs:/home/admin/ros2_ws/install/robotnik_common:/home/admin/ros2_ws/install/robotnik_battery_msgs:/home/admin/ros2_ws/install/robotnik_safety_msgs:/home/admin/ros2_ws/install/rbvogui_cartographer:/opt/ros/humble LD_LIBRARY_PATH=/home/admin/ros2_ws/install/robotnik_common_msgs/lib:/home/admin/ros2_ws/install/robotnik_supervisor_msgs/lib:/home/admin/ros2_ws/install/robotnik_perception_msgs/lib:/home/admin/ros2_ws/install/robotnik_navigation_msgs/lib:/home/admin/ros2_ws/install/robotnik_io_msgs/lib:/home/admin/ros2_ws/install/robotnik_controllers_msgs/lib:/home/admin/ros2_ws/install/robotnik_battery_msgs/lib:/usr/lib/x86_64-linux-gnu/gazebo-11/plugins:/opt/ros/humble/opt/rviz_ogre_vendor/lib:/opt/ros/humble/lib/x86_64-linux-gnu:/opt/ros/humble/lib /usr/bin/cmake --install /home/admin/ros2_ws/build/robotnik_navigation_msgs
[7.294s] -- Install configuration: ""
[7.294s] -- Installing: /home/admin/ros2_ws/install/robotnik_navigation_msgs/share/ament_index/resource_index/rosidl_interfaces/robotnik_navigation_msgs
[7.294s] -- Installing: /home/admin/ros2_ws/install/robotnik_navigation_msgs/include/robotnik_navigation_msgs/robotnik_navigation_msgs
[7.294s] -- Installing: /home/admin/ros2_ws/install/robotnik_navigation_msgs/include/robotnik_navigation_msgs/robotnik_navigation_msgs/action
[7.294s] -- Installing: /home/admin/ros2_ws/install/robotnik_navigation_msgs/include/robotnik_navigation_msgs/robotnik_navigation_msgs/action/detail
[7.294s] -- Installing: /home/admin/ros2_ws/install/robotnik_navigation_msgs/include/robotnik_navigation_msgs/robotnik_navigation_msgs/action/detail/dock__functions.h
[7.294s] -- Installing: /home/admin/ros2_ws/install/robotnik_navigation_msgs/include/robotnik_navigation_msgs/robotnik_navigation_msgs/action/detail/move__struct.h
[7.294s] -- Installing: /home/admin/ros2_ws/install/robotnik_navigation_msgs/include/robotnik_navigation_msgs/robotnik_navigation_msgs/action/detail/move__type_support.h
[7.294s] -- Installing: /home/admin/ros2_ws/install/robotnik_navigation_msgs/include/robotnik_navigation_msgs/robotnik_navigation_msgs/action/detail/move__functions.h
[7.295s] -- Installing: /home/admin/ros2_ws/install/robotnik_navigation_msgs/include/robotnik_navigation_msgs/robotnik_navigation_msgs/action/detail/move__functions.c
[7.295s] -- Installing: /home/admin/ros2_ws/install/robotnik_navigation_msgs/include/robotnik_navigation_msgs/robotnik_navigation_msgs/action/detail/dock__struct.h
[7.295s] -- Installing: /home/admin/ros2_ws/install/robotnik_navigation_msgs/include/robotnik_navigation_msgs/robotnik_navigation_msgs/action/detail/dock__type_support.h
[7.295s] -- Installing: /home/admin/ros2_ws/install/robotnik_navigation_msgs/include/robotnik_navigation_msgs/robotnik_navigation_msgs/action/detail/dock__functions.c
[7.295s] -- Installing: /home/admin/ros2_ws/install/robotnik_navigation_msgs/include/robotnik_navigation_msgs/robotnik_navigation_msgs/action/move.h
[7.295s] -- Installing: /home/admin/ros2_ws/install/robotnik_navigation_msgs/include/robotnik_navigation_msgs/robotnik_navigation_msgs/action/dock.h
[7.295s] -- Installing: /home/admin/ros2_ws/install/robotnik_navigation_msgs/include/robotnik_navigation_msgs/robotnik_navigation_msgs/msg
[7.295s] -- Installing: /home/admin/ros2_ws/install/robotnik_navigation_msgs/include/robotnik_navigation_msgs/robotnik_navigation_msgs/msg/rosidl_generator_c__visibility_control.h
[7.295s] -- Installing: /home/admin/ros2_ws/install/robotnik_navigation_msgs/share/robotnik_navigation_msgs/environment/library_path.sh
[7.295s] -- Installing: /home/admin/ros2_ws/install/robotnik_navigation_msgs/share/robotnik_navigation_msgs/environment/library_path.dsv
[7.295s] -- Installing: /home/admin/ros2_ws/install/robotnik_navigation_msgs/lib/librobotnik_navigation_msgs__rosidl_generator_c.so
[7.296s] -- Set runtime path of "/home/admin/ros2_ws/install/robotnik_navigation_msgs/lib/librobotnik_navigation_msgs__rosidl_generator_c.so" to ""
[7.296s] -- Up-to-date: /home/admin/ros2_ws/install/robotnik_navigation_msgs/include/robotnik_navigation_msgs/robotnik_navigation_msgs
[7.296s] -- Up-to-date: /home/admin/ros2_ws/install/robotnik_navigation_msgs/include/robotnik_navigation_msgs/robotnik_navigation_msgs/action
[7.296s] -- Up-to-date: /home/admin/ros2_ws/install/robotnik_navigation_msgs/include/robotnik_navigation_msgs/robotnik_navigation_msgs/action/detail
[7.296s] -- Installing: /home/admin/ros2_ws/install/robotnik_navigation_msgs/include/robotnik_navigation_msgs/robotnik_navigation_msgs/action/detail/move__rosidl_typesupport_fastrtps_c.h
[7.296s] -- Installing: /home/admin/ros2_ws/install/robotnik_navigation_msgs/include/robotnik_navigation_msgs/robotnik_navigation_msgs/action/detail/dock__rosidl_typesupport_fastrtps_c.h
[7.296s] -- Up-to-date: /home/admin/ros2_ws/install/robotnik_navigation_msgs/include/robotnik_navigation_msgs/robotnik_navigation_msgs/msg
[7.296s] -- Installing: /home/admin/ros2_ws/install/robotnik_navigation_msgs/include/robotnik_navigation_msgs/robotnik_navigation_msgs/msg/rosidl_typesupport_fastrtps_c__visibility_control.h
[7.296s] -- Installing: /home/admin/ros2_ws/install/robotnik_navigation_msgs/lib/librobotnik_navigation_msgs__rosidl_typesupport_fastrtps_c.so
[7.297s] -- Set runtime path of "/home/admin/ros2_ws/install/robotnik_navigation_msgs/lib/librobotnik_navigation_msgs__rosidl_typesupport_fastrtps_c.so" to ""
[7.297s] -- Up-to-date: /home/admin/ros2_ws/install/robotnik_navigation_msgs/include/robotnik_navigation_msgs/robotnik_navigation_msgs
[7.297s] -- Up-to-date: /home/admin/ros2_ws/install/robotnik_navigation_msgs/include/robotnik_navigation_msgs/robotnik_navigation_msgs/action
[7.297s] -- Up-to-date: /home/admin/ros2_ws/install/robotnik_navigation_msgs/include/robotnik_navigation_msgs/robotnik_navigation_msgs/action/detail
[7.297s] -- Installing: /home/admin/ros2_ws/install/robotnik_navigation_msgs/include/robotnik_navigation_msgs/robotnik_navigation_msgs/action/detail/move__type_support.hpp
[7.297s] -- Installing: /home/admin/ros2_ws/install/robotnik_navigation_msgs/include/robotnik_navigation_msgs/robotnik_navigation_msgs/action/detail/dock__struct.hpp
[7.297s] -- Installing: /home/admin/ros2_ws/install/robotnik_navigation_msgs/include/robotnik_navigation_msgs/robotnik_navigation_msgs/action/detail/dock__traits.hpp
[7.297s] -- Installing: /home/admin/ros2_ws/install/robotnik_navigation_msgs/include/robotnik_navigation_msgs/robotnik_navigation_msgs/action/detail/move__traits.hpp
[7.297s] -- Installing: /home/admin/ros2_ws/install/robotnik_navigation_msgs/include/robotnik_navigation_msgs/robotnik_navigation_msgs/action/detail/move__struct.hpp
[7.297s] -- Installing: /home/admin/ros2_ws/install/robotnik_navigation_msgs/include/robotnik_navigation_msgs/robotnik_navigation_msgs/action/detail/move__builder.hpp
[7.298s] -- Installing: /home/admin/ros2_ws/install/robotnik_navigation_msgs/include/robotnik_navigation_msgs/robotnik_navigation_msgs/action/detail/dock__builder.hpp
[7.298s] -- Installing: /home/admin/ros2_ws/install/robotnik_navigation_msgs/include/robotnik_navigation_msgs/robotnik_navigation_msgs/action/detail/dock__type_support.hpp
[7.298s] -- Installing: /home/admin/ros2_ws/install/robotnik_navigation_msgs/include/robotnik_navigation_msgs/robotnik_navigation_msgs/action/dock.hpp
[7.298s] -- Installing: /home/admin/ros2_ws/install/robotnik_navigation_msgs/include/robotnik_navigation_msgs/robotnik_navigation_msgs/action/move.hpp
[7.298s] -- Up-to-date: /home/admin/ros2_ws/install/robotnik_navigation_msgs/include/robotnik_navigation_msgs/robotnik_navigation_msgs/msg
[7.298s] -- Installing: /home/admin/ros2_ws/install/robotnik_navigation_msgs/include/robotnik_navigation_msgs/robotnik_navigation_msgs/msg/rosidl_generator_cpp__visibility_control.hpp
[7.298s] -- Up-to-date: /home/admin/ros2_ws/install/robotnik_navigation_msgs/include/robotnik_navigation_msgs/robotnik_navigation_msgs
[7.298s] -- Up-to-date: /home/admin/ros2_ws/install/robotnik_navigation_msgs/include/robotnik_navigation_msgs/robotnik_navigation_msgs/action
[7.298s] -- Up-to-date: /home/admin/ros2_ws/install/robotnik_navigation_msgs/include/robotnik_navigation_msgs/robotnik_navigation_msgs/action/detail
[7.298s] -- Installing: /home/admin/ros2_ws/install/robotnik_navigation_msgs/include/robotnik_navigation_msgs/robotnik_navigation_msgs/action/detail/dock__rosidl_typesupport_fastrtps_cpp.hpp
[7.298s] -- Installing: /home/admin/ros2_ws/install/robotnik_navigation_msgs/include/robotnik_navigation_msgs/robotnik_navigation_msgs/action/detail/dds_fastrtps
[7.298s] -- Installing: /home/admin/ros2_ws/install/robotnik_navigation_msgs/include/robotnik_navigation_msgs/robotnik_navigation_msgs/action/detail/move__rosidl_typesupport_fastrtps_cpp.hpp
[7.298s] -- Up-to-date: /home/admin/ros2_ws/install/robotnik_navigation_msgs/include/robotnik_navigation_msgs/robotnik_navigation_msgs/msg
[7.299s] -- Installing: /home/admin/ros2_ws/install/robotnik_navigation_msgs/include/robotnik_navigation_msgs/robotnik_navigation_msgs/msg/rosidl_typesupport_fastrtps_cpp__visibility_control.h
[7.299s] -- Installing: /home/admin/ros2_ws/install/robotnik_navigation_msgs/lib/librobotnik_navigation_msgs__rosidl_typesupport_fastrtps_cpp.so
[7.299s] -- Set runtime path of "/home/admin/ros2_ws/install/robotnik_navigation_msgs/lib/librobotnik_navigation_msgs__rosidl_typesupport_fastrtps_cpp.so" to ""
[7.299s] -- Up-to-date: /home/admin/ros2_ws/install/robotnik_navigation_msgs/include/robotnik_navigation_msgs/robotnik_navigation_msgs
[7.299s] -- Up-to-date: /home/admin/ros2_ws/install/robotnik_navigation_msgs/include/robotnik_navigation_msgs/robotnik_navigation_msgs/action
[7.299s] -- Up-to-date: /home/admin/ros2_ws/install/robotnik_navigation_msgs/include/robotnik_navigation_msgs/robotnik_navigation_msgs/action/detail
[7.299s] -- Installing: /home/admin/ros2_ws/install/robotnik_navigation_msgs/include/robotnik_navigation_msgs/robotnik_navigation_msgs/action/detail/dock__rosidl_typesupport_introspection_c.h
[7.299s] -- Installing: /home/admin/ros2_ws/install/robotnik_navigation_msgs/include/robotnik_navigation_msgs/robotnik_navigation_msgs/action/detail/move__type_support.c
[7.299s] -- Installing: /home/admin/ros2_ws/install/robotnik_navigation_msgs/include/robotnik_navigation_msgs/robotnik_navigation_msgs/action/detail/dock__type_support.c
[7.299s] -- Installing: /home/admin/ros2_ws/install/robotnik_navigation_msgs/include/robotnik_navigation_msgs/robotnik_navigation_msgs/action/detail/move__rosidl_typesupport_introspection_c.h
[7.299s] -- Up-to-date: /home/admin/ros2_ws/install/robotnik_navigation_msgs/include/robotnik_navigation_msgs/robotnik_navigation_msgs/msg
[7.299s] -- Installing: /home/admin/ros2_ws/install/robotnik_navigation_msgs/include/robotnik_navigation_msgs/robotnik_navigation_msgs/msg/rosidl_typesupport_introspection_c__visibility_control.h
[7.300s] -- Installing: /home/admin/ros2_ws/install/robotnik_navigation_msgs/lib/librobotnik_navigation_msgs__rosidl_typesupport_introspection_c.so
[7.300s] -- Set runtime path of "/home/admin/ros2_ws/install/robotnik_navigation_msgs/lib/librobotnik_navigation_msgs__rosidl_typesupport_introspection_c.so" to ""
[7.300s] -- Installing: /home/admin/ros2_ws/install/robotnik_navigation_msgs/lib/librobotnik_navigation_msgs__rosidl_typesupport_c.so
[7.300s] -- Set runtime path of "/home/admin/ros2_ws/install/robotnik_navigation_msgs/lib/librobotnik_navigation_msgs__rosidl_typesupport_c.so" to ""
[7.300s] -- Up-to-date: /home/admin/ros2_ws/install/robotnik_navigation_msgs/include/robotnik_navigation_msgs/robotnik_navigation_msgs
[7.300s] -- Up-to-date: /home/admin/ros2_ws/install/robotnik_navigation_msgs/include/robotnik_navigation_msgs/robotnik_navigation_msgs/action
[7.300s] -- Up-to-date: /home/admin/ros2_ws/install/robotnik_navigation_msgs/include/robotnik_navigation_msgs/robotnik_navigation_msgs/action/detail
[7.300s] -- Installing: /home/admin/ros2_ws/install/robotnik_navigation_msgs/include/robotnik_navigation_msgs/robotnik_navigation_msgs/action/detail/move__rosidl_typesupport_introspection_cpp.hpp
[7.300s] -- Installing: /home/admin/ros2_ws/install/robotnik_navigation_msgs/include/robotnik_navigation_msgs/robotnik_navigation_msgs/action/detail/dock__rosidl_typesupport_introspection_cpp.hpp
[7.300s] -- Installing: /home/admin/ros2_ws/install/robotnik_navigation_msgs/include/robotnik_navigation_msgs/robotnik_navigation_msgs/action/detail/move__type_support.cpp
[7.301s] -- Installing: /home/admin/ros2_ws/install/robotnik_navigation_msgs/include/robotnik_navigation_msgs/robotnik_navigation_msgs/action/detail/dock__type_support.cpp
[7.301s] -- Installing: /home/admin/ros2_ws/install/robotnik_navigation_msgs/lib/librobotnik_navigation_msgs__rosidl_typesupport_introspection_cpp.so
[7.301s] -- Set runtime path of "/home/admin/ros2_ws/install/robotnik_navigation_msgs/lib/librobotnik_navigation_msgs__rosidl_typesupport_introspection_cpp.so" to ""
[7.301s] -- Installing: /home/admin/ros2_ws/install/robotnik_navigation_msgs/lib/librobotnik_navigation_msgs__rosidl_typesupport_cpp.so
[7.301s] -- Set runtime path of "/home/admin/ros2_ws/install/robotnik_navigation_msgs/lib/librobotnik_navigation_msgs__rosidl_typesupport_cpp.so" to ""
[7.301s] -- Installing: /home/admin/ros2_ws/install/robotnik_navigation_msgs/share/robotnik_navigation_msgs/environment/pythonpath.sh
[7.301s] -- Installing: /home/admin/ros2_ws/install/robotnik_navigation_msgs/share/robotnik_navigation_msgs/environment/pythonpath.dsv
[7.301s] -- Installing: /home/admin/ros2_ws/install/robotnik_navigation_msgs/local/lib/python3.10/dist-packages/robotnik_navigation_msgs-1.0.0-py3.10.egg-info
[7.301s] -- Installing: /home/admin/ros2_ws/install/robotnik_navigation_msgs/local/lib/python3.10/dist-packages/robotnik_navigation_msgs-1.0.0-py3.10.egg-info/PKG-INFO
[7.301s] -- Installing: /home/admin/ros2_ws/install/robotnik_navigation_msgs/local/lib/python3.10/dist-packages/robotnik_navigation_msgs-1.0.0-py3.10.egg-info/SOURCES.txt
[7.301s] -- Installing: /home/admin/ros2_ws/install/robotnik_navigation_msgs/local/lib/python3.10/dist-packages/robotnik_navigation_msgs-1.0.0-py3.10.egg-info/dependency_links.txt
[7.301s] -- Installing: /home/admin/ros2_ws/install/robotnik_navigation_msgs/local/lib/python3.10/dist-packages/robotnik_navigation_msgs-1.0.0-py3.10.egg-info/top_level.txt
[7.302s] -- Installing: /home/admin/ros2_ws/install/robotnik_navigation_msgs/local/lib/python3.10/dist-packages/robotnik_navigation_msgs
[7.302s] -- Installing: /home/admin/ros2_ws/install/robotnik_navigation_msgs/local/lib/python3.10/dist-packages/robotnik_navigation_msgs/action
[7.302s] -- Installing: /home/admin/ros2_ws/install/robotnik_navigation_msgs/local/lib/python3.10/dist-packages/robotnik_navigation_msgs/action/_dock_s.c
[7.302s] -- Installing: /home/admin/ros2_ws/install/robotnik_navigation_msgs/local/lib/python3.10/dist-packages/robotnik_navigation_msgs/action/_dock.py
[7.302s] -- Installing: /home/admin/ros2_ws/install/robotnik_navigation_msgs/local/lib/python3.10/dist-packages/robotnik_navigation_msgs/action/__init__.py
[7.302s] -- Installing: /home/admin/ros2_ws/install/robotnik_navigation_msgs/local/lib/python3.10/dist-packages/robotnik_navigation_msgs/action/_move_s.c
[7.302s] -- Installing: /home/admin/ros2_ws/install/robotnik_navigation_msgs/local/lib/python3.10/dist-packages/robotnik_navigation_msgs/action/_move.py
[7.302s] -- Installing: /home/admin/ros2_ws/install/robotnik_navigation_msgs/local/lib/python3.10/dist-packages/robotnik_navigation_msgs/_robotnik_navigation_msgs_s.ep.rosidl_typesupport_c.c
[7.302s] -- Installing: /home/admin/ros2_ws/install/robotnik_navigation_msgs/local/lib/python3.10/dist-packages/robotnik_navigation_msgs/_robotnik_navigation_msgs_s.ep.rosidl_typesupport_fastrtps_c.c
[7.302s] -- Installing: /home/admin/ros2_ws/install/robotnik_navigation_msgs/local/lib/python3.10/dist-packages/robotnik_navigation_msgs/__init__.py
[7.302s] -- Installing: /home/admin/ros2_ws/install/robotnik_navigation_msgs/local/lib/python3.10/dist-packages/robotnik_navigation_msgs/robotnik_navigation_msgs_s__rosidl_typesupport_fastrtps_c.cpython-310-x86_64-linux-gnu.so
[7.302s] -- Installing: /home/admin/ros2_ws/install/robotnik_navigation_msgs/local/lib/python3.10/dist-packages/robotnik_navigation_msgs/robotnik_navigation_msgs_s__rosidl_typesupport_introspection_c.cpython-310-x86_64-linux-gnu.so
[7.302s] -- Installing: /home/admin/ros2_ws/install/robotnik_navigation_msgs/local/lib/python3.10/dist-packages/robotnik_navigation_msgs/librobotnik_navigation_msgs__rosidl_generator_py.so
[7.303s] -- Installing: /home/admin/ros2_ws/install/robotnik_navigation_msgs/local/lib/python3.10/dist-packages/robotnik_navigation_msgs/_robotnik_navigation_msgs_s.ep.rosidl_typesupport_introspection_c.c
[7.303s] -- Installing: /home/admin/ros2_ws/install/robotnik_navigation_msgs/local/lib/python3.10/dist-packages/robotnik_navigation_msgs/robotnik_navigation_msgs_s__rosidl_typesupport_c.cpython-310-x86_64-linux-gnu.so
[7.344s] Listing '/home/admin/ros2_ws/install/robotnik_navigation_msgs/local/lib/python3.10/dist-packages/robotnik_navigation_msgs'...
[7.344s] Compiling '/home/admin/ros2_ws/install/robotnik_navigation_msgs/local/lib/python3.10/dist-packages/robotnik_navigation_msgs/__init__.py'...
[7.344s] Listing '/home/admin/ros2_ws/install/robotnik_navigation_msgs/local/lib/python3.10/dist-packages/robotnik_navigation_msgs/action'...
[7.344s] Compiling '/home/admin/ros2_ws/install/robotnik_navigation_msgs/local/lib/python3.10/dist-packages/robotnik_navigation_msgs/action/__init__.py'...
[7.344s] Compiling '/home/admin/ros2_ws/install/robotnik_navigation_msgs/local/lib/python3.10/dist-packages/robotnik_navigation_msgs/action/_dock.py'...
[7.344s] Compiling '/home/admin/ros2_ws/install/robotnik_navigation_msgs/local/lib/python3.10/dist-packages/robotnik_navigation_msgs/action/_move.py'...
[7.347s] -- Installing: /home/admin/ros2_ws/install/robotnik_navigation_msgs/local/lib/python3.10/dist-packages/robotnik_navigation_msgs/robotnik_navigation_msgs_s__rosidl_typesupport_fastrtps_c.cpython-310-x86_64-linux-gnu.so
[7.348s] -- Set runtime path of "/home/admin/ros2_ws/install/robotnik_navigation_msgs/local/lib/python3.10/dist-packages/robotnik_navigation_msgs/robotnik_navigation_msgs_s__rosidl_typesupport_fastrtps_c.cpython-310-x86_64-linux-gnu.so" to ""
[7.348s] -- Installing: /home/admin/ros2_ws/install/robotnik_navigation_msgs/local/lib/python3.10/dist-packages/robotnik_navigation_msgs/robotnik_navigation_msgs_s__rosidl_typesupport_introspection_c.cpython-310-x86_64-linux-gnu.so
[7.348s] -- Set runtime path of "/home/admin/ros2_ws/install/robotnik_navigation_msgs/local/lib/python3.10/dist-packages/robotnik_navigation_msgs/robotnik_navigation_msgs_s__rosidl_typesupport_introspection_c.cpython-310-x86_64-linux-gnu.so" to ""
[7.348s] -- Installing: /home/admin/ros2_ws/install/robotnik_navigation_msgs/local/lib/python3.10/dist-packages/robotnik_navigation_msgs/robotnik_navigation_msgs_s__rosidl_typesupport_c.cpython-310-x86_64-linux-gnu.so
[7.349s] -- Set runtime path of "/home/admin/ros2_ws/install/robotnik_navigation_msgs/local/lib/python3.10/dist-packages/robotnik_navigation_msgs/robotnik_navigation_msgs_s__rosidl_typesupport_c.cpython-310-x86_64-linux-gnu.so" to ""
[7.349s] -- Installing: /home/admin/ros2_ws/install/robotnik_navigation_msgs/lib/librobotnik_navigation_msgs__rosidl_generator_py.so
[7.349s] -- Set runtime path of "/home/admin/ros2_ws/install/robotnik_navigation_msgs/lib/librobotnik_navigation_msgs__rosidl_generator_py.so" to ""
[7.349s] -- Installing: /home/admin/ros2_ws/install/robotnik_navigation_msgs/share/robotnik_navigation_msgs/action/Dock.idl
[7.349s] -- Installing: /home/admin/ros2_ws/install/robotnik_navigation_msgs/share/robotnik_navigation_msgs/action/Move.idl
[7.349s] -- Installing: /home/admin/ros2_ws/install/robotnik_navigation_msgs/share/robotnik_navigation_msgs/action/Dock.action
[7.349s] -- Installing: /home/admin/ros2_ws/install/robotnik_navigation_msgs/share/robotnik_navigation_msgs/action/Move.action
[7.349s] -- Installing: /home/admin/ros2_ws/install/robotnik_navigation_msgs/share/ament_index/resource_index/package_run_dependencies/robotnik_navigation_msgs
[7.349s] -- Installing: /home/admin/ros2_ws/install/robotnik_navigation_msgs/share/ament_index/resource_index/parent_prefix_path/robotnik_navigation_msgs
[7.349s] -- Installing: /home/admin/ros2_ws/install/robotnik_navigation_msgs/share/robotnik_navigation_msgs/environment/ament_prefix_path.sh
[7.349s] -- Installing: /home/admin/ros2_ws/install/robotnik_navigation_msgs/share/robotnik_navigation_msgs/environment/ament_prefix_path.dsv
[7.349s] -- Installing: /home/admin/ros2_ws/install/robotnik_navigation_msgs/share/robotnik_navigation_msgs/environment/path.sh
[7.349s] -- Installing: /home/admin/ros2_ws/install/robotnik_navigation_msgs/share/robotnik_navigation_msgs/environment/path.dsv
[7.349s] -- Installing: /home/admin/ros2_ws/install/robotnik_navigation_msgs/share/robotnik_navigation_msgs/local_setup.bash
[7.349s] -- Installing: /home/admin/ros2_ws/install/robotnik_navigation_msgs/share/robotnik_navigation_msgs/local_setup.sh
[7.350s] -- Installing: /home/admin/ros2_ws/install/robotnik_navigation_msgs/share/robotnik_navigation_msgs/local_setup.zsh
[7.350s] -- Installing: /home/admin/ros2_ws/install/robotnik_navigation_msgs/share/robotnik_navigation_msgs/local_setup.dsv
[7.350s] -- Installing: /home/admin/ros2_ws/install/robotnik_navigation_msgs/share/robotnik_navigation_msgs/package.dsv
[7.350s] -- Installing: /home/admin/ros2_ws/install/robotnik_navigation_msgs/share/ament_index/resource_index/packages/robotnik_navigation_msgs
[7.350s] -- Installing: /home/admin/ros2_ws/install/robotnik_navigation_msgs/share/robotnik_navigation_msgs/cmake/export_robotnik_navigation_msgs__rosidl_generator_cExport.cmake
[7.350s] -- Installing: /home/admin/ros2_ws/install/robotnik_navigation_msgs/share/robotnik_navigation_msgs/cmake/export_robotnik_navigation_msgs__rosidl_generator_cExport-noconfig.cmake
[7.350s] -- Installing: /home/admin/ros2_ws/install/robotnik_navigation_msgs/share/robotnik_navigation_msgs/cmake/export_robotnik_navigation_msgs__rosidl_typesupport_fastrtps_cExport.cmake
[7.350s] -- Installing: /home/admin/ros2_ws/install/robotnik_navigation_msgs/share/robotnik_navigation_msgs/cmake/export_robotnik_navigation_msgs__rosidl_typesupport_fastrtps_cExport-noconfig.cmake
[7.350s] -- Installing: /home/admin/ros2_ws/install/robotnik_navigation_msgs/share/robotnik_navigation_msgs/cmake/export_robotnik_navigation_msgs__rosidl_generator_cppExport.cmake
[7.350s] -- Installing: /home/admin/ros2_ws/install/robotnik_navigation_msgs/share/robotnik_navigation_msgs/cmake/export_robotnik_navigation_msgs__rosidl_typesupport_fastrtps_cppExport.cmake
[7.350s] -- Installing: /home/admin/ros2_ws/install/robotnik_navigation_msgs/share/robotnik_navigation_msgs/cmake/export_robotnik_navigation_msgs__rosidl_typesupport_fastrtps_cppExport-noconfig.cmake
[7.350s] -- Installing: /home/admin/ros2_ws/install/robotnik_navigation_msgs/share/robotnik_navigation_msgs/cmake/robotnik_navigation_msgs__rosidl_typesupport_introspection_cExport.cmake
[7.350s] -- Installing: /home/admin/ros2_ws/install/robotnik_navigation_msgs/share/robotnik_navigation_msgs/cmake/robotnik_navigation_msgs__rosidl_typesupport_introspection_cExport-noconfig.cmake
[7.350s] -- Installing: /home/admin/ros2_ws/install/robotnik_navigation_msgs/share/robotnik_navigation_msgs/cmake/robotnik_navigation_msgs__rosidl_typesupport_cExport.cmake
[7.351s] -- Installing: /home/admin/ros2_ws/install/robotnik_navigation_msgs/share/robotnik_navigation_msgs/cmake/robotnik_navigation_msgs__rosidl_typesupport_cExport-noconfig.cmake
[7.351s] -- Installing: /home/admin/ros2_ws/install/robotnik_navigation_msgs/share/robotnik_navigation_msgs/cmake/robotnik_navigation_msgs__rosidl_typesupport_introspection_cppExport.cmake
[7.351s] -- Installing: /home/admin/ros2_ws/install/robotnik_navigation_msgs/share/robotnik_navigation_msgs/cmake/robotnik_navigation_msgs__rosidl_typesupport_introspection_cppExport-noconfig.cmake
[7.351s] -- Installing: /home/admin/ros2_ws/install/robotnik_navigation_msgs/share/robotnik_navigation_msgs/cmake/robotnik_navigation_msgs__rosidl_typesupport_cppExport.cmake
[7.351s] -- Installing: /home/admin/ros2_ws/install/robotnik_navigation_msgs/share/robotnik_navigation_msgs/cmake/robotnik_navigation_msgs__rosidl_typesupport_cppExport-noconfig.cmake
[7.351s] -- Installing: /home/admin/ros2_ws/install/robotnik_navigation_msgs/share/robotnik_navigation_msgs/cmake/export_robotnik_navigation_msgs__rosidl_generator_pyExport.cmake
[7.351s] -- Installing: /home/admin/ros2_ws/install/robotnik_navigation_msgs/share/robotnik_navigation_msgs/cmake/export_robotnik_navigation_msgs__rosidl_generator_pyExport-noconfig.cmake
[7.351s] -- Installing: /home/admin/ros2_ws/install/robotnik_navigation_msgs/share/robotnik_navigation_msgs/cmake/rosidl_cmake-extras.cmake
[7.351s] -- Installing: /home/admin/ros2_ws/install/robotnik_navigation_msgs/share/robotnik_navigation_msgs/cmake/ament_cmake_export_dependencies-extras.cmake
[7.351s] -- Installing: /home/admin/ros2_ws/install/robotnik_navigation_msgs/share/robotnik_navigation_msgs/cmake/ament_cmake_export_include_directories-extras.cmake
[7.351s] -- Installing: /home/admin/ros2_ws/install/robotnik_navigation_msgs/share/robotnik_navigation_msgs/cmake/ament_cmake_export_libraries-extras.cmake
[7.351s] -- Installing: /home/admin/ros2_ws/install/robotnik_navigation_msgs/share/robotnik_navigation_msgs/cmake/ament_cmake_export_targets-extras.cmake
[7.351s] -- Installing: /home/admin/ros2_ws/install/robotnik_navigation_msgs/share/robotnik_navigation_msgs/cmake/rosidl_cmake_export_typesupport_targets-extras.cmake
[7.351s] -- Installing: /home/admin/ros2_ws/install/robotnik_navigation_msgs/share/robotnik_navigation_msgs/cmake/rosidl_cmake_export_typesupport_libraries-extras.cmake
[7.351s] -- Installing: /home/admin/ros2_ws/install/robotnik_navigation_msgs/share/robotnik_navigation_msgs/cmake/robotnik_navigation_msgsConfig.cmake
[7.352s] -- Installing: /home/admin/ros2_ws/install/robotnik_navigation_msgs/share/robotnik_navigation_msgs/cmake/robotnik_navigation_msgsConfig-version.cmake
[7.352s] -- Installing: /home/admin/ros2_ws/install/robotnik_navigation_msgs/share/robotnik_navigation_msgs/package.xml
[7.353s] Invoked command in '/home/admin/ros2_ws/build/robotnik_navigation_msgs' returned '0': CMAKE_PREFIX_PATH=/home/admin/ros2_ws/install/robotnik_common_msgs:/home/admin/ros2_ws/install/robotnik_supervisor_msgs:/home/admin/ros2_ws/install/robotnik_gazebo_ignition:/home/admin/ros2_ws/install/robotnik_gazebo_classic:/home/admin/ros2_ws/install/robotnik_description:/home/admin/ros2_ws/install/robotnik_sensors:/home/admin/ros2_ws/install/robotnik_interfaces:/home/admin/ros2_ws/install/robotnik_perception_msgs:/home/admin/ros2_ws/install/robotnik_navigation_msgs:/home/admin/ros2_ws/install/robotnik_io_msgs:/home/admin/ros2_ws/install/robotnik_controllers_msgs:/home/admin/ros2_ws/install/robotnik_common:/home/admin/ros2_ws/install/robotnik_battery_msgs:/home/admin/ros2_ws/install/robotnik_safety_msgs:/home/admin/ros2_ws/install/rbvogui_cartographer:/opt/ros/humble LD_LIBRARY_PATH=/home/admin/ros2_ws/install/robotnik_common_msgs/lib:/home/admin/ros2_ws/install/robotnik_supervisor_msgs/lib:/home/admin/ros2_ws/install/robotnik_perception_msgs/lib:/home/admin/ros2_ws/install/robotnik_navigation_msgs/lib:/home/admin/ros2_ws/install/robotnik_io_msgs/lib:/home/admin/ros2_ws/install/robotnik_controllers_msgs/lib:/home/admin/ros2_ws/install/robotnik_battery_msgs/lib:/usr/lib/x86_64-linux-gnu/gazebo-11/plugins:/opt/ros/humble/opt/rviz_ogre_vendor/lib:/opt/ros/humble/lib/x86_64-linux-gnu:/opt/ros/humble/lib /usr/bin/cmake --install /home/admin/ros2_ws/build/robotnik_navigation_msgs
