[0.014s] Invoking command in '/home/admin/ros2_ws/build/robotnik_io_msgs': CMAKE_PREFIX_PATH=/home/admin/ros2_ws/install/robotnik_common_msgs:/home/admin/ros2_ws/install/robotnik_supervisor_msgs:/home/admin/ros2_ws/install/robotnik_gazebo_ignition:/home/admin/ros2_ws/install/robotnik_gazebo_classic:/home/admin/ros2_ws/install/robotnik_description:/home/admin/ros2_ws/install/robotnik_sensors:/home/admin/ros2_ws/install/robotnik_interfaces:/home/admin/ros2_ws/install/robotnik_safety_msgs:/home/admin/ros2_ws/install/robotnik_perception_msgs:/home/admin/ros2_ws/install/robotnik_navigation_msgs:/home/admin/ros2_ws/install/robotnik_io_msgs:/home/admin/ros2_ws/install/robotnik_controllers_msgs:/home/admin/ros2_ws/install/robotnik_common:/home/admin/ros2_ws/install/robotnik_battery_msgs:/home/admin/ros2_ws/install/custom_gz:/opt/ros/humble LD_LIBRARY_PATH=/home/admin/ros2_ws/install/robotnik_common_msgs/lib:/home/admin/ros2_ws/install/robotnik_supervisor_msgs/lib:/home/admin/ros2_ws/install/robotnik_perception_msgs/lib:/home/admin/ros2_ws/install/robotnik_navigation_msgs/lib:/home/admin/ros2_ws/install/robotnik_io_msgs/lib:/home/admin/ros2_ws/install/robotnik_controllers_msgs/lib:/home/admin/ros2_ws/install/robotnik_battery_msgs/lib:/usr/lib/x86_64-linux-gnu/gazebo-11/plugins:/opt/ros/humble/opt/rviz_ogre_vendor/lib:/opt/ros/humble/lib/x86_64-linux-gnu:/opt/ros/humble/lib /usr/bin/cmake /home/admin/ros2_ws/src/robotnik_interfaces/robotnik_io_msgs -DCMAKE_INSTALL_PREFIX=/home/admin/ros2_ws/install/robotnik_io_msgs
[0.067s] -- The C compiler identification is GNU 11.4.0
[0.117s] -- The CXX compiler identification is GNU 11.4.0
[0.123s] -- Detecting C compiler ABI info
[0.186s] -- Detecting C compiler ABI info - done
[0.195s] -- Check for working C compiler: /usr/bin/cc - skipped
[0.195s] -- Detecting C compile features
[0.195s] -- Detecting C compile features - done
[0.197s] -- Detecting CXX compiler ABI info
[0.263s] -- Detecting CXX compiler ABI info - done
[0.269s] -- Check for working CXX compiler: /usr/bin/c++ - skipped
[0.269s] -- Detecting CXX compile features
[0.270s] -- Detecting CXX compile features - done
[0.272s] -- Found ament_cmake: 1.3.11 (/opt/ros/humble/share/ament_cmake/cmake)
[0.413s] -- Found Python3: /usr/bin/python3 (found version "3.10.12") found components: Interpreter 
[0.493s] -- Found builtin_interfaces: 1.2.1 (/opt/ros/humble/share/builtin_interfaces/cmake)
[0.521s] -- Found rosidl_generator_c: 3.1.6 (/opt/ros/humble/share/rosidl_generator_c/cmake)
[0.525s] -- Found rosidl_adapter: 3.1.6 (/opt/ros/humble/share/rosidl_adapter/cmake)
[0.532s] -- Found rosidl_generator_cpp: 3.1.6 (/opt/ros/humble/share/rosidl_generator_cpp/cmake)
[0.541s] -- Using all available rosidl_typesupport_c: rosidl_typesupport_fastrtps_c;rosidl_typesupport_introspection_c
[0.555s] -- Using all available rosidl_typesupport_cpp: rosidl_typesupport_fastrtps_cpp;rosidl_typesupport_introspection_cpp
[0.567s] -- Found rosidl_default_generators: 1.2.0 (/opt/ros/humble/share/rosidl_default_generators/cmake)
[0.575s] -- Found robotnik_common_msgs: 1.0.0 (/home/admin/ros2_ws/install/robotnik_common_msgs/share/robotnik_common_msgs/cmake)
[0.876s] -- Found ament_cmake_cppcheck: 0.12.12 (/opt/ros/humble/share/ament_cmake_cppcheck/cmake)
[0.878s] -- Found ament_cmake_cpplint: 0.12.12 (/opt/ros/humble/share/ament_cmake_cpplint/cmake)
[0.881s] -- Found ament_cmake_uncrustify: 0.12.12 (/opt/ros/humble/share/ament_cmake_uncrustify/cmake)
[0.883s] -- Found ament_cmake_ros: 0.10.0 (/opt/ros/humble/share/ament_cmake_ros/cmake)
[1.183s] -- Using all available rosidl_typesupport_c: rosidl_typesupport_fastrtps_c;rosidl_typesupport_introspection_c
[1.323s] -- Using all available rosidl_typesupport_cpp: rosidl_typesupport_fastrtps_cpp;rosidl_typesupport_introspection_cpp
[1.346s] -- Found PythonInterp: /usr/bin/python3 (found suitable version "3.10.12", minimum required is "3.6") 
[1.348s] -- Found python_cmake_module: 0.10.0 (/opt/ros/humble/share/python_cmake_module/cmake)
[1.375s] -- Found PythonLibs: /usr/lib/x86_64-linux-gnu/libpython3.10.so (found suitable version "3.10.12", minimum required is "3.5") 
[1.375s] -- Using PYTHON_EXECUTABLE: /usr/bin/python3
[1.375s] -- Using PYTHON_INCLUDE_DIRS: /usr/include/python3.10
[1.375s] -- Using PYTHON_LIBRARIES: /usr/lib/x86_64-linux-gnu/libpython3.10.so
[1.394s] -- Found PythonExtra: .so  
[1.439s] -- Found ament_cmake_flake8: 0.12.12 (/opt/ros/humble/share/ament_cmake_flake8/cmake)
[1.441s] -- Found ament_cmake_pep257: 0.12.12 (/opt/ros/humble/share/ament_cmake_pep257/cmake)
[1.445s] -- Found ament_lint_auto: 0.12.12 (/opt/ros/humble/share/ament_lint_auto/cmake)
[1.457s] -- Added test 'copyright' to check source files copyright and LICENSE
[1.457s] -- Added test 'lint_cmake' to check CMake code style
[1.458s] -- Added test 'xmllint' to check XML markup files
[1.460s] -- Configuring done
[1.501s] -- Generating done
[1.512s] -- Build files have been written to: /home/admin/ros2_ws/build/robotnik_io_msgs
[1.523s] Invoked command in '/home/admin/ros2_ws/build/robotnik_io_msgs' returned '0': CMAKE_PREFIX_PATH=/home/admin/ros2_ws/install/robotnik_common_msgs:/home/admin/ros2_ws/install/robotnik_supervisor_msgs:/home/admin/ros2_ws/install/robotnik_gazebo_ignition:/home/admin/ros2_ws/install/robotnik_gazebo_classic:/home/admin/ros2_ws/install/robotnik_description:/home/admin/ros2_ws/install/robotnik_sensors:/home/admin/ros2_ws/install/robotnik_interfaces:/home/admin/ros2_ws/install/robotnik_safety_msgs:/home/admin/ros2_ws/install/robotnik_perception_msgs:/home/admin/ros2_ws/install/robotnik_navigation_msgs:/home/admin/ros2_ws/install/robotnik_io_msgs:/home/admin/ros2_ws/install/robotnik_controllers_msgs:/home/admin/ros2_ws/install/robotnik_common:/home/admin/ros2_ws/install/robotnik_battery_msgs:/home/admin/ros2_ws/install/custom_gz:/opt/ros/humble LD_LIBRARY_PATH=/home/admin/ros2_ws/install/robotnik_common_msgs/lib:/home/admin/ros2_ws/install/robotnik_supervisor_msgs/lib:/home/admin/ros2_ws/install/robotnik_perception_msgs/lib:/home/admin/ros2_ws/install/robotnik_navigation_msgs/lib:/home/admin/ros2_ws/install/robotnik_io_msgs/lib:/home/admin/ros2_ws/install/robotnik_controllers_msgs/lib:/home/admin/ros2_ws/install/robotnik_battery_msgs/lib:/usr/lib/x86_64-linux-gnu/gazebo-11/plugins:/opt/ros/humble/opt/rviz_ogre_vendor/lib:/opt/ros/humble/lib/x86_64-linux-gnu:/opt/ros/humble/lib /usr/bin/cmake /home/admin/ros2_ws/src/robotnik_interfaces/robotnik_io_msgs -DCMAKE_INSTALL_PREFIX=/home/admin/ros2_ws/install/robotnik_io_msgs
[1.525s] Invoking command in '/home/admin/ros2_ws/build/robotnik_io_msgs': CMAKE_PREFIX_PATH=/home/admin/ros2_ws/install/robotnik_common_msgs:/home/admin/ros2_ws/install/robotnik_supervisor_msgs:/home/admin/ros2_ws/install/robotnik_gazebo_ignition:/home/admin/ros2_ws/install/robotnik_gazebo_classic:/home/admin/ros2_ws/install/robotnik_description:/home/admin/ros2_ws/install/robotnik_sensors:/home/admin/ros2_ws/install/robotnik_interfaces:/home/admin/ros2_ws/install/robotnik_safety_msgs:/home/admin/ros2_ws/install/robotnik_perception_msgs:/home/admin/ros2_ws/install/robotnik_navigation_msgs:/home/admin/ros2_ws/install/robotnik_io_msgs:/home/admin/ros2_ws/install/robotnik_controllers_msgs:/home/admin/ros2_ws/install/robotnik_common:/home/admin/ros2_ws/install/robotnik_battery_msgs:/home/admin/ros2_ws/install/custom_gz:/opt/ros/humble LD_LIBRARY_PATH=/home/admin/ros2_ws/install/robotnik_common_msgs/lib:/home/admin/ros2_ws/install/robotnik_supervisor_msgs/lib:/home/admin/ros2_ws/install/robotnik_perception_msgs/lib:/home/admin/ros2_ws/install/robotnik_navigation_msgs/lib:/home/admin/ros2_ws/install/robotnik_io_msgs/lib:/home/admin/ros2_ws/install/robotnik_controllers_msgs/lib:/home/admin/ros2_ws/install/robotnik_battery_msgs/lib:/usr/lib/x86_64-linux-gnu/gazebo-11/plugins:/opt/ros/humble/opt/rviz_ogre_vendor/lib:/opt/ros/humble/lib/x86_64-linux-gnu:/opt/ros/humble/lib /usr/bin/cmake --build /home/admin/ros2_ws/build/robotnik_io_msgs -- -j20 -l20
[1.575s] [  1%] [34m[1mGenerating C code for ROS interfaces[0m
[1.586s] [  1%] [34m[1mGenerating C++ code for ROS interfaces[0m
[1.592s] [  1%] Built target ament_cmake_python_copy_robotnik_io_msgs
[1.850s] running egg_info
[1.851s] creating robotnik_io_msgs.egg-info
[1.851s] writing robotnik_io_msgs.egg-info/PKG-INFO
[1.852s] writing dependency_links to robotnik_io_msgs.egg-info/dependency_links.txt
[1.852s] writing top-level names to robotnik_io_msgs.egg-info/top_level.txt
[1.853s] writing manifest file 'robotnik_io_msgs.egg-info/SOURCES.txt'
[1.853s] reading manifest file 'robotnik_io_msgs.egg-info/SOURCES.txt'
[1.854s] writing manifest file 'robotnik_io_msgs.egg-info/SOURCES.txt'
[1.883s] [  1%] Built target ament_cmake_python_build_robotnik_io_msgs_egg
[2.574s] [  1%] Built target robotnik_io_msgs__cpp
[2.590s] [  2%] [34m[1mGenerating C++ type support dispatch for ROS interfaces[0m
[2.608s] [  3%] [34m[1mGenerating C++ introspection for ROS interfaces[0m
[2.612s] [  3%] [34m[1mGenerating C++ type support for eProsima Fast-RTPS[0m
[3.713s] [  3%] [32mBuilding CXX object CMakeFiles/robotnik_io_msgs__rosidl_typesupport_introspection_cpp.dir/rosidl_typesupport_introspection_cpp/robotnik_io_msgs/msg/detail/digital_io__type_support.cpp.o[0m
[3.713s] [  4%] [32mBuilding CXX object CMakeFiles/robotnik_io_msgs__rosidl_typesupport_introspection_cpp.dir/rosidl_typesupport_introspection_cpp/robotnik_io_msgs/msg/detail/analog_io__type_support.cpp.o[0m
[3.714s] [  5%] [32mBuilding CXX object CMakeFiles/robotnik_io_msgs__rosidl_typesupport_introspection_cpp.dir/rosidl_typesupport_introspection_cpp/robotnik_io_msgs/msg/detail/register_array__type_support.cpp.o[0m
[3.715s] [  6%] [32mBuilding CXX object CMakeFiles/robotnik_io_msgs__rosidl_typesupport_introspection_cpp.dir/rosidl_typesupport_introspection_cpp/robotnik_io_msgs/msg/detail/inputs_outputs__type_support.cpp.o[0m
[3.759s] [  7%] [32mBuilding CXX object CMakeFiles/robotnik_io_msgs__rosidl_typesupport_introspection_cpp.dir/rosidl_typesupport_introspection_cpp/robotnik_io_msgs/srv/detail/set_analog_output_array__type_support.cpp.o[0m
[3.781s] [  9%] [32mBuilding CXX object CMakeFiles/robotnik_io_msgs__rosidl_typesupport_cpp.dir/rosidl_typesupport_cpp/robotnik_io_msgs/msg/analog_io__type_support.cpp.o[0m
[3.789s] [  9%] [32mBuilding CXX object CMakeFiles/robotnik_io_msgs__rosidl_typesupport_introspection_cpp.dir/rosidl_typesupport_introspection_cpp/robotnik_io_msgs/srv/detail/set_digital_output__type_support.cpp.o[0m
[3.790s] [ 10%] [32mBuilding CXX object CMakeFiles/robotnik_io_msgs__rosidl_typesupport_cpp.dir/rosidl_typesupport_cpp/robotnik_io_msgs/msg/digital_io__type_support.cpp.o[0m
[3.790s] [ 11%] [32mBuilding CXX object CMakeFiles/robotnik_io_msgs__rosidl_typesupport_introspection_cpp.dir/rosidl_typesupport_introspection_cpp/robotnik_io_msgs/srv/detail/set_registers__type_support.cpp.o[0m
[3.793s] [ 12%] [32mBuilding CXX object CMakeFiles/robotnik_io_msgs__rosidl_typesupport_introspection_cpp.dir/rosidl_typesupport_introspection_cpp/robotnik_io_msgs/srv/detail/set_analog_output__type_support.cpp.o[0m
[3.798s] [ 13%] [32mBuilding CXX object CMakeFiles/robotnik_io_msgs__rosidl_typesupport_cpp.dir/rosidl_typesupport_cpp/robotnik_io_msgs/msg/inputs_outputs__type_support.cpp.o[0m
[3.799s] [ 14%] [32mBuilding CXX object CMakeFiles/robotnik_io_msgs__rosidl_typesupport_cpp.dir/rosidl_typesupport_cpp/robotnik_io_msgs/srv/set_analog_output__type_support.cpp.o[0m
[3.804s] [ 15%] [32mBuilding CXX object CMakeFiles/robotnik_io_msgs__rosidl_typesupport_introspection_cpp.dir/rosidl_typesupport_introspection_cpp/robotnik_io_msgs/srv/detail/set_digital_output_array__type_support.cpp.o[0m
[3.805s] [ 16%] [32mBuilding CXX object CMakeFiles/robotnik_io_msgs__rosidl_typesupport_cpp.dir/rosidl_typesupport_cpp/robotnik_io_msgs/srv/get_registers__type_support.cpp.o[0m
[3.810s] [ 17%] [32mBuilding CXX object CMakeFiles/robotnik_io_msgs__rosidl_typesupport_introspection_cpp.dir/rosidl_typesupport_introspection_cpp/robotnik_io_msgs/srv/detail/get_registers__type_support.cpp.o[0m
[3.824s] [ 18%] [32mBuilding CXX object CMakeFiles/robotnik_io_msgs__rosidl_typesupport_cpp.dir/rosidl_typesupport_cpp/robotnik_io_msgs/msg/register_array__type_support.cpp.o[0m
[3.828s] [ 19%] [32mBuilding CXX object CMakeFiles/robotnik_io_msgs__rosidl_typesupport_introspection_cpp.dir/rosidl_typesupport_introspection_cpp/robotnik_io_msgs/msg/detail/register__type_support.cpp.o[0m
[3.900s] [ 20%] [32mBuilding CXX object CMakeFiles/robotnik_io_msgs__rosidl_typesupport_cpp.dir/rosidl_typesupport_cpp/robotnik_io_msgs/msg/register__type_support.cpp.o[0m
[4.752s] [ 21%] [32mBuilding CXX object CMakeFiles/robotnik_io_msgs__rosidl_typesupport_cpp.dir/rosidl_typesupport_cpp/robotnik_io_msgs/srv/set_digital_output__type_support.cpp.o[0m
[4.764s] [ 21%] [32mBuilding CXX object CMakeFiles/robotnik_io_msgs__rosidl_typesupport_cpp.dir/rosidl_typesupport_cpp/robotnik_io_msgs/srv/set_analog_output_array__type_support.cpp.o[0m
[4.806s] [ 22%] [32mBuilding CXX object CMakeFiles/robotnik_io_msgs__rosidl_typesupport_cpp.dir/rosidl_typesupport_cpp/robotnik_io_msgs/srv/set_digital_output_array__type_support.cpp.o[0m
[4.919s] [ 23%] [32mBuilding CXX object CMakeFiles/robotnik_io_msgs__rosidl_typesupport_cpp.dir/rosidl_typesupport_cpp/robotnik_io_msgs/srv/set_registers__type_support.cpp.o[0m
[5.267s] [ 24%] [32mBuilding CXX object CMakeFiles/robotnik_io_msgs__rosidl_typesupport_fastrtps_cpp.dir/rosidl_typesupport_fastrtps_cpp/robotnik_io_msgs/msg/detail/dds_fastrtps/digital_io__type_support.cpp.o[0m
[5.274s] [ 25%] [32mBuilding CXX object CMakeFiles/robotnik_io_msgs__rosidl_typesupport_fastrtps_cpp.dir/rosidl_typesupport_fastrtps_cpp/robotnik_io_msgs/msg/detail/dds_fastrtps/analog_io__type_support.cpp.o[0m
[5.277s] [ 27%] [32mBuilding CXX object CMakeFiles/robotnik_io_msgs__rosidl_typesupport_fastrtps_cpp.dir/rosidl_typesupport_fastrtps_cpp/robotnik_io_msgs/msg/detail/dds_fastrtps/register_array__type_support.cpp.o[0m
[5.278s] [ 27%] [32mBuilding CXX object CMakeFiles/robotnik_io_msgs__rosidl_typesupport_fastrtps_cpp.dir/rosidl_typesupport_fastrtps_cpp/robotnik_io_msgs/msg/detail/dds_fastrtps/inputs_outputs__type_support.cpp.o[0m
[5.286s] [ 28%] [32mBuilding CXX object CMakeFiles/robotnik_io_msgs__rosidl_typesupport_fastrtps_cpp.dir/rosidl_typesupport_fastrtps_cpp/robotnik_io_msgs/msg/detail/dds_fastrtps/register__type_support.cpp.o[0m
[5.363s] [ 29%] [32mBuilding CXX object CMakeFiles/robotnik_io_msgs__rosidl_typesupport_fastrtps_cpp.dir/rosidl_typesupport_fastrtps_cpp/robotnik_io_msgs/srv/detail/dds_fastrtps/get_registers__type_support.cpp.o[0m
[5.397s] [ 30%] [32mBuilding CXX object CMakeFiles/robotnik_io_msgs__rosidl_typesupport_fastrtps_cpp.dir/rosidl_typesupport_fastrtps_cpp/robotnik_io_msgs/srv/detail/dds_fastrtps/set_analog_output__type_support.cpp.o[0m
[5.428s] [ 31%] [32mBuilding CXX object CMakeFiles/robotnik_io_msgs__rosidl_typesupport_fastrtps_cpp.dir/rosidl_typesupport_fastrtps_cpp/robotnik_io_msgs/srv/detail/dds_fastrtps/set_analog_output_array__type_support.cpp.o[0m
[5.438s] [ 32%] [32mBuilding CXX object CMakeFiles/robotnik_io_msgs__rosidl_typesupport_fastrtps_cpp.dir/rosidl_typesupport_fastrtps_cpp/robotnik_io_msgs/srv/detail/dds_fastrtps/set_digital_output__type_support.cpp.o[0m
[5.502s] [ 32%] [32mBuilding CXX object CMakeFiles/robotnik_io_msgs__rosidl_typesupport_fastrtps_cpp.dir/rosidl_typesupport_fastrtps_cpp/robotnik_io_msgs/srv/detail/dds_fastrtps/set_digital_output_array__type_support.cpp.o[0m
[5.537s] [ 33%] [32mBuilding CXX object CMakeFiles/robotnik_io_msgs__rosidl_typesupport_fastrtps_cpp.dir/rosidl_typesupport_fastrtps_cpp/robotnik_io_msgs/srv/detail/dds_fastrtps/set_registers__type_support.cpp.o[0m
[6.570s] [ 35%] [32mBuilding C object CMakeFiles/robotnik_io_msgs__rosidl_generator_c.dir/rosidl_generator_c/robotnik_io_msgs/msg/detail/analog_io__functions.c.o[0m
[6.570s] [ 35%] [32mBuilding C object CMakeFiles/robotnik_io_msgs__rosidl_generator_c.dir/rosidl_generator_c/robotnik_io_msgs/msg/detail/inputs_outputs__functions.c.o[0m
[6.582s] [ 36%] [32mBuilding C object CMakeFiles/robotnik_io_msgs__rosidl_generator_c.dir/rosidl_generator_c/robotnik_io_msgs/msg/detail/register_array__functions.c.o[0m
[6.594s] [ 37%] [32mBuilding C object CMakeFiles/robotnik_io_msgs__rosidl_generator_c.dir/rosidl_generator_c/robotnik_io_msgs/msg/detail/digital_io__functions.c.o[0m
[6.594s] [ 37%] [32mBuilding C object CMakeFiles/robotnik_io_msgs__rosidl_generator_c.dir/rosidl_generator_c/robotnik_io_msgs/srv/detail/set_analog_output_array__functions.c.o[0m
[6.607s] [ 38%] [32mBuilding C object CMakeFiles/robotnik_io_msgs__rosidl_generator_c.dir/rosidl_generator_c/robotnik_io_msgs/srv/detail/set_analog_output__functions.c.o[0m
[6.615s] [ 39%] [32mBuilding C object CMakeFiles/robotnik_io_msgs__rosidl_generator_c.dir/rosidl_generator_c/robotnik_io_msgs/srv/detail/set_digital_output__functions.c.o[0m
[6.672s] [ 40%] [32mBuilding C object CMakeFiles/robotnik_io_msgs__rosidl_generator_c.dir/rosidl_generator_c/robotnik_io_msgs/msg/detail/register__functions.c.o[0m
[6.692s] [ 41%] [32mBuilding C object CMakeFiles/robotnik_io_msgs__rosidl_generator_c.dir/rosidl_generator_c/robotnik_io_msgs/srv/detail/get_registers__functions.c.o[0m
[6.726s] [ 42%] [32m[1mLinking CXX shared library librobotnik_io_msgs__rosidl_typesupport_cpp.so[0m
[6.741s] [ 43%] [32mBuilding C object CMakeFiles/robotnik_io_msgs__rosidl_generator_c.dir/rosidl_generator_c/robotnik_io_msgs/srv/detail/set_digital_output_array__functions.c.o[0m
[6.774s] [ 44%] [32mBuilding C object CMakeFiles/robotnik_io_msgs__rosidl_generator_c.dir/rosidl_generator_c/robotnik_io_msgs/srv/detail/set_registers__functions.c.o[0m
[6.964s] [ 45%] [32m[1mLinking C shared library librobotnik_io_msgs__rosidl_generator_c.so[0m
[7.001s] [ 45%] Built target robotnik_io_msgs__rosidl_typesupport_cpp
[7.059s] [ 45%] Built target robotnik_io_msgs__rosidl_generator_c
[7.074s] [ 46%] [34m[1mGenerating C type support for eProsima Fast-RTPS[0m
[7.134s] [ 47%] [34m[1mGenerating C introspection for ROS interfaces[0m
[7.172s] [ 48%] [34m[1mGenerating C type support dispatch for ROS interfaces[0m
[7.268s] [ 49%] [32m[1mLinking CXX shared library librobotnik_io_msgs__rosidl_typesupport_introspection_cpp.so[0m
[7.573s] [ 49%] Built target robotnik_io_msgs__rosidl_typesupport_introspection_cpp
[7.843s] [ 50%] [32m[1mLinking CXX shared library librobotnik_io_msgs__rosidl_typesupport_fastrtps_cpp.so[0m
[8.157s] [ 50%] Built target robotnik_io_msgs__rosidl_typesupport_fastrtps_cpp
[9.307s] [ 51%] [32mBuilding CXX object CMakeFiles/robotnik_io_msgs__rosidl_typesupport_c.dir/rosidl_typesupport_c/robotnik_io_msgs/msg/analog_io__type_support.cpp.o[0m
[9.319s] [ 52%] [32mBuilding CXX object CMakeFiles/robotnik_io_msgs__rosidl_typesupport_c.dir/rosidl_typesupport_c/robotnik_io_msgs/msg/digital_io__type_support.cpp.o[0m
[9.323s] [ 53%] [32mBuilding CXX object CMakeFiles/robotnik_io_msgs__rosidl_typesupport_c.dir/rosidl_typesupport_c/robotnik_io_msgs/msg/register_array__type_support.cpp.o[0m
[9.323s] [ 53%] [32mBuilding CXX object CMakeFiles/robotnik_io_msgs__rosidl_typesupport_c.dir/rosidl_typesupport_c/robotnik_io_msgs/msg/inputs_outputs__type_support.cpp.o[0m
[9.332s] [ 54%] [32mBuilding CXX object CMakeFiles/robotnik_io_msgs__rosidl_typesupport_c.dir/rosidl_typesupport_c/robotnik_io_msgs/msg/register__type_support.cpp.o[0m
[9.344s] [ 55%] [32mBuilding CXX object CMakeFiles/robotnik_io_msgs__rosidl_typesupport_c.dir/rosidl_typesupport_c/robotnik_io_msgs/srv/set_analog_output_array__type_support.cpp.o[0m
[9.344s] [ 56%] [32mBuilding CXX object CMakeFiles/robotnik_io_msgs__rosidl_typesupport_c.dir/rosidl_typesupport_c/robotnik_io_msgs/srv/set_analog_output__type_support.cpp.o[0m
[9.353s] [ 57%] [32mBuilding CXX object CMakeFiles/robotnik_io_msgs__rosidl_typesupport_c.dir/rosidl_typesupport_c/robotnik_io_msgs/srv/get_registers__type_support.cpp.o[0m
[9.355s] [ 58%] [32mBuilding CXX object CMakeFiles/robotnik_io_msgs__rosidl_typesupport_c.dir/rosidl_typesupport_c/robotnik_io_msgs/srv/set_digital_output__type_support.cpp.o[0m
[9.355s] [ 59%] [32mBuilding CXX object CMakeFiles/robotnik_io_msgs__rosidl_typesupport_c.dir/rosidl_typesupport_c/robotnik_io_msgs/srv/set_digital_output_array__type_support.cpp.o[0m
[9.383s] [ 60%] [32mBuilding CXX object CMakeFiles/robotnik_io_msgs__rosidl_typesupport_c.dir/rosidl_typesupport_c/robotnik_io_msgs/srv/set_registers__type_support.cpp.o[0m
[9.462s] [ 61%] [32mBuilding C object CMakeFiles/robotnik_io_msgs__rosidl_typesupport_introspection_c.dir/rosidl_typesupport_introspection_c/robotnik_io_msgs/msg/detail/inputs_outputs__type_support.c.o[0m
[9.462s] [ 62%] [32mBuilding C object CMakeFiles/robotnik_io_msgs__rosidl_typesupport_introspection_c.dir/rosidl_typesupport_introspection_c/robotnik_io_msgs/msg/detail/digital_io__type_support.c.o[0m
[9.464s] [ 63%] [32mBuilding C object CMakeFiles/robotnik_io_msgs__rosidl_typesupport_introspection_c.dir/rosidl_typesupport_introspection_c/robotnik_io_msgs/srv/detail/get_registers__type_support.c.o[0m
[9.469s] [ 65%] [32mBuilding C object CMakeFiles/robotnik_io_msgs__rosidl_typesupport_introspection_c.dir/rosidl_typesupport_introspection_c/robotnik_io_msgs/srv/detail/set_analog_output__type_support.c.o[0m
[9.469s] [ 65%] [32mBuilding C object CMakeFiles/robotnik_io_msgs__rosidl_typesupport_introspection_c.dir/rosidl_typesupport_introspection_c/robotnik_io_msgs/msg/detail/analog_io__type_support.c.o[0m
[9.472s] [ 65%] [32mBuilding C object CMakeFiles/robotnik_io_msgs__rosidl_typesupport_introspection_c.dir/rosidl_typesupport_introspection_c/robotnik_io_msgs/msg/detail/register_array__type_support.c.o[0m
[9.472s] [ 66%] [32mBuilding C object CMakeFiles/robotnik_io_msgs__rosidl_typesupport_introspection_c.dir/rosidl_typesupport_introspection_c/robotnik_io_msgs/msg/detail/register__type_support.c.o[0m
[9.477s] [ 67%] [32mBuilding C object CMakeFiles/robotnik_io_msgs__rosidl_typesupport_introspection_c.dir/rosidl_typesupport_introspection_c/robotnik_io_msgs/srv/detail/set_analog_output_array__type_support.c.o[0m
[9.483s] [ 68%] [32mBuilding C object CMakeFiles/robotnik_io_msgs__rosidl_typesupport_introspection_c.dir/rosidl_typesupport_introspection_c/robotnik_io_msgs/srv/detail/set_digital_output__type_support.c.o[0m
[9.490s] [ 69%] [32mBuilding C object CMakeFiles/robotnik_io_msgs__rosidl_typesupport_introspection_c.dir/rosidl_typesupport_introspection_c/robotnik_io_msgs/srv/detail/set_digital_output_array__type_support.c.o[0m
[9.494s] [ 70%] [32mBuilding C object CMakeFiles/robotnik_io_msgs__rosidl_typesupport_introspection_c.dir/rosidl_typesupport_introspection_c/robotnik_io_msgs/srv/detail/set_registers__type_support.c.o[0m
[9.529s] [ 71%] [32m[1mLinking CXX shared library librobotnik_io_msgs__rosidl_typesupport_c.so[0m
[9.537s] [ 72%] [32mBuilding CXX object CMakeFiles/robotnik_io_msgs__rosidl_typesupport_fastrtps_c.dir/rosidl_typesupport_fastrtps_c/robotnik_io_msgs/msg/detail/analog_io__type_support_c.cpp.o[0m
[9.548s] [ 74%] [32mBuilding CXX object CMakeFiles/robotnik_io_msgs__rosidl_typesupport_fastrtps_c.dir/rosidl_typesupport_fastrtps_c/robotnik_io_msgs/msg/detail/digital_io__type_support_c.cpp.o[0m
[9.549s] [ 74%] [32mBuilding CXX object CMakeFiles/robotnik_io_msgs__rosidl_typesupport_fastrtps_c.dir/rosidl_typesupport_fastrtps_c/robotnik_io_msgs/msg/detail/register_array__type_support_c.cpp.o[0m
[9.553s] [ 75%] [32mBuilding CXX object CMakeFiles/robotnik_io_msgs__rosidl_typesupport_fastrtps_c.dir/rosidl_typesupport_fastrtps_c/robotnik_io_msgs/msg/detail/inputs_outputs__type_support_c.cpp.o[0m
[9.562s] [ 76%] [32mBuilding CXX object CMakeFiles/robotnik_io_msgs__rosidl_typesupport_fastrtps_c.dir/rosidl_typesupport_fastrtps_c/robotnik_io_msgs/srv/detail/get_registers__type_support_c.cpp.o[0m
[9.565s] [ 77%] [32mBuilding CXX object CMakeFiles/robotnik_io_msgs__rosidl_typesupport_fastrtps_c.dir/rosidl_typesupport_fastrtps_c/robotnik_io_msgs/srv/detail/set_analog_output__type_support_c.cpp.o[0m
[9.572s] [ 77%] [32mBuilding CXX object CMakeFiles/robotnik_io_msgs__rosidl_typesupport_fastrtps_c.dir/rosidl_typesupport_fastrtps_c/robotnik_io_msgs/msg/detail/register__type_support_c.cpp.o[0m
[9.581s] [ 78%] [32mBuilding CXX object CMakeFiles/robotnik_io_msgs__rosidl_typesupport_fastrtps_c.dir/rosidl_typesupport_fastrtps_c/robotnik_io_msgs/srv/detail/set_analog_output_array__type_support_c.cpp.o[0m
[9.581s] [ 79%] [32mBuilding CXX object CMakeFiles/robotnik_io_msgs__rosidl_typesupport_fastrtps_c.dir/rosidl_typesupport_fastrtps_c/robotnik_io_msgs/srv/detail/set_digital_output__type_support_c.cpp.o[0m
[9.625s] [ 79%] Built target robotnik_io_msgs__rosidl_typesupport_c
[9.674s] [ 80%] [32mBuilding CXX object CMakeFiles/robotnik_io_msgs__rosidl_typesupport_fastrtps_c.dir/rosidl_typesupport_fastrtps_c/robotnik_io_msgs/srv/detail/set_digital_output_array__type_support_c.cpp.o[0m
[9.681s] [ 81%] [32mBuilding CXX object CMakeFiles/robotnik_io_msgs__rosidl_typesupport_fastrtps_c.dir/rosidl_typesupport_fastrtps_c/robotnik_io_msgs/srv/detail/set_registers__type_support_c.cpp.o[0m
[9.956s] [ 82%] [32m[1mLinking C shared library librobotnik_io_msgs__rosidl_typesupport_introspection_c.so[0m
[10.067s] [ 82%] Built target robotnik_io_msgs__rosidl_typesupport_introspection_c
[10.929s] [ 83%] [32m[1mLinking CXX shared library librobotnik_io_msgs__rosidl_typesupport_fastrtps_c.so[0m
[11.024s] [ 83%] Built target robotnik_io_msgs__rosidl_typesupport_fastrtps_c
[11.057s] [ 83%] Built target robotnik_io_msgs
[11.094s] [ 84%] [34m[1mGenerating Python code for ROS interfaces[0m
[12.310s] [ 84%] Built target robotnik_io_msgs__py
[12.336s] [ 85%] [32mBuilding C object CMakeFiles/robotnik_io_msgs__rosidl_generator_py.dir/rosidl_generator_py/robotnik_io_msgs/srv/_set_analog_output_array_s.c.o[0m
[12.336s] [ 85%] [32mBuilding C object CMakeFiles/robotnik_io_msgs__rosidl_generator_py.dir/rosidl_generator_py/robotnik_io_msgs/srv/_get_registers_s.c.o[0m
[12.336s] [ 86%] [32mBuilding C object CMakeFiles/robotnik_io_msgs__rosidl_generator_py.dir/rosidl_generator_py/robotnik_io_msgs/srv/_set_analog_output_s.c.o[0m
[12.336s] [ 87%] [32mBuilding C object CMakeFiles/robotnik_io_msgs__rosidl_generator_py.dir/rosidl_generator_py/robotnik_io_msgs/srv/_set_registers_s.c.o[0m
[12.336s] [ 88%] [32mBuilding C object CMakeFiles/robotnik_io_msgs__rosidl_generator_py.dir/rosidl_generator_py/robotnik_io_msgs/msg/_analog_io_s.c.o[0m
[12.336s] [ 89%] [32mBuilding C object CMakeFiles/robotnik_io_msgs__rosidl_generator_py.dir/rosidl_generator_py/robotnik_io_msgs/msg/_inputs_outputs_s.c.o[0m
[12.337s] [ 90%] [32mBuilding C object CMakeFiles/robotnik_io_msgs__rosidl_generator_py.dir/rosidl_generator_py/robotnik_io_msgs/msg/_digital_io_s.c.o[0m
[12.337s] [ 91%] [32mBuilding C object CMakeFiles/robotnik_io_msgs__rosidl_generator_py.dir/rosidl_generator_py/robotnik_io_msgs/msg/_register_s.c.o[0m
[12.338s] [ 92%] [32mBuilding C object CMakeFiles/robotnik_io_msgs__rosidl_generator_py.dir/rosidl_generator_py/robotnik_io_msgs/msg/_register_array_s.c.o[0m
[12.338s] [ 93%] [32mBuilding C object CMakeFiles/robotnik_io_msgs__rosidl_generator_py.dir/rosidl_generator_py/robotnik_io_msgs/srv/_set_digital_output_s.c.o[0m
[12.339s] [ 94%] [32mBuilding C object CMakeFiles/robotnik_io_msgs__rosidl_generator_py.dir/rosidl_generator_py/robotnik_io_msgs/srv/_set_digital_output_array_s.c.o[0m
[12.638s] [ 95%] [32m[1mLinking C shared library rosidl_generator_py/robotnik_io_msgs/librobotnik_io_msgs__rosidl_generator_py.so[0m
[12.703s] [ 95%] Built target robotnik_io_msgs__rosidl_generator_py
[12.734s] [ 96%] [32mBuilding C object CMakeFiles/robotnik_io_msgs__rosidl_typesupport_introspection_c__pyext.dir/rosidl_generator_py/robotnik_io_msgs/_robotnik_io_msgs_s.ep.rosidl_typesupport_introspection_c.c.o[0m
[12.737s] [ 96%] [32mBuilding C object CMakeFiles/robotnik_io_msgs__rosidl_typesupport_c__pyext.dir/rosidl_generator_py/robotnik_io_msgs/_robotnik_io_msgs_s.ep.rosidl_typesupport_c.c.o[0m
[12.759s] [ 97%] [32mBuilding C object CMakeFiles/robotnik_io_msgs__rosidl_typesupport_fastrtps_c__pyext.dir/rosidl_generator_py/robotnik_io_msgs/_robotnik_io_msgs_s.ep.rosidl_typesupport_fastrtps_c.c.o[0m
[12.919s] [ 98%] [32m[1mLinking C shared library rosidl_generator_py/robotnik_io_msgs/robotnik_io_msgs_s__rosidl_typesupport_c.cpython-310-x86_64-linux-gnu.so[0m
[12.957s] [ 99%] [32m[1mLinking C shared library rosidl_generator_py/robotnik_io_msgs/robotnik_io_msgs_s__rosidl_typesupport_fastrtps_c.cpython-310-x86_64-linux-gnu.so[0m
[12.977s] [100%] [32m[1mLinking C shared library rosidl_generator_py/robotnik_io_msgs/robotnik_io_msgs_s__rosidl_typesupport_introspection_c.cpython-310-x86_64-linux-gnu.so[0m
[12.979s] [100%] Built target robotnik_io_msgs__rosidl_typesupport_c__pyext
[13.026s] [100%] Built target robotnik_io_msgs__rosidl_typesupport_introspection_c__pyext
[13.033s] [100%] Built target robotnik_io_msgs__rosidl_typesupport_fastrtps_c__pyext
[13.054s] Invoked command in '/home/admin/ros2_ws/build/robotnik_io_msgs' returned '0': CMAKE_PREFIX_PATH=/home/admin/ros2_ws/install/robotnik_common_msgs:/home/admin/ros2_ws/install/robotnik_supervisor_msgs:/home/admin/ros2_ws/install/robotnik_gazebo_ignition:/home/admin/ros2_ws/install/robotnik_gazebo_classic:/home/admin/ros2_ws/install/robotnik_description:/home/admin/ros2_ws/install/robotnik_sensors:/home/admin/ros2_ws/install/robotnik_interfaces:/home/admin/ros2_ws/install/robotnik_safety_msgs:/home/admin/ros2_ws/install/robotnik_perception_msgs:/home/admin/ros2_ws/install/robotnik_navigation_msgs:/home/admin/ros2_ws/install/robotnik_io_msgs:/home/admin/ros2_ws/install/robotnik_controllers_msgs:/home/admin/ros2_ws/install/robotnik_common:/home/admin/ros2_ws/install/robotnik_battery_msgs:/home/admin/ros2_ws/install/custom_gz:/opt/ros/humble LD_LIBRARY_PATH=/home/admin/ros2_ws/install/robotnik_common_msgs/lib:/home/admin/ros2_ws/install/robotnik_supervisor_msgs/lib:/home/admin/ros2_ws/install/robotnik_perception_msgs/lib:/home/admin/ros2_ws/install/robotnik_navigation_msgs/lib:/home/admin/ros2_ws/install/robotnik_io_msgs/lib:/home/admin/ros2_ws/install/robotnik_controllers_msgs/lib:/home/admin/ros2_ws/install/robotnik_battery_msgs/lib:/usr/lib/x86_64-linux-gnu/gazebo-11/plugins:/opt/ros/humble/opt/rviz_ogre_vendor/lib:/opt/ros/humble/lib/x86_64-linux-gnu:/opt/ros/humble/lib /usr/bin/cmake --build /home/admin/ros2_ws/build/robotnik_io_msgs -- -j20 -l20
[13.056s] Invoking command in '/home/admin/ros2_ws/build/robotnik_io_msgs': CMAKE_PREFIX_PATH=/home/admin/ros2_ws/install/robotnik_common_msgs:/home/admin/ros2_ws/install/robotnik_supervisor_msgs:/home/admin/ros2_ws/install/robotnik_gazebo_ignition:/home/admin/ros2_ws/install/robotnik_gazebo_classic:/home/admin/ros2_ws/install/robotnik_description:/home/admin/ros2_ws/install/robotnik_sensors:/home/admin/ros2_ws/install/robotnik_interfaces:/home/admin/ros2_ws/install/robotnik_safety_msgs:/home/admin/ros2_ws/install/robotnik_perception_msgs:/home/admin/ros2_ws/install/robotnik_navigation_msgs:/home/admin/ros2_ws/install/robotnik_io_msgs:/home/admin/ros2_ws/install/robotnik_controllers_msgs:/home/admin/ros2_ws/install/robotnik_common:/home/admin/ros2_ws/install/robotnik_battery_msgs:/home/admin/ros2_ws/install/custom_gz:/opt/ros/humble LD_LIBRARY_PATH=/home/admin/ros2_ws/install/robotnik_common_msgs/lib:/home/admin/ros2_ws/install/robotnik_supervisor_msgs/lib:/home/admin/ros2_ws/install/robotnik_perception_msgs/lib:/home/admin/ros2_ws/install/robotnik_navigation_msgs/lib:/home/admin/ros2_ws/install/robotnik_io_msgs/lib:/home/admin/ros2_ws/install/robotnik_controllers_msgs/lib:/home/admin/ros2_ws/install/robotnik_battery_msgs/lib:/usr/lib/x86_64-linux-gnu/gazebo-11/plugins:/opt/ros/humble/opt/rviz_ogre_vendor/lib:/opt/ros/humble/lib/x86_64-linux-gnu:/opt/ros/humble/lib /usr/bin/cmake --install /home/admin/ros2_ws/build/robotnik_io_msgs
[13.068s] -- Install configuration: ""
[13.068s] -- Installing: /home/admin/ros2_ws/install/robotnik_io_msgs/share/ament_index/resource_index/rosidl_interfaces/robotnik_io_msgs
[13.069s] -- Installing: /home/admin/ros2_ws/install/robotnik_io_msgs/include/robotnik_io_msgs/robotnik_io_msgs
[13.069s] -- Installing: /home/admin/ros2_ws/install/robotnik_io_msgs/include/robotnik_io_msgs/robotnik_io_msgs/srv
[13.069s] -- Installing: /home/admin/ros2_ws/install/robotnik_io_msgs/include/robotnik_io_msgs/robotnik_io_msgs/srv/set_analog_output.h
[13.069s] -- Installing: /home/admin/ros2_ws/install/robotnik_io_msgs/include/robotnik_io_msgs/robotnik_io_msgs/srv/detail
[13.069s] -- Installing: /home/admin/ros2_ws/install/robotnik_io_msgs/include/robotnik_io_msgs/robotnik_io_msgs/srv/detail/set_analog_output__functions.c
[13.069s] -- Installing: /home/admin/ros2_ws/install/robotnik_io_msgs/include/robotnik_io_msgs/robotnik_io_msgs/srv/detail/get_registers__type_support.h
[13.069s] -- Installing: /home/admin/ros2_ws/install/robotnik_io_msgs/include/robotnik_io_msgs/robotnik_io_msgs/srv/detail/set_registers__struct.h
[13.069s] -- Installing: /home/admin/ros2_ws/install/robotnik_io_msgs/include/robotnik_io_msgs/robotnik_io_msgs/srv/detail/set_digital_output__functions.h
[13.069s] -- Installing: /home/admin/ros2_ws/install/robotnik_io_msgs/include/robotnik_io_msgs/robotnik_io_msgs/srv/detail/set_analog_output_array__struct.h
[13.069s] -- Installing: /home/admin/ros2_ws/install/robotnik_io_msgs/include/robotnik_io_msgs/robotnik_io_msgs/srv/detail/set_analog_output_array__functions.h
[13.069s] -- Installing: /home/admin/ros2_ws/install/robotnik_io_msgs/include/robotnik_io_msgs/robotnik_io_msgs/srv/detail/set_analog_output__struct.h
[13.069s] -- Installing: /home/admin/ros2_ws/install/robotnik_io_msgs/include/robotnik_io_msgs/robotnik_io_msgs/srv/detail/set_digital_output__type_support.h
[13.069s] -- Installing: /home/admin/ros2_ws/install/robotnik_io_msgs/include/robotnik_io_msgs/robotnik_io_msgs/srv/detail/get_registers__struct.h
[13.069s] -- Installing: /home/admin/ros2_ws/install/robotnik_io_msgs/include/robotnik_io_msgs/robotnik_io_msgs/srv/detail/set_analog_output__functions.h
[13.069s] -- Installing: /home/admin/ros2_ws/install/robotnik_io_msgs/include/robotnik_io_msgs/robotnik_io_msgs/srv/detail/get_registers__functions.h
[13.070s] -- Installing: /home/admin/ros2_ws/install/robotnik_io_msgs/include/robotnik_io_msgs/robotnik_io_msgs/srv/detail/set_registers__functions.c
[13.070s] -- Installing: /home/admin/ros2_ws/install/robotnik_io_msgs/include/robotnik_io_msgs/robotnik_io_msgs/srv/detail/set_registers__functions.h
[13.070s] -- Installing: /home/admin/ros2_ws/install/robotnik_io_msgs/include/robotnik_io_msgs/robotnik_io_msgs/srv/detail/set_digital_output__struct.h
[13.070s] -- Installing: /home/admin/ros2_ws/install/robotnik_io_msgs/include/robotnik_io_msgs/robotnik_io_msgs/srv/detail/get_registers__functions.c
[13.070s] -- Installing: /home/admin/ros2_ws/install/robotnik_io_msgs/include/robotnik_io_msgs/robotnik_io_msgs/srv/detail/set_registers__type_support.h
[13.070s] -- Installing: /home/admin/ros2_ws/install/robotnik_io_msgs/include/robotnik_io_msgs/robotnik_io_msgs/srv/detail/set_digital_output_array__type_support.h
[13.070s] -- Installing: /home/admin/ros2_ws/install/robotnik_io_msgs/include/robotnik_io_msgs/robotnik_io_msgs/srv/detail/set_digital_output_array__struct.h
[13.070s] -- Installing: /home/admin/ros2_ws/install/robotnik_io_msgs/include/robotnik_io_msgs/robotnik_io_msgs/srv/detail/set_analog_output__type_support.h
[13.070s] -- Installing: /home/admin/ros2_ws/install/robotnik_io_msgs/include/robotnik_io_msgs/robotnik_io_msgs/srv/detail/set_analog_output_array__type_support.h
[13.070s] -- Installing: /home/admin/ros2_ws/install/robotnik_io_msgs/include/robotnik_io_msgs/robotnik_io_msgs/srv/detail/set_digital_output_array__functions.c
[13.070s] -- Installing: /home/admin/ros2_ws/install/robotnik_io_msgs/include/robotnik_io_msgs/robotnik_io_msgs/srv/detail/set_digital_output__functions.c
[13.070s] -- Installing: /home/admin/ros2_ws/install/robotnik_io_msgs/include/robotnik_io_msgs/robotnik_io_msgs/srv/detail/set_analog_output_array__functions.c
[13.070s] -- Installing: /home/admin/ros2_ws/install/robotnik_io_msgs/include/robotnik_io_msgs/robotnik_io_msgs/srv/detail/set_digital_output_array__functions.h
[13.070s] -- Installing: /home/admin/ros2_ws/install/robotnik_io_msgs/include/robotnik_io_msgs/robotnik_io_msgs/srv/set_registers.h
[13.070s] -- Installing: /home/admin/ros2_ws/install/robotnik_io_msgs/include/robotnik_io_msgs/robotnik_io_msgs/srv/set_analog_output_array.h
[13.070s] -- Installing: /home/admin/ros2_ws/install/robotnik_io_msgs/include/robotnik_io_msgs/robotnik_io_msgs/srv/get_registers.h
[13.070s] -- Installing: /home/admin/ros2_ws/install/robotnik_io_msgs/include/robotnik_io_msgs/robotnik_io_msgs/srv/set_digital_output_array.h
[13.070s] -- Installing: /home/admin/ros2_ws/install/robotnik_io_msgs/include/robotnik_io_msgs/robotnik_io_msgs/srv/set_digital_output.h
[13.070s] -- Installing: /home/admin/ros2_ws/install/robotnik_io_msgs/include/robotnik_io_msgs/robotnik_io_msgs/msg
[13.071s] -- Installing: /home/admin/ros2_ws/install/robotnik_io_msgs/include/robotnik_io_msgs/robotnik_io_msgs/msg/rosidl_generator_c__visibility_control.h
[13.071s] -- Installing: /home/admin/ros2_ws/install/robotnik_io_msgs/include/robotnik_io_msgs/robotnik_io_msgs/msg/detail
[13.071s] -- Installing: /home/admin/ros2_ws/install/robotnik_io_msgs/include/robotnik_io_msgs/robotnik_io_msgs/msg/detail/register__functions.c
[13.071s] -- Installing: /home/admin/ros2_ws/install/robotnik_io_msgs/include/robotnik_io_msgs/robotnik_io_msgs/msg/detail/inputs_outputs__struct.h
[13.071s] -- Installing: /home/admin/ros2_ws/install/robotnik_io_msgs/include/robotnik_io_msgs/robotnik_io_msgs/msg/detail/digital_io__functions.c
[13.071s] -- Installing: /home/admin/ros2_ws/install/robotnik_io_msgs/include/robotnik_io_msgs/robotnik_io_msgs/msg/detail/analog_io__functions.h
[13.071s] -- Installing: /home/admin/ros2_ws/install/robotnik_io_msgs/include/robotnik_io_msgs/robotnik_io_msgs/msg/detail/register_array__functions.c
[13.071s] -- Installing: /home/admin/ros2_ws/install/robotnik_io_msgs/include/robotnik_io_msgs/robotnik_io_msgs/msg/detail/register_array__type_support.h
[13.071s] -- Installing: /home/admin/ros2_ws/install/robotnik_io_msgs/include/robotnik_io_msgs/robotnik_io_msgs/msg/detail/digital_io__functions.h
[13.071s] -- Installing: /home/admin/ros2_ws/install/robotnik_io_msgs/include/robotnik_io_msgs/robotnik_io_msgs/msg/detail/analog_io__struct.h
[13.071s] -- Installing: /home/admin/ros2_ws/install/robotnik_io_msgs/include/robotnik_io_msgs/robotnik_io_msgs/msg/detail/inputs_outputs__type_support.h
[13.071s] -- Installing: /home/admin/ros2_ws/install/robotnik_io_msgs/include/robotnik_io_msgs/robotnik_io_msgs/msg/detail/register__struct.h
[13.071s] -- Installing: /home/admin/ros2_ws/install/robotnik_io_msgs/include/robotnik_io_msgs/robotnik_io_msgs/msg/detail/analog_io__functions.c
[13.071s] -- Installing: /home/admin/ros2_ws/install/robotnik_io_msgs/include/robotnik_io_msgs/robotnik_io_msgs/msg/detail/inputs_outputs__functions.c
[13.071s] -- Installing: /home/admin/ros2_ws/install/robotnik_io_msgs/include/robotnik_io_msgs/robotnik_io_msgs/msg/detail/digital_io__type_support.h
[13.071s] -- Installing: /home/admin/ros2_ws/install/robotnik_io_msgs/include/robotnik_io_msgs/robotnik_io_msgs/msg/detail/register__type_support.h
[13.071s] -- Installing: /home/admin/ros2_ws/install/robotnik_io_msgs/include/robotnik_io_msgs/robotnik_io_msgs/msg/detail/analog_io__type_support.h
[13.072s] -- Installing: /home/admin/ros2_ws/install/robotnik_io_msgs/include/robotnik_io_msgs/robotnik_io_msgs/msg/detail/register_array__functions.h
[13.072s] -- Installing: /home/admin/ros2_ws/install/robotnik_io_msgs/include/robotnik_io_msgs/robotnik_io_msgs/msg/detail/register_array__struct.h
[13.072s] -- Installing: /home/admin/ros2_ws/install/robotnik_io_msgs/include/robotnik_io_msgs/robotnik_io_msgs/msg/detail/inputs_outputs__functions.h
[13.072s] -- Installing: /home/admin/ros2_ws/install/robotnik_io_msgs/include/robotnik_io_msgs/robotnik_io_msgs/msg/detail/register__functions.h
[13.072s] -- Installing: /home/admin/ros2_ws/install/robotnik_io_msgs/include/robotnik_io_msgs/robotnik_io_msgs/msg/detail/digital_io__struct.h
[13.072s] -- Installing: /home/admin/ros2_ws/install/robotnik_io_msgs/include/robotnik_io_msgs/robotnik_io_msgs/msg/register_array.h
[13.072s] -- Installing: /home/admin/ros2_ws/install/robotnik_io_msgs/include/robotnik_io_msgs/robotnik_io_msgs/msg/inputs_outputs.h
[13.072s] -- Installing: /home/admin/ros2_ws/install/robotnik_io_msgs/include/robotnik_io_msgs/robotnik_io_msgs/msg/analog_io.h
[13.072s] -- Installing: /home/admin/ros2_ws/install/robotnik_io_msgs/include/robotnik_io_msgs/robotnik_io_msgs/msg/digital_io.h
[13.072s] -- Installing: /home/admin/ros2_ws/install/robotnik_io_msgs/include/robotnik_io_msgs/robotnik_io_msgs/msg/register.h
[13.072s] -- Installing: /home/admin/ros2_ws/install/robotnik_io_msgs/share/robotnik_io_msgs/environment/library_path.sh
[13.073s] -- Installing: /home/admin/ros2_ws/install/robotnik_io_msgs/share/robotnik_io_msgs/environment/library_path.dsv
[13.073s] -- Installing: /home/admin/ros2_ws/install/robotnik_io_msgs/lib/librobotnik_io_msgs__rosidl_generator_c.so
[13.073s] -- Set runtime path of "/home/admin/ros2_ws/install/robotnik_io_msgs/lib/librobotnik_io_msgs__rosidl_generator_c.so" to ""
[13.073s] -- Up-to-date: /home/admin/ros2_ws/install/robotnik_io_msgs/include/robotnik_io_msgs/robotnik_io_msgs
[13.073s] -- Up-to-date: /home/admin/ros2_ws/install/robotnik_io_msgs/include/robotnik_io_msgs/robotnik_io_msgs/srv
[13.073s] -- Up-to-date: /home/admin/ros2_ws/install/robotnik_io_msgs/include/robotnik_io_msgs/robotnik_io_msgs/srv/detail
[13.073s] -- Installing: /home/admin/ros2_ws/install/robotnik_io_msgs/include/robotnik_io_msgs/robotnik_io_msgs/srv/detail/set_analog_output_array__rosidl_typesupport_fastrtps_c.h
[13.073s] -- Installing: /home/admin/ros2_ws/install/robotnik_io_msgs/include/robotnik_io_msgs/robotnik_io_msgs/srv/detail/get_registers__rosidl_typesupport_fastrtps_c.h
[13.073s] -- Installing: /home/admin/ros2_ws/install/robotnik_io_msgs/include/robotnik_io_msgs/robotnik_io_msgs/srv/detail/set_digital_output_array__rosidl_typesupport_fastrtps_c.h
[13.073s] -- Installing: /home/admin/ros2_ws/install/robotnik_io_msgs/include/robotnik_io_msgs/robotnik_io_msgs/srv/detail/set_analog_output__rosidl_typesupport_fastrtps_c.h
[13.073s] -- Installing: /home/admin/ros2_ws/install/robotnik_io_msgs/include/robotnik_io_msgs/robotnik_io_msgs/srv/detail/set_digital_output__rosidl_typesupport_fastrtps_c.h
[13.073s] -- Installing: /home/admin/ros2_ws/install/robotnik_io_msgs/include/robotnik_io_msgs/robotnik_io_msgs/srv/detail/set_registers__rosidl_typesupport_fastrtps_c.h
[13.074s] -- Up-to-date: /home/admin/ros2_ws/install/robotnik_io_msgs/include/robotnik_io_msgs/robotnik_io_msgs/msg
[13.074s] -- Installing: /home/admin/ros2_ws/install/robotnik_io_msgs/include/robotnik_io_msgs/robotnik_io_msgs/msg/rosidl_typesupport_fastrtps_c__visibility_control.h
[13.074s] -- Up-to-date: /home/admin/ros2_ws/install/robotnik_io_msgs/include/robotnik_io_msgs/robotnik_io_msgs/msg/detail
[13.074s] -- Installing: /home/admin/ros2_ws/install/robotnik_io_msgs/include/robotnik_io_msgs/robotnik_io_msgs/msg/detail/register_array__rosidl_typesupport_fastrtps_c.h
[13.074s] -- Installing: /home/admin/ros2_ws/install/robotnik_io_msgs/include/robotnik_io_msgs/robotnik_io_msgs/msg/detail/analog_io__rosidl_typesupport_fastrtps_c.h
[13.074s] -- Installing: /home/admin/ros2_ws/install/robotnik_io_msgs/include/robotnik_io_msgs/robotnik_io_msgs/msg/detail/inputs_outputs__rosidl_typesupport_fastrtps_c.h
[13.074s] -- Installing: /home/admin/ros2_ws/install/robotnik_io_msgs/include/robotnik_io_msgs/robotnik_io_msgs/msg/detail/register__rosidl_typesupport_fastrtps_c.h
[13.074s] -- Installing: /home/admin/ros2_ws/install/robotnik_io_msgs/include/robotnik_io_msgs/robotnik_io_msgs/msg/detail/digital_io__rosidl_typesupport_fastrtps_c.h
[13.074s] -- Installing: /home/admin/ros2_ws/install/robotnik_io_msgs/lib/librobotnik_io_msgs__rosidl_typesupport_fastrtps_c.so
[13.074s] -- Set runtime path of "/home/admin/ros2_ws/install/robotnik_io_msgs/lib/librobotnik_io_msgs__rosidl_typesupport_fastrtps_c.so" to ""
[13.074s] -- Up-to-date: /home/admin/ros2_ws/install/robotnik_io_msgs/include/robotnik_io_msgs/robotnik_io_msgs
[13.074s] -- Up-to-date: /home/admin/ros2_ws/install/robotnik_io_msgs/include/robotnik_io_msgs/robotnik_io_msgs/srv
[13.074s] -- Up-to-date: /home/admin/ros2_ws/install/robotnik_io_msgs/include/robotnik_io_msgs/robotnik_io_msgs/srv/detail
[13.075s] -- Installing: /home/admin/ros2_ws/install/robotnik_io_msgs/include/robotnik_io_msgs/robotnik_io_msgs/srv/detail/set_digital_output_array__type_support.hpp
[13.075s] -- Installing: /home/admin/ros2_ws/install/robotnik_io_msgs/include/robotnik_io_msgs/robotnik_io_msgs/srv/detail/set_analog_output__type_support.hpp
[13.075s] -- Installing: /home/admin/ros2_ws/install/robotnik_io_msgs/include/robotnik_io_msgs/robotnik_io_msgs/srv/detail/get_registers__builder.hpp
[13.075s] -- Installing: /home/admin/ros2_ws/install/robotnik_io_msgs/include/robotnik_io_msgs/robotnik_io_msgs/srv/detail/set_digital_output__builder.hpp
[13.075s] -- Installing: /home/admin/ros2_ws/install/robotnik_io_msgs/include/robotnik_io_msgs/robotnik_io_msgs/srv/detail/set_analog_output_array__builder.hpp
[13.075s] -- Installing: /home/admin/ros2_ws/install/robotnik_io_msgs/include/robotnik_io_msgs/robotnik_io_msgs/srv/detail/set_registers__builder.hpp
[13.075s] -- Installing: /home/admin/ros2_ws/install/robotnik_io_msgs/include/robotnik_io_msgs/robotnik_io_msgs/srv/detail/set_digital_output__traits.hpp
[13.075s] -- Installing: /home/admin/ros2_ws/install/robotnik_io_msgs/include/robotnik_io_msgs/robotnik_io_msgs/srv/detail/get_registers__type_support.hpp
[13.075s] -- Installing: /home/admin/ros2_ws/install/robotnik_io_msgs/include/robotnik_io_msgs/robotnik_io_msgs/srv/detail/set_registers__struct.hpp
[13.075s] -- Installing: /home/admin/ros2_ws/install/robotnik_io_msgs/include/robotnik_io_msgs/robotnik_io_msgs/srv/detail/get_registers__struct.hpp
[13.075s] -- Installing: /home/admin/ros2_ws/install/robotnik_io_msgs/include/robotnik_io_msgs/robotnik_io_msgs/srv/detail/set_digital_output_array__struct.hpp
[13.075s] -- Installing: /home/admin/ros2_ws/install/robotnik_io_msgs/include/robotnik_io_msgs/robotnik_io_msgs/srv/detail/set_analog_output__struct.hpp
[13.075s] -- Installing: /home/admin/ros2_ws/install/robotnik_io_msgs/include/robotnik_io_msgs/robotnik_io_msgs/srv/detail/set_digital_output__struct.hpp
[13.075s] -- Installing: /home/admin/ros2_ws/install/robotnik_io_msgs/include/robotnik_io_msgs/robotnik_io_msgs/srv/detail/set_digital_output_array__traits.hpp
[13.075s] -- Installing: /home/admin/ros2_ws/install/robotnik_io_msgs/include/robotnik_io_msgs/robotnik_io_msgs/srv/detail/set_analog_output_array__struct.hpp
[13.076s] -- Installing: /home/admin/ros2_ws/install/robotnik_io_msgs/include/robotnik_io_msgs/robotnik_io_msgs/srv/detail/set_digital_output__type_support.hpp
[13.076s] -- Installing: /home/admin/ros2_ws/install/robotnik_io_msgs/include/robotnik_io_msgs/robotnik_io_msgs/srv/detail/set_registers__type_support.hpp
[13.076s] -- Installing: /home/admin/ros2_ws/install/robotnik_io_msgs/include/robotnik_io_msgs/robotnik_io_msgs/srv/detail/set_analog_output__traits.hpp
[13.076s] -- Installing: /home/admin/ros2_ws/install/robotnik_io_msgs/include/robotnik_io_msgs/robotnik_io_msgs/srv/detail/set_analog_output_array__type_support.hpp
[13.076s] -- Installing: /home/admin/ros2_ws/install/robotnik_io_msgs/include/robotnik_io_msgs/robotnik_io_msgs/srv/detail/set_digital_output_array__builder.hpp
[13.076s] -- Installing: /home/admin/ros2_ws/install/robotnik_io_msgs/include/robotnik_io_msgs/robotnik_io_msgs/srv/detail/get_registers__traits.hpp
[13.076s] -- Installing: /home/admin/ros2_ws/install/robotnik_io_msgs/include/robotnik_io_msgs/robotnik_io_msgs/srv/detail/set_registers__traits.hpp
[13.076s] -- Installing: /home/admin/ros2_ws/install/robotnik_io_msgs/include/robotnik_io_msgs/robotnik_io_msgs/srv/detail/set_analog_output_array__traits.hpp
[13.076s] -- Installing: /home/admin/ros2_ws/install/robotnik_io_msgs/include/robotnik_io_msgs/robotnik_io_msgs/srv/detail/set_analog_output__builder.hpp
[13.076s] -- Installing: /home/admin/ros2_ws/install/robotnik_io_msgs/include/robotnik_io_msgs/robotnik_io_msgs/srv/set_digital_output_array.hpp
[13.076s] -- Installing: /home/admin/ros2_ws/install/robotnik_io_msgs/include/robotnik_io_msgs/robotnik_io_msgs/srv/set_analog_output_array.hpp
[13.076s] -- Installing: /home/admin/ros2_ws/install/robotnik_io_msgs/include/robotnik_io_msgs/robotnik_io_msgs/srv/get_registers.hpp
[13.076s] -- Installing: /home/admin/ros2_ws/install/robotnik_io_msgs/include/robotnik_io_msgs/robotnik_io_msgs/srv/set_analog_output.hpp
[13.076s] -- Installing: /home/admin/ros2_ws/install/robotnik_io_msgs/include/robotnik_io_msgs/robotnik_io_msgs/srv/set_registers.hpp
[13.077s] -- Installing: /home/admin/ros2_ws/install/robotnik_io_msgs/include/robotnik_io_msgs/robotnik_io_msgs/srv/set_digital_output.hpp
[13.077s] -- Up-to-date: /home/admin/ros2_ws/install/robotnik_io_msgs/include/robotnik_io_msgs/robotnik_io_msgs/msg
[13.077s] -- Installing: /home/admin/ros2_ws/install/robotnik_io_msgs/include/robotnik_io_msgs/robotnik_io_msgs/msg/rosidl_generator_cpp__visibility_control.hpp
[13.077s] -- Up-to-date: /home/admin/ros2_ws/install/robotnik_io_msgs/include/robotnik_io_msgs/robotnik_io_msgs/msg/detail
[13.077s] -- Installing: /home/admin/ros2_ws/install/robotnik_io_msgs/include/robotnik_io_msgs/robotnik_io_msgs/msg/detail/register_array__struct.hpp
[13.077s] -- Installing: /home/admin/ros2_ws/install/robotnik_io_msgs/include/robotnik_io_msgs/robotnik_io_msgs/msg/detail/analog_io__struct.hpp
[13.077s] -- Installing: /home/admin/ros2_ws/install/robotnik_io_msgs/include/robotnik_io_msgs/robotnik_io_msgs/msg/detail/digital_io__traits.hpp
[13.077s] -- Installing: /home/admin/ros2_ws/install/robotnik_io_msgs/include/robotnik_io_msgs/robotnik_io_msgs/msg/detail/register__struct.hpp
[13.077s] -- Installing: /home/admin/ros2_ws/install/robotnik_io_msgs/include/robotnik_io_msgs/robotnik_io_msgs/msg/detail/register__builder.hpp
[13.077s] -- Installing: /home/admin/ros2_ws/install/robotnik_io_msgs/include/robotnik_io_msgs/robotnik_io_msgs/msg/detail/register_array__builder.hpp
[13.077s] -- Installing: /home/admin/ros2_ws/install/robotnik_io_msgs/include/robotnik_io_msgs/robotnik_io_msgs/msg/detail/digital_io__builder.hpp
[13.077s] -- Installing: /home/admin/ros2_ws/install/robotnik_io_msgs/include/robotnik_io_msgs/robotnik_io_msgs/msg/detail/inputs_outputs__type_support.hpp
[13.077s] -- Installing: /home/admin/ros2_ws/install/robotnik_io_msgs/include/robotnik_io_msgs/robotnik_io_msgs/msg/detail/analog_io__type_support.hpp
[13.078s] -- Installing: /home/admin/ros2_ws/install/robotnik_io_msgs/include/robotnik_io_msgs/robotnik_io_msgs/msg/detail/inputs_outputs__struct.hpp
[13.078s] -- Installing: /home/admin/ros2_ws/install/robotnik_io_msgs/include/robotnik_io_msgs/robotnik_io_msgs/msg/detail/digital_io__type_support.hpp
[13.078s] -- Installing: /home/admin/ros2_ws/install/robotnik_io_msgs/include/robotnik_io_msgs/robotnik_io_msgs/msg/detail/analog_io__builder.hpp
[13.078s] -- Installing: /home/admin/ros2_ws/install/robotnik_io_msgs/include/robotnik_io_msgs/robotnik_io_msgs/msg/detail/register__type_support.hpp
[13.078s] -- Installing: /home/admin/ros2_ws/install/robotnik_io_msgs/include/robotnik_io_msgs/robotnik_io_msgs/msg/detail/digital_io__struct.hpp
[13.078s] -- Installing: /home/admin/ros2_ws/install/robotnik_io_msgs/include/robotnik_io_msgs/robotnik_io_msgs/msg/detail/analog_io__traits.hpp
[13.078s] -- Installing: /home/admin/ros2_ws/install/robotnik_io_msgs/include/robotnik_io_msgs/robotnik_io_msgs/msg/detail/inputs_outputs__builder.hpp
[13.078s] -- Installing: /home/admin/ros2_ws/install/robotnik_io_msgs/include/robotnik_io_msgs/robotnik_io_msgs/msg/detail/register__traits.hpp
[13.078s] -- Installing: /home/admin/ros2_ws/install/robotnik_io_msgs/include/robotnik_io_msgs/robotnik_io_msgs/msg/detail/register_array__type_support.hpp
[13.078s] -- Installing: /home/admin/ros2_ws/install/robotnik_io_msgs/include/robotnik_io_msgs/robotnik_io_msgs/msg/detail/register_array__traits.hpp
[13.078s] -- Installing: /home/admin/ros2_ws/install/robotnik_io_msgs/include/robotnik_io_msgs/robotnik_io_msgs/msg/detail/inputs_outputs__traits.hpp
[13.079s] -- Installing: /home/admin/ros2_ws/install/robotnik_io_msgs/include/robotnik_io_msgs/robotnik_io_msgs/msg/register_array.hpp
[13.079s] -- Installing: /home/admin/ros2_ws/install/robotnik_io_msgs/include/robotnik_io_msgs/robotnik_io_msgs/msg/register.hpp
[13.079s] -- Installing: /home/admin/ros2_ws/install/robotnik_io_msgs/include/robotnik_io_msgs/robotnik_io_msgs/msg/analog_io.hpp
[13.079s] -- Installing: /home/admin/ros2_ws/install/robotnik_io_msgs/include/robotnik_io_msgs/robotnik_io_msgs/msg/digital_io.hpp
[13.079s] -- Installing: /home/admin/ros2_ws/install/robotnik_io_msgs/include/robotnik_io_msgs/robotnik_io_msgs/msg/inputs_outputs.hpp
[13.079s] -- Up-to-date: /home/admin/ros2_ws/install/robotnik_io_msgs/include/robotnik_io_msgs/robotnik_io_msgs
[13.079s] -- Up-to-date: /home/admin/ros2_ws/install/robotnik_io_msgs/include/robotnik_io_msgs/robotnik_io_msgs/srv
[13.079s] -- Up-to-date: /home/admin/ros2_ws/install/robotnik_io_msgs/include/robotnik_io_msgs/robotnik_io_msgs/srv/detail
[13.079s] -- Installing: /home/admin/ros2_ws/install/robotnik_io_msgs/include/robotnik_io_msgs/robotnik_io_msgs/srv/detail/set_digital_output_array__rosidl_typesupport_fastrtps_cpp.hpp
[13.079s] -- Installing: /home/admin/ros2_ws/install/robotnik_io_msgs/include/robotnik_io_msgs/robotnik_io_msgs/srv/detail/set_analog_output__rosidl_typesupport_fastrtps_cpp.hpp
[13.079s] -- Installing: /home/admin/ros2_ws/install/robotnik_io_msgs/include/robotnik_io_msgs/robotnik_io_msgs/srv/detail/set_registers__rosidl_typesupport_fastrtps_cpp.hpp
[13.080s] -- Installing: /home/admin/ros2_ws/install/robotnik_io_msgs/include/robotnik_io_msgs/robotnik_io_msgs/srv/detail/dds_fastrtps
[13.080s] -- Installing: /home/admin/ros2_ws/install/robotnik_io_msgs/include/robotnik_io_msgs/robotnik_io_msgs/srv/detail/get_registers__rosidl_typesupport_fastrtps_cpp.hpp
[13.080s] -- Installing: /home/admin/ros2_ws/install/robotnik_io_msgs/include/robotnik_io_msgs/robotnik_io_msgs/srv/detail/set_digital_output__rosidl_typesupport_fastrtps_cpp.hpp
[13.081s] -- Installing: /home/admin/ros2_ws/install/robotnik_io_msgs/include/robotnik_io_msgs/robotnik_io_msgs/srv/detail/set_analog_output_array__rosidl_typesupport_fastrtps_cpp.hpp
[13.082s] -- Up-to-date: /home/admin/ros2_ws/install/robotnik_io_msgs/include/robotnik_io_msgs/robotnik_io_msgs/msg
[13.082s] -- Installing: /home/admin/ros2_ws/install/robotnik_io_msgs/include/robotnik_io_msgs/robotnik_io_msgs/msg/rosidl_typesupport_fastrtps_cpp__visibility_control.h
[13.083s] -- Up-to-date: /home/admin/ros2_ws/install/robotnik_io_msgs/include/robotnik_io_msgs/robotnik_io_msgs/msg/detail
[13.084s] -- Installing: /home/admin/ros2_ws/install/robotnik_io_msgs/include/robotnik_io_msgs/robotnik_io_msgs/msg/detail/register__rosidl_typesupport_fastrtps_cpp.hpp
[13.084s] -- Installing: /home/admin/ros2_ws/install/robotnik_io_msgs/include/robotnik_io_msgs/robotnik_io_msgs/msg/detail/digital_io__rosidl_typesupport_fastrtps_cpp.hpp
[13.085s] -- Installing: /home/admin/ros2_ws/install/robotnik_io_msgs/include/robotnik_io_msgs/robotnik_io_msgs/msg/detail/inputs_outputs__rosidl_typesupport_fastrtps_cpp.hpp
[13.088s] -- Installing: /home/admin/ros2_ws/install/robotnik_io_msgs/include/robotnik_io_msgs/robotnik_io_msgs/msg/detail/register_array__rosidl_typesupport_fastrtps_cpp.hpp
[13.089s] -- Installing: /home/admin/ros2_ws/install/robotnik_io_msgs/include/robotnik_io_msgs/robotnik_io_msgs/msg/detail/dds_fastrtps
[13.089s] -- Installing: /home/admin/ros2_ws/install/robotnik_io_msgs/include/robotnik_io_msgs/robotnik_io_msgs/msg/detail/analog_io__rosidl_typesupport_fastrtps_cpp.hpp
[13.089s] -- Installing: /home/admin/ros2_ws/install/robotnik_io_msgs/lib/librobotnik_io_msgs__rosidl_typesupport_fastrtps_cpp.so
[13.089s] -- Set runtime path of "/home/admin/ros2_ws/install/robotnik_io_msgs/lib/librobotnik_io_msgs__rosidl_typesupport_fastrtps_cpp.so" to ""
[13.089s] -- Up-to-date: /home/admin/ros2_ws/install/robotnik_io_msgs/include/robotnik_io_msgs/robotnik_io_msgs
[13.089s] -- Up-to-date: /home/admin/ros2_ws/install/robotnik_io_msgs/include/robotnik_io_msgs/robotnik_io_msgs/srv
[13.089s] -- Up-to-date: /home/admin/ros2_ws/install/robotnik_io_msgs/include/robotnik_io_msgs/robotnik_io_msgs/srv/detail
[13.089s] -- Installing: /home/admin/ros2_ws/install/robotnik_io_msgs/include/robotnik_io_msgs/robotnik_io_msgs/srv/detail/set_analog_output_array__rosidl_typesupport_introspection_c.h
[13.089s] -- Installing: /home/admin/ros2_ws/install/robotnik_io_msgs/include/robotnik_io_msgs/robotnik_io_msgs/srv/detail/set_digital_output_array__rosidl_typesupport_introspection_c.h
[13.089s] -- Installing: /home/admin/ros2_ws/install/robotnik_io_msgs/include/robotnik_io_msgs/robotnik_io_msgs/srv/detail/set_analog_output_array__type_support.c
[13.089s] -- Installing: /home/admin/ros2_ws/install/robotnik_io_msgs/include/robotnik_io_msgs/robotnik_io_msgs/srv/detail/get_registers__rosidl_typesupport_introspection_c.h
[13.089s] -- Installing: /home/admin/ros2_ws/install/robotnik_io_msgs/include/robotnik_io_msgs/robotnik_io_msgs/srv/detail/set_digital_output_array__type_support.c
[13.089s] -- Installing: /home/admin/ros2_ws/install/robotnik_io_msgs/include/robotnik_io_msgs/robotnik_io_msgs/srv/detail/set_registers__type_support.c
[13.089s] -- Installing: /home/admin/ros2_ws/install/robotnik_io_msgs/include/robotnik_io_msgs/robotnik_io_msgs/srv/detail/set_digital_output__type_support.c
[13.089s] -- Installing: /home/admin/ros2_ws/install/robotnik_io_msgs/include/robotnik_io_msgs/robotnik_io_msgs/srv/detail/set_registers__rosidl_typesupport_introspection_c.h
[13.089s] -- Installing: /home/admin/ros2_ws/install/robotnik_io_msgs/include/robotnik_io_msgs/robotnik_io_msgs/srv/detail/set_digital_output__rosidl_typesupport_introspection_c.h
[13.089s] -- Installing: /home/admin/ros2_ws/install/robotnik_io_msgs/include/robotnik_io_msgs/robotnik_io_msgs/srv/detail/set_analog_output__type_support.c
[13.090s] -- Installing: /home/admin/ros2_ws/install/robotnik_io_msgs/include/robotnik_io_msgs/robotnik_io_msgs/srv/detail/set_analog_output__rosidl_typesupport_introspection_c.h
[13.090s] -- Installing: /home/admin/ros2_ws/install/robotnik_io_msgs/include/robotnik_io_msgs/robotnik_io_msgs/srv/detail/get_registers__type_support.c
[13.090s] -- Up-to-date: /home/admin/ros2_ws/install/robotnik_io_msgs/include/robotnik_io_msgs/robotnik_io_msgs/msg
[13.090s] -- Up-to-date: /home/admin/ros2_ws/install/robotnik_io_msgs/include/robotnik_io_msgs/robotnik_io_msgs/msg/detail
[13.090s] -- Installing: /home/admin/ros2_ws/install/robotnik_io_msgs/include/robotnik_io_msgs/robotnik_io_msgs/msg/detail/digital_io__type_support.c
[13.090s] -- Installing: /home/admin/ros2_ws/install/robotnik_io_msgs/include/robotnik_io_msgs/robotnik_io_msgs/msg/detail/register__type_support.c
[13.090s] -- Installing: /home/admin/ros2_ws/install/robotnik_io_msgs/include/robotnik_io_msgs/robotnik_io_msgs/msg/detail/inputs_outputs__rosidl_typesupport_introspection_c.h
[13.090s] -- Installing: /home/admin/ros2_ws/install/robotnik_io_msgs/include/robotnik_io_msgs/robotnik_io_msgs/msg/detail/register_array__type_support.c
[13.090s] -- Installing: /home/admin/ros2_ws/install/robotnik_io_msgs/include/robotnik_io_msgs/robotnik_io_msgs/msg/detail/analog_io__type_support.c
[13.090s] -- Installing: /home/admin/ros2_ws/install/robotnik_io_msgs/include/robotnik_io_msgs/robotnik_io_msgs/msg/detail/digital_io__rosidl_typesupport_introspection_c.h
[13.090s] -- Installing: /home/admin/ros2_ws/install/robotnik_io_msgs/include/robotnik_io_msgs/robotnik_io_msgs/msg/detail/inputs_outputs__type_support.c
[13.090s] -- Installing: /home/admin/ros2_ws/install/robotnik_io_msgs/include/robotnik_io_msgs/robotnik_io_msgs/msg/detail/register__rosidl_typesupport_introspection_c.h
[13.090s] -- Installing: /home/admin/ros2_ws/install/robotnik_io_msgs/include/robotnik_io_msgs/robotnik_io_msgs/msg/detail/register_array__rosidl_typesupport_introspection_c.h
[13.090s] -- Installing: /home/admin/ros2_ws/install/robotnik_io_msgs/include/robotnik_io_msgs/robotnik_io_msgs/msg/detail/analog_io__rosidl_typesupport_introspection_c.h
[13.090s] -- Installing: /home/admin/ros2_ws/install/robotnik_io_msgs/include/robotnik_io_msgs/robotnik_io_msgs/msg/rosidl_typesupport_introspection_c__visibility_control.h
[13.090s] -- Installing: /home/admin/ros2_ws/install/robotnik_io_msgs/lib/librobotnik_io_msgs__rosidl_typesupport_introspection_c.so
[13.090s] -- Set runtime path of "/home/admin/ros2_ws/install/robotnik_io_msgs/lib/librobotnik_io_msgs__rosidl_typesupport_introspection_c.so" to ""
[13.090s] -- Installing: /home/admin/ros2_ws/install/robotnik_io_msgs/lib/librobotnik_io_msgs__rosidl_typesupport_c.so
[13.090s] -- Set runtime path of "/home/admin/ros2_ws/install/robotnik_io_msgs/lib/librobotnik_io_msgs__rosidl_typesupport_c.so" to ""
[13.090s] -- Up-to-date: /home/admin/ros2_ws/install/robotnik_io_msgs/include/robotnik_io_msgs/robotnik_io_msgs
[13.090s] -- Up-to-date: /home/admin/ros2_ws/install/robotnik_io_msgs/include/robotnik_io_msgs/robotnik_io_msgs/srv
[13.090s] -- Up-to-date: /home/admin/ros2_ws/install/robotnik_io_msgs/include/robotnik_io_msgs/robotnik_io_msgs/srv/detail
[13.090s] -- Installing: /home/admin/ros2_ws/install/robotnik_io_msgs/include/robotnik_io_msgs/robotnik_io_msgs/srv/detail/set_analog_output_array__rosidl_typesupport_introspection_cpp.hpp
[13.090s] -- Installing: /home/admin/ros2_ws/install/robotnik_io_msgs/include/robotnik_io_msgs/robotnik_io_msgs/srv/detail/set_analog_output__type_support.cpp
[13.090s] -- Installing: /home/admin/ros2_ws/install/robotnik_io_msgs/include/robotnik_io_msgs/robotnik_io_msgs/srv/detail/set_registers__type_support.cpp
[13.090s] -- Installing: /home/admin/ros2_ws/install/robotnik_io_msgs/include/robotnik_io_msgs/robotnik_io_msgs/srv/detail/set_analog_output_array__type_support.cpp
[13.091s] -- Installing: /home/admin/ros2_ws/install/robotnik_io_msgs/include/robotnik_io_msgs/robotnik_io_msgs/srv/detail/get_registers__type_support.cpp
[13.091s] -- Installing: /home/admin/ros2_ws/install/robotnik_io_msgs/include/robotnik_io_msgs/robotnik_io_msgs/srv/detail/set_digital_output__type_support.cpp
[13.091s] -- Installing: /home/admin/ros2_ws/install/robotnik_io_msgs/include/robotnik_io_msgs/robotnik_io_msgs/srv/detail/set_registers__rosidl_typesupport_introspection_cpp.hpp
[13.091s] -- Installing: /home/admin/ros2_ws/install/robotnik_io_msgs/include/robotnik_io_msgs/robotnik_io_msgs/srv/detail/set_analog_output__rosidl_typesupport_introspection_cpp.hpp
[13.091s] -- Installing: /home/admin/ros2_ws/install/robotnik_io_msgs/include/robotnik_io_msgs/robotnik_io_msgs/srv/detail/get_registers__rosidl_typesupport_introspection_cpp.hpp
[13.091s] -- Installing: /home/admin/ros2_ws/install/robotnik_io_msgs/include/robotnik_io_msgs/robotnik_io_msgs/srv/detail/set_digital_output_array__rosidl_typesupport_introspection_cpp.hpp
[13.091s] -- Installing: /home/admin/ros2_ws/install/robotnik_io_msgs/include/robotnik_io_msgs/robotnik_io_msgs/srv/detail/set_digital_output__rosidl_typesupport_introspection_cpp.hpp
[13.091s] -- Installing: /home/admin/ros2_ws/install/robotnik_io_msgs/include/robotnik_io_msgs/robotnik_io_msgs/srv/detail/set_digital_output_array__type_support.cpp
[13.091s] -- Up-to-date: /home/admin/ros2_ws/install/robotnik_io_msgs/include/robotnik_io_msgs/robotnik_io_msgs/msg
[13.091s] -- Up-to-date: /home/admin/ros2_ws/install/robotnik_io_msgs/include/robotnik_io_msgs/robotnik_io_msgs/msg/detail
[13.091s] -- Installing: /home/admin/ros2_ws/install/robotnik_io_msgs/include/robotnik_io_msgs/robotnik_io_msgs/msg/detail/inputs_outputs__type_support.cpp
[13.091s] -- Installing: /home/admin/ros2_ws/install/robotnik_io_msgs/include/robotnik_io_msgs/robotnik_io_msgs/msg/detail/analog_io__type_support.cpp
[13.091s] -- Installing: /home/admin/ros2_ws/install/robotnik_io_msgs/include/robotnik_io_msgs/robotnik_io_msgs/msg/detail/inputs_outputs__rosidl_typesupport_introspection_cpp.hpp
[13.091s] -- Installing: /home/admin/ros2_ws/install/robotnik_io_msgs/include/robotnik_io_msgs/robotnik_io_msgs/msg/detail/register__type_support.cpp
[13.091s] -- Installing: /home/admin/ros2_ws/install/robotnik_io_msgs/include/robotnik_io_msgs/robotnik_io_msgs/msg/detail/digital_io__rosidl_typesupport_introspection_cpp.hpp
[13.091s] -- Installing: /home/admin/ros2_ws/install/robotnik_io_msgs/include/robotnik_io_msgs/robotnik_io_msgs/msg/detail/register_array__type_support.cpp
[13.091s] -- Installing: /home/admin/ros2_ws/install/robotnik_io_msgs/include/robotnik_io_msgs/robotnik_io_msgs/msg/detail/register_array__rosidl_typesupport_introspection_cpp.hpp
[13.091s] -- Installing: /home/admin/ros2_ws/install/robotnik_io_msgs/include/robotnik_io_msgs/robotnik_io_msgs/msg/detail/analog_io__rosidl_typesupport_introspection_cpp.hpp
[13.091s] -- Installing: /home/admin/ros2_ws/install/robotnik_io_msgs/include/robotnik_io_msgs/robotnik_io_msgs/msg/detail/register__rosidl_typesupport_introspection_cpp.hpp
[13.091s] -- Installing: /home/admin/ros2_ws/install/robotnik_io_msgs/include/robotnik_io_msgs/robotnik_io_msgs/msg/detail/digital_io__type_support.cpp
[13.091s] -- Installing: /home/admin/ros2_ws/install/robotnik_io_msgs/lib/librobotnik_io_msgs__rosidl_typesupport_introspection_cpp.so
[13.091s] -- Set runtime path of "/home/admin/ros2_ws/install/robotnik_io_msgs/lib/librobotnik_io_msgs__rosidl_typesupport_introspection_cpp.so" to ""
[13.091s] -- Installing: /home/admin/ros2_ws/install/robotnik_io_msgs/lib/librobotnik_io_msgs__rosidl_typesupport_cpp.so
[13.091s] -- Set runtime path of "/home/admin/ros2_ws/install/robotnik_io_msgs/lib/librobotnik_io_msgs__rosidl_typesupport_cpp.so" to ""
[13.091s] -- Installing: /home/admin/ros2_ws/install/robotnik_io_msgs/share/robotnik_io_msgs/environment/pythonpath.sh
[13.091s] -- Installing: /home/admin/ros2_ws/install/robotnik_io_msgs/share/robotnik_io_msgs/environment/pythonpath.dsv
[13.092s] -- Installing: /home/admin/ros2_ws/install/robotnik_io_msgs/local/lib/python3.10/dist-packages/robotnik_io_msgs-1.0.0-py3.10.egg-info
[13.092s] -- Installing: /home/admin/ros2_ws/install/robotnik_io_msgs/local/lib/python3.10/dist-packages/robotnik_io_msgs-1.0.0-py3.10.egg-info/PKG-INFO
[13.092s] -- Installing: /home/admin/ros2_ws/install/robotnik_io_msgs/local/lib/python3.10/dist-packages/robotnik_io_msgs-1.0.0-py3.10.egg-info/SOURCES.txt
[13.092s] -- Installing: /home/admin/ros2_ws/install/robotnik_io_msgs/local/lib/python3.10/dist-packages/robotnik_io_msgs-1.0.0-py3.10.egg-info/dependency_links.txt
[13.092s] -- Installing: /home/admin/ros2_ws/install/robotnik_io_msgs/local/lib/python3.10/dist-packages/robotnik_io_msgs-1.0.0-py3.10.egg-info/top_level.txt
[13.092s] -- Installing: /home/admin/ros2_ws/install/robotnik_io_msgs/local/lib/python3.10/dist-packages/robotnik_io_msgs
[13.092s] -- Installing: /home/admin/ros2_ws/install/robotnik_io_msgs/local/lib/python3.10/dist-packages/robotnik_io_msgs/_robotnik_io_msgs_s.ep.rosidl_typesupport_c.c
[13.092s] -- Installing: /home/admin/ros2_ws/install/robotnik_io_msgs/local/lib/python3.10/dist-packages/robotnik_io_msgs/_robotnik_io_msgs_s.ep.rosidl_typesupport_fastrtps_c.c
[13.092s] -- Installing: /home/admin/ros2_ws/install/robotnik_io_msgs/local/lib/python3.10/dist-packages/robotnik_io_msgs/__init__.py
[13.092s] -- Installing: /home/admin/ros2_ws/install/robotnik_io_msgs/local/lib/python3.10/dist-packages/robotnik_io_msgs/robotnik_io_msgs_s__rosidl_typesupport_fastrtps_c.cpython-310-x86_64-linux-gnu.so
[13.092s] -- Installing: /home/admin/ros2_ws/install/robotnik_io_msgs/local/lib/python3.10/dist-packages/robotnik_io_msgs/srv
[13.092s] -- Installing: /home/admin/ros2_ws/install/robotnik_io_msgs/local/lib/python3.10/dist-packages/robotnik_io_msgs/srv/_set_digital_output_s.c
[13.092s] -- Installing: /home/admin/ros2_ws/install/robotnik_io_msgs/local/lib/python3.10/dist-packages/robotnik_io_msgs/srv/_set_analog_output.py
[13.092s] -- Installing: /home/admin/ros2_ws/install/robotnik_io_msgs/local/lib/python3.10/dist-packages/robotnik_io_msgs/srv/_set_analog_output_array_s.c
[13.092s] -- Installing: /home/admin/ros2_ws/install/robotnik_io_msgs/local/lib/python3.10/dist-packages/robotnik_io_msgs/srv/_set_digital_output.py
[13.092s] -- Installing: /home/admin/ros2_ws/install/robotnik_io_msgs/local/lib/python3.10/dist-packages/robotnik_io_msgs/srv/_get_registers_s.c
[13.092s] -- Installing: /home/admin/ros2_ws/install/robotnik_io_msgs/local/lib/python3.10/dist-packages/robotnik_io_msgs/srv/__init__.py
[13.092s] -- Installing: /home/admin/ros2_ws/install/robotnik_io_msgs/local/lib/python3.10/dist-packages/robotnik_io_msgs/srv/_set_analog_output_array.py
[13.092s] -- Installing: /home/admin/ros2_ws/install/robotnik_io_msgs/local/lib/python3.10/dist-packages/robotnik_io_msgs/srv/_set_registers.py
[13.092s] -- Installing: /home/admin/ros2_ws/install/robotnik_io_msgs/local/lib/python3.10/dist-packages/robotnik_io_msgs/srv/_set_digital_output_array_s.c
[13.092s] -- Installing: /home/admin/ros2_ws/install/robotnik_io_msgs/local/lib/python3.10/dist-packages/robotnik_io_msgs/srv/_set_registers_s.c
[13.092s] -- Installing: /home/admin/ros2_ws/install/robotnik_io_msgs/local/lib/python3.10/dist-packages/robotnik_io_msgs/srv/_set_analog_output_s.c
[13.093s] -- Installing: /home/admin/ros2_ws/install/robotnik_io_msgs/local/lib/python3.10/dist-packages/robotnik_io_msgs/srv/_set_digital_output_array.py
[13.093s] -- Installing: /home/admin/ros2_ws/install/robotnik_io_msgs/local/lib/python3.10/dist-packages/robotnik_io_msgs/srv/_get_registers.py
[13.093s] -- Installing: /home/admin/ros2_ws/install/robotnik_io_msgs/local/lib/python3.10/dist-packages/robotnik_io_msgs/robotnik_io_msgs_s__rosidl_typesupport_c.cpython-310-x86_64-linux-gnu.so
[13.093s] -- Installing: /home/admin/ros2_ws/install/robotnik_io_msgs/local/lib/python3.10/dist-packages/robotnik_io_msgs/robotnik_io_msgs_s__rosidl_typesupport_introspection_c.cpython-310-x86_64-linux-gnu.so
[13.093s] -- Installing: /home/admin/ros2_ws/install/robotnik_io_msgs/local/lib/python3.10/dist-packages/robotnik_io_msgs/_robotnik_io_msgs_s.ep.rosidl_typesupport_introspection_c.c
[13.093s] -- Installing: /home/admin/ros2_ws/install/robotnik_io_msgs/local/lib/python3.10/dist-packages/robotnik_io_msgs/msg
[13.093s] -- Installing: /home/admin/ros2_ws/install/robotnik_io_msgs/local/lib/python3.10/dist-packages/robotnik_io_msgs/msg/_analog_io.py
[13.093s] -- Installing: /home/admin/ros2_ws/install/robotnik_io_msgs/local/lib/python3.10/dist-packages/robotnik_io_msgs/msg/_digital_io_s.c
[13.093s] -- Installing: /home/admin/ros2_ws/install/robotnik_io_msgs/local/lib/python3.10/dist-packages/robotnik_io_msgs/msg/_register.py
[13.093s] -- Installing: /home/admin/ros2_ws/install/robotnik_io_msgs/local/lib/python3.10/dist-packages/robotnik_io_msgs/msg/_register_array_s.c
[13.093s] -- Installing: /home/admin/ros2_ws/install/robotnik_io_msgs/local/lib/python3.10/dist-packages/robotnik_io_msgs/msg/_register_array.py
[13.093s] -- Installing: /home/admin/ros2_ws/install/robotnik_io_msgs/local/lib/python3.10/dist-packages/robotnik_io_msgs/msg/__init__.py
[13.093s] -- Installing: /home/admin/ros2_ws/install/robotnik_io_msgs/local/lib/python3.10/dist-packages/robotnik_io_msgs/msg/_analog_io_s.c
[13.093s] -- Installing: /home/admin/ros2_ws/install/robotnik_io_msgs/local/lib/python3.10/dist-packages/robotnik_io_msgs/msg/_inputs_outputs_s.c
[13.093s] -- Installing: /home/admin/ros2_ws/install/robotnik_io_msgs/local/lib/python3.10/dist-packages/robotnik_io_msgs/msg/_digital_io.py
[13.093s] -- Installing: /home/admin/ros2_ws/install/robotnik_io_msgs/local/lib/python3.10/dist-packages/robotnik_io_msgs/msg/_register_s.c
[13.093s] -- Installing: /home/admin/ros2_ws/install/robotnik_io_msgs/local/lib/python3.10/dist-packages/robotnik_io_msgs/msg/_inputs_outputs.py
[13.093s] -- Installing: /home/admin/ros2_ws/install/robotnik_io_msgs/local/lib/python3.10/dist-packages/robotnik_io_msgs/librobotnik_io_msgs__rosidl_generator_py.so
[13.142s] Listing '/home/admin/ros2_ws/install/robotnik_io_msgs/local/lib/python3.10/dist-packages/robotnik_io_msgs'...
[13.143s] Compiling '/home/admin/ros2_ws/install/robotnik_io_msgs/local/lib/python3.10/dist-packages/robotnik_io_msgs/__init__.py'...
[13.143s] Listing '/home/admin/ros2_ws/install/robotnik_io_msgs/local/lib/python3.10/dist-packages/robotnik_io_msgs/msg'...
[13.143s] Compiling '/home/admin/ros2_ws/install/robotnik_io_msgs/local/lib/python3.10/dist-packages/robotnik_io_msgs/msg/__init__.py'...
[13.144s] Compiling '/home/admin/ros2_ws/install/robotnik_io_msgs/local/lib/python3.10/dist-packages/robotnik_io_msgs/msg/_analog_io.py'...
[13.144s] Compiling '/home/admin/ros2_ws/install/robotnik_io_msgs/local/lib/python3.10/dist-packages/robotnik_io_msgs/msg/_digital_io.py'...
[13.144s] Compiling '/home/admin/ros2_ws/install/robotnik_io_msgs/local/lib/python3.10/dist-packages/robotnik_io_msgs/msg/_inputs_outputs.py'...
[13.144s] Compiling '/home/admin/ros2_ws/install/robotnik_io_msgs/local/lib/python3.10/dist-packages/robotnik_io_msgs/msg/_register.py'...
[13.144s] Compiling '/home/admin/ros2_ws/install/robotnik_io_msgs/local/lib/python3.10/dist-packages/robotnik_io_msgs/msg/_register_array.py'...
[13.145s] Listing '/home/admin/ros2_ws/install/robotnik_io_msgs/local/lib/python3.10/dist-packages/robotnik_io_msgs/srv'...
[13.145s] Compiling '/home/admin/ros2_ws/install/robotnik_io_msgs/local/lib/python3.10/dist-packages/robotnik_io_msgs/srv/__init__.py'...
[13.145s] Compiling '/home/admin/ros2_ws/install/robotnik_io_msgs/local/lib/python3.10/dist-packages/robotnik_io_msgs/srv/_get_registers.py'...
[13.145s] Compiling '/home/admin/ros2_ws/install/robotnik_io_msgs/local/lib/python3.10/dist-packages/robotnik_io_msgs/srv/_set_analog_output.py'...
[13.146s] Compiling '/home/admin/ros2_ws/install/robotnik_io_msgs/local/lib/python3.10/dist-packages/robotnik_io_msgs/srv/_set_analog_output_array.py'...
[13.146s] Compiling '/home/admin/ros2_ws/install/robotnik_io_msgs/local/lib/python3.10/dist-packages/robotnik_io_msgs/srv/_set_digital_output.py'...
[13.146s] Compiling '/home/admin/ros2_ws/install/robotnik_io_msgs/local/lib/python3.10/dist-packages/robotnik_io_msgs/srv/_set_digital_output_array.py'...
[13.146s] Compiling '/home/admin/ros2_ws/install/robotnik_io_msgs/local/lib/python3.10/dist-packages/robotnik_io_msgs/srv/_set_registers.py'...
[13.148s] -- Installing: /home/admin/ros2_ws/install/robotnik_io_msgs/local/lib/python3.10/dist-packages/robotnik_io_msgs/robotnik_io_msgs_s__rosidl_typesupport_fastrtps_c.cpython-310-x86_64-linux-gnu.so
[13.149s] -- Set runtime path of "/home/admin/ros2_ws/install/robotnik_io_msgs/local/lib/python3.10/dist-packages/robotnik_io_msgs/robotnik_io_msgs_s__rosidl_typesupport_fastrtps_c.cpython-310-x86_64-linux-gnu.so" to ""
[13.150s] -- Installing: /home/admin/ros2_ws/install/robotnik_io_msgs/local/lib/python3.10/dist-packages/robotnik_io_msgs/robotnik_io_msgs_s__rosidl_typesupport_introspection_c.cpython-310-x86_64-linux-gnu.so
[13.151s] -- Set runtime path of "/home/admin/ros2_ws/install/robotnik_io_msgs/local/lib/python3.10/dist-packages/robotnik_io_msgs/robotnik_io_msgs_s__rosidl_typesupport_introspection_c.cpython-310-x86_64-linux-gnu.so" to ""
[13.151s] -- Installing: /home/admin/ros2_ws/install/robotnik_io_msgs/local/lib/python3.10/dist-packages/robotnik_io_msgs/robotnik_io_msgs_s__rosidl_typesupport_c.cpython-310-x86_64-linux-gnu.so
[13.153s] -- Set runtime path of "/home/admin/ros2_ws/install/robotnik_io_msgs/local/lib/python3.10/dist-packages/robotnik_io_msgs/robotnik_io_msgs_s__rosidl_typesupport_c.cpython-310-x86_64-linux-gnu.so" to ""
[13.153s] -- Installing: /home/admin/ros2_ws/install/robotnik_io_msgs/lib/librobotnik_io_msgs__rosidl_generator_py.so
[13.154s] -- Set runtime path of "/home/admin/ros2_ws/install/robotnik_io_msgs/lib/librobotnik_io_msgs__rosidl_generator_py.so" to ""
[13.155s] -- Installing: /home/admin/ros2_ws/install/robotnik_io_msgs/share/robotnik_io_msgs/msg/AnalogIO.idl
[13.155s] -- Installing: /home/admin/ros2_ws/install/robotnik_io_msgs/share/robotnik_io_msgs/msg/DigitalIO.idl
[13.156s] -- Installing: /home/admin/ros2_ws/install/robotnik_io_msgs/share/robotnik_io_msgs/msg/InputsOutputs.idl
[13.156s] -- Installing: /home/admin/ros2_ws/install/robotnik_io_msgs/share/robotnik_io_msgs/msg/RegisterArray.idl
[13.157s] -- Installing: /home/admin/ros2_ws/install/robotnik_io_msgs/share/robotnik_io_msgs/msg/Register.idl
[13.157s] -- Installing: /home/admin/ros2_ws/install/robotnik_io_msgs/share/robotnik_io_msgs/srv/GetRegisters.idl
[13.158s] -- Installing: /home/admin/ros2_ws/install/robotnik_io_msgs/share/robotnik_io_msgs/srv/SetAnalogOutput.idl
[13.158s] -- Installing: /home/admin/ros2_ws/install/robotnik_io_msgs/share/robotnik_io_msgs/srv/SetAnalogOutputArray.idl
[13.158s] -- Installing: /home/admin/ros2_ws/install/robotnik_io_msgs/share/robotnik_io_msgs/srv/SetDigitalOutput.idl
[13.159s] -- Installing: /home/admin/ros2_ws/install/robotnik_io_msgs/share/robotnik_io_msgs/srv/SetDigitalOutputArray.idl
[13.159s] -- Installing: /home/admin/ros2_ws/install/robotnik_io_msgs/share/robotnik_io_msgs/srv/SetRegisters.idl
[13.160s] -- Installing: /home/admin/ros2_ws/install/robotnik_io_msgs/share/robotnik_io_msgs/msg/AnalogIO.msg
[13.160s] -- Installing: /home/admin/ros2_ws/install/robotnik_io_msgs/share/robotnik_io_msgs/msg/DigitalIO.msg
[13.160s] -- Installing: /home/admin/ros2_ws/install/robotnik_io_msgs/share/robotnik_io_msgs/msg/InputsOutputs.msg
[13.161s] -- Installing: /home/admin/ros2_ws/install/robotnik_io_msgs/share/robotnik_io_msgs/msg/RegisterArray.msg
[13.161s] -- Installing: /home/admin/ros2_ws/install/robotnik_io_msgs/share/robotnik_io_msgs/msg/Register.msg
[13.161s] -- Installing: /home/admin/ros2_ws/install/robotnik_io_msgs/share/robotnik_io_msgs/srv/GetRegisters.srv
[13.162s] -- Installing: /home/admin/ros2_ws/install/robotnik_io_msgs/share/robotnik_io_msgs/srv/GetRegisters_Request.msg
[13.162s] -- Installing: /home/admin/ros2_ws/install/robotnik_io_msgs/share/robotnik_io_msgs/srv/GetRegisters_Response.msg
[13.163s] -- Installing: /home/admin/ros2_ws/install/robotnik_io_msgs/share/robotnik_io_msgs/srv/SetAnalogOutput.srv
[13.163s] -- Installing: /home/admin/ros2_ws/install/robotnik_io_msgs/share/robotnik_io_msgs/srv/SetAnalogOutput_Request.msg
[13.164s] -- Installing: /home/admin/ros2_ws/install/robotnik_io_msgs/share/robotnik_io_msgs/srv/SetAnalogOutput_Response.msg
[13.164s] -- Installing: /home/admin/ros2_ws/install/robotnik_io_msgs/share/robotnik_io_msgs/srv/SetAnalogOutputArray.srv
[13.164s] -- Installing: /home/admin/ros2_ws/install/robotnik_io_msgs/share/robotnik_io_msgs/srv/SetAnalogOutputArray_Request.msg
[13.165s] -- Installing: /home/admin/ros2_ws/install/robotnik_io_msgs/share/robotnik_io_msgs/srv/SetAnalogOutputArray_Response.msg
[13.165s] -- Installing: /home/admin/ros2_ws/install/robotnik_io_msgs/share/robotnik_io_msgs/srv/SetDigitalOutput.srv
[13.166s] -- Installing: /home/admin/ros2_ws/install/robotnik_io_msgs/share/robotnik_io_msgs/srv/SetDigitalOutput_Request.msg
[13.166s] -- Installing: /home/admin/ros2_ws/install/robotnik_io_msgs/share/robotnik_io_msgs/srv/SetDigitalOutput_Response.msg
[13.167s] -- Installing: /home/admin/ros2_ws/install/robotnik_io_msgs/share/robotnik_io_msgs/srv/SetDigitalOutputArray.srv
[13.167s] -- Installing: /home/admin/ros2_ws/install/robotnik_io_msgs/share/robotnik_io_msgs/srv/SetDigitalOutputArray_Request.msg
[13.167s] -- Installing: /home/admin/ros2_ws/install/robotnik_io_msgs/share/robotnik_io_msgs/srv/SetDigitalOutputArray_Response.msg
[13.168s] -- Installing: /home/admin/ros2_ws/install/robotnik_io_msgs/share/robotnik_io_msgs/srv/SetRegisters.srv
[13.168s] -- Installing: /home/admin/ros2_ws/install/robotnik_io_msgs/share/robotnik_io_msgs/srv/SetRegisters_Request.msg
[13.168s] -- Installing: /home/admin/ros2_ws/install/robotnik_io_msgs/share/robotnik_io_msgs/srv/SetRegisters_Response.msg
[13.169s] -- Installing: /home/admin/ros2_ws/install/robotnik_io_msgs/share/ament_index/resource_index/package_run_dependencies/robotnik_io_msgs
[13.170s] -- Installing: /home/admin/ros2_ws/install/robotnik_io_msgs/share/ament_index/resource_index/parent_prefix_path/robotnik_io_msgs
[13.170s] -- Installing: /home/admin/ros2_ws/install/robotnik_io_msgs/share/robotnik_io_msgs/environment/ament_prefix_path.sh
[13.170s] -- Installing: /home/admin/ros2_ws/install/robotnik_io_msgs/share/robotnik_io_msgs/environment/ament_prefix_path.dsv
[13.171s] -- Installing: /home/admin/ros2_ws/install/robotnik_io_msgs/share/robotnik_io_msgs/environment/path.sh
[13.171s] -- Installing: /home/admin/ros2_ws/install/robotnik_io_msgs/share/robotnik_io_msgs/environment/path.dsv
[13.171s] -- Installing: /home/admin/ros2_ws/install/robotnik_io_msgs/share/robotnik_io_msgs/local_setup.bash
[13.172s] -- Installing: /home/admin/ros2_ws/install/robotnik_io_msgs/share/robotnik_io_msgs/local_setup.sh
[13.172s] -- Installing: /home/admin/ros2_ws/install/robotnik_io_msgs/share/robotnik_io_msgs/local_setup.zsh
[13.172s] -- Installing: /home/admin/ros2_ws/install/robotnik_io_msgs/share/robotnik_io_msgs/local_setup.dsv
[13.173s] -- Installing: /home/admin/ros2_ws/install/robotnik_io_msgs/share/robotnik_io_msgs/package.dsv
[13.173s] -- Installing: /home/admin/ros2_ws/install/robotnik_io_msgs/share/ament_index/resource_index/packages/robotnik_io_msgs
[13.174s] -- Installing: /home/admin/ros2_ws/install/robotnik_io_msgs/share/robotnik_io_msgs/cmake/export_robotnik_io_msgs__rosidl_generator_cExport.cmake
[13.174s] -- Installing: /home/admin/ros2_ws/install/robotnik_io_msgs/share/robotnik_io_msgs/cmake/export_robotnik_io_msgs__rosidl_generator_cExport-noconfig.cmake
[13.174s] -- Installing: /home/admin/ros2_ws/install/robotnik_io_msgs/share/robotnik_io_msgs/cmake/export_robotnik_io_msgs__rosidl_typesupport_fastrtps_cExport.cmake
[13.174s] -- Installing: /home/admin/ros2_ws/install/robotnik_io_msgs/share/robotnik_io_msgs/cmake/export_robotnik_io_msgs__rosidl_typesupport_fastrtps_cExport-noconfig.cmake
[13.174s] -- Installing: /home/admin/ros2_ws/install/robotnik_io_msgs/share/robotnik_io_msgs/cmake/export_robotnik_io_msgs__rosidl_generator_cppExport.cmake
[13.174s] -- Installing: /home/admin/ros2_ws/install/robotnik_io_msgs/share/robotnik_io_msgs/cmake/export_robotnik_io_msgs__rosidl_typesupport_fastrtps_cppExport.cmake
[13.174s] -- Installing: /home/admin/ros2_ws/install/robotnik_io_msgs/share/robotnik_io_msgs/cmake/export_robotnik_io_msgs__rosidl_typesupport_fastrtps_cppExport-noconfig.cmake
[13.175s] -- Installing: /home/admin/ros2_ws/install/robotnik_io_msgs/share/robotnik_io_msgs/cmake/robotnik_io_msgs__rosidl_typesupport_introspection_cExport.cmake
[13.175s] -- Installing: /home/admin/ros2_ws/install/robotnik_io_msgs/share/robotnik_io_msgs/cmake/robotnik_io_msgs__rosidl_typesupport_introspection_cExport-noconfig.cmake
[13.175s] -- Installing: /home/admin/ros2_ws/install/robotnik_io_msgs/share/robotnik_io_msgs/cmake/robotnik_io_msgs__rosidl_typesupport_cExport.cmake
[13.175s] -- Installing: /home/admin/ros2_ws/install/robotnik_io_msgs/share/robotnik_io_msgs/cmake/robotnik_io_msgs__rosidl_typesupport_cExport-noconfig.cmake
[13.176s] -- Installing: /home/admin/ros2_ws/install/robotnik_io_msgs/share/robotnik_io_msgs/cmake/robotnik_io_msgs__rosidl_typesupport_introspection_cppExport.cmake
[13.176s] -- Installing: /home/admin/ros2_ws/install/robotnik_io_msgs/share/robotnik_io_msgs/cmake/robotnik_io_msgs__rosidl_typesupport_introspection_cppExport-noconfig.cmake
[13.176s] -- Installing: /home/admin/ros2_ws/install/robotnik_io_msgs/share/robotnik_io_msgs/cmake/robotnik_io_msgs__rosidl_typesupport_cppExport.cmake
[13.176s] -- Installing: /home/admin/ros2_ws/install/robotnik_io_msgs/share/robotnik_io_msgs/cmake/robotnik_io_msgs__rosidl_typesupport_cppExport-noconfig.cmake
[13.176s] -- Installing: /home/admin/ros2_ws/install/robotnik_io_msgs/share/robotnik_io_msgs/cmake/export_robotnik_io_msgs__rosidl_generator_pyExport.cmake
[13.177s] -- Installing: /home/admin/ros2_ws/install/robotnik_io_msgs/share/robotnik_io_msgs/cmake/export_robotnik_io_msgs__rosidl_generator_pyExport-noconfig.cmake
[13.177s] -- Installing: /home/admin/ros2_ws/install/robotnik_io_msgs/share/robotnik_io_msgs/cmake/rosidl_cmake-extras.cmake
[13.177s] -- Installing: /home/admin/ros2_ws/install/robotnik_io_msgs/share/robotnik_io_msgs/cmake/ament_cmake_export_dependencies-extras.cmake
[13.177s] -- Installing: /home/admin/ros2_ws/install/robotnik_io_msgs/share/robotnik_io_msgs/cmake/ament_cmake_export_include_directories-extras.cmake
[13.177s] -- Installing: /home/admin/ros2_ws/install/robotnik_io_msgs/share/robotnik_io_msgs/cmake/ament_cmake_export_libraries-extras.cmake
[13.177s] -- Installing: /home/admin/ros2_ws/install/robotnik_io_msgs/share/robotnik_io_msgs/cmake/ament_cmake_export_targets-extras.cmake
[13.178s] -- Installing: /home/admin/ros2_ws/install/robotnik_io_msgs/share/robotnik_io_msgs/cmake/rosidl_cmake_export_typesupport_targets-extras.cmake
[13.178s] -- Installing: /home/admin/ros2_ws/install/robotnik_io_msgs/share/robotnik_io_msgs/cmake/rosidl_cmake_export_typesupport_libraries-extras.cmake
[13.178s] -- Installing: /home/admin/ros2_ws/install/robotnik_io_msgs/share/robotnik_io_msgs/cmake/robotnik_io_msgsConfig.cmake
[13.179s] -- Installing: /home/admin/ros2_ws/install/robotnik_io_msgs/share/robotnik_io_msgs/cmake/robotnik_io_msgsConfig-version.cmake
[13.179s] -- Installing: /home/admin/ros2_ws/install/robotnik_io_msgs/share/robotnik_io_msgs/package.xml
[13.180s] Invoked command in '/home/admin/ros2_ws/build/robotnik_io_msgs' returned '0': CMAKE_PREFIX_PATH=/home/admin/ros2_ws/install/robotnik_common_msgs:/home/admin/ros2_ws/install/robotnik_supervisor_msgs:/home/admin/ros2_ws/install/robotnik_gazebo_ignition:/home/admin/ros2_ws/install/robotnik_gazebo_classic:/home/admin/ros2_ws/install/robotnik_description:/home/admin/ros2_ws/install/robotnik_sensors:/home/admin/ros2_ws/install/robotnik_interfaces:/home/admin/ros2_ws/install/robotnik_safety_msgs:/home/admin/ros2_ws/install/robotnik_perception_msgs:/home/admin/ros2_ws/install/robotnik_navigation_msgs:/home/admin/ros2_ws/install/robotnik_io_msgs:/home/admin/ros2_ws/install/robotnik_controllers_msgs:/home/admin/ros2_ws/install/robotnik_common:/home/admin/ros2_ws/install/robotnik_battery_msgs:/home/admin/ros2_ws/install/custom_gz:/opt/ros/humble LD_LIBRARY_PATH=/home/admin/ros2_ws/install/robotnik_common_msgs/lib:/home/admin/ros2_ws/install/robotnik_supervisor_msgs/lib:/home/admin/ros2_ws/install/robotnik_perception_msgs/lib:/home/admin/ros2_ws/install/robotnik_navigation_msgs/lib:/home/admin/ros2_ws/install/robotnik_io_msgs/lib:/home/admin/ros2_ws/install/robotnik_controllers_msgs/lib:/home/admin/ros2_ws/install/robotnik_battery_msgs/lib:/usr/lib/x86_64-linux-gnu/gazebo-11/plugins:/opt/ros/humble/opt/rviz_ogre_vendor/lib:/opt/ros/humble/lib/x86_64-linux-gnu:/opt/ros/humble/lib /usr/bin/cmake --install /home/admin/ros2_ws/build/robotnik_io_msgs
