running egg_info
creating ../../build/rbvogui_cartographer/rbvogui_cartographer.egg-info
writing ../../build/rbvogui_cartographer/rbvogui_cartographer.egg-info/PKG-INFO
writing dependency_links to ../../build/rbvogui_cartographer/rbvogui_cartographer.egg-info/dependency_links.txt
writing requirements to ../../build/rbvogui_cartographer/rbvogui_cartographer.egg-info/requires.txt
writing top-level names to ../../build/rbvogui_cartographer/rbvogui_cartographer.egg-info/top_level.txt
writing manifest file '../../build/rbvogui_cartographer/rbvogui_cartographer.egg-info/SOURCES.txt'
reading manifest file '../../build/rbvogui_cartographer/rbvogui_cartographer.egg-info/SOURCES.txt'
writing manifest file '../../build/rbvogui_cartographer/rbvogui_cartographer.egg-info/SOURCES.txt'
running build
running build_py
creating /home/admin/ros2_ws/build/rbvogui_cartographer/build
creating /home/admin/ros2_ws/build/rbvogui_cartographer/build/lib
creating /home/admin/ros2_ws/build/rbvogui_cartographer/build/lib/rbvogui_cartographer
copying rbvogui_cartographer/__init__.py -> /home/admin/ros2_ws/build/rbvogui_cartographer/build/lib/rbvogui_cartographer
running install
running install_lib
creating /home/admin/ros2_ws/install/rbvogui_cartographer/lib/python3.10/site-packages/rbvogui_cartographer
copying /home/admin/ros2_ws/build/rbvogui_cartographer/build/lib/rbvogui_cartographer/__init__.py -> /home/admin/ros2_ws/install/rbvogui_cartographer/lib/python3.10/site-packages/rbvogui_cartographer
byte-compiling /home/admin/ros2_ws/install/rbvogui_cartographer/lib/python3.10/site-packages/rbvogui_cartographer/__init__.py to __init__.cpython-310.pyc
running install_data
creating /home/admin/ros2_ws/install/rbvogui_cartographer/share/rbvogui_cartographer/launch
copying launch/nav2_slam.launch.py -> /home/admin/ros2_ws/install/rbvogui_cartographer/share/rbvogui_cartographer/launch
copying launch/rbvogui_foxglove.launch.py -> /home/admin/ros2_ws/install/rbvogui_cartographer/share/rbvogui_cartographer/launch
copying launch/full_sim_foxglove.launch.py -> /home/admin/ros2_ws/install/rbvogui_cartographer/share/rbvogui_cartographer/launch
copying launch/full_sim_rtabmap.launch.py -> /home/admin/ros2_ws/install/rbvogui_cartographer/share/rbvogui_cartographer/launch
copying launch/spawn_robot_no_rviz.launch.py -> /home/admin/ros2_ws/install/rbvogui_cartographer/share/rbvogui_cartographer/launch
copying launch/spawn_world_headless.launch.py -> /home/admin/ros2_ws/install/rbvogui_cartographer/share/rbvogui_cartographer/launch
creating /home/admin/ros2_ws/install/rbvogui_cartographer/share/rbvogui_cartographer/config
copying config/slam_toolbox_params.yaml -> /home/admin/ros2_ws/install/rbvogui_cartographer/share/rbvogui_cartographer/config
copying config/rtabmap_laser_params.yaml -> /home/admin/ros2_ws/install/rbvogui_cartographer/share/rbvogui_cartographer/config
copying config/nav2_params.yaml -> /home/admin/ros2_ws/install/rbvogui_cartographer/share/rbvogui_cartographer/config
copying config/foxglove_bridge_params.yaml -> /home/admin/ros2_ws/install/rbvogui_cartographer/share/rbvogui_cartographer/config
running install_egg_info
Copying ../../build/rbvogui_cartographer/rbvogui_cartographer.egg-info to /home/admin/ros2_ws/install/rbvogui_cartographer/lib/python3.10/site-packages/rbvogui_cartographer-0.0.0-py3.10.egg-info
running install_scripts
writing list of installed files to '/home/admin/ros2_ws/build/rbvogui_cartographer/install.log'
