[0.764s] Invoking command in '/home/admin/ros2_ws/src/rbvogui_cartographer': PYTHONPATH=/home/admin/ros2_ws/build/rbvogui_cartographer/prefix_override:/usr/lib/python3/dist-packages/colcon_core/task/python/colcon_distutils_commands:/home/admin/ros2_ws/install/rbvogui_cartographer/lib/python3.10/site-packages:${PYTHONPATH} /usr/bin/python3 -W ignore:setup.py install is deprecated -W ignore:easy_install command is deprecated setup.py egg_info --egg-base ../../build/rbvogui_cartographer build --build-base /home/admin/ros2_ws/build/rbvogui_cartographer/build install --record /home/admin/ros2_ws/build/rbvogui_cartographer/install.log --single-version-externally-managed install_data
[0.926s] running egg_info
[0.926s] creating ../../build/rbvogui_cartographer/rbvogui_cartographer.egg-info
[0.926s] writing ../../build/rbvogui_cartographer/rbvogui_cartographer.egg-info/PKG-INFO
[0.927s] writing dependency_links to ../../build/rbvogui_cartographer/rbvogui_cartographer.egg-info/dependency_links.txt
[0.927s] writing requirements to ../../build/rbvogui_cartographer/rbvogui_cartographer.egg-info/requires.txt
[0.927s] writing top-level names to ../../build/rbvogui_cartographer/rbvogui_cartographer.egg-info/top_level.txt
[0.927s] writing manifest file '../../build/rbvogui_cartographer/rbvogui_cartographer.egg-info/SOURCES.txt'
[0.928s] reading manifest file '../../build/rbvogui_cartographer/rbvogui_cartographer.egg-info/SOURCES.txt'
[0.928s] writing manifest file '../../build/rbvogui_cartographer/rbvogui_cartographer.egg-info/SOURCES.txt'
[0.928s] running build
[0.928s] running build_py
[0.928s] creating /home/admin/ros2_ws/build/rbvogui_cartographer/build
[0.929s] creating /home/admin/ros2_ws/build/rbvogui_cartographer/build/lib
[0.929s] creating /home/admin/ros2_ws/build/rbvogui_cartographer/build/lib/rbvogui_cartographer
[0.929s] copying rbvogui_cartographer/__init__.py -> /home/admin/ros2_ws/build/rbvogui_cartographer/build/lib/rbvogui_cartographer
[0.929s] running install
[0.929s] running install_lib
[0.929s] creating /home/admin/ros2_ws/install/rbvogui_cartographer/lib/python3.10/site-packages/rbvogui_cartographer
[0.929s] copying /home/admin/ros2_ws/build/rbvogui_cartographer/build/lib/rbvogui_cartographer/__init__.py -> /home/admin/ros2_ws/install/rbvogui_cartographer/lib/python3.10/site-packages/rbvogui_cartographer
[0.930s] byte-compiling /home/admin/ros2_ws/install/rbvogui_cartographer/lib/python3.10/site-packages/rbvogui_cartographer/__init__.py to __init__.cpython-310.pyc
[0.930s] running install_data
[0.930s] creating /home/admin/ros2_ws/install/rbvogui_cartographer/share/rbvogui_cartographer/launch
[0.930s] copying launch/nav2_slam.launch.py -> /home/admin/ros2_ws/install/rbvogui_cartographer/share/rbvogui_cartographer/launch
[0.930s] copying launch/rbvogui_foxglove.launch.py -> /home/admin/ros2_ws/install/rbvogui_cartographer/share/rbvogui_cartographer/launch
[0.930s] copying launch/full_sim_foxglove.launch.py -> /home/admin/ros2_ws/install/rbvogui_cartographer/share/rbvogui_cartographer/launch
[0.930s] copying launch/full_sim_rtabmap.launch.py -> /home/admin/ros2_ws/install/rbvogui_cartographer/share/rbvogui_cartographer/launch
[0.930s] copying launch/spawn_robot_no_rviz.launch.py -> /home/admin/ros2_ws/install/rbvogui_cartographer/share/rbvogui_cartographer/launch
[0.930s] copying launch/spawn_world_headless.launch.py -> /home/admin/ros2_ws/install/rbvogui_cartographer/share/rbvogui_cartographer/launch
[0.930s] creating /home/admin/ros2_ws/install/rbvogui_cartographer/share/rbvogui_cartographer/config
[0.931s] copying config/slam_toolbox_params.yaml -> /home/admin/ros2_ws/install/rbvogui_cartographer/share/rbvogui_cartographer/config
[0.931s] copying config/rtabmap_laser_params.yaml -> /home/admin/ros2_ws/install/rbvogui_cartographer/share/rbvogui_cartographer/config
[0.931s] copying config/nav2_params.yaml -> /home/admin/ros2_ws/install/rbvogui_cartographer/share/rbvogui_cartographer/config
[0.931s] copying config/foxglove_bridge_params.yaml -> /home/admin/ros2_ws/install/rbvogui_cartographer/share/rbvogui_cartographer/config
[0.931s] running install_egg_info
[0.932s] Copying ../../build/rbvogui_cartographer/rbvogui_cartographer.egg-info to /home/admin/ros2_ws/install/rbvogui_cartographer/lib/python3.10/site-packages/rbvogui_cartographer-0.0.0-py3.10.egg-info
[0.932s] running install_scripts
[0.946s] writing list of installed files to '/home/admin/ros2_ws/build/rbvogui_cartographer/install.log'
[0.964s] Invoked command in '/home/admin/ros2_ws/src/rbvogui_cartographer' returned '0': PYTHONPATH=/home/admin/ros2_ws/build/rbvogui_cartographer/prefix_override:/usr/lib/python3/dist-packages/colcon_core/task/python/colcon_distutils_commands:/home/admin/ros2_ws/install/rbvogui_cartographer/lib/python3.10/site-packages:${PYTHONPATH} /usr/bin/python3 -W ignore:setup.py install is deprecated -W ignore:easy_install command is deprecated setup.py egg_info --egg-base ../../build/rbvogui_cartographer build --build-base /home/admin/ros2_ws/build/rbvogui_cartographer/build install --record /home/admin/ros2_ws/build/rbvogui_cartographer/install.log --single-version-externally-managed install_data
