[0.008s] Invoking command in '/home/admin/ros2_ws/build/robotnik_supervisor_msgs': CMAKE_PREFIX_PATH=/home/admin/ros2_ws/install/robotnik_common_msgs:/home/admin/ros2_ws/install/robotnik_supervisor_msgs:/home/admin/ros2_ws/install/robotnik_gazebo_ignition:/home/admin/ros2_ws/install/robotnik_gazebo_classic:/home/admin/ros2_ws/install/robotnik_description:/home/admin/ros2_ws/install/robotnik_sensors:/home/admin/ros2_ws/install/robotnik_interfaces:/home/admin/ros2_ws/install/robotnik_perception_msgs:/home/admin/ros2_ws/install/robotnik_navigation_msgs:/home/admin/ros2_ws/install/robotnik_io_msgs:/home/admin/ros2_ws/install/robotnik_controllers_msgs:/home/admin/ros2_ws/install/robotnik_common:/home/admin/ros2_ws/install/robotnik_battery_msgs:/home/admin/ros2_ws/install/robotnik_safety_msgs:/home/admin/ros2_ws/install/rbvogui_cartographer:/opt/ros/humble LD_LIBRARY_PATH=/home/admin/ros2_ws/install/robotnik_common_msgs/lib:/home/admin/ros2_ws/install/robotnik_supervisor_msgs/lib:/home/admin/ros2_ws/install/robotnik_perception_msgs/lib:/home/admin/ros2_ws/install/robotnik_navigation_msgs/lib:/home/admin/ros2_ws/install/robotnik_io_msgs/lib:/home/admin/ros2_ws/install/robotnik_controllers_msgs/lib:/home/admin/ros2_ws/install/robotnik_battery_msgs/lib:/usr/lib/x86_64-linux-gnu/gazebo-11/plugins:/opt/ros/humble/opt/rviz_ogre_vendor/lib:/opt/ros/humble/lib/x86_64-linux-gnu:/opt/ros/humble/lib /usr/bin/cmake /home/admin/ros2_ws/src/robotnik_interfaces/robotnik_supervisor_msgs -DCMAKE_INSTALL_PREFIX=/home/admin/ros2_ws/install/robotnik_supervisor_msgs
[0.045s] -- The C compiler identification is GNU 11.4.0
[0.080s] -- The CXX compiler identification is GNU 11.4.0
[0.084s] -- Detecting C compiler ABI info
[0.129s] -- Detecting C compiler ABI info - done
[0.134s] -- Check for working C compiler: /usr/bin/cc - skipped
[0.134s] -- Detecting C compile features
[0.134s] -- Detecting C compile features - done
[0.136s] -- Detecting CXX compiler ABI info
[0.191s] -- Detecting CXX compiler ABI info - done
[0.195s] -- Check for working CXX compiler: /usr/bin/c++ - skipped
[0.195s] -- Detecting CXX compile features
[0.196s] -- Detecting CXX compile features - done
[0.197s] -- Found ament_cmake: 1.3.11 (/opt/ros/humble/share/ament_cmake/cmake)
[0.314s] -- Found Python3: /usr/bin/python3 (found version "3.10.12") found components: Interpreter 
[0.384s] -- Found builtin_interfaces: 1.2.1 (/opt/ros/humble/share/builtin_interfaces/cmake)
[0.405s] -- Found rosidl_generator_c: 3.1.6 (/opt/ros/humble/share/rosidl_generator_c/cmake)
[0.408s] -- Found rosidl_adapter: 3.1.6 (/opt/ros/humble/share/rosidl_adapter/cmake)
[0.413s] -- Found rosidl_generator_cpp: 3.1.6 (/opt/ros/humble/share/rosidl_generator_cpp/cmake)
[0.420s] -- Using all available rosidl_typesupport_c: rosidl_typesupport_fastrtps_c;rosidl_typesupport_introspection_c
[0.430s] -- Using all available rosidl_typesupport_cpp: rosidl_typesupport_fastrtps_cpp;rosidl_typesupport_introspection_cpp
[0.439s] -- Found rosidl_default_generators: 1.2.0 (/opt/ros/humble/share/rosidl_default_generators/cmake)
[0.444s] -- Found robotnik_common_msgs: 1.0.0 (/home/admin/ros2_ws/install/robotnik_common_msgs/share/robotnik_common_msgs/cmake)
[0.654s] -- Found ament_cmake_cppcheck: 0.12.12 (/opt/ros/humble/share/ament_cmake_cppcheck/cmake)
[0.656s] -- Found ament_cmake_cpplint: 0.12.12 (/opt/ros/humble/share/ament_cmake_cpplint/cmake)
[0.657s] -- Found ament_cmake_uncrustify: 0.12.12 (/opt/ros/humble/share/ament_cmake_uncrustify/cmake)
[0.659s] -- Found ament_cmake_ros: 0.10.0 (/opt/ros/humble/share/ament_cmake_ros/cmake)
[0.889s] -- Using all available rosidl_typesupport_c: rosidl_typesupport_fastrtps_c;rosidl_typesupport_introspection_c
[0.981s] -- Using all available rosidl_typesupport_cpp: rosidl_typesupport_fastrtps_cpp;rosidl_typesupport_introspection_cpp
[0.997s] -- Found PythonInterp: /usr/bin/python3 (found suitable version "3.10.12", minimum required is "3.6") 
[0.998s] -- Found python_cmake_module: 0.10.0 (/opt/ros/humble/share/python_cmake_module/cmake)
[1.023s] -- Found PythonLibs: /usr/lib/x86_64-linux-gnu/libpython3.10.so (found suitable version "3.10.12", minimum required is "3.5") 
[1.023s] -- Using PYTHON_EXECUTABLE: /usr/bin/python3
[1.023s] -- Using PYTHON_INCLUDE_DIRS: /usr/include/python3.10
[1.023s] -- Using PYTHON_LIBRARIES: /usr/lib/x86_64-linux-gnu/libpython3.10.so
[1.039s] -- Found PythonExtra: .so  
[1.074s] -- Found ament_cmake_flake8: 0.12.12 (/opt/ros/humble/share/ament_cmake_flake8/cmake)
[1.075s] -- Found ament_cmake_pep257: 0.12.12 (/opt/ros/humble/share/ament_cmake_pep257/cmake)
[1.077s] -- Found ament_lint_auto: 0.12.12 (/opt/ros/humble/share/ament_lint_auto/cmake)
[1.086s] -- Added test 'copyright' to check source files copyright and LICENSE
[1.086s] -- Added test 'lint_cmake' to check CMake code style
[1.087s] -- Added test 'xmllint' to check XML markup files
[1.088s] -- Configuring done
[1.123s] -- Generating done
[1.130s] -- Build files have been written to: /home/admin/ros2_ws/build/robotnik_supervisor_msgs
[1.138s] Invoked command in '/home/admin/ros2_ws/build/robotnik_supervisor_msgs' returned '0': CMAKE_PREFIX_PATH=/home/admin/ros2_ws/install/robotnik_common_msgs:/home/admin/ros2_ws/install/robotnik_supervisor_msgs:/home/admin/ros2_ws/install/robotnik_gazebo_ignition:/home/admin/ros2_ws/install/robotnik_gazebo_classic:/home/admin/ros2_ws/install/robotnik_description:/home/admin/ros2_ws/install/robotnik_sensors:/home/admin/ros2_ws/install/robotnik_interfaces:/home/admin/ros2_ws/install/robotnik_perception_msgs:/home/admin/ros2_ws/install/robotnik_navigation_msgs:/home/admin/ros2_ws/install/robotnik_io_msgs:/home/admin/ros2_ws/install/robotnik_controllers_msgs:/home/admin/ros2_ws/install/robotnik_common:/home/admin/ros2_ws/install/robotnik_battery_msgs:/home/admin/ros2_ws/install/robotnik_safety_msgs:/home/admin/ros2_ws/install/rbvogui_cartographer:/opt/ros/humble LD_LIBRARY_PATH=/home/admin/ros2_ws/install/robotnik_common_msgs/lib:/home/admin/ros2_ws/install/robotnik_supervisor_msgs/lib:/home/admin/ros2_ws/install/robotnik_perception_msgs/lib:/home/admin/ros2_ws/install/robotnik_navigation_msgs/lib:/home/admin/ros2_ws/install/robotnik_io_msgs/lib:/home/admin/ros2_ws/install/robotnik_controllers_msgs/lib:/home/admin/ros2_ws/install/robotnik_battery_msgs/lib:/usr/lib/x86_64-linux-gnu/gazebo-11/plugins:/opt/ros/humble/opt/rviz_ogre_vendor/lib:/opt/ros/humble/lib/x86_64-linux-gnu:/opt/ros/humble/lib /usr/bin/cmake /home/admin/ros2_ws/src/robotnik_interfaces/robotnik_supervisor_msgs -DCMAKE_INSTALL_PREFIX=/home/admin/ros2_ws/install/robotnik_supervisor_msgs
[1.139s] Invoking command in '/home/admin/ros2_ws/build/robotnik_supervisor_msgs': CMAKE_PREFIX_PATH=/home/admin/ros2_ws/install/robotnik_common_msgs:/home/admin/ros2_ws/install/robotnik_supervisor_msgs:/home/admin/ros2_ws/install/robotnik_gazebo_ignition:/home/admin/ros2_ws/install/robotnik_gazebo_classic:/home/admin/ros2_ws/install/robotnik_description:/home/admin/ros2_ws/install/robotnik_sensors:/home/admin/ros2_ws/install/robotnik_interfaces:/home/admin/ros2_ws/install/robotnik_perception_msgs:/home/admin/ros2_ws/install/robotnik_navigation_msgs:/home/admin/ros2_ws/install/robotnik_io_msgs:/home/admin/ros2_ws/install/robotnik_controllers_msgs:/home/admin/ros2_ws/install/robotnik_common:/home/admin/ros2_ws/install/robotnik_battery_msgs:/home/admin/ros2_ws/install/robotnik_safety_msgs:/home/admin/ros2_ws/install/rbvogui_cartographer:/opt/ros/humble LD_LIBRARY_PATH=/home/admin/ros2_ws/install/robotnik_common_msgs/lib:/home/admin/ros2_ws/install/robotnik_supervisor_msgs/lib:/home/admin/ros2_ws/install/robotnik_perception_msgs/lib:/home/admin/ros2_ws/install/robotnik_navigation_msgs/lib:/home/admin/ros2_ws/install/robotnik_io_msgs/lib:/home/admin/ros2_ws/install/robotnik_controllers_msgs/lib:/home/admin/ros2_ws/install/robotnik_battery_msgs/lib:/usr/lib/x86_64-linux-gnu/gazebo-11/plugins:/opt/ros/humble/opt/rviz_ogre_vendor/lib:/opt/ros/humble/lib/x86_64-linux-gnu:/opt/ros/humble/lib /usr/bin/cmake --build /home/admin/ros2_ws/build/robotnik_supervisor_msgs -- -j20 -l20
[1.170s] [  1%] [34m[1mGenerating C code for ROS interfaces[0m
[1.178s] [  1%] [34m[1mGenerating C++ code for ROS interfaces[0m
[1.186s] [  1%] Built target ament_cmake_python_copy_robotnik_supervisor_msgs
[1.406s] running egg_info
[1.406s] creating robotnik_supervisor_msgs.egg-info
[1.406s] writing robotnik_supervisor_msgs.egg-info/PKG-INFO
[1.406s] writing dependency_links to robotnik_supervisor_msgs.egg-info/dependency_links.txt
[1.406s] writing top-level names to robotnik_supervisor_msgs.egg-info/top_level.txt
[1.406s] writing manifest file 'robotnik_supervisor_msgs.egg-info/SOURCES.txt'
[1.407s] reading manifest file 'robotnik_supervisor_msgs.egg-info/SOURCES.txt'
[1.408s] writing manifest file 'robotnik_supervisor_msgs.egg-info/SOURCES.txt'
[1.429s] [  1%] Built target ament_cmake_python_build_robotnik_supervisor_msgs_egg
[1.942s] [  1%] Built target robotnik_supervisor_msgs__cpp
[1.953s] [  2%] [34m[1mGenerating C++ type support for eProsima Fast-RTPS[0m
[1.960s] [  3%] [34m[1mGenerating C++ type support dispatch for ROS interfaces[0m
[1.967s] [  4%] [34m[1mGenerating C++ introspection for ROS interfaces[0m
[2.463s] [  5%] [32mBuilding C object CMakeFiles/robotnik_supervisor_msgs__rosidl_generator_c.dir/rosidl_generator_c/robotnik_supervisor_msgs/srv/detail/down_stack__functions.c.o[0m
[2.470s] [  6%] [32mBuilding C object CMakeFiles/robotnik_supervisor_msgs__rosidl_generator_c.dir/rosidl_generator_c/robotnik_supervisor_msgs/srv/detail/get_stack_list__functions.c.o[0m
[2.471s] [  7%] [32mBuilding C object CMakeFiles/robotnik_supervisor_msgs__rosidl_generator_c.dir/rosidl_generator_c/robotnik_supervisor_msgs/srv/detail/get_module_list__functions.c.o[0m
[2.473s] [  8%] [32mBuilding C object CMakeFiles/robotnik_supervisor_msgs__rosidl_generator_c.dir/rosidl_generator_c/robotnik_supervisor_msgs/srv/detail/get_stack_status__functions.c.o[0m
[2.481s] [  9%] [32mBuilding C object CMakeFiles/robotnik_supervisor_msgs__rosidl_generator_c.dir/rosidl_generator_c/robotnik_supervisor_msgs/srv/detail/start_module__functions.c.o[0m
[2.481s] [ 10%] [32mBuilding C object CMakeFiles/robotnik_supervisor_msgs__rosidl_generator_c.dir/rosidl_generator_c/robotnik_supervisor_msgs/srv/detail/start_stack__functions.c.o[0m
[2.481s] [ 11%] [32mBuilding C object CMakeFiles/robotnik_supervisor_msgs__rosidl_generator_c.dir/rosidl_generator_c/robotnik_supervisor_msgs/srv/detail/restart_stack__functions.c.o[0m
[2.483s] [ 12%] [32mBuilding C object CMakeFiles/robotnik_supervisor_msgs__rosidl_generator_c.dir/rosidl_generator_c/robotnik_supervisor_msgs/srv/detail/get_stack_logs__functions.c.o[0m
[2.491s] [ 13%] [32mBuilding C object CMakeFiles/robotnik_supervisor_msgs__rosidl_generator_c.dir/rosidl_generator_c/robotnik_supervisor_msgs/srv/detail/stop_module__functions.c.o[0m
[2.501s] [ 14%] [32mBuilding C object CMakeFiles/robotnik_supervisor_msgs__rosidl_generator_c.dir/rosidl_generator_c/robotnik_supervisor_msgs/srv/detail/stop_stack__functions.c.o[0m
[2.654s] [ 15%] [32m[1mLinking C shared library librobotnik_supervisor_msgs__rosidl_generator_c.so[0m
[2.747s] [ 15%] Built target robotnik_supervisor_msgs__rosidl_generator_c
[2.764s] [ 16%] [34m[1mGenerating C introspection for ROS interfaces[0m
[2.775s] [ 17%] [34m[1mGenerating C type support for eProsima Fast-RTPS[0m
[2.781s] [ 18%] [34m[1mGenerating C type support dispatch for ROS interfaces[0m
[3.252s] [ 19%] [32mBuilding CXX object CMakeFiles/robotnik_supervisor_msgs__rosidl_typesupport_introspection_cpp.dir/rosidl_typesupport_introspection_cpp/robotnik_supervisor_msgs/srv/detail/down_stack__type_support.cpp.o[0m
[3.257s] [ 20%] [32mBuilding CXX object CMakeFiles/robotnik_supervisor_msgs__rosidl_typesupport_introspection_cpp.dir/rosidl_typesupport_introspection_cpp/robotnik_supervisor_msgs/srv/detail/get_module_list__type_support.cpp.o[0m
[3.267s] [ 22%] [32mBuilding CXX object CMakeFiles/robotnik_supervisor_msgs__rosidl_typesupport_introspection_cpp.dir/rosidl_typesupport_introspection_cpp/robotnik_supervisor_msgs/srv/detail/get_stack_list__type_support.cpp.o[0m
[3.271s] [ 22%] [32mBuilding CXX object CMakeFiles/robotnik_supervisor_msgs__rosidl_typesupport_introspection_cpp.dir/rosidl_typesupport_introspection_cpp/robotnik_supervisor_msgs/srv/detail/get_stack_logs__type_support.cpp.o[0m
[3.278s] [ 23%] [32mBuilding CXX object CMakeFiles/robotnik_supervisor_msgs__rosidl_typesupport_introspection_cpp.dir/rosidl_typesupport_introspection_cpp/robotnik_supervisor_msgs/srv/detail/restart_stack__type_support.cpp.o[0m
[3.279s] [ 24%] [32mBuilding CXX object CMakeFiles/robotnik_supervisor_msgs__rosidl_typesupport_introspection_cpp.dir/rosidl_typesupport_introspection_cpp/robotnik_supervisor_msgs/srv/detail/start_stack__type_support.cpp.o[0m
[3.281s] [ 25%] [32mBuilding CXX object CMakeFiles/robotnik_supervisor_msgs__rosidl_typesupport_introspection_cpp.dir/rosidl_typesupport_introspection_cpp/robotnik_supervisor_msgs/srv/detail/get_stack_status__type_support.cpp.o[0m
[3.308s] [ 26%] [32mBuilding CXX object CMakeFiles/robotnik_supervisor_msgs__rosidl_typesupport_introspection_cpp.dir/rosidl_typesupport_introspection_cpp/robotnik_supervisor_msgs/srv/detail/stop_module__type_support.cpp.o[0m
[3.327s] [ 27%] [32mBuilding CXX object CMakeFiles/robotnik_supervisor_msgs__rosidl_typesupport_introspection_cpp.dir/rosidl_typesupport_introspection_cpp/robotnik_supervisor_msgs/srv/detail/start_module__type_support.cpp.o[0m
[3.343s] [ 28%] [32mBuilding CXX object CMakeFiles/robotnik_supervisor_msgs__rosidl_typesupport_introspection_cpp.dir/rosidl_typesupport_introspection_cpp/robotnik_supervisor_msgs/srv/detail/stop_stack__type_support.cpp.o[0m
[3.488s] [ 29%] [32mBuilding CXX object CMakeFiles/robotnik_supervisor_msgs__rosidl_typesupport_cpp.dir/rosidl_typesupport_cpp/robotnik_supervisor_msgs/srv/get_module_list__type_support.cpp.o[0m
[3.488s] [ 30%] [32mBuilding CXX object CMakeFiles/robotnik_supervisor_msgs__rosidl_typesupport_cpp.dir/rosidl_typesupport_cpp/robotnik_supervisor_msgs/srv/down_stack__type_support.cpp.o[0m
[3.500s] [ 31%] [32mBuilding CXX object CMakeFiles/robotnik_supervisor_msgs__rosidl_typesupport_cpp.dir/rosidl_typesupport_cpp/robotnik_supervisor_msgs/srv/get_stack_list__type_support.cpp.o[0m
[3.508s] [ 32%] [32mBuilding CXX object CMakeFiles/robotnik_supervisor_msgs__rosidl_typesupport_cpp.dir/rosidl_typesupport_cpp/robotnik_supervisor_msgs/srv/get_stack_status__type_support.cpp.o[0m
[3.511s] [ 33%] [32mBuilding CXX object CMakeFiles/robotnik_supervisor_msgs__rosidl_typesupport_cpp.dir/rosidl_typesupport_cpp/robotnik_supervisor_msgs/srv/restart_stack__type_support.cpp.o[0m
[3.511s] [ 34%] [32mBuilding CXX object CMakeFiles/robotnik_supervisor_msgs__rosidl_typesupport_cpp.dir/rosidl_typesupport_cpp/robotnik_supervisor_msgs/srv/get_stack_logs__type_support.cpp.o[0m
[3.931s] [ 35%] [32mBuilding CXX object CMakeFiles/robotnik_supervisor_msgs__rosidl_typesupport_cpp.dir/rosidl_typesupport_cpp/robotnik_supervisor_msgs/srv/start_module__type_support.cpp.o[0m
[4.091s] [ 36%] [32mBuilding CXX object CMakeFiles/robotnik_supervisor_msgs__rosidl_typesupport_cpp.dir/rosidl_typesupport_cpp/robotnik_supervisor_msgs/srv/start_stack__type_support.cpp.o[0m
[4.111s] [ 37%] [32mBuilding CXX object CMakeFiles/robotnik_supervisor_msgs__rosidl_typesupport_cpp.dir/rosidl_typesupport_cpp/robotnik_supervisor_msgs/srv/stop_module__type_support.cpp.o[0m
[4.212s] [ 38%] [32mBuilding CXX object CMakeFiles/robotnik_supervisor_msgs__rosidl_typesupport_cpp.dir/rosidl_typesupport_cpp/robotnik_supervisor_msgs/srv/stop_stack__type_support.cpp.o[0m
[4.506s] [ 39%] [32mBuilding CXX object CMakeFiles/robotnik_supervisor_msgs__rosidl_typesupport_fastrtps_cpp.dir/rosidl_typesupport_fastrtps_cpp/robotnik_supervisor_msgs/srv/detail/dds_fastrtps/down_stack__type_support.cpp.o[0m
[4.516s] [ 40%] [32mBuilding CXX object CMakeFiles/robotnik_supervisor_msgs__rosidl_typesupport_fastrtps_cpp.dir/rosidl_typesupport_fastrtps_cpp/robotnik_supervisor_msgs/srv/detail/dds_fastrtps/get_module_list__type_support.cpp.o[0m
[4.518s] [ 40%] [32mBuilding CXX object CMakeFiles/robotnik_supervisor_msgs__rosidl_typesupport_fastrtps_cpp.dir/rosidl_typesupport_fastrtps_cpp/robotnik_supervisor_msgs/srv/detail/dds_fastrtps/get_stack_list__type_support.cpp.o[0m
[4.530s] [ 41%] [32mBuilding CXX object CMakeFiles/robotnik_supervisor_msgs__rosidl_typesupport_fastrtps_cpp.dir/rosidl_typesupport_fastrtps_cpp/robotnik_supervisor_msgs/srv/detail/dds_fastrtps/restart_stack__type_support.cpp.o[0m
[4.537s] [ 43%] [32mBuilding CXX object CMakeFiles/robotnik_supervisor_msgs__rosidl_typesupport_fastrtps_cpp.dir/rosidl_typesupport_fastrtps_cpp/robotnik_supervisor_msgs/srv/detail/dds_fastrtps/get_stack_logs__type_support.cpp.o[0m
[4.539s] [ 43%] [32mBuilding CXX object CMakeFiles/robotnik_supervisor_msgs__rosidl_typesupport_fastrtps_cpp.dir/rosidl_typesupport_fastrtps_cpp/robotnik_supervisor_msgs/srv/detail/dds_fastrtps/get_stack_status__type_support.cpp.o[0m
[4.540s] [ 44%] [32mBuilding CXX object CMakeFiles/robotnik_supervisor_msgs__rosidl_typesupport_fastrtps_cpp.dir/rosidl_typesupport_fastrtps_cpp/robotnik_supervisor_msgs/srv/detail/dds_fastrtps/start_module__type_support.cpp.o[0m
[4.587s] [ 45%] [32mBuilding CXX object CMakeFiles/robotnik_supervisor_msgs__rosidl_typesupport_fastrtps_cpp.dir/rosidl_typesupport_fastrtps_cpp/robotnik_supervisor_msgs/srv/detail/dds_fastrtps/start_stack__type_support.cpp.o[0m
[4.599s] [ 46%] [32mBuilding CXX object CMakeFiles/robotnik_supervisor_msgs__rosidl_typesupport_fastrtps_cpp.dir/rosidl_typesupport_fastrtps_cpp/robotnik_supervisor_msgs/srv/detail/dds_fastrtps/stop_module__type_support.cpp.o[0m
[4.647s] [ 47%] [32mBuilding CXX object CMakeFiles/robotnik_supervisor_msgs__rosidl_typesupport_fastrtps_cpp.dir/rosidl_typesupport_fastrtps_cpp/robotnik_supervisor_msgs/srv/detail/dds_fastrtps/stop_stack__type_support.cpp.o[0m
[4.867s] [ 48%] [32mBuilding CXX object CMakeFiles/robotnik_supervisor_msgs__rosidl_typesupport_c.dir/rosidl_typesupport_c/robotnik_supervisor_msgs/srv/down_stack__type_support.cpp.o[0m
[4.871s] [ 49%] [32mBuilding CXX object CMakeFiles/robotnik_supervisor_msgs__rosidl_typesupport_c.dir/rosidl_typesupport_c/robotnik_supervisor_msgs/srv/get_module_list__type_support.cpp.o[0m
[4.879s] [ 50%] [32mBuilding CXX object CMakeFiles/robotnik_supervisor_msgs__rosidl_typesupport_c.dir/rosidl_typesupport_c/robotnik_supervisor_msgs/srv/get_stack_status__type_support.cpp.o[0m
[4.880s] [ 51%] [32mBuilding CXX object CMakeFiles/robotnik_supervisor_msgs__rosidl_typesupport_c.dir/rosidl_typesupport_c/robotnik_supervisor_msgs/srv/get_stack_logs__type_support.cpp.o[0m
[4.884s] [ 52%] [32mBuilding CXX object CMakeFiles/robotnik_supervisor_msgs__rosidl_typesupport_c.dir/rosidl_typesupport_c/robotnik_supervisor_msgs/srv/get_stack_list__type_support.cpp.o[0m
[4.940s] [ 53%] [32m[1mLinking CXX shared library librobotnik_supervisor_msgs__rosidl_typesupport_introspection_cpp.so[0m
[4.945s] [ 54%] [32mBuilding CXX object CMakeFiles/robotnik_supervisor_msgs__rosidl_typesupport_c.dir/rosidl_typesupport_c/robotnik_supervisor_msgs/srv/restart_stack__type_support.cpp.o[0m
[4.979s] [ 55%] [32mBuilding CXX object CMakeFiles/robotnik_supervisor_msgs__rosidl_typesupport_c.dir/rosidl_typesupport_c/robotnik_supervisor_msgs/srv/start_module__type_support.cpp.o[0m
[5.003s] [ 56%] [32mBuilding CXX object CMakeFiles/robotnik_supervisor_msgs__rosidl_typesupport_c.dir/rosidl_typesupport_c/robotnik_supervisor_msgs/srv/start_stack__type_support.cpp.o[0m
[5.005s] [ 56%] [32mBuilding CXX object CMakeFiles/robotnik_supervisor_msgs__rosidl_typesupport_c.dir/rosidl_typesupport_c/robotnik_supervisor_msgs/srv/stop_module__type_support.cpp.o[0m
[5.019s] [ 57%] [32mBuilding CXX object CMakeFiles/robotnik_supervisor_msgs__rosidl_typesupport_c.dir/rosidl_typesupport_c/robotnik_supervisor_msgs/srv/stop_stack__type_support.cpp.o[0m
[5.140s] [ 58%] [32m[1mLinking CXX shared library librobotnik_supervisor_msgs__rosidl_typesupport_c.so[0m
[5.236s] [ 58%] Built target robotnik_supervisor_msgs__rosidl_typesupport_introspection_cpp
[5.289s] [ 58%] Built target robotnik_supervisor_msgs__rosidl_typesupport_c
[5.306s] [ 59%] [32m[1mLinking CXX shared library librobotnik_supervisor_msgs__rosidl_typesupport_cpp.so[0m
[5.409s] [ 59%] Built target robotnik_supervisor_msgs__rosidl_typesupport_cpp
[5.438s] [ 60%] [32mBuilding CXX object CMakeFiles/robotnik_supervisor_msgs__rosidl_typesupport_fastrtps_c.dir/rosidl_typesupport_fastrtps_c/robotnik_supervisor_msgs/srv/detail/down_stack__type_support_c.cpp.o[0m
[5.438s] [ 61%] [32mBuilding CXX object CMakeFiles/robotnik_supervisor_msgs__rosidl_typesupport_fastrtps_c.dir/rosidl_typesupport_fastrtps_c/robotnik_supervisor_msgs/srv/detail/get_module_list__type_support_c.cpp.o[0m
[5.445s] [ 62%] [32mBuilding CXX object CMakeFiles/robotnik_supervisor_msgs__rosidl_typesupport_fastrtps_c.dir/rosidl_typesupport_fastrtps_c/robotnik_supervisor_msgs/srv/detail/get_stack_logs__type_support_c.cpp.o[0m
[5.446s] [ 63%] [32mBuilding CXX object CMakeFiles/robotnik_supervisor_msgs__rosidl_typesupport_fastrtps_c.dir/rosidl_typesupport_fastrtps_c/robotnik_supervisor_msgs/srv/detail/get_stack_list__type_support_c.cpp.o[0m
[5.449s] [ 64%] [32mBuilding CXX object CMakeFiles/robotnik_supervisor_msgs__rosidl_typesupport_fastrtps_c.dir/rosidl_typesupport_fastrtps_c/robotnik_supervisor_msgs/srv/detail/restart_stack__type_support_c.cpp.o[0m
[5.451s] [ 65%] [32mBuilding CXX object CMakeFiles/robotnik_supervisor_msgs__rosidl_typesupport_fastrtps_c.dir/rosidl_typesupport_fastrtps_c/robotnik_supervisor_msgs/srv/detail/get_stack_status__type_support_c.cpp.o[0m
[5.453s] [ 66%] [32mBuilding CXX object CMakeFiles/robotnik_supervisor_msgs__rosidl_typesupport_fastrtps_c.dir/rosidl_typesupport_fastrtps_c/robotnik_supervisor_msgs/srv/detail/start_module__type_support_c.cpp.o[0m
[5.454s] [ 67%] [32mBuilding CXX object CMakeFiles/robotnik_supervisor_msgs__rosidl_typesupport_fastrtps_c.dir/rosidl_typesupport_fastrtps_c/robotnik_supervisor_msgs/srv/detail/start_stack__type_support_c.cpp.o[0m
[5.505s] [ 69%] [32mBuilding CXX object CMakeFiles/robotnik_supervisor_msgs__rosidl_typesupport_fastrtps_c.dir/rosidl_typesupport_fastrtps_c/robotnik_supervisor_msgs/srv/detail/stop_module__type_support_c.cpp.o[0m
[5.513s] [ 68%] [32mBuilding CXX object CMakeFiles/robotnik_supervisor_msgs__rosidl_typesupport_fastrtps_c.dir/rosidl_typesupport_fastrtps_c/robotnik_supervisor_msgs/srv/detail/stop_stack__type_support_c.cpp.o[0m
[5.570s] [ 70%] [32mBuilding C object CMakeFiles/robotnik_supervisor_msgs__rosidl_typesupport_introspection_c.dir/rosidl_typesupport_introspection_c/robotnik_supervisor_msgs/srv/detail/get_module_list__type_support.c.o[0m
[5.574s] [ 71%] [32mBuilding C object CMakeFiles/robotnik_supervisor_msgs__rosidl_typesupport_introspection_c.dir/rosidl_typesupport_introspection_c/robotnik_supervisor_msgs/srv/detail/down_stack__type_support.c.o[0m
[5.578s] [ 72%] [32mBuilding C object CMakeFiles/robotnik_supervisor_msgs__rosidl_typesupport_introspection_c.dir/rosidl_typesupport_introspection_c/robotnik_supervisor_msgs/srv/detail/get_stack_list__type_support.c.o[0m
[5.587s] [ 73%] [32mBuilding C object CMakeFiles/robotnik_supervisor_msgs__rosidl_typesupport_introspection_c.dir/rosidl_typesupport_introspection_c/robotnik_supervisor_msgs/srv/detail/get_stack_logs__type_support.c.o[0m
[5.601s] [ 74%] [32mBuilding C object CMakeFiles/robotnik_supervisor_msgs__rosidl_typesupport_introspection_c.dir/rosidl_typesupport_introspection_c/robotnik_supervisor_msgs/srv/detail/restart_stack__type_support.c.o[0m
[5.601s] [ 76%] [32mBuilding C object CMakeFiles/robotnik_supervisor_msgs__rosidl_typesupport_introspection_c.dir/rosidl_typesupport_introspection_c/robotnik_supervisor_msgs/srv/detail/start_module__type_support.c.o[0m
[5.602s] [ 75%] [32mBuilding C object CMakeFiles/robotnik_supervisor_msgs__rosidl_typesupport_introspection_c.dir/rosidl_typesupport_introspection_c/robotnik_supervisor_msgs/srv/detail/get_stack_status__type_support.c.o[0m
[5.624s] [ 77%] [32mBuilding C object CMakeFiles/robotnik_supervisor_msgs__rosidl_typesupport_introspection_c.dir/rosidl_typesupport_introspection_c/robotnik_supervisor_msgs/srv/detail/start_stack__type_support.c.o[0m
[5.675s] [ 78%] [32mBuilding C object CMakeFiles/robotnik_supervisor_msgs__rosidl_typesupport_introspection_c.dir/rosidl_typesupport_introspection_c/robotnik_supervisor_msgs/srv/detail/stop_module__type_support.c.o[0m
[5.679s] [ 79%] [32mBuilding C object CMakeFiles/robotnik_supervisor_msgs__rosidl_typesupport_introspection_c.dir/rosidl_typesupport_introspection_c/robotnik_supervisor_msgs/srv/detail/stop_stack__type_support.c.o[0m
[5.774s] [ 80%] [32m[1mLinking C shared library librobotnik_supervisor_msgs__rosidl_typesupport_introspection_c.so[0m
[5.803s] [ 81%] [32m[1mLinking CXX shared library librobotnik_supervisor_msgs__rosidl_typesupport_fastrtps_cpp.so[0m
[5.873s] [ 81%] Built target robotnik_supervisor_msgs__rosidl_typesupport_introspection_c
[5.961s] [ 81%] Built target robotnik_supervisor_msgs__rosidl_typesupport_fastrtps_cpp
[6.209s] [ 82%] [32m[1mLinking CXX shared library librobotnik_supervisor_msgs__rosidl_typesupport_fastrtps_c.so[0m
[6.280s] [ 82%] Built target robotnik_supervisor_msgs__rosidl_typesupport_fastrtps_c
[6.300s] [ 82%] Built target robotnik_supervisor_msgs
[6.320s] [ 83%] [34m[1mGenerating Python code for ROS interfaces[0m
[7.337s] [ 83%] Built target robotnik_supervisor_msgs__py
[7.354s] [ 86%] [32mBuilding C object CMakeFiles/robotnik_supervisor_msgs__rosidl_generator_py.dir/rosidl_generator_py/robotnik_supervisor_msgs/srv/_get_stack_status_s.c.o[0m
[7.355s] [ 86%] [32mBuilding C object CMakeFiles/robotnik_supervisor_msgs__rosidl_generator_py.dir/rosidl_generator_py/robotnik_supervisor_msgs/srv/_restart_stack_s.c.o[0m
[7.355s] [ 86%] [32mBuilding C object CMakeFiles/robotnik_supervisor_msgs__rosidl_generator_py.dir/rosidl_generator_py/robotnik_supervisor_msgs/srv/_get_stack_logs_s.c.o[0m
[7.355s] [ 87%] [32mBuilding C object CMakeFiles/robotnik_supervisor_msgs__rosidl_generator_py.dir/rosidl_generator_py/robotnik_supervisor_msgs/srv/_start_module_s.c.o[0m
[7.356s] [ 88%] [32mBuilding C object CMakeFiles/robotnik_supervisor_msgs__rosidl_generator_py.dir/rosidl_generator_py/robotnik_supervisor_msgs/srv/_stop_module_s.c.o[0m
[7.356s] [ 89%] [32mBuilding C object CMakeFiles/robotnik_supervisor_msgs__rosidl_generator_py.dir/rosidl_generator_py/robotnik_supervisor_msgs/srv/_get_stack_list_s.c.o[0m
[7.356s] [ 90%] [32mBuilding C object CMakeFiles/robotnik_supervisor_msgs__rosidl_generator_py.dir/rosidl_generator_py/robotnik_supervisor_msgs/srv/_get_module_list_s.c.o[0m
[7.357s] [ 91%] [32mBuilding C object CMakeFiles/robotnik_supervisor_msgs__rosidl_generator_py.dir/rosidl_generator_py/robotnik_supervisor_msgs/srv/_down_stack_s.c.o[0m
[7.358s] [ 92%] [32mBuilding C object CMakeFiles/robotnik_supervisor_msgs__rosidl_generator_py.dir/rosidl_generator_py/robotnik_supervisor_msgs/srv/_start_stack_s.c.o[0m
[7.358s] [ 93%] [32mBuilding C object CMakeFiles/robotnik_supervisor_msgs__rosidl_generator_py.dir/rosidl_generator_py/robotnik_supervisor_msgs/srv/_stop_stack_s.c.o[0m
[7.477s] [ 94%] [32m[1mLinking C shared library rosidl_generator_py/robotnik_supervisor_msgs/librobotnik_supervisor_msgs__rosidl_generator_py.so[0m
[7.506s] [ 94%] Built target robotnik_supervisor_msgs__rosidl_generator_py
[7.522s] [ 95%] [32mBuilding C object CMakeFiles/robotnik_supervisor_msgs__rosidl_typesupport_c__pyext.dir/rosidl_generator_py/robotnik_supervisor_msgs/_robotnik_supervisor_msgs_s.ep.rosidl_typesupport_c.c.o[0m
[7.522s] [ 96%] [32mBuilding C object CMakeFiles/robotnik_supervisor_msgs__rosidl_typesupport_fastrtps_c__pyext.dir/rosidl_generator_py/robotnik_supervisor_msgs/_robotnik_supervisor_msgs_s.ep.rosidl_typesupport_fastrtps_c.c.o[0m
[7.524s] [ 97%] [32mBuilding C object CMakeFiles/robotnik_supervisor_msgs__rosidl_typesupport_introspection_c__pyext.dir/rosidl_generator_py/robotnik_supervisor_msgs/_robotnik_supervisor_msgs_s.ep.rosidl_typesupport_introspection_c.c.o[0m
[7.615s] [ 98%] [32m[1mLinking C shared library rosidl_generator_py/robotnik_supervisor_msgs/robotnik_supervisor_msgs_s__rosidl_typesupport_c.cpython-310-x86_64-linux-gnu.so[0m
[7.615s] [ 99%] [32m[1mLinking C shared library rosidl_generator_py/robotnik_supervisor_msgs/robotnik_supervisor_msgs_s__rosidl_typesupport_introspection_c.cpython-310-x86_64-linux-gnu.so[0m
[7.619s] [100%] [32m[1mLinking C shared library rosidl_generator_py/robotnik_supervisor_msgs/robotnik_supervisor_msgs_s__rosidl_typesupport_fastrtps_c.cpython-310-x86_64-linux-gnu.so[0m
[7.643s] [100%] Built target robotnik_supervisor_msgs__rosidl_typesupport_introspection_c__pyext
[7.647s] [100%] Built target robotnik_supervisor_msgs__rosidl_typesupport_c__pyext
[7.655s] [100%] Built target robotnik_supervisor_msgs__rosidl_typesupport_fastrtps_c__pyext
[7.663s] Invoked command in '/home/admin/ros2_ws/build/robotnik_supervisor_msgs' returned '0': CMAKE_PREFIX_PATH=/home/admin/ros2_ws/install/robotnik_common_msgs:/home/admin/ros2_ws/install/robotnik_supervisor_msgs:/home/admin/ros2_ws/install/robotnik_gazebo_ignition:/home/admin/ros2_ws/install/robotnik_gazebo_classic:/home/admin/ros2_ws/install/robotnik_description:/home/admin/ros2_ws/install/robotnik_sensors:/home/admin/ros2_ws/install/robotnik_interfaces:/home/admin/ros2_ws/install/robotnik_perception_msgs:/home/admin/ros2_ws/install/robotnik_navigation_msgs:/home/admin/ros2_ws/install/robotnik_io_msgs:/home/admin/ros2_ws/install/robotnik_controllers_msgs:/home/admin/ros2_ws/install/robotnik_common:/home/admin/ros2_ws/install/robotnik_battery_msgs:/home/admin/ros2_ws/install/robotnik_safety_msgs:/home/admin/ros2_ws/install/rbvogui_cartographer:/opt/ros/humble LD_LIBRARY_PATH=/home/admin/ros2_ws/install/robotnik_common_msgs/lib:/home/admin/ros2_ws/install/robotnik_supervisor_msgs/lib:/home/admin/ros2_ws/install/robotnik_perception_msgs/lib:/home/admin/ros2_ws/install/robotnik_navigation_msgs/lib:/home/admin/ros2_ws/install/robotnik_io_msgs/lib:/home/admin/ros2_ws/install/robotnik_controllers_msgs/lib:/home/admin/ros2_ws/install/robotnik_battery_msgs/lib:/usr/lib/x86_64-linux-gnu/gazebo-11/plugins:/opt/ros/humble/opt/rviz_ogre_vendor/lib:/opt/ros/humble/lib/x86_64-linux-gnu:/opt/ros/humble/lib /usr/bin/cmake --build /home/admin/ros2_ws/build/robotnik_supervisor_msgs -- -j20 -l20
[7.664s] Invoking command in '/home/admin/ros2_ws/build/robotnik_supervisor_msgs': CMAKE_PREFIX_PATH=/home/admin/ros2_ws/install/robotnik_common_msgs:/home/admin/ros2_ws/install/robotnik_supervisor_msgs:/home/admin/ros2_ws/install/robotnik_gazebo_ignition:/home/admin/ros2_ws/install/robotnik_gazebo_classic:/home/admin/ros2_ws/install/robotnik_description:/home/admin/ros2_ws/install/robotnik_sensors:/home/admin/ros2_ws/install/robotnik_interfaces:/home/admin/ros2_ws/install/robotnik_perception_msgs:/home/admin/ros2_ws/install/robotnik_navigation_msgs:/home/admin/ros2_ws/install/robotnik_io_msgs:/home/admin/ros2_ws/install/robotnik_controllers_msgs:/home/admin/ros2_ws/install/robotnik_common:/home/admin/ros2_ws/install/robotnik_battery_msgs:/home/admin/ros2_ws/install/robotnik_safety_msgs:/home/admin/ros2_ws/install/rbvogui_cartographer:/opt/ros/humble LD_LIBRARY_PATH=/home/admin/ros2_ws/install/robotnik_common_msgs/lib:/home/admin/ros2_ws/install/robotnik_supervisor_msgs/lib:/home/admin/ros2_ws/install/robotnik_perception_msgs/lib:/home/admin/ros2_ws/install/robotnik_navigation_msgs/lib:/home/admin/ros2_ws/install/robotnik_io_msgs/lib:/home/admin/ros2_ws/install/robotnik_controllers_msgs/lib:/home/admin/ros2_ws/install/robotnik_battery_msgs/lib:/usr/lib/x86_64-linux-gnu/gazebo-11/plugins:/opt/ros/humble/opt/rviz_ogre_vendor/lib:/opt/ros/humble/lib/x86_64-linux-gnu:/opt/ros/humble/lib /usr/bin/cmake --install /home/admin/ros2_ws/build/robotnik_supervisor_msgs
[7.670s] -- Install configuration: ""
[7.670s] -- Installing: /home/admin/ros2_ws/install/robotnik_supervisor_msgs/share/ament_index/resource_index/rosidl_interfaces/robotnik_supervisor_msgs
[7.670s] -- Installing: /home/admin/ros2_ws/install/robotnik_supervisor_msgs/include/robotnik_supervisor_msgs/robotnik_supervisor_msgs
[7.670s] -- Installing: /home/admin/ros2_ws/install/robotnik_supervisor_msgs/include/robotnik_supervisor_msgs/robotnik_supervisor_msgs/srv
[7.670s] -- Installing: /home/admin/ros2_ws/install/robotnik_supervisor_msgs/include/robotnik_supervisor_msgs/robotnik_supervisor_msgs/srv/get_stack_logs.h
[7.670s] -- Installing: /home/admin/ros2_ws/install/robotnik_supervisor_msgs/include/robotnik_supervisor_msgs/robotnik_supervisor_msgs/srv/detail
[7.670s] -- Installing: /home/admin/ros2_ws/install/robotnik_supervisor_msgs/include/robotnik_supervisor_msgs/robotnik_supervisor_msgs/srv/detail/get_stack_status__type_support.h
[7.670s] -- Installing: /home/admin/ros2_ws/install/robotnik_supervisor_msgs/include/robotnik_supervisor_msgs/robotnik_supervisor_msgs/srv/detail/start_module__functions.c
[7.670s] -- Installing: /home/admin/ros2_ws/install/robotnik_supervisor_msgs/include/robotnik_supervisor_msgs/robotnik_supervisor_msgs/srv/detail/get_stack_list__type_support.h
[7.670s] -- Installing: /home/admin/ros2_ws/install/robotnik_supervisor_msgs/include/robotnik_supervisor_msgs/robotnik_supervisor_msgs/srv/detail/start_stack__functions.h
[7.670s] -- Installing: /home/admin/ros2_ws/install/robotnik_supervisor_msgs/include/robotnik_supervisor_msgs/robotnik_supervisor_msgs/srv/detail/get_stack_list__functions.c
[7.670s] -- Installing: /home/admin/ros2_ws/install/robotnik_supervisor_msgs/include/robotnik_supervisor_msgs/robotnik_supervisor_msgs/srv/detail/stop_stack__struct.h
[7.670s] -- Installing: /home/admin/ros2_ws/install/robotnik_supervisor_msgs/include/robotnik_supervisor_msgs/robotnik_supervisor_msgs/srv/detail/get_stack_logs__type_support.h
[7.670s] -- Installing: /home/admin/ros2_ws/install/robotnik_supervisor_msgs/include/robotnik_supervisor_msgs/robotnik_supervisor_msgs/srv/detail/get_module_list__type_support.h
[7.670s] -- Installing: /home/admin/ros2_ws/install/robotnik_supervisor_msgs/include/robotnik_supervisor_msgs/robotnik_supervisor_msgs/srv/detail/start_stack__struct.h
[7.670s] -- Installing: /home/admin/ros2_ws/install/robotnik_supervisor_msgs/include/robotnik_supervisor_msgs/robotnik_supervisor_msgs/srv/detail/start_module__struct.h
[7.670s] -- Installing: /home/admin/ros2_ws/install/robotnik_supervisor_msgs/include/robotnik_supervisor_msgs/robotnik_supervisor_msgs/srv/detail/start_stack__functions.c
[7.670s] -- Installing: /home/admin/ros2_ws/install/robotnik_supervisor_msgs/include/robotnik_supervisor_msgs/robotnik_supervisor_msgs/srv/detail/get_module_list__functions.c
[7.670s] -- Installing: /home/admin/ros2_ws/install/robotnik_supervisor_msgs/include/robotnik_supervisor_msgs/robotnik_supervisor_msgs/srv/detail/restart_stack__functions.c
[7.670s] -- Installing: /home/admin/ros2_ws/install/robotnik_supervisor_msgs/include/robotnik_supervisor_msgs/robotnik_supervisor_msgs/srv/detail/get_stack_list__struct.h
[7.670s] -- Installing: /home/admin/ros2_ws/install/robotnik_supervisor_msgs/include/robotnik_supervisor_msgs/robotnik_supervisor_msgs/srv/detail/get_module_list__struct.h
[7.671s] -- Installing: /home/admin/ros2_ws/install/robotnik_supervisor_msgs/include/robotnik_supervisor_msgs/robotnik_supervisor_msgs/srv/detail/stop_module__functions.c
[7.671s] -- Installing: /home/admin/ros2_ws/install/robotnik_supervisor_msgs/include/robotnik_supervisor_msgs/robotnik_supervisor_msgs/srv/detail/get_stack_logs__functions.h
[7.671s] -- Installing: /home/admin/ros2_ws/install/robotnik_supervisor_msgs/include/robotnik_supervisor_msgs/robotnik_supervisor_msgs/srv/detail/start_module__functions.h
[7.671s] -- Installing: /home/admin/ros2_ws/install/robotnik_supervisor_msgs/include/robotnik_supervisor_msgs/robotnik_supervisor_msgs/srv/detail/stop_module__struct.h
[7.671s] -- Installing: /home/admin/ros2_ws/install/robotnik_supervisor_msgs/include/robotnik_supervisor_msgs/robotnik_supervisor_msgs/srv/detail/get_stack_logs__functions.c
[7.671s] -- Installing: /home/admin/ros2_ws/install/robotnik_supervisor_msgs/include/robotnik_supervisor_msgs/robotnik_supervisor_msgs/srv/detail/restart_stack__functions.h
[7.671s] -- Installing: /home/admin/ros2_ws/install/robotnik_supervisor_msgs/include/robotnik_supervisor_msgs/robotnik_supervisor_msgs/srv/detail/stop_stack__type_support.h
[7.671s] -- Installing: /home/admin/ros2_ws/install/robotnik_supervisor_msgs/include/robotnik_supervisor_msgs/robotnik_supervisor_msgs/srv/detail/get_stack_list__functions.h
[7.671s] -- Installing: /home/admin/ros2_ws/install/robotnik_supervisor_msgs/include/robotnik_supervisor_msgs/robotnik_supervisor_msgs/srv/detail/restart_stack__type_support.h
[7.671s] -- Installing: /home/admin/ros2_ws/install/robotnik_supervisor_msgs/include/robotnik_supervisor_msgs/robotnik_supervisor_msgs/srv/detail/down_stack__functions.c
[7.671s] -- Installing: /home/admin/ros2_ws/install/robotnik_supervisor_msgs/include/robotnik_supervisor_msgs/robotnik_supervisor_msgs/srv/detail/get_stack_logs__struct.h
[7.671s] -- Installing: /home/admin/ros2_ws/install/robotnik_supervisor_msgs/include/robotnik_supervisor_msgs/robotnik_supervisor_msgs/srv/detail/start_module__type_support.h
[7.671s] -- Installing: /home/admin/ros2_ws/install/robotnik_supervisor_msgs/include/robotnik_supervisor_msgs/robotnik_supervisor_msgs/srv/detail/stop_module__functions.h
[7.671s] -- Installing: /home/admin/ros2_ws/install/robotnik_supervisor_msgs/include/robotnik_supervisor_msgs/robotnik_supervisor_msgs/srv/detail/stop_stack__functions.c
[7.671s] -- Installing: /home/admin/ros2_ws/install/robotnik_supervisor_msgs/include/robotnik_supervisor_msgs/robotnik_supervisor_msgs/srv/detail/down_stack__struct.h
[7.671s] -- Installing: /home/admin/ros2_ws/install/robotnik_supervisor_msgs/include/robotnik_supervisor_msgs/robotnik_supervisor_msgs/srv/detail/get_module_list__functions.h
[7.671s] -- Installing: /home/admin/ros2_ws/install/robotnik_supervisor_msgs/include/robotnik_supervisor_msgs/robotnik_supervisor_msgs/srv/detail/down_stack__type_support.h
[7.671s] -- Installing: /home/admin/ros2_ws/install/robotnik_supervisor_msgs/include/robotnik_supervisor_msgs/robotnik_supervisor_msgs/srv/detail/start_stack__type_support.h
[7.671s] -- Installing: /home/admin/ros2_ws/install/robotnik_supervisor_msgs/include/robotnik_supervisor_msgs/robotnik_supervisor_msgs/srv/detail/get_stack_status__struct.h
[7.671s] -- Installing: /home/admin/ros2_ws/install/robotnik_supervisor_msgs/include/robotnik_supervisor_msgs/robotnik_supervisor_msgs/srv/detail/stop_stack__functions.h
[7.671s] -- Installing: /home/admin/ros2_ws/install/robotnik_supervisor_msgs/include/robotnik_supervisor_msgs/robotnik_supervisor_msgs/srv/detail/restart_stack__struct.h
[7.671s] -- Installing: /home/admin/ros2_ws/install/robotnik_supervisor_msgs/include/robotnik_supervisor_msgs/robotnik_supervisor_msgs/srv/detail/get_stack_status__functions.h
[7.671s] -- Installing: /home/admin/ros2_ws/install/robotnik_supervisor_msgs/include/robotnik_supervisor_msgs/robotnik_supervisor_msgs/srv/detail/get_stack_status__functions.c
[7.671s] -- Installing: /home/admin/ros2_ws/install/robotnik_supervisor_msgs/include/robotnik_supervisor_msgs/robotnik_supervisor_msgs/srv/detail/down_stack__functions.h
[7.671s] -- Installing: /home/admin/ros2_ws/install/robotnik_supervisor_msgs/include/robotnik_supervisor_msgs/robotnik_supervisor_msgs/srv/detail/stop_module__type_support.h
[7.671s] -- Installing: /home/admin/ros2_ws/install/robotnik_supervisor_msgs/include/robotnik_supervisor_msgs/robotnik_supervisor_msgs/srv/stop_module.h
[7.671s] -- Installing: /home/admin/ros2_ws/install/robotnik_supervisor_msgs/include/robotnik_supervisor_msgs/robotnik_supervisor_msgs/srv/get_module_list.h
[7.672s] -- Installing: /home/admin/ros2_ws/install/robotnik_supervisor_msgs/include/robotnik_supervisor_msgs/robotnik_supervisor_msgs/srv/stop_stack.h
[7.672s] -- Installing: /home/admin/ros2_ws/install/robotnik_supervisor_msgs/include/robotnik_supervisor_msgs/robotnik_supervisor_msgs/srv/start_stack.h
[7.672s] -- Installing: /home/admin/ros2_ws/install/robotnik_supervisor_msgs/include/robotnik_supervisor_msgs/robotnik_supervisor_msgs/srv/restart_stack.h
[7.672s] -- Installing: /home/admin/ros2_ws/install/robotnik_supervisor_msgs/include/robotnik_supervisor_msgs/robotnik_supervisor_msgs/srv/down_stack.h
[7.672s] -- Installing: /home/admin/ros2_ws/install/robotnik_supervisor_msgs/include/robotnik_supervisor_msgs/robotnik_supervisor_msgs/srv/get_stack_list.h
[7.672s] -- Installing: /home/admin/ros2_ws/install/robotnik_supervisor_msgs/include/robotnik_supervisor_msgs/robotnik_supervisor_msgs/srv/start_module.h
[7.672s] -- Installing: /home/admin/ros2_ws/install/robotnik_supervisor_msgs/include/robotnik_supervisor_msgs/robotnik_supervisor_msgs/srv/get_stack_status.h
[7.672s] -- Installing: /home/admin/ros2_ws/install/robotnik_supervisor_msgs/include/robotnik_supervisor_msgs/robotnik_supervisor_msgs/msg
[7.672s] -- Installing: /home/admin/ros2_ws/install/robotnik_supervisor_msgs/include/robotnik_supervisor_msgs/robotnik_supervisor_msgs/msg/rosidl_generator_c__visibility_control.h
[7.672s] -- Installing: /home/admin/ros2_ws/install/robotnik_supervisor_msgs/share/robotnik_supervisor_msgs/environment/library_path.sh
[7.672s] -- Installing: /home/admin/ros2_ws/install/robotnik_supervisor_msgs/share/robotnik_supervisor_msgs/environment/library_path.dsv
[7.672s] -- Installing: /home/admin/ros2_ws/install/robotnik_supervisor_msgs/lib/librobotnik_supervisor_msgs__rosidl_generator_c.so
[7.672s] -- Set runtime path of "/home/admin/ros2_ws/install/robotnik_supervisor_msgs/lib/librobotnik_supervisor_msgs__rosidl_generator_c.so" to ""
[7.672s] -- Up-to-date: /home/admin/ros2_ws/install/robotnik_supervisor_msgs/include/robotnik_supervisor_msgs/robotnik_supervisor_msgs
[7.673s] -- Up-to-date: /home/admin/ros2_ws/install/robotnik_supervisor_msgs/include/robotnik_supervisor_msgs/robotnik_supervisor_msgs/srv
[7.673s] -- Up-to-date: /home/admin/ros2_ws/install/robotnik_supervisor_msgs/include/robotnik_supervisor_msgs/robotnik_supervisor_msgs/srv/detail
[7.673s] -- Installing: /home/admin/ros2_ws/install/robotnik_supervisor_msgs/include/robotnik_supervisor_msgs/robotnik_supervisor_msgs/srv/detail/stop_stack__rosidl_typesupport_fastrtps_c.h
[7.673s] -- Installing: /home/admin/ros2_ws/install/robotnik_supervisor_msgs/include/robotnik_supervisor_msgs/robotnik_supervisor_msgs/srv/detail/restart_stack__rosidl_typesupport_fastrtps_c.h
[7.673s] -- Installing: /home/admin/ros2_ws/install/robotnik_supervisor_msgs/include/robotnik_supervisor_msgs/robotnik_supervisor_msgs/srv/detail/get_stack_list__rosidl_typesupport_fastrtps_c.h
[7.673s] -- Installing: /home/admin/ros2_ws/install/robotnik_supervisor_msgs/include/robotnik_supervisor_msgs/robotnik_supervisor_msgs/srv/detail/get_stack_status__rosidl_typesupport_fastrtps_c.h
[7.673s] -- Installing: /home/admin/ros2_ws/install/robotnik_supervisor_msgs/include/robotnik_supervisor_msgs/robotnik_supervisor_msgs/srv/detail/get_stack_logs__rosidl_typesupport_fastrtps_c.h
[7.673s] -- Installing: /home/admin/ros2_ws/install/robotnik_supervisor_msgs/include/robotnik_supervisor_msgs/robotnik_supervisor_msgs/srv/detail/stop_module__rosidl_typesupport_fastrtps_c.h
[7.673s] -- Installing: /home/admin/ros2_ws/install/robotnik_supervisor_msgs/include/robotnik_supervisor_msgs/robotnik_supervisor_msgs/srv/detail/down_stack__rosidl_typesupport_fastrtps_c.h
[7.673s] -- Installing: /home/admin/ros2_ws/install/robotnik_supervisor_msgs/include/robotnik_supervisor_msgs/robotnik_supervisor_msgs/srv/detail/get_module_list__rosidl_typesupport_fastrtps_c.h
[7.673s] -- Installing: /home/admin/ros2_ws/install/robotnik_supervisor_msgs/include/robotnik_supervisor_msgs/robotnik_supervisor_msgs/srv/detail/start_module__rosidl_typesupport_fastrtps_c.h
[7.673s] -- Installing: /home/admin/ros2_ws/install/robotnik_supervisor_msgs/include/robotnik_supervisor_msgs/robotnik_supervisor_msgs/srv/detail/start_stack__rosidl_typesupport_fastrtps_c.h
[7.673s] -- Up-to-date: /home/admin/ros2_ws/install/robotnik_supervisor_msgs/include/robotnik_supervisor_msgs/robotnik_supervisor_msgs/msg
[7.673s] -- Installing: /home/admin/ros2_ws/install/robotnik_supervisor_msgs/include/robotnik_supervisor_msgs/robotnik_supervisor_msgs/msg/rosidl_typesupport_fastrtps_c__visibility_control.h
[7.674s] -- Installing: /home/admin/ros2_ws/install/robotnik_supervisor_msgs/lib/librobotnik_supervisor_msgs__rosidl_typesupport_fastrtps_c.so
[7.674s] -- Set runtime path of "/home/admin/ros2_ws/install/robotnik_supervisor_msgs/lib/librobotnik_supervisor_msgs__rosidl_typesupport_fastrtps_c.so" to ""
[7.674s] -- Up-to-date: /home/admin/ros2_ws/install/robotnik_supervisor_msgs/include/robotnik_supervisor_msgs/robotnik_supervisor_msgs
[7.674s] -- Up-to-date: /home/admin/ros2_ws/install/robotnik_supervisor_msgs/include/robotnik_supervisor_msgs/robotnik_supervisor_msgs/srv
[7.674s] -- Up-to-date: /home/admin/ros2_ws/install/robotnik_supervisor_msgs/include/robotnik_supervisor_msgs/robotnik_supervisor_msgs/srv/detail
[7.674s] -- Installing: /home/admin/ros2_ws/install/robotnik_supervisor_msgs/include/robotnik_supervisor_msgs/robotnik_supervisor_msgs/srv/detail/stop_stack__type_support.hpp
[7.674s] -- Installing: /home/admin/ros2_ws/install/robotnik_supervisor_msgs/include/robotnik_supervisor_msgs/robotnik_supervisor_msgs/srv/detail/get_stack_list__struct.hpp
[7.674s] -- Installing: /home/admin/ros2_ws/install/robotnik_supervisor_msgs/include/robotnik_supervisor_msgs/robotnik_supervisor_msgs/srv/detail/get_stack_status__struct.hpp
[7.674s] -- Installing: /home/admin/ros2_ws/install/robotnik_supervisor_msgs/include/robotnik_supervisor_msgs/robotnik_supervisor_msgs/srv/detail/start_stack__builder.hpp
[7.674s] -- Installing: /home/admin/ros2_ws/install/robotnik_supervisor_msgs/include/robotnik_supervisor_msgs/robotnik_supervisor_msgs/srv/detail/stop_stack__struct.hpp
[7.674s] -- Installing: /home/admin/ros2_ws/install/robotnik_supervisor_msgs/include/robotnik_supervisor_msgs/robotnik_supervisor_msgs/srv/detail/down_stack__builder.hpp
[7.675s] -- Installing: /home/admin/ros2_ws/install/robotnik_supervisor_msgs/include/robotnik_supervisor_msgs/robotnik_supervisor_msgs/srv/detail/get_stack_status__traits.hpp
[7.675s] -- Installing: /home/admin/ros2_ws/install/robotnik_supervisor_msgs/include/robotnik_supervisor_msgs/robotnik_supervisor_msgs/srv/detail/get_stack_logs__struct.hpp
[7.675s] -- Installing: /home/admin/ros2_ws/install/robotnik_supervisor_msgs/include/robotnik_supervisor_msgs/robotnik_supervisor_msgs/srv/detail/restart_stack__traits.hpp
[7.675s] -- Installing: /home/admin/ros2_ws/install/robotnik_supervisor_msgs/include/robotnik_supervisor_msgs/robotnik_supervisor_msgs/srv/detail/start_module__type_support.hpp
[7.675s] -- Installing: /home/admin/ros2_ws/install/robotnik_supervisor_msgs/include/robotnik_supervisor_msgs/robotnik_supervisor_msgs/srv/detail/get_stack_list__builder.hpp
[7.675s] -- Installing: /home/admin/ros2_ws/install/robotnik_supervisor_msgs/include/robotnik_supervisor_msgs/robotnik_supervisor_msgs/srv/detail/stop_stack__traits.hpp
[7.675s] -- Installing: /home/admin/ros2_ws/install/robotnik_supervisor_msgs/include/robotnik_supervisor_msgs/robotnik_supervisor_msgs/srv/detail/down_stack__struct.hpp
[7.675s] -- Installing: /home/admin/ros2_ws/install/robotnik_supervisor_msgs/include/robotnik_supervisor_msgs/robotnik_supervisor_msgs/srv/detail/down_stack__traits.hpp
[7.675s] -- Installing: /home/admin/ros2_ws/install/robotnik_supervisor_msgs/include/robotnik_supervisor_msgs/robotnik_supervisor_msgs/srv/detail/restart_stack__type_support.hpp
[7.675s] -- Installing: /home/admin/ros2_ws/install/robotnik_supervisor_msgs/include/robotnik_supervisor_msgs/robotnik_supervisor_msgs/srv/detail/start_stack__struct.hpp
[7.675s] -- Installing: /home/admin/ros2_ws/install/robotnik_supervisor_msgs/include/robotnik_supervisor_msgs/robotnik_supervisor_msgs/srv/detail/restart_stack__struct.hpp
[7.675s] -- Installing: /home/admin/ros2_ws/install/robotnik_supervisor_msgs/include/robotnik_supervisor_msgs/robotnik_supervisor_msgs/srv/detail/get_module_list__traits.hpp
[7.676s] -- Installing: /home/admin/ros2_ws/install/robotnik_supervisor_msgs/include/robotnik_supervisor_msgs/robotnik_supervisor_msgs/srv/detail/stop_stack__builder.hpp
[7.676s] -- Installing: /home/admin/ros2_ws/install/robotnik_supervisor_msgs/include/robotnik_supervisor_msgs/robotnik_supervisor_msgs/srv/detail/get_module_list__builder.hpp
[7.676s] -- Installing: /home/admin/ros2_ws/install/robotnik_supervisor_msgs/include/robotnik_supervisor_msgs/robotnik_supervisor_msgs/srv/detail/down_stack__type_support.hpp
[7.676s] -- Installing: /home/admin/ros2_ws/install/robotnik_supervisor_msgs/include/robotnik_supervisor_msgs/robotnik_supervisor_msgs/srv/detail/get_stack_logs__type_support.hpp
[7.676s] -- Installing: /home/admin/ros2_ws/install/robotnik_supervisor_msgs/include/robotnik_supervisor_msgs/robotnik_supervisor_msgs/srv/detail/get_module_list__struct.hpp
[7.676s] -- Installing: /home/admin/ros2_ws/install/robotnik_supervisor_msgs/include/robotnik_supervisor_msgs/robotnik_supervisor_msgs/srv/detail/stop_module__struct.hpp
[7.676s] -- Installing: /home/admin/ros2_ws/install/robotnik_supervisor_msgs/include/robotnik_supervisor_msgs/robotnik_supervisor_msgs/srv/detail/get_stack_status__builder.hpp
[7.676s] -- Installing: /home/admin/ros2_ws/install/robotnik_supervisor_msgs/include/robotnik_supervisor_msgs/robotnik_supervisor_msgs/srv/detail/start_stack__type_support.hpp
[7.676s] -- Installing: /home/admin/ros2_ws/install/robotnik_supervisor_msgs/include/robotnik_supervisor_msgs/robotnik_supervisor_msgs/srv/detail/stop_module__type_support.hpp
[7.676s] -- Installing: /home/admin/ros2_ws/install/robotnik_supervisor_msgs/include/robotnik_supervisor_msgs/robotnik_supervisor_msgs/srv/detail/start_module__struct.hpp
[7.676s] -- Installing: /home/admin/ros2_ws/install/robotnik_supervisor_msgs/include/robotnik_supervisor_msgs/robotnik_supervisor_msgs/srv/detail/get_module_list__type_support.hpp
[7.676s] -- Installing: /home/admin/ros2_ws/install/robotnik_supervisor_msgs/include/robotnik_supervisor_msgs/robotnik_supervisor_msgs/srv/detail/stop_module__builder.hpp
[7.676s] -- Installing: /home/admin/ros2_ws/install/robotnik_supervisor_msgs/include/robotnik_supervisor_msgs/robotnik_supervisor_msgs/srv/detail/start_module__traits.hpp
[7.676s] -- Installing: /home/admin/ros2_ws/install/robotnik_supervisor_msgs/include/robotnik_supervisor_msgs/robotnik_supervisor_msgs/srv/detail/get_stack_list__type_support.hpp
[7.676s] -- Installing: /home/admin/ros2_ws/install/robotnik_supervisor_msgs/include/robotnik_supervisor_msgs/robotnik_supervisor_msgs/srv/detail/start_stack__traits.hpp
[7.676s] -- Installing: /home/admin/ros2_ws/install/robotnik_supervisor_msgs/include/robotnik_supervisor_msgs/robotnik_supervisor_msgs/srv/detail/restart_stack__builder.hpp
[7.676s] -- Installing: /home/admin/ros2_ws/install/robotnik_supervisor_msgs/include/robotnik_supervisor_msgs/robotnik_supervisor_msgs/srv/detail/get_stack_status__type_support.hpp
[7.676s] -- Installing: /home/admin/ros2_ws/install/robotnik_supervisor_msgs/include/robotnik_supervisor_msgs/robotnik_supervisor_msgs/srv/detail/start_module__builder.hpp
[7.676s] -- Installing: /home/admin/ros2_ws/install/robotnik_supervisor_msgs/include/robotnik_supervisor_msgs/robotnik_supervisor_msgs/srv/detail/get_stack_logs__traits.hpp
[7.676s] -- Installing: /home/admin/ros2_ws/install/robotnik_supervisor_msgs/include/robotnik_supervisor_msgs/robotnik_supervisor_msgs/srv/detail/get_stack_logs__builder.hpp
[7.676s] -- Installing: /home/admin/ros2_ws/install/robotnik_supervisor_msgs/include/robotnik_supervisor_msgs/robotnik_supervisor_msgs/srv/detail/get_stack_list__traits.hpp
[7.677s] -- Installing: /home/admin/ros2_ws/install/robotnik_supervisor_msgs/include/robotnik_supervisor_msgs/robotnik_supervisor_msgs/srv/detail/stop_module__traits.hpp
[7.677s] -- Installing: /home/admin/ros2_ws/install/robotnik_supervisor_msgs/include/robotnik_supervisor_msgs/robotnik_supervisor_msgs/srv/start_module.hpp
[7.677s] -- Installing: /home/admin/ros2_ws/install/robotnik_supervisor_msgs/include/robotnik_supervisor_msgs/robotnik_supervisor_msgs/srv/start_stack.hpp
[7.677s] -- Installing: /home/admin/ros2_ws/install/robotnik_supervisor_msgs/include/robotnik_supervisor_msgs/robotnik_supervisor_msgs/srv/get_stack_logs.hpp
[7.677s] -- Installing: /home/admin/ros2_ws/install/robotnik_supervisor_msgs/include/robotnik_supervisor_msgs/robotnik_supervisor_msgs/srv/get_stack_status.hpp
[7.677s] -- Installing: /home/admin/ros2_ws/install/robotnik_supervisor_msgs/include/robotnik_supervisor_msgs/robotnik_supervisor_msgs/srv/restart_stack.hpp
[7.677s] -- Installing: /home/admin/ros2_ws/install/robotnik_supervisor_msgs/include/robotnik_supervisor_msgs/robotnik_supervisor_msgs/srv/stop_stack.hpp
[7.677s] -- Installing: /home/admin/ros2_ws/install/robotnik_supervisor_msgs/include/robotnik_supervisor_msgs/robotnik_supervisor_msgs/srv/stop_module.hpp
[7.677s] -- Installing: /home/admin/ros2_ws/install/robotnik_supervisor_msgs/include/robotnik_supervisor_msgs/robotnik_supervisor_msgs/srv/get_module_list.hpp
[7.677s] -- Installing: /home/admin/ros2_ws/install/robotnik_supervisor_msgs/include/robotnik_supervisor_msgs/robotnik_supervisor_msgs/srv/get_stack_list.hpp
[7.677s] -- Installing: /home/admin/ros2_ws/install/robotnik_supervisor_msgs/include/robotnik_supervisor_msgs/robotnik_supervisor_msgs/srv/down_stack.hpp
[7.677s] -- Up-to-date: /home/admin/ros2_ws/install/robotnik_supervisor_msgs/include/robotnik_supervisor_msgs/robotnik_supervisor_msgs/msg
[7.677s] -- Installing: /home/admin/ros2_ws/install/robotnik_supervisor_msgs/include/robotnik_supervisor_msgs/robotnik_supervisor_msgs/msg/rosidl_generator_cpp__visibility_control.hpp
[7.677s] -- Up-to-date: /home/admin/ros2_ws/install/robotnik_supervisor_msgs/include/robotnik_supervisor_msgs/robotnik_supervisor_msgs
[7.677s] -- Up-to-date: /home/admin/ros2_ws/install/robotnik_supervisor_msgs/include/robotnik_supervisor_msgs/robotnik_supervisor_msgs/srv
[7.677s] -- Up-to-date: /home/admin/ros2_ws/install/robotnik_supervisor_msgs/include/robotnik_supervisor_msgs/robotnik_supervisor_msgs/srv/detail
[7.677s] -- Installing: /home/admin/ros2_ws/install/robotnik_supervisor_msgs/include/robotnik_supervisor_msgs/robotnik_supervisor_msgs/srv/detail/get_module_list__rosidl_typesupport_fastrtps_cpp.hpp
[7.677s] -- Installing: /home/admin/ros2_ws/install/robotnik_supervisor_msgs/include/robotnik_supervisor_msgs/robotnik_supervisor_msgs/srv/detail/restart_stack__rosidl_typesupport_fastrtps_cpp.hpp
[7.677s] -- Installing: /home/admin/ros2_ws/install/robotnik_supervisor_msgs/include/robotnik_supervisor_msgs/robotnik_supervisor_msgs/srv/detail/stop_stack__rosidl_typesupport_fastrtps_cpp.hpp
[7.677s] -- Installing: /home/admin/ros2_ws/install/robotnik_supervisor_msgs/include/robotnik_supervisor_msgs/robotnik_supervisor_msgs/srv/detail/stop_module__rosidl_typesupport_fastrtps_cpp.hpp
[7.677s] -- Installing: /home/admin/ros2_ws/install/robotnik_supervisor_msgs/include/robotnik_supervisor_msgs/robotnik_supervisor_msgs/srv/detail/down_stack__rosidl_typesupport_fastrtps_cpp.hpp
[7.677s] -- Installing: /home/admin/ros2_ws/install/robotnik_supervisor_msgs/include/robotnik_supervisor_msgs/robotnik_supervisor_msgs/srv/detail/start_module__rosidl_typesupport_fastrtps_cpp.hpp
[7.677s] -- Installing: /home/admin/ros2_ws/install/robotnik_supervisor_msgs/include/robotnik_supervisor_msgs/robotnik_supervisor_msgs/srv/detail/start_stack__rosidl_typesupport_fastrtps_cpp.hpp
[7.677s] -- Installing: /home/admin/ros2_ws/install/robotnik_supervisor_msgs/include/robotnik_supervisor_msgs/robotnik_supervisor_msgs/srv/detail/dds_fastrtps
[7.677s] -- Installing: /home/admin/ros2_ws/install/robotnik_supervisor_msgs/include/robotnik_supervisor_msgs/robotnik_supervisor_msgs/srv/detail/get_stack_status__rosidl_typesupport_fastrtps_cpp.hpp
[7.677s] -- Installing: /home/admin/ros2_ws/install/robotnik_supervisor_msgs/include/robotnik_supervisor_msgs/robotnik_supervisor_msgs/srv/detail/get_stack_list__rosidl_typesupport_fastrtps_cpp.hpp
[7.677s] -- Installing: /home/admin/ros2_ws/install/robotnik_supervisor_msgs/include/robotnik_supervisor_msgs/robotnik_supervisor_msgs/srv/detail/get_stack_logs__rosidl_typesupport_fastrtps_cpp.hpp
[7.677s] -- Up-to-date: /home/admin/ros2_ws/install/robotnik_supervisor_msgs/include/robotnik_supervisor_msgs/robotnik_supervisor_msgs/msg
[7.677s] -- Installing: /home/admin/ros2_ws/install/robotnik_supervisor_msgs/include/robotnik_supervisor_msgs/robotnik_supervisor_msgs/msg/rosidl_typesupport_fastrtps_cpp__visibility_control.h
[7.678s] -- Installing: /home/admin/ros2_ws/install/robotnik_supervisor_msgs/lib/librobotnik_supervisor_msgs__rosidl_typesupport_fastrtps_cpp.so
[7.678s] -- Set runtime path of "/home/admin/ros2_ws/install/robotnik_supervisor_msgs/lib/librobotnik_supervisor_msgs__rosidl_typesupport_fastrtps_cpp.so" to ""
[7.678s] -- Up-to-date: /home/admin/ros2_ws/install/robotnik_supervisor_msgs/include/robotnik_supervisor_msgs/robotnik_supervisor_msgs
[7.678s] -- Up-to-date: /home/admin/ros2_ws/install/robotnik_supervisor_msgs/include/robotnik_supervisor_msgs/robotnik_supervisor_msgs/srv
[7.678s] -- Up-to-date: /home/admin/ros2_ws/install/robotnik_supervisor_msgs/include/robotnik_supervisor_msgs/robotnik_supervisor_msgs/srv/detail
[7.678s] -- Installing: /home/admin/ros2_ws/install/robotnik_supervisor_msgs/include/robotnik_supervisor_msgs/robotnik_supervisor_msgs/srv/detail/get_stack_status__type_support.c
[7.678s] -- Installing: /home/admin/ros2_ws/install/robotnik_supervisor_msgs/include/robotnik_supervisor_msgs/robotnik_supervisor_msgs/srv/detail/start_stack__rosidl_typesupport_introspection_c.h
[7.678s] -- Installing: /home/admin/ros2_ws/install/robotnik_supervisor_msgs/include/robotnik_supervisor_msgs/robotnik_supervisor_msgs/srv/detail/stop_module__rosidl_typesupport_introspection_c.h
[7.678s] -- Installing: /home/admin/ros2_ws/install/robotnik_supervisor_msgs/include/robotnik_supervisor_msgs/robotnik_supervisor_msgs/srv/detail/stop_stack__rosidl_typesupport_introspection_c.h
[7.678s] -- Installing: /home/admin/ros2_ws/install/robotnik_supervisor_msgs/include/robotnik_supervisor_msgs/robotnik_supervisor_msgs/srv/detail/stop_module__type_support.c
[7.678s] -- Installing: /home/admin/ros2_ws/install/robotnik_supervisor_msgs/include/robotnik_supervisor_msgs/robotnik_supervisor_msgs/srv/detail/down_stack__type_support.c
[7.678s] -- Installing: /home/admin/ros2_ws/install/robotnik_supervisor_msgs/include/robotnik_supervisor_msgs/robotnik_supervisor_msgs/srv/detail/get_stack_list__rosidl_typesupport_introspection_c.h
[7.678s] -- Installing: /home/admin/ros2_ws/install/robotnik_supervisor_msgs/include/robotnik_supervisor_msgs/robotnik_supervisor_msgs/srv/detail/get_stack_list__type_support.c
[7.678s] -- Installing: /home/admin/ros2_ws/install/robotnik_supervisor_msgs/include/robotnik_supervisor_msgs/robotnik_supervisor_msgs/srv/detail/start_module__rosidl_typesupport_introspection_c.h
[7.678s] -- Installing: /home/admin/ros2_ws/install/robotnik_supervisor_msgs/include/robotnik_supervisor_msgs/robotnik_supervisor_msgs/srv/detail/get_module_list__rosidl_typesupport_introspection_c.h
[7.678s] -- Installing: /home/admin/ros2_ws/install/robotnik_supervisor_msgs/include/robotnik_supervisor_msgs/robotnik_supervisor_msgs/srv/detail/restart_stack__rosidl_typesupport_introspection_c.h
[7.678s] -- Installing: /home/admin/ros2_ws/install/robotnik_supervisor_msgs/include/robotnik_supervisor_msgs/robotnik_supervisor_msgs/srv/detail/down_stack__rosidl_typesupport_introspection_c.h
[7.678s] -- Installing: /home/admin/ros2_ws/install/robotnik_supervisor_msgs/include/robotnik_supervisor_msgs/robotnik_supervisor_msgs/srv/detail/get_module_list__type_support.c
[7.678s] -- Installing: /home/admin/ros2_ws/install/robotnik_supervisor_msgs/include/robotnik_supervisor_msgs/robotnik_supervisor_msgs/srv/detail/restart_stack__type_support.c
[7.678s] -- Installing: /home/admin/ros2_ws/install/robotnik_supervisor_msgs/include/robotnik_supervisor_msgs/robotnik_supervisor_msgs/srv/detail/start_stack__type_support.c
[7.678s] -- Installing: /home/admin/ros2_ws/install/robotnik_supervisor_msgs/include/robotnik_supervisor_msgs/robotnik_supervisor_msgs/srv/detail/start_module__type_support.c
[7.679s] -- Installing: /home/admin/ros2_ws/install/robotnik_supervisor_msgs/include/robotnik_supervisor_msgs/robotnik_supervisor_msgs/srv/detail/get_stack_logs__rosidl_typesupport_introspection_c.h
[7.679s] -- Installing: /home/admin/ros2_ws/install/robotnik_supervisor_msgs/include/robotnik_supervisor_msgs/robotnik_supervisor_msgs/srv/detail/stop_stack__type_support.c
[7.679s] -- Installing: /home/admin/ros2_ws/install/robotnik_supervisor_msgs/include/robotnik_supervisor_msgs/robotnik_supervisor_msgs/srv/detail/get_stack_logs__type_support.c
[7.679s] -- Installing: /home/admin/ros2_ws/install/robotnik_supervisor_msgs/include/robotnik_supervisor_msgs/robotnik_supervisor_msgs/srv/detail/get_stack_status__rosidl_typesupport_introspection_c.h
[7.679s] -- Up-to-date: /home/admin/ros2_ws/install/robotnik_supervisor_msgs/include/robotnik_supervisor_msgs/robotnik_supervisor_msgs/msg
[7.679s] -- Installing: /home/admin/ros2_ws/install/robotnik_supervisor_msgs/include/robotnik_supervisor_msgs/robotnik_supervisor_msgs/msg/rosidl_typesupport_introspection_c__visibility_control.h
[7.679s] -- Installing: /home/admin/ros2_ws/install/robotnik_supervisor_msgs/lib/librobotnik_supervisor_msgs__rosidl_typesupport_introspection_c.so
[7.679s] -- Set runtime path of "/home/admin/ros2_ws/install/robotnik_supervisor_msgs/lib/librobotnik_supervisor_msgs__rosidl_typesupport_introspection_c.so" to ""
[7.679s] -- Installing: /home/admin/ros2_ws/install/robotnik_supervisor_msgs/lib/librobotnik_supervisor_msgs__rosidl_typesupport_c.so
[7.679s] -- Set runtime path of "/home/admin/ros2_ws/install/robotnik_supervisor_msgs/lib/librobotnik_supervisor_msgs__rosidl_typesupport_c.so" to ""
[7.679s] -- Up-to-date: /home/admin/ros2_ws/install/robotnik_supervisor_msgs/include/robotnik_supervisor_msgs/robotnik_supervisor_msgs
[7.679s] -- Up-to-date: /home/admin/ros2_ws/install/robotnik_supervisor_msgs/include/robotnik_supervisor_msgs/robotnik_supervisor_msgs/srv
[7.679s] -- Up-to-date: /home/admin/ros2_ws/install/robotnik_supervisor_msgs/include/robotnik_supervisor_msgs/robotnik_supervisor_msgs/srv/detail
[7.679s] -- Installing: /home/admin/ros2_ws/install/robotnik_supervisor_msgs/include/robotnik_supervisor_msgs/robotnik_supervisor_msgs/srv/detail/get_stack_list__type_support.cpp
[7.679s] -- Installing: /home/admin/ros2_ws/install/robotnik_supervisor_msgs/include/robotnik_supervisor_msgs/robotnik_supervisor_msgs/srv/detail/get_stack_logs__rosidl_typesupport_introspection_cpp.hpp
[7.679s] -- Installing: /home/admin/ros2_ws/install/robotnik_supervisor_msgs/include/robotnik_supervisor_msgs/robotnik_supervisor_msgs/srv/detail/down_stack__rosidl_typesupport_introspection_cpp.hpp
[7.679s] -- Installing: /home/admin/ros2_ws/install/robotnik_supervisor_msgs/include/robotnik_supervisor_msgs/robotnik_supervisor_msgs/srv/detail/down_stack__type_support.cpp
[7.679s] -- Installing: /home/admin/ros2_ws/install/robotnik_supervisor_msgs/include/robotnik_supervisor_msgs/robotnik_supervisor_msgs/srv/detail/get_stack_logs__type_support.cpp
[7.680s] -- Installing: /home/admin/ros2_ws/install/robotnik_supervisor_msgs/include/robotnik_supervisor_msgs/robotnik_supervisor_msgs/srv/detail/stop_module__type_support.cpp
[7.680s] -- Installing: /home/admin/ros2_ws/install/robotnik_supervisor_msgs/include/robotnik_supervisor_msgs/robotnik_supervisor_msgs/srv/detail/get_module_list__rosidl_typesupport_introspection_cpp.hpp
[7.680s] -- Installing: /home/admin/ros2_ws/install/robotnik_supervisor_msgs/include/robotnik_supervisor_msgs/robotnik_supervisor_msgs/srv/detail/start_stack__rosidl_typesupport_introspection_cpp.hpp
[7.680s] -- Installing: /home/admin/ros2_ws/install/robotnik_supervisor_msgs/include/robotnik_supervisor_msgs/robotnik_supervisor_msgs/srv/detail/start_module__type_support.cpp
[7.680s] -- Installing: /home/admin/ros2_ws/install/robotnik_supervisor_msgs/include/robotnik_supervisor_msgs/robotnik_supervisor_msgs/srv/detail/get_stack_list__rosidl_typesupport_introspection_cpp.hpp
[7.680s] -- Installing: /home/admin/ros2_ws/install/robotnik_supervisor_msgs/include/robotnik_supervisor_msgs/robotnik_supervisor_msgs/srv/detail/stop_module__rosidl_typesupport_introspection_cpp.hpp
[7.680s] -- Installing: /home/admin/ros2_ws/install/robotnik_supervisor_msgs/include/robotnik_supervisor_msgs/robotnik_supervisor_msgs/srv/detail/stop_stack__rosidl_typesupport_introspection_cpp.hpp
[7.680s] -- Installing: /home/admin/ros2_ws/install/robotnik_supervisor_msgs/include/robotnik_supervisor_msgs/robotnik_supervisor_msgs/srv/detail/restart_stack__type_support.cpp
[7.680s] -- Installing: /home/admin/ros2_ws/install/robotnik_supervisor_msgs/include/robotnik_supervisor_msgs/robotnik_supervisor_msgs/srv/detail/restart_stack__rosidl_typesupport_introspection_cpp.hpp
[7.680s] -- Installing: /home/admin/ros2_ws/install/robotnik_supervisor_msgs/include/robotnik_supervisor_msgs/robotnik_supervisor_msgs/srv/detail/get_stack_status__rosidl_typesupport_introspection_cpp.hpp
[7.680s] -- Installing: /home/admin/ros2_ws/install/robotnik_supervisor_msgs/include/robotnik_supervisor_msgs/robotnik_supervisor_msgs/srv/detail/start_module__rosidl_typesupport_introspection_cpp.hpp
[7.680s] -- Installing: /home/admin/ros2_ws/install/robotnik_supervisor_msgs/include/robotnik_supervisor_msgs/robotnik_supervisor_msgs/srv/detail/get_stack_status__type_support.cpp
[7.680s] -- Installing: /home/admin/ros2_ws/install/robotnik_supervisor_msgs/include/robotnik_supervisor_msgs/robotnik_supervisor_msgs/srv/detail/start_stack__type_support.cpp
[7.680s] -- Installing: /home/admin/ros2_ws/install/robotnik_supervisor_msgs/include/robotnik_supervisor_msgs/robotnik_supervisor_msgs/srv/detail/stop_stack__type_support.cpp
[7.680s] -- Installing: /home/admin/ros2_ws/install/robotnik_supervisor_msgs/include/robotnik_supervisor_msgs/robotnik_supervisor_msgs/srv/detail/get_module_list__type_support.cpp
[7.680s] -- Installing: /home/admin/ros2_ws/install/robotnik_supervisor_msgs/lib/librobotnik_supervisor_msgs__rosidl_typesupport_introspection_cpp.so
[7.680s] -- Set runtime path of "/home/admin/ros2_ws/install/robotnik_supervisor_msgs/lib/librobotnik_supervisor_msgs__rosidl_typesupport_introspection_cpp.so" to ""
[7.680s] -- Installing: /home/admin/ros2_ws/install/robotnik_supervisor_msgs/lib/librobotnik_supervisor_msgs__rosidl_typesupport_cpp.so
[7.681s] -- Set runtime path of "/home/admin/ros2_ws/install/robotnik_supervisor_msgs/lib/librobotnik_supervisor_msgs__rosidl_typesupport_cpp.so" to ""
[7.681s] -- Installing: /home/admin/ros2_ws/install/robotnik_supervisor_msgs/share/robotnik_supervisor_msgs/environment/pythonpath.sh
[7.681s] -- Installing: /home/admin/ros2_ws/install/robotnik_supervisor_msgs/share/robotnik_supervisor_msgs/environment/pythonpath.dsv
[7.681s] -- Installing: /home/admin/ros2_ws/install/robotnik_supervisor_msgs/local/lib/python3.10/dist-packages/robotnik_supervisor_msgs-1.0.0-py3.10.egg-info
[7.681s] -- Installing: /home/admin/ros2_ws/install/robotnik_supervisor_msgs/local/lib/python3.10/dist-packages/robotnik_supervisor_msgs-1.0.0-py3.10.egg-info/PKG-INFO
[7.681s] -- Installing: /home/admin/ros2_ws/install/robotnik_supervisor_msgs/local/lib/python3.10/dist-packages/robotnik_supervisor_msgs-1.0.0-py3.10.egg-info/SOURCES.txt
[7.681s] -- Installing: /home/admin/ros2_ws/install/robotnik_supervisor_msgs/local/lib/python3.10/dist-packages/robotnik_supervisor_msgs-1.0.0-py3.10.egg-info/dependency_links.txt
[7.681s] -- Installing: /home/admin/ros2_ws/install/robotnik_supervisor_msgs/local/lib/python3.10/dist-packages/robotnik_supervisor_msgs-1.0.0-py3.10.egg-info/top_level.txt
[7.681s] -- Installing: /home/admin/ros2_ws/install/robotnik_supervisor_msgs/local/lib/python3.10/dist-packages/robotnik_supervisor_msgs
[7.681s] -- Installing: /home/admin/ros2_ws/install/robotnik_supervisor_msgs/local/lib/python3.10/dist-packages/robotnik_supervisor_msgs/_robotnik_supervisor_msgs_s.ep.rosidl_typesupport_fastrtps_c.c
[7.681s] -- Installing: /home/admin/ros2_ws/install/robotnik_supervisor_msgs/local/lib/python3.10/dist-packages/robotnik_supervisor_msgs/_robotnik_supervisor_msgs_s.ep.rosidl_typesupport_c.c
[7.681s] -- Installing: /home/admin/ros2_ws/install/robotnik_supervisor_msgs/local/lib/python3.10/dist-packages/robotnik_supervisor_msgs/robotnik_supervisor_msgs_s__rosidl_typesupport_introspection_c.cpython-310-x86_64-linux-gnu.so
[7.681s] -- Installing: /home/admin/ros2_ws/install/robotnik_supervisor_msgs/local/lib/python3.10/dist-packages/robotnik_supervisor_msgs/robotnik_supervisor_msgs_s__rosidl_typesupport_fastrtps_c.cpython-310-x86_64-linux-gnu.so
[7.681s] -- Installing: /home/admin/ros2_ws/install/robotnik_supervisor_msgs/local/lib/python3.10/dist-packages/robotnik_supervisor_msgs/robotnik_supervisor_msgs_s__rosidl_typesupport_c.cpython-310-x86_64-linux-gnu.so
[7.681s] -- Installing: /home/admin/ros2_ws/install/robotnik_supervisor_msgs/local/lib/python3.10/dist-packages/robotnik_supervisor_msgs/__init__.py
[7.681s] -- Installing: /home/admin/ros2_ws/install/robotnik_supervisor_msgs/local/lib/python3.10/dist-packages/robotnik_supervisor_msgs/librobotnik_supervisor_msgs__rosidl_generator_py.so
[7.681s] -- Installing: /home/admin/ros2_ws/install/robotnik_supervisor_msgs/local/lib/python3.10/dist-packages/robotnik_supervisor_msgs/srv
[7.681s] -- Installing: /home/admin/ros2_ws/install/robotnik_supervisor_msgs/local/lib/python3.10/dist-packages/robotnik_supervisor_msgs/srv/_get_stack_logs.py
[7.682s] -- Installing: /home/admin/ros2_ws/install/robotnik_supervisor_msgs/local/lib/python3.10/dist-packages/robotnik_supervisor_msgs/srv/_stop_stack_s.c
[7.682s] -- Installing: /home/admin/ros2_ws/install/robotnik_supervisor_msgs/local/lib/python3.10/dist-packages/robotnik_supervisor_msgs/srv/_start_module.py
[7.682s] -- Installing: /home/admin/ros2_ws/install/robotnik_supervisor_msgs/local/lib/python3.10/dist-packages/robotnik_supervisor_msgs/srv/_stop_module_s.c
[7.682s] -- Installing: /home/admin/ros2_ws/install/robotnik_supervisor_msgs/local/lib/python3.10/dist-packages/robotnik_supervisor_msgs/srv/_stop_module.py
[7.682s] -- Installing: /home/admin/ros2_ws/install/robotnik_supervisor_msgs/local/lib/python3.10/dist-packages/robotnik_supervisor_msgs/srv/__init__.py
[7.682s] -- Installing: /home/admin/ros2_ws/install/robotnik_supervisor_msgs/local/lib/python3.10/dist-packages/robotnik_supervisor_msgs/srv/_down_stack_s.c
[7.682s] -- Installing: /home/admin/ros2_ws/install/robotnik_supervisor_msgs/local/lib/python3.10/dist-packages/robotnik_supervisor_msgs/srv/_get_module_list_s.c
[7.682s] -- Installing: /home/admin/ros2_ws/install/robotnik_supervisor_msgs/local/lib/python3.10/dist-packages/robotnik_supervisor_msgs/srv/_start_module_s.c
[7.682s] -- Installing: /home/admin/ros2_ws/install/robotnik_supervisor_msgs/local/lib/python3.10/dist-packages/robotnik_supervisor_msgs/srv/_get_stack_list.py
[7.682s] -- Installing: /home/admin/ros2_ws/install/robotnik_supervisor_msgs/local/lib/python3.10/dist-packages/robotnik_supervisor_msgs/srv/_start_stack.py
[7.682s] -- Installing: /home/admin/ros2_ws/install/robotnik_supervisor_msgs/local/lib/python3.10/dist-packages/robotnik_supervisor_msgs/srv/_down_stack.py
[7.682s] -- Installing: /home/admin/ros2_ws/install/robotnik_supervisor_msgs/local/lib/python3.10/dist-packages/robotnik_supervisor_msgs/srv/_get_stack_list_s.c
[7.682s] -- Installing: /home/admin/ros2_ws/install/robotnik_supervisor_msgs/local/lib/python3.10/dist-packages/robotnik_supervisor_msgs/srv/_get_stack_logs_s.c
[7.682s] -- Installing: /home/admin/ros2_ws/install/robotnik_supervisor_msgs/local/lib/python3.10/dist-packages/robotnik_supervisor_msgs/srv/_get_module_list.py
[7.682s] -- Installing: /home/admin/ros2_ws/install/robotnik_supervisor_msgs/local/lib/python3.10/dist-packages/robotnik_supervisor_msgs/srv/_stop_stack.py
[7.682s] -- Installing: /home/admin/ros2_ws/install/robotnik_supervisor_msgs/local/lib/python3.10/dist-packages/robotnik_supervisor_msgs/srv/_restart_stack_s.c
[7.682s] -- Installing: /home/admin/ros2_ws/install/robotnik_supervisor_msgs/local/lib/python3.10/dist-packages/robotnik_supervisor_msgs/srv/_get_stack_status_s.c
[7.682s] -- Installing: /home/admin/ros2_ws/install/robotnik_supervisor_msgs/local/lib/python3.10/dist-packages/robotnik_supervisor_msgs/srv/_get_stack_status.py
[7.682s] -- Installing: /home/admin/ros2_ws/install/robotnik_supervisor_msgs/local/lib/python3.10/dist-packages/robotnik_supervisor_msgs/srv/_start_stack_s.c
[7.682s] -- Installing: /home/admin/ros2_ws/install/robotnik_supervisor_msgs/local/lib/python3.10/dist-packages/robotnik_supervisor_msgs/srv/_restart_stack.py
[7.682s] -- Installing: /home/admin/ros2_ws/install/robotnik_supervisor_msgs/local/lib/python3.10/dist-packages/robotnik_supervisor_msgs/_robotnik_supervisor_msgs_s.ep.rosidl_typesupport_introspection_c.c
[7.714s] Listing '/home/admin/ros2_ws/install/robotnik_supervisor_msgs/local/lib/python3.10/dist-packages/robotnik_supervisor_msgs'...
[7.714s] Compiling '/home/admin/ros2_ws/install/robotnik_supervisor_msgs/local/lib/python3.10/dist-packages/robotnik_supervisor_msgs/__init__.py'...
[7.714s] Listing '/home/admin/ros2_ws/install/robotnik_supervisor_msgs/local/lib/python3.10/dist-packages/robotnik_supervisor_msgs/srv'...
[7.714s] Compiling '/home/admin/ros2_ws/install/robotnik_supervisor_msgs/local/lib/python3.10/dist-packages/robotnik_supervisor_msgs/srv/__init__.py'...
[7.714s] Compiling '/home/admin/ros2_ws/install/robotnik_supervisor_msgs/local/lib/python3.10/dist-packages/robotnik_supervisor_msgs/srv/_down_stack.py'...
[7.715s] Compiling '/home/admin/ros2_ws/install/robotnik_supervisor_msgs/local/lib/python3.10/dist-packages/robotnik_supervisor_msgs/srv/_get_module_list.py'...
[7.715s] Compiling '/home/admin/ros2_ws/install/robotnik_supervisor_msgs/local/lib/python3.10/dist-packages/robotnik_supervisor_msgs/srv/_get_stack_list.py'...
[7.715s] Compiling '/home/admin/ros2_ws/install/robotnik_supervisor_msgs/local/lib/python3.10/dist-packages/robotnik_supervisor_msgs/srv/_get_stack_logs.py'...
[7.715s] Compiling '/home/admin/ros2_ws/install/robotnik_supervisor_msgs/local/lib/python3.10/dist-packages/robotnik_supervisor_msgs/srv/_get_stack_status.py'...
[7.715s] Compiling '/home/admin/ros2_ws/install/robotnik_supervisor_msgs/local/lib/python3.10/dist-packages/robotnik_supervisor_msgs/srv/_restart_stack.py'...
[7.715s] Compiling '/home/admin/ros2_ws/install/robotnik_supervisor_msgs/local/lib/python3.10/dist-packages/robotnik_supervisor_msgs/srv/_start_module.py'...
[7.715s] Compiling '/home/admin/ros2_ws/install/robotnik_supervisor_msgs/local/lib/python3.10/dist-packages/robotnik_supervisor_msgs/srv/_start_stack.py'...
[7.715s] Compiling '/home/admin/ros2_ws/install/robotnik_supervisor_msgs/local/lib/python3.10/dist-packages/robotnik_supervisor_msgs/srv/_stop_module.py'...
[7.715s] Compiling '/home/admin/ros2_ws/install/robotnik_supervisor_msgs/local/lib/python3.10/dist-packages/robotnik_supervisor_msgs/srv/_stop_stack.py'...
[7.717s] -- Installing: /home/admin/ros2_ws/install/robotnik_supervisor_msgs/local/lib/python3.10/dist-packages/robotnik_supervisor_msgs/robotnik_supervisor_msgs_s__rosidl_typesupport_fastrtps_c.cpython-310-x86_64-linux-gnu.so
[7.717s] -- Set runtime path of "/home/admin/ros2_ws/install/robotnik_supervisor_msgs/local/lib/python3.10/dist-packages/robotnik_supervisor_msgs/robotnik_supervisor_msgs_s__rosidl_typesupport_fastrtps_c.cpython-310-x86_64-linux-gnu.so" to ""
[7.717s] -- Installing: /home/admin/ros2_ws/install/robotnik_supervisor_msgs/local/lib/python3.10/dist-packages/robotnik_supervisor_msgs/robotnik_supervisor_msgs_s__rosidl_typesupport_introspection_c.cpython-310-x86_64-linux-gnu.so
[7.717s] -- Set runtime path of "/home/admin/ros2_ws/install/robotnik_supervisor_msgs/local/lib/python3.10/dist-packages/robotnik_supervisor_msgs/robotnik_supervisor_msgs_s__rosidl_typesupport_introspection_c.cpython-310-x86_64-linux-gnu.so" to ""
[7.718s] -- Installing: /home/admin/ros2_ws/install/robotnik_supervisor_msgs/local/lib/python3.10/dist-packages/robotnik_supervisor_msgs/robotnik_supervisor_msgs_s__rosidl_typesupport_c.cpython-310-x86_64-linux-gnu.so
[7.718s] -- Set runtime path of "/home/admin/ros2_ws/install/robotnik_supervisor_msgs/local/lib/python3.10/dist-packages/robotnik_supervisor_msgs/robotnik_supervisor_msgs_s__rosidl_typesupport_c.cpython-310-x86_64-linux-gnu.so" to ""
[7.718s] -- Installing: /home/admin/ros2_ws/install/robotnik_supervisor_msgs/lib/librobotnik_supervisor_msgs__rosidl_generator_py.so
[7.718s] -- Set runtime path of "/home/admin/ros2_ws/install/robotnik_supervisor_msgs/lib/librobotnik_supervisor_msgs__rosidl_generator_py.so" to ""
[7.718s] -- Installing: /home/admin/ros2_ws/install/robotnik_supervisor_msgs/share/robotnik_supervisor_msgs/srv/DownStack.idl
[7.718s] -- Installing: /home/admin/ros2_ws/install/robotnik_supervisor_msgs/share/robotnik_supervisor_msgs/srv/GetModuleList.idl
[7.718s] -- Installing: /home/admin/ros2_ws/install/robotnik_supervisor_msgs/share/robotnik_supervisor_msgs/srv/GetStackList.idl
[7.718s] -- Installing: /home/admin/ros2_ws/install/robotnik_supervisor_msgs/share/robotnik_supervisor_msgs/srv/GetStackLogs.idl
[7.718s] -- Installing: /home/admin/ros2_ws/install/robotnik_supervisor_msgs/share/robotnik_supervisor_msgs/srv/GetStackStatus.idl
[7.718s] -- Installing: /home/admin/ros2_ws/install/robotnik_supervisor_msgs/share/robotnik_supervisor_msgs/srv/RestartStack.idl
[7.718s] -- Installing: /home/admin/ros2_ws/install/robotnik_supervisor_msgs/share/robotnik_supervisor_msgs/srv/StartModule.idl
[7.718s] -- Installing: /home/admin/ros2_ws/install/robotnik_supervisor_msgs/share/robotnik_supervisor_msgs/srv/StartStack.idl
[7.718s] -- Installing: /home/admin/ros2_ws/install/robotnik_supervisor_msgs/share/robotnik_supervisor_msgs/srv/StopModule.idl
[7.718s] -- Installing: /home/admin/ros2_ws/install/robotnik_supervisor_msgs/share/robotnik_supervisor_msgs/srv/StopStack.idl
[7.718s] -- Installing: /home/admin/ros2_ws/install/robotnik_supervisor_msgs/share/robotnik_supervisor_msgs/srv/DownStack.srv
[7.718s] -- Installing: /home/admin/ros2_ws/install/robotnik_supervisor_msgs/share/robotnik_supervisor_msgs/srv/DownStack_Request.msg
[7.718s] -- Installing: /home/admin/ros2_ws/install/robotnik_supervisor_msgs/share/robotnik_supervisor_msgs/srv/DownStack_Response.msg
[7.718s] -- Installing: /home/admin/ros2_ws/install/robotnik_supervisor_msgs/share/robotnik_supervisor_msgs/srv/GetModuleList.srv
[7.718s] -- Installing: /home/admin/ros2_ws/install/robotnik_supervisor_msgs/share/robotnik_supervisor_msgs/srv/GetModuleList_Request.msg
[7.719s] -- Installing: /home/admin/ros2_ws/install/robotnik_supervisor_msgs/share/robotnik_supervisor_msgs/srv/GetModuleList_Response.msg
[7.719s] -- Installing: /home/admin/ros2_ws/install/robotnik_supervisor_msgs/share/robotnik_supervisor_msgs/srv/GetStackList.srv
[7.719s] -- Installing: /home/admin/ros2_ws/install/robotnik_supervisor_msgs/share/robotnik_supervisor_msgs/srv/GetStackList_Request.msg
[7.719s] -- Installing: /home/admin/ros2_ws/install/robotnik_supervisor_msgs/share/robotnik_supervisor_msgs/srv/GetStackList_Response.msg
[7.719s] -- Installing: /home/admin/ros2_ws/install/robotnik_supervisor_msgs/share/robotnik_supervisor_msgs/srv/GetStackLogs.srv
[7.719s] -- Installing: /home/admin/ros2_ws/install/robotnik_supervisor_msgs/share/robotnik_supervisor_msgs/srv/GetStackLogs_Request.msg
[7.719s] -- Installing: /home/admin/ros2_ws/install/robotnik_supervisor_msgs/share/robotnik_supervisor_msgs/srv/GetStackLogs_Response.msg
[7.719s] -- Installing: /home/admin/ros2_ws/install/robotnik_supervisor_msgs/share/robotnik_supervisor_msgs/srv/GetStackStatus.srv
[7.719s] -- Installing: /home/admin/ros2_ws/install/robotnik_supervisor_msgs/share/robotnik_supervisor_msgs/srv/GetStackStatus_Request.msg
[7.719s] -- Installing: /home/admin/ros2_ws/install/robotnik_supervisor_msgs/share/robotnik_supervisor_msgs/srv/GetStackStatus_Response.msg
[7.719s] -- Installing: /home/admin/ros2_ws/install/robotnik_supervisor_msgs/share/robotnik_supervisor_msgs/srv/RestartStack.srv
[7.719s] -- Installing: /home/admin/ros2_ws/install/robotnik_supervisor_msgs/share/robotnik_supervisor_msgs/srv/RestartStack_Request.msg
[7.719s] -- Installing: /home/admin/ros2_ws/install/robotnik_supervisor_msgs/share/robotnik_supervisor_msgs/srv/RestartStack_Response.msg
[7.719s] -- Installing: /home/admin/ros2_ws/install/robotnik_supervisor_msgs/share/robotnik_supervisor_msgs/srv/StartModule.srv
[7.719s] -- Installing: /home/admin/ros2_ws/install/robotnik_supervisor_msgs/share/robotnik_supervisor_msgs/srv/StartModule_Request.msg
[7.719s] -- Installing: /home/admin/ros2_ws/install/robotnik_supervisor_msgs/share/robotnik_supervisor_msgs/srv/StartModule_Response.msg
[7.719s] -- Installing: /home/admin/ros2_ws/install/robotnik_supervisor_msgs/share/robotnik_supervisor_msgs/srv/StartStack.srv
[7.719s] -- Installing: /home/admin/ros2_ws/install/robotnik_supervisor_msgs/share/robotnik_supervisor_msgs/srv/StartStack_Request.msg
[7.719s] -- Installing: /home/admin/ros2_ws/install/robotnik_supervisor_msgs/share/robotnik_supervisor_msgs/srv/StartStack_Response.msg
[7.719s] -- Installing: /home/admin/ros2_ws/install/robotnik_supervisor_msgs/share/robotnik_supervisor_msgs/srv/StopModule.srv
[7.719s] -- Installing: /home/admin/ros2_ws/install/robotnik_supervisor_msgs/share/robotnik_supervisor_msgs/srv/StopModule_Request.msg
[7.719s] -- Installing: /home/admin/ros2_ws/install/robotnik_supervisor_msgs/share/robotnik_supervisor_msgs/srv/StopModule_Response.msg
[7.720s] -- Installing: /home/admin/ros2_ws/install/robotnik_supervisor_msgs/share/robotnik_supervisor_msgs/srv/StopStack.srv
[7.720s] -- Installing: /home/admin/ros2_ws/install/robotnik_supervisor_msgs/share/robotnik_supervisor_msgs/srv/StopStack_Request.msg
[7.720s] -- Installing: /home/admin/ros2_ws/install/robotnik_supervisor_msgs/share/robotnik_supervisor_msgs/srv/StopStack_Response.msg
[7.720s] -- Installing: /home/admin/ros2_ws/install/robotnik_supervisor_msgs/share/ament_index/resource_index/package_run_dependencies/robotnik_supervisor_msgs
[7.720s] -- Installing: /home/admin/ros2_ws/install/robotnik_supervisor_msgs/share/ament_index/resource_index/parent_prefix_path/robotnik_supervisor_msgs
[7.720s] -- Installing: /home/admin/ros2_ws/install/robotnik_supervisor_msgs/share/robotnik_supervisor_msgs/environment/ament_prefix_path.sh
[7.720s] -- Installing: /home/admin/ros2_ws/install/robotnik_supervisor_msgs/share/robotnik_supervisor_msgs/environment/ament_prefix_path.dsv
[7.720s] -- Installing: /home/admin/ros2_ws/install/robotnik_supervisor_msgs/share/robotnik_supervisor_msgs/environment/path.sh
[7.720s] -- Installing: /home/admin/ros2_ws/install/robotnik_supervisor_msgs/share/robotnik_supervisor_msgs/environment/path.dsv
[7.720s] -- Installing: /home/admin/ros2_ws/install/robotnik_supervisor_msgs/share/robotnik_supervisor_msgs/local_setup.bash
[7.720s] -- Installing: /home/admin/ros2_ws/install/robotnik_supervisor_msgs/share/robotnik_supervisor_msgs/local_setup.sh
[7.720s] -- Installing: /home/admin/ros2_ws/install/robotnik_supervisor_msgs/share/robotnik_supervisor_msgs/local_setup.zsh
[7.720s] -- Installing: /home/admin/ros2_ws/install/robotnik_supervisor_msgs/share/robotnik_supervisor_msgs/local_setup.dsv
[7.720s] -- Installing: /home/admin/ros2_ws/install/robotnik_supervisor_msgs/share/robotnik_supervisor_msgs/package.dsv
[7.721s] -- Installing: /home/admin/ros2_ws/install/robotnik_supervisor_msgs/share/ament_index/resource_index/packages/robotnik_supervisor_msgs
[7.721s] -- Installing: /home/admin/ros2_ws/install/robotnik_supervisor_msgs/share/robotnik_supervisor_msgs/cmake/export_robotnik_supervisor_msgs__rosidl_generator_cExport.cmake
[7.721s] -- Installing: /home/admin/ros2_ws/install/robotnik_supervisor_msgs/share/robotnik_supervisor_msgs/cmake/export_robotnik_supervisor_msgs__rosidl_generator_cExport-noconfig.cmake
[7.721s] -- Installing: /home/admin/ros2_ws/install/robotnik_supervisor_msgs/share/robotnik_supervisor_msgs/cmake/export_robotnik_supervisor_msgs__rosidl_typesupport_fastrtps_cExport.cmake
[7.721s] -- Installing: /home/admin/ros2_ws/install/robotnik_supervisor_msgs/share/robotnik_supervisor_msgs/cmake/export_robotnik_supervisor_msgs__rosidl_typesupport_fastrtps_cExport-noconfig.cmake
[7.721s] -- Installing: /home/admin/ros2_ws/install/robotnik_supervisor_msgs/share/robotnik_supervisor_msgs/cmake/export_robotnik_supervisor_msgs__rosidl_generator_cppExport.cmake
[7.721s] -- Installing: /home/admin/ros2_ws/install/robotnik_supervisor_msgs/share/robotnik_supervisor_msgs/cmake/export_robotnik_supervisor_msgs__rosidl_typesupport_fastrtps_cppExport.cmake
[7.721s] -- Installing: /home/admin/ros2_ws/install/robotnik_supervisor_msgs/share/robotnik_supervisor_msgs/cmake/export_robotnik_supervisor_msgs__rosidl_typesupport_fastrtps_cppExport-noconfig.cmake
[7.721s] -- Installing: /home/admin/ros2_ws/install/robotnik_supervisor_msgs/share/robotnik_supervisor_msgs/cmake/robotnik_supervisor_msgs__rosidl_typesupport_introspection_cExport.cmake
[7.721s] -- Installing: /home/admin/ros2_ws/install/robotnik_supervisor_msgs/share/robotnik_supervisor_msgs/cmake/robotnik_supervisor_msgs__rosidl_typesupport_introspection_cExport-noconfig.cmake
[7.721s] -- Installing: /home/admin/ros2_ws/install/robotnik_supervisor_msgs/share/robotnik_supervisor_msgs/cmake/robotnik_supervisor_msgs__rosidl_typesupport_cExport.cmake
[7.721s] -- Installing: /home/admin/ros2_ws/install/robotnik_supervisor_msgs/share/robotnik_supervisor_msgs/cmake/robotnik_supervisor_msgs__rosidl_typesupport_cExport-noconfig.cmake
[7.721s] -- Installing: /home/admin/ros2_ws/install/robotnik_supervisor_msgs/share/robotnik_supervisor_msgs/cmake/robotnik_supervisor_msgs__rosidl_typesupport_introspection_cppExport.cmake
[7.721s] -- Installing: /home/admin/ros2_ws/install/robotnik_supervisor_msgs/share/robotnik_supervisor_msgs/cmake/robotnik_supervisor_msgs__rosidl_typesupport_introspection_cppExport-noconfig.cmake
[7.721s] -- Installing: /home/admin/ros2_ws/install/robotnik_supervisor_msgs/share/robotnik_supervisor_msgs/cmake/robotnik_supervisor_msgs__rosidl_typesupport_cppExport.cmake
[7.721s] -- Installing: /home/admin/ros2_ws/install/robotnik_supervisor_msgs/share/robotnik_supervisor_msgs/cmake/robotnik_supervisor_msgs__rosidl_typesupport_cppExport-noconfig.cmake
[7.721s] -- Installing: /home/admin/ros2_ws/install/robotnik_supervisor_msgs/share/robotnik_supervisor_msgs/cmake/export_robotnik_supervisor_msgs__rosidl_generator_pyExport.cmake
[7.721s] -- Installing: /home/admin/ros2_ws/install/robotnik_supervisor_msgs/share/robotnik_supervisor_msgs/cmake/export_robotnik_supervisor_msgs__rosidl_generator_pyExport-noconfig.cmake
[7.721s] -- Installing: /home/admin/ros2_ws/install/robotnik_supervisor_msgs/share/robotnik_supervisor_msgs/cmake/rosidl_cmake-extras.cmake
[7.721s] -- Installing: /home/admin/ros2_ws/install/robotnik_supervisor_msgs/share/robotnik_supervisor_msgs/cmake/ament_cmake_export_dependencies-extras.cmake
[7.721s] -- Installing: /home/admin/ros2_ws/install/robotnik_supervisor_msgs/share/robotnik_supervisor_msgs/cmake/ament_cmake_export_include_directories-extras.cmake
[7.721s] -- Installing: /home/admin/ros2_ws/install/robotnik_supervisor_msgs/share/robotnik_supervisor_msgs/cmake/ament_cmake_export_libraries-extras.cmake
[7.722s] -- Installing: /home/admin/ros2_ws/install/robotnik_supervisor_msgs/share/robotnik_supervisor_msgs/cmake/ament_cmake_export_targets-extras.cmake
[7.722s] -- Installing: /home/admin/ros2_ws/install/robotnik_supervisor_msgs/share/robotnik_supervisor_msgs/cmake/rosidl_cmake_export_typesupport_targets-extras.cmake
[7.722s] -- Installing: /home/admin/ros2_ws/install/robotnik_supervisor_msgs/share/robotnik_supervisor_msgs/cmake/rosidl_cmake_export_typesupport_libraries-extras.cmake
[7.722s] -- Installing: /home/admin/ros2_ws/install/robotnik_supervisor_msgs/share/robotnik_supervisor_msgs/cmake/robotnik_supervisor_msgsConfig.cmake
[7.722s] -- Installing: /home/admin/ros2_ws/install/robotnik_supervisor_msgs/share/robotnik_supervisor_msgs/cmake/robotnik_supervisor_msgsConfig-version.cmake
[7.722s] -- Installing: /home/admin/ros2_ws/install/robotnik_supervisor_msgs/share/robotnik_supervisor_msgs/package.xml
[7.724s] Invoked command in '/home/admin/ros2_ws/build/robotnik_supervisor_msgs' returned '0': CMAKE_PREFIX_PATH=/home/admin/ros2_ws/install/robotnik_common_msgs:/home/admin/ros2_ws/install/robotnik_supervisor_msgs:/home/admin/ros2_ws/install/robotnik_gazebo_ignition:/home/admin/ros2_ws/install/robotnik_gazebo_classic:/home/admin/ros2_ws/install/robotnik_description:/home/admin/ros2_ws/install/robotnik_sensors:/home/admin/ros2_ws/install/robotnik_interfaces:/home/admin/ros2_ws/install/robotnik_perception_msgs:/home/admin/ros2_ws/install/robotnik_navigation_msgs:/home/admin/ros2_ws/install/robotnik_io_msgs:/home/admin/ros2_ws/install/robotnik_controllers_msgs:/home/admin/ros2_ws/install/robotnik_common:/home/admin/ros2_ws/install/robotnik_battery_msgs:/home/admin/ros2_ws/install/robotnik_safety_msgs:/home/admin/ros2_ws/install/rbvogui_cartographer:/opt/ros/humble LD_LIBRARY_PATH=/home/admin/ros2_ws/install/robotnik_common_msgs/lib:/home/admin/ros2_ws/install/robotnik_supervisor_msgs/lib:/home/admin/ros2_ws/install/robotnik_perception_msgs/lib:/home/admin/ros2_ws/install/robotnik_navigation_msgs/lib:/home/admin/ros2_ws/install/robotnik_io_msgs/lib:/home/admin/ros2_ws/install/robotnik_controllers_msgs/lib:/home/admin/ros2_ws/install/robotnik_battery_msgs/lib:/usr/lib/x86_64-linux-gnu/gazebo-11/plugins:/opt/ros/humble/opt/rviz_ogre_vendor/lib:/opt/ros/humble/lib/x86_64-linux-gnu:/opt/ros/humble/lib /usr/bin/cmake --install /home/admin/ros2_ws/build/robotnik_supervisor_msgs
