[0.040s] Invoking command in '/home/admin/ros2_ws/build/robotnik_description': CMAKE_PREFIX_PATH=/home/admin/ros2_ws/install/robotnik_sensors:/home/admin/ros2_ws/install/robotnik_supervisor_msgs:/home/admin/ros2_ws/install/robotnik_gazebo_ignition:/home/admin/ros2_ws/install/robotnik_gazebo_classic:/home/admin/ros2_ws/install/robotnik_description:/home/admin/ros2_ws/install/robotnik_interfaces:/home/admin/ros2_ws/install/robotnik_perception_msgs:/home/admin/ros2_ws/install/robotnik_navigation_msgs:/home/admin/ros2_ws/install/robotnik_io_msgs:/home/admin/ros2_ws/install/robotnik_controllers_msgs:/home/admin/ros2_ws/install/robotnik_common_msgs:/home/admin/ros2_ws/install/robotnik_common:/home/admin/ros2_ws/install/robotnik_battery_msgs:/home/admin/ros2_ws/install/robotnik_safety_msgs:/home/admin/ros2_ws/install/rbvogui_cartographer:/opt/ros/humble /usr/bin/cmake --build /home/admin/ros2_ws/build/robotnik_description -- -j20 -l20
[0.067s] Invoked command in '/home/admin/ros2_ws/build/robotnik_description' returned '0': CMAKE_PREFIX_PATH=/home/admin/ros2_ws/install/robotnik_sensors:/home/admin/ros2_ws/install/robotnik_supervisor_msgs:/home/admin/ros2_ws/install/robotnik_gazebo_ignition:/home/admin/ros2_ws/install/robotnik_gazebo_classic:/home/admin/ros2_ws/install/robotnik_description:/home/admin/ros2_ws/install/robotnik_interfaces:/home/admin/ros2_ws/install/robotnik_perception_msgs:/home/admin/ros2_ws/install/robotnik_navigation_msgs:/home/admin/ros2_ws/install/robotnik_io_msgs:/home/admin/ros2_ws/install/robotnik_controllers_msgs:/home/admin/ros2_ws/install/robotnik_common_msgs:/home/admin/ros2_ws/install/robotnik_common:/home/admin/ros2_ws/install/robotnik_battery_msgs:/home/admin/ros2_ws/install/robotnik_safety_msgs:/home/admin/ros2_ws/install/rbvogui_cartographer:/opt/ros/humble /usr/bin/cmake --build /home/admin/ros2_ws/build/robotnik_description -- -j20 -l20
[0.068s] Invoking command in '/home/admin/ros2_ws/build/robotnik_description': CMAKE_PREFIX_PATH=/home/admin/ros2_ws/install/robotnik_sensors:/home/admin/ros2_ws/install/robotnik_supervisor_msgs:/home/admin/ros2_ws/install/robotnik_gazebo_ignition:/home/admin/ros2_ws/install/robotnik_gazebo_classic:/home/admin/ros2_ws/install/robotnik_description:/home/admin/ros2_ws/install/robotnik_interfaces:/home/admin/ros2_ws/install/robotnik_perception_msgs:/home/admin/ros2_ws/install/robotnik_navigation_msgs:/home/admin/ros2_ws/install/robotnik_io_msgs:/home/admin/ros2_ws/install/robotnik_controllers_msgs:/home/admin/ros2_ws/install/robotnik_common_msgs:/home/admin/ros2_ws/install/robotnik_common:/home/admin/ros2_ws/install/robotnik_battery_msgs:/home/admin/ros2_ws/install/robotnik_safety_msgs:/home/admin/ros2_ws/install/rbvogui_cartographer:/opt/ros/humble /usr/bin/cmake --install /home/admin/ros2_ws/build/robotnik_description
[0.073s] -- Install configuration: ""
[0.073s] -- Up-to-date: /home/admin/ros2_ws/install/robotnik_description/share/robotnik_description/launch
[0.073s] -- Up-to-date: /home/admin/ros2_ws/install/robotnik_description/share/robotnik_description/launch/robot_description.launch.py
[0.073s] -- Up-to-date: /home/admin/ros2_ws/install/robotnik_description/share/robotnik_description/meshes
[0.073s] -- Up-to-date: /home/admin/ros2_ws/install/robotnik_description/share/robotnik_description/meshes/wheels
[0.074s] -- Up-to-date: /home/admin/ros2_ws/install/robotnik_description/share/robotnik_description/meshes/wheels/rubber_wheel
[0.074s] -- Up-to-date: /home/admin/ros2_ws/install/robotnik_description/share/robotnik_description/meshes/wheels/rubber_wheel/rubber_wheel.dae
[0.074s] -- Up-to-date: /home/admin/ros2_ws/install/robotnik_description/share/robotnik_description/meshes/wheels/rubber_wheel/mw_frame.stl
[0.074s] -- Up-to-date: /home/admin/ros2_ws/install/robotnik_description/share/robotnik_description/meshes/wheels/rubber_wheel/wheel_sxl.stl
[0.074s] -- Up-to-date: /home/admin/ros2_ws/install/robotnik_description/share/robotnik_description/meshes/wheels/mecanum_wheel
[0.074s] -- Up-to-date: /home/admin/ros2_ws/install/robotnik_description/share/robotnik_description/meshes/wheels/mecanum_wheel/kairos_mecanum_wheel_1.dae
[0.075s] -- Up-to-date: /home/admin/ros2_ws/install/robotnik_description/share/robotnik_description/meshes/wheels/mecanum_wheel/kairos_mecanum_wheel_2.dae
[0.075s] -- Up-to-date: /home/admin/ros2_ws/install/robotnik_description/share/robotnik_description/meshes/wheels/mecanum_wheel/robout_wheel.stl
[0.076s] -- Up-to-date: /home/admin/ros2_ws/install/robotnik_description/share/robotnik_description/meshes/wheels/caster_wheel
[0.076s] -- Up-to-date: /home/admin/ros2_ws/install/robotnik_description/share/robotnik_description/meshes/wheels/caster_wheel/caster_wheel.stl
[0.076s] -- Up-to-date: /home/admin/ros2_ws/install/robotnik_description/share/robotnik_description/meshes/wheels/steering_wheel
[0.076s] -- Up-to-date: /home/admin/ros2_ws/install/robotnik_description/share/robotnik_description/meshes/wheels/steering_wheel/mw_frame_stl.png
[0.076s] -- Up-to-date: /home/admin/ros2_ws/install/robotnik_description/share/robotnik_description/meshes/wheels/steering_wheel/mw_frame_stl_color.dae
[0.076s] -- Up-to-date: /home/admin/ros2_ws/install/robotnik_description/share/robotnik_description/meshes/bases
[0.076s] -- Up-to-date: /home/admin/ros2_ws/install/robotnik_description/share/robotnik_description/meshes/bases/rbsummit
[0.076s] -- Up-to-date: /home/admin/ros2_ws/install/robotnik_description/share/robotnik_description/meshes/bases/rbsummit/rbsummit_xl_chassis_simple.stl
[0.076s] -- Up-to-date: /home/admin/ros2_ws/install/robotnik_description/share/robotnik_description/meshes/bases/rbsummit/rbsummit_xl_chassis_collision.dae
[0.076s] -- Up-to-date: /home/admin/ros2_ws/install/robotnik_description/share/robotnik_description/meshes/bases/rbsummit/rbsummit_xl_chassis.dae
[0.076s] -- Up-to-date: /home/admin/ros2_ws/install/robotnik_description/share/robotnik_description/meshes/bases/rbrobout
[0.076s] -- Up-to-date: /home/admin/ros2_ws/install/robotnik_description/share/robotnik_description/meshes/bases/rbrobout/rbrobout_chassis.stl
[0.077s] -- Up-to-date: /home/admin/ros2_ws/install/robotnik_description/share/robotnik_description/meshes/bases/rbrobout/rbrobout_top_cover.stl
[0.077s] -- Up-to-date: /home/admin/ros2_ws/install/robotnik_description/share/robotnik_description/meshes/bases/rbkairos
[0.077s] -- Up-to-date: /home/admin/ros2_ws/install/robotnik_description/share/robotnik_description/meshes/bases/rbkairos/rbkairos_top_cover.stl
[0.077s] -- Up-to-date: /home/admin/ros2_ws/install/robotnik_description/share/robotnik_description/meshes/bases/rbkairos/rbkairos_chassis.stl
[0.077s] -- Up-to-date: /home/admin/ros2_ws/install/robotnik_description/share/robotnik_description/meshes/bases/rbkairos/rbkairos_plus_chassis.stl
[0.077s] -- Up-to-date: /home/admin/ros2_ws/install/robotnik_description/share/robotnik_description/meshes/bases/rbtheron
[0.077s] -- Up-to-date: /home/admin/ros2_ws/install/robotnik_description/share/robotnik_description/meshes/bases/rbtheron/rbtheron_plus_top_chassis.stl
[0.077s] -- Up-to-date: /home/admin/ros2_ws/install/robotnik_description/share/robotnik_description/meshes/bases/rbtheron/theron_base_v4.stl
[0.077s] -- Up-to-date: /home/admin/ros2_ws/install/robotnik_description/share/robotnik_description/meshes/bases/robotnik_logo_chasis.stl
[0.078s] -- Up-to-date: /home/admin/ros2_ws/install/robotnik_description/share/robotnik_description/meshes/bases/rbvogui
[0.078s] -- Up-to-date: /home/admin/ros2_ws/install/robotnik_description/share/robotnik_description/meshes/bases/rbvogui/rbvogui_chassis_color.dae
[0.078s] -- Up-to-date: /home/admin/ros2_ws/install/robotnik_description/share/robotnik_description/meshes/bases/rbvogui/rbvogui_logos.stl
[0.078s] -- Up-to-date: /home/admin/ros2_ws/install/robotnik_description/share/robotnik_description/meshes/bases/rbvogui/rbvogui_leds.stl
[0.078s] -- Up-to-date: /home/admin/ros2_ws/install/robotnik_description/share/robotnik_description/meshes/bases/rbvogui/rbvogui_logos.dae
[0.078s] -- Up-to-date: /home/admin/ros2_ws/install/robotnik_description/share/robotnik_description/meshes/bases/rbvogui/rbvogui_battery.stl
[0.078s] -- Up-to-date: /home/admin/ros2_ws/install/robotnik_description/share/robotnik_description/meshes/bases/rbvogui/rbvogui_contactors.stl
[0.078s] -- Up-to-date: /home/admin/ros2_ws/install/robotnik_description/share/robotnik_description/meshes/bases/rbvogui/rbvogui_chassis.stl
[0.078s] -- Up-to-date: /home/admin/ros2_ws/install/robotnik_description/share/robotnik_description/meshes/bases/rbvogui/rbvogui_chassis_color.png
[0.078s] -- Up-to-date: /home/admin/ros2_ws/install/robotnik_description/share/robotnik_description/meshes/structures
[0.078s] -- Up-to-date: /home/admin/ros2_ws/install/robotnik_description/share/robotnik_description/meshes/structures/ewellix
[0.078s] -- Up-to-date: /home/admin/ros2_ws/install/robotnik_description/share/robotnik_description/meshes/structures/ewellix/ewellix_lift_base_700mm.stl
[0.078s] -- Up-to-date: /home/admin/ros2_ws/install/robotnik_description/share/robotnik_description/meshes/structures/ewellix/ewellix_lift_top_700mm_cut.stl
[0.078s] -- Up-to-date: /home/admin/ros2_ws/install/robotnik_description/share/robotnik_description/meshes/structures/ewellix/ewellix_lift_top_900mm_cut.stl
[0.078s] -- Up-to-date: /home/admin/ros2_ws/install/robotnik_description/share/robotnik_description/meshes/structures/ewellix/ewellix_lift_top_700mm.stl
[0.078s] -- Up-to-date: /home/admin/ros2_ws/install/robotnik_description/share/robotnik_description/meshes/structures/ewellix/ewellix_lift_top_900mm.stl
[0.078s] -- Up-to-date: /home/admin/ros2_ws/install/robotnik_description/share/robotnik_description/meshes/structures/ewellix/ewellix_lift_base_900mm.stl
[0.078s] -- Up-to-date: /home/admin/ros2_ws/install/robotnik_description/share/robotnik_description/urdf
[0.078s] -- Up-to-date: /home/admin/ros2_ws/install/robotnik_description/share/robotnik_description/urdf/wheels
[0.078s] -- Up-to-date: /home/admin/ros2_ws/install/robotnik_description/share/robotnik_description/urdf/wheels/rubber_wheel
[0.078s] -- Up-to-date: /home/admin/ros2_ws/install/robotnik_description/share/robotnik_description/urdf/wheels/rubber_wheel/rubber_wheel_150.urdf.xacro
[0.078s] -- Up-to-date: /home/admin/ros2_ws/install/robotnik_description/share/robotnik_description/urdf/wheels/rubber_wheel/rubber_wheel.urdf.xacro
[0.078s] -- Up-to-date: /home/admin/ros2_ws/install/robotnik_description/share/robotnik_description/urdf/wheels/rubber_wheel/gazebo
[0.079s] -- Up-to-date: /home/admin/ros2_ws/install/robotnik_description/share/robotnik_description/urdf/wheels/rubber_wheel/gazebo/rubber_wheel.transmission.xacro
[0.079s] -- Up-to-date: /home/admin/ros2_ws/install/robotnik_description/share/robotnik_description/urdf/wheels/rubber_wheel/gazebo/rbvogui_wheel.gazebo.xacro
[0.079s] -- Up-to-date: /home/admin/ros2_ws/install/robotnik_description/share/robotnik_description/urdf/wheels/rubber_wheel/gazebo/rubber_wheel.gazebo.xacro
[0.079s] -- Up-to-date: /home/admin/ros2_ws/install/robotnik_description/share/robotnik_description/urdf/wheels/mecanum_wheel
[0.079s] -- Up-to-date: /home/admin/ros2_ws/install/robotnik_description/share/robotnik_description/urdf/wheels/mecanum_wheel/rbkairos_mecanum_wheel.urdf.xacro
[0.079s] -- Up-to-date: /home/admin/ros2_ws/install/robotnik_description/share/robotnik_description/urdf/wheels/mecanum_wheel/rbrobout_mecanum_wheel.urdf.xacro
[0.079s] -- Up-to-date: /home/admin/ros2_ws/install/robotnik_description/share/robotnik_description/urdf/wheels/caster_wheel
[0.079s] -- Up-to-date: /home/admin/ros2_ws/install/robotnik_description/share/robotnik_description/urdf/wheels/caster_wheel/rbtheron_caster.urdf.xacro
[0.079s] -- Up-to-date: /home/admin/ros2_ws/install/robotnik_description/share/robotnik_description/urdf/wheels/steering_wheel
[0.079s] -- Up-to-date: /home/admin/ros2_ws/install/robotnik_description/share/robotnik_description/urdf/wheels/steering_wheel/steering_wheel.urdf.xacro
[0.079s] -- Up-to-date: /home/admin/ros2_ws/install/robotnik_description/share/robotnik_description/urdf/wheels/wheel.gazebo.xacro
[0.079s] -- Up-to-date: /home/admin/ros2_ws/install/robotnik_description/share/robotnik_description/urdf/base_hw
[0.079s] -- Up-to-date: /home/admin/ros2_ws/install/robotnik_description/share/robotnik_description/urdf/base_hw/rbvogui.ros2_control.urdf
[0.079s] -- Up-to-date: /home/admin/ros2_ws/install/robotnik_description/share/robotnik_description/urdf/base_hw/rbsummit.ros2_control.urdf
[0.079s] -- Up-to-date: /home/admin/ros2_ws/install/robotnik_description/share/robotnik_description/urdf/base_hw/rbtheron.ros2_control.urdf
[0.079s] -- Up-to-date: /home/admin/ros2_ws/install/robotnik_description/share/robotnik_description/urdf/base_hw/rbkairos.ros2_control.urdf
[0.079s] -- Up-to-date: /home/admin/ros2_ws/install/robotnik_description/share/robotnik_description/urdf/base_hw/rbrobout.ros2_control.urdf
[0.079s] -- Up-to-date: /home/admin/ros2_ws/install/robotnik_description/share/robotnik_description/urdf/inertia.urdf.xacro
[0.079s] -- Up-to-date: /home/admin/ros2_ws/install/robotnik_description/share/robotnik_description/urdf/bodies
[0.079s] -- Up-to-date: /home/admin/ros2_ws/install/robotnik_description/share/robotnik_description/urdf/bodies/rbsummit
[0.079s] -- Up-to-date: /home/admin/ros2_ws/install/robotnik_description/share/robotnik_description/urdf/bodies/rbsummit/rbsummit_body.urdf.xacro
[0.079s] -- Up-to-date: /home/admin/ros2_ws/install/robotnik_description/share/robotnik_description/urdf/bodies/rbrobout
[0.079s] -- Up-to-date: /home/admin/ros2_ws/install/robotnik_description/share/robotnik_description/urdf/bodies/rbrobout/rbrobout_body.urdf.xacro
[0.079s] -- Up-to-date: /home/admin/ros2_ws/install/robotnik_description/share/robotnik_description/urdf/bodies/rbkairos
[0.079s] -- Up-to-date: /home/admin/ros2_ws/install/robotnik_description/share/robotnik_description/urdf/bodies/rbkairos/rbkairos_body.urdf.xacro
[0.079s] -- Up-to-date: /home/admin/ros2_ws/install/robotnik_description/share/robotnik_description/urdf/bodies/rbkairos/rbkairos_plus_body.urdf.xacro
[0.079s] -- Up-to-date: /home/admin/ros2_ws/install/robotnik_description/share/robotnik_description/urdf/bodies/rbtheron
[0.079s] -- Up-to-date: /home/admin/ros2_ws/install/robotnik_description/share/robotnik_description/urdf/bodies/rbtheron/rbtheron_body.urdf.xacro
[0.079s] -- Up-to-date: /home/admin/ros2_ws/install/robotnik_description/share/robotnik_description/urdf/bodies/rbvogui
[0.079s] -- Up-to-date: /home/admin/ros2_ws/install/robotnik_description/share/robotnik_description/urdf/bodies/rbvogui/rbvogui_plus_body.urdf.xacro
[0.079s] -- Up-to-date: /home/admin/ros2_ws/install/robotnik_description/share/robotnik_description/urdf/bodies/rbvogui/rbvogui_body.urdf.xacro
[0.079s] -- Up-to-date: /home/admin/ros2_ws/install/robotnik_description/share/robotnik_description/urdf/bodies/rbvogui/rbvogui_base.gazebo.xacro
[0.079s] -- Up-to-date: /home/admin/ros2_ws/install/robotnik_description/share/robotnik_description/urdf/bases
[0.079s] -- Up-to-date: /home/admin/ros2_ws/install/robotnik_description/share/robotnik_description/urdf/bases/rbsummit
[0.079s] -- Up-to-date: /home/admin/ros2_ws/install/robotnik_description/share/robotnik_description/urdf/bases/rbsummit/rbsummit_base.xacro
[0.079s] -- Up-to-date: /home/admin/ros2_ws/install/robotnik_description/share/robotnik_description/urdf/bases/rbrobout
[0.079s] -- Up-to-date: /home/admin/ros2_ws/install/robotnik_description/share/robotnik_description/urdf/bases/rbrobout/rbrobout_base.urdf.xacro
[0.080s] -- Up-to-date: /home/admin/ros2_ws/install/robotnik_description/share/robotnik_description/urdf/bases/rbrobout/rbrobout_cameras_cover.urdf.xacro
[0.080s] -- Up-to-date: /home/admin/ros2_ws/install/robotnik_description/share/robotnik_description/urdf/bases/rbrobout/rbrobout_top_cover.urdf.xacro
[0.080s] -- Up-to-date: /home/admin/ros2_ws/install/robotnik_description/share/robotnik_description/urdf/bases/rbkairos
[0.080s] -- Up-to-date: /home/admin/ros2_ws/install/robotnik_description/share/robotnik_description/urdf/bases/rbkairos/rbkairos_base.urdf.xacro
[0.080s] -- Up-to-date: /home/admin/ros2_ws/install/robotnik_description/share/robotnik_description/urdf/bases/rbtheron
[0.080s] -- Up-to-date: /home/admin/ros2_ws/install/robotnik_description/share/robotnik_description/urdf/bases/rbtheron/rbtheron_base.xacro
[0.080s] -- Up-to-date: /home/admin/ros2_ws/install/robotnik_description/share/robotnik_description/urdf/bases/rbvogui
[0.080s] -- Up-to-date: /home/admin/ros2_ws/install/robotnik_description/share/robotnik_description/urdf/bases/rbvogui/rbvogui_base.urdf.xacro
[0.080s] -- Up-to-date: /home/admin/ros2_ws/install/robotnik_description/share/robotnik_description/urdf/structures
[0.080s] -- Up-to-date: /home/admin/ros2_ws/install/robotnik_description/share/robotnik_description/urdf/structures/ewellix
[0.080s] -- Up-to-date: /home/admin/ros2_ws/install/robotnik_description/share/robotnik_description/urdf/structures/ewellix/ewellix_lift_700mm.urdf.xacro
[0.080s] -- Up-to-date: /home/admin/ros2_ws/install/robotnik_description/share/robotnik_description/urdf/structures/ewellix/all_ewellix_lift.urdf.xacro
[0.080s] -- Up-to-date: /home/admin/ros2_ws/install/robotnik_description/share/robotnik_description/urdf/structures/ewellix/ewellix_lift_900mm.urdf.xacro
[0.080s] -- Up-to-date: /home/admin/ros2_ws/install/robotnik_description/share/robotnik_description/robots
[0.080s] -- Up-to-date: /home/admin/ros2_ws/install/robotnik_description/share/robotnik_description/robots/rbsummit
[0.080s] -- Up-to-date: /home/admin/ros2_ws/install/robotnik_description/share/robotnik_description/robots/rbsummit/rbsummit.urdf.xacro
[0.080s] -- Up-to-date: /home/admin/ros2_ws/install/robotnik_description/share/robotnik_description/robots/rbrobout
[0.080s] -- Up-to-date: /home/admin/ros2_ws/install/robotnik_description/share/robotnik_description/robots/rbrobout/rbrobout.urdf.xacro
[0.080s] -- Up-to-date: /home/admin/ros2_ws/install/robotnik_description/share/robotnik_description/robots/rbrobout/rbrobout_plus.urdf.xacro
[0.080s] -- Up-to-date: /home/admin/ros2_ws/install/robotnik_description/share/robotnik_description/robots/rbkairos
[0.080s] -- Up-to-date: /home/admin/ros2_ws/install/robotnik_description/share/robotnik_description/robots/rbkairos/rbkairos_plus.urdf.xacro
[0.080s] -- Up-to-date: /home/admin/ros2_ws/install/robotnik_description/share/robotnik_description/robots/rbkairos/rbkairos.urdf.xacro
[0.080s] -- Up-to-date: /home/admin/ros2_ws/install/robotnik_description/share/robotnik_description/robots/rbtheron
[0.080s] -- Up-to-date: /home/admin/ros2_ws/install/robotnik_description/share/robotnik_description/robots/rbtheron/rbtheron_plus.urdf.xacro
[0.080s] -- Up-to-date: /home/admin/ros2_ws/install/robotnik_description/share/robotnik_description/robots/rbtheron/rbtheron.urdf.xacro
[0.080s] -- Up-to-date: /home/admin/ros2_ws/install/robotnik_description/share/robotnik_description/robots/rbvogui
[0.080s] -- Up-to-date: /home/admin/ros2_ws/install/robotnik_description/share/robotnik_description/robots/rbvogui/rbvogui.urdf.xacro
[0.080s] -- Up-to-date: /home/admin/ros2_ws/install/robotnik_description/share/robotnik_description/robots/rbvogui/rbvogui_plus.urdf.xacro
[0.080s] -- Up-to-date: /home/admin/ros2_ws/install/robotnik_description/share/robotnik_description/simulators
[0.080s] -- Up-to-date: /home/admin/ros2_ws/install/robotnik_description/share/robotnik_description/simulators/gazebo_ignition
[0.081s] -- Up-to-date: /home/admin/ros2_ws/install/robotnik_description/share/robotnik_description/simulators/gazebo_ignition/rbsummit
[0.081s] -- Up-to-date: /home/admin/ros2_ws/install/robotnik_description/share/robotnik_description/simulators/gazebo_ignition/rbsummit/rbsummit_control.urdf.xacro
[0.081s] -- Up-to-date: /home/admin/ros2_ws/install/robotnik_description/share/robotnik_description/simulators/gazebo_ignition/rbsummit/rbsummit_controller_params.yaml
[0.081s] -- Up-to-date: /home/admin/ros2_ws/install/robotnik_description/share/robotnik_description/simulators/gazebo_ignition/rbrobout
[0.081s] -- Up-to-date: /home/admin/ros2_ws/install/robotnik_description/share/robotnik_description/simulators/gazebo_ignition/rbrobout/rbrobout_control.urdf.xacro
[0.081s] -- Up-to-date: /home/admin/ros2_ws/install/robotnik_description/share/robotnik_description/simulators/gazebo_ignition/rbrobout/rbrobout_controller_params.yaml
[0.081s] -- Up-to-date: /home/admin/ros2_ws/install/robotnik_description/share/robotnik_description/simulators/gazebo_ignition/rbkairos
[0.081s] -- Up-to-date: /home/admin/ros2_ws/install/robotnik_description/share/robotnik_description/simulators/gazebo_ignition/rbkairos/rbkairos_controller_params.yaml
[0.081s] -- Up-to-date: /home/admin/ros2_ws/install/robotnik_description/share/robotnik_description/simulators/gazebo_ignition/rbkairos/rbkairos_control.urdf.xacro
[0.081s] -- Up-to-date: /home/admin/ros2_ws/install/robotnik_description/share/robotnik_description/simulators/gazebo_ignition/README.md
[0.081s] -- Up-to-date: /home/admin/ros2_ws/install/robotnik_description/share/robotnik_description/simulators/gazebo_ignition/rbtheron
[0.081s] -- Up-to-date: /home/admin/ros2_ws/install/robotnik_description/share/robotnik_description/simulators/gazebo_ignition/rbtheron/rbtheron_controller_params.yaml
[0.081s] -- Up-to-date: /home/admin/ros2_ws/install/robotnik_description/share/robotnik_description/simulators/gazebo_ignition/rbtheron/rbtheron_control.urdf.xacro
[0.081s] -- Up-to-date: /home/admin/ros2_ws/install/robotnik_description/share/robotnik_description/simulators/gazebo_ignition/rbvogui
[0.081s] -- Up-to-date: /home/admin/ros2_ws/install/robotnik_description/share/robotnik_description/simulators/gazebo_ignition/rbvogui/rbvogui_control.urdf.xacro
[0.081s] -- Up-to-date: /home/admin/ros2_ws/install/robotnik_description/share/robotnik_description/simulators/gazebo_ignition/rbvogui/rbvogui_controller_params.yaml
[0.081s] -- Up-to-date: /home/admin/ros2_ws/install/robotnik_description/share/robotnik_description/simulators/isaac
[0.081s] -- Up-to-date: /home/admin/ros2_ws/install/robotnik_description/share/robotnik_description/simulators/isaac/README.md
[0.081s] -- Up-to-date: /home/admin/ros2_ws/install/robotnik_description/share/robotnik_description/simulators/gazebo_classic
[0.082s] -- Up-to-date: /home/admin/ros2_ws/install/robotnik_description/share/robotnik_description/simulators/gazebo_classic/rbsummit
[0.082s] -- Up-to-date: /home/admin/ros2_ws/install/robotnik_description/share/robotnik_description/simulators/gazebo_classic/rbsummit/rbsummit_control.urdf.xacro
[0.082s] -- Up-to-date: /home/admin/ros2_ws/install/robotnik_description/share/robotnik_description/simulators/gazebo_classic/rbsummit/rbsummit_controller_params.yaml
[0.082s] -- Up-to-date: /home/admin/ros2_ws/install/robotnik_description/share/robotnik_description/simulators/gazebo_classic/rbrobout
[0.082s] -- Up-to-date: /home/admin/ros2_ws/install/robotnik_description/share/robotnik_description/simulators/gazebo_classic/rbrobout/rbrobout_control.urdf.xacro
[0.082s] -- Up-to-date: /home/admin/ros2_ws/install/robotnik_description/share/robotnik_description/simulators/gazebo_classic/rbrobout/rbrobout_controller_params.yaml
[0.082s] -- Up-to-date: /home/admin/ros2_ws/install/robotnik_description/share/robotnik_description/simulators/gazebo_classic/rbkairos
[0.082s] -- Up-to-date: /home/admin/ros2_ws/install/robotnik_description/share/robotnik_description/simulators/gazebo_classic/rbkairos/rbkairos_controller_params.yaml
[0.082s] -- Up-to-date: /home/admin/ros2_ws/install/robotnik_description/share/robotnik_description/simulators/gazebo_classic/rbkairos/rbkairos_control.urdf.xacro
[0.082s] -- Up-to-date: /home/admin/ros2_ws/install/robotnik_description/share/robotnik_description/simulators/gazebo_classic/README.md
[0.082s] -- Up-to-date: /home/admin/ros2_ws/install/robotnik_description/share/robotnik_description/simulators/gazebo_classic/rbtheron
[0.082s] -- Up-to-date: /home/admin/ros2_ws/install/robotnik_description/share/robotnik_description/simulators/gazebo_classic/rbtheron/rbtheron_controller_params.yaml
[0.082s] -- Up-to-date: /home/admin/ros2_ws/install/robotnik_description/share/robotnik_description/simulators/gazebo_classic/rbtheron/rbtheron_control.urdf.xacro
[0.082s] -- Up-to-date: /home/admin/ros2_ws/install/robotnik_description/share/robotnik_description/simulators/gazebo_classic/rbvogui
[0.082s] -- Up-to-date: /home/admin/ros2_ws/install/robotnik_description/share/robotnik_description/simulators/gazebo_classic/rbvogui/rbvogui_control.urdf.xacro
[0.082s] -- Up-to-date: /home/admin/ros2_ws/install/robotnik_description/share/robotnik_description/simulators/gazebo_classic/rbvogui/rbvogui_controller_params.yaml
[0.082s] -- Up-to-date: /home/admin/ros2_ws/install/robotnik_description/share/ament_index/resource_index/package_run_dependencies/robotnik_description
[0.082s] -- Up-to-date: /home/admin/ros2_ws/install/robotnik_description/share/ament_index/resource_index/parent_prefix_path/robotnik_description
[0.082s] -- Up-to-date: /home/admin/ros2_ws/install/robotnik_description/share/robotnik_description/environment/ament_prefix_path.sh
[0.082s] -- Up-to-date: /home/admin/ros2_ws/install/robotnik_description/share/robotnik_description/environment/ament_prefix_path.dsv
[0.082s] -- Up-to-date: /home/admin/ros2_ws/install/robotnik_description/share/robotnik_description/environment/path.sh
[0.082s] -- Up-to-date: /home/admin/ros2_ws/install/robotnik_description/share/robotnik_description/environment/path.dsv
[0.082s] -- Up-to-date: /home/admin/ros2_ws/install/robotnik_description/share/robotnik_description/local_setup.bash
[0.082s] -- Up-to-date: /home/admin/ros2_ws/install/robotnik_description/share/robotnik_description/local_setup.sh
[0.082s] -- Up-to-date: /home/admin/ros2_ws/install/robotnik_description/share/robotnik_description/local_setup.zsh
[0.082s] -- Up-to-date: /home/admin/ros2_ws/install/robotnik_description/share/robotnik_description/local_setup.dsv
[0.082s] -- Installing: /home/admin/ros2_ws/install/robotnik_description/share/robotnik_description/package.dsv
[0.082s] -- Up-to-date: /home/admin/ros2_ws/install/robotnik_description/share/ament_index/resource_index/packages/robotnik_description
[0.082s] -- Up-to-date: /home/admin/ros2_ws/install/robotnik_description/share/robotnik_description/cmake/robotnik_descriptionConfig.cmake
[0.082s] -- Up-to-date: /home/admin/ros2_ws/install/robotnik_description/share/robotnik_description/cmake/robotnik_descriptionConfig-version.cmake
[0.082s] -- Up-to-date: /home/admin/ros2_ws/install/robotnik_description/share/robotnik_description/package.xml
[0.109s] Invoked command in '/home/admin/ros2_ws/build/robotnik_description' returned '0': CMAKE_PREFIX_PATH=/home/admin/ros2_ws/install/robotnik_sensors:/home/admin/ros2_ws/install/robotnik_supervisor_msgs:/home/admin/ros2_ws/install/robotnik_gazebo_ignition:/home/admin/ros2_ws/install/robotnik_gazebo_classic:/home/admin/ros2_ws/install/robotnik_description:/home/admin/ros2_ws/install/robotnik_interfaces:/home/admin/ros2_ws/install/robotnik_perception_msgs:/home/admin/ros2_ws/install/robotnik_navigation_msgs:/home/admin/ros2_ws/install/robotnik_io_msgs:/home/admin/ros2_ws/install/robotnik_controllers_msgs:/home/admin/ros2_ws/install/robotnik_common_msgs:/home/admin/ros2_ws/install/robotnik_common:/home/admin/ros2_ws/install/robotnik_battery_msgs:/home/admin/ros2_ws/install/robotnik_safety_msgs:/home/admin/ros2_ws/install/rbvogui_cartographer:/opt/ros/humble /usr/bin/cmake --install /home/admin/ros2_ws/build/robotnik_description
