[0.441s] Invoking command in '/home/admin/ros2_ws/build/robotnik_perception_msgs': CMAKE_PREFIX_PATH=${CMAKE_PREFIX_PATH}:/home/admin/ros2_ws/install/robotnik_safety_msgs:/home/admin/ros2_ws/install/rbvogui_cartographer:/opt/ros/humble /usr/bin/cmake /home/admin/ros2_ws/src/robotnik_interfaces/robotnik_perception_msgs -DCMAKE_INSTALL_PREFIX=/home/admin/ros2_ws/install/robotnik_perception_msgs
[0.484s] -- The C compiler identification is GNU 11.4.0
[0.528s] -- The CXX compiler identification is GNU 11.4.0
[0.535s] -- Detecting C compiler ABI info
[0.599s] -- Detecting C compiler ABI info - done
[0.609s] -- Check for working C compiler: /usr/bin/cc - skipped
[0.609s] -- Detecting C compile features
[0.609s] -- Detecting C compile features - done
[0.613s] -- Detecting CXX compiler ABI info
[0.684s] -- Detecting CXX compiler ABI info - done
[0.690s] -- Check for working CXX compiler: /usr/bin/c++ - skipped
[0.691s] -- Detecting CXX compile features
[0.691s] -- Detecting CXX compile features - done
[0.693s] -- Found ament_cmake: 1.3.11 (/opt/ros/humble/share/ament_cmake/cmake)
[0.826s] -- Found Python3: /usr/bin/python3 (found version "3.10.12") found components: Interpreter 
[0.920s] -- Found builtin_interfaces: 1.2.1 (/opt/ros/humble/share/builtin_interfaces/cmake)
[0.942s] -- Found rosidl_generator_c: 3.1.6 (/opt/ros/humble/share/rosidl_generator_c/cmake)
[0.945s] -- Found rosidl_adapter: 3.1.6 (/opt/ros/humble/share/rosidl_adapter/cmake)
[0.951s] -- Found rosidl_generator_cpp: 3.1.6 (/opt/ros/humble/share/rosidl_generator_cpp/cmake)
[0.960s] -- Using all available rosidl_typesupport_c: rosidl_typesupport_fastrtps_c;rosidl_typesupport_introspection_c
[0.971s] -- Using all available rosidl_typesupport_cpp: rosidl_typesupport_fastrtps_cpp;rosidl_typesupport_introspection_cpp
[0.983s] -- Found rosidl_default_generators: 1.2.0 (/opt/ros/humble/share/rosidl_default_generators/cmake)
[0.992s] -- Found geometry_msgs: 4.9.0 (/opt/ros/humble/share/geometry_msgs/cmake)
[1.226s] -- Found ament_cmake_cppcheck: 0.12.12 (/opt/ros/humble/share/ament_cmake_cppcheck/cmake)
[1.228s] -- Found ament_cmake_cpplint: 0.12.12 (/opt/ros/humble/share/ament_cmake_cpplint/cmake)
[1.230s] -- Found ament_cmake_uncrustify: 0.12.12 (/opt/ros/humble/share/ament_cmake_uncrustify/cmake)
[1.231s] -- Found ament_cmake_ros: 0.10.0 (/opt/ros/humble/share/ament_cmake_ros/cmake)
[1.524s] -- Using all available rosidl_typesupport_c: rosidl_typesupport_fastrtps_c;rosidl_typesupport_introspection_c
[1.674s] -- Using all available rosidl_typesupport_cpp: rosidl_typesupport_fastrtps_cpp;rosidl_typesupport_introspection_cpp
[1.693s] -- Found PythonInterp: /usr/bin/python3 (found suitable version "3.10.12", minimum required is "3.6") 
[1.695s] -- Found python_cmake_module: 0.10.0 (/opt/ros/humble/share/python_cmake_module/cmake)
[1.716s] -- Found PythonLibs: /usr/lib/x86_64-linux-gnu/libpython3.10.so (found suitable version "3.10.12", minimum required is "3.5") 
[1.716s] -- Using PYTHON_EXECUTABLE: /usr/bin/python3
[1.716s] -- Using PYTHON_INCLUDE_DIRS: /usr/include/python3.10
[1.716s] -- Using PYTHON_LIBRARIES: /usr/lib/x86_64-linux-gnu/libpython3.10.so
[1.736s] -- Found PythonExtra: .so  
[1.799s] -- Found ament_cmake_flake8: 0.12.12 (/opt/ros/humble/share/ament_cmake_flake8/cmake)
[1.801s] -- Found ament_cmake_pep257: 0.12.12 (/opt/ros/humble/share/ament_cmake_pep257/cmake)
[1.803s] -- Found ament_lint_auto: 0.12.12 (/opt/ros/humble/share/ament_lint_auto/cmake)
[1.813s] -- Added test 'copyright' to check source files copyright and LICENSE
[1.814s] -- Added test 'lint_cmake' to check CMake code style
[1.814s] -- Added test 'xmllint' to check XML markup files
[1.816s] -- Configuring done
[1.839s] -- Generating done
[1.847s] -- Build files have been written to: /home/admin/ros2_ws/build/robotnik_perception_msgs
[1.855s] Invoked command in '/home/admin/ros2_ws/build/robotnik_perception_msgs' returned '0': CMAKE_PREFIX_PATH=${CMAKE_PREFIX_PATH}:/home/admin/ros2_ws/install/robotnik_safety_msgs:/home/admin/ros2_ws/install/rbvogui_cartographer:/opt/ros/humble /usr/bin/cmake /home/admin/ros2_ws/src/robotnik_interfaces/robotnik_perception_msgs -DCMAKE_INSTALL_PREFIX=/home/admin/ros2_ws/install/robotnik_perception_msgs
[1.856s] Invoking command in '/home/admin/ros2_ws/build/robotnik_perception_msgs': CMAKE_PREFIX_PATH=${CMAKE_PREFIX_PATH}:/home/admin/ros2_ws/install/robotnik_safety_msgs:/home/admin/ros2_ws/install/rbvogui_cartographer:/opt/ros/humble /usr/bin/cmake --build /home/admin/ros2_ws/build/robotnik_perception_msgs -- -j20 -l20
[1.886s] [  2%] [34m[1mGenerating C code for ROS interfaces[0m
[1.898s] [  5%] [34m[1mGenerating C++ code for ROS interfaces[0m
[1.901s] [  5%] Built target ament_cmake_python_copy_robotnik_perception_msgs
[2.267s] running egg_info
[2.268s] creating robotnik_perception_msgs.egg-info
[2.269s] writing robotnik_perception_msgs.egg-info/PKG-INFO
[2.269s] writing dependency_links to robotnik_perception_msgs.egg-info/dependency_links.txt
[2.270s] writing top-level names to robotnik_perception_msgs.egg-info/top_level.txt
[2.270s] writing manifest file 'robotnik_perception_msgs.egg-info/SOURCES.txt'
[2.272s] reading manifest file 'robotnik_perception_msgs.egg-info/SOURCES.txt'
[2.274s] writing manifest file 'robotnik_perception_msgs.egg-info/SOURCES.txt'
[2.304s] [  7%] [32mBuilding C object CMakeFiles/robotnik_perception_msgs__rosidl_generator_c.dir/rosidl_generator_c/robotnik_perception_msgs/msg/detail/detection_array__functions.c.o[0m
[2.307s] [ 10%] [32mBuilding C object CMakeFiles/robotnik_perception_msgs__rosidl_generator_c.dir/rosidl_generator_c/robotnik_perception_msgs/msg/detail/detection__functions.c.o[0m
[2.316s] [ 10%] Built target robotnik_perception_msgs__cpp
[2.322s] [ 10%] Built target ament_cmake_python_build_robotnik_perception_msgs_egg
[2.328s] [ 12%] [34m[1mGenerating C++ type support dispatch for ROS interfaces[0m
[2.329s] [ 15%] [34m[1mGenerating C++ type support for eProsima Fast-RTPS[0m
[2.338s] [ 17%] [34m[1mGenerating C++ introspection for ROS interfaces[0m
[2.493s] [ 20%] [32m[1mLinking C shared library librobotnik_perception_msgs__rosidl_generator_c.so[0m
[2.603s] [ 20%] Built target robotnik_perception_msgs__rosidl_generator_c
[2.632s] [ 25%] [34m[1mGenerating C type support for eProsima Fast-RTPS[0m
[2.635s] [ 25%] [34m[1mGenerating C introspection for ROS interfaces[0m
[2.658s] [ 28%] [34m[1mGenerating C type support dispatch for ROS interfaces[0m
[2.949s] [ 30%] [32mBuilding CXX object CMakeFiles/robotnik_perception_msgs__rosidl_typesupport_cpp.dir/rosidl_typesupport_cpp/robotnik_perception_msgs/msg/detection__type_support.cpp.o[0m
[2.967s] [ 33%] [32mBuilding CXX object CMakeFiles/robotnik_perception_msgs__rosidl_typesupport_cpp.dir/rosidl_typesupport_cpp/robotnik_perception_msgs/msg/detection_array__type_support.cpp.o[0m
[3.045s] [ 35%] [32mBuilding CXX object CMakeFiles/robotnik_perception_msgs__rosidl_typesupport_introspection_cpp.dir/rosidl_typesupport_introspection_cpp/robotnik_perception_msgs/msg/detail/detection__type_support.cpp.o[0m
[3.045s] [ 38%] [32mBuilding CXX object CMakeFiles/robotnik_perception_msgs__rosidl_typesupport_introspection_cpp.dir/rosidl_typesupport_introspection_cpp/robotnik_perception_msgs/msg/detail/detection_array__type_support.cpp.o[0m
[3.194s] [ 41%] [32mBuilding CXX object CMakeFiles/robotnik_perception_msgs__rosidl_typesupport_fastrtps_cpp.dir/rosidl_typesupport_fastrtps_cpp/robotnik_perception_msgs/msg/detail/dds_fastrtps/detection_array__type_support.cpp.o[0m
[3.212s] [ 43%] [32mBuilding CXX object CMakeFiles/robotnik_perception_msgs__rosidl_typesupport_fastrtps_cpp.dir/rosidl_typesupport_fastrtps_cpp/robotnik_perception_msgs/msg/detail/dds_fastrtps/detection__type_support.cpp.o[0m
[3.504s] [ 46%] [32mBuilding C object CMakeFiles/robotnik_perception_msgs__rosidl_typesupport_introspection_c.dir/rosidl_typesupport_introspection_c/robotnik_perception_msgs/msg/detail/detection__type_support.c.o[0m
[3.520s] [ 48%] [32mBuilding CXX object CMakeFiles/robotnik_perception_msgs__rosidl_typesupport_fastrtps_c.dir/rosidl_typesupport_fastrtps_c/robotnik_perception_msgs/msg/detail/detection__type_support_c.cpp.o[0m
[3.544s] [ 51%] [32mBuilding C object CMakeFiles/robotnik_perception_msgs__rosidl_typesupport_introspection_c.dir/rosidl_typesupport_introspection_c/robotnik_perception_msgs/msg/detail/detection_array__type_support.c.o[0m
[3.562s] [ 53%] [32mBuilding CXX object CMakeFiles/robotnik_perception_msgs__rosidl_typesupport_fastrtps_c.dir/rosidl_typesupport_fastrtps_c/robotnik_perception_msgs/msg/detail/detection_array__type_support_c.cpp.o[0m
[3.659s] [ 56%] [32m[1mLinking C shared library librobotnik_perception_msgs__rosidl_typesupport_introspection_c.so[0m
[3.744s] [ 56%] Built target robotnik_perception_msgs__rosidl_typesupport_introspection_c
[3.917s] [ 58%] [32mBuilding CXX object CMakeFiles/robotnik_perception_msgs__rosidl_typesupport_c.dir/rosidl_typesupport_c/robotnik_perception_msgs/msg/detection__type_support.cpp.o[0m
[3.936s] [ 61%] [32mBuilding CXX object CMakeFiles/robotnik_perception_msgs__rosidl_typesupport_c.dir/rosidl_typesupport_c/robotnik_perception_msgs/msg/detection_array__type_support.cpp.o[0m
[4.052s] [ 64%] [32m[1mLinking CXX shared library librobotnik_perception_msgs__rosidl_typesupport_c.so[0m
[4.115s] [ 66%] [32m[1mLinking CXX shared library librobotnik_perception_msgs__rosidl_typesupport_cpp.so[0m
[4.161s] [ 66%] Built target robotnik_perception_msgs__rosidl_typesupport_c
[4.171s] [ 66%] Built target robotnik_perception_msgs__rosidl_typesupport_cpp
[4.251s] [ 69%] [32m[1mLinking CXX shared library librobotnik_perception_msgs__rosidl_typesupport_fastrtps_c.so[0m
[4.347s] [ 71%] [32m[1mLinking CXX shared library librobotnik_perception_msgs__rosidl_typesupport_introspection_cpp.so[0m
[4.356s] [ 71%] Built target robotnik_perception_msgs__rosidl_typesupport_fastrtps_c
[4.399s] [ 71%] Built target robotnik_perception_msgs__rosidl_typesupport_introspection_cpp
[4.408s] [ 74%] [32m[1mLinking CXX shared library librobotnik_perception_msgs__rosidl_typesupport_fastrtps_cpp.so[0m
[4.454s] [ 74%] Built target robotnik_perception_msgs__rosidl_typesupport_fastrtps_cpp
[4.467s] [ 74%] Built target robotnik_perception_msgs
[4.480s] [ 76%] [34m[1mGenerating Python code for ROS interfaces[0m
[4.678s] [ 76%] Built target robotnik_perception_msgs__py
[4.692s] [ 79%] [32mBuilding C object CMakeFiles/robotnik_perception_msgs__rosidl_generator_py.dir/rosidl_generator_py/robotnik_perception_msgs/msg/_detection_array_s.c.o[0m
[4.692s] [ 82%] [32mBuilding C object CMakeFiles/robotnik_perception_msgs__rosidl_generator_py.dir/rosidl_generator_py/robotnik_perception_msgs/msg/_detection_s.c.o[0m
[4.775s] [ 84%] [32m[1mLinking C shared library rosidl_generator_py/robotnik_perception_msgs/librobotnik_perception_msgs__rosidl_generator_py.so[0m
[4.806s] [ 84%] Built target robotnik_perception_msgs__rosidl_generator_py
[4.820s] [ 87%] [32mBuilding C object CMakeFiles/robotnik_perception_msgs__rosidl_typesupport_introspection_c__pyext.dir/rosidl_generator_py/robotnik_perception_msgs/_robotnik_perception_msgs_s.ep.rosidl_typesupport_introspection_c.c.o[0m
[4.820s] [ 89%] [32mBuilding C object CMakeFiles/robotnik_perception_msgs__rosidl_typesupport_fastrtps_c__pyext.dir/rosidl_generator_py/robotnik_perception_msgs/_robotnik_perception_msgs_s.ep.rosidl_typesupport_fastrtps_c.c.o[0m
[4.822s] [ 92%] [32mBuilding C object CMakeFiles/robotnik_perception_msgs__rosidl_typesupport_c__pyext.dir/rosidl_generator_py/robotnik_perception_msgs/_robotnik_perception_msgs_s.ep.rosidl_typesupport_c.c.o[0m
[4.885s] [ 94%] [32m[1mLinking C shared library rosidl_generator_py/robotnik_perception_msgs/robotnik_perception_msgs_s__rosidl_typesupport_fastrtps_c.cpython-310-x86_64-linux-gnu.so[0m
[4.886s] [ 97%] [32m[1mLinking C shared library rosidl_generator_py/robotnik_perception_msgs/robotnik_perception_msgs_s__rosidl_typesupport_introspection_c.cpython-310-x86_64-linux-gnu.so[0m
[4.916s] [ 97%] Built target robotnik_perception_msgs__rosidl_typesupport_introspection_c__pyext
[4.920s] [ 97%] Built target robotnik_perception_msgs__rosidl_typesupport_fastrtps_c__pyext
[4.923s] [100%] [32m[1mLinking C shared library rosidl_generator_py/robotnik_perception_msgs/robotnik_perception_msgs_s__rosidl_typesupport_c.cpython-310-x86_64-linux-gnu.so[0m
[4.952s] [100%] Built target robotnik_perception_msgs__rosidl_typesupport_c__pyext
[4.961s] Invoked command in '/home/admin/ros2_ws/build/robotnik_perception_msgs' returned '0': CMAKE_PREFIX_PATH=${CMAKE_PREFIX_PATH}:/home/admin/ros2_ws/install/robotnik_safety_msgs:/home/admin/ros2_ws/install/rbvogui_cartographer:/opt/ros/humble /usr/bin/cmake --build /home/admin/ros2_ws/build/robotnik_perception_msgs -- -j20 -l20
[4.963s] Invoking command in '/home/admin/ros2_ws/build/robotnik_perception_msgs': CMAKE_PREFIX_PATH=${CMAKE_PREFIX_PATH}:/home/admin/ros2_ws/install/robotnik_safety_msgs:/home/admin/ros2_ws/install/rbvogui_cartographer:/opt/ros/humble /usr/bin/cmake --install /home/admin/ros2_ws/build/robotnik_perception_msgs
[4.970s] -- Install configuration: ""
[4.970s] -- Installing: /home/admin/ros2_ws/install/robotnik_perception_msgs/share/ament_index/resource_index/rosidl_interfaces/robotnik_perception_msgs
[4.970s] -- Installing: /home/admin/ros2_ws/install/robotnik_perception_msgs/include/robotnik_perception_msgs/robotnik_perception_msgs
[4.971s] -- Installing: /home/admin/ros2_ws/install/robotnik_perception_msgs/include/robotnik_perception_msgs/robotnik_perception_msgs/msg
[4.971s] -- Installing: /home/admin/ros2_ws/install/robotnik_perception_msgs/include/robotnik_perception_msgs/robotnik_perception_msgs/msg/rosidl_generator_c__visibility_control.h
[4.971s] -- Installing: /home/admin/ros2_ws/install/robotnik_perception_msgs/include/robotnik_perception_msgs/robotnik_perception_msgs/msg/detail
[4.971s] -- Installing: /home/admin/ros2_ws/install/robotnik_perception_msgs/include/robotnik_perception_msgs/robotnik_perception_msgs/msg/detail/detection__struct.h
[4.971s] -- Installing: /home/admin/ros2_ws/install/robotnik_perception_msgs/include/robotnik_perception_msgs/robotnik_perception_msgs/msg/detail/detection_array__struct.h
[4.971s] -- Installing: /home/admin/ros2_ws/install/robotnik_perception_msgs/include/robotnik_perception_msgs/robotnik_perception_msgs/msg/detail/detection__functions.h
[4.971s] -- Installing: /home/admin/ros2_ws/install/robotnik_perception_msgs/include/robotnik_perception_msgs/robotnik_perception_msgs/msg/detail/detection__functions.c
[4.971s] -- Installing: /home/admin/ros2_ws/install/robotnik_perception_msgs/include/robotnik_perception_msgs/robotnik_perception_msgs/msg/detail/detection_array__type_support.h
[4.971s] -- Installing: /home/admin/ros2_ws/install/robotnik_perception_msgs/include/robotnik_perception_msgs/robotnik_perception_msgs/msg/detail/detection_array__functions.h
[4.971s] -- Installing: /home/admin/ros2_ws/install/robotnik_perception_msgs/include/robotnik_perception_msgs/robotnik_perception_msgs/msg/detail/detection__type_support.h
[4.971s] -- Installing: /home/admin/ros2_ws/install/robotnik_perception_msgs/include/robotnik_perception_msgs/robotnik_perception_msgs/msg/detail/detection_array__functions.c
[4.971s] -- Installing: /home/admin/ros2_ws/install/robotnik_perception_msgs/include/robotnik_perception_msgs/robotnik_perception_msgs/msg/detection_array.h
[4.971s] -- Installing: /home/admin/ros2_ws/install/robotnik_perception_msgs/include/robotnik_perception_msgs/robotnik_perception_msgs/msg/detection.h
[4.972s] -- Installing: /home/admin/ros2_ws/install/robotnik_perception_msgs/share/robotnik_perception_msgs/environment/library_path.sh
[4.972s] -- Installing: /home/admin/ros2_ws/install/robotnik_perception_msgs/share/robotnik_perception_msgs/environment/library_path.dsv
[4.972s] -- Installing: /home/admin/ros2_ws/install/robotnik_perception_msgs/lib/librobotnik_perception_msgs__rosidl_generator_c.so
[4.972s] -- Set runtime path of "/home/admin/ros2_ws/install/robotnik_perception_msgs/lib/librobotnik_perception_msgs__rosidl_generator_c.so" to ""
[4.972s] -- Up-to-date: /home/admin/ros2_ws/install/robotnik_perception_msgs/include/robotnik_perception_msgs/robotnik_perception_msgs
[4.972s] -- Up-to-date: /home/admin/ros2_ws/install/robotnik_perception_msgs/include/robotnik_perception_msgs/robotnik_perception_msgs/msg
[4.972s] -- Installing: /home/admin/ros2_ws/install/robotnik_perception_msgs/include/robotnik_perception_msgs/robotnik_perception_msgs/msg/rosidl_typesupport_fastrtps_c__visibility_control.h
[4.972s] -- Up-to-date: /home/admin/ros2_ws/install/robotnik_perception_msgs/include/robotnik_perception_msgs/robotnik_perception_msgs/msg/detail
[4.972s] -- Installing: /home/admin/ros2_ws/install/robotnik_perception_msgs/include/robotnik_perception_msgs/robotnik_perception_msgs/msg/detail/detection_array__rosidl_typesupport_fastrtps_c.h
[4.972s] -- Installing: /home/admin/ros2_ws/install/robotnik_perception_msgs/include/robotnik_perception_msgs/robotnik_perception_msgs/msg/detail/detection__rosidl_typesupport_fastrtps_c.h
[4.973s] -- Installing: /home/admin/ros2_ws/install/robotnik_perception_msgs/lib/librobotnik_perception_msgs__rosidl_typesupport_fastrtps_c.so
[4.973s] -- Set runtime path of "/home/admin/ros2_ws/install/robotnik_perception_msgs/lib/librobotnik_perception_msgs__rosidl_typesupport_fastrtps_c.so" to ""
[4.973s] -- Up-to-date: /home/admin/ros2_ws/install/robotnik_perception_msgs/include/robotnik_perception_msgs/robotnik_perception_msgs
[4.973s] -- Up-to-date: /home/admin/ros2_ws/install/robotnik_perception_msgs/include/robotnik_perception_msgs/robotnik_perception_msgs/msg
[4.973s] -- Installing: /home/admin/ros2_ws/install/robotnik_perception_msgs/include/robotnik_perception_msgs/robotnik_perception_msgs/msg/rosidl_generator_cpp__visibility_control.hpp
[4.973s] -- Up-to-date: /home/admin/ros2_ws/install/robotnik_perception_msgs/include/robotnik_perception_msgs/robotnik_perception_msgs/msg/detail
[4.973s] -- Installing: /home/admin/ros2_ws/install/robotnik_perception_msgs/include/robotnik_perception_msgs/robotnik_perception_msgs/msg/detail/detection__traits.hpp
[4.973s] -- Installing: /home/admin/ros2_ws/install/robotnik_perception_msgs/include/robotnik_perception_msgs/robotnik_perception_msgs/msg/detail/detection_array__type_support.hpp
[4.973s] -- Installing: /home/admin/ros2_ws/install/robotnik_perception_msgs/include/robotnik_perception_msgs/robotnik_perception_msgs/msg/detail/detection_array__struct.hpp
[4.974s] -- Installing: /home/admin/ros2_ws/install/robotnik_perception_msgs/include/robotnik_perception_msgs/robotnik_perception_msgs/msg/detail/detection__struct.hpp
[4.974s] -- Installing: /home/admin/ros2_ws/install/robotnik_perception_msgs/include/robotnik_perception_msgs/robotnik_perception_msgs/msg/detail/detection_array__builder.hpp
[4.974s] -- Installing: /home/admin/ros2_ws/install/robotnik_perception_msgs/include/robotnik_perception_msgs/robotnik_perception_msgs/msg/detail/detection__type_support.hpp
[4.974s] -- Installing: /home/admin/ros2_ws/install/robotnik_perception_msgs/include/robotnik_perception_msgs/robotnik_perception_msgs/msg/detail/detection__builder.hpp
[4.974s] -- Installing: /home/admin/ros2_ws/install/robotnik_perception_msgs/include/robotnik_perception_msgs/robotnik_perception_msgs/msg/detail/detection_array__traits.hpp
[4.974s] -- Installing: /home/admin/ros2_ws/install/robotnik_perception_msgs/include/robotnik_perception_msgs/robotnik_perception_msgs/msg/detection_array.hpp
[4.974s] -- Installing: /home/admin/ros2_ws/install/robotnik_perception_msgs/include/robotnik_perception_msgs/robotnik_perception_msgs/msg/detection.hpp
[4.974s] -- Up-to-date: /home/admin/ros2_ws/install/robotnik_perception_msgs/include/robotnik_perception_msgs/robotnik_perception_msgs
[4.974s] -- Up-to-date: /home/admin/ros2_ws/install/robotnik_perception_msgs/include/robotnik_perception_msgs/robotnik_perception_msgs/msg
[4.974s] -- Installing: /home/admin/ros2_ws/install/robotnik_perception_msgs/include/robotnik_perception_msgs/robotnik_perception_msgs/msg/rosidl_typesupport_fastrtps_cpp__visibility_control.h
[4.974s] -- Up-to-date: /home/admin/ros2_ws/install/robotnik_perception_msgs/include/robotnik_perception_msgs/robotnik_perception_msgs/msg/detail
[4.974s] -- Installing: /home/admin/ros2_ws/install/robotnik_perception_msgs/include/robotnik_perception_msgs/robotnik_perception_msgs/msg/detail/detection__rosidl_typesupport_fastrtps_cpp.hpp
[4.974s] -- Installing: /home/admin/ros2_ws/install/robotnik_perception_msgs/include/robotnik_perception_msgs/robotnik_perception_msgs/msg/detail/detection_array__rosidl_typesupport_fastrtps_cpp.hpp
[4.974s] -- Installing: /home/admin/ros2_ws/install/robotnik_perception_msgs/include/robotnik_perception_msgs/robotnik_perception_msgs/msg/detail/dds_fastrtps
[4.974s] -- Installing: /home/admin/ros2_ws/install/robotnik_perception_msgs/lib/librobotnik_perception_msgs__rosidl_typesupport_fastrtps_cpp.so
[4.975s] -- Set runtime path of "/home/admin/ros2_ws/install/robotnik_perception_msgs/lib/librobotnik_perception_msgs__rosidl_typesupport_fastrtps_cpp.so" to ""
[4.975s] -- Up-to-date: /home/admin/ros2_ws/install/robotnik_perception_msgs/include/robotnik_perception_msgs/robotnik_perception_msgs
[4.975s] -- Up-to-date: /home/admin/ros2_ws/install/robotnik_perception_msgs/include/robotnik_perception_msgs/robotnik_perception_msgs/msg
[4.975s] -- Up-to-date: /home/admin/ros2_ws/install/robotnik_perception_msgs/include/robotnik_perception_msgs/robotnik_perception_msgs/msg/detail
[4.975s] -- Installing: /home/admin/ros2_ws/install/robotnik_perception_msgs/include/robotnik_perception_msgs/robotnik_perception_msgs/msg/detail/detection__rosidl_typesupport_introspection_c.h
[4.975s] -- Installing: /home/admin/ros2_ws/install/robotnik_perception_msgs/include/robotnik_perception_msgs/robotnik_perception_msgs/msg/detail/detection_array__rosidl_typesupport_introspection_c.h
[4.975s] -- Installing: /home/admin/ros2_ws/install/robotnik_perception_msgs/include/robotnik_perception_msgs/robotnik_perception_msgs/msg/detail/detection_array__type_support.c
[4.975s] -- Installing: /home/admin/ros2_ws/install/robotnik_perception_msgs/include/robotnik_perception_msgs/robotnik_perception_msgs/msg/detail/detection__type_support.c
[4.975s] -- Installing: /home/admin/ros2_ws/install/robotnik_perception_msgs/include/robotnik_perception_msgs/robotnik_perception_msgs/msg/rosidl_typesupport_introspection_c__visibility_control.h
[4.975s] -- Installing: /home/admin/ros2_ws/install/robotnik_perception_msgs/lib/librobotnik_perception_msgs__rosidl_typesupport_introspection_c.so
[4.976s] -- Set runtime path of "/home/admin/ros2_ws/install/robotnik_perception_msgs/lib/librobotnik_perception_msgs__rosidl_typesupport_introspection_c.so" to ""
[4.976s] -- Installing: /home/admin/ros2_ws/install/robotnik_perception_msgs/lib/librobotnik_perception_msgs__rosidl_typesupport_c.so
[4.976s] -- Set runtime path of "/home/admin/ros2_ws/install/robotnik_perception_msgs/lib/librobotnik_perception_msgs__rosidl_typesupport_c.so" to ""
[4.976s] -- Up-to-date: /home/admin/ros2_ws/install/robotnik_perception_msgs/include/robotnik_perception_msgs/robotnik_perception_msgs
[4.976s] -- Up-to-date: /home/admin/ros2_ws/install/robotnik_perception_msgs/include/robotnik_perception_msgs/robotnik_perception_msgs/msg
[4.976s] -- Up-to-date: /home/admin/ros2_ws/install/robotnik_perception_msgs/include/robotnik_perception_msgs/robotnik_perception_msgs/msg/detail
[4.976s] -- Installing: /home/admin/ros2_ws/install/robotnik_perception_msgs/include/robotnik_perception_msgs/robotnik_perception_msgs/msg/detail/detection_array__rosidl_typesupport_introspection_cpp.hpp
[4.976s] -- Installing: /home/admin/ros2_ws/install/robotnik_perception_msgs/include/robotnik_perception_msgs/robotnik_perception_msgs/msg/detail/detection__type_support.cpp
[4.976s] -- Installing: /home/admin/ros2_ws/install/robotnik_perception_msgs/include/robotnik_perception_msgs/robotnik_perception_msgs/msg/detail/detection__rosidl_typesupport_introspection_cpp.hpp
[4.976s] -- Installing: /home/admin/ros2_ws/install/robotnik_perception_msgs/include/robotnik_perception_msgs/robotnik_perception_msgs/msg/detail/detection_array__type_support.cpp
[4.976s] -- Installing: /home/admin/ros2_ws/install/robotnik_perception_msgs/lib/librobotnik_perception_msgs__rosidl_typesupport_introspection_cpp.so
[4.977s] -- Set runtime path of "/home/admin/ros2_ws/install/robotnik_perception_msgs/lib/librobotnik_perception_msgs__rosidl_typesupport_introspection_cpp.so" to ""
[4.977s] -- Installing: /home/admin/ros2_ws/install/robotnik_perception_msgs/lib/librobotnik_perception_msgs__rosidl_typesupport_cpp.so
[4.977s] -- Set runtime path of "/home/admin/ros2_ws/install/robotnik_perception_msgs/lib/librobotnik_perception_msgs__rosidl_typesupport_cpp.so" to ""
[4.977s] -- Installing: /home/admin/ros2_ws/install/robotnik_perception_msgs/share/robotnik_perception_msgs/environment/pythonpath.sh
[4.977s] -- Installing: /home/admin/ros2_ws/install/robotnik_perception_msgs/share/robotnik_perception_msgs/environment/pythonpath.dsv
[4.977s] -- Installing: /home/admin/ros2_ws/install/robotnik_perception_msgs/local/lib/python3.10/dist-packages/robotnik_perception_msgs-1.0.0-py3.10.egg-info
[4.977s] -- Installing: /home/admin/ros2_ws/install/robotnik_perception_msgs/local/lib/python3.10/dist-packages/robotnik_perception_msgs-1.0.0-py3.10.egg-info/PKG-INFO
[4.977s] -- Installing: /home/admin/ros2_ws/install/robotnik_perception_msgs/local/lib/python3.10/dist-packages/robotnik_perception_msgs-1.0.0-py3.10.egg-info/SOURCES.txt
[4.977s] -- Installing: /home/admin/ros2_ws/install/robotnik_perception_msgs/local/lib/python3.10/dist-packages/robotnik_perception_msgs-1.0.0-py3.10.egg-info/dependency_links.txt
[4.977s] -- Installing: /home/admin/ros2_ws/install/robotnik_perception_msgs/local/lib/python3.10/dist-packages/robotnik_perception_msgs-1.0.0-py3.10.egg-info/top_level.txt
[4.978s] -- Installing: /home/admin/ros2_ws/install/robotnik_perception_msgs/local/lib/python3.10/dist-packages/robotnik_perception_msgs
[4.978s] -- Installing: /home/admin/ros2_ws/install/robotnik_perception_msgs/local/lib/python3.10/dist-packages/robotnik_perception_msgs/robotnik_perception_msgs_s__rosidl_typesupport_fastrtps_c.cpython-310-x86_64-linux-gnu.so
[4.978s] -- Installing: /home/admin/ros2_ws/install/robotnik_perception_msgs/local/lib/python3.10/dist-packages/robotnik_perception_msgs/_robotnik_perception_msgs_s.ep.rosidl_typesupport_fastrtps_c.c
[4.978s] -- Installing: /home/admin/ros2_ws/install/robotnik_perception_msgs/local/lib/python3.10/dist-packages/robotnik_perception_msgs/robotnik_perception_msgs_s__rosidl_typesupport_introspection_c.cpython-310-x86_64-linux-gnu.so
[4.978s] -- Installing: /home/admin/ros2_ws/install/robotnik_perception_msgs/local/lib/python3.10/dist-packages/robotnik_perception_msgs/__init__.py
[4.978s] -- Installing: /home/admin/ros2_ws/install/robotnik_perception_msgs/local/lib/python3.10/dist-packages/robotnik_perception_msgs/_robotnik_perception_msgs_s.ep.rosidl_typesupport_introspection_c.c
[4.978s] -- Installing: /home/admin/ros2_ws/install/robotnik_perception_msgs/local/lib/python3.10/dist-packages/robotnik_perception_msgs/_robotnik_perception_msgs_s.ep.rosidl_typesupport_c.c
[4.978s] -- Installing: /home/admin/ros2_ws/install/robotnik_perception_msgs/local/lib/python3.10/dist-packages/robotnik_perception_msgs/robotnik_perception_msgs_s__rosidl_typesupport_c.cpython-310-x86_64-linux-gnu.so
[4.978s] -- Installing: /home/admin/ros2_ws/install/robotnik_perception_msgs/local/lib/python3.10/dist-packages/robotnik_perception_msgs/librobotnik_perception_msgs__rosidl_generator_py.so
[4.978s] -- Installing: /home/admin/ros2_ws/install/robotnik_perception_msgs/local/lib/python3.10/dist-packages/robotnik_perception_msgs/msg
[4.978s] -- Installing: /home/admin/ros2_ws/install/robotnik_perception_msgs/local/lib/python3.10/dist-packages/robotnik_perception_msgs/msg/_detection.py
[4.978s] -- Installing: /home/admin/ros2_ws/install/robotnik_perception_msgs/local/lib/python3.10/dist-packages/robotnik_perception_msgs/msg/_detection_array.py
[4.979s] -- Installing: /home/admin/ros2_ws/install/robotnik_perception_msgs/local/lib/python3.10/dist-packages/robotnik_perception_msgs/msg/_detection_s.c
[4.979s] -- Installing: /home/admin/ros2_ws/install/robotnik_perception_msgs/local/lib/python3.10/dist-packages/robotnik_perception_msgs/msg/__init__.py
[4.979s] -- Installing: /home/admin/ros2_ws/install/robotnik_perception_msgs/local/lib/python3.10/dist-packages/robotnik_perception_msgs/msg/_detection_array_s.c
[5.005s] Listing '/home/admin/ros2_ws/install/robotnik_perception_msgs/local/lib/python3.10/dist-packages/robotnik_perception_msgs'...
[5.005s] Compiling '/home/admin/ros2_ws/install/robotnik_perception_msgs/local/lib/python3.10/dist-packages/robotnik_perception_msgs/__init__.py'...
[5.006s] Listing '/home/admin/ros2_ws/install/robotnik_perception_msgs/local/lib/python3.10/dist-packages/robotnik_perception_msgs/msg'...
[5.006s] Compiling '/home/admin/ros2_ws/install/robotnik_perception_msgs/local/lib/python3.10/dist-packages/robotnik_perception_msgs/msg/__init__.py'...
[5.006s] Compiling '/home/admin/ros2_ws/install/robotnik_perception_msgs/local/lib/python3.10/dist-packages/robotnik_perception_msgs/msg/_detection.py'...
[5.006s] Compiling '/home/admin/ros2_ws/install/robotnik_perception_msgs/local/lib/python3.10/dist-packages/robotnik_perception_msgs/msg/_detection_array.py'...
[5.010s] -- Installing: /home/admin/ros2_ws/install/robotnik_perception_msgs/local/lib/python3.10/dist-packages/robotnik_perception_msgs/robotnik_perception_msgs_s__rosidl_typesupport_fastrtps_c.cpython-310-x86_64-linux-gnu.so
[5.010s] -- Set runtime path of "/home/admin/ros2_ws/install/robotnik_perception_msgs/local/lib/python3.10/dist-packages/robotnik_perception_msgs/robotnik_perception_msgs_s__rosidl_typesupport_fastrtps_c.cpython-310-x86_64-linux-gnu.so" to ""
[5.010s] -- Installing: /home/admin/ros2_ws/install/robotnik_perception_msgs/local/lib/python3.10/dist-packages/robotnik_perception_msgs/robotnik_perception_msgs_s__rosidl_typesupport_introspection_c.cpython-310-x86_64-linux-gnu.so
[5.011s] -- Set runtime path of "/home/admin/ros2_ws/install/robotnik_perception_msgs/local/lib/python3.10/dist-packages/robotnik_perception_msgs/robotnik_perception_msgs_s__rosidl_typesupport_introspection_c.cpython-310-x86_64-linux-gnu.so" to ""
[5.011s] -- Installing: /home/admin/ros2_ws/install/robotnik_perception_msgs/local/lib/python3.10/dist-packages/robotnik_perception_msgs/robotnik_perception_msgs_s__rosidl_typesupport_c.cpython-310-x86_64-linux-gnu.so
[5.011s] -- Set runtime path of "/home/admin/ros2_ws/install/robotnik_perception_msgs/local/lib/python3.10/dist-packages/robotnik_perception_msgs/robotnik_perception_msgs_s__rosidl_typesupport_c.cpython-310-x86_64-linux-gnu.so" to ""
[5.011s] -- Installing: /home/admin/ros2_ws/install/robotnik_perception_msgs/lib/librobotnik_perception_msgs__rosidl_generator_py.so
[5.011s] -- Set runtime path of "/home/admin/ros2_ws/install/robotnik_perception_msgs/lib/librobotnik_perception_msgs__rosidl_generator_py.so" to ""
[5.011s] -- Installing: /home/admin/ros2_ws/install/robotnik_perception_msgs/share/robotnik_perception_msgs/msg/Detection.idl
[5.011s] -- Installing: /home/admin/ros2_ws/install/robotnik_perception_msgs/share/robotnik_perception_msgs/msg/DetectionArray.idl
[5.011s] -- Installing: /home/admin/ros2_ws/install/robotnik_perception_msgs/share/robotnik_perception_msgs/msg/Detection.msg
[5.011s] -- Installing: /home/admin/ros2_ws/install/robotnik_perception_msgs/share/robotnik_perception_msgs/msg/DetectionArray.msg
[5.012s] -- Installing: /home/admin/ros2_ws/install/robotnik_perception_msgs/share/ament_index/resource_index/package_run_dependencies/robotnik_perception_msgs
[5.012s] -- Installing: /home/admin/ros2_ws/install/robotnik_perception_msgs/share/ament_index/resource_index/parent_prefix_path/robotnik_perception_msgs
[5.012s] -- Installing: /home/admin/ros2_ws/install/robotnik_perception_msgs/share/robotnik_perception_msgs/environment/ament_prefix_path.sh
[5.012s] -- Installing: /home/admin/ros2_ws/install/robotnik_perception_msgs/share/robotnik_perception_msgs/environment/ament_prefix_path.dsv
[5.012s] -- Installing: /home/admin/ros2_ws/install/robotnik_perception_msgs/share/robotnik_perception_msgs/environment/path.sh
[5.012s] -- Installing: /home/admin/ros2_ws/install/robotnik_perception_msgs/share/robotnik_perception_msgs/environment/path.dsv
[5.012s] -- Installing: /home/admin/ros2_ws/install/robotnik_perception_msgs/share/robotnik_perception_msgs/local_setup.bash
[5.012s] -- Installing: /home/admin/ros2_ws/install/robotnik_perception_msgs/share/robotnik_perception_msgs/local_setup.sh
[5.012s] -- Installing: /home/admin/ros2_ws/install/robotnik_perception_msgs/share/robotnik_perception_msgs/local_setup.zsh
[5.012s] -- Installing: /home/admin/ros2_ws/install/robotnik_perception_msgs/share/robotnik_perception_msgs/local_setup.dsv
[5.012s] -- Installing: /home/admin/ros2_ws/install/robotnik_perception_msgs/share/robotnik_perception_msgs/package.dsv
[5.012s] -- Installing: /home/admin/ros2_ws/install/robotnik_perception_msgs/share/ament_index/resource_index/packages/robotnik_perception_msgs
[5.012s] -- Installing: /home/admin/ros2_ws/install/robotnik_perception_msgs/share/robotnik_perception_msgs/cmake/export_robotnik_perception_msgs__rosidl_generator_cExport.cmake
[5.013s] -- Installing: /home/admin/ros2_ws/install/robotnik_perception_msgs/share/robotnik_perception_msgs/cmake/export_robotnik_perception_msgs__rosidl_generator_cExport-noconfig.cmake
[5.013s] -- Installing: /home/admin/ros2_ws/install/robotnik_perception_msgs/share/robotnik_perception_msgs/cmake/export_robotnik_perception_msgs__rosidl_typesupport_fastrtps_cExport.cmake
[5.013s] -- Installing: /home/admin/ros2_ws/install/robotnik_perception_msgs/share/robotnik_perception_msgs/cmake/export_robotnik_perception_msgs__rosidl_typesupport_fastrtps_cExport-noconfig.cmake
[5.013s] -- Installing: /home/admin/ros2_ws/install/robotnik_perception_msgs/share/robotnik_perception_msgs/cmake/export_robotnik_perception_msgs__rosidl_generator_cppExport.cmake
[5.013s] -- Installing: /home/admin/ros2_ws/install/robotnik_perception_msgs/share/robotnik_perception_msgs/cmake/export_robotnik_perception_msgs__rosidl_typesupport_fastrtps_cppExport.cmake
[5.013s] -- Installing: /home/admin/ros2_ws/install/robotnik_perception_msgs/share/robotnik_perception_msgs/cmake/export_robotnik_perception_msgs__rosidl_typesupport_fastrtps_cppExport-noconfig.cmake
[5.013s] -- Installing: /home/admin/ros2_ws/install/robotnik_perception_msgs/share/robotnik_perception_msgs/cmake/robotnik_perception_msgs__rosidl_typesupport_introspection_cExport.cmake
[5.013s] -- Installing: /home/admin/ros2_ws/install/robotnik_perception_msgs/share/robotnik_perception_msgs/cmake/robotnik_perception_msgs__rosidl_typesupport_introspection_cExport-noconfig.cmake
[5.013s] -- Installing: /home/admin/ros2_ws/install/robotnik_perception_msgs/share/robotnik_perception_msgs/cmake/robotnik_perception_msgs__rosidl_typesupport_cExport.cmake
[5.013s] -- Installing: /home/admin/ros2_ws/install/robotnik_perception_msgs/share/robotnik_perception_msgs/cmake/robotnik_perception_msgs__rosidl_typesupport_cExport-noconfig.cmake
[5.013s] -- Installing: /home/admin/ros2_ws/install/robotnik_perception_msgs/share/robotnik_perception_msgs/cmake/robotnik_perception_msgs__rosidl_typesupport_introspection_cppExport.cmake
[5.013s] -- Installing: /home/admin/ros2_ws/install/robotnik_perception_msgs/share/robotnik_perception_msgs/cmake/robotnik_perception_msgs__rosidl_typesupport_introspection_cppExport-noconfig.cmake
[5.013s] -- Installing: /home/admin/ros2_ws/install/robotnik_perception_msgs/share/robotnik_perception_msgs/cmake/robotnik_perception_msgs__rosidl_typesupport_cppExport.cmake
[5.013s] -- Installing: /home/admin/ros2_ws/install/robotnik_perception_msgs/share/robotnik_perception_msgs/cmake/robotnik_perception_msgs__rosidl_typesupport_cppExport-noconfig.cmake
[5.014s] -- Installing: /home/admin/ros2_ws/install/robotnik_perception_msgs/share/robotnik_perception_msgs/cmake/export_robotnik_perception_msgs__rosidl_generator_pyExport.cmake
[5.014s] -- Installing: /home/admin/ros2_ws/install/robotnik_perception_msgs/share/robotnik_perception_msgs/cmake/export_robotnik_perception_msgs__rosidl_generator_pyExport-noconfig.cmake
[5.014s] -- Installing: /home/admin/ros2_ws/install/robotnik_perception_msgs/share/robotnik_perception_msgs/cmake/rosidl_cmake-extras.cmake
[5.014s] -- Installing: /home/admin/ros2_ws/install/robotnik_perception_msgs/share/robotnik_perception_msgs/cmake/ament_cmake_export_dependencies-extras.cmake
[5.014s] -- Installing: /home/admin/ros2_ws/install/robotnik_perception_msgs/share/robotnik_perception_msgs/cmake/ament_cmake_export_include_directories-extras.cmake
[5.014s] -- Installing: /home/admin/ros2_ws/install/robotnik_perception_msgs/share/robotnik_perception_msgs/cmake/ament_cmake_export_libraries-extras.cmake
[5.014s] -- Installing: /home/admin/ros2_ws/install/robotnik_perception_msgs/share/robotnik_perception_msgs/cmake/ament_cmake_export_targets-extras.cmake
[5.014s] -- Installing: /home/admin/ros2_ws/install/robotnik_perception_msgs/share/robotnik_perception_msgs/cmake/rosidl_cmake_export_typesupport_targets-extras.cmake
[5.014s] -- Installing: /home/admin/ros2_ws/install/robotnik_perception_msgs/share/robotnik_perception_msgs/cmake/rosidl_cmake_export_typesupport_libraries-extras.cmake
[5.014s] -- Installing: /home/admin/ros2_ws/install/robotnik_perception_msgs/share/robotnik_perception_msgs/cmake/robotnik_perception_msgsConfig.cmake
[5.014s] -- Installing: /home/admin/ros2_ws/install/robotnik_perception_msgs/share/robotnik_perception_msgs/cmake/robotnik_perception_msgsConfig-version.cmake
[5.014s] -- Installing: /home/admin/ros2_ws/install/robotnik_perception_msgs/share/robotnik_perception_msgs/package.xml
[5.015s] Invoked command in '/home/admin/ros2_ws/build/robotnik_perception_msgs' returned '0': CMAKE_PREFIX_PATH=${CMAKE_PREFIX_PATH}:/home/admin/ros2_ws/install/robotnik_safety_msgs:/home/admin/ros2_ws/install/rbvogui_cartographer:/opt/ros/humble /usr/bin/cmake --install /home/admin/ros2_ws/build/robotnik_perception_msgs
