[0.012s] Invoking command in '/home/admin/ros2_ws/build/robotnik_battery_msgs': CMAKE_PREFIX_PATH=${CMAKE_PREFIX_PATH}:/home/admin/ros2_ws/install/custom_gz:/opt/ros/humble /usr/bin/cmake /home/admin/ros2_ws/src/robotnik_interfaces/robotnik_battery_msgs -DCMAKE_INSTALL_PREFIX=/home/admin/ros2_ws/install/robotnik_battery_msgs
[0.058s] -- The C compiler identification is GNU 11.4.0
[0.115s] -- The CXX compiler identification is GNU 11.4.0
[0.124s] -- Detecting C compiler ABI info
[0.189s] -- Detecting C compiler ABI info - done
[0.195s] -- Check for working C compiler: /usr/bin/cc - skipped
[0.195s] -- Detecting C compile features
[0.196s] -- Detecting C compile features - done
[0.198s] -- Detecting CXX compiler ABI info
[0.272s] -- Detecting CXX compiler ABI info - done
[0.278s] -- Check for working CXX compiler: /usr/bin/c++ - skipped
[0.279s] -- Detecting CXX compile features
[0.279s] -- Detecting CXX compile features - done
[0.281s] -- Found ament_cmake: 1.3.11 (/opt/ros/humble/share/ament_cmake/cmake)
[0.422s] -- Found Python3: /usr/bin/python3 (found version "3.10.12") found components: Interpreter 
[0.512s] -- Found builtin_interfaces: 1.2.1 (/opt/ros/humble/share/builtin_interfaces/cmake)
[0.552s] -- Found rosidl_generator_c: 3.1.6 (/opt/ros/humble/share/rosidl_generator_c/cmake)
[0.556s] -- Found rosidl_adapter: 3.1.6 (/opt/ros/humble/share/rosidl_adapter/cmake)
[0.564s] -- Found rosidl_generator_cpp: 3.1.6 (/opt/ros/humble/share/rosidl_generator_cpp/cmake)
[0.574s] -- Using all available rosidl_typesupport_c: rosidl_typesupport_fastrtps_c;rosidl_typesupport_introspection_c
[0.588s] -- Using all available rosidl_typesupport_cpp: rosidl_typesupport_fastrtps_cpp;rosidl_typesupport_introspection_cpp
[0.601s] -- Found rosidl_default_generators: 1.2.0 (/opt/ros/humble/share/rosidl_default_generators/cmake)
[0.610s] -- Found std_msgs: 4.9.0 (/opt/ros/humble/share/std_msgs/cmake)
[0.888s] -- Found ament_cmake_cppcheck: 0.12.12 (/opt/ros/humble/share/ament_cmake_cppcheck/cmake)
[0.890s] -- Found ament_cmake_cpplint: 0.12.12 (/opt/ros/humble/share/ament_cmake_cpplint/cmake)
[0.891s] -- Found ament_cmake_uncrustify: 0.12.12 (/opt/ros/humble/share/ament_cmake_uncrustify/cmake)
[0.893s] -- Found ament_cmake_ros: 0.10.0 (/opt/ros/humble/share/ament_cmake_ros/cmake)
[1.212s] -- Using all available rosidl_typesupport_c: rosidl_typesupport_fastrtps_c;rosidl_typesupport_introspection_c
[1.357s] -- Using all available rosidl_typesupport_cpp: rosidl_typesupport_fastrtps_cpp;rosidl_typesupport_introspection_cpp
[1.378s] -- Found PythonInterp: /usr/bin/python3 (found suitable version "3.10.12", minimum required is "3.6") 
[1.380s] -- Found python_cmake_module: 0.10.0 (/opt/ros/humble/share/python_cmake_module/cmake)
[1.402s] -- Found PythonLibs: /usr/lib/x86_64-linux-gnu/libpython3.10.so (found suitable version "3.10.12", minimum required is "3.5") 
[1.403s] -- Using PYTHON_EXECUTABLE: /usr/bin/python3
[1.403s] -- Using PYTHON_INCLUDE_DIRS: /usr/include/python3.10
[1.403s] -- Using PYTHON_LIBRARIES: /usr/lib/x86_64-linux-gnu/libpython3.10.so
[1.422s] -- Found PythonExtra: .so  
[1.467s] -- Found ament_cmake_flake8: 0.12.12 (/opt/ros/humble/share/ament_cmake_flake8/cmake)
[1.469s] -- Found ament_cmake_pep257: 0.12.12 (/opt/ros/humble/share/ament_cmake_pep257/cmake)
[1.471s] -- Found ament_lint_auto: 0.12.12 (/opt/ros/humble/share/ament_lint_auto/cmake)
[1.482s] -- Added test 'copyright' to check source files copyright and LICENSE
[1.483s] -- Added test 'lint_cmake' to check CMake code style
[1.484s] -- Added test 'xmllint' to check XML markup files
[1.486s] -- Configuring done
[1.516s] -- Generating done
[1.526s] -- Build files have been written to: /home/admin/ros2_ws/build/robotnik_battery_msgs
[1.537s] Invoked command in '/home/admin/ros2_ws/build/robotnik_battery_msgs' returned '0': CMAKE_PREFIX_PATH=${CMAKE_PREFIX_PATH}:/home/admin/ros2_ws/install/custom_gz:/opt/ros/humble /usr/bin/cmake /home/admin/ros2_ws/src/robotnik_interfaces/robotnik_battery_msgs -DCMAKE_INSTALL_PREFIX=/home/admin/ros2_ws/install/robotnik_battery_msgs
[1.538s] Invoking command in '/home/admin/ros2_ws/build/robotnik_battery_msgs': CMAKE_PREFIX_PATH=${CMAKE_PREFIX_PATH}:/home/admin/ros2_ws/install/custom_gz:/opt/ros/humble /usr/bin/cmake --build /home/admin/ros2_ws/build/robotnik_battery_msgs -- -j20 -l20
[1.576s] [  1%] [34m[1mGenerating C code for ROS interfaces[0m
[1.592s] [  2%] [34m[1mGenerating C++ code for ROS interfaces[0m
[1.596s] [  2%] Built target ament_cmake_python_copy_robotnik_battery_msgs
[1.833s] running egg_info
[1.834s] creating robotnik_battery_msgs.egg-info
[1.834s] writing robotnik_battery_msgs.egg-info/PKG-INFO
[1.834s] writing dependency_links to robotnik_battery_msgs.egg-info/dependency_links.txt
[1.834s] writing top-level names to robotnik_battery_msgs.egg-info/top_level.txt
[1.835s] writing manifest file 'robotnik_battery_msgs.egg-info/SOURCES.txt'
[1.836s] reading manifest file 'robotnik_battery_msgs.egg-info/SOURCES.txt'
[1.837s] writing manifest file 'robotnik_battery_msgs.egg-info/SOURCES.txt'
[1.861s] [  2%] Built target ament_cmake_python_build_robotnik_battery_msgs_egg
[3.864s] [  2%] Built target robotnik_battery_msgs__cpp
[3.879s] [  4%] [34m[1mGenerating C++ type support for eProsima Fast-RTPS[0m
[3.880s] [  5%] [34m[1mGenerating C++ introspection for ROS interfaces[0m
[3.883s] [  7%] [34m[1mGenerating C++ type support dispatch for ROS interfaces[0m
[3.979s] [  9%] [32mBuilding C object CMakeFiles/robotnik_battery_msgs__rosidl_generator_c.dir/rosidl_generator_c/robotnik_battery_msgs/msg/detail/battery_status_stamped__functions.c.o[0m
[3.979s] [  9%] [32mBuilding C object CMakeFiles/robotnik_battery_msgs__rosidl_generator_c.dir/rosidl_generator_c/robotnik_battery_msgs/msg/detail/battery_status__functions.c.o[0m
[3.981s] [ 11%] [32mBuilding C object CMakeFiles/robotnik_battery_msgs__rosidl_generator_c.dir/rosidl_generator_c/robotnik_battery_msgs/msg/detail/docking_station_status__functions.c.o[0m
[3.989s] [ 12%] [32mBuilding C object CMakeFiles/robotnik_battery_msgs__rosidl_generator_c.dir/rosidl_generator_c/robotnik_battery_msgs/msg/detail/docking_station_status_stamped__functions.c.o[0m
[3.990s] [ 14%] [32mBuilding C object CMakeFiles/robotnik_battery_msgs__rosidl_generator_c.dir/rosidl_generator_c/robotnik_battery_msgs/msg/detail/inverter_status__functions.c.o[0m
[3.994s] [ 15%] [32mBuilding C object CMakeFiles/robotnik_battery_msgs__rosidl_generator_c.dir/rosidl_generator_c/robotnik_battery_msgs/msg/detail/inverter_status_stamped__functions.c.o[0m
[4.283s] [ 16%] [32m[1mLinking C shared library librobotnik_battery_msgs__rosidl_generator_c.so[0m
[4.325s] [ 16%] Built target robotnik_battery_msgs__rosidl_generator_c
[4.335s] [ 18%] [34m[1mGenerating C introspection for ROS interfaces[0m
[4.335s] [ 19%] [34m[1mGenerating C type support dispatch for ROS interfaces[0m
[4.340s] [ 21%] [34m[1mGenerating C type support for eProsima Fast-RTPS[0m
[4.957s] [ 22%] [32mBuilding C object CMakeFiles/robotnik_battery_msgs__rosidl_typesupport_introspection_c.dir/rosidl_typesupport_introspection_c/robotnik_battery_msgs/msg/detail/battery_status_stamped__type_support.c.o[0m
[4.962s] [ 23%] [32mBuilding C object CMakeFiles/robotnik_battery_msgs__rosidl_typesupport_introspection_c.dir/rosidl_typesupport_introspection_c/robotnik_battery_msgs/msg/detail/inverter_status__type_support.c.o[0m
[4.965s] [ 25%] [32mBuilding C object CMakeFiles/robotnik_battery_msgs__rosidl_typesupport_introspection_c.dir/rosidl_typesupport_introspection_c/robotnik_battery_msgs/msg/detail/inverter_status_stamped__type_support.c.o[0m
[4.965s] [ 26%] [32mBuilding C object CMakeFiles/robotnik_battery_msgs__rosidl_typesupport_introspection_c.dir/rosidl_typesupport_introspection_c/robotnik_battery_msgs/msg/detail/battery_status__type_support.c.o[0m
[4.968s] [ 28%] [32mBuilding C object CMakeFiles/robotnik_battery_msgs__rosidl_typesupport_introspection_c.dir/rosidl_typesupport_introspection_c/robotnik_battery_msgs/msg/detail/docking_station_status_stamped__type_support.c.o[0m
[4.975s] [ 29%] [32mBuilding CXX object CMakeFiles/robotnik_battery_msgs__rosidl_typesupport_fastrtps_c.dir/rosidl_typesupport_fastrtps_c/robotnik_battery_msgs/msg/detail/battery_status_stamped__type_support_c.cpp.o[0m
[4.975s] [ 30%] [32mBuilding CXX object CMakeFiles/robotnik_battery_msgs__rosidl_typesupport_fastrtps_c.dir/rosidl_typesupport_fastrtps_c/robotnik_battery_msgs/msg/detail/docking_station_status__type_support_c.cpp.o[0m
[4.979s] [ 33%] [32mBuilding CXX object CMakeFiles/robotnik_battery_msgs__rosidl_typesupport_fastrtps_c.dir/rosidl_typesupport_fastrtps_c/robotnik_battery_msgs/msg/detail/battery_status__type_support_c.cpp.o[0m
[4.979s] [ 35%] [32mBuilding CXX object CMakeFiles/robotnik_battery_msgs__rosidl_typesupport_fastrtps_c.dir/rosidl_typesupport_fastrtps_c/robotnik_battery_msgs/msg/detail/inverter_status_stamped__type_support_c.cpp.o[0m
[4.979s] [ 35%] [32mBuilding CXX object CMakeFiles/robotnik_battery_msgs__rosidl_typesupport_fastrtps_c.dir/rosidl_typesupport_fastrtps_c/robotnik_battery_msgs/msg/detail/docking_station_status_stamped__type_support_c.cpp.o[0m
[4.987s] [ 36%] [32mBuilding CXX object CMakeFiles/robotnik_battery_msgs__rosidl_typesupport_fastrtps_c.dir/rosidl_typesupport_fastrtps_c/robotnik_battery_msgs/msg/detail/inverter_status__type_support_c.cpp.o[0m
[5.016s] [ 38%] [32mBuilding C object CMakeFiles/robotnik_battery_msgs__rosidl_typesupport_introspection_c.dir/rosidl_typesupport_introspection_c/robotnik_battery_msgs/msg/detail/docking_station_status__type_support.c.o[0m
[5.077s] [ 39%] [32m[1mLinking C shared library librobotnik_battery_msgs__rosidl_typesupport_introspection_c.so[0m
[5.154s] [ 39%] Built target robotnik_battery_msgs__rosidl_typesupport_introspection_c
[5.173s] [ 40%] [32mBuilding CXX object CMakeFiles/robotnik_battery_msgs__rosidl_typesupport_cpp.dir/rosidl_typesupport_cpp/robotnik_battery_msgs/msg/battery_status__type_support.cpp.o[0m
[5.173s] [ 42%] [32mBuilding CXX object CMakeFiles/robotnik_battery_msgs__rosidl_typesupport_cpp.dir/rosidl_typesupport_cpp/robotnik_battery_msgs/msg/docking_station_status__type_support.cpp.o[0m
[5.173s] [ 43%] [32mBuilding CXX object CMakeFiles/robotnik_battery_msgs__rosidl_typesupport_cpp.dir/rosidl_typesupport_cpp/robotnik_battery_msgs/msg/inverter_status__type_support.cpp.o[0m
[5.174s] [ 45%] [32mBuilding CXX object CMakeFiles/robotnik_battery_msgs__rosidl_typesupport_cpp.dir/rosidl_typesupport_cpp/robotnik_battery_msgs/msg/inverter_status_stamped__type_support.cpp.o[0m
[5.175s] [ 46%] [32mBuilding CXX object CMakeFiles/robotnik_battery_msgs__rosidl_typesupport_cpp.dir/rosidl_typesupport_cpp/robotnik_battery_msgs/msg/docking_station_status_stamped__type_support.cpp.o[0m
[5.195s] [ 47%] [32mBuilding CXX object CMakeFiles/robotnik_battery_msgs__rosidl_typesupport_cpp.dir/rosidl_typesupport_cpp/robotnik_battery_msgs/msg/battery_status_stamped__type_support.cpp.o[0m
[5.240s] [ 49%] [32mBuilding CXX object CMakeFiles/robotnik_battery_msgs__rosidl_typesupport_fastrtps_cpp.dir/rosidl_typesupport_fastrtps_cpp/robotnik_battery_msgs/msg/detail/dds_fastrtps/battery_status_stamped__type_support.cpp.o[0m
[5.240s] [ 50%] [32mBuilding CXX object CMakeFiles/robotnik_battery_msgs__rosidl_typesupport_fastrtps_cpp.dir/rosidl_typesupport_fastrtps_cpp/robotnik_battery_msgs/msg/detail/dds_fastrtps/battery_status__type_support.cpp.o[0m
[5.240s] [ 52%] [32mBuilding CXX object CMakeFiles/robotnik_battery_msgs__rosidl_typesupport_fastrtps_cpp.dir/rosidl_typesupport_fastrtps_cpp/robotnik_battery_msgs/msg/detail/dds_fastrtps/inverter_status__type_support.cpp.o[0m
[5.242s] [ 53%] [32mBuilding CXX object CMakeFiles/robotnik_battery_msgs__rosidl_typesupport_fastrtps_cpp.dir/rosidl_typesupport_fastrtps_cpp/robotnik_battery_msgs/msg/detail/dds_fastrtps/docking_station_status__type_support.cpp.o[0m
[5.244s] [ 54%] [32mBuilding CXX object CMakeFiles/robotnik_battery_msgs__rosidl_typesupport_fastrtps_cpp.dir/rosidl_typesupport_fastrtps_cpp/robotnik_battery_msgs/msg/detail/dds_fastrtps/docking_station_status_stamped__type_support.cpp.o[0m
[5.256s] [ 56%] [32mBuilding CXX object CMakeFiles/robotnik_battery_msgs__rosidl_typesupport_fastrtps_cpp.dir/rosidl_typesupport_fastrtps_cpp/robotnik_battery_msgs/msg/detail/dds_fastrtps/inverter_status_stamped__type_support.cpp.o[0m
[5.513s] [ 57%] [32mBuilding CXX object CMakeFiles/robotnik_battery_msgs__rosidl_typesupport_introspection_cpp.dir/rosidl_typesupport_introspection_cpp/robotnik_battery_msgs/msg/detail/battery_status__type_support.cpp.o[0m
[5.514s] [ 59%] [32mBuilding CXX object CMakeFiles/robotnik_battery_msgs__rosidl_typesupport_introspection_cpp.dir/rosidl_typesupport_introspection_cpp/robotnik_battery_msgs/msg/detail/battery_status_stamped__type_support.cpp.o[0m
[5.553s] [ 61%] [32mBuilding CXX object CMakeFiles/robotnik_battery_msgs__rosidl_typesupport_introspection_cpp.dir/rosidl_typesupport_introspection_cpp/robotnik_battery_msgs/msg/detail/docking_station_status_stamped__type_support.cpp.o[0m
[5.553s] [ 61%] [32mBuilding CXX object CMakeFiles/robotnik_battery_msgs__rosidl_typesupport_introspection_cpp.dir/rosidl_typesupport_introspection_cpp/robotnik_battery_msgs/msg/detail/inverter_status__type_support.cpp.o[0m
[5.588s] [ 63%] [32mBuilding CXX object CMakeFiles/robotnik_battery_msgs__rosidl_typesupport_introspection_cpp.dir/rosidl_typesupport_introspection_cpp/robotnik_battery_msgs/msg/detail/inverter_status_stamped__type_support.cpp.o[0m
[5.596s] [ 64%] [32mBuilding CXX object CMakeFiles/robotnik_battery_msgs__rosidl_typesupport_introspection_cpp.dir/rosidl_typesupport_introspection_cpp/robotnik_battery_msgs/msg/detail/docking_station_status__type_support.cpp.o[0m
[5.649s] [ 66%] [32mBuilding CXX object CMakeFiles/robotnik_battery_msgs__rosidl_typesupport_c.dir/rosidl_typesupport_c/robotnik_battery_msgs/msg/battery_status__type_support.cpp.o[0m
[5.712s] [ 67%] [32mBuilding CXX object CMakeFiles/robotnik_battery_msgs__rosidl_typesupport_c.dir/rosidl_typesupport_c/robotnik_battery_msgs/msg/battery_status_stamped__type_support.cpp.o[0m
[5.748s] [ 69%] [32mBuilding CXX object CMakeFiles/robotnik_battery_msgs__rosidl_typesupport_c.dir/rosidl_typesupport_c/robotnik_battery_msgs/msg/docking_station_status__type_support.cpp.o[0m
[5.843s] [ 70%] [32mBuilding CXX object CMakeFiles/robotnik_battery_msgs__rosidl_typesupport_c.dir/rosidl_typesupport_c/robotnik_battery_msgs/msg/docking_station_status_stamped__type_support.cpp.o[0m
[5.854s] [ 71%] [32mBuilding CXX object CMakeFiles/robotnik_battery_msgs__rosidl_typesupport_c.dir/rosidl_typesupport_c/robotnik_battery_msgs/msg/inverter_status__type_support.cpp.o[0m
[5.861s] [ 73%] [32mBuilding CXX object CMakeFiles/robotnik_battery_msgs__rosidl_typesupport_c.dir/rosidl_typesupport_c/robotnik_battery_msgs/msg/inverter_status_stamped__type_support.cpp.o[0m
[6.083s] [ 74%] [32m[1mLinking CXX shared library librobotnik_battery_msgs__rosidl_typesupport_c.so[0m
[6.287s] [ 74%] Built target robotnik_battery_msgs__rosidl_typesupport_c
[6.354s] [ 76%] [32m[1mLinking CXX shared library librobotnik_battery_msgs__rosidl_typesupport_introspection_cpp.so[0m
[6.432s] [ 77%] [32m[1mLinking CXX shared library librobotnik_battery_msgs__rosidl_typesupport_cpp.so[0m
[6.453s] [ 77%] Built target robotnik_battery_msgs__rosidl_typesupport_introspection_cpp
[6.502s] [ 78%] [32m[1mLinking CXX shared library librobotnik_battery_msgs__rosidl_typesupport_fastrtps_c.so[0m
[6.503s] [ 78%] Built target robotnik_battery_msgs__rosidl_typesupport_cpp
[6.594s] [ 78%] Built target robotnik_battery_msgs__rosidl_typesupport_fastrtps_c
[6.676s] [ 80%] [32m[1mLinking CXX shared library librobotnik_battery_msgs__rosidl_typesupport_fastrtps_cpp.so[0m
[6.729s] [ 80%] Built target robotnik_battery_msgs__rosidl_typesupport_fastrtps_cpp
[6.745s] [ 80%] Built target robotnik_battery_msgs
[6.768s] [ 81%] [34m[1mGenerating Python code for ROS interfaces[0m
[7.472s] [ 81%] Built target robotnik_battery_msgs__py
[7.493s] [ 83%] [32mBuilding C object CMakeFiles/robotnik_battery_msgs__rosidl_generator_py.dir/rosidl_generator_py/robotnik_battery_msgs/msg/_battery_status_stamped_s.c.o[0m
[7.493s] [ 84%] [32mBuilding C object CMakeFiles/robotnik_battery_msgs__rosidl_generator_py.dir/rosidl_generator_py/robotnik_battery_msgs/msg/_inverter_status_s.c.o[0m
[7.494s] [ 85%] [32mBuilding C object CMakeFiles/robotnik_battery_msgs__rosidl_generator_py.dir/rosidl_generator_py/robotnik_battery_msgs/msg/_inverter_status_stamped_s.c.o[0m
[7.494s] [ 87%] [32mBuilding C object CMakeFiles/robotnik_battery_msgs__rosidl_generator_py.dir/rosidl_generator_py/robotnik_battery_msgs/msg/_docking_station_status_s.c.o[0m
[7.494s] [ 88%] [32mBuilding C object CMakeFiles/robotnik_battery_msgs__rosidl_generator_py.dir/rosidl_generator_py/robotnik_battery_msgs/msg/_docking_station_status_stamped_s.c.o[0m
[7.496s] [ 90%] [32mBuilding C object CMakeFiles/robotnik_battery_msgs__rosidl_generator_py.dir/rosidl_generator_py/robotnik_battery_msgs/msg/_battery_status_s.c.o[0m
[7.617s] [ 91%] [32m[1mLinking C shared library rosidl_generator_py/robotnik_battery_msgs/librobotnik_battery_msgs__rosidl_generator_py.so[0m
[7.655s] [ 91%] Built target robotnik_battery_msgs__rosidl_generator_py
[7.672s] [ 92%] [32mBuilding C object CMakeFiles/robotnik_battery_msgs__rosidl_typesupport_fastrtps_c__pyext.dir/rosidl_generator_py/robotnik_battery_msgs/_robotnik_battery_msgs_s.ep.rosidl_typesupport_fastrtps_c.c.o[0m
[7.672s] [ 94%] [32mBuilding C object CMakeFiles/robotnik_battery_msgs__rosidl_typesupport_c__pyext.dir/rosidl_generator_py/robotnik_battery_msgs/_robotnik_battery_msgs_s.ep.rosidl_typesupport_c.c.o[0m
[7.675s] [ 95%] [32mBuilding C object CMakeFiles/robotnik_battery_msgs__rosidl_typesupport_introspection_c__pyext.dir/rosidl_generator_py/robotnik_battery_msgs/_robotnik_battery_msgs_s.ep.rosidl_typesupport_introspection_c.c.o[0m
[7.757s] [ 97%] [32m[1mLinking C shared library rosidl_generator_py/robotnik_battery_msgs/robotnik_battery_msgs_s__rosidl_typesupport_introspection_c.cpython-310-x86_64-linux-gnu.so[0m
[7.758s] [100%] [32m[1mLinking C shared library rosidl_generator_py/robotnik_battery_msgs/robotnik_battery_msgs_s__rosidl_typesupport_c.cpython-310-x86_64-linux-gnu.so[0m
[7.758s] [100%] [32m[1mLinking C shared library rosidl_generator_py/robotnik_battery_msgs/robotnik_battery_msgs_s__rosidl_typesupport_fastrtps_c.cpython-310-x86_64-linux-gnu.so[0m
[7.791s] [100%] Built target robotnik_battery_msgs__rosidl_typesupport_c__pyext
[7.792s] [100%] Built target robotnik_battery_msgs__rosidl_typesupport_introspection_c__pyext
[7.795s] [100%] Built target robotnik_battery_msgs__rosidl_typesupport_fastrtps_c__pyext
[7.807s] Invoked command in '/home/admin/ros2_ws/build/robotnik_battery_msgs' returned '0': CMAKE_PREFIX_PATH=${CMAKE_PREFIX_PATH}:/home/admin/ros2_ws/install/custom_gz:/opt/ros/humble /usr/bin/cmake --build /home/admin/ros2_ws/build/robotnik_battery_msgs -- -j20 -l20
[7.809s] Invoking command in '/home/admin/ros2_ws/build/robotnik_battery_msgs': CMAKE_PREFIX_PATH=${CMAKE_PREFIX_PATH}:/home/admin/ros2_ws/install/custom_gz:/opt/ros/humble /usr/bin/cmake --install /home/admin/ros2_ws/build/robotnik_battery_msgs
[7.817s] -- Install configuration: ""
[7.818s] -- Installing: /home/admin/ros2_ws/install/robotnik_battery_msgs/share/ament_index/resource_index/rosidl_interfaces/robotnik_battery_msgs
[7.818s] -- Installing: /home/admin/ros2_ws/install/robotnik_battery_msgs/include/robotnik_battery_msgs/robotnik_battery_msgs
[7.818s] -- Installing: /home/admin/ros2_ws/install/robotnik_battery_msgs/include/robotnik_battery_msgs/robotnik_battery_msgs/msg
[7.818s] -- Installing: /home/admin/ros2_ws/install/robotnik_battery_msgs/include/robotnik_battery_msgs/robotnik_battery_msgs/msg/battery_status.h
[7.818s] -- Installing: /home/admin/ros2_ws/install/robotnik_battery_msgs/include/robotnik_battery_msgs/robotnik_battery_msgs/msg/docking_station_status_stamped.h
[7.818s] -- Installing: /home/admin/ros2_ws/install/robotnik_battery_msgs/include/robotnik_battery_msgs/robotnik_battery_msgs/msg/rosidl_generator_c__visibility_control.h
[7.818s] -- Installing: /home/admin/ros2_ws/install/robotnik_battery_msgs/include/robotnik_battery_msgs/robotnik_battery_msgs/msg/detail
[7.818s] -- Installing: /home/admin/ros2_ws/install/robotnik_battery_msgs/include/robotnik_battery_msgs/robotnik_battery_msgs/msg/detail/inverter_status_stamped__struct.h
[7.818s] -- Installing: /home/admin/ros2_ws/install/robotnik_battery_msgs/include/robotnik_battery_msgs/robotnik_battery_msgs/msg/detail/inverter_status__type_support.h
[7.819s] -- Installing: /home/admin/ros2_ws/install/robotnik_battery_msgs/include/robotnik_battery_msgs/robotnik_battery_msgs/msg/detail/inverter_status__functions.c
[7.819s] -- Installing: /home/admin/ros2_ws/install/robotnik_battery_msgs/include/robotnik_battery_msgs/robotnik_battery_msgs/msg/detail/battery_status__struct.h
[7.819s] -- Installing: /home/admin/ros2_ws/install/robotnik_battery_msgs/include/robotnik_battery_msgs/robotnik_battery_msgs/msg/detail/docking_station_status_stamped__functions.c
[7.819s] -- Installing: /home/admin/ros2_ws/install/robotnik_battery_msgs/include/robotnik_battery_msgs/robotnik_battery_msgs/msg/detail/docking_station_status__functions.c
[7.819s] -- Installing: /home/admin/ros2_ws/install/robotnik_battery_msgs/include/robotnik_battery_msgs/robotnik_battery_msgs/msg/detail/battery_status_stamped__functions.h
[7.819s] -- Installing: /home/admin/ros2_ws/install/robotnik_battery_msgs/include/robotnik_battery_msgs/robotnik_battery_msgs/msg/detail/inverter_status_stamped__type_support.h
[7.819s] -- Installing: /home/admin/ros2_ws/install/robotnik_battery_msgs/include/robotnik_battery_msgs/robotnik_battery_msgs/msg/detail/docking_station_status_stamped__type_support.h
[7.819s] -- Installing: /home/admin/ros2_ws/install/robotnik_battery_msgs/include/robotnik_battery_msgs/robotnik_battery_msgs/msg/detail/battery_status_stamped__struct.h
[7.819s] -- Installing: /home/admin/ros2_ws/install/robotnik_battery_msgs/include/robotnik_battery_msgs/robotnik_battery_msgs/msg/detail/battery_status__type_support.h
[7.820s] -- Installing: /home/admin/ros2_ws/install/robotnik_battery_msgs/include/robotnik_battery_msgs/robotnik_battery_msgs/msg/detail/docking_station_status_stamped__struct.h
[7.820s] -- Installing: /home/admin/ros2_ws/install/robotnik_battery_msgs/include/robotnik_battery_msgs/robotnik_battery_msgs/msg/detail/docking_station_status_stamped__functions.h
[7.820s] -- Installing: /home/admin/ros2_ws/install/robotnik_battery_msgs/include/robotnik_battery_msgs/robotnik_battery_msgs/msg/detail/inverter_status__struct.h
[7.820s] -- Installing: /home/admin/ros2_ws/install/robotnik_battery_msgs/include/robotnik_battery_msgs/robotnik_battery_msgs/msg/detail/battery_status__functions.c
[7.820s] -- Installing: /home/admin/ros2_ws/install/robotnik_battery_msgs/include/robotnik_battery_msgs/robotnik_battery_msgs/msg/detail/inverter_status_stamped__functions.h
[7.820s] -- Installing: /home/admin/ros2_ws/install/robotnik_battery_msgs/include/robotnik_battery_msgs/robotnik_battery_msgs/msg/detail/docking_station_status__functions.h
[7.820s] -- Installing: /home/admin/ros2_ws/install/robotnik_battery_msgs/include/robotnik_battery_msgs/robotnik_battery_msgs/msg/detail/inverter_status__functions.h
[7.820s] -- Installing: /home/admin/ros2_ws/install/robotnik_battery_msgs/include/robotnik_battery_msgs/robotnik_battery_msgs/msg/detail/battery_status_stamped__functions.c
[7.820s] -- Installing: /home/admin/ros2_ws/install/robotnik_battery_msgs/include/robotnik_battery_msgs/robotnik_battery_msgs/msg/detail/docking_station_status__type_support.h
[7.821s] -- Installing: /home/admin/ros2_ws/install/robotnik_battery_msgs/include/robotnik_battery_msgs/robotnik_battery_msgs/msg/detail/docking_station_status__struct.h
[7.821s] -- Installing: /home/admin/ros2_ws/install/robotnik_battery_msgs/include/robotnik_battery_msgs/robotnik_battery_msgs/msg/detail/battery_status__functions.h
[7.821s] -- Installing: /home/admin/ros2_ws/install/robotnik_battery_msgs/include/robotnik_battery_msgs/robotnik_battery_msgs/msg/detail/inverter_status_stamped__functions.c
[7.821s] -- Installing: /home/admin/ros2_ws/install/robotnik_battery_msgs/include/robotnik_battery_msgs/robotnik_battery_msgs/msg/detail/battery_status_stamped__type_support.h
[7.821s] -- Installing: /home/admin/ros2_ws/install/robotnik_battery_msgs/include/robotnik_battery_msgs/robotnik_battery_msgs/msg/inverter_status.h
[7.821s] -- Installing: /home/admin/ros2_ws/install/robotnik_battery_msgs/include/robotnik_battery_msgs/robotnik_battery_msgs/msg/inverter_status_stamped.h
[7.821s] -- Installing: /home/admin/ros2_ws/install/robotnik_battery_msgs/include/robotnik_battery_msgs/robotnik_battery_msgs/msg/battery_status_stamped.h
[7.821s] -- Installing: /home/admin/ros2_ws/install/robotnik_battery_msgs/include/robotnik_battery_msgs/robotnik_battery_msgs/msg/docking_station_status.h
[7.821s] -- Installing: /home/admin/ros2_ws/install/robotnik_battery_msgs/share/robotnik_battery_msgs/environment/library_path.sh
[7.821s] -- Installing: /home/admin/ros2_ws/install/robotnik_battery_msgs/share/robotnik_battery_msgs/environment/library_path.dsv
[7.822s] -- Installing: /home/admin/ros2_ws/install/robotnik_battery_msgs/lib/librobotnik_battery_msgs__rosidl_generator_c.so
[7.822s] -- Set runtime path of "/home/admin/ros2_ws/install/robotnik_battery_msgs/lib/librobotnik_battery_msgs__rosidl_generator_c.so" to ""
[7.822s] -- Up-to-date: /home/admin/ros2_ws/install/robotnik_battery_msgs/include/robotnik_battery_msgs/robotnik_battery_msgs
[7.822s] -- Up-to-date: /home/admin/ros2_ws/install/robotnik_battery_msgs/include/robotnik_battery_msgs/robotnik_battery_msgs/msg
[7.822s] -- Installing: /home/admin/ros2_ws/install/robotnik_battery_msgs/include/robotnik_battery_msgs/robotnik_battery_msgs/msg/rosidl_typesupport_fastrtps_c__visibility_control.h
[7.822s] -- Up-to-date: /home/admin/ros2_ws/install/robotnik_battery_msgs/include/robotnik_battery_msgs/robotnik_battery_msgs/msg/detail
[7.823s] -- Installing: /home/admin/ros2_ws/install/robotnik_battery_msgs/include/robotnik_battery_msgs/robotnik_battery_msgs/msg/detail/inverter_status_stamped__rosidl_typesupport_fastrtps_c.h
[7.823s] -- Installing: /home/admin/ros2_ws/install/robotnik_battery_msgs/include/robotnik_battery_msgs/robotnik_battery_msgs/msg/detail/docking_station_status_stamped__rosidl_typesupport_fastrtps_c.h
[7.823s] -- Installing: /home/admin/ros2_ws/install/robotnik_battery_msgs/include/robotnik_battery_msgs/robotnik_battery_msgs/msg/detail/battery_status_stamped__rosidl_typesupport_fastrtps_c.h
[7.823s] -- Installing: /home/admin/ros2_ws/install/robotnik_battery_msgs/include/robotnik_battery_msgs/robotnik_battery_msgs/msg/detail/inverter_status__rosidl_typesupport_fastrtps_c.h
[7.823s] -- Installing: /home/admin/ros2_ws/install/robotnik_battery_msgs/include/robotnik_battery_msgs/robotnik_battery_msgs/msg/detail/battery_status__rosidl_typesupport_fastrtps_c.h
[7.823s] -- Installing: /home/admin/ros2_ws/install/robotnik_battery_msgs/include/robotnik_battery_msgs/robotnik_battery_msgs/msg/detail/docking_station_status__rosidl_typesupport_fastrtps_c.h
[7.823s] -- Installing: /home/admin/ros2_ws/install/robotnik_battery_msgs/lib/librobotnik_battery_msgs__rosidl_typesupport_fastrtps_c.so
[7.823s] -- Set runtime path of "/home/admin/ros2_ws/install/robotnik_battery_msgs/lib/librobotnik_battery_msgs__rosidl_typesupport_fastrtps_c.so" to ""
[7.824s] -- Up-to-date: /home/admin/ros2_ws/install/robotnik_battery_msgs/include/robotnik_battery_msgs/robotnik_battery_msgs
[7.824s] -- Up-to-date: /home/admin/ros2_ws/install/robotnik_battery_msgs/include/robotnik_battery_msgs/robotnik_battery_msgs/msg
[7.824s] -- Installing: /home/admin/ros2_ws/install/robotnik_battery_msgs/include/robotnik_battery_msgs/robotnik_battery_msgs/msg/rosidl_generator_cpp__visibility_control.hpp
[7.824s] -- Up-to-date: /home/admin/ros2_ws/install/robotnik_battery_msgs/include/robotnik_battery_msgs/robotnik_battery_msgs/msg/detail
[7.824s] -- Installing: /home/admin/ros2_ws/install/robotnik_battery_msgs/include/robotnik_battery_msgs/robotnik_battery_msgs/msg/detail/inverter_status_stamped__traits.hpp
[7.824s] -- Installing: /home/admin/ros2_ws/install/robotnik_battery_msgs/include/robotnik_battery_msgs/robotnik_battery_msgs/msg/detail/docking_station_status__traits.hpp
[7.825s] -- Installing: /home/admin/ros2_ws/install/robotnik_battery_msgs/include/robotnik_battery_msgs/robotnik_battery_msgs/msg/detail/battery_status__struct.hpp
[7.825s] -- Installing: /home/admin/ros2_ws/install/robotnik_battery_msgs/include/robotnik_battery_msgs/robotnik_battery_msgs/msg/detail/battery_status__type_support.hpp
[7.825s] -- Installing: /home/admin/ros2_ws/install/robotnik_battery_msgs/include/robotnik_battery_msgs/robotnik_battery_msgs/msg/detail/battery_status_stamped__type_support.hpp
[7.825s] -- Installing: /home/admin/ros2_ws/install/robotnik_battery_msgs/include/robotnik_battery_msgs/robotnik_battery_msgs/msg/detail/battery_status_stamped__builder.hpp
[7.825s] -- Installing: /home/admin/ros2_ws/install/robotnik_battery_msgs/include/robotnik_battery_msgs/robotnik_battery_msgs/msg/detail/docking_station_status__struct.hpp
[7.825s] -- Installing: /home/admin/ros2_ws/install/robotnik_battery_msgs/include/robotnik_battery_msgs/robotnik_battery_msgs/msg/detail/docking_station_status_stamped__traits.hpp
[7.825s] -- Installing: /home/admin/ros2_ws/install/robotnik_battery_msgs/include/robotnik_battery_msgs/robotnik_battery_msgs/msg/detail/inverter_status__type_support.hpp
[7.825s] -- Installing: /home/admin/ros2_ws/install/robotnik_battery_msgs/include/robotnik_battery_msgs/robotnik_battery_msgs/msg/detail/inverter_status__builder.hpp
[7.825s] -- Installing: /home/admin/ros2_ws/install/robotnik_battery_msgs/include/robotnik_battery_msgs/robotnik_battery_msgs/msg/detail/docking_station_status__type_support.hpp
[7.826s] -- Installing: /home/admin/ros2_ws/install/robotnik_battery_msgs/include/robotnik_battery_msgs/robotnik_battery_msgs/msg/detail/battery_status__builder.hpp
[7.826s] -- Installing: /home/admin/ros2_ws/install/robotnik_battery_msgs/include/robotnik_battery_msgs/robotnik_battery_msgs/msg/detail/battery_status_stamped__traits.hpp
[7.826s] -- Installing: /home/admin/ros2_ws/install/robotnik_battery_msgs/include/robotnik_battery_msgs/robotnik_battery_msgs/msg/detail/battery_status_stamped__struct.hpp
[7.826s] -- Installing: /home/admin/ros2_ws/install/robotnik_battery_msgs/include/robotnik_battery_msgs/robotnik_battery_msgs/msg/detail/inverter_status__struct.hpp
[7.826s] -- Installing: /home/admin/ros2_ws/install/robotnik_battery_msgs/include/robotnik_battery_msgs/robotnik_battery_msgs/msg/detail/docking_station_status__builder.hpp
[7.826s] -- Installing: /home/admin/ros2_ws/install/robotnik_battery_msgs/include/robotnik_battery_msgs/robotnik_battery_msgs/msg/detail/battery_status__traits.hpp
[7.826s] -- Installing: /home/admin/ros2_ws/install/robotnik_battery_msgs/include/robotnik_battery_msgs/robotnik_battery_msgs/msg/detail/docking_station_status_stamped__type_support.hpp
[7.826s] -- Installing: /home/admin/ros2_ws/install/robotnik_battery_msgs/include/robotnik_battery_msgs/robotnik_battery_msgs/msg/detail/inverter_status_stamped__builder.hpp
[7.826s] -- Installing: /home/admin/ros2_ws/install/robotnik_battery_msgs/include/robotnik_battery_msgs/robotnik_battery_msgs/msg/detail/docking_station_status_stamped__struct.hpp
[7.826s] -- Installing: /home/admin/ros2_ws/install/robotnik_battery_msgs/include/robotnik_battery_msgs/robotnik_battery_msgs/msg/detail/inverter_status_stamped__type_support.hpp
[7.826s] -- Installing: /home/admin/ros2_ws/install/robotnik_battery_msgs/include/robotnik_battery_msgs/robotnik_battery_msgs/msg/detail/docking_station_status_stamped__builder.hpp
[7.827s] -- Installing: /home/admin/ros2_ws/install/robotnik_battery_msgs/include/robotnik_battery_msgs/robotnik_battery_msgs/msg/detail/inverter_status__traits.hpp
[7.827s] -- Installing: /home/admin/ros2_ws/install/robotnik_battery_msgs/include/robotnik_battery_msgs/robotnik_battery_msgs/msg/detail/inverter_status_stamped__struct.hpp
[7.827s] -- Installing: /home/admin/ros2_ws/install/robotnik_battery_msgs/include/robotnik_battery_msgs/robotnik_battery_msgs/msg/docking_station_status_stamped.hpp
[7.827s] -- Installing: /home/admin/ros2_ws/install/robotnik_battery_msgs/include/robotnik_battery_msgs/robotnik_battery_msgs/msg/battery_status_stamped.hpp
[7.827s] -- Installing: /home/admin/ros2_ws/install/robotnik_battery_msgs/include/robotnik_battery_msgs/robotnik_battery_msgs/msg/inverter_status.hpp
[7.827s] -- Installing: /home/admin/ros2_ws/install/robotnik_battery_msgs/include/robotnik_battery_msgs/robotnik_battery_msgs/msg/docking_station_status.hpp
[7.827s] -- Installing: /home/admin/ros2_ws/install/robotnik_battery_msgs/include/robotnik_battery_msgs/robotnik_battery_msgs/msg/battery_status.hpp
[7.827s] -- Installing: /home/admin/ros2_ws/install/robotnik_battery_msgs/include/robotnik_battery_msgs/robotnik_battery_msgs/msg/inverter_status_stamped.hpp
[7.827s] -- Up-to-date: /home/admin/ros2_ws/install/robotnik_battery_msgs/include/robotnik_battery_msgs/robotnik_battery_msgs
[7.827s] -- Up-to-date: /home/admin/ros2_ws/install/robotnik_battery_msgs/include/robotnik_battery_msgs/robotnik_battery_msgs/msg
[7.828s] -- Installing: /home/admin/ros2_ws/install/robotnik_battery_msgs/include/robotnik_battery_msgs/robotnik_battery_msgs/msg/rosidl_typesupport_fastrtps_cpp__visibility_control.h
[7.828s] -- Up-to-date: /home/admin/ros2_ws/install/robotnik_battery_msgs/include/robotnik_battery_msgs/robotnik_battery_msgs/msg/detail
[7.828s] -- Installing: /home/admin/ros2_ws/install/robotnik_battery_msgs/include/robotnik_battery_msgs/robotnik_battery_msgs/msg/detail/docking_station_status_stamped__rosidl_typesupport_fastrtps_cpp.hpp
[7.828s] -- Installing: /home/admin/ros2_ws/install/robotnik_battery_msgs/include/robotnik_battery_msgs/robotnik_battery_msgs/msg/detail/inverter_status__rosidl_typesupport_fastrtps_cpp.hpp
[7.828s] -- Installing: /home/admin/ros2_ws/install/robotnik_battery_msgs/include/robotnik_battery_msgs/robotnik_battery_msgs/msg/detail/battery_status__rosidl_typesupport_fastrtps_cpp.hpp
[7.828s] -- Installing: /home/admin/ros2_ws/install/robotnik_battery_msgs/include/robotnik_battery_msgs/robotnik_battery_msgs/msg/detail/battery_status_stamped__rosidl_typesupport_fastrtps_cpp.hpp
[7.828s] -- Installing: /home/admin/ros2_ws/install/robotnik_battery_msgs/include/robotnik_battery_msgs/robotnik_battery_msgs/msg/detail/inverter_status_stamped__rosidl_typesupport_fastrtps_cpp.hpp
[7.828s] -- Installing: /home/admin/ros2_ws/install/robotnik_battery_msgs/include/robotnik_battery_msgs/robotnik_battery_msgs/msg/detail/docking_station_status__rosidl_typesupport_fastrtps_cpp.hpp
[7.828s] -- Installing: /home/admin/ros2_ws/install/robotnik_battery_msgs/include/robotnik_battery_msgs/robotnik_battery_msgs/msg/detail/dds_fastrtps
[7.828s] -- Installing: /home/admin/ros2_ws/install/robotnik_battery_msgs/lib/librobotnik_battery_msgs__rosidl_typesupport_fastrtps_cpp.so
[7.828s] -- Set runtime path of "/home/admin/ros2_ws/install/robotnik_battery_msgs/lib/librobotnik_battery_msgs__rosidl_typesupport_fastrtps_cpp.so" to ""
[7.829s] -- Up-to-date: /home/admin/ros2_ws/install/robotnik_battery_msgs/include/robotnik_battery_msgs/robotnik_battery_msgs
[7.829s] -- Up-to-date: /home/admin/ros2_ws/install/robotnik_battery_msgs/include/robotnik_battery_msgs/robotnik_battery_msgs/msg
[7.829s] -- Up-to-date: /home/admin/ros2_ws/install/robotnik_battery_msgs/include/robotnik_battery_msgs/robotnik_battery_msgs/msg/detail
[7.829s] -- Installing: /home/admin/ros2_ws/install/robotnik_battery_msgs/include/robotnik_battery_msgs/robotnik_battery_msgs/msg/detail/inverter_status_stamped__rosidl_typesupport_introspection_c.h
[7.829s] -- Installing: /home/admin/ros2_ws/install/robotnik_battery_msgs/include/robotnik_battery_msgs/robotnik_battery_msgs/msg/detail/battery_status__type_support.c
[7.829s] -- Installing: /home/admin/ros2_ws/install/robotnik_battery_msgs/include/robotnik_battery_msgs/robotnik_battery_msgs/msg/detail/docking_station_status_stamped__rosidl_typesupport_introspection_c.h
[7.829s] -- Installing: /home/admin/ros2_ws/install/robotnik_battery_msgs/include/robotnik_battery_msgs/robotnik_battery_msgs/msg/detail/docking_station_status_stamped__type_support.c
[7.829s] -- Installing: /home/admin/ros2_ws/install/robotnik_battery_msgs/include/robotnik_battery_msgs/robotnik_battery_msgs/msg/detail/inverter_status_stamped__type_support.c
[7.829s] -- Installing: /home/admin/ros2_ws/install/robotnik_battery_msgs/include/robotnik_battery_msgs/robotnik_battery_msgs/msg/detail/battery_status_stamped__type_support.c
[7.829s] -- Installing: /home/admin/ros2_ws/install/robotnik_battery_msgs/include/robotnik_battery_msgs/robotnik_battery_msgs/msg/detail/battery_status__rosidl_typesupport_introspection_c.h
[7.830s] -- Installing: /home/admin/ros2_ws/install/robotnik_battery_msgs/include/robotnik_battery_msgs/robotnik_battery_msgs/msg/detail/inverter_status__rosidl_typesupport_introspection_c.h
[7.830s] -- Installing: /home/admin/ros2_ws/install/robotnik_battery_msgs/include/robotnik_battery_msgs/robotnik_battery_msgs/msg/detail/battery_status_stamped__rosidl_typesupport_introspection_c.h
[7.830s] -- Installing: /home/admin/ros2_ws/install/robotnik_battery_msgs/include/robotnik_battery_msgs/robotnik_battery_msgs/msg/detail/docking_station_status__type_support.c
[7.830s] -- Installing: /home/admin/ros2_ws/install/robotnik_battery_msgs/include/robotnik_battery_msgs/robotnik_battery_msgs/msg/detail/docking_station_status__rosidl_typesupport_introspection_c.h
[7.830s] -- Installing: /home/admin/ros2_ws/install/robotnik_battery_msgs/include/robotnik_battery_msgs/robotnik_battery_msgs/msg/detail/inverter_status__type_support.c
[7.830s] -- Installing: /home/admin/ros2_ws/install/robotnik_battery_msgs/include/robotnik_battery_msgs/robotnik_battery_msgs/msg/rosidl_typesupport_introspection_c__visibility_control.h
[7.830s] -- Installing: /home/admin/ros2_ws/install/robotnik_battery_msgs/lib/librobotnik_battery_msgs__rosidl_typesupport_introspection_c.so
[7.830s] -- Set runtime path of "/home/admin/ros2_ws/install/robotnik_battery_msgs/lib/librobotnik_battery_msgs__rosidl_typesupport_introspection_c.so" to ""
[7.830s] -- Installing: /home/admin/ros2_ws/install/robotnik_battery_msgs/lib/librobotnik_battery_msgs__rosidl_typesupport_c.so
[7.830s] -- Set runtime path of "/home/admin/ros2_ws/install/robotnik_battery_msgs/lib/librobotnik_battery_msgs__rosidl_typesupport_c.so" to ""
[7.830s] -- Up-to-date: /home/admin/ros2_ws/install/robotnik_battery_msgs/include/robotnik_battery_msgs/robotnik_battery_msgs
[7.830s] -- Up-to-date: /home/admin/ros2_ws/install/robotnik_battery_msgs/include/robotnik_battery_msgs/robotnik_battery_msgs/msg
[7.831s] -- Up-to-date: /home/admin/ros2_ws/install/robotnik_battery_msgs/include/robotnik_battery_msgs/robotnik_battery_msgs/msg/detail
[7.831s] -- Installing: /home/admin/ros2_ws/install/robotnik_battery_msgs/include/robotnik_battery_msgs/robotnik_battery_msgs/msg/detail/docking_station_status__rosidl_typesupport_introspection_cpp.hpp
[7.831s] -- Installing: /home/admin/ros2_ws/install/robotnik_battery_msgs/include/robotnik_battery_msgs/robotnik_battery_msgs/msg/detail/inverter_status__type_support.cpp
[7.831s] -- Installing: /home/admin/ros2_ws/install/robotnik_battery_msgs/include/robotnik_battery_msgs/robotnik_battery_msgs/msg/detail/inverter_status_stamped__type_support.cpp
[7.831s] -- Installing: /home/admin/ros2_ws/install/robotnik_battery_msgs/include/robotnik_battery_msgs/robotnik_battery_msgs/msg/detail/inverter_status_stamped__rosidl_typesupport_introspection_cpp.hpp
[7.831s] -- Installing: /home/admin/ros2_ws/install/robotnik_battery_msgs/include/robotnik_battery_msgs/robotnik_battery_msgs/msg/detail/docking_station_status_stamped__rosidl_typesupport_introspection_cpp.hpp
[7.831s] -- Installing: /home/admin/ros2_ws/install/robotnik_battery_msgs/include/robotnik_battery_msgs/robotnik_battery_msgs/msg/detail/battery_status_stamped__type_support.cpp
[7.831s] -- Installing: /home/admin/ros2_ws/install/robotnik_battery_msgs/include/robotnik_battery_msgs/robotnik_battery_msgs/msg/detail/inverter_status__rosidl_typesupport_introspection_cpp.hpp
[7.831s] -- Installing: /home/admin/ros2_ws/install/robotnik_battery_msgs/include/robotnik_battery_msgs/robotnik_battery_msgs/msg/detail/battery_status__type_support.cpp
[7.831s] -- Installing: /home/admin/ros2_ws/install/robotnik_battery_msgs/include/robotnik_battery_msgs/robotnik_battery_msgs/msg/detail/docking_station_status_stamped__type_support.cpp
[7.831s] -- Installing: /home/admin/ros2_ws/install/robotnik_battery_msgs/include/robotnik_battery_msgs/robotnik_battery_msgs/msg/detail/battery_status__rosidl_typesupport_introspection_cpp.hpp
[7.831s] -- Installing: /home/admin/ros2_ws/install/robotnik_battery_msgs/include/robotnik_battery_msgs/robotnik_battery_msgs/msg/detail/battery_status_stamped__rosidl_typesupport_introspection_cpp.hpp
[7.831s] -- Installing: /home/admin/ros2_ws/install/robotnik_battery_msgs/include/robotnik_battery_msgs/robotnik_battery_msgs/msg/detail/docking_station_status__type_support.cpp
[7.831s] -- Installing: /home/admin/ros2_ws/install/robotnik_battery_msgs/lib/librobotnik_battery_msgs__rosidl_typesupport_introspection_cpp.so
[7.832s] -- Set runtime path of "/home/admin/ros2_ws/install/robotnik_battery_msgs/lib/librobotnik_battery_msgs__rosidl_typesupport_introspection_cpp.so" to ""
[7.832s] -- Installing: /home/admin/ros2_ws/install/robotnik_battery_msgs/lib/librobotnik_battery_msgs__rosidl_typesupport_cpp.so
[7.832s] -- Set runtime path of "/home/admin/ros2_ws/install/robotnik_battery_msgs/lib/librobotnik_battery_msgs__rosidl_typesupport_cpp.so" to ""
[7.832s] -- Installing: /home/admin/ros2_ws/install/robotnik_battery_msgs/share/robotnik_battery_msgs/environment/pythonpath.sh
[7.832s] -- Installing: /home/admin/ros2_ws/install/robotnik_battery_msgs/share/robotnik_battery_msgs/environment/pythonpath.dsv
[7.832s] -- Installing: /home/admin/ros2_ws/install/robotnik_battery_msgs/local/lib/python3.10/dist-packages/robotnik_battery_msgs-1.0.0-py3.10.egg-info
[7.832s] -- Installing: /home/admin/ros2_ws/install/robotnik_battery_msgs/local/lib/python3.10/dist-packages/robotnik_battery_msgs-1.0.0-py3.10.egg-info/PKG-INFO
[7.832s] -- Installing: /home/admin/ros2_ws/install/robotnik_battery_msgs/local/lib/python3.10/dist-packages/robotnik_battery_msgs-1.0.0-py3.10.egg-info/SOURCES.txt
[7.832s] -- Installing: /home/admin/ros2_ws/install/robotnik_battery_msgs/local/lib/python3.10/dist-packages/robotnik_battery_msgs-1.0.0-py3.10.egg-info/dependency_links.txt
[7.832s] -- Installing: /home/admin/ros2_ws/install/robotnik_battery_msgs/local/lib/python3.10/dist-packages/robotnik_battery_msgs-1.0.0-py3.10.egg-info/top_level.txt
[7.832s] -- Installing: /home/admin/ros2_ws/install/robotnik_battery_msgs/local/lib/python3.10/dist-packages/robotnik_battery_msgs
[7.832s] -- Installing: /home/admin/ros2_ws/install/robotnik_battery_msgs/local/lib/python3.10/dist-packages/robotnik_battery_msgs/robotnik_battery_msgs_s__rosidl_typesupport_c.cpython-310-x86_64-linux-gnu.so
[7.833s] -- Installing: /home/admin/ros2_ws/install/robotnik_battery_msgs/local/lib/python3.10/dist-packages/robotnik_battery_msgs/robotnik_battery_msgs_s__rosidl_typesupport_fastrtps_c.cpython-310-x86_64-linux-gnu.so
[7.833s] -- Installing: /home/admin/ros2_ws/install/robotnik_battery_msgs/local/lib/python3.10/dist-packages/robotnik_battery_msgs/_robotnik_battery_msgs_s.ep.rosidl_typesupport_introspection_c.c
[7.833s] -- Installing: /home/admin/ros2_ws/install/robotnik_battery_msgs/local/lib/python3.10/dist-packages/robotnik_battery_msgs/robotnik_battery_msgs_s__rosidl_typesupport_introspection_c.cpython-310-x86_64-linux-gnu.so
[7.833s] -- Installing: /home/admin/ros2_ws/install/robotnik_battery_msgs/local/lib/python3.10/dist-packages/robotnik_battery_msgs/__init__.py
[7.833s] -- Installing: /home/admin/ros2_ws/install/robotnik_battery_msgs/local/lib/python3.10/dist-packages/robotnik_battery_msgs/librobotnik_battery_msgs__rosidl_generator_py.so
[7.833s] -- Installing: /home/admin/ros2_ws/install/robotnik_battery_msgs/local/lib/python3.10/dist-packages/robotnik_battery_msgs/_robotnik_battery_msgs_s.ep.rosidl_typesupport_fastrtps_c.c
[7.833s] -- Installing: /home/admin/ros2_ws/install/robotnik_battery_msgs/local/lib/python3.10/dist-packages/robotnik_battery_msgs/_robotnik_battery_msgs_s.ep.rosidl_typesupport_c.c
[7.833s] -- Installing: /home/admin/ros2_ws/install/robotnik_battery_msgs/local/lib/python3.10/dist-packages/robotnik_battery_msgs/msg
[7.833s] -- Installing: /home/admin/ros2_ws/install/robotnik_battery_msgs/local/lib/python3.10/dist-packages/robotnik_battery_msgs/msg/_docking_station_status_s.c
[7.833s] -- Installing: /home/admin/ros2_ws/install/robotnik_battery_msgs/local/lib/python3.10/dist-packages/robotnik_battery_msgs/msg/_docking_station_status_stamped.py
[7.833s] -- Installing: /home/admin/ros2_ws/install/robotnik_battery_msgs/local/lib/python3.10/dist-packages/robotnik_battery_msgs/msg/_battery_status_s.c
[7.833s] -- Installing: /home/admin/ros2_ws/install/robotnik_battery_msgs/local/lib/python3.10/dist-packages/robotnik_battery_msgs/msg/_inverter_status_s.c
[7.833s] -- Installing: /home/admin/ros2_ws/install/robotnik_battery_msgs/local/lib/python3.10/dist-packages/robotnik_battery_msgs/msg/_docking_station_status_stamped_s.c
[7.834s] -- Installing: /home/admin/ros2_ws/install/robotnik_battery_msgs/local/lib/python3.10/dist-packages/robotnik_battery_msgs/msg/_battery_status.py
[7.834s] -- Installing: /home/admin/ros2_ws/install/robotnik_battery_msgs/local/lib/python3.10/dist-packages/robotnik_battery_msgs/msg/_inverter_status_stamped.py
[7.834s] -- Installing: /home/admin/ros2_ws/install/robotnik_battery_msgs/local/lib/python3.10/dist-packages/robotnik_battery_msgs/msg/__init__.py
[7.834s] -- Installing: /home/admin/ros2_ws/install/robotnik_battery_msgs/local/lib/python3.10/dist-packages/robotnik_battery_msgs/msg/_battery_status_stamped.py
[7.834s] -- Installing: /home/admin/ros2_ws/install/robotnik_battery_msgs/local/lib/python3.10/dist-packages/robotnik_battery_msgs/msg/_inverter_status.py
[7.834s] -- Installing: /home/admin/ros2_ws/install/robotnik_battery_msgs/local/lib/python3.10/dist-packages/robotnik_battery_msgs/msg/_inverter_status_stamped_s.c
[7.834s] -- Installing: /home/admin/ros2_ws/install/robotnik_battery_msgs/local/lib/python3.10/dist-packages/robotnik_battery_msgs/msg/_battery_status_stamped_s.c
[7.834s] -- Installing: /home/admin/ros2_ws/install/robotnik_battery_msgs/local/lib/python3.10/dist-packages/robotnik_battery_msgs/msg/_docking_station_status.py
[7.866s] Listing '/home/admin/ros2_ws/install/robotnik_battery_msgs/local/lib/python3.10/dist-packages/robotnik_battery_msgs'...
[7.866s] Compiling '/home/admin/ros2_ws/install/robotnik_battery_msgs/local/lib/python3.10/dist-packages/robotnik_battery_msgs/__init__.py'...
[7.866s] Listing '/home/admin/ros2_ws/install/robotnik_battery_msgs/local/lib/python3.10/dist-packages/robotnik_battery_msgs/msg'...
[7.866s] Compiling '/home/admin/ros2_ws/install/robotnik_battery_msgs/local/lib/python3.10/dist-packages/robotnik_battery_msgs/msg/__init__.py'...
[7.866s] Compiling '/home/admin/ros2_ws/install/robotnik_battery_msgs/local/lib/python3.10/dist-packages/robotnik_battery_msgs/msg/_battery_status.py'...
[7.867s] Compiling '/home/admin/ros2_ws/install/robotnik_battery_msgs/local/lib/python3.10/dist-packages/robotnik_battery_msgs/msg/_battery_status_stamped.py'...
[7.867s] Compiling '/home/admin/ros2_ws/install/robotnik_battery_msgs/local/lib/python3.10/dist-packages/robotnik_battery_msgs/msg/_docking_station_status.py'...
[7.867s] Compiling '/home/admin/ros2_ws/install/robotnik_battery_msgs/local/lib/python3.10/dist-packages/robotnik_battery_msgs/msg/_docking_station_status_stamped.py'...
[7.867s] Compiling '/home/admin/ros2_ws/install/robotnik_battery_msgs/local/lib/python3.10/dist-packages/robotnik_battery_msgs/msg/_inverter_status.py'...
[7.867s] Compiling '/home/admin/ros2_ws/install/robotnik_battery_msgs/local/lib/python3.10/dist-packages/robotnik_battery_msgs/msg/_inverter_status_stamped.py'...
[7.872s] -- Installing: /home/admin/ros2_ws/install/robotnik_battery_msgs/local/lib/python3.10/dist-packages/robotnik_battery_msgs/robotnik_battery_msgs_s__rosidl_typesupport_fastrtps_c.cpython-310-x86_64-linux-gnu.so
[7.873s] -- Set runtime path of "/home/admin/ros2_ws/install/robotnik_battery_msgs/local/lib/python3.10/dist-packages/robotnik_battery_msgs/robotnik_battery_msgs_s__rosidl_typesupport_fastrtps_c.cpython-310-x86_64-linux-gnu.so" to ""
[7.873s] -- Installing: /home/admin/ros2_ws/install/robotnik_battery_msgs/local/lib/python3.10/dist-packages/robotnik_battery_msgs/robotnik_battery_msgs_s__rosidl_typesupport_introspection_c.cpython-310-x86_64-linux-gnu.so
[7.873s] -- Set runtime path of "/home/admin/ros2_ws/install/robotnik_battery_msgs/local/lib/python3.10/dist-packages/robotnik_battery_msgs/robotnik_battery_msgs_s__rosidl_typesupport_introspection_c.cpython-310-x86_64-linux-gnu.so" to ""
[7.873s] -- Installing: /home/admin/ros2_ws/install/robotnik_battery_msgs/local/lib/python3.10/dist-packages/robotnik_battery_msgs/robotnik_battery_msgs_s__rosidl_typesupport_c.cpython-310-x86_64-linux-gnu.so
[7.874s] -- Set runtime path of "/home/admin/ros2_ws/install/robotnik_battery_msgs/local/lib/python3.10/dist-packages/robotnik_battery_msgs/robotnik_battery_msgs_s__rosidl_typesupport_c.cpython-310-x86_64-linux-gnu.so" to ""
[7.874s] -- Installing: /home/admin/ros2_ws/install/robotnik_battery_msgs/lib/librobotnik_battery_msgs__rosidl_generator_py.so
[7.874s] -- Set runtime path of "/home/admin/ros2_ws/install/robotnik_battery_msgs/lib/librobotnik_battery_msgs__rosidl_generator_py.so" to ""
[7.874s] -- Installing: /home/admin/ros2_ws/install/robotnik_battery_msgs/share/robotnik_battery_msgs/msg/BatteryStatus.idl
[7.875s] -- Installing: /home/admin/ros2_ws/install/robotnik_battery_msgs/share/robotnik_battery_msgs/msg/BatteryStatusStamped.idl
[7.875s] -- Installing: /home/admin/ros2_ws/install/robotnik_battery_msgs/share/robotnik_battery_msgs/msg/DockingStationStatus.idl
[7.875s] -- Installing: /home/admin/ros2_ws/install/robotnik_battery_msgs/share/robotnik_battery_msgs/msg/DockingStationStatusStamped.idl
[7.875s] -- Installing: /home/admin/ros2_ws/install/robotnik_battery_msgs/share/robotnik_battery_msgs/msg/InverterStatus.idl
[7.875s] -- Installing: /home/admin/ros2_ws/install/robotnik_battery_msgs/share/robotnik_battery_msgs/msg/InverterStatusStamped.idl
[7.875s] -- Installing: /home/admin/ros2_ws/install/robotnik_battery_msgs/share/robotnik_battery_msgs/msg/BatteryStatus.msg
[7.875s] -- Installing: /home/admin/ros2_ws/install/robotnik_battery_msgs/share/robotnik_battery_msgs/msg/BatteryStatusStamped.msg
[7.876s] -- Installing: /home/admin/ros2_ws/install/robotnik_battery_msgs/share/robotnik_battery_msgs/msg/DockingStationStatus.msg
[7.876s] -- Installing: /home/admin/ros2_ws/install/robotnik_battery_msgs/share/robotnik_battery_msgs/msg/DockingStationStatusStamped.msg
[7.876s] -- Installing: /home/admin/ros2_ws/install/robotnik_battery_msgs/share/robotnik_battery_msgs/msg/InverterStatus.msg
[7.876s] -- Installing: /home/admin/ros2_ws/install/robotnik_battery_msgs/share/robotnik_battery_msgs/msg/InverterStatusStamped.msg
[7.876s] -- Installing: /home/admin/ros2_ws/install/robotnik_battery_msgs/share/ament_index/resource_index/package_run_dependencies/robotnik_battery_msgs
[7.876s] -- Installing: /home/admin/ros2_ws/install/robotnik_battery_msgs/share/ament_index/resource_index/parent_prefix_path/robotnik_battery_msgs
[7.876s] -- Installing: /home/admin/ros2_ws/install/robotnik_battery_msgs/share/robotnik_battery_msgs/environment/ament_prefix_path.sh
[7.877s] -- Installing: /home/admin/ros2_ws/install/robotnik_battery_msgs/share/robotnik_battery_msgs/environment/ament_prefix_path.dsv
[7.877s] -- Installing: /home/admin/ros2_ws/install/robotnik_battery_msgs/share/robotnik_battery_msgs/environment/path.sh
[7.877s] -- Installing: /home/admin/ros2_ws/install/robotnik_battery_msgs/share/robotnik_battery_msgs/environment/path.dsv
[7.877s] -- Installing: /home/admin/ros2_ws/install/robotnik_battery_msgs/share/robotnik_battery_msgs/local_setup.bash
[7.877s] -- Installing: /home/admin/ros2_ws/install/robotnik_battery_msgs/share/robotnik_battery_msgs/local_setup.sh
[7.877s] -- Installing: /home/admin/ros2_ws/install/robotnik_battery_msgs/share/robotnik_battery_msgs/local_setup.zsh
[7.877s] -- Installing: /home/admin/ros2_ws/install/robotnik_battery_msgs/share/robotnik_battery_msgs/local_setup.dsv
[7.878s] -- Installing: /home/admin/ros2_ws/install/robotnik_battery_msgs/share/robotnik_battery_msgs/package.dsv
[7.878s] -- Installing: /home/admin/ros2_ws/install/robotnik_battery_msgs/share/ament_index/resource_index/packages/robotnik_battery_msgs
[7.878s] -- Installing: /home/admin/ros2_ws/install/robotnik_battery_msgs/share/robotnik_battery_msgs/cmake/export_robotnik_battery_msgs__rosidl_generator_cExport.cmake
[7.878s] -- Installing: /home/admin/ros2_ws/install/robotnik_battery_msgs/share/robotnik_battery_msgs/cmake/export_robotnik_battery_msgs__rosidl_generator_cExport-noconfig.cmake
[7.878s] -- Installing: /home/admin/ros2_ws/install/robotnik_battery_msgs/share/robotnik_battery_msgs/cmake/export_robotnik_battery_msgs__rosidl_typesupport_fastrtps_cExport.cmake
[7.878s] -- Installing: /home/admin/ros2_ws/install/robotnik_battery_msgs/share/robotnik_battery_msgs/cmake/export_robotnik_battery_msgs__rosidl_typesupport_fastrtps_cExport-noconfig.cmake
[7.879s] -- Installing: /home/admin/ros2_ws/install/robotnik_battery_msgs/share/robotnik_battery_msgs/cmake/export_robotnik_battery_msgs__rosidl_generator_cppExport.cmake
[7.879s] -- Installing: /home/admin/ros2_ws/install/robotnik_battery_msgs/share/robotnik_battery_msgs/cmake/export_robotnik_battery_msgs__rosidl_typesupport_fastrtps_cppExport.cmake
[7.879s] -- Installing: /home/admin/ros2_ws/install/robotnik_battery_msgs/share/robotnik_battery_msgs/cmake/export_robotnik_battery_msgs__rosidl_typesupport_fastrtps_cppExport-noconfig.cmake
[7.879s] -- Installing: /home/admin/ros2_ws/install/robotnik_battery_msgs/share/robotnik_battery_msgs/cmake/robotnik_battery_msgs__rosidl_typesupport_introspection_cExport.cmake
[7.879s] -- Installing: /home/admin/ros2_ws/install/robotnik_battery_msgs/share/robotnik_battery_msgs/cmake/robotnik_battery_msgs__rosidl_typesupport_introspection_cExport-noconfig.cmake
[7.879s] -- Installing: /home/admin/ros2_ws/install/robotnik_battery_msgs/share/robotnik_battery_msgs/cmake/robotnik_battery_msgs__rosidl_typesupport_cExport.cmake
[7.879s] -- Installing: /home/admin/ros2_ws/install/robotnik_battery_msgs/share/robotnik_battery_msgs/cmake/robotnik_battery_msgs__rosidl_typesupport_cExport-noconfig.cmake
[7.880s] -- Installing: /home/admin/ros2_ws/install/robotnik_battery_msgs/share/robotnik_battery_msgs/cmake/robotnik_battery_msgs__rosidl_typesupport_introspection_cppExport.cmake
[7.880s] -- Installing: /home/admin/ros2_ws/install/robotnik_battery_msgs/share/robotnik_battery_msgs/cmake/robotnik_battery_msgs__rosidl_typesupport_introspection_cppExport-noconfig.cmake
[7.880s] -- Installing: /home/admin/ros2_ws/install/robotnik_battery_msgs/share/robotnik_battery_msgs/cmake/robotnik_battery_msgs__rosidl_typesupport_cppExport.cmake
[7.880s] -- Installing: /home/admin/ros2_ws/install/robotnik_battery_msgs/share/robotnik_battery_msgs/cmake/robotnik_battery_msgs__rosidl_typesupport_cppExport-noconfig.cmake
[7.880s] -- Installing: /home/admin/ros2_ws/install/robotnik_battery_msgs/share/robotnik_battery_msgs/cmake/export_robotnik_battery_msgs__rosidl_generator_pyExport.cmake
[7.880s] -- Installing: /home/admin/ros2_ws/install/robotnik_battery_msgs/share/robotnik_battery_msgs/cmake/export_robotnik_battery_msgs__rosidl_generator_pyExport-noconfig.cmake
[7.881s] -- Installing: /home/admin/ros2_ws/install/robotnik_battery_msgs/share/robotnik_battery_msgs/cmake/rosidl_cmake-extras.cmake
[7.881s] -- Installing: /home/admin/ros2_ws/install/robotnik_battery_msgs/share/robotnik_battery_msgs/cmake/ament_cmake_export_dependencies-extras.cmake
[7.881s] -- Installing: /home/admin/ros2_ws/install/robotnik_battery_msgs/share/robotnik_battery_msgs/cmake/ament_cmake_export_include_directories-extras.cmake
[7.881s] -- Installing: /home/admin/ros2_ws/install/robotnik_battery_msgs/share/robotnik_battery_msgs/cmake/ament_cmake_export_libraries-extras.cmake
[7.881s] -- Installing: /home/admin/ros2_ws/install/robotnik_battery_msgs/share/robotnik_battery_msgs/cmake/ament_cmake_export_targets-extras.cmake
[7.881s] -- Installing: /home/admin/ros2_ws/install/robotnik_battery_msgs/share/robotnik_battery_msgs/cmake/rosidl_cmake_export_typesupport_targets-extras.cmake
[7.881s] -- Installing: /home/admin/ros2_ws/install/robotnik_battery_msgs/share/robotnik_battery_msgs/cmake/rosidl_cmake_export_typesupport_libraries-extras.cmake
[7.882s] -- Installing: /home/admin/ros2_ws/install/robotnik_battery_msgs/share/robotnik_battery_msgs/cmake/robotnik_battery_msgsConfig.cmake
[7.882s] -- Installing: /home/admin/ros2_ws/install/robotnik_battery_msgs/share/robotnik_battery_msgs/cmake/robotnik_battery_msgsConfig-version.cmake
[7.882s] -- Installing: /home/admin/ros2_ws/install/robotnik_battery_msgs/share/robotnik_battery_msgs/package.xml
[7.885s] Invoked command in '/home/admin/ros2_ws/build/robotnik_battery_msgs' returned '0': CMAKE_PREFIX_PATH=${CMAKE_PREFIX_PATH}:/home/admin/ros2_ws/install/custom_gz:/opt/ros/humble /usr/bin/cmake --install /home/admin/ros2_ws/build/robotnik_battery_msgs
