-- Install configuration: ""
-- Up-to-date: /home/admin/ros2_ws/install/robotnik_gazebo_classic/share/robotnik_gazebo_classic//launch
-- Up-to-date: /home/admin/ros2_ws/install/robotnik_gazebo_classic/share/robotnik_gazebo_classic//launch/spawn_robot.launch.py
-- Up-to-date: /home/admin/ros2_ws/install/robotnik_gazebo_classic/share/robotnik_gazebo_classic//launch/spawn_world.launch.py
-- Up-to-date: /home/admin/ros2_ws/install/robotnik_gazebo_classic/share/robotnik_gazebo_classic//worlds
-- Up-to-date: /home/admin/ros2_ws/install/robotnik_gazebo_classic/share/robotnik_gazebo_classic//worlds/demo.world
-- Up-to-date: /home/admin/ros2_ws/install/robotnik_gazebo_classic/share/robotnik_gazebo_classic//worlds/vineyard.world
-- Up-to-date: /home/admin/ros2_ws/install/robotnik_gazebo_classic/share/robotnik_gazebo_classic//worlds/robotnik_lab.world
-- Up-to-date: /home/admin/ros2_ws/install/robotnik_gazebo_classic/share/robotnik_gazebo_classic//worlds/willow_garage.world
-- Up-to-date: /home/admin/ros2_ws/install/robotnik_gazebo_classic/share/robotnik_gazebo_classic//worlds/maze.world
-- Up-to-date: /home/admin/ros2_ws/install/robotnik_gazebo_classic/share/robotnik_gazebo_classic//config
-- Up-to-date: /home/admin/ros2_ws/install/robotnik_gazebo_classic/share/robotnik_gazebo_classic//config/rbsummit
-- Up-to-date: /home/admin/ros2_ws/install/robotnik_gazebo_classic/share/robotnik_gazebo_classic//config/rbsummit/rviz_config.rviz
-- Up-to-date: /home/admin/ros2_ws/install/robotnik_gazebo_classic/share/robotnik_gazebo_classic//config/rbsummit/rbsummit_controller_params.yaml
-- Up-to-date: /home/admin/ros2_ws/install/robotnik_gazebo_classic/share/robotnik_gazebo_classic//config/rbrobout
-- Up-to-date: /home/admin/ros2_ws/install/robotnik_gazebo_classic/share/robotnik_gazebo_classic//config/rbrobout/rviz_config.rviz
-- Up-to-date: /home/admin/ros2_ws/install/robotnik_gazebo_classic/share/robotnik_gazebo_classic//config/rbrobout/rbrobout_controller_params.yaml
-- Up-to-date: /home/admin/ros2_ws/install/robotnik_gazebo_classic/share/robotnik_gazebo_classic//config/rbkairos
-- Up-to-date: /home/admin/ros2_ws/install/robotnik_gazebo_classic/share/robotnik_gazebo_classic//config/rbkairos/rviz_config.rviz
-- Up-to-date: /home/admin/ros2_ws/install/robotnik_gazebo_classic/share/robotnik_gazebo_classic//config/rbkairos/rbkairos_controller_params.yaml
-- Up-to-date: /home/admin/ros2_ws/install/robotnik_gazebo_classic/share/robotnik_gazebo_classic//config/rbtheron
-- Up-to-date: /home/admin/ros2_ws/install/robotnik_gazebo_classic/share/robotnik_gazebo_classic//config/rbtheron/rbtheron_controller_params.yaml
-- Up-to-date: /home/admin/ros2_ws/install/robotnik_gazebo_classic/share/robotnik_gazebo_classic//config/rbtheron/rviz_config.rviz
-- Up-to-date: /home/admin/ros2_ws/install/robotnik_gazebo_classic/share/robotnik_gazebo_classic//config/rbvogui
-- Up-to-date: /home/admin/ros2_ws/install/robotnik_gazebo_classic/share/robotnik_gazebo_classic//config/rbvogui/rbvogui_controller_params.yaml
-- Up-to-date: /home/admin/ros2_ws/install/robotnik_gazebo_classic/share/robotnik_gazebo_classic//config/rbvogui/rviz_config.rviz
-- Up-to-date: /home/admin/ros2_ws/install/robotnik_gazebo_classic/share/ament_index/resource_index/package_run_dependencies/robotnik_gazebo_classic
-- Up-to-date: /home/admin/ros2_ws/install/robotnik_gazebo_classic/share/ament_index/resource_index/parent_prefix_path/robotnik_gazebo_classic
-- Up-to-date: /home/admin/ros2_ws/install/robotnik_gazebo_classic/share/robotnik_gazebo_classic/environment/ament_prefix_path.sh
-- Up-to-date: /home/admin/ros2_ws/install/robotnik_gazebo_classic/share/robotnik_gazebo_classic/environment/ament_prefix_path.dsv
-- Up-to-date: /home/admin/ros2_ws/install/robotnik_gazebo_classic/share/robotnik_gazebo_classic/environment/path.sh
-- Up-to-date: /home/admin/ros2_ws/install/robotnik_gazebo_classic/share/robotnik_gazebo_classic/environment/path.dsv
-- Up-to-date: /home/admin/ros2_ws/install/robotnik_gazebo_classic/share/robotnik_gazebo_classic/local_setup.bash
-- Up-to-date: /home/admin/ros2_ws/install/robotnik_gazebo_classic/share/robotnik_gazebo_classic/local_setup.sh
-- Up-to-date: /home/admin/ros2_ws/install/robotnik_gazebo_classic/share/robotnik_gazebo_classic/local_setup.zsh
-- Up-to-date: /home/admin/ros2_ws/install/robotnik_gazebo_classic/share/robotnik_gazebo_classic/local_setup.dsv
-- Installing: /home/admin/ros2_ws/install/robotnik_gazebo_classic/share/robotnik_gazebo_classic/package.dsv
-- Up-to-date: /home/admin/ros2_ws/install/robotnik_gazebo_classic/share/ament_index/resource_index/packages/robotnik_gazebo_classic
-- Up-to-date: /home/admin/ros2_ws/install/robotnik_gazebo_classic/share/robotnik_gazebo_classic/cmake/robotnik_gazebo_classicConfig.cmake
-- Up-to-date: /home/admin/ros2_ws/install/robotnik_gazebo_classic/share/robotnik_gazebo_classic/cmake/robotnik_gazebo_classicConfig-version.cmake
-- Up-to-date: /home/admin/ros2_ws/install/robotnik_gazebo_classic/share/robotnik_gazebo_classic/package.xml
