[0.021s] Invoking command in '/home/admin/ros2_ws/build/robotnik_common_msgs': CMAKE_PREFIX_PATH=${CMAKE_PREFIX_PATH}:/home/admin/ros2_ws/install/robotnik_safety_msgs:/home/admin/ros2_ws/install/rbvogui_cartographer:/opt/ros/humble /usr/bin/cmake /home/admin/ros2_ws/src/robotnik_interfaces/robotnik_common_msgs -DCMAKE_INSTALL_PREFIX=/home/admin/ros2_ws/install/robotnik_common_msgs
[0.450s] -- The C compiler identification is GNU 11.4.0
[0.451s] -- The CXX compiler identification is GNU 11.4.0
[0.451s] -- Detecting C compiler ABI info
[0.451s] -- Detecting C compiler ABI info - done
[0.451s] -- Check for working C compiler: /usr/bin/cc - skipped
[0.451s] -- Detecting C compile features
[0.451s] -- Detecting C compile features - done
[0.451s] -- Detecting CXX compiler ABI info
[0.451s] -- Detecting CXX compiler ABI info - done
[0.452s] -- Check for working CXX compiler: /usr/bin/c++ - skipped
[0.452s] -- Detecting CXX compile features
[0.452s] -- Detecting CXX compile features - done
[0.452s] -- Found ament_cmake: 1.3.11 (/opt/ros/humble/share/ament_cmake/cmake)
[0.452s] -- Found Python3: /usr/bin/python3 (found version "3.10.12") found components: Interpreter 
[0.469s] -- Found builtin_interfaces: 1.2.1 (/opt/ros/humble/share/builtin_interfaces/cmake)
[0.509s] -- Found rosidl_generator_c: 3.1.6 (/opt/ros/humble/share/rosidl_generator_c/cmake)
[0.514s] -- Found rosidl_adapter: 3.1.6 (/opt/ros/humble/share/rosidl_adapter/cmake)
[0.525s] -- Found rosidl_generator_cpp: 3.1.6 (/opt/ros/humble/share/rosidl_generator_cpp/cmake)
[0.541s] -- Using all available rosidl_typesupport_c: rosidl_typesupport_fastrtps_c;rosidl_typesupport_introspection_c
[0.560s] -- Using all available rosidl_typesupport_cpp: rosidl_typesupport_fastrtps_cpp;rosidl_typesupport_introspection_cpp
[0.578s] -- Found rosidl_default_generators: 1.2.0 (/opt/ros/humble/share/rosidl_default_generators/cmake)
[0.879s] -- Found ament_cmake_cppcheck: 0.12.12 (/opt/ros/humble/share/ament_cmake_cppcheck/cmake)
[0.881s] -- Found ament_cmake_cpplint: 0.12.12 (/opt/ros/humble/share/ament_cmake_cpplint/cmake)
[0.884s] -- Found ament_cmake_uncrustify: 0.12.12 (/opt/ros/humble/share/ament_cmake_uncrustify/cmake)
[0.888s] -- Found ament_cmake_ros: 0.10.0 (/opt/ros/humble/share/ament_cmake_ros/cmake)
[1.134s] -- Using all available rosidl_typesupport_c: rosidl_typesupport_fastrtps_c;rosidl_typesupport_introspection_c
[1.242s] -- Using all available rosidl_typesupport_cpp: rosidl_typesupport_fastrtps_cpp;rosidl_typesupport_introspection_cpp
[1.260s] -- Found PythonInterp: /usr/bin/python3 (found suitable version "3.10.12", minimum required is "3.6") 
[1.262s] -- Found python_cmake_module: 0.10.0 (/opt/ros/humble/share/python_cmake_module/cmake)
[1.283s] -- Found PythonLibs: /usr/lib/x86_64-linux-gnu/libpython3.10.so (found suitable version "3.10.12", minimum required is "3.5") 
[1.283s] -- Using PYTHON_EXECUTABLE: /usr/bin/python3
[1.283s] -- Using PYTHON_INCLUDE_DIRS: /usr/include/python3.10
[1.283s] -- Using PYTHON_LIBRARIES: /usr/lib/x86_64-linux-gnu/libpython3.10.so
[1.297s] -- Found PythonExtra: .so  
[1.326s] -- Found ament_cmake_flake8: 0.12.12 (/opt/ros/humble/share/ament_cmake_flake8/cmake)
[1.327s] -- Found ament_cmake_pep257: 0.12.12 (/opt/ros/humble/share/ament_cmake_pep257/cmake)
[1.329s] -- Found ament_lint_auto: 0.12.12 (/opt/ros/humble/share/ament_lint_auto/cmake)
[1.339s] -- Added test 'copyright' to check source files copyright and LICENSE
[1.339s] -- Added test 'lint_cmake' to check CMake code style
[1.340s] -- Added test 'xmllint' to check XML markup files
[1.341s] -- Configuring done
[1.373s] -- Generating done
[1.382s] -- Build files have been written to: /home/admin/ros2_ws/build/robotnik_common_msgs
[1.387s] Invoked command in '/home/admin/ros2_ws/build/robotnik_common_msgs' returned '0': CMAKE_PREFIX_PATH=${CMAKE_PREFIX_PATH}:/home/admin/ros2_ws/install/robotnik_safety_msgs:/home/admin/ros2_ws/install/rbvogui_cartographer:/opt/ros/humble /usr/bin/cmake /home/admin/ros2_ws/src/robotnik_interfaces/robotnik_common_msgs -DCMAKE_INSTALL_PREFIX=/home/admin/ros2_ws/install/robotnik_common_msgs
[1.388s] Invoking command in '/home/admin/ros2_ws/build/robotnik_common_msgs': CMAKE_PREFIX_PATH=${CMAKE_PREFIX_PATH}:/home/admin/ros2_ws/install/robotnik_safety_msgs:/home/admin/ros2_ws/install/rbvogui_cartographer:/opt/ros/humble /usr/bin/cmake --build /home/admin/ros2_ws/build/robotnik_common_msgs -- -j20 -l20
[1.417s] [  1%] [34m[1mGenerating C code for ROS interfaces[0m
[1.425s] [  2%] [34m[1mGenerating C++ code for ROS interfaces[0m
[1.431s] [  2%] Built target ament_cmake_python_copy_robotnik_common_msgs
[1.598s] running egg_info
[1.599s] creating robotnik_common_msgs.egg-info
[1.599s] writing robotnik_common_msgs.egg-info/PKG-INFO
[1.599s] writing dependency_links to robotnik_common_msgs.egg-info/dependency_links.txt
[1.599s] writing top-level names to robotnik_common_msgs.egg-info/top_level.txt
[1.599s] writing manifest file 'robotnik_common_msgs.egg-info/SOURCES.txt'
[1.600s] reading manifest file 'robotnik_common_msgs.egg-info/SOURCES.txt'
[1.601s] writing manifest file 'robotnik_common_msgs.egg-info/SOURCES.txt'
[1.621s] [  2%] Built target ament_cmake_python_build_robotnik_common_msgs_egg
[1.794s] [  5%] [32mBuilding C object CMakeFiles/robotnik_common_msgs__rosidl_generator_c.dir/rosidl_generator_c/robotnik_common_msgs/srv/detail/set_float64__functions.c.o[0m
[1.795s] [  5%] [32mBuilding C object CMakeFiles/robotnik_common_msgs__rosidl_generator_c.dir/rosidl_generator_c/robotnik_common_msgs/srv/detail/set_float32__functions.c.o[0m
[1.795s] [  7%] [32mBuilding C object CMakeFiles/robotnik_common_msgs__rosidl_generator_c.dir/rosidl_generator_c/robotnik_common_msgs/msg/detail/response__functions.c.o[0m
[1.797s] [  8%] [32mBuilding C object CMakeFiles/robotnik_common_msgs__rosidl_generator_c.dir/rosidl_generator_c/robotnik_common_msgs/srv/detail/set_bool__functions.c.o[0m
[1.798s] [  9%] [32mBuilding C object CMakeFiles/robotnik_common_msgs__rosidl_generator_c.dir/rosidl_generator_c/robotnik_common_msgs/srv/detail/set_string__functions.c.o[0m
[1.798s] [ 11%] [32mBuilding C object CMakeFiles/robotnik_common_msgs__rosidl_generator_c.dir/rosidl_generator_c/robotnik_common_msgs/srv/detail/set_int32__functions.c.o[0m
[1.855s] [ 12%] [32m[1mLinking C shared library librobotnik_common_msgs__rosidl_generator_c.so[0m
[1.884s] [ 12%] Built target robotnik_common_msgs__rosidl_generator_c
[1.893s] [ 14%] [34m[1mGenerating C type support dispatch for ROS interfaces[0m
[1.894s] [ 16%] [34m[1mGenerating C introspection for ROS interfaces[0m
[1.894s] [ 16%] [34m[1mGenerating C type support for eProsima Fast-RTPS[0m
[1.967s] [ 16%] Built target robotnik_common_msgs__cpp
[1.977s] [ 18%] [34m[1mGenerating C++ introspection for ROS interfaces[0m
[1.978s] [ 21%] [34m[1mGenerating C++ type support for eProsima Fast-RTPS[0m
[1.978s] [ 21%] [34m[1mGenerating C++ type support dispatch for ROS interfaces[0m
[2.376s] [ 22%] [32mBuilding CXX object CMakeFiles/robotnik_common_msgs__rosidl_typesupport_c.dir/rosidl_typesupport_c/robotnik_common_msgs/msg/response__type_support.cpp.o[0m
[2.379s] [ 23%] [32mBuilding CXX object CMakeFiles/robotnik_common_msgs__rosidl_typesupport_c.dir/rosidl_typesupport_c/robotnik_common_msgs/srv/set_int32__type_support.cpp.o[0m
[2.379s] [ 25%] [32mBuilding CXX object CMakeFiles/robotnik_common_msgs__rosidl_typesupport_c.dir/rosidl_typesupport_c/robotnik_common_msgs/srv/set_float32__type_support.cpp.o[0m
[2.379s] [ 26%] [32mBuilding CXX object CMakeFiles/robotnik_common_msgs__rosidl_typesupport_c.dir/rosidl_typesupport_c/robotnik_common_msgs/srv/set_bool__type_support.cpp.o[0m
[2.380s] [ 28%] [32mBuilding CXX object CMakeFiles/robotnik_common_msgs__rosidl_typesupport_c.dir/rosidl_typesupport_c/robotnik_common_msgs/srv/set_float64__type_support.cpp.o[0m
[2.382s] [ 29%] [32mBuilding CXX object CMakeFiles/robotnik_common_msgs__rosidl_typesupport_c.dir/rosidl_typesupport_c/robotnik_common_msgs/srv/set_string__type_support.cpp.o[0m
[2.449s] [ 30%] [32m[1mLinking CXX shared library librobotnik_common_msgs__rosidl_typesupport_c.so[0m
[2.489s] [ 30%] Built target robotnik_common_msgs__rosidl_typesupport_c
[2.492s] [ 32%] [32mBuilding CXX object CMakeFiles/robotnik_common_msgs__rosidl_typesupport_cpp.dir/rosidl_typesupport_cpp/robotnik_common_msgs/msg/response__type_support.cpp.o[0m
[2.501s] [ 33%] [32mBuilding CXX object CMakeFiles/robotnik_common_msgs__rosidl_typesupport_cpp.dir/rosidl_typesupport_cpp/robotnik_common_msgs/srv/set_float64__type_support.cpp.o[0m
[2.513s] [ 35%] [32mBuilding CXX object CMakeFiles/robotnik_common_msgs__rosidl_typesupport_cpp.dir/rosidl_typesupport_cpp/robotnik_common_msgs/srv/set_string__type_support.cpp.o[0m
[2.522s] [ 36%] [32mBuilding CXX object CMakeFiles/robotnik_common_msgs__rosidl_typesupport_cpp.dir/rosidl_typesupport_cpp/robotnik_common_msgs/srv/set_int32__type_support.cpp.o[0m
[2.526s] [ 38%] [32mBuilding CXX object CMakeFiles/robotnik_common_msgs__rosidl_typesupport_cpp.dir/rosidl_typesupport_cpp/robotnik_common_msgs/srv/set_bool__type_support.cpp.o[0m
[2.542s] [ 39%] [32mBuilding CXX object CMakeFiles/robotnik_common_msgs__rosidl_typesupport_cpp.dir/rosidl_typesupport_cpp/robotnik_common_msgs/srv/set_float32__type_support.cpp.o[0m
[2.635s] [ 40%] [32mBuilding C object CMakeFiles/robotnik_common_msgs__rosidl_typesupport_introspection_c.dir/rosidl_typesupport_introspection_c/robotnik_common_msgs/srv/detail/set_float32__type_support.c.o[0m
[2.638s] [ 42%] [32mBuilding C object CMakeFiles/robotnik_common_msgs__rosidl_typesupport_introspection_c.dir/rosidl_typesupport_introspection_c/robotnik_common_msgs/srv/detail/set_bool__type_support.c.o[0m
[2.641s] [ 43%] [32mBuilding C object CMakeFiles/robotnik_common_msgs__rosidl_typesupport_introspection_c.dir/rosidl_typesupport_introspection_c/robotnik_common_msgs/msg/detail/response__type_support.c.o[0m
[2.642s] [ 45%] [32mBuilding C object CMakeFiles/robotnik_common_msgs__rosidl_typesupport_introspection_c.dir/rosidl_typesupport_introspection_c/robotnik_common_msgs/srv/detail/set_float64__type_support.c.o[0m
[2.642s] [ 46%] [32mBuilding C object CMakeFiles/robotnik_common_msgs__rosidl_typesupport_introspection_c.dir/rosidl_typesupport_introspection_c/robotnik_common_msgs/srv/detail/set_string__type_support.c.o[0m
[2.645s] [ 47%] [32mBuilding C object CMakeFiles/robotnik_common_msgs__rosidl_typesupport_introspection_c.dir/rosidl_typesupport_introspection_c/robotnik_common_msgs/srv/detail/set_int32__type_support.c.o[0m
[2.712s] [ 49%] [32mBuilding CXX object CMakeFiles/robotnik_common_msgs__rosidl_typesupport_fastrtps_c.dir/rosidl_typesupport_fastrtps_c/robotnik_common_msgs/srv/detail/set_bool__type_support_c.cpp.o[0m
[2.717s] [ 50%] [32mBuilding CXX object CMakeFiles/robotnik_common_msgs__rosidl_typesupport_fastrtps_c.dir/rosidl_typesupport_fastrtps_c/robotnik_common_msgs/msg/detail/response__type_support_c.cpp.o[0m
[2.725s] [ 53%] [32mBuilding CXX object CMakeFiles/robotnik_common_msgs__rosidl_typesupport_fastrtps_c.dir/rosidl_typesupport_fastrtps_c/robotnik_common_msgs/srv/detail/set_string__type_support_c.cpp.o[0m
[2.729s] [ 54%] [32mBuilding CXX object CMakeFiles/robotnik_common_msgs__rosidl_typesupport_fastrtps_c.dir/rosidl_typesupport_fastrtps_c/robotnik_common_msgs/srv/detail/set_int32__type_support_c.cpp.o[0m
[2.729s] [ 53%] [32mBuilding CXX object CMakeFiles/robotnik_common_msgs__rosidl_typesupport_fastrtps_c.dir/rosidl_typesupport_fastrtps_c/robotnik_common_msgs/srv/detail/set_float32__type_support_c.cpp.o[0m
[2.768s] [ 56%] [32mBuilding CXX object CMakeFiles/robotnik_common_msgs__rosidl_typesupport_fastrtps_c.dir/rosidl_typesupport_fastrtps_c/robotnik_common_msgs/srv/detail/set_float64__type_support_c.cpp.o[0m
[2.768s] [ 57%] [32mBuilding CXX object CMakeFiles/robotnik_common_msgs__rosidl_typesupport_introspection_cpp.dir/rosidl_typesupport_introspection_cpp/robotnik_common_msgs/srv/detail/set_bool__type_support.cpp.o[0m
[2.776s] [ 59%] [32mBuilding CXX object CMakeFiles/robotnik_common_msgs__rosidl_typesupport_introspection_cpp.dir/rosidl_typesupport_introspection_cpp/robotnik_common_msgs/srv/detail/set_float32__type_support.cpp.o[0m
[2.787s] [ 61%] [32m[1mLinking C shared library librobotnik_common_msgs__rosidl_typesupport_introspection_c.so[0m
[2.791s] [ 60%] [32mBuilding CXX object CMakeFiles/robotnik_common_msgs__rosidl_typesupport_introspection_cpp.dir/rosidl_typesupport_introspection_cpp/robotnik_common_msgs/srv/detail/set_float64__type_support.cpp.o[0m
[2.799s] [ 63%] [32mBuilding CXX object CMakeFiles/robotnik_common_msgs__rosidl_typesupport_introspection_cpp.dir/rosidl_typesupport_introspection_cpp/robotnik_common_msgs/srv/detail/set_string__type_support.cpp.o[0m
[2.799s] [ 64%] [32mBuilding CXX object CMakeFiles/robotnik_common_msgs__rosidl_typesupport_introspection_cpp.dir/rosidl_typesupport_introspection_cpp/robotnik_common_msgs/srv/detail/set_int32__type_support.cpp.o[0m
[2.800s] [ 66%] [32mBuilding CXX object CMakeFiles/robotnik_common_msgs__rosidl_typesupport_introspection_cpp.dir/rosidl_typesupport_introspection_cpp/robotnik_common_msgs/msg/detail/response__type_support.cpp.o[0m
[2.922s] [ 66%] Built target robotnik_common_msgs__rosidl_typesupport_introspection_c
[3.050s] [ 67%] [32mBuilding CXX object CMakeFiles/robotnik_common_msgs__rosidl_typesupport_fastrtps_cpp.dir/rosidl_typesupport_fastrtps_cpp/robotnik_common_msgs/msg/detail/dds_fastrtps/response__type_support.cpp.o[0m
[3.062s] [ 69%] [32mBuilding CXX object CMakeFiles/robotnik_common_msgs__rosidl_typesupport_fastrtps_cpp.dir/rosidl_typesupport_fastrtps_cpp/robotnik_common_msgs/srv/detail/dds_fastrtps/set_bool__type_support.cpp.o[0m
[3.283s] [ 70%] [32mBuilding CXX object CMakeFiles/robotnik_common_msgs__rosidl_typesupport_fastrtps_cpp.dir/rosidl_typesupport_fastrtps_cpp/robotnik_common_msgs/srv/detail/dds_fastrtps/set_float32__type_support.cpp.o[0m
[3.325s] [ 71%] [32mBuilding CXX object CMakeFiles/robotnik_common_msgs__rosidl_typesupport_fastrtps_cpp.dir/rosidl_typesupport_fastrtps_cpp/robotnik_common_msgs/srv/detail/dds_fastrtps/set_float64__type_support.cpp.o[0m
[3.386s] [ 73%] [32mBuilding CXX object CMakeFiles/robotnik_common_msgs__rosidl_typesupport_fastrtps_cpp.dir/rosidl_typesupport_fastrtps_cpp/robotnik_common_msgs/srv/detail/dds_fastrtps/set_int32__type_support.cpp.o[0m
[3.412s] [ 74%] [32mBuilding CXX object CMakeFiles/robotnik_common_msgs__rosidl_typesupport_fastrtps_cpp.dir/rosidl_typesupport_fastrtps_cpp/robotnik_common_msgs/srv/detail/dds_fastrtps/set_string__type_support.cpp.o[0m
[3.677s] [ 76%] [32m[1mLinking CXX shared library librobotnik_common_msgs__rosidl_typesupport_cpp.so[0m
[3.777s] [ 76%] Built target robotnik_common_msgs__rosidl_typesupport_cpp
[4.239s] [ 77%] [32m[1mLinking CXX shared library librobotnik_common_msgs__rosidl_typesupport_fastrtps_c.so[0m
[4.313s] [ 78%] [32m[1mLinking CXX shared library librobotnik_common_msgs__rosidl_typesupport_introspection_cpp.so[0m
[4.315s] [ 78%] Built target robotnik_common_msgs__rosidl_typesupport_fastrtps_c
[4.390s] [ 78%] Built target robotnik_common_msgs__rosidl_typesupport_introspection_cpp
[4.434s] [ 80%] [32m[1mLinking CXX shared library librobotnik_common_msgs__rosidl_typesupport_fastrtps_cpp.so[0m
[4.481s] [ 80%] Built target robotnik_common_msgs__rosidl_typesupport_fastrtps_cpp
[4.494s] [ 80%] Built target robotnik_common_msgs
[4.510s] [ 81%] [34m[1mGenerating Python code for ROS interfaces[0m
[5.057s] [ 81%] Built target robotnik_common_msgs__py
[5.074s] [ 83%] [32mBuilding C object CMakeFiles/robotnik_common_msgs__rosidl_generator_py.dir/rosidl_generator_py/robotnik_common_msgs/srv/_set_bool_s.c.o[0m
[5.076s] [ 87%] [32mBuilding C object CMakeFiles/robotnik_common_msgs__rosidl_generator_py.dir/rosidl_generator_py/robotnik_common_msgs/msg/_response_s.c.o[0m
[5.077s] [ 87%] [32mBuilding C object CMakeFiles/robotnik_common_msgs__rosidl_generator_py.dir/rosidl_generator_py/robotnik_common_msgs/srv/_set_float64_s.c.o[0m
[5.077s] [ 87%] [32mBuilding C object CMakeFiles/robotnik_common_msgs__rosidl_generator_py.dir/rosidl_generator_py/robotnik_common_msgs/srv/_set_float32_s.c.o[0m
[5.077s] [ 88%] [32mBuilding C object CMakeFiles/robotnik_common_msgs__rosidl_generator_py.dir/rosidl_generator_py/robotnik_common_msgs/srv/_set_int32_s.c.o[0m
[5.077s] [ 90%] [32mBuilding C object CMakeFiles/robotnik_common_msgs__rosidl_generator_py.dir/rosidl_generator_py/robotnik_common_msgs/srv/_set_string_s.c.o[0m
[5.178s] [ 91%] [32m[1mLinking C shared library rosidl_generator_py/robotnik_common_msgs/librobotnik_common_msgs__rosidl_generator_py.so[0m
[5.207s] [ 91%] Built target robotnik_common_msgs__rosidl_generator_py
[5.222s] [ 94%] [32mBuilding C object CMakeFiles/robotnik_common_msgs__rosidl_typesupport_fastrtps_c__pyext.dir/rosidl_generator_py/robotnik_common_msgs/_robotnik_common_msgs_s.ep.rosidl_typesupport_fastrtps_c.c.o[0m
[5.222s] [ 94%] [32mBuilding C object CMakeFiles/robotnik_common_msgs__rosidl_typesupport_c__pyext.dir/rosidl_generator_py/robotnik_common_msgs/_robotnik_common_msgs_s.ep.rosidl_typesupport_c.c.o[0m
[5.222s] [ 95%] [32mBuilding C object CMakeFiles/robotnik_common_msgs__rosidl_typesupport_introspection_c__pyext.dir/rosidl_generator_py/robotnik_common_msgs/_robotnik_common_msgs_s.ep.rosidl_typesupport_introspection_c.c.o[0m
[5.295s] [ 97%] [32m[1mLinking C shared library rosidl_generator_py/robotnik_common_msgs/robotnik_common_msgs_s__rosidl_typesupport_fastrtps_c.cpython-310-x86_64-linux-gnu.so[0m
[5.295s] [ 98%] [32m[1mLinking C shared library rosidl_generator_py/robotnik_common_msgs/robotnik_common_msgs_s__rosidl_typesupport_introspection_c.cpython-310-x86_64-linux-gnu.so[0m
[5.296s] [100%] [32m[1mLinking C shared library rosidl_generator_py/robotnik_common_msgs/robotnik_common_msgs_s__rosidl_typesupport_c.cpython-310-x86_64-linux-gnu.so[0m
[5.319s] [100%] Built target robotnik_common_msgs__rosidl_typesupport_c__pyext
[5.319s] [100%] Built target robotnik_common_msgs__rosidl_typesupport_fastrtps_c__pyext
[5.319s] [100%] Built target robotnik_common_msgs__rosidl_typesupport_introspection_c__pyext
[5.328s] Invoked command in '/home/admin/ros2_ws/build/robotnik_common_msgs' returned '0': CMAKE_PREFIX_PATH=${CMAKE_PREFIX_PATH}:/home/admin/ros2_ws/install/robotnik_safety_msgs:/home/admin/ros2_ws/install/rbvogui_cartographer:/opt/ros/humble /usr/bin/cmake --build /home/admin/ros2_ws/build/robotnik_common_msgs -- -j20 -l20
[5.329s] Invoking command in '/home/admin/ros2_ws/build/robotnik_common_msgs': CMAKE_PREFIX_PATH=${CMAKE_PREFIX_PATH}:/home/admin/ros2_ws/install/robotnik_safety_msgs:/home/admin/ros2_ws/install/rbvogui_cartographer:/opt/ros/humble /usr/bin/cmake --install /home/admin/ros2_ws/build/robotnik_common_msgs
[5.333s] -- Install configuration: ""
[5.333s] -- Installing: /home/admin/ros2_ws/install/robotnik_common_msgs/share/ament_index/resource_index/rosidl_interfaces/robotnik_common_msgs
[5.333s] -- Installing: /home/admin/ros2_ws/install/robotnik_common_msgs/include/robotnik_common_msgs/robotnik_common_msgs
[5.333s] -- Installing: /home/admin/ros2_ws/install/robotnik_common_msgs/include/robotnik_common_msgs/robotnik_common_msgs/srv
[5.333s] -- Installing: /home/admin/ros2_ws/install/robotnik_common_msgs/include/robotnik_common_msgs/robotnik_common_msgs/srv/detail
[5.333s] -- Installing: /home/admin/ros2_ws/install/robotnik_common_msgs/include/robotnik_common_msgs/robotnik_common_msgs/srv/detail/set_float32__struct.h
[5.333s] -- Installing: /home/admin/ros2_ws/install/robotnik_common_msgs/include/robotnik_common_msgs/robotnik_common_msgs/srv/detail/set_float32__functions.c
[5.333s] -- Installing: /home/admin/ros2_ws/install/robotnik_common_msgs/include/robotnik_common_msgs/robotnik_common_msgs/srv/detail/set_string__struct.h
[5.333s] -- Installing: /home/admin/ros2_ws/install/robotnik_common_msgs/include/robotnik_common_msgs/robotnik_common_msgs/srv/detail/set_string__functions.h
[5.333s] -- Installing: /home/admin/ros2_ws/install/robotnik_common_msgs/include/robotnik_common_msgs/robotnik_common_msgs/srv/detail/set_bool__functions.c
[5.333s] -- Installing: /home/admin/ros2_ws/install/robotnik_common_msgs/include/robotnik_common_msgs/robotnik_common_msgs/srv/detail/set_float64__struct.h
[5.333s] -- Installing: /home/admin/ros2_ws/install/robotnik_common_msgs/include/robotnik_common_msgs/robotnik_common_msgs/srv/detail/set_float32__functions.h
[5.333s] -- Installing: /home/admin/ros2_ws/install/robotnik_common_msgs/include/robotnik_common_msgs/robotnik_common_msgs/srv/detail/set_float64__functions.h
[5.333s] -- Installing: /home/admin/ros2_ws/install/robotnik_common_msgs/include/robotnik_common_msgs/robotnik_common_msgs/srv/detail/set_string__functions.c
[5.334s] -- Installing: /home/admin/ros2_ws/install/robotnik_common_msgs/include/robotnik_common_msgs/robotnik_common_msgs/srv/detail/set_float32__type_support.h
[5.334s] -- Installing: /home/admin/ros2_ws/install/robotnik_common_msgs/include/robotnik_common_msgs/robotnik_common_msgs/srv/detail/set_string__type_support.h
[5.334s] -- Installing: /home/admin/ros2_ws/install/robotnik_common_msgs/include/robotnik_common_msgs/robotnik_common_msgs/srv/detail/set_float64__functions.c
[5.334s] -- Installing: /home/admin/ros2_ws/install/robotnik_common_msgs/include/robotnik_common_msgs/robotnik_common_msgs/srv/detail/set_int32__struct.h
[5.334s] -- Installing: /home/admin/ros2_ws/install/robotnik_common_msgs/include/robotnik_common_msgs/robotnik_common_msgs/srv/detail/set_int32__type_support.h
[5.334s] -- Installing: /home/admin/ros2_ws/install/robotnik_common_msgs/include/robotnik_common_msgs/robotnik_common_msgs/srv/detail/set_bool__functions.h
[5.334s] -- Installing: /home/admin/ros2_ws/install/robotnik_common_msgs/include/robotnik_common_msgs/robotnik_common_msgs/srv/detail/set_int32__functions.c
[5.334s] -- Installing: /home/admin/ros2_ws/install/robotnik_common_msgs/include/robotnik_common_msgs/robotnik_common_msgs/srv/detail/set_int32__functions.h
[5.334s] -- Installing: /home/admin/ros2_ws/install/robotnik_common_msgs/include/robotnik_common_msgs/robotnik_common_msgs/srv/detail/set_float64__type_support.h
[5.334s] -- Installing: /home/admin/ros2_ws/install/robotnik_common_msgs/include/robotnik_common_msgs/robotnik_common_msgs/srv/detail/set_bool__type_support.h
[5.334s] -- Installing: /home/admin/ros2_ws/install/robotnik_common_msgs/include/robotnik_common_msgs/robotnik_common_msgs/srv/detail/set_bool__struct.h
[5.335s] -- Installing: /home/admin/ros2_ws/install/robotnik_common_msgs/include/robotnik_common_msgs/robotnik_common_msgs/srv/set_int32.h
[5.335s] -- Installing: /home/admin/ros2_ws/install/robotnik_common_msgs/include/robotnik_common_msgs/robotnik_common_msgs/srv/set_string.h
[5.335s] -- Installing: /home/admin/ros2_ws/install/robotnik_common_msgs/include/robotnik_common_msgs/robotnik_common_msgs/srv/set_float64.h
[5.335s] -- Installing: /home/admin/ros2_ws/install/robotnik_common_msgs/include/robotnik_common_msgs/robotnik_common_msgs/srv/set_bool.h
[5.335s] -- Installing: /home/admin/ros2_ws/install/robotnik_common_msgs/include/robotnik_common_msgs/robotnik_common_msgs/srv/set_float32.h
[5.335s] -- Installing: /home/admin/ros2_ws/install/robotnik_common_msgs/include/robotnik_common_msgs/robotnik_common_msgs/msg
[5.335s] -- Installing: /home/admin/ros2_ws/install/robotnik_common_msgs/include/robotnik_common_msgs/robotnik_common_msgs/msg/rosidl_generator_c__visibility_control.h
[5.335s] -- Installing: /home/admin/ros2_ws/install/robotnik_common_msgs/include/robotnik_common_msgs/robotnik_common_msgs/msg/detail
[5.335s] -- Installing: /home/admin/ros2_ws/install/robotnik_common_msgs/include/robotnik_common_msgs/robotnik_common_msgs/msg/detail/response__type_support.h
[5.335s] -- Installing: /home/admin/ros2_ws/install/robotnik_common_msgs/include/robotnik_common_msgs/robotnik_common_msgs/msg/detail/response__struct.h
[5.335s] -- Installing: /home/admin/ros2_ws/install/robotnik_common_msgs/include/robotnik_common_msgs/robotnik_common_msgs/msg/detail/response__functions.h
[5.335s] -- Installing: /home/admin/ros2_ws/install/robotnik_common_msgs/include/robotnik_common_msgs/robotnik_common_msgs/msg/detail/response__functions.c
[5.335s] -- Installing: /home/admin/ros2_ws/install/robotnik_common_msgs/include/robotnik_common_msgs/robotnik_common_msgs/msg/response.h
[5.335s] -- Installing: /home/admin/ros2_ws/install/robotnik_common_msgs/share/robotnik_common_msgs/environment/library_path.sh
[5.335s] -- Installing: /home/admin/ros2_ws/install/robotnik_common_msgs/share/robotnik_common_msgs/environment/library_path.dsv
[5.335s] -- Installing: /home/admin/ros2_ws/install/robotnik_common_msgs/lib/librobotnik_common_msgs__rosidl_generator_c.so
[5.336s] -- Set runtime path of "/home/admin/ros2_ws/install/robotnik_common_msgs/lib/librobotnik_common_msgs__rosidl_generator_c.so" to ""
[5.336s] -- Up-to-date: /home/admin/ros2_ws/install/robotnik_common_msgs/include/robotnik_common_msgs/robotnik_common_msgs
[5.336s] -- Up-to-date: /home/admin/ros2_ws/install/robotnik_common_msgs/include/robotnik_common_msgs/robotnik_common_msgs/srv
[5.336s] -- Up-to-date: /home/admin/ros2_ws/install/robotnik_common_msgs/include/robotnik_common_msgs/robotnik_common_msgs/srv/detail
[5.336s] -- Installing: /home/admin/ros2_ws/install/robotnik_common_msgs/include/robotnik_common_msgs/robotnik_common_msgs/srv/detail/set_string__rosidl_typesupport_fastrtps_c.h
[5.336s] -- Installing: /home/admin/ros2_ws/install/robotnik_common_msgs/include/robotnik_common_msgs/robotnik_common_msgs/srv/detail/set_int32__rosidl_typesupport_fastrtps_c.h
[5.336s] -- Installing: /home/admin/ros2_ws/install/robotnik_common_msgs/include/robotnik_common_msgs/robotnik_common_msgs/srv/detail/set_float64__rosidl_typesupport_fastrtps_c.h
[5.336s] -- Installing: /home/admin/ros2_ws/install/robotnik_common_msgs/include/robotnik_common_msgs/robotnik_common_msgs/srv/detail/set_bool__rosidl_typesupport_fastrtps_c.h
[5.336s] -- Installing: /home/admin/ros2_ws/install/robotnik_common_msgs/include/robotnik_common_msgs/robotnik_common_msgs/srv/detail/set_float32__rosidl_typesupport_fastrtps_c.h
[5.336s] -- Up-to-date: /home/admin/ros2_ws/install/robotnik_common_msgs/include/robotnik_common_msgs/robotnik_common_msgs/msg
[5.336s] -- Installing: /home/admin/ros2_ws/install/robotnik_common_msgs/include/robotnik_common_msgs/robotnik_common_msgs/msg/rosidl_typesupport_fastrtps_c__visibility_control.h
[5.336s] -- Up-to-date: /home/admin/ros2_ws/install/robotnik_common_msgs/include/robotnik_common_msgs/robotnik_common_msgs/msg/detail
[5.336s] -- Installing: /home/admin/ros2_ws/install/robotnik_common_msgs/include/robotnik_common_msgs/robotnik_common_msgs/msg/detail/response__rosidl_typesupport_fastrtps_c.h
[5.336s] -- Installing: /home/admin/ros2_ws/install/robotnik_common_msgs/lib/librobotnik_common_msgs__rosidl_typesupport_fastrtps_c.so
[5.336s] -- Set runtime path of "/home/admin/ros2_ws/install/robotnik_common_msgs/lib/librobotnik_common_msgs__rosidl_typesupport_fastrtps_c.so" to ""
[5.336s] -- Up-to-date: /home/admin/ros2_ws/install/robotnik_common_msgs/include/robotnik_common_msgs/robotnik_common_msgs
[5.336s] -- Up-to-date: /home/admin/ros2_ws/install/robotnik_common_msgs/include/robotnik_common_msgs/robotnik_common_msgs/srv
[5.336s] -- Installing: /home/admin/ros2_ws/install/robotnik_common_msgs/include/robotnik_common_msgs/robotnik_common_msgs/srv/set_string.hpp
[5.336s] -- Up-to-date: /home/admin/ros2_ws/install/robotnik_common_msgs/include/robotnik_common_msgs/robotnik_common_msgs/srv/detail
[5.336s] -- Installing: /home/admin/ros2_ws/install/robotnik_common_msgs/include/robotnik_common_msgs/robotnik_common_msgs/srv/detail/set_int32__type_support.hpp
[5.336s] -- Installing: /home/admin/ros2_ws/install/robotnik_common_msgs/include/robotnik_common_msgs/robotnik_common_msgs/srv/detail/set_int32__struct.hpp
[5.336s] -- Installing: /home/admin/ros2_ws/install/robotnik_common_msgs/include/robotnik_common_msgs/robotnik_common_msgs/srv/detail/set_float64__traits.hpp
[5.336s] -- Installing: /home/admin/ros2_ws/install/robotnik_common_msgs/include/robotnik_common_msgs/robotnik_common_msgs/srv/detail/set_float32__struct.hpp
[5.337s] -- Installing: /home/admin/ros2_ws/install/robotnik_common_msgs/include/robotnik_common_msgs/robotnik_common_msgs/srv/detail/set_float32__type_support.hpp
[5.337s] -- Installing: /home/admin/ros2_ws/install/robotnik_common_msgs/include/robotnik_common_msgs/robotnik_common_msgs/srv/detail/set_bool__type_support.hpp
[5.337s] -- Installing: /home/admin/ros2_ws/install/robotnik_common_msgs/include/robotnik_common_msgs/robotnik_common_msgs/srv/detail/set_bool__builder.hpp
[5.337s] -- Installing: /home/admin/ros2_ws/install/robotnik_common_msgs/include/robotnik_common_msgs/robotnik_common_msgs/srv/detail/set_bool__traits.hpp
[5.337s] -- Installing: /home/admin/ros2_ws/install/robotnik_common_msgs/include/robotnik_common_msgs/robotnik_common_msgs/srv/detail/set_float64__struct.hpp
[5.337s] -- Installing: /home/admin/ros2_ws/install/robotnik_common_msgs/include/robotnik_common_msgs/robotnik_common_msgs/srv/detail/set_float32__builder.hpp
[5.337s] -- Installing: /home/admin/ros2_ws/install/robotnik_common_msgs/include/robotnik_common_msgs/robotnik_common_msgs/srv/detail/set_float64__builder.hpp
[5.337s] -- Installing: /home/admin/ros2_ws/install/robotnik_common_msgs/include/robotnik_common_msgs/robotnik_common_msgs/srv/detail/set_int32__builder.hpp
[5.337s] -- Installing: /home/admin/ros2_ws/install/robotnik_common_msgs/include/robotnik_common_msgs/robotnik_common_msgs/srv/detail/set_string__type_support.hpp
[5.337s] -- Installing: /home/admin/ros2_ws/install/robotnik_common_msgs/include/robotnik_common_msgs/robotnik_common_msgs/srv/detail/set_bool__struct.hpp
[5.338s] -- Installing: /home/admin/ros2_ws/install/robotnik_common_msgs/include/robotnik_common_msgs/robotnik_common_msgs/srv/detail/set_float32__traits.hpp
[5.338s] -- Installing: /home/admin/ros2_ws/install/robotnik_common_msgs/include/robotnik_common_msgs/robotnik_common_msgs/srv/detail/set_string__traits.hpp
[5.338s] -- Installing: /home/admin/ros2_ws/install/robotnik_common_msgs/include/robotnik_common_msgs/robotnik_common_msgs/srv/detail/set_string__struct.hpp
[5.338s] -- Installing: /home/admin/ros2_ws/install/robotnik_common_msgs/include/robotnik_common_msgs/robotnik_common_msgs/srv/detail/set_float64__type_support.hpp
[5.338s] -- Installing: /home/admin/ros2_ws/install/robotnik_common_msgs/include/robotnik_common_msgs/robotnik_common_msgs/srv/detail/set_string__builder.hpp
[5.338s] -- Installing: /home/admin/ros2_ws/install/robotnik_common_msgs/include/robotnik_common_msgs/robotnik_common_msgs/srv/detail/set_int32__traits.hpp
[5.338s] -- Installing: /home/admin/ros2_ws/install/robotnik_common_msgs/include/robotnik_common_msgs/robotnik_common_msgs/srv/set_int32.hpp
[5.338s] -- Installing: /home/admin/ros2_ws/install/robotnik_common_msgs/include/robotnik_common_msgs/robotnik_common_msgs/srv/set_float32.hpp
[5.338s] -- Installing: /home/admin/ros2_ws/install/robotnik_common_msgs/include/robotnik_common_msgs/robotnik_common_msgs/srv/set_float64.hpp
[5.338s] -- Installing: /home/admin/ros2_ws/install/robotnik_common_msgs/include/robotnik_common_msgs/robotnik_common_msgs/srv/set_bool.hpp
[5.338s] -- Up-to-date: /home/admin/ros2_ws/install/robotnik_common_msgs/include/robotnik_common_msgs/robotnik_common_msgs/msg
[5.338s] -- Installing: /home/admin/ros2_ws/install/robotnik_common_msgs/include/robotnik_common_msgs/robotnik_common_msgs/msg/rosidl_generator_cpp__visibility_control.hpp
[5.338s] -- Up-to-date: /home/admin/ros2_ws/install/robotnik_common_msgs/include/robotnik_common_msgs/robotnik_common_msgs/msg/detail
[5.338s] -- Installing: /home/admin/ros2_ws/install/robotnik_common_msgs/include/robotnik_common_msgs/robotnik_common_msgs/msg/detail/response__type_support.hpp
[5.338s] -- Installing: /home/admin/ros2_ws/install/robotnik_common_msgs/include/robotnik_common_msgs/robotnik_common_msgs/msg/detail/response__struct.hpp
[5.338s] -- Installing: /home/admin/ros2_ws/install/robotnik_common_msgs/include/robotnik_common_msgs/robotnik_common_msgs/msg/detail/response__traits.hpp
[5.338s] -- Installing: /home/admin/ros2_ws/install/robotnik_common_msgs/include/robotnik_common_msgs/robotnik_common_msgs/msg/detail/response__builder.hpp
[5.338s] -- Installing: /home/admin/ros2_ws/install/robotnik_common_msgs/include/robotnik_common_msgs/robotnik_common_msgs/msg/response.hpp
[5.338s] -- Up-to-date: /home/admin/ros2_ws/install/robotnik_common_msgs/include/robotnik_common_msgs/robotnik_common_msgs
[5.338s] -- Up-to-date: /home/admin/ros2_ws/install/robotnik_common_msgs/include/robotnik_common_msgs/robotnik_common_msgs/srv
[5.338s] -- Up-to-date: /home/admin/ros2_ws/install/robotnik_common_msgs/include/robotnik_common_msgs/robotnik_common_msgs/srv/detail
[5.338s] -- Installing: /home/admin/ros2_ws/install/robotnik_common_msgs/include/robotnik_common_msgs/robotnik_common_msgs/srv/detail/set_bool__rosidl_typesupport_fastrtps_cpp.hpp
[5.338s] -- Installing: /home/admin/ros2_ws/install/robotnik_common_msgs/include/robotnik_common_msgs/robotnik_common_msgs/srv/detail/set_float32__rosidl_typesupport_fastrtps_cpp.hpp
[5.338s] -- Installing: /home/admin/ros2_ws/install/robotnik_common_msgs/include/robotnik_common_msgs/robotnik_common_msgs/srv/detail/dds_fastrtps
[5.338s] -- Installing: /home/admin/ros2_ws/install/robotnik_common_msgs/include/robotnik_common_msgs/robotnik_common_msgs/srv/detail/set_string__rosidl_typesupport_fastrtps_cpp.hpp
[5.338s] -- Installing: /home/admin/ros2_ws/install/robotnik_common_msgs/include/robotnik_common_msgs/robotnik_common_msgs/srv/detail/set_float64__rosidl_typesupport_fastrtps_cpp.hpp
[5.338s] -- Installing: /home/admin/ros2_ws/install/robotnik_common_msgs/include/robotnik_common_msgs/robotnik_common_msgs/srv/detail/set_int32__rosidl_typesupport_fastrtps_cpp.hpp
[5.339s] -- Up-to-date: /home/admin/ros2_ws/install/robotnik_common_msgs/include/robotnik_common_msgs/robotnik_common_msgs/msg
[5.339s] -- Installing: /home/admin/ros2_ws/install/robotnik_common_msgs/include/robotnik_common_msgs/robotnik_common_msgs/msg/rosidl_typesupport_fastrtps_cpp__visibility_control.h
[5.339s] -- Up-to-date: /home/admin/ros2_ws/install/robotnik_common_msgs/include/robotnik_common_msgs/robotnik_common_msgs/msg/detail
[5.339s] -- Installing: /home/admin/ros2_ws/install/robotnik_common_msgs/include/robotnik_common_msgs/robotnik_common_msgs/msg/detail/response__rosidl_typesupport_fastrtps_cpp.hpp
[5.339s] -- Installing: /home/admin/ros2_ws/install/robotnik_common_msgs/include/robotnik_common_msgs/robotnik_common_msgs/msg/detail/dds_fastrtps
[5.339s] -- Installing: /home/admin/ros2_ws/install/robotnik_common_msgs/lib/librobotnik_common_msgs__rosidl_typesupport_fastrtps_cpp.so
[5.339s] -- Set runtime path of "/home/admin/ros2_ws/install/robotnik_common_msgs/lib/librobotnik_common_msgs__rosidl_typesupport_fastrtps_cpp.so" to ""
[5.339s] -- Up-to-date: /home/admin/ros2_ws/install/robotnik_common_msgs/include/robotnik_common_msgs/robotnik_common_msgs
[5.339s] -- Up-to-date: /home/admin/ros2_ws/install/robotnik_common_msgs/include/robotnik_common_msgs/robotnik_common_msgs/srv
[5.339s] -- Up-to-date: /home/admin/ros2_ws/install/robotnik_common_msgs/include/robotnik_common_msgs/robotnik_common_msgs/srv/detail
[5.339s] -- Installing: /home/admin/ros2_ws/install/robotnik_common_msgs/include/robotnik_common_msgs/robotnik_common_msgs/srv/detail/set_int32__rosidl_typesupport_introspection_c.h
[5.339s] -- Installing: /home/admin/ros2_ws/install/robotnik_common_msgs/include/robotnik_common_msgs/robotnik_common_msgs/srv/detail/set_string__rosidl_typesupport_introspection_c.h
[5.339s] -- Installing: /home/admin/ros2_ws/install/robotnik_common_msgs/include/robotnik_common_msgs/robotnik_common_msgs/srv/detail/set_int32__type_support.c
[5.339s] -- Installing: /home/admin/ros2_ws/install/robotnik_common_msgs/include/robotnik_common_msgs/robotnik_common_msgs/srv/detail/set_float32__type_support.c
[5.339s] -- Installing: /home/admin/ros2_ws/install/robotnik_common_msgs/include/robotnik_common_msgs/robotnik_common_msgs/srv/detail/set_float32__rosidl_typesupport_introspection_c.h
[5.339s] -- Installing: /home/admin/ros2_ws/install/robotnik_common_msgs/include/robotnik_common_msgs/robotnik_common_msgs/srv/detail/set_bool__type_support.c
[5.339s] -- Installing: /home/admin/ros2_ws/install/robotnik_common_msgs/include/robotnik_common_msgs/robotnik_common_msgs/srv/detail/set_string__type_support.c
[5.339s] -- Installing: /home/admin/ros2_ws/install/robotnik_common_msgs/include/robotnik_common_msgs/robotnik_common_msgs/srv/detail/set_bool__rosidl_typesupport_introspection_c.h
[5.339s] -- Installing: /home/admin/ros2_ws/install/robotnik_common_msgs/include/robotnik_common_msgs/robotnik_common_msgs/srv/detail/set_float64__rosidl_typesupport_introspection_c.h
[5.339s] -- Installing: /home/admin/ros2_ws/install/robotnik_common_msgs/include/robotnik_common_msgs/robotnik_common_msgs/srv/detail/set_float64__type_support.c
[5.339s] -- Up-to-date: /home/admin/ros2_ws/install/robotnik_common_msgs/include/robotnik_common_msgs/robotnik_common_msgs/msg
[5.339s] -- Up-to-date: /home/admin/ros2_ws/install/robotnik_common_msgs/include/robotnik_common_msgs/robotnik_common_msgs/msg/detail
[5.339s] -- Installing: /home/admin/ros2_ws/install/robotnik_common_msgs/include/robotnik_common_msgs/robotnik_common_msgs/msg/detail/response__type_support.c
[5.339s] -- Installing: /home/admin/ros2_ws/install/robotnik_common_msgs/include/robotnik_common_msgs/robotnik_common_msgs/msg/detail/response__rosidl_typesupport_introspection_c.h
[5.340s] -- Installing: /home/admin/ros2_ws/install/robotnik_common_msgs/include/robotnik_common_msgs/robotnik_common_msgs/msg/rosidl_typesupport_introspection_c__visibility_control.h
[5.340s] -- Installing: /home/admin/ros2_ws/install/robotnik_common_msgs/lib/librobotnik_common_msgs__rosidl_typesupport_introspection_c.so
[5.340s] -- Set runtime path of "/home/admin/ros2_ws/install/robotnik_common_msgs/lib/librobotnik_common_msgs__rosidl_typesupport_introspection_c.so" to ""
[5.340s] -- Installing: /home/admin/ros2_ws/install/robotnik_common_msgs/lib/librobotnik_common_msgs__rosidl_typesupport_c.so
[5.340s] -- Set runtime path of "/home/admin/ros2_ws/install/robotnik_common_msgs/lib/librobotnik_common_msgs__rosidl_typesupport_c.so" to ""
[5.340s] -- Up-to-date: /home/admin/ros2_ws/install/robotnik_common_msgs/include/robotnik_common_msgs/robotnik_common_msgs
[5.340s] -- Up-to-date: /home/admin/ros2_ws/install/robotnik_common_msgs/include/robotnik_common_msgs/robotnik_common_msgs/srv
[5.340s] -- Up-to-date: /home/admin/ros2_ws/install/robotnik_common_msgs/include/robotnik_common_msgs/robotnik_common_msgs/srv/detail
[5.340s] -- Installing: /home/admin/ros2_ws/install/robotnik_common_msgs/include/robotnik_common_msgs/robotnik_common_msgs/srv/detail/set_string__rosidl_typesupport_introspection_cpp.hpp
[5.340s] -- Installing: /home/admin/ros2_ws/install/robotnik_common_msgs/include/robotnik_common_msgs/robotnik_common_msgs/srv/detail/set_int32__type_support.cpp
[5.340s] -- Installing: /home/admin/ros2_ws/install/robotnik_common_msgs/include/robotnik_common_msgs/robotnik_common_msgs/srv/detail/set_bool__rosidl_typesupport_introspection_cpp.hpp
[5.340s] -- Installing: /home/admin/ros2_ws/install/robotnik_common_msgs/include/robotnik_common_msgs/robotnik_common_msgs/srv/detail/set_float64__rosidl_typesupport_introspection_cpp.hpp
[5.340s] -- Installing: /home/admin/ros2_ws/install/robotnik_common_msgs/include/robotnik_common_msgs/robotnik_common_msgs/srv/detail/set_bool__type_support.cpp
[5.340s] -- Installing: /home/admin/ros2_ws/install/robotnik_common_msgs/include/robotnik_common_msgs/robotnik_common_msgs/srv/detail/set_float64__type_support.cpp
[5.340s] -- Installing: /home/admin/ros2_ws/install/robotnik_common_msgs/include/robotnik_common_msgs/robotnik_common_msgs/srv/detail/set_string__type_support.cpp
[5.340s] -- Installing: /home/admin/ros2_ws/install/robotnik_common_msgs/include/robotnik_common_msgs/robotnik_common_msgs/srv/detail/set_float32__type_support.cpp
[5.340s] -- Installing: /home/admin/ros2_ws/install/robotnik_common_msgs/include/robotnik_common_msgs/robotnik_common_msgs/srv/detail/set_int32__rosidl_typesupport_introspection_cpp.hpp
[5.340s] -- Installing: /home/admin/ros2_ws/install/robotnik_common_msgs/include/robotnik_common_msgs/robotnik_common_msgs/srv/detail/set_float32__rosidl_typesupport_introspection_cpp.hpp
[5.341s] -- Up-to-date: /home/admin/ros2_ws/install/robotnik_common_msgs/include/robotnik_common_msgs/robotnik_common_msgs/msg
[5.341s] -- Up-to-date: /home/admin/ros2_ws/install/robotnik_common_msgs/include/robotnik_common_msgs/robotnik_common_msgs/msg/detail
[5.341s] -- Installing: /home/admin/ros2_ws/install/robotnik_common_msgs/include/robotnik_common_msgs/robotnik_common_msgs/msg/detail/response__type_support.cpp
[5.341s] -- Installing: /home/admin/ros2_ws/install/robotnik_common_msgs/include/robotnik_common_msgs/robotnik_common_msgs/msg/detail/response__rosidl_typesupport_introspection_cpp.hpp
[5.341s] -- Installing: /home/admin/ros2_ws/install/robotnik_common_msgs/lib/librobotnik_common_msgs__rosidl_typesupport_introspection_cpp.so
[5.341s] -- Set runtime path of "/home/admin/ros2_ws/install/robotnik_common_msgs/lib/librobotnik_common_msgs__rosidl_typesupport_introspection_cpp.so" to ""
[5.341s] -- Installing: /home/admin/ros2_ws/install/robotnik_common_msgs/lib/librobotnik_common_msgs__rosidl_typesupport_cpp.so
[5.341s] -- Set runtime path of "/home/admin/ros2_ws/install/robotnik_common_msgs/lib/librobotnik_common_msgs__rosidl_typesupport_cpp.so" to ""
[5.341s] -- Installing: /home/admin/ros2_ws/install/robotnik_common_msgs/share/robotnik_common_msgs/environment/pythonpath.sh
[5.341s] -- Installing: /home/admin/ros2_ws/install/robotnik_common_msgs/share/robotnik_common_msgs/environment/pythonpath.dsv
[5.341s] -- Installing: /home/admin/ros2_ws/install/robotnik_common_msgs/local/lib/python3.10/dist-packages/robotnik_common_msgs-1.0.0-py3.10.egg-info
[5.341s] -- Installing: /home/admin/ros2_ws/install/robotnik_common_msgs/local/lib/python3.10/dist-packages/robotnik_common_msgs-1.0.0-py3.10.egg-info/PKG-INFO
[5.341s] -- Installing: /home/admin/ros2_ws/install/robotnik_common_msgs/local/lib/python3.10/dist-packages/robotnik_common_msgs-1.0.0-py3.10.egg-info/SOURCES.txt
[5.341s] -- Installing: /home/admin/ros2_ws/install/robotnik_common_msgs/local/lib/python3.10/dist-packages/robotnik_common_msgs-1.0.0-py3.10.egg-info/dependency_links.txt
[5.341s] -- Installing: /home/admin/ros2_ws/install/robotnik_common_msgs/local/lib/python3.10/dist-packages/robotnik_common_msgs-1.0.0-py3.10.egg-info/top_level.txt
[5.341s] -- Installing: /home/admin/ros2_ws/install/robotnik_common_msgs/local/lib/python3.10/dist-packages/robotnik_common_msgs
[5.341s] -- Installing: /home/admin/ros2_ws/install/robotnik_common_msgs/local/lib/python3.10/dist-packages/robotnik_common_msgs/_robotnik_common_msgs_s.ep.rosidl_typesupport_fastrtps_c.c
[5.341s] -- Installing: /home/admin/ros2_ws/install/robotnik_common_msgs/local/lib/python3.10/dist-packages/robotnik_common_msgs/librobotnik_common_msgs__rosidl_generator_py.so
[5.341s] -- Installing: /home/admin/ros2_ws/install/robotnik_common_msgs/local/lib/python3.10/dist-packages/robotnik_common_msgs/robotnik_common_msgs_s__rosidl_typesupport_c.cpython-310-x86_64-linux-gnu.so
[5.341s] -- Installing: /home/admin/ros2_ws/install/robotnik_common_msgs/local/lib/python3.10/dist-packages/robotnik_common_msgs/robotnik_common_msgs_s__rosidl_typesupport_introspection_c.cpython-310-x86_64-linux-gnu.so
[5.341s] -- Installing: /home/admin/ros2_ws/install/robotnik_common_msgs/local/lib/python3.10/dist-packages/robotnik_common_msgs/__init__.py
[5.341s] -- Installing: /home/admin/ros2_ws/install/robotnik_common_msgs/local/lib/python3.10/dist-packages/robotnik_common_msgs/robotnik_common_msgs_s__rosidl_typesupport_fastrtps_c.cpython-310-x86_64-linux-gnu.so
[5.341s] -- Installing: /home/admin/ros2_ws/install/robotnik_common_msgs/local/lib/python3.10/dist-packages/robotnik_common_msgs/srv
[5.341s] -- Installing: /home/admin/ros2_ws/install/robotnik_common_msgs/local/lib/python3.10/dist-packages/robotnik_common_msgs/srv/_set_string.py
[5.341s] -- Installing: /home/admin/ros2_ws/install/robotnik_common_msgs/local/lib/python3.10/dist-packages/robotnik_common_msgs/srv/_set_bool.py
[5.341s] -- Installing: /home/admin/ros2_ws/install/robotnik_common_msgs/local/lib/python3.10/dist-packages/robotnik_common_msgs/srv/_set_string_s.c
[5.341s] -- Installing: /home/admin/ros2_ws/install/robotnik_common_msgs/local/lib/python3.10/dist-packages/robotnik_common_msgs/srv/_set_float32_s.c
[5.341s] -- Installing: /home/admin/ros2_ws/install/robotnik_common_msgs/local/lib/python3.10/dist-packages/robotnik_common_msgs/srv/__init__.py
[5.341s] -- Installing: /home/admin/ros2_ws/install/robotnik_common_msgs/local/lib/python3.10/dist-packages/robotnik_common_msgs/srv/_set_float64.py
[5.341s] -- Installing: /home/admin/ros2_ws/install/robotnik_common_msgs/local/lib/python3.10/dist-packages/robotnik_common_msgs/srv/_set_float64_s.c
[5.341s] -- Installing: /home/admin/ros2_ws/install/robotnik_common_msgs/local/lib/python3.10/dist-packages/robotnik_common_msgs/srv/_set_float32.py
[5.342s] -- Installing: /home/admin/ros2_ws/install/robotnik_common_msgs/local/lib/python3.10/dist-packages/robotnik_common_msgs/srv/_set_int32.py
[5.342s] -- Installing: /home/admin/ros2_ws/install/robotnik_common_msgs/local/lib/python3.10/dist-packages/robotnik_common_msgs/srv/_set_int32_s.c
[5.342s] -- Installing: /home/admin/ros2_ws/install/robotnik_common_msgs/local/lib/python3.10/dist-packages/robotnik_common_msgs/srv/_set_bool_s.c
[5.342s] -- Installing: /home/admin/ros2_ws/install/robotnik_common_msgs/local/lib/python3.10/dist-packages/robotnik_common_msgs/msg
[5.342s] -- Installing: /home/admin/ros2_ws/install/robotnik_common_msgs/local/lib/python3.10/dist-packages/robotnik_common_msgs/msg/_response.py
[5.342s] -- Installing: /home/admin/ros2_ws/install/robotnik_common_msgs/local/lib/python3.10/dist-packages/robotnik_common_msgs/msg/__init__.py
[5.342s] -- Installing: /home/admin/ros2_ws/install/robotnik_common_msgs/local/lib/python3.10/dist-packages/robotnik_common_msgs/msg/_response_s.c
[5.342s] -- Installing: /home/admin/ros2_ws/install/robotnik_common_msgs/local/lib/python3.10/dist-packages/robotnik_common_msgs/_robotnik_common_msgs_s.ep.rosidl_typesupport_c.c
[5.342s] -- Installing: /home/admin/ros2_ws/install/robotnik_common_msgs/local/lib/python3.10/dist-packages/robotnik_common_msgs/_robotnik_common_msgs_s.ep.rosidl_typesupport_introspection_c.c
[5.367s] Listing '/home/admin/ros2_ws/install/robotnik_common_msgs/local/lib/python3.10/dist-packages/robotnik_common_msgs'...
[5.367s] Compiling '/home/admin/ros2_ws/install/robotnik_common_msgs/local/lib/python3.10/dist-packages/robotnik_common_msgs/__init__.py'...
[5.367s] Listing '/home/admin/ros2_ws/install/robotnik_common_msgs/local/lib/python3.10/dist-packages/robotnik_common_msgs/msg'...
[5.367s] Compiling '/home/admin/ros2_ws/install/robotnik_common_msgs/local/lib/python3.10/dist-packages/robotnik_common_msgs/msg/__init__.py'...
[5.367s] Compiling '/home/admin/ros2_ws/install/robotnik_common_msgs/local/lib/python3.10/dist-packages/robotnik_common_msgs/msg/_response.py'...
[5.367s] Listing '/home/admin/ros2_ws/install/robotnik_common_msgs/local/lib/python3.10/dist-packages/robotnik_common_msgs/srv'...
[5.367s] Compiling '/home/admin/ros2_ws/install/robotnik_common_msgs/local/lib/python3.10/dist-packages/robotnik_common_msgs/srv/__init__.py'...
[5.367s] Compiling '/home/admin/ros2_ws/install/robotnik_common_msgs/local/lib/python3.10/dist-packages/robotnik_common_msgs/srv/_set_bool.py'...
[5.367s] Compiling '/home/admin/ros2_ws/install/robotnik_common_msgs/local/lib/python3.10/dist-packages/robotnik_common_msgs/srv/_set_float32.py'...
[5.367s] Compiling '/home/admin/ros2_ws/install/robotnik_common_msgs/local/lib/python3.10/dist-packages/robotnik_common_msgs/srv/_set_float64.py'...
[5.367s] Compiling '/home/admin/ros2_ws/install/robotnik_common_msgs/local/lib/python3.10/dist-packages/robotnik_common_msgs/srv/_set_int32.py'...
[5.367s] Compiling '/home/admin/ros2_ws/install/robotnik_common_msgs/local/lib/python3.10/dist-packages/robotnik_common_msgs/srv/_set_string.py'...
[5.370s] -- Installing: /home/admin/ros2_ws/install/robotnik_common_msgs/local/lib/python3.10/dist-packages/robotnik_common_msgs/robotnik_common_msgs_s__rosidl_typesupport_fastrtps_c.cpython-310-x86_64-linux-gnu.so
[5.371s] -- Set runtime path of "/home/admin/ros2_ws/install/robotnik_common_msgs/local/lib/python3.10/dist-packages/robotnik_common_msgs/robotnik_common_msgs_s__rosidl_typesupport_fastrtps_c.cpython-310-x86_64-linux-gnu.so" to ""
[5.371s] -- Installing: /home/admin/ros2_ws/install/robotnik_common_msgs/local/lib/python3.10/dist-packages/robotnik_common_msgs/robotnik_common_msgs_s__rosidl_typesupport_introspection_c.cpython-310-x86_64-linux-gnu.so
[5.371s] -- Set runtime path of "/home/admin/ros2_ws/install/robotnik_common_msgs/local/lib/python3.10/dist-packages/robotnik_common_msgs/robotnik_common_msgs_s__rosidl_typesupport_introspection_c.cpython-310-x86_64-linux-gnu.so" to ""
[5.371s] -- Installing: /home/admin/ros2_ws/install/robotnik_common_msgs/local/lib/python3.10/dist-packages/robotnik_common_msgs/robotnik_common_msgs_s__rosidl_typesupport_c.cpython-310-x86_64-linux-gnu.so
[5.371s] -- Set runtime path of "/home/admin/ros2_ws/install/robotnik_common_msgs/local/lib/python3.10/dist-packages/robotnik_common_msgs/robotnik_common_msgs_s__rosidl_typesupport_c.cpython-310-x86_64-linux-gnu.so" to ""
[5.371s] -- Installing: /home/admin/ros2_ws/install/robotnik_common_msgs/lib/librobotnik_common_msgs__rosidl_generator_py.so
[5.371s] -- Set runtime path of "/home/admin/ros2_ws/install/robotnik_common_msgs/lib/librobotnik_common_msgs__rosidl_generator_py.so" to ""
[5.371s] -- Installing: /home/admin/ros2_ws/install/robotnik_common_msgs/share/robotnik_common_msgs/msg/Response.idl
[5.371s] -- Installing: /home/admin/ros2_ws/install/robotnik_common_msgs/share/robotnik_common_msgs/srv/SetBool.idl
[5.371s] -- Installing: /home/admin/ros2_ws/install/robotnik_common_msgs/share/robotnik_common_msgs/srv/SetFloat32.idl
[5.371s] -- Installing: /home/admin/ros2_ws/install/robotnik_common_msgs/share/robotnik_common_msgs/srv/SetFloat64.idl
[5.371s] -- Installing: /home/admin/ros2_ws/install/robotnik_common_msgs/share/robotnik_common_msgs/srv/SetInt32.idl
[5.371s] -- Installing: /home/admin/ros2_ws/install/robotnik_common_msgs/share/robotnik_common_msgs/srv/SetString.idl
[5.371s] -- Installing: /home/admin/ros2_ws/install/robotnik_common_msgs/share/robotnik_common_msgs/msg/Response.msg
[5.371s] -- Installing: /home/admin/ros2_ws/install/robotnik_common_msgs/share/robotnik_common_msgs/srv/SetBool.srv
[5.372s] -- Installing: /home/admin/ros2_ws/install/robotnik_common_msgs/share/robotnik_common_msgs/srv/SetBool_Request.msg
[5.372s] -- Installing: /home/admin/ros2_ws/install/robotnik_common_msgs/share/robotnik_common_msgs/srv/SetBool_Response.msg
[5.372s] -- Installing: /home/admin/ros2_ws/install/robotnik_common_msgs/share/robotnik_common_msgs/srv/SetFloat32.srv
[5.372s] -- Installing: /home/admin/ros2_ws/install/robotnik_common_msgs/share/robotnik_common_msgs/srv/SetFloat32_Request.msg
[5.372s] -- Installing: /home/admin/ros2_ws/install/robotnik_common_msgs/share/robotnik_common_msgs/srv/SetFloat32_Response.msg
[5.372s] -- Installing: /home/admin/ros2_ws/install/robotnik_common_msgs/share/robotnik_common_msgs/srv/SetFloat64.srv
[5.372s] -- Installing: /home/admin/ros2_ws/install/robotnik_common_msgs/share/robotnik_common_msgs/srv/SetFloat64_Request.msg
[5.372s] -- Installing: /home/admin/ros2_ws/install/robotnik_common_msgs/share/robotnik_common_msgs/srv/SetFloat64_Response.msg
[5.372s] -- Installing: /home/admin/ros2_ws/install/robotnik_common_msgs/share/robotnik_common_msgs/srv/SetInt32.srv
[5.372s] -- Installing: /home/admin/ros2_ws/install/robotnik_common_msgs/share/robotnik_common_msgs/srv/SetInt32_Request.msg
[5.372s] -- Installing: /home/admin/ros2_ws/install/robotnik_common_msgs/share/robotnik_common_msgs/srv/SetInt32_Response.msg
[5.372s] -- Installing: /home/admin/ros2_ws/install/robotnik_common_msgs/share/robotnik_common_msgs/srv/SetString.srv
[5.372s] -- Installing: /home/admin/ros2_ws/install/robotnik_common_msgs/share/robotnik_common_msgs/srv/SetString_Request.msg
[5.372s] -- Installing: /home/admin/ros2_ws/install/robotnik_common_msgs/share/robotnik_common_msgs/srv/SetString_Response.msg
[5.372s] -- Installing: /home/admin/ros2_ws/install/robotnik_common_msgs/share/ament_index/resource_index/package_run_dependencies/robotnik_common_msgs
[5.372s] -- Installing: /home/admin/ros2_ws/install/robotnik_common_msgs/share/ament_index/resource_index/parent_prefix_path/robotnik_common_msgs
[5.372s] -- Installing: /home/admin/ros2_ws/install/robotnik_common_msgs/share/robotnik_common_msgs/environment/ament_prefix_path.sh
[5.372s] -- Installing: /home/admin/ros2_ws/install/robotnik_common_msgs/share/robotnik_common_msgs/environment/ament_prefix_path.dsv
[5.372s] -- Installing: /home/admin/ros2_ws/install/robotnik_common_msgs/share/robotnik_common_msgs/environment/path.sh
[5.372s] -- Installing: /home/admin/ros2_ws/install/robotnik_common_msgs/share/robotnik_common_msgs/environment/path.dsv
[5.372s] -- Installing: /home/admin/ros2_ws/install/robotnik_common_msgs/share/robotnik_common_msgs/local_setup.bash
[5.372s] -- Installing: /home/admin/ros2_ws/install/robotnik_common_msgs/share/robotnik_common_msgs/local_setup.sh
[5.372s] -- Installing: /home/admin/ros2_ws/install/robotnik_common_msgs/share/robotnik_common_msgs/local_setup.zsh
[5.373s] -- Installing: /home/admin/ros2_ws/install/robotnik_common_msgs/share/robotnik_common_msgs/local_setup.dsv
[5.373s] -- Installing: /home/admin/ros2_ws/install/robotnik_common_msgs/share/robotnik_common_msgs/package.dsv
[5.373s] -- Installing: /home/admin/ros2_ws/install/robotnik_common_msgs/share/ament_index/resource_index/packages/robotnik_common_msgs
[5.373s] -- Installing: /home/admin/ros2_ws/install/robotnik_common_msgs/share/robotnik_common_msgs/cmake/export_robotnik_common_msgs__rosidl_generator_cExport.cmake
[5.373s] -- Installing: /home/admin/ros2_ws/install/robotnik_common_msgs/share/robotnik_common_msgs/cmake/export_robotnik_common_msgs__rosidl_generator_cExport-noconfig.cmake
[5.373s] -- Installing: /home/admin/ros2_ws/install/robotnik_common_msgs/share/robotnik_common_msgs/cmake/export_robotnik_common_msgs__rosidl_typesupport_fastrtps_cExport.cmake
[5.373s] -- Installing: /home/admin/ros2_ws/install/robotnik_common_msgs/share/robotnik_common_msgs/cmake/export_robotnik_common_msgs__rosidl_typesupport_fastrtps_cExport-noconfig.cmake
[5.373s] -- Installing: /home/admin/ros2_ws/install/robotnik_common_msgs/share/robotnik_common_msgs/cmake/export_robotnik_common_msgs__rosidl_generator_cppExport.cmake
[5.373s] -- Installing: /home/admin/ros2_ws/install/robotnik_common_msgs/share/robotnik_common_msgs/cmake/export_robotnik_common_msgs__rosidl_typesupport_fastrtps_cppExport.cmake
[5.373s] -- Installing: /home/admin/ros2_ws/install/robotnik_common_msgs/share/robotnik_common_msgs/cmake/export_robotnik_common_msgs__rosidl_typesupport_fastrtps_cppExport-noconfig.cmake
[5.373s] -- Installing: /home/admin/ros2_ws/install/robotnik_common_msgs/share/robotnik_common_msgs/cmake/robotnik_common_msgs__rosidl_typesupport_introspection_cExport.cmake
[5.373s] -- Installing: /home/admin/ros2_ws/install/robotnik_common_msgs/share/robotnik_common_msgs/cmake/robotnik_common_msgs__rosidl_typesupport_introspection_cExport-noconfig.cmake
[5.373s] -- Installing: /home/admin/ros2_ws/install/robotnik_common_msgs/share/robotnik_common_msgs/cmake/robotnik_common_msgs__rosidl_typesupport_cExport.cmake
[5.373s] -- Installing: /home/admin/ros2_ws/install/robotnik_common_msgs/share/robotnik_common_msgs/cmake/robotnik_common_msgs__rosidl_typesupport_cExport-noconfig.cmake
[5.373s] -- Installing: /home/admin/ros2_ws/install/robotnik_common_msgs/share/robotnik_common_msgs/cmake/robotnik_common_msgs__rosidl_typesupport_introspection_cppExport.cmake
[5.373s] -- Installing: /home/admin/ros2_ws/install/robotnik_common_msgs/share/robotnik_common_msgs/cmake/robotnik_common_msgs__rosidl_typesupport_introspection_cppExport-noconfig.cmake
[5.373s] -- Installing: /home/admin/ros2_ws/install/robotnik_common_msgs/share/robotnik_common_msgs/cmake/robotnik_common_msgs__rosidl_typesupport_cppExport.cmake
[5.373s] -- Installing: /home/admin/ros2_ws/install/robotnik_common_msgs/share/robotnik_common_msgs/cmake/robotnik_common_msgs__rosidl_typesupport_cppExport-noconfig.cmake
[5.373s] -- Installing: /home/admin/ros2_ws/install/robotnik_common_msgs/share/robotnik_common_msgs/cmake/export_robotnik_common_msgs__rosidl_generator_pyExport.cmake
[5.373s] -- Installing: /home/admin/ros2_ws/install/robotnik_common_msgs/share/robotnik_common_msgs/cmake/export_robotnik_common_msgs__rosidl_generator_pyExport-noconfig.cmake
[5.373s] -- Installing: /home/admin/ros2_ws/install/robotnik_common_msgs/share/robotnik_common_msgs/cmake/rosidl_cmake-extras.cmake
[5.373s] -- Installing: /home/admin/ros2_ws/install/robotnik_common_msgs/share/robotnik_common_msgs/cmake/ament_cmake_export_dependencies-extras.cmake
[5.374s] -- Installing: /home/admin/ros2_ws/install/robotnik_common_msgs/share/robotnik_common_msgs/cmake/ament_cmake_export_include_directories-extras.cmake
[5.374s] -- Installing: /home/admin/ros2_ws/install/robotnik_common_msgs/share/robotnik_common_msgs/cmake/ament_cmake_export_libraries-extras.cmake
[5.374s] -- Installing: /home/admin/ros2_ws/install/robotnik_common_msgs/share/robotnik_common_msgs/cmake/ament_cmake_export_targets-extras.cmake
[5.374s] -- Installing: /home/admin/ros2_ws/install/robotnik_common_msgs/share/robotnik_common_msgs/cmake/rosidl_cmake_export_typesupport_targets-extras.cmake
[5.374s] -- Installing: /home/admin/ros2_ws/install/robotnik_common_msgs/share/robotnik_common_msgs/cmake/rosidl_cmake_export_typesupport_libraries-extras.cmake
[5.374s] -- Installing: /home/admin/ros2_ws/install/robotnik_common_msgs/share/robotnik_common_msgs/cmake/robotnik_common_msgsConfig.cmake
[5.374s] -- Installing: /home/admin/ros2_ws/install/robotnik_common_msgs/share/robotnik_common_msgs/cmake/robotnik_common_msgsConfig-version.cmake
[5.374s] -- Installing: /home/admin/ros2_ws/install/robotnik_common_msgs/share/robotnik_common_msgs/package.xml
[5.376s] Invoked command in '/home/admin/ros2_ws/build/robotnik_common_msgs' returned '0': CMAKE_PREFIX_PATH=${CMAKE_PREFIX_PATH}:/home/admin/ros2_ws/install/robotnik_safety_msgs:/home/admin/ros2_ws/install/rbvogui_cartographer:/opt/ros/humble /usr/bin/cmake --install /home/admin/ros2_ws/build/robotnik_common_msgs
