[35m[1mConsolidate compiler generated dependencies of target robotnik_common_msgs__rosidl_generator_c[0m
[  1%] Built target robotnik_common_msgs__cpp
[ 12%] Built target robotnik_common_msgs__rosidl_generator_c
[35m[1mConsolidate compiler generated dependencies of target robotnik_common_msgs__rosidl_typesupport_cpp[0m
[35m[1mConsolidate compiler generated dependencies of target robotnik_common_msgs__rosidl_typesupport_introspection_cpp[0m
[35m[1mConsolidate compiler generated dependencies of target robotnik_common_msgs__rosidl_typesupport_fastrtps_cpp[0m
[35m[1mConsolidate compiler generated dependencies of target robotnik_common_msgs__rosidl_typesupport_introspection_c[0m
[ 12%] Built target ament_cmake_python_copy_robotnik_common_msgs
[35m[1mConsolidate compiler generated dependencies of target robotnik_common_msgs__rosidl_typesupport_c[0m
[35m[1mConsolidate compiler generated dependencies of target robotnik_common_msgs__rosidl_typesupport_fastrtps_c[0m
[ 23%] Built target robotnik_common_msgs__rosidl_typesupport_introspection_cpp
[ 35%] Built target robotnik_common_msgs__rosidl_typesupport_introspection_c
[ 50%] Built target robotnik_common_msgs__rosidl_typesupport_cpp
[ 57%] Built target robotnik_common_msgs__rosidl_typesupport_c
[ 69%] Built target robotnik_common_msgs__rosidl_typesupport_fastrtps_cpp
[ 80%] Built target robotnik_common_msgs__rosidl_typesupport_fastrtps_c
[ 80%] Built target robotnik_common_msgs
[ 81%] Built target robotnik_common_msgs__py
[35m[1mConsolidate compiler generated dependencies of target robotnik_common_msgs__rosidl_generator_py[0m
[ 91%] Built target robotnik_common_msgs__rosidl_generator_py
[35m[1mConsolidate compiler generated dependencies of target robotnik_common_msgs__rosidl_typesupport_fastrtps_c__pyext[0m
[35m[1mConsolidate compiler generated dependencies of target robotnik_common_msgs__rosidl_typesupport_c__pyext[0m
[35m[1mConsolidate compiler generated dependencies of target robotnik_common_msgs__rosidl_typesupport_introspection_c__pyext[0m
[ 94%] Built target robotnik_common_msgs__rosidl_typesupport_fastrtps_c__pyext
[ 97%] Built target robotnik_common_msgs__rosidl_typesupport_c__pyext
[100%] Built target robotnik_common_msgs__rosidl_typesupport_introspection_c__pyext
running egg_info
writing robotnik_common_msgs.egg-info/PKG-INFO
writing dependency_links to robotnik_common_msgs.egg-info/dependency_links.txt
writing top-level names to robotnik_common_msgs.egg-info/top_level.txt
reading manifest file 'robotnik_common_msgs.egg-info/SOURCES.txt'
writing manifest file 'robotnik_common_msgs.egg-info/SOURCES.txt'
[100%] Built target ament_cmake_python_build_robotnik_common_msgs_egg
-- Install configuration: ""
-- Up-to-date: /home/admin/ros2_ws/install/robotnik_common_msgs/share/ament_index/resource_index/rosidl_interfaces/robotnik_common_msgs
-- Up-to-date: /home/admin/ros2_ws/install/robotnik_common_msgs/include/robotnik_common_msgs/robotnik_common_msgs
-- Up-to-date: /home/admin/ros2_ws/install/robotnik_common_msgs/include/robotnik_common_msgs/robotnik_common_msgs/srv
-- Up-to-date: /home/admin/ros2_ws/install/robotnik_common_msgs/include/robotnik_common_msgs/robotnik_common_msgs/srv/detail
-- Up-to-date: /home/admin/ros2_ws/install/robotnik_common_msgs/include/robotnik_common_msgs/robotnik_common_msgs/srv/detail/set_float32__struct.h
-- Up-to-date: /home/admin/ros2_ws/install/robotnik_common_msgs/include/robotnik_common_msgs/robotnik_common_msgs/srv/detail/set_float32__functions.c
-- Up-to-date: /home/admin/ros2_ws/install/robotnik_common_msgs/include/robotnik_common_msgs/robotnik_common_msgs/srv/detail/set_string__struct.h
-- Up-to-date: /home/admin/ros2_ws/install/robotnik_common_msgs/include/robotnik_common_msgs/robotnik_common_msgs/srv/detail/set_string__functions.h
-- Up-to-date: /home/admin/ros2_ws/install/robotnik_common_msgs/include/robotnik_common_msgs/robotnik_common_msgs/srv/detail/set_bool__functions.c
-- Up-to-date: /home/admin/ros2_ws/install/robotnik_common_msgs/include/robotnik_common_msgs/robotnik_common_msgs/srv/detail/set_float64__struct.h
-- Up-to-date: /home/admin/ros2_ws/install/robotnik_common_msgs/include/robotnik_common_msgs/robotnik_common_msgs/srv/detail/set_float32__functions.h
-- Up-to-date: /home/admin/ros2_ws/install/robotnik_common_msgs/include/robotnik_common_msgs/robotnik_common_msgs/srv/detail/set_float64__functions.h
-- Up-to-date: /home/admin/ros2_ws/install/robotnik_common_msgs/include/robotnik_common_msgs/robotnik_common_msgs/srv/detail/set_string__functions.c
-- Up-to-date: /home/admin/ros2_ws/install/robotnik_common_msgs/include/robotnik_common_msgs/robotnik_common_msgs/srv/detail/set_float32__type_support.h
-- Up-to-date: /home/admin/ros2_ws/install/robotnik_common_msgs/include/robotnik_common_msgs/robotnik_common_msgs/srv/detail/set_string__type_support.h
-- Up-to-date: /home/admin/ros2_ws/install/robotnik_common_msgs/include/robotnik_common_msgs/robotnik_common_msgs/srv/detail/set_float64__functions.c
-- Up-to-date: /home/admin/ros2_ws/install/robotnik_common_msgs/include/robotnik_common_msgs/robotnik_common_msgs/srv/detail/set_int32__struct.h
-- Up-to-date: /home/admin/ros2_ws/install/robotnik_common_msgs/include/robotnik_common_msgs/robotnik_common_msgs/srv/detail/set_int32__type_support.h
-- Up-to-date: /home/admin/ros2_ws/install/robotnik_common_msgs/include/robotnik_common_msgs/robotnik_common_msgs/srv/detail/set_bool__functions.h
-- Up-to-date: /home/admin/ros2_ws/install/robotnik_common_msgs/include/robotnik_common_msgs/robotnik_common_msgs/srv/detail/set_int32__functions.c
-- Up-to-date: /home/admin/ros2_ws/install/robotnik_common_msgs/include/robotnik_common_msgs/robotnik_common_msgs/srv/detail/set_int32__functions.h
-- Up-to-date: /home/admin/ros2_ws/install/robotnik_common_msgs/include/robotnik_common_msgs/robotnik_common_msgs/srv/detail/set_float64__type_support.h
-- Up-to-date: /home/admin/ros2_ws/install/robotnik_common_msgs/include/robotnik_common_msgs/robotnik_common_msgs/srv/detail/set_bool__type_support.h
-- Up-to-date: /home/admin/ros2_ws/install/robotnik_common_msgs/include/robotnik_common_msgs/robotnik_common_msgs/srv/detail/set_bool__struct.h
-- Up-to-date: /home/admin/ros2_ws/install/robotnik_common_msgs/include/robotnik_common_msgs/robotnik_common_msgs/srv/set_int32.h
-- Up-to-date: /home/admin/ros2_ws/install/robotnik_common_msgs/include/robotnik_common_msgs/robotnik_common_msgs/srv/set_string.h
-- Up-to-date: /home/admin/ros2_ws/install/robotnik_common_msgs/include/robotnik_common_msgs/robotnik_common_msgs/srv/set_float64.h
-- Up-to-date: /home/admin/ros2_ws/install/robotnik_common_msgs/include/robotnik_common_msgs/robotnik_common_msgs/srv/set_bool.h
-- Up-to-date: /home/admin/ros2_ws/install/robotnik_common_msgs/include/robotnik_common_msgs/robotnik_common_msgs/srv/set_float32.h
-- Up-to-date: /home/admin/ros2_ws/install/robotnik_common_msgs/include/robotnik_common_msgs/robotnik_common_msgs/msg
-- Up-to-date: /home/admin/ros2_ws/install/robotnik_common_msgs/include/robotnik_common_msgs/robotnik_common_msgs/msg/rosidl_generator_c__visibility_control.h
-- Up-to-date: /home/admin/ros2_ws/install/robotnik_common_msgs/include/robotnik_common_msgs/robotnik_common_msgs/msg/detail
-- Up-to-date: /home/admin/ros2_ws/install/robotnik_common_msgs/include/robotnik_common_msgs/robotnik_common_msgs/msg/detail/response__type_support.h
-- Up-to-date: /home/admin/ros2_ws/install/robotnik_common_msgs/include/robotnik_common_msgs/robotnik_common_msgs/msg/detail/response__struct.h
-- Up-to-date: /home/admin/ros2_ws/install/robotnik_common_msgs/include/robotnik_common_msgs/robotnik_common_msgs/msg/detail/response__functions.h
-- Up-to-date: /home/admin/ros2_ws/install/robotnik_common_msgs/include/robotnik_common_msgs/robotnik_common_msgs/msg/detail/response__functions.c
-- Up-to-date: /home/admin/ros2_ws/install/robotnik_common_msgs/include/robotnik_common_msgs/robotnik_common_msgs/msg/response.h
-- Up-to-date: /home/admin/ros2_ws/install/robotnik_common_msgs/share/robotnik_common_msgs/environment/library_path.sh
-- Up-to-date: /home/admin/ros2_ws/install/robotnik_common_msgs/share/robotnik_common_msgs/environment/library_path.dsv
-- Up-to-date: /home/admin/ros2_ws/install/robotnik_common_msgs/lib/librobotnik_common_msgs__rosidl_generator_c.so
-- Up-to-date: /home/admin/ros2_ws/install/robotnik_common_msgs/include/robotnik_common_msgs/robotnik_common_msgs
-- Up-to-date: /home/admin/ros2_ws/install/robotnik_common_msgs/include/robotnik_common_msgs/robotnik_common_msgs/srv
-- Up-to-date: /home/admin/ros2_ws/install/robotnik_common_msgs/include/robotnik_common_msgs/robotnik_common_msgs/srv/detail
-- Up-to-date: /home/admin/ros2_ws/install/robotnik_common_msgs/include/robotnik_common_msgs/robotnik_common_msgs/srv/detail/set_string__rosidl_typesupport_fastrtps_c.h
-- Up-to-date: /home/admin/ros2_ws/install/robotnik_common_msgs/include/robotnik_common_msgs/robotnik_common_msgs/srv/detail/set_int32__rosidl_typesupport_fastrtps_c.h
-- Up-to-date: /home/admin/ros2_ws/install/robotnik_common_msgs/include/robotnik_common_msgs/robotnik_common_msgs/srv/detail/set_float64__rosidl_typesupport_fastrtps_c.h
-- Up-to-date: /home/admin/ros2_ws/install/robotnik_common_msgs/include/robotnik_common_msgs/robotnik_common_msgs/srv/detail/set_bool__rosidl_typesupport_fastrtps_c.h
-- Up-to-date: /home/admin/ros2_ws/install/robotnik_common_msgs/include/robotnik_common_msgs/robotnik_common_msgs/srv/detail/set_float32__rosidl_typesupport_fastrtps_c.h
-- Up-to-date: /home/admin/ros2_ws/install/robotnik_common_msgs/include/robotnik_common_msgs/robotnik_common_msgs/msg
-- Up-to-date: /home/admin/ros2_ws/install/robotnik_common_msgs/include/robotnik_common_msgs/robotnik_common_msgs/msg/rosidl_typesupport_fastrtps_c__visibility_control.h
-- Up-to-date: /home/admin/ros2_ws/install/robotnik_common_msgs/include/robotnik_common_msgs/robotnik_common_msgs/msg/detail
-- Up-to-date: /home/admin/ros2_ws/install/robotnik_common_msgs/include/robotnik_common_msgs/robotnik_common_msgs/msg/detail/response__rosidl_typesupport_fastrtps_c.h
-- Up-to-date: /home/admin/ros2_ws/install/robotnik_common_msgs/lib/librobotnik_common_msgs__rosidl_typesupport_fastrtps_c.so
-- Up-to-date: /home/admin/ros2_ws/install/robotnik_common_msgs/include/robotnik_common_msgs/robotnik_common_msgs
-- Up-to-date: /home/admin/ros2_ws/install/robotnik_common_msgs/include/robotnik_common_msgs/robotnik_common_msgs/srv
-- Up-to-date: /home/admin/ros2_ws/install/robotnik_common_msgs/include/robotnik_common_msgs/robotnik_common_msgs/srv/set_string.hpp
-- Up-to-date: /home/admin/ros2_ws/install/robotnik_common_msgs/include/robotnik_common_msgs/robotnik_common_msgs/srv/detail
-- Up-to-date: /home/admin/ros2_ws/install/robotnik_common_msgs/include/robotnik_common_msgs/robotnik_common_msgs/srv/detail/set_int32__type_support.hpp
-- Up-to-date: /home/admin/ros2_ws/install/robotnik_common_msgs/include/robotnik_common_msgs/robotnik_common_msgs/srv/detail/set_int32__struct.hpp
-- Up-to-date: /home/admin/ros2_ws/install/robotnik_common_msgs/include/robotnik_common_msgs/robotnik_common_msgs/srv/detail/set_float64__traits.hpp
-- Up-to-date: /home/admin/ros2_ws/install/robotnik_common_msgs/include/robotnik_common_msgs/robotnik_common_msgs/srv/detail/set_float32__struct.hpp
-- Up-to-date: /home/admin/ros2_ws/install/robotnik_common_msgs/include/robotnik_common_msgs/robotnik_common_msgs/srv/detail/set_float32__type_support.hpp
-- Up-to-date: /home/admin/ros2_ws/install/robotnik_common_msgs/include/robotnik_common_msgs/robotnik_common_msgs/srv/detail/set_bool__type_support.hpp
-- Up-to-date: /home/admin/ros2_ws/install/robotnik_common_msgs/include/robotnik_common_msgs/robotnik_common_msgs/srv/detail/set_bool__builder.hpp
-- Up-to-date: /home/admin/ros2_ws/install/robotnik_common_msgs/include/robotnik_common_msgs/robotnik_common_msgs/srv/detail/set_bool__traits.hpp
-- Up-to-date: /home/admin/ros2_ws/install/robotnik_common_msgs/include/robotnik_common_msgs/robotnik_common_msgs/srv/detail/set_float64__struct.hpp
-- Up-to-date: /home/admin/ros2_ws/install/robotnik_common_msgs/include/robotnik_common_msgs/robotnik_common_msgs/srv/detail/set_float32__builder.hpp
-- Up-to-date: /home/admin/ros2_ws/install/robotnik_common_msgs/include/robotnik_common_msgs/robotnik_common_msgs/srv/detail/set_float64__builder.hpp
-- Up-to-date: /home/admin/ros2_ws/install/robotnik_common_msgs/include/robotnik_common_msgs/robotnik_common_msgs/srv/detail/set_int32__builder.hpp
-- Up-to-date: /home/admin/ros2_ws/install/robotnik_common_msgs/include/robotnik_common_msgs/robotnik_common_msgs/srv/detail/set_string__type_support.hpp
-- Up-to-date: /home/admin/ros2_ws/install/robotnik_common_msgs/include/robotnik_common_msgs/robotnik_common_msgs/srv/detail/set_bool__struct.hpp
-- Up-to-date: /home/admin/ros2_ws/install/robotnik_common_msgs/include/robotnik_common_msgs/robotnik_common_msgs/srv/detail/set_float32__traits.hpp
-- Up-to-date: /home/admin/ros2_ws/install/robotnik_common_msgs/include/robotnik_common_msgs/robotnik_common_msgs/srv/detail/set_string__traits.hpp
-- Up-to-date: /home/admin/ros2_ws/install/robotnik_common_msgs/include/robotnik_common_msgs/robotnik_common_msgs/srv/detail/set_string__struct.hpp
-- Up-to-date: /home/admin/ros2_ws/install/robotnik_common_msgs/include/robotnik_common_msgs/robotnik_common_msgs/srv/detail/set_float64__type_support.hpp
-- Up-to-date: /home/admin/ros2_ws/install/robotnik_common_msgs/include/robotnik_common_msgs/robotnik_common_msgs/srv/detail/set_string__builder.hpp
-- Up-to-date: /home/admin/ros2_ws/install/robotnik_common_msgs/include/robotnik_common_msgs/robotnik_common_msgs/srv/detail/set_int32__traits.hpp
-- Up-to-date: /home/admin/ros2_ws/install/robotnik_common_msgs/include/robotnik_common_msgs/robotnik_common_msgs/srv/set_int32.hpp
-- Up-to-date: /home/admin/ros2_ws/install/robotnik_common_msgs/include/robotnik_common_msgs/robotnik_common_msgs/srv/set_float32.hpp
-- Up-to-date: /home/admin/ros2_ws/install/robotnik_common_msgs/include/robotnik_common_msgs/robotnik_common_msgs/srv/set_float64.hpp
-- Up-to-date: /home/admin/ros2_ws/install/robotnik_common_msgs/include/robotnik_common_msgs/robotnik_common_msgs/srv/set_bool.hpp
-- Up-to-date: /home/admin/ros2_ws/install/robotnik_common_msgs/include/robotnik_common_msgs/robotnik_common_msgs/msg
-- Up-to-date: /home/admin/ros2_ws/install/robotnik_common_msgs/include/robotnik_common_msgs/robotnik_common_msgs/msg/rosidl_generator_cpp__visibility_control.hpp
-- Up-to-date: /home/admin/ros2_ws/install/robotnik_common_msgs/include/robotnik_common_msgs/robotnik_common_msgs/msg/detail
-- Up-to-date: /home/admin/ros2_ws/install/robotnik_common_msgs/include/robotnik_common_msgs/robotnik_common_msgs/msg/detail/response__type_support.hpp
-- Up-to-date: /home/admin/ros2_ws/install/robotnik_common_msgs/include/robotnik_common_msgs/robotnik_common_msgs/msg/detail/response__struct.hpp
-- Up-to-date: /home/admin/ros2_ws/install/robotnik_common_msgs/include/robotnik_common_msgs/robotnik_common_msgs/msg/detail/response__traits.hpp
-- Up-to-date: /home/admin/ros2_ws/install/robotnik_common_msgs/include/robotnik_common_msgs/robotnik_common_msgs/msg/detail/response__builder.hpp
-- Up-to-date: /home/admin/ros2_ws/install/robotnik_common_msgs/include/robotnik_common_msgs/robotnik_common_msgs/msg/response.hpp
-- Up-to-date: /home/admin/ros2_ws/install/robotnik_common_msgs/include/robotnik_common_msgs/robotnik_common_msgs
-- Up-to-date: /home/admin/ros2_ws/install/robotnik_common_msgs/include/robotnik_common_msgs/robotnik_common_msgs/srv
-- Up-to-date: /home/admin/ros2_ws/install/robotnik_common_msgs/include/robotnik_common_msgs/robotnik_common_msgs/srv/detail
-- Up-to-date: /home/admin/ros2_ws/install/robotnik_common_msgs/include/robotnik_common_msgs/robotnik_common_msgs/srv/detail/set_bool__rosidl_typesupport_fastrtps_cpp.hpp
-- Up-to-date: /home/admin/ros2_ws/install/robotnik_common_msgs/include/robotnik_common_msgs/robotnik_common_msgs/srv/detail/set_float32__rosidl_typesupport_fastrtps_cpp.hpp
-- Up-to-date: /home/admin/ros2_ws/install/robotnik_common_msgs/include/robotnik_common_msgs/robotnik_common_msgs/srv/detail/dds_fastrtps
-- Up-to-date: /home/admin/ros2_ws/install/robotnik_common_msgs/include/robotnik_common_msgs/robotnik_common_msgs/srv/detail/set_string__rosidl_typesupport_fastrtps_cpp.hpp
-- Up-to-date: /home/admin/ros2_ws/install/robotnik_common_msgs/include/robotnik_common_msgs/robotnik_common_msgs/srv/detail/set_float64__rosidl_typesupport_fastrtps_cpp.hpp
-- Up-to-date: /home/admin/ros2_ws/install/robotnik_common_msgs/include/robotnik_common_msgs/robotnik_common_msgs/srv/detail/set_int32__rosidl_typesupport_fastrtps_cpp.hpp
-- Up-to-date: /home/admin/ros2_ws/install/robotnik_common_msgs/include/robotnik_common_msgs/robotnik_common_msgs/msg
-- Up-to-date: /home/admin/ros2_ws/install/robotnik_common_msgs/include/robotnik_common_msgs/robotnik_common_msgs/msg/rosidl_typesupport_fastrtps_cpp__visibility_control.h
-- Up-to-date: /home/admin/ros2_ws/install/robotnik_common_msgs/include/robotnik_common_msgs/robotnik_common_msgs/msg/detail
-- Up-to-date: /home/admin/ros2_ws/install/robotnik_common_msgs/include/robotnik_common_msgs/robotnik_common_msgs/msg/detail/response__rosidl_typesupport_fastrtps_cpp.hpp
-- Up-to-date: /home/admin/ros2_ws/install/robotnik_common_msgs/include/robotnik_common_msgs/robotnik_common_msgs/msg/detail/dds_fastrtps
-- Up-to-date: /home/admin/ros2_ws/install/robotnik_common_msgs/lib/librobotnik_common_msgs__rosidl_typesupport_fastrtps_cpp.so
-- Up-to-date: /home/admin/ros2_ws/install/robotnik_common_msgs/include/robotnik_common_msgs/robotnik_common_msgs
-- Up-to-date: /home/admin/ros2_ws/install/robotnik_common_msgs/include/robotnik_common_msgs/robotnik_common_msgs/srv
-- Up-to-date: /home/admin/ros2_ws/install/robotnik_common_msgs/include/robotnik_common_msgs/robotnik_common_msgs/srv/detail
-- Up-to-date: /home/admin/ros2_ws/install/robotnik_common_msgs/include/robotnik_common_msgs/robotnik_common_msgs/srv/detail/set_int32__rosidl_typesupport_introspection_c.h
-- Up-to-date: /home/admin/ros2_ws/install/robotnik_common_msgs/include/robotnik_common_msgs/robotnik_common_msgs/srv/detail/set_string__rosidl_typesupport_introspection_c.h
-- Up-to-date: /home/admin/ros2_ws/install/robotnik_common_msgs/include/robotnik_common_msgs/robotnik_common_msgs/srv/detail/set_int32__type_support.c
-- Up-to-date: /home/admin/ros2_ws/install/robotnik_common_msgs/include/robotnik_common_msgs/robotnik_common_msgs/srv/detail/set_float32__type_support.c
-- Up-to-date: /home/admin/ros2_ws/install/robotnik_common_msgs/include/robotnik_common_msgs/robotnik_common_msgs/srv/detail/set_float32__rosidl_typesupport_introspection_c.h
-- Up-to-date: /home/admin/ros2_ws/install/robotnik_common_msgs/include/robotnik_common_msgs/robotnik_common_msgs/srv/detail/set_bool__type_support.c
-- Up-to-date: /home/admin/ros2_ws/install/robotnik_common_msgs/include/robotnik_common_msgs/robotnik_common_msgs/srv/detail/set_string__type_support.c
-- Up-to-date: /home/admin/ros2_ws/install/robotnik_common_msgs/include/robotnik_common_msgs/robotnik_common_msgs/srv/detail/set_bool__rosidl_typesupport_introspection_c.h
-- Up-to-date: /home/admin/ros2_ws/install/robotnik_common_msgs/include/robotnik_common_msgs/robotnik_common_msgs/srv/detail/set_float64__rosidl_typesupport_introspection_c.h
-- Up-to-date: /home/admin/ros2_ws/install/robotnik_common_msgs/include/robotnik_common_msgs/robotnik_common_msgs/srv/detail/set_float64__type_support.c
-- Up-to-date: /home/admin/ros2_ws/install/robotnik_common_msgs/include/robotnik_common_msgs/robotnik_common_msgs/msg
-- Up-to-date: /home/admin/ros2_ws/install/robotnik_common_msgs/include/robotnik_common_msgs/robotnik_common_msgs/msg/detail
-- Up-to-date: /home/admin/ros2_ws/install/robotnik_common_msgs/include/robotnik_common_msgs/robotnik_common_msgs/msg/detail/response__type_support.c
-- Up-to-date: /home/admin/ros2_ws/install/robotnik_common_msgs/include/robotnik_common_msgs/robotnik_common_msgs/msg/detail/response__rosidl_typesupport_introspection_c.h
-- Up-to-date: /home/admin/ros2_ws/install/robotnik_common_msgs/include/robotnik_common_msgs/robotnik_common_msgs/msg/rosidl_typesupport_introspection_c__visibility_control.h
-- Up-to-date: /home/admin/ros2_ws/install/robotnik_common_msgs/lib/librobotnik_common_msgs__rosidl_typesupport_introspection_c.so
-- Up-to-date: /home/admin/ros2_ws/install/robotnik_common_msgs/lib/librobotnik_common_msgs__rosidl_typesupport_c.so
-- Up-to-date: /home/admin/ros2_ws/install/robotnik_common_msgs/include/robotnik_common_msgs/robotnik_common_msgs
-- Up-to-date: /home/admin/ros2_ws/install/robotnik_common_msgs/include/robotnik_common_msgs/robotnik_common_msgs/srv
-- Up-to-date: /home/admin/ros2_ws/install/robotnik_common_msgs/include/robotnik_common_msgs/robotnik_common_msgs/srv/detail
-- Up-to-date: /home/admin/ros2_ws/install/robotnik_common_msgs/include/robotnik_common_msgs/robotnik_common_msgs/srv/detail/set_string__rosidl_typesupport_introspection_cpp.hpp
-- Up-to-date: /home/admin/ros2_ws/install/robotnik_common_msgs/include/robotnik_common_msgs/robotnik_common_msgs/srv/detail/set_int32__type_support.cpp
-- Up-to-date: /home/admin/ros2_ws/install/robotnik_common_msgs/include/robotnik_common_msgs/robotnik_common_msgs/srv/detail/set_bool__rosidl_typesupport_introspection_cpp.hpp
-- Up-to-date: /home/admin/ros2_ws/install/robotnik_common_msgs/include/robotnik_common_msgs/robotnik_common_msgs/srv/detail/set_float64__rosidl_typesupport_introspection_cpp.hpp
-- Up-to-date: /home/admin/ros2_ws/install/robotnik_common_msgs/include/robotnik_common_msgs/robotnik_common_msgs/srv/detail/set_bool__type_support.cpp
-- Up-to-date: /home/admin/ros2_ws/install/robotnik_common_msgs/include/robotnik_common_msgs/robotnik_common_msgs/srv/detail/set_float64__type_support.cpp
-- Up-to-date: /home/admin/ros2_ws/install/robotnik_common_msgs/include/robotnik_common_msgs/robotnik_common_msgs/srv/detail/set_string__type_support.cpp
-- Up-to-date: /home/admin/ros2_ws/install/robotnik_common_msgs/include/robotnik_common_msgs/robotnik_common_msgs/srv/detail/set_float32__type_support.cpp
-- Up-to-date: /home/admin/ros2_ws/install/robotnik_common_msgs/include/robotnik_common_msgs/robotnik_common_msgs/srv/detail/set_int32__rosidl_typesupport_introspection_cpp.hpp
-- Up-to-date: /home/admin/ros2_ws/install/robotnik_common_msgs/include/robotnik_common_msgs/robotnik_common_msgs/srv/detail/set_float32__rosidl_typesupport_introspection_cpp.hpp
-- Up-to-date: /home/admin/ros2_ws/install/robotnik_common_msgs/include/robotnik_common_msgs/robotnik_common_msgs/msg
-- Up-to-date: /home/admin/ros2_ws/install/robotnik_common_msgs/include/robotnik_common_msgs/robotnik_common_msgs/msg/detail
-- Up-to-date: /home/admin/ros2_ws/install/robotnik_common_msgs/include/robotnik_common_msgs/robotnik_common_msgs/msg/detail/response__type_support.cpp
-- Up-to-date: /home/admin/ros2_ws/install/robotnik_common_msgs/include/robotnik_common_msgs/robotnik_common_msgs/msg/detail/response__rosidl_typesupport_introspection_cpp.hpp
-- Up-to-date: /home/admin/ros2_ws/install/robotnik_common_msgs/lib/librobotnik_common_msgs__rosidl_typesupport_introspection_cpp.so
-- Up-to-date: /home/admin/ros2_ws/install/robotnik_common_msgs/lib/librobotnik_common_msgs__rosidl_typesupport_cpp.so
-- Up-to-date: /home/admin/ros2_ws/install/robotnik_common_msgs/share/robotnik_common_msgs/environment/pythonpath.sh
-- Up-to-date: /home/admin/ros2_ws/install/robotnik_common_msgs/share/robotnik_common_msgs/environment/pythonpath.dsv
-- Up-to-date: /home/admin/ros2_ws/install/robotnik_common_msgs/local/lib/python3.10/dist-packages/robotnik_common_msgs-1.0.0-py3.10.egg-info
-- Installing: /home/admin/ros2_ws/install/robotnik_common_msgs/local/lib/python3.10/dist-packages/robotnik_common_msgs-1.0.0-py3.10.egg-info/PKG-INFO
-- Installing: /home/admin/ros2_ws/install/robotnik_common_msgs/local/lib/python3.10/dist-packages/robotnik_common_msgs-1.0.0-py3.10.egg-info/SOURCES.txt
-- Installing: /home/admin/ros2_ws/install/robotnik_common_msgs/local/lib/python3.10/dist-packages/robotnik_common_msgs-1.0.0-py3.10.egg-info/dependency_links.txt
-- Installing: /home/admin/ros2_ws/install/robotnik_common_msgs/local/lib/python3.10/dist-packages/robotnik_common_msgs-1.0.0-py3.10.egg-info/top_level.txt
-- Up-to-date: /home/admin/ros2_ws/install/robotnik_common_msgs/local/lib/python3.10/dist-packages/robotnik_common_msgs
-- Up-to-date: /home/admin/ros2_ws/install/robotnik_common_msgs/local/lib/python3.10/dist-packages/robotnik_common_msgs/_robotnik_common_msgs_s.ep.rosidl_typesupport_fastrtps_c.c
-- Up-to-date: /home/admin/ros2_ws/install/robotnik_common_msgs/local/lib/python3.10/dist-packages/robotnik_common_msgs/librobotnik_common_msgs__rosidl_generator_py.so
-- Up-to-date: /home/admin/ros2_ws/install/robotnik_common_msgs/local/lib/python3.10/dist-packages/robotnik_common_msgs/robotnik_common_msgs_s__rosidl_typesupport_c.cpython-310-x86_64-linux-gnu.so
-- Up-to-date: /home/admin/ros2_ws/install/robotnik_common_msgs/local/lib/python3.10/dist-packages/robotnik_common_msgs/robotnik_common_msgs_s__rosidl_typesupport_introspection_c.cpython-310-x86_64-linux-gnu.so
-- Up-to-date: /home/admin/ros2_ws/install/robotnik_common_msgs/local/lib/python3.10/dist-packages/robotnik_common_msgs/__init__.py
-- Up-to-date: /home/admin/ros2_ws/install/robotnik_common_msgs/local/lib/python3.10/dist-packages/robotnik_common_msgs/robotnik_common_msgs_s__rosidl_typesupport_fastrtps_c.cpython-310-x86_64-linux-gnu.so
-- Up-to-date: /home/admin/ros2_ws/install/robotnik_common_msgs/local/lib/python3.10/dist-packages/robotnik_common_msgs/srv
-- Up-to-date: /home/admin/ros2_ws/install/robotnik_common_msgs/local/lib/python3.10/dist-packages/robotnik_common_msgs/srv/_set_string.py
-- Up-to-date: /home/admin/ros2_ws/install/robotnik_common_msgs/local/lib/python3.10/dist-packages/robotnik_common_msgs/srv/_set_bool.py
-- Up-to-date: /home/admin/ros2_ws/install/robotnik_common_msgs/local/lib/python3.10/dist-packages/robotnik_common_msgs/srv/_set_string_s.c
-- Up-to-date: /home/admin/ros2_ws/install/robotnik_common_msgs/local/lib/python3.10/dist-packages/robotnik_common_msgs/srv/_set_float32_s.c
-- Up-to-date: /home/admin/ros2_ws/install/robotnik_common_msgs/local/lib/python3.10/dist-packages/robotnik_common_msgs/srv/__init__.py
-- Up-to-date: /home/admin/ros2_ws/install/robotnik_common_msgs/local/lib/python3.10/dist-packages/robotnik_common_msgs/srv/_set_float64.py
-- Up-to-date: /home/admin/ros2_ws/install/robotnik_common_msgs/local/lib/python3.10/dist-packages/robotnik_common_msgs/srv/_set_float64_s.c
-- Up-to-date: /home/admin/ros2_ws/install/robotnik_common_msgs/local/lib/python3.10/dist-packages/robotnik_common_msgs/srv/_set_float32.py
-- Up-to-date: /home/admin/ros2_ws/install/robotnik_common_msgs/local/lib/python3.10/dist-packages/robotnik_common_msgs/srv/_set_int32.py
-- Up-to-date: /home/admin/ros2_ws/install/robotnik_common_msgs/local/lib/python3.10/dist-packages/robotnik_common_msgs/srv/_set_int32_s.c
-- Up-to-date: /home/admin/ros2_ws/install/robotnik_common_msgs/local/lib/python3.10/dist-packages/robotnik_common_msgs/srv/_set_bool_s.c
-- Up-to-date: /home/admin/ros2_ws/install/robotnik_common_msgs/local/lib/python3.10/dist-packages/robotnik_common_msgs/msg
-- Up-to-date: /home/admin/ros2_ws/install/robotnik_common_msgs/local/lib/python3.10/dist-packages/robotnik_common_msgs/msg/_response.py
-- Up-to-date: /home/admin/ros2_ws/install/robotnik_common_msgs/local/lib/python3.10/dist-packages/robotnik_common_msgs/msg/__init__.py
-- Up-to-date: /home/admin/ros2_ws/install/robotnik_common_msgs/local/lib/python3.10/dist-packages/robotnik_common_msgs/msg/_response_s.c
-- Up-to-date: /home/admin/ros2_ws/install/robotnik_common_msgs/local/lib/python3.10/dist-packages/robotnik_common_msgs/_robotnik_common_msgs_s.ep.rosidl_typesupport_c.c
-- Up-to-date: /home/admin/ros2_ws/install/robotnik_common_msgs/local/lib/python3.10/dist-packages/robotnik_common_msgs/_robotnik_common_msgs_s.ep.rosidl_typesupport_introspection_c.c
Listing '/home/admin/ros2_ws/install/robotnik_common_msgs/local/lib/python3.10/dist-packages/robotnik_common_msgs'...
Listing '/home/admin/ros2_ws/install/robotnik_common_msgs/local/lib/python3.10/dist-packages/robotnik_common_msgs/msg'...
Listing '/home/admin/ros2_ws/install/robotnik_common_msgs/local/lib/python3.10/dist-packages/robotnik_common_msgs/srv'...
-- Up-to-date: /home/admin/ros2_ws/install/robotnik_common_msgs/local/lib/python3.10/dist-packages/robotnik_common_msgs/robotnik_common_msgs_s__rosidl_typesupport_fastrtps_c.cpython-310-x86_64-linux-gnu.so
-- Up-to-date: /home/admin/ros2_ws/install/robotnik_common_msgs/local/lib/python3.10/dist-packages/robotnik_common_msgs/robotnik_common_msgs_s__rosidl_typesupport_introspection_c.cpython-310-x86_64-linux-gnu.so
-- Up-to-date: /home/admin/ros2_ws/install/robotnik_common_msgs/local/lib/python3.10/dist-packages/robotnik_common_msgs/robotnik_common_msgs_s__rosidl_typesupport_c.cpython-310-x86_64-linux-gnu.so
-- Up-to-date: /home/admin/ros2_ws/install/robotnik_common_msgs/lib/librobotnik_common_msgs__rosidl_generator_py.so
-- Up-to-date: /home/admin/ros2_ws/install/robotnik_common_msgs/share/robotnik_common_msgs/msg/Response.idl
-- Up-to-date: /home/admin/ros2_ws/install/robotnik_common_msgs/share/robotnik_common_msgs/srv/SetBool.idl
-- Up-to-date: /home/admin/ros2_ws/install/robotnik_common_msgs/share/robotnik_common_msgs/srv/SetFloat32.idl
-- Up-to-date: /home/admin/ros2_ws/install/robotnik_common_msgs/share/robotnik_common_msgs/srv/SetFloat64.idl
-- Up-to-date: /home/admin/ros2_ws/install/robotnik_common_msgs/share/robotnik_common_msgs/srv/SetInt32.idl
-- Up-to-date: /home/admin/ros2_ws/install/robotnik_common_msgs/share/robotnik_common_msgs/srv/SetString.idl
-- Up-to-date: /home/admin/ros2_ws/install/robotnik_common_msgs/share/robotnik_common_msgs/msg/Response.msg
-- Up-to-date: /home/admin/ros2_ws/install/robotnik_common_msgs/share/robotnik_common_msgs/srv/SetBool.srv
-- Up-to-date: /home/admin/ros2_ws/install/robotnik_common_msgs/share/robotnik_common_msgs/srv/SetBool_Request.msg
-- Up-to-date: /home/admin/ros2_ws/install/robotnik_common_msgs/share/robotnik_common_msgs/srv/SetBool_Response.msg
-- Up-to-date: /home/admin/ros2_ws/install/robotnik_common_msgs/share/robotnik_common_msgs/srv/SetFloat32.srv
-- Up-to-date: /home/admin/ros2_ws/install/robotnik_common_msgs/share/robotnik_common_msgs/srv/SetFloat32_Request.msg
-- Up-to-date: /home/admin/ros2_ws/install/robotnik_common_msgs/share/robotnik_common_msgs/srv/SetFloat32_Response.msg
-- Up-to-date: /home/admin/ros2_ws/install/robotnik_common_msgs/share/robotnik_common_msgs/srv/SetFloat64.srv
-- Up-to-date: /home/admin/ros2_ws/install/robotnik_common_msgs/share/robotnik_common_msgs/srv/SetFloat64_Request.msg
-- Up-to-date: /home/admin/ros2_ws/install/robotnik_common_msgs/share/robotnik_common_msgs/srv/SetFloat64_Response.msg
-- Up-to-date: /home/admin/ros2_ws/install/robotnik_common_msgs/share/robotnik_common_msgs/srv/SetInt32.srv
-- Up-to-date: /home/admin/ros2_ws/install/robotnik_common_msgs/share/robotnik_common_msgs/srv/SetInt32_Request.msg
-- Up-to-date: /home/admin/ros2_ws/install/robotnik_common_msgs/share/robotnik_common_msgs/srv/SetInt32_Response.msg
-- Up-to-date: /home/admin/ros2_ws/install/robotnik_common_msgs/share/robotnik_common_msgs/srv/SetString.srv
-- Up-to-date: /home/admin/ros2_ws/install/robotnik_common_msgs/share/robotnik_common_msgs/srv/SetString_Request.msg
-- Up-to-date: /home/admin/ros2_ws/install/robotnik_common_msgs/share/robotnik_common_msgs/srv/SetString_Response.msg
-- Up-to-date: /home/admin/ros2_ws/install/robotnik_common_msgs/share/ament_index/resource_index/package_run_dependencies/robotnik_common_msgs
-- Up-to-date: /home/admin/ros2_ws/install/robotnik_common_msgs/share/ament_index/resource_index/parent_prefix_path/robotnik_common_msgs
-- Up-to-date: /home/admin/ros2_ws/install/robotnik_common_msgs/share/robotnik_common_msgs/environment/ament_prefix_path.sh
-- Up-to-date: /home/admin/ros2_ws/install/robotnik_common_msgs/share/robotnik_common_msgs/environment/ament_prefix_path.dsv
-- Up-to-date: /home/admin/ros2_ws/install/robotnik_common_msgs/share/robotnik_common_msgs/environment/path.sh
-- Up-to-date: /home/admin/ros2_ws/install/robotnik_common_msgs/share/robotnik_common_msgs/environment/path.dsv
-- Up-to-date: /home/admin/ros2_ws/install/robotnik_common_msgs/share/robotnik_common_msgs/local_setup.bash
-- Up-to-date: /home/admin/ros2_ws/install/robotnik_common_msgs/share/robotnik_common_msgs/local_setup.sh
-- Up-to-date: /home/admin/ros2_ws/install/robotnik_common_msgs/share/robotnik_common_msgs/local_setup.zsh
-- Up-to-date: /home/admin/ros2_ws/install/robotnik_common_msgs/share/robotnik_common_msgs/local_setup.dsv
-- Installing: /home/admin/ros2_ws/install/robotnik_common_msgs/share/robotnik_common_msgs/package.dsv
-- Up-to-date: /home/admin/ros2_ws/install/robotnik_common_msgs/share/ament_index/resource_index/packages/robotnik_common_msgs
-- Up-to-date: /home/admin/ros2_ws/install/robotnik_common_msgs/share/robotnik_common_msgs/cmake/export_robotnik_common_msgs__rosidl_generator_cExport.cmake
-- Up-to-date: /home/admin/ros2_ws/install/robotnik_common_msgs/share/robotnik_common_msgs/cmake/export_robotnik_common_msgs__rosidl_generator_cExport-noconfig.cmake
-- Up-to-date: /home/admin/ros2_ws/install/robotnik_common_msgs/share/robotnik_common_msgs/cmake/export_robotnik_common_msgs__rosidl_typesupport_fastrtps_cExport.cmake
-- Up-to-date: /home/admin/ros2_ws/install/robotnik_common_msgs/share/robotnik_common_msgs/cmake/export_robotnik_common_msgs__rosidl_typesupport_fastrtps_cExport-noconfig.cmake
-- Up-to-date: /home/admin/ros2_ws/install/robotnik_common_msgs/share/robotnik_common_msgs/cmake/export_robotnik_common_msgs__rosidl_generator_cppExport.cmake
-- Up-to-date: /home/admin/ros2_ws/install/robotnik_common_msgs/share/robotnik_common_msgs/cmake/export_robotnik_common_msgs__rosidl_typesupport_fastrtps_cppExport.cmake
-- Up-to-date: /home/admin/ros2_ws/install/robotnik_common_msgs/share/robotnik_common_msgs/cmake/export_robotnik_common_msgs__rosidl_typesupport_fastrtps_cppExport-noconfig.cmake
-- Up-to-date: /home/admin/ros2_ws/install/robotnik_common_msgs/share/robotnik_common_msgs/cmake/robotnik_common_msgs__rosidl_typesupport_introspection_cExport.cmake
-- Up-to-date: /home/admin/ros2_ws/install/robotnik_common_msgs/share/robotnik_common_msgs/cmake/robotnik_common_msgs__rosidl_typesupport_introspection_cExport-noconfig.cmake
-- Up-to-date: /home/admin/ros2_ws/install/robotnik_common_msgs/share/robotnik_common_msgs/cmake/robotnik_common_msgs__rosidl_typesupport_cExport.cmake
-- Up-to-date: /home/admin/ros2_ws/install/robotnik_common_msgs/share/robotnik_common_msgs/cmake/robotnik_common_msgs__rosidl_typesupport_cExport-noconfig.cmake
-- Up-to-date: /home/admin/ros2_ws/install/robotnik_common_msgs/share/robotnik_common_msgs/cmake/robotnik_common_msgs__rosidl_typesupport_introspection_cppExport.cmake
-- Up-to-date: /home/admin/ros2_ws/install/robotnik_common_msgs/share/robotnik_common_msgs/cmake/robotnik_common_msgs__rosidl_typesupport_introspection_cppExport-noconfig.cmake
-- Up-to-date: /home/admin/ros2_ws/install/robotnik_common_msgs/share/robotnik_common_msgs/cmake/robotnik_common_msgs__rosidl_typesupport_cppExport.cmake
-- Up-to-date: /home/admin/ros2_ws/install/robotnik_common_msgs/share/robotnik_common_msgs/cmake/robotnik_common_msgs__rosidl_typesupport_cppExport-noconfig.cmake
-- Up-to-date: /home/admin/ros2_ws/install/robotnik_common_msgs/share/robotnik_common_msgs/cmake/export_robotnik_common_msgs__rosidl_generator_pyExport.cmake
-- Up-to-date: /home/admin/ros2_ws/install/robotnik_common_msgs/share/robotnik_common_msgs/cmake/export_robotnik_common_msgs__rosidl_generator_pyExport-noconfig.cmake
-- Up-to-date: /home/admin/ros2_ws/install/robotnik_common_msgs/share/robotnik_common_msgs/cmake/rosidl_cmake-extras.cmake
-- Up-to-date: /home/admin/ros2_ws/install/robotnik_common_msgs/share/robotnik_common_msgs/cmake/ament_cmake_export_dependencies-extras.cmake
-- Up-to-date: /home/admin/ros2_ws/install/robotnik_common_msgs/share/robotnik_common_msgs/cmake/ament_cmake_export_include_directories-extras.cmake
-- Up-to-date: /home/admin/ros2_ws/install/robotnik_common_msgs/share/robotnik_common_msgs/cmake/ament_cmake_export_libraries-extras.cmake
-- Up-to-date: /home/admin/ros2_ws/install/robotnik_common_msgs/share/robotnik_common_msgs/cmake/ament_cmake_export_targets-extras.cmake
-- Up-to-date: /home/admin/ros2_ws/install/robotnik_common_msgs/share/robotnik_common_msgs/cmake/rosidl_cmake_export_typesupport_targets-extras.cmake
-- Up-to-date: /home/admin/ros2_ws/install/robotnik_common_msgs/share/robotnik_common_msgs/cmake/rosidl_cmake_export_typesupport_libraries-extras.cmake
-- Up-to-date: /home/admin/ros2_ws/install/robotnik_common_msgs/share/robotnik_common_msgs/cmake/robotnik_common_msgsConfig.cmake
-- Up-to-date: /home/admin/ros2_ws/install/robotnik_common_msgs/share/robotnik_common_msgs/cmake/robotnik_common_msgsConfig-version.cmake
-- Up-to-date: /home/admin/ros2_ws/install/robotnik_common_msgs/share/robotnik_common_msgs/package.xml
