[0.023s] Invoking command in '/home/admin/ros2_ws/build/robotnik_common_msgs': CMAKE_PREFIX_PATH=${CMAKE_PREFIX_PATH}:/home/admin/ros2_ws/install/robotnik_safety_msgs:/home/admin/ros2_ws/install/rbvogui_cartographer:/opt/ros/humble /usr/bin/cmake --build /home/admin/ros2_ws/build/robotnik_common_msgs -- -j20 -l20
[0.351s] [35m[1mConsolidate compiler generated dependencies of target robotnik_common_msgs__rosidl_generator_c[0m
[0.352s] [  1%] Built target robotnik_common_msgs__cpp
[0.352s] [ 12%] Built target robotnik_common_msgs__rosidl_generator_c
[0.352s] [35m[1mConsolidate compiler generated dependencies of target robotnik_common_msgs__rosidl_typesupport_cpp[0m
[0.352s] [35m[1mConsolidate compiler generated dependencies of target robotnik_common_msgs__rosidl_typesupport_introspection_cpp[0m
[0.352s] [35m[1mConsolidate compiler generated dependencies of target robotnik_common_msgs__rosidl_typesupport_fastrtps_cpp[0m
[0.352s] [35m[1mConsolidate compiler generated dependencies of target robotnik_common_msgs__rosidl_typesupport_introspection_c[0m
[0.352s] [ 12%] Built target ament_cmake_python_copy_robotnik_common_msgs
[0.352s] [35m[1mConsolidate compiler generated dependencies of target robotnik_common_msgs__rosidl_typesupport_c[0m
[0.352s] [35m[1mConsolidate compiler generated dependencies of target robotnik_common_msgs__rosidl_typesupport_fastrtps_c[0m
[0.352s] [ 23%] Built target robotnik_common_msgs__rosidl_typesupport_introspection_cpp
[0.352s] [ 35%] Built target robotnik_common_msgs__rosidl_typesupport_introspection_c
[0.352s] [ 50%] Built target robotnik_common_msgs__rosidl_typesupport_cpp
[0.352s] [ 57%] Built target robotnik_common_msgs__rosidl_typesupport_c
[0.352s] [ 69%] Built target robotnik_common_msgs__rosidl_typesupport_fastrtps_cpp
[0.352s] [ 80%] Built target robotnik_common_msgs__rosidl_typesupport_fastrtps_c
[0.352s] [ 80%] Built target robotnik_common_msgs
[0.352s] [ 81%] Built target robotnik_common_msgs__py
[0.352s] [35m[1mConsolidate compiler generated dependencies of target robotnik_common_msgs__rosidl_generator_py[0m
[0.352s] [ 91%] Built target robotnik_common_msgs__rosidl_generator_py
[0.352s] [35m[1mConsolidate compiler generated dependencies of target robotnik_common_msgs__rosidl_typesupport_fastrtps_c__pyext[0m
[0.352s] [35m[1mConsolidate compiler generated dependencies of target robotnik_common_msgs__rosidl_typesupport_c__pyext[0m
[0.353s] [35m[1mConsolidate compiler generated dependencies of target robotnik_common_msgs__rosidl_typesupport_introspection_c__pyext[0m
[0.353s] [ 94%] Built target robotnik_common_msgs__rosidl_typesupport_fastrtps_c__pyext
[0.353s] [ 97%] Built target robotnik_common_msgs__rosidl_typesupport_c__pyext
[0.353s] [100%] Built target robotnik_common_msgs__rosidl_typesupport_introspection_c__pyext
[0.353s] running egg_info
[0.353s] writing robotnik_common_msgs.egg-info/PKG-INFO
[0.353s] writing dependency_links to robotnik_common_msgs.egg-info/dependency_links.txt
[0.353s] writing top-level names to robotnik_common_msgs.egg-info/top_level.txt
[0.353s] reading manifest file 'robotnik_common_msgs.egg-info/SOURCES.txt'
[0.353s] writing manifest file 'robotnik_common_msgs.egg-info/SOURCES.txt'
[0.353s] [100%] Built target ament_cmake_python_build_robotnik_common_msgs_egg
[0.362s] Invoked command in '/home/admin/ros2_ws/build/robotnik_common_msgs' returned '0': CMAKE_PREFIX_PATH=${CMAKE_PREFIX_PATH}:/home/admin/ros2_ws/install/robotnik_safety_msgs:/home/admin/ros2_ws/install/rbvogui_cartographer:/opt/ros/humble /usr/bin/cmake --build /home/admin/ros2_ws/build/robotnik_common_msgs -- -j20 -l20
[0.362s] Invoking command in '/home/admin/ros2_ws/build/robotnik_common_msgs': CMAKE_PREFIX_PATH=${CMAKE_PREFIX_PATH}:/home/admin/ros2_ws/install/robotnik_safety_msgs:/home/admin/ros2_ws/install/rbvogui_cartographer:/opt/ros/humble /usr/bin/cmake --install /home/admin/ros2_ws/build/robotnik_common_msgs
[0.370s] -- Install configuration: ""
[0.370s] -- Up-to-date: /home/admin/ros2_ws/install/robotnik_common_msgs/share/ament_index/resource_index/rosidl_interfaces/robotnik_common_msgs
[0.370s] -- Up-to-date: /home/admin/ros2_ws/install/robotnik_common_msgs/include/robotnik_common_msgs/robotnik_common_msgs
[0.370s] -- Up-to-date: /home/admin/ros2_ws/install/robotnik_common_msgs/include/robotnik_common_msgs/robotnik_common_msgs/srv
[0.370s] -- Up-to-date: /home/admin/ros2_ws/install/robotnik_common_msgs/include/robotnik_common_msgs/robotnik_common_msgs/srv/detail
[0.370s] -- Up-to-date: /home/admin/ros2_ws/install/robotnik_common_msgs/include/robotnik_common_msgs/robotnik_common_msgs/srv/detail/set_float32__struct.h
[0.370s] -- Up-to-date: /home/admin/ros2_ws/install/robotnik_common_msgs/include/robotnik_common_msgs/robotnik_common_msgs/srv/detail/set_float32__functions.c
[0.370s] -- Up-to-date: /home/admin/ros2_ws/install/robotnik_common_msgs/include/robotnik_common_msgs/robotnik_common_msgs/srv/detail/set_string__struct.h
[0.370s] -- Up-to-date: /home/admin/ros2_ws/install/robotnik_common_msgs/include/robotnik_common_msgs/robotnik_common_msgs/srv/detail/set_string__functions.h
[0.370s] -- Up-to-date: /home/admin/ros2_ws/install/robotnik_common_msgs/include/robotnik_common_msgs/robotnik_common_msgs/srv/detail/set_bool__functions.c
[0.370s] -- Up-to-date: /home/admin/ros2_ws/install/robotnik_common_msgs/include/robotnik_common_msgs/robotnik_common_msgs/srv/detail/set_float64__struct.h
[0.370s] -- Up-to-date: /home/admin/ros2_ws/install/robotnik_common_msgs/include/robotnik_common_msgs/robotnik_common_msgs/srv/detail/set_float32__functions.h
[0.370s] -- Up-to-date: /home/admin/ros2_ws/install/robotnik_common_msgs/include/robotnik_common_msgs/robotnik_common_msgs/srv/detail/set_float64__functions.h
[0.370s] -- Up-to-date: /home/admin/ros2_ws/install/robotnik_common_msgs/include/robotnik_common_msgs/robotnik_common_msgs/srv/detail/set_string__functions.c
[0.371s] -- Up-to-date: /home/admin/ros2_ws/install/robotnik_common_msgs/include/robotnik_common_msgs/robotnik_common_msgs/srv/detail/set_float32__type_support.h
[0.371s] -- Up-to-date: /home/admin/ros2_ws/install/robotnik_common_msgs/include/robotnik_common_msgs/robotnik_common_msgs/srv/detail/set_string__type_support.h
[0.371s] -- Up-to-date: /home/admin/ros2_ws/install/robotnik_common_msgs/include/robotnik_common_msgs/robotnik_common_msgs/srv/detail/set_float64__functions.c
[0.371s] -- Up-to-date: /home/admin/ros2_ws/install/robotnik_common_msgs/include/robotnik_common_msgs/robotnik_common_msgs/srv/detail/set_int32__struct.h
[0.371s] -- Up-to-date: /home/admin/ros2_ws/install/robotnik_common_msgs/include/robotnik_common_msgs/robotnik_common_msgs/srv/detail/set_int32__type_support.h
[0.371s] -- Up-to-date: /home/admin/ros2_ws/install/robotnik_common_msgs/include/robotnik_common_msgs/robotnik_common_msgs/srv/detail/set_bool__functions.h
[0.371s] -- Up-to-date: /home/admin/ros2_ws/install/robotnik_common_msgs/include/robotnik_common_msgs/robotnik_common_msgs/srv/detail/set_int32__functions.c
[0.371s] -- Up-to-date: /home/admin/ros2_ws/install/robotnik_common_msgs/include/robotnik_common_msgs/robotnik_common_msgs/srv/detail/set_int32__functions.h
[0.371s] -- Up-to-date: /home/admin/ros2_ws/install/robotnik_common_msgs/include/robotnik_common_msgs/robotnik_common_msgs/srv/detail/set_float64__type_support.h
[0.371s] -- Up-to-date: /home/admin/ros2_ws/install/robotnik_common_msgs/include/robotnik_common_msgs/robotnik_common_msgs/srv/detail/set_bool__type_support.h
[0.371s] -- Up-to-date: /home/admin/ros2_ws/install/robotnik_common_msgs/include/robotnik_common_msgs/robotnik_common_msgs/srv/detail/set_bool__struct.h
[0.371s] -- Up-to-date: /home/admin/ros2_ws/install/robotnik_common_msgs/include/robotnik_common_msgs/robotnik_common_msgs/srv/set_int32.h
[0.371s] -- Up-to-date: /home/admin/ros2_ws/install/robotnik_common_msgs/include/robotnik_common_msgs/robotnik_common_msgs/srv/set_string.h
[0.371s] -- Up-to-date: /home/admin/ros2_ws/install/robotnik_common_msgs/include/robotnik_common_msgs/robotnik_common_msgs/srv/set_float64.h
[0.371s] -- Up-to-date: /home/admin/ros2_ws/install/robotnik_common_msgs/include/robotnik_common_msgs/robotnik_common_msgs/srv/set_bool.h
[0.371s] -- Up-to-date: /home/admin/ros2_ws/install/robotnik_common_msgs/include/robotnik_common_msgs/robotnik_common_msgs/srv/set_float32.h
[0.371s] -- Up-to-date: /home/admin/ros2_ws/install/robotnik_common_msgs/include/robotnik_common_msgs/robotnik_common_msgs/msg
[0.371s] -- Up-to-date: /home/admin/ros2_ws/install/robotnik_common_msgs/include/robotnik_common_msgs/robotnik_common_msgs/msg/rosidl_generator_c__visibility_control.h
[0.371s] -- Up-to-date: /home/admin/ros2_ws/install/robotnik_common_msgs/include/robotnik_common_msgs/robotnik_common_msgs/msg/detail
[0.371s] -- Up-to-date: /home/admin/ros2_ws/install/robotnik_common_msgs/include/robotnik_common_msgs/robotnik_common_msgs/msg/detail/response__type_support.h
[0.371s] -- Up-to-date: /home/admin/ros2_ws/install/robotnik_common_msgs/include/robotnik_common_msgs/robotnik_common_msgs/msg/detail/response__struct.h
[0.371s] -- Up-to-date: /home/admin/ros2_ws/install/robotnik_common_msgs/include/robotnik_common_msgs/robotnik_common_msgs/msg/detail/response__functions.h
[0.371s] -- Up-to-date: /home/admin/ros2_ws/install/robotnik_common_msgs/include/robotnik_common_msgs/robotnik_common_msgs/msg/detail/response__functions.c
[0.371s] -- Up-to-date: /home/admin/ros2_ws/install/robotnik_common_msgs/include/robotnik_common_msgs/robotnik_common_msgs/msg/response.h
[0.371s] -- Up-to-date: /home/admin/ros2_ws/install/robotnik_common_msgs/share/robotnik_common_msgs/environment/library_path.sh
[0.372s] -- Up-to-date: /home/admin/ros2_ws/install/robotnik_common_msgs/share/robotnik_common_msgs/environment/library_path.dsv
[0.372s] -- Up-to-date: /home/admin/ros2_ws/install/robotnik_common_msgs/lib/librobotnik_common_msgs__rosidl_generator_c.so
[0.372s] -- Up-to-date: /home/admin/ros2_ws/install/robotnik_common_msgs/include/robotnik_common_msgs/robotnik_common_msgs
[0.372s] -- Up-to-date: /home/admin/ros2_ws/install/robotnik_common_msgs/include/robotnik_common_msgs/robotnik_common_msgs/srv
[0.372s] -- Up-to-date: /home/admin/ros2_ws/install/robotnik_common_msgs/include/robotnik_common_msgs/robotnik_common_msgs/srv/detail
[0.372s] -- Up-to-date: /home/admin/ros2_ws/install/robotnik_common_msgs/include/robotnik_common_msgs/robotnik_common_msgs/srv/detail/set_string__rosidl_typesupport_fastrtps_c.h
[0.372s] -- Up-to-date: /home/admin/ros2_ws/install/robotnik_common_msgs/include/robotnik_common_msgs/robotnik_common_msgs/srv/detail/set_int32__rosidl_typesupport_fastrtps_c.h
[0.372s] -- Up-to-date: /home/admin/ros2_ws/install/robotnik_common_msgs/include/robotnik_common_msgs/robotnik_common_msgs/srv/detail/set_float64__rosidl_typesupport_fastrtps_c.h
[0.372s] -- Up-to-date: /home/admin/ros2_ws/install/robotnik_common_msgs/include/robotnik_common_msgs/robotnik_common_msgs/srv/detail/set_bool__rosidl_typesupport_fastrtps_c.h
[0.372s] -- Up-to-date: /home/admin/ros2_ws/install/robotnik_common_msgs/include/robotnik_common_msgs/robotnik_common_msgs/srv/detail/set_float32__rosidl_typesupport_fastrtps_c.h
[0.372s] -- Up-to-date: /home/admin/ros2_ws/install/robotnik_common_msgs/include/robotnik_common_msgs/robotnik_common_msgs/msg
[0.372s] -- Up-to-date: /home/admin/ros2_ws/install/robotnik_common_msgs/include/robotnik_common_msgs/robotnik_common_msgs/msg/rosidl_typesupport_fastrtps_c__visibility_control.h
[0.372s] -- Up-to-date: /home/admin/ros2_ws/install/robotnik_common_msgs/include/robotnik_common_msgs/robotnik_common_msgs/msg/detail
[0.372s] -- Up-to-date: /home/admin/ros2_ws/install/robotnik_common_msgs/include/robotnik_common_msgs/robotnik_common_msgs/msg/detail/response__rosidl_typesupport_fastrtps_c.h
[0.372s] -- Up-to-date: /home/admin/ros2_ws/install/robotnik_common_msgs/lib/librobotnik_common_msgs__rosidl_typesupport_fastrtps_c.so
[0.372s] -- Up-to-date: /home/admin/ros2_ws/install/robotnik_common_msgs/include/robotnik_common_msgs/robotnik_common_msgs
[0.372s] -- Up-to-date: /home/admin/ros2_ws/install/robotnik_common_msgs/include/robotnik_common_msgs/robotnik_common_msgs/srv
[0.372s] -- Up-to-date: /home/admin/ros2_ws/install/robotnik_common_msgs/include/robotnik_common_msgs/robotnik_common_msgs/srv/set_string.hpp
[0.372s] -- Up-to-date: /home/admin/ros2_ws/install/robotnik_common_msgs/include/robotnik_common_msgs/robotnik_common_msgs/srv/detail
[0.372s] -- Up-to-date: /home/admin/ros2_ws/install/robotnik_common_msgs/include/robotnik_common_msgs/robotnik_common_msgs/srv/detail/set_int32__type_support.hpp
[0.372s] -- Up-to-date: /home/admin/ros2_ws/install/robotnik_common_msgs/include/robotnik_common_msgs/robotnik_common_msgs/srv/detail/set_int32__struct.hpp
[0.372s] -- Up-to-date: /home/admin/ros2_ws/install/robotnik_common_msgs/include/robotnik_common_msgs/robotnik_common_msgs/srv/detail/set_float64__traits.hpp
[0.372s] -- Up-to-date: /home/admin/ros2_ws/install/robotnik_common_msgs/include/robotnik_common_msgs/robotnik_common_msgs/srv/detail/set_float32__struct.hpp
[0.372s] -- Up-to-date: /home/admin/ros2_ws/install/robotnik_common_msgs/include/robotnik_common_msgs/robotnik_common_msgs/srv/detail/set_float32__type_support.hpp
[0.372s] -- Up-to-date: /home/admin/ros2_ws/install/robotnik_common_msgs/include/robotnik_common_msgs/robotnik_common_msgs/srv/detail/set_bool__type_support.hpp
[0.372s] -- Up-to-date: /home/admin/ros2_ws/install/robotnik_common_msgs/include/robotnik_common_msgs/robotnik_common_msgs/srv/detail/set_bool__builder.hpp
[0.372s] -- Up-to-date: /home/admin/ros2_ws/install/robotnik_common_msgs/include/robotnik_common_msgs/robotnik_common_msgs/srv/detail/set_bool__traits.hpp
[0.372s] -- Up-to-date: /home/admin/ros2_ws/install/robotnik_common_msgs/include/robotnik_common_msgs/robotnik_common_msgs/srv/detail/set_float64__struct.hpp
[0.372s] -- Up-to-date: /home/admin/ros2_ws/install/robotnik_common_msgs/include/robotnik_common_msgs/robotnik_common_msgs/srv/detail/set_float32__builder.hpp
[0.372s] -- Up-to-date: /home/admin/ros2_ws/install/robotnik_common_msgs/include/robotnik_common_msgs/robotnik_common_msgs/srv/detail/set_float64__builder.hpp
[0.372s] -- Up-to-date: /home/admin/ros2_ws/install/robotnik_common_msgs/include/robotnik_common_msgs/robotnik_common_msgs/srv/detail/set_int32__builder.hpp
[0.372s] -- Up-to-date: /home/admin/ros2_ws/install/robotnik_common_msgs/include/robotnik_common_msgs/robotnik_common_msgs/srv/detail/set_string__type_support.hpp
[0.373s] -- Up-to-date: /home/admin/ros2_ws/install/robotnik_common_msgs/include/robotnik_common_msgs/robotnik_common_msgs/srv/detail/set_bool__struct.hpp
[0.373s] -- Up-to-date: /home/admin/ros2_ws/install/robotnik_common_msgs/include/robotnik_common_msgs/robotnik_common_msgs/srv/detail/set_float32__traits.hpp
[0.373s] -- Up-to-date: /home/admin/ros2_ws/install/robotnik_common_msgs/include/robotnik_common_msgs/robotnik_common_msgs/srv/detail/set_string__traits.hpp
[0.373s] -- Up-to-date: /home/admin/ros2_ws/install/robotnik_common_msgs/include/robotnik_common_msgs/robotnik_common_msgs/srv/detail/set_string__struct.hpp
[0.373s] -- Up-to-date: /home/admin/ros2_ws/install/robotnik_common_msgs/include/robotnik_common_msgs/robotnik_common_msgs/srv/detail/set_float64__type_support.hpp
[0.373s] -- Up-to-date: /home/admin/ros2_ws/install/robotnik_common_msgs/include/robotnik_common_msgs/robotnik_common_msgs/srv/detail/set_string__builder.hpp
[0.373s] -- Up-to-date: /home/admin/ros2_ws/install/robotnik_common_msgs/include/robotnik_common_msgs/robotnik_common_msgs/srv/detail/set_int32__traits.hpp
[0.373s] -- Up-to-date: /home/admin/ros2_ws/install/robotnik_common_msgs/include/robotnik_common_msgs/robotnik_common_msgs/srv/set_int32.hpp
[0.373s] -- Up-to-date: /home/admin/ros2_ws/install/robotnik_common_msgs/include/robotnik_common_msgs/robotnik_common_msgs/srv/set_float32.hpp
[0.373s] -- Up-to-date: /home/admin/ros2_ws/install/robotnik_common_msgs/include/robotnik_common_msgs/robotnik_common_msgs/srv/set_float64.hpp
[0.373s] -- Up-to-date: /home/admin/ros2_ws/install/robotnik_common_msgs/include/robotnik_common_msgs/robotnik_common_msgs/srv/set_bool.hpp
[0.373s] -- Up-to-date: /home/admin/ros2_ws/install/robotnik_common_msgs/include/robotnik_common_msgs/robotnik_common_msgs/msg
[0.373s] -- Up-to-date: /home/admin/ros2_ws/install/robotnik_common_msgs/include/robotnik_common_msgs/robotnik_common_msgs/msg/rosidl_generator_cpp__visibility_control.hpp
[0.373s] -- Up-to-date: /home/admin/ros2_ws/install/robotnik_common_msgs/include/robotnik_common_msgs/robotnik_common_msgs/msg/detail
[0.373s] -- Up-to-date: /home/admin/ros2_ws/install/robotnik_common_msgs/include/robotnik_common_msgs/robotnik_common_msgs/msg/detail/response__type_support.hpp
[0.377s] -- Up-to-date: /home/admin/ros2_ws/install/robotnik_common_msgs/include/robotnik_common_msgs/robotnik_common_msgs/msg/detail/response__struct.hpp
[0.377s] -- Up-to-date: /home/admin/ros2_ws/install/robotnik_common_msgs/include/robotnik_common_msgs/robotnik_common_msgs/msg/detail/response__traits.hpp
[0.377s] -- Up-to-date: /home/admin/ros2_ws/install/robotnik_common_msgs/include/robotnik_common_msgs/robotnik_common_msgs/msg/detail/response__builder.hpp
[0.377s] -- Up-to-date: /home/admin/ros2_ws/install/robotnik_common_msgs/include/robotnik_common_msgs/robotnik_common_msgs/msg/response.hpp
[0.377s] -- Up-to-date: /home/admin/ros2_ws/install/robotnik_common_msgs/include/robotnik_common_msgs/robotnik_common_msgs
[0.377s] -- Up-to-date: /home/admin/ros2_ws/install/robotnik_common_msgs/include/robotnik_common_msgs/robotnik_common_msgs/srv
[0.377s] -- Up-to-date: /home/admin/ros2_ws/install/robotnik_common_msgs/include/robotnik_common_msgs/robotnik_common_msgs/srv/detail
[0.378s] -- Up-to-date: /home/admin/ros2_ws/install/robotnik_common_msgs/include/robotnik_common_msgs/robotnik_common_msgs/srv/detail/set_bool__rosidl_typesupport_fastrtps_cpp.hpp
[0.378s] -- Up-to-date: /home/admin/ros2_ws/install/robotnik_common_msgs/include/robotnik_common_msgs/robotnik_common_msgs/srv/detail/set_float32__rosidl_typesupport_fastrtps_cpp.hpp
[0.378s] -- Up-to-date: /home/admin/ros2_ws/install/robotnik_common_msgs/include/robotnik_common_msgs/robotnik_common_msgs/srv/detail/dds_fastrtps
[0.378s] -- Up-to-date: /home/admin/ros2_ws/install/robotnik_common_msgs/include/robotnik_common_msgs/robotnik_common_msgs/srv/detail/set_string__rosidl_typesupport_fastrtps_cpp.hpp
[0.378s] -- Up-to-date: /home/admin/ros2_ws/install/robotnik_common_msgs/include/robotnik_common_msgs/robotnik_common_msgs/srv/detail/set_float64__rosidl_typesupport_fastrtps_cpp.hpp
[0.378s] -- Up-to-date: /home/admin/ros2_ws/install/robotnik_common_msgs/include/robotnik_common_msgs/robotnik_common_msgs/srv/detail/set_int32__rosidl_typesupport_fastrtps_cpp.hpp
[0.378s] -- Up-to-date: /home/admin/ros2_ws/install/robotnik_common_msgs/include/robotnik_common_msgs/robotnik_common_msgs/msg
[0.378s] -- Up-to-date: /home/admin/ros2_ws/install/robotnik_common_msgs/include/robotnik_common_msgs/robotnik_common_msgs/msg/rosidl_typesupport_fastrtps_cpp__visibility_control.h
[0.379s] -- Up-to-date: /home/admin/ros2_ws/install/robotnik_common_msgs/include/robotnik_common_msgs/robotnik_common_msgs/msg/detail
[0.379s] -- Up-to-date: /home/admin/ros2_ws/install/robotnik_common_msgs/include/robotnik_common_msgs/robotnik_common_msgs/msg/detail/response__rosidl_typesupport_fastrtps_cpp.hpp
[0.379s] -- Up-to-date: /home/admin/ros2_ws/install/robotnik_common_msgs/include/robotnik_common_msgs/robotnik_common_msgs/msg/detail/dds_fastrtps
[0.379s] -- Up-to-date: /home/admin/ros2_ws/install/robotnik_common_msgs/lib/librobotnik_common_msgs__rosidl_typesupport_fastrtps_cpp.so
[0.379s] -- Up-to-date: /home/admin/ros2_ws/install/robotnik_common_msgs/include/robotnik_common_msgs/robotnik_common_msgs
[0.380s] -- Up-to-date: /home/admin/ros2_ws/install/robotnik_common_msgs/include/robotnik_common_msgs/robotnik_common_msgs/srv
[0.380s] -- Up-to-date: /home/admin/ros2_ws/install/robotnik_common_msgs/include/robotnik_common_msgs/robotnik_common_msgs/srv/detail
[0.380s] -- Up-to-date: /home/admin/ros2_ws/install/robotnik_common_msgs/include/robotnik_common_msgs/robotnik_common_msgs/srv/detail/set_int32__rosidl_typesupport_introspection_c.h
[0.380s] -- Up-to-date: /home/admin/ros2_ws/install/robotnik_common_msgs/include/robotnik_common_msgs/robotnik_common_msgs/srv/detail/set_string__rosidl_typesupport_introspection_c.h
[0.381s] -- Up-to-date: /home/admin/ros2_ws/install/robotnik_common_msgs/include/robotnik_common_msgs/robotnik_common_msgs/srv/detail/set_int32__type_support.c
[0.381s] -- Up-to-date: /home/admin/ros2_ws/install/robotnik_common_msgs/include/robotnik_common_msgs/robotnik_common_msgs/srv/detail/set_float32__type_support.c
[0.381s] -- Up-to-date: /home/admin/ros2_ws/install/robotnik_common_msgs/include/robotnik_common_msgs/robotnik_common_msgs/srv/detail/set_float32__rosidl_typesupport_introspection_c.h
[0.381s] -- Up-to-date: /home/admin/ros2_ws/install/robotnik_common_msgs/include/robotnik_common_msgs/robotnik_common_msgs/srv/detail/set_bool__type_support.c
[0.386s] -- Up-to-date: /home/admin/ros2_ws/install/robotnik_common_msgs/include/robotnik_common_msgs/robotnik_common_msgs/srv/detail/set_string__type_support.c
[0.386s] -- Up-to-date: /home/admin/ros2_ws/install/robotnik_common_msgs/include/robotnik_common_msgs/robotnik_common_msgs/srv/detail/set_bool__rosidl_typesupport_introspection_c.h
[0.386s] -- Up-to-date: /home/admin/ros2_ws/install/robotnik_common_msgs/include/robotnik_common_msgs/robotnik_common_msgs/srv/detail/set_float64__rosidl_typesupport_introspection_c.h
[0.386s] -- Up-to-date: /home/admin/ros2_ws/install/robotnik_common_msgs/include/robotnik_common_msgs/robotnik_common_msgs/srv/detail/set_float64__type_support.c
[0.386s] -- Up-to-date: /home/admin/ros2_ws/install/robotnik_common_msgs/include/robotnik_common_msgs/robotnik_common_msgs/msg
[0.386s] -- Up-to-date: /home/admin/ros2_ws/install/robotnik_common_msgs/include/robotnik_common_msgs/robotnik_common_msgs/msg/detail
[0.386s] -- Up-to-date: /home/admin/ros2_ws/install/robotnik_common_msgs/include/robotnik_common_msgs/robotnik_common_msgs/msg/detail/response__type_support.c
[0.386s] -- Up-to-date: /home/admin/ros2_ws/install/robotnik_common_msgs/include/robotnik_common_msgs/robotnik_common_msgs/msg/detail/response__rosidl_typesupport_introspection_c.h
[0.386s] -- Up-to-date: /home/admin/ros2_ws/install/robotnik_common_msgs/include/robotnik_common_msgs/robotnik_common_msgs/msg/rosidl_typesupport_introspection_c__visibility_control.h
[0.386s] -- Up-to-date: /home/admin/ros2_ws/install/robotnik_common_msgs/lib/librobotnik_common_msgs__rosidl_typesupport_introspection_c.so
[0.386s] -- Up-to-date: /home/admin/ros2_ws/install/robotnik_common_msgs/lib/librobotnik_common_msgs__rosidl_typesupport_c.so
[0.387s] -- Up-to-date: /home/admin/ros2_ws/install/robotnik_common_msgs/include/robotnik_common_msgs/robotnik_common_msgs
[0.387s] -- Up-to-date: /home/admin/ros2_ws/install/robotnik_common_msgs/include/robotnik_common_msgs/robotnik_common_msgs/srv
[0.387s] -- Up-to-date: /home/admin/ros2_ws/install/robotnik_common_msgs/include/robotnik_common_msgs/robotnik_common_msgs/srv/detail
[0.387s] -- Up-to-date: /home/admin/ros2_ws/install/robotnik_common_msgs/include/robotnik_common_msgs/robotnik_common_msgs/srv/detail/set_string__rosidl_typesupport_introspection_cpp.hpp
[0.387s] -- Up-to-date: /home/admin/ros2_ws/install/robotnik_common_msgs/include/robotnik_common_msgs/robotnik_common_msgs/srv/detail/set_int32__type_support.cpp
[0.387s] -- Up-to-date: /home/admin/ros2_ws/install/robotnik_common_msgs/include/robotnik_common_msgs/robotnik_common_msgs/srv/detail/set_bool__rosidl_typesupport_introspection_cpp.hpp
[0.387s] -- Up-to-date: /home/admin/ros2_ws/install/robotnik_common_msgs/include/robotnik_common_msgs/robotnik_common_msgs/srv/detail/set_float64__rosidl_typesupport_introspection_cpp.hpp
[0.387s] -- Up-to-date: /home/admin/ros2_ws/install/robotnik_common_msgs/include/robotnik_common_msgs/robotnik_common_msgs/srv/detail/set_bool__type_support.cpp
[0.387s] -- Up-to-date: /home/admin/ros2_ws/install/robotnik_common_msgs/include/robotnik_common_msgs/robotnik_common_msgs/srv/detail/set_float64__type_support.cpp
[0.387s] -- Up-to-date: /home/admin/ros2_ws/install/robotnik_common_msgs/include/robotnik_common_msgs/robotnik_common_msgs/srv/detail/set_string__type_support.cpp
[0.387s] -- Up-to-date: /home/admin/ros2_ws/install/robotnik_common_msgs/include/robotnik_common_msgs/robotnik_common_msgs/srv/detail/set_float32__type_support.cpp
[0.387s] -- Up-to-date: /home/admin/ros2_ws/install/robotnik_common_msgs/include/robotnik_common_msgs/robotnik_common_msgs/srv/detail/set_int32__rosidl_typesupport_introspection_cpp.hpp
[0.387s] -- Up-to-date: /home/admin/ros2_ws/install/robotnik_common_msgs/include/robotnik_common_msgs/robotnik_common_msgs/srv/detail/set_float32__rosidl_typesupport_introspection_cpp.hpp
[0.387s] -- Up-to-date: /home/admin/ros2_ws/install/robotnik_common_msgs/include/robotnik_common_msgs/robotnik_common_msgs/msg
[0.387s] -- Up-to-date: /home/admin/ros2_ws/install/robotnik_common_msgs/include/robotnik_common_msgs/robotnik_common_msgs/msg/detail
[0.388s] -- Up-to-date: /home/admin/ros2_ws/install/robotnik_common_msgs/include/robotnik_common_msgs/robotnik_common_msgs/msg/detail/response__type_support.cpp
[0.391s] -- Up-to-date: /home/admin/ros2_ws/install/robotnik_common_msgs/include/robotnik_common_msgs/robotnik_common_msgs/msg/detail/response__rosidl_typesupport_introspection_cpp.hpp
[0.392s] -- Up-to-date: /home/admin/ros2_ws/install/robotnik_common_msgs/lib/librobotnik_common_msgs__rosidl_typesupport_introspection_cpp.so
[0.392s] -- Up-to-date: /home/admin/ros2_ws/install/robotnik_common_msgs/lib/librobotnik_common_msgs__rosidl_typesupport_cpp.so
[0.392s] -- Up-to-date: /home/admin/ros2_ws/install/robotnik_common_msgs/share/robotnik_common_msgs/environment/pythonpath.sh
[0.392s] -- Up-to-date: /home/admin/ros2_ws/install/robotnik_common_msgs/share/robotnik_common_msgs/environment/pythonpath.dsv
[0.392s] -- Up-to-date: /home/admin/ros2_ws/install/robotnik_common_msgs/local/lib/python3.10/dist-packages/robotnik_common_msgs-1.0.0-py3.10.egg-info
[0.392s] -- Installing: /home/admin/ros2_ws/install/robotnik_common_msgs/local/lib/python3.10/dist-packages/robotnik_common_msgs-1.0.0-py3.10.egg-info/PKG-INFO
[0.392s] -- Installing: /home/admin/ros2_ws/install/robotnik_common_msgs/local/lib/python3.10/dist-packages/robotnik_common_msgs-1.0.0-py3.10.egg-info/SOURCES.txt
[0.392s] -- Installing: /home/admin/ros2_ws/install/robotnik_common_msgs/local/lib/python3.10/dist-packages/robotnik_common_msgs-1.0.0-py3.10.egg-info/dependency_links.txt
[0.392s] -- Installing: /home/admin/ros2_ws/install/robotnik_common_msgs/local/lib/python3.10/dist-packages/robotnik_common_msgs-1.0.0-py3.10.egg-info/top_level.txt
[0.392s] -- Up-to-date: /home/admin/ros2_ws/install/robotnik_common_msgs/local/lib/python3.10/dist-packages/robotnik_common_msgs
[0.392s] -- Up-to-date: /home/admin/ros2_ws/install/robotnik_common_msgs/local/lib/python3.10/dist-packages/robotnik_common_msgs/_robotnik_common_msgs_s.ep.rosidl_typesupport_fastrtps_c.c
[0.392s] -- Up-to-date: /home/admin/ros2_ws/install/robotnik_common_msgs/local/lib/python3.10/dist-packages/robotnik_common_msgs/librobotnik_common_msgs__rosidl_generator_py.so
[0.392s] -- Up-to-date: /home/admin/ros2_ws/install/robotnik_common_msgs/local/lib/python3.10/dist-packages/robotnik_common_msgs/robotnik_common_msgs_s__rosidl_typesupport_c.cpython-310-x86_64-linux-gnu.so
[0.392s] -- Up-to-date: /home/admin/ros2_ws/install/robotnik_common_msgs/local/lib/python3.10/dist-packages/robotnik_common_msgs/robotnik_common_msgs_s__rosidl_typesupport_introspection_c.cpython-310-x86_64-linux-gnu.so
[0.392s] -- Up-to-date: /home/admin/ros2_ws/install/robotnik_common_msgs/local/lib/python3.10/dist-packages/robotnik_common_msgs/__init__.py
[0.393s] -- Up-to-date: /home/admin/ros2_ws/install/robotnik_common_msgs/local/lib/python3.10/dist-packages/robotnik_common_msgs/robotnik_common_msgs_s__rosidl_typesupport_fastrtps_c.cpython-310-x86_64-linux-gnu.so
[0.393s] -- Up-to-date: /home/admin/ros2_ws/install/robotnik_common_msgs/local/lib/python3.10/dist-packages/robotnik_common_msgs/srv
[0.393s] -- Up-to-date: /home/admin/ros2_ws/install/robotnik_common_msgs/local/lib/python3.10/dist-packages/robotnik_common_msgs/srv/_set_string.py
[0.393s] -- Up-to-date: /home/admin/ros2_ws/install/robotnik_common_msgs/local/lib/python3.10/dist-packages/robotnik_common_msgs/srv/_set_bool.py
[0.393s] -- Up-to-date: /home/admin/ros2_ws/install/robotnik_common_msgs/local/lib/python3.10/dist-packages/robotnik_common_msgs/srv/_set_string_s.c
[0.393s] -- Up-to-date: /home/admin/ros2_ws/install/robotnik_common_msgs/local/lib/python3.10/dist-packages/robotnik_common_msgs/srv/_set_float32_s.c
[0.393s] -- Up-to-date: /home/admin/ros2_ws/install/robotnik_common_msgs/local/lib/python3.10/dist-packages/robotnik_common_msgs/srv/__init__.py
[0.393s] -- Up-to-date: /home/admin/ros2_ws/install/robotnik_common_msgs/local/lib/python3.10/dist-packages/robotnik_common_msgs/srv/_set_float64.py
[0.393s] -- Up-to-date: /home/admin/ros2_ws/install/robotnik_common_msgs/local/lib/python3.10/dist-packages/robotnik_common_msgs/srv/_set_float64_s.c
[0.393s] -- Up-to-date: /home/admin/ros2_ws/install/robotnik_common_msgs/local/lib/python3.10/dist-packages/robotnik_common_msgs/srv/_set_float32.py
[0.393s] -- Up-to-date: /home/admin/ros2_ws/install/robotnik_common_msgs/local/lib/python3.10/dist-packages/robotnik_common_msgs/srv/_set_int32.py
[0.393s] -- Up-to-date: /home/admin/ros2_ws/install/robotnik_common_msgs/local/lib/python3.10/dist-packages/robotnik_common_msgs/srv/_set_int32_s.c
[0.393s] -- Up-to-date: /home/admin/ros2_ws/install/robotnik_common_msgs/local/lib/python3.10/dist-packages/robotnik_common_msgs/srv/_set_bool_s.c
[0.393s] -- Up-to-date: /home/admin/ros2_ws/install/robotnik_common_msgs/local/lib/python3.10/dist-packages/robotnik_common_msgs/msg
[0.393s] -- Up-to-date: /home/admin/ros2_ws/install/robotnik_common_msgs/local/lib/python3.10/dist-packages/robotnik_common_msgs/msg/_response.py
[0.394s] -- Up-to-date: /home/admin/ros2_ws/install/robotnik_common_msgs/local/lib/python3.10/dist-packages/robotnik_common_msgs/msg/__init__.py
[0.394s] -- Up-to-date: /home/admin/ros2_ws/install/robotnik_common_msgs/local/lib/python3.10/dist-packages/robotnik_common_msgs/msg/_response_s.c
[0.394s] -- Up-to-date: /home/admin/ros2_ws/install/robotnik_common_msgs/local/lib/python3.10/dist-packages/robotnik_common_msgs/_robotnik_common_msgs_s.ep.rosidl_typesupport_c.c
[0.394s] -- Up-to-date: /home/admin/ros2_ws/install/robotnik_common_msgs/local/lib/python3.10/dist-packages/robotnik_common_msgs/_robotnik_common_msgs_s.ep.rosidl_typesupport_introspection_c.c
[0.421s] Listing '/home/admin/ros2_ws/install/robotnik_common_msgs/local/lib/python3.10/dist-packages/robotnik_common_msgs'...
[0.421s] Listing '/home/admin/ros2_ws/install/robotnik_common_msgs/local/lib/python3.10/dist-packages/robotnik_common_msgs/msg'...
[0.421s] Listing '/home/admin/ros2_ws/install/robotnik_common_msgs/local/lib/python3.10/dist-packages/robotnik_common_msgs/srv'...
[0.423s] -- Up-to-date: /home/admin/ros2_ws/install/robotnik_common_msgs/local/lib/python3.10/dist-packages/robotnik_common_msgs/robotnik_common_msgs_s__rosidl_typesupport_fastrtps_c.cpython-310-x86_64-linux-gnu.so
[0.423s] -- Up-to-date: /home/admin/ros2_ws/install/robotnik_common_msgs/local/lib/python3.10/dist-packages/robotnik_common_msgs/robotnik_common_msgs_s__rosidl_typesupport_introspection_c.cpython-310-x86_64-linux-gnu.so
[0.423s] -- Up-to-date: /home/admin/ros2_ws/install/robotnik_common_msgs/local/lib/python3.10/dist-packages/robotnik_common_msgs/robotnik_common_msgs_s__rosidl_typesupport_c.cpython-310-x86_64-linux-gnu.so
[0.423s] -- Up-to-date: /home/admin/ros2_ws/install/robotnik_common_msgs/lib/librobotnik_common_msgs__rosidl_generator_py.so
[0.423s] -- Up-to-date: /home/admin/ros2_ws/install/robotnik_common_msgs/share/robotnik_common_msgs/msg/Response.idl
[0.423s] -- Up-to-date: /home/admin/ros2_ws/install/robotnik_common_msgs/share/robotnik_common_msgs/srv/SetBool.idl
[0.423s] -- Up-to-date: /home/admin/ros2_ws/install/robotnik_common_msgs/share/robotnik_common_msgs/srv/SetFloat32.idl
[0.423s] -- Up-to-date: /home/admin/ros2_ws/install/robotnik_common_msgs/share/robotnik_common_msgs/srv/SetFloat64.idl
[0.423s] -- Up-to-date: /home/admin/ros2_ws/install/robotnik_common_msgs/share/robotnik_common_msgs/srv/SetInt32.idl
[0.424s] -- Up-to-date: /home/admin/ros2_ws/install/robotnik_common_msgs/share/robotnik_common_msgs/srv/SetString.idl
[0.424s] -- Up-to-date: /home/admin/ros2_ws/install/robotnik_common_msgs/share/robotnik_common_msgs/msg/Response.msg
[0.424s] -- Up-to-date: /home/admin/ros2_ws/install/robotnik_common_msgs/share/robotnik_common_msgs/srv/SetBool.srv
[0.425s] -- Up-to-date: /home/admin/ros2_ws/install/robotnik_common_msgs/share/robotnik_common_msgs/srv/SetBool_Request.msg
[0.425s] -- Up-to-date: /home/admin/ros2_ws/install/robotnik_common_msgs/share/robotnik_common_msgs/srv/SetBool_Response.msg
[0.425s] -- Up-to-date: /home/admin/ros2_ws/install/robotnik_common_msgs/share/robotnik_common_msgs/srv/SetFloat32.srv
[0.425s] -- Up-to-date: /home/admin/ros2_ws/install/robotnik_common_msgs/share/robotnik_common_msgs/srv/SetFloat32_Request.msg
[0.425s] -- Up-to-date: /home/admin/ros2_ws/install/robotnik_common_msgs/share/robotnik_common_msgs/srv/SetFloat32_Response.msg
[0.425s] -- Up-to-date: /home/admin/ros2_ws/install/robotnik_common_msgs/share/robotnik_common_msgs/srv/SetFloat64.srv
[0.425s] -- Up-to-date: /home/admin/ros2_ws/install/robotnik_common_msgs/share/robotnik_common_msgs/srv/SetFloat64_Request.msg
[0.425s] -- Up-to-date: /home/admin/ros2_ws/install/robotnik_common_msgs/share/robotnik_common_msgs/srv/SetFloat64_Response.msg
[0.425s] -- Up-to-date: /home/admin/ros2_ws/install/robotnik_common_msgs/share/robotnik_common_msgs/srv/SetInt32.srv
[0.425s] -- Up-to-date: /home/admin/ros2_ws/install/robotnik_common_msgs/share/robotnik_common_msgs/srv/SetInt32_Request.msg
[0.425s] -- Up-to-date: /home/admin/ros2_ws/install/robotnik_common_msgs/share/robotnik_common_msgs/srv/SetInt32_Response.msg
[0.425s] -- Up-to-date: /home/admin/ros2_ws/install/robotnik_common_msgs/share/robotnik_common_msgs/srv/SetString.srv
[0.426s] -- Up-to-date: /home/admin/ros2_ws/install/robotnik_common_msgs/share/robotnik_common_msgs/srv/SetString_Request.msg
[0.426s] -- Up-to-date: /home/admin/ros2_ws/install/robotnik_common_msgs/share/robotnik_common_msgs/srv/SetString_Response.msg
[0.426s] -- Up-to-date: /home/admin/ros2_ws/install/robotnik_common_msgs/share/ament_index/resource_index/package_run_dependencies/robotnik_common_msgs
[0.426s] -- Up-to-date: /home/admin/ros2_ws/install/robotnik_common_msgs/share/ament_index/resource_index/parent_prefix_path/robotnik_common_msgs
[0.426s] -- Up-to-date: /home/admin/ros2_ws/install/robotnik_common_msgs/share/robotnik_common_msgs/environment/ament_prefix_path.sh
[0.426s] -- Up-to-date: /home/admin/ros2_ws/install/robotnik_common_msgs/share/robotnik_common_msgs/environment/ament_prefix_path.dsv
[0.426s] -- Up-to-date: /home/admin/ros2_ws/install/robotnik_common_msgs/share/robotnik_common_msgs/environment/path.sh
[0.426s] -- Up-to-date: /home/admin/ros2_ws/install/robotnik_common_msgs/share/robotnik_common_msgs/environment/path.dsv
[0.426s] -- Up-to-date: /home/admin/ros2_ws/install/robotnik_common_msgs/share/robotnik_common_msgs/local_setup.bash
[0.426s] -- Up-to-date: /home/admin/ros2_ws/install/robotnik_common_msgs/share/robotnik_common_msgs/local_setup.sh
[0.426s] -- Up-to-date: /home/admin/ros2_ws/install/robotnik_common_msgs/share/robotnik_common_msgs/local_setup.zsh
[0.426s] -- Up-to-date: /home/admin/ros2_ws/install/robotnik_common_msgs/share/robotnik_common_msgs/local_setup.dsv
[0.427s] -- Installing: /home/admin/ros2_ws/install/robotnik_common_msgs/share/robotnik_common_msgs/package.dsv
[0.427s] -- Up-to-date: /home/admin/ros2_ws/install/robotnik_common_msgs/share/ament_index/resource_index/packages/robotnik_common_msgs
[0.427s] -- Up-to-date: /home/admin/ros2_ws/install/robotnik_common_msgs/share/robotnik_common_msgs/cmake/export_robotnik_common_msgs__rosidl_generator_cExport.cmake
[0.427s] -- Up-to-date: /home/admin/ros2_ws/install/robotnik_common_msgs/share/robotnik_common_msgs/cmake/export_robotnik_common_msgs__rosidl_generator_cExport-noconfig.cmake
[0.427s] -- Up-to-date: /home/admin/ros2_ws/install/robotnik_common_msgs/share/robotnik_common_msgs/cmake/export_robotnik_common_msgs__rosidl_typesupport_fastrtps_cExport.cmake
[0.427s] -- Up-to-date: /home/admin/ros2_ws/install/robotnik_common_msgs/share/robotnik_common_msgs/cmake/export_robotnik_common_msgs__rosidl_typesupport_fastrtps_cExport-noconfig.cmake
[0.427s] -- Up-to-date: /home/admin/ros2_ws/install/robotnik_common_msgs/share/robotnik_common_msgs/cmake/export_robotnik_common_msgs__rosidl_generator_cppExport.cmake
[0.427s] -- Up-to-date: /home/admin/ros2_ws/install/robotnik_common_msgs/share/robotnik_common_msgs/cmake/export_robotnik_common_msgs__rosidl_typesupport_fastrtps_cppExport.cmake
[0.427s] -- Up-to-date: /home/admin/ros2_ws/install/robotnik_common_msgs/share/robotnik_common_msgs/cmake/export_robotnik_common_msgs__rosidl_typesupport_fastrtps_cppExport-noconfig.cmake
[0.427s] -- Up-to-date: /home/admin/ros2_ws/install/robotnik_common_msgs/share/robotnik_common_msgs/cmake/robotnik_common_msgs__rosidl_typesupport_introspection_cExport.cmake
[0.427s] -- Up-to-date: /home/admin/ros2_ws/install/robotnik_common_msgs/share/robotnik_common_msgs/cmake/robotnik_common_msgs__rosidl_typesupport_introspection_cExport-noconfig.cmake
[0.427s] -- Up-to-date: /home/admin/ros2_ws/install/robotnik_common_msgs/share/robotnik_common_msgs/cmake/robotnik_common_msgs__rosidl_typesupport_cExport.cmake
[0.427s] -- Up-to-date: /home/admin/ros2_ws/install/robotnik_common_msgs/share/robotnik_common_msgs/cmake/robotnik_common_msgs__rosidl_typesupport_cExport-noconfig.cmake
[0.428s] -- Up-to-date: /home/admin/ros2_ws/install/robotnik_common_msgs/share/robotnik_common_msgs/cmake/robotnik_common_msgs__rosidl_typesupport_introspection_cppExport.cmake
[0.428s] -- Up-to-date: /home/admin/ros2_ws/install/robotnik_common_msgs/share/robotnik_common_msgs/cmake/robotnik_common_msgs__rosidl_typesupport_introspection_cppExport-noconfig.cmake
[0.428s] -- Up-to-date: /home/admin/ros2_ws/install/robotnik_common_msgs/share/robotnik_common_msgs/cmake/robotnik_common_msgs__rosidl_typesupport_cppExport.cmake
[0.428s] -- Up-to-date: /home/admin/ros2_ws/install/robotnik_common_msgs/share/robotnik_common_msgs/cmake/robotnik_common_msgs__rosidl_typesupport_cppExport-noconfig.cmake
[0.428s] -- Up-to-date: /home/admin/ros2_ws/install/robotnik_common_msgs/share/robotnik_common_msgs/cmake/export_robotnik_common_msgs__rosidl_generator_pyExport.cmake
[0.428s] -- Up-to-date: /home/admin/ros2_ws/install/robotnik_common_msgs/share/robotnik_common_msgs/cmake/export_robotnik_common_msgs__rosidl_generator_pyExport-noconfig.cmake
[0.428s] -- Up-to-date: /home/admin/ros2_ws/install/robotnik_common_msgs/share/robotnik_common_msgs/cmake/rosidl_cmake-extras.cmake
[0.428s] -- Up-to-date: /home/admin/ros2_ws/install/robotnik_common_msgs/share/robotnik_common_msgs/cmake/ament_cmake_export_dependencies-extras.cmake
[0.428s] -- Up-to-date: /home/admin/ros2_ws/install/robotnik_common_msgs/share/robotnik_common_msgs/cmake/ament_cmake_export_include_directories-extras.cmake
[0.428s] -- Up-to-date: /home/admin/ros2_ws/install/robotnik_common_msgs/share/robotnik_common_msgs/cmake/ament_cmake_export_libraries-extras.cmake
[0.428s] -- Up-to-date: /home/admin/ros2_ws/install/robotnik_common_msgs/share/robotnik_common_msgs/cmake/ament_cmake_export_targets-extras.cmake
[0.428s] -- Up-to-date: /home/admin/ros2_ws/install/robotnik_common_msgs/share/robotnik_common_msgs/cmake/rosidl_cmake_export_typesupport_targets-extras.cmake
[0.428s] -- Up-to-date: /home/admin/ros2_ws/install/robotnik_common_msgs/share/robotnik_common_msgs/cmake/rosidl_cmake_export_typesupport_libraries-extras.cmake
[0.429s] -- Up-to-date: /home/admin/ros2_ws/install/robotnik_common_msgs/share/robotnik_common_msgs/cmake/robotnik_common_msgsConfig.cmake
[0.429s] -- Up-to-date: /home/admin/ros2_ws/install/robotnik_common_msgs/share/robotnik_common_msgs/cmake/robotnik_common_msgsConfig-version.cmake
[0.429s] -- Up-to-date: /home/admin/ros2_ws/install/robotnik_common_msgs/share/robotnik_common_msgs/package.xml
[0.455s] Invoked command in '/home/admin/ros2_ws/build/robotnik_common_msgs' returned '0': CMAKE_PREFIX_PATH=${CMAKE_PREFIX_PATH}:/home/admin/ros2_ws/install/robotnik_safety_msgs:/home/admin/ros2_ws/install/rbvogui_cartographer:/opt/ros/humble /usr/bin/cmake --install /home/admin/ros2_ws/build/robotnik_common_msgs
