[0.025s] Invoking command in '/home/admin/ros2_ws/build/robotnik_gazebo_ignition': CMAKE_PREFIX_PATH=/home/admin/ros2_ws/install/robotnik_description:/home/admin/ros2_ws/install/robotnik_sensors:/home/admin/ros2_ws/install/robotnik_common:/home/admin/ros2_ws/install/robotnik_supervisor_msgs:/home/admin/ros2_ws/install/robotnik_gazebo_ignition:/home/admin/ros2_ws/install/robotnik_gazebo_classic:/home/admin/ros2_ws/install/robotnik_interfaces:/home/admin/ros2_ws/install/robotnik_perception_msgs:/home/admin/ros2_ws/install/robotnik_navigation_msgs:/home/admin/ros2_ws/install/robotnik_io_msgs:/home/admin/ros2_ws/install/robotnik_controllers_msgs:/home/admin/ros2_ws/install/robotnik_common_msgs:/home/admin/ros2_ws/install/robotnik_battery_msgs:/home/admin/ros2_ws/install/robotnik_safety_msgs:/home/admin/ros2_ws/install/rbvogui_cartographer:/opt/ros/humble /usr/bin/cmake --build /home/admin/ros2_ws/build/robotnik_gazebo_ignition -- -j20 -l20
[0.059s] Invoked command in '/home/admin/ros2_ws/build/robotnik_gazebo_ignition' returned '0': CMAKE_PREFIX_PATH=/home/admin/ros2_ws/install/robotnik_description:/home/admin/ros2_ws/install/robotnik_sensors:/home/admin/ros2_ws/install/robotnik_common:/home/admin/ros2_ws/install/robotnik_supervisor_msgs:/home/admin/ros2_ws/install/robotnik_gazebo_ignition:/home/admin/ros2_ws/install/robotnik_gazebo_classic:/home/admin/ros2_ws/install/robotnik_interfaces:/home/admin/ros2_ws/install/robotnik_perception_msgs:/home/admin/ros2_ws/install/robotnik_navigation_msgs:/home/admin/ros2_ws/install/robotnik_io_msgs:/home/admin/ros2_ws/install/robotnik_controllers_msgs:/home/admin/ros2_ws/install/robotnik_common_msgs:/home/admin/ros2_ws/install/robotnik_battery_msgs:/home/admin/ros2_ws/install/robotnik_safety_msgs:/home/admin/ros2_ws/install/rbvogui_cartographer:/opt/ros/humble /usr/bin/cmake --build /home/admin/ros2_ws/build/robotnik_gazebo_ignition -- -j20 -l20
[0.060s] Invoking command in '/home/admin/ros2_ws/build/robotnik_gazebo_ignition': CMAKE_PREFIX_PATH=/home/admin/ros2_ws/install/robotnik_description:/home/admin/ros2_ws/install/robotnik_sensors:/home/admin/ros2_ws/install/robotnik_common:/home/admin/ros2_ws/install/robotnik_supervisor_msgs:/home/admin/ros2_ws/install/robotnik_gazebo_ignition:/home/admin/ros2_ws/install/robotnik_gazebo_classic:/home/admin/ros2_ws/install/robotnik_interfaces:/home/admin/ros2_ws/install/robotnik_perception_msgs:/home/admin/ros2_ws/install/robotnik_navigation_msgs:/home/admin/ros2_ws/install/robotnik_io_msgs:/home/admin/ros2_ws/install/robotnik_controllers_msgs:/home/admin/ros2_ws/install/robotnik_common_msgs:/home/admin/ros2_ws/install/robotnik_battery_msgs:/home/admin/ros2_ws/install/robotnik_safety_msgs:/home/admin/ros2_ws/install/rbvogui_cartographer:/opt/ros/humble /usr/bin/cmake --install /home/admin/ros2_ws/build/robotnik_gazebo_ignition
[0.068s] -- Install configuration: ""
[0.068s] -- Up-to-date: /home/admin/ros2_ws/install/robotnik_gazebo_ignition/share/robotnik_gazebo_ignition//launch
[0.069s] -- Up-to-date: /home/admin/ros2_ws/install/robotnik_gazebo_ignition/share/robotnik_gazebo_ignition//launch/spawn_robot.launch.py
[0.069s] -- Up-to-date: /home/admin/ros2_ws/install/robotnik_gazebo_ignition/share/robotnik_gazebo_ignition//launch/spawn_world.launch.py
[0.069s] -- Up-to-date: /home/admin/ros2_ws/install/robotnik_gazebo_ignition/share/robotnik_gazebo_ignition//config
[0.069s] -- Up-to-date: /home/admin/ros2_ws/install/robotnik_gazebo_ignition/share/robotnik_gazebo_ignition//config/rbsummit
[0.069s] -- Up-to-date: /home/admin/ros2_ws/install/robotnik_gazebo_ignition/share/robotnik_gazebo_ignition//config/rbsummit/rviz_config.rviz
[0.069s] -- Up-to-date: /home/admin/ros2_ws/install/robotnik_gazebo_ignition/share/robotnik_gazebo_ignition//config/rbsummit/bridge.yaml
[0.069s] -- Up-to-date: /home/admin/ros2_ws/install/robotnik_gazebo_ignition/share/robotnik_gazebo_ignition//config/rbsummit/rbsummit_controller_params.yaml
[0.069s] -- Up-to-date: /home/admin/ros2_ws/install/robotnik_gazebo_ignition/share/robotnik_gazebo_ignition//config/rbrobout
[0.069s] -- Up-to-date: /home/admin/ros2_ws/install/robotnik_gazebo_ignition/share/robotnik_gazebo_ignition//config/rbrobout/rviz_config.rviz
[0.070s] -- Up-to-date: /home/admin/ros2_ws/install/robotnik_gazebo_ignition/share/robotnik_gazebo_ignition//config/rbrobout/bridge.yaml
[0.070s] -- Up-to-date: /home/admin/ros2_ws/install/robotnik_gazebo_ignition/share/robotnik_gazebo_ignition//config/rbrobout/rbrobout_controller_params.yaml
[0.070s] -- Up-to-date: /home/admin/ros2_ws/install/robotnik_gazebo_ignition/share/robotnik_gazebo_ignition//config/rbkairos
[0.070s] -- Up-to-date: /home/admin/ros2_ws/install/robotnik_gazebo_ignition/share/robotnik_gazebo_ignition//config/rbkairos/rviz_config.rviz
[0.070s] -- Up-to-date: /home/admin/ros2_ws/install/robotnik_gazebo_ignition/share/robotnik_gazebo_ignition//config/rbkairos/rbkairos_controller_params.yaml
[0.070s] -- Up-to-date: /home/admin/ros2_ws/install/robotnik_gazebo_ignition/share/robotnik_gazebo_ignition//config/rbkairos/bridge.yaml
[0.070s] -- Up-to-date: /home/admin/ros2_ws/install/robotnik_gazebo_ignition/share/robotnik_gazebo_ignition//config/rbtheron
[0.070s] -- Up-to-date: /home/admin/ros2_ws/install/robotnik_gazebo_ignition/share/robotnik_gazebo_ignition//config/rbtheron/rbtheron_controller_params.yaml
[0.070s] -- Up-to-date: /home/admin/ros2_ws/install/robotnik_gazebo_ignition/share/robotnik_gazebo_ignition//config/rbtheron/rviz_config.rviz
[0.070s] -- Up-to-date: /home/admin/ros2_ws/install/robotnik_gazebo_ignition/share/robotnik_gazebo_ignition//config/rbtheron/bridge.yaml
[0.070s] -- Up-to-date: /home/admin/ros2_ws/install/robotnik_gazebo_ignition/share/robotnik_gazebo_ignition//config/rbvogui
[0.070s] -- Up-to-date: /home/admin/ros2_ws/install/robotnik_gazebo_ignition/share/robotnik_gazebo_ignition//config/rbvogui/rbvogui_controller_params.yaml
[0.070s] -- Up-to-date: /home/admin/ros2_ws/install/robotnik_gazebo_ignition/share/robotnik_gazebo_ignition//config/rbvogui/rviz_config.rviz
[0.070s] -- Up-to-date: /home/admin/ros2_ws/install/robotnik_gazebo_ignition/share/robotnik_gazebo_ignition//config/rbvogui/bridge.yaml
[0.070s] -- Up-to-date: /home/admin/ros2_ws/install/robotnik_gazebo_ignition/share/robotnik_gazebo_ignition//worlds
[0.070s] -- Up-to-date: /home/admin/ros2_ws/install/robotnik_gazebo_ignition/share/robotnik_gazebo_ignition//worlds/demo.sdf.world
[0.070s] -- Up-to-date: /home/admin/ros2_ws/install/robotnik_gazebo_ignition/share/ament_index/resource_index/package_run_dependencies/robotnik_gazebo_ignition
[0.071s] -- Up-to-date: /home/admin/ros2_ws/install/robotnik_gazebo_ignition/share/ament_index/resource_index/parent_prefix_path/robotnik_gazebo_ignition
[0.071s] -- Up-to-date: /home/admin/ros2_ws/install/robotnik_gazebo_ignition/share/robotnik_gazebo_ignition/environment/ament_prefix_path.sh
[0.071s] -- Up-to-date: /home/admin/ros2_ws/install/robotnik_gazebo_ignition/share/robotnik_gazebo_ignition/environment/ament_prefix_path.dsv
[0.071s] -- Up-to-date: /home/admin/ros2_ws/install/robotnik_gazebo_ignition/share/robotnik_gazebo_ignition/environment/path.sh
[0.071s] -- Up-to-date: /home/admin/ros2_ws/install/robotnik_gazebo_ignition/share/robotnik_gazebo_ignition/environment/path.dsv
[0.071s] -- Up-to-date: /home/admin/ros2_ws/install/robotnik_gazebo_ignition/share/robotnik_gazebo_ignition/local_setup.bash
[0.071s] -- Up-to-date: /home/admin/ros2_ws/install/robotnik_gazebo_ignition/share/robotnik_gazebo_ignition/local_setup.sh
[0.071s] -- Up-to-date: /home/admin/ros2_ws/install/robotnik_gazebo_ignition/share/robotnik_gazebo_ignition/local_setup.zsh
[0.072s] -- Up-to-date: /home/admin/ros2_ws/install/robotnik_gazebo_ignition/share/robotnik_gazebo_ignition/local_setup.dsv
[0.072s] -- Up-to-date: /home/admin/ros2_ws/install/robotnik_gazebo_ignition/share/robotnik_gazebo_ignition/package.dsv
[0.072s] -- Up-to-date: /home/admin/ros2_ws/install/robotnik_gazebo_ignition/share/ament_index/resource_index/packages/robotnik_gazebo_ignition
[0.072s] -- Up-to-date: /home/admin/ros2_ws/install/robotnik_gazebo_ignition/share/robotnik_gazebo_ignition/cmake/robotnik_gazebo_ignitionConfig.cmake
[0.072s] -- Up-to-date: /home/admin/ros2_ws/install/robotnik_gazebo_ignition/share/robotnik_gazebo_ignition/cmake/robotnik_gazebo_ignitionConfig-version.cmake
[0.072s] -- Up-to-date: /home/admin/ros2_ws/install/robotnik_gazebo_ignition/share/robotnik_gazebo_ignition/package.xml
[0.094s] Invoked command in '/home/admin/ros2_ws/build/robotnik_gazebo_ignition' returned '0': CMAKE_PREFIX_PATH=/home/admin/ros2_ws/install/robotnik_description:/home/admin/ros2_ws/install/robotnik_sensors:/home/admin/ros2_ws/install/robotnik_common:/home/admin/ros2_ws/install/robotnik_supervisor_msgs:/home/admin/ros2_ws/install/robotnik_gazebo_ignition:/home/admin/ros2_ws/install/robotnik_gazebo_classic:/home/admin/ros2_ws/install/robotnik_interfaces:/home/admin/ros2_ws/install/robotnik_perception_msgs:/home/admin/ros2_ws/install/robotnik_navigation_msgs:/home/admin/ros2_ws/install/robotnik_io_msgs:/home/admin/ros2_ws/install/robotnik_controllers_msgs:/home/admin/ros2_ws/install/robotnik_common_msgs:/home/admin/ros2_ws/install/robotnik_battery_msgs:/home/admin/ros2_ws/install/robotnik_safety_msgs:/home/admin/ros2_ws/install/rbvogui_cartographer:/opt/ros/humble /usr/bin/cmake --install /home/admin/ros2_ws/build/robotnik_gazebo_ignition
