[  2%] Built target robotnik_perception_msgs__cpp
[ 12%] Built target robotnik_perception_msgs__rosidl_generator_c
[ 12%] Built target ament_cmake_python_copy_robotnik_perception_msgs
[ 23%] Built target robotnik_perception_msgs__rosidl_typesupport_fastrtps_cpp
[ 33%] Built target robotnik_perception_msgs__rosidl_typesupport_cpp
[ 43%] Built target robotnik_perception_msgs__rosidl_typesupport_introspection_cpp
[ 61%] Built target robotnik_perception_msgs__rosidl_typesupport_introspection_c
[ 64%] Built target robotnik_perception_msgs__rosidl_typesupport_fastrtps_c
[ 74%] Built target robotnik_perception_msgs__rosidl_typesupport_c
[ 74%] Built target robotnik_perception_msgs
[ 76%] Built target robotnik_perception_msgs__py
[ 84%] Built target robotnik_perception_msgs__rosidl_generator_py
[ 89%] Built target robotnik_perception_msgs__rosidl_typesupport_c__pyext
[ 94%] Built target robotnik_perception_msgs__rosidl_typesupport_introspection_c__pyext
[100%] Built target robotnik_perception_msgs__rosidl_typesupport_fastrtps_c__pyext
running egg_info
writing robotnik_perception_msgs.egg-info/PKG-INFO
writing dependency_links to robotnik_perception_msgs.egg-info/dependency_links.txt
writing top-level names to robotnik_perception_msgs.egg-info/top_level.txt
reading manifest file 'robotnik_perception_msgs.egg-info/SOURCES.txt'
writing manifest file 'robotnik_perception_msgs.egg-info/SOURCES.txt'
[100%] Built target ament_cmake_python_build_robotnik_perception_msgs_egg
