[0.022s] Invoking command in '/home/admin/ros2_ws/build/robotnik_safety_msgs': CMAKE_PREFIX_PATH=${CMAKE_PREFIX_PATH}:/home/admin/ros2_ws/install/custom_gz:/opt/ros/humble /usr/bin/cmake --build /home/admin/ros2_ws/build/robotnik_safety_msgs -- -j20 -l20
[0.058s] Invoked command in '/home/admin/ros2_ws/build/robotnik_safety_msgs' returned '0': CMAKE_PREFIX_PATH=${CMAKE_PREFIX_PATH}:/home/admin/ros2_ws/install/custom_gz:/opt/ros/humble /usr/bin/cmake --build /home/admin/ros2_ws/build/robotnik_safety_msgs -- -j20 -l20
[0.060s] Invoking command in '/home/admin/ros2_ws/build/robotnik_safety_msgs': CMAKE_PREFIX_PATH=${CMAKE_PREFIX_PATH}:/home/admin/ros2_ws/install/custom_gz:/opt/ros/humble /usr/bin/cmake --install /home/admin/ros2_ws/build/robotnik_safety_msgs
[0.095s] -- Install configuration: ""
[0.095s] -- Up-to-date: /home/admin/ros2_ws/install/robotnik_safety_msgs/share/ament_index/resource_index/package_run_dependencies/robotnik_safety_msgs
[0.096s] -- Up-to-date: /home/admin/ros2_ws/install/robotnik_safety_msgs/share/ament_index/resource_index/parent_prefix_path/robotnik_safety_msgs
[0.096s] -- Up-to-date: /home/admin/ros2_ws/install/robotnik_safety_msgs/share/robotnik_safety_msgs/environment/ament_prefix_path.sh
[0.096s] -- Up-to-date: /home/admin/ros2_ws/install/robotnik_safety_msgs/share/robotnik_safety_msgs/environment/ament_prefix_path.dsv
[0.096s] -- Up-to-date: /home/admin/ros2_ws/install/robotnik_safety_msgs/share/robotnik_safety_msgs/environment/path.sh
[0.096s] -- Up-to-date: /home/admin/ros2_ws/install/robotnik_safety_msgs/share/robotnik_safety_msgs/environment/path.dsv
[0.096s] -- Up-to-date: /home/admin/ros2_ws/install/robotnik_safety_msgs/share/robotnik_safety_msgs/local_setup.bash
[0.097s] -- Up-to-date: /home/admin/ros2_ws/install/robotnik_safety_msgs/share/robotnik_safety_msgs/local_setup.sh
[0.100s] -- Up-to-date: /home/admin/ros2_ws/install/robotnik_safety_msgs/share/robotnik_safety_msgs/local_setup.zsh
[0.101s] -- Up-to-date: /home/admin/ros2_ws/install/robotnik_safety_msgs/share/robotnik_safety_msgs/local_setup.dsv
[0.101s] -- Up-to-date: /home/admin/ros2_ws/install/robotnik_safety_msgs/share/robotnik_safety_msgs/package.dsv
[0.122s] -- Up-to-date: /home/admin/ros2_ws/install/robotnik_safety_msgs/share/ament_index/resource_index/packages/robotnik_safety_msgs
[0.122s] -- Up-to-date: /home/admin/ros2_ws/install/robotnik_safety_msgs/share/robotnik_safety_msgs/cmake/ament_cmake_export_dependencies-extras.cmake
[0.122s] -- Up-to-date: /home/admin/ros2_ws/install/robotnik_safety_msgs/share/robotnik_safety_msgs/cmake/robotnik_safety_msgsConfig.cmake
[0.123s] -- Up-to-date: /home/admin/ros2_ws/install/robotnik_safety_msgs/share/robotnik_safety_msgs/cmake/robotnik_safety_msgsConfig-version.cmake
[0.123s] -- Up-to-date: /home/admin/ros2_ws/install/robotnik_safety_msgs/share/robotnik_safety_msgs/package.xml
[0.158s] Invoked command in '/home/admin/ros2_ws/build/robotnik_safety_msgs' returned '0': CMAKE_PREFIX_PATH=${CMAKE_PREFIX_PATH}:/home/admin/ros2_ws/install/custom_gz:/opt/ros/humble /usr/bin/cmake --install /home/admin/ros2_ws/build/robotnik_safety_msgs
