[0.019s] Invoking command in '/home/admin/ros2_ws/build/aruco_marker_models_1': /usr/bin/cmake /home/admin/ros2_ws/aruco_marker_models_1 -DCMAKE_INSTALL_PREFIX=/home/admin/ros2_ws/install/aruco_marker_models_1
[0.215s] -- The C compiler identification is GNU 11.4.0
[0.215s] -- The CXX compiler identification is GNU 11.4.0
[0.215s] -- Detecting C compiler ABI info
[0.215s] -- Detecting C compiler ABI info - done
[0.215s] -- Check for working C compiler: /usr/bin/cc - skipped
[0.215s] -- Detecting C compile features
[0.215s] -- Detecting C compile features - done
[0.215s] -- Detecting CXX compiler ABI info
[0.215s] [33mCMake Warning (dev) in CMakeLists.txt:
[0.215s]   No project() command is present.  The top-level CMakeLists.txt file must
[0.215s]   contain a literal, direct call to the project() command.  Add a line of
[0.215s]   code such as
[0.215s] 
[0.215s]     project(ProjectName)
[0.215s] 
[0.215s]   near the top of the file, but after cmake_minimum_required().
[0.215s] 
[0.215s]   CMake is pretending there is a "project(Project)" command on the first
[0.215s]   line.
[0.215s] This warning is for project developers.  Use -Wno-dev to suppress it.
[0.215s] [0m
[0.260s] -- Detecting CXX compiler ABI info - done
[0.270s] -- Check for working CXX compiler: /usr/bin/c++ - skipped
[0.270s] -- Detecting CXX compile features
[0.271s] -- Detecting CXX compile features - done
[0.272s] -- Configuring done
[0.274s] -- Generating done
[0.274s] -- Build files have been written to: /home/admin/ros2_ws/build/aruco_marker_models_1
[0.289s] Invoked command in '/home/admin/ros2_ws/build/aruco_marker_models_1' returned '0': /usr/bin/cmake /home/admin/ros2_ws/aruco_marker_models_1 -DCMAKE_INSTALL_PREFIX=/home/admin/ros2_ws/install/aruco_marker_models_1
[0.290s] Invoking command in '/home/admin/ros2_ws/build/aruco_marker_models_1': /usr/bin/cmake --build /home/admin/ros2_ws/build/aruco_marker_models_1 -- -j20 -l20
[0.363s] Invoked command in '/home/admin/ros2_ws/build/aruco_marker_models_1' returned '0': /usr/bin/cmake --build /home/admin/ros2_ws/build/aruco_marker_models_1 -- -j20 -l20
