[0.024s] Invoking command in '/home/admin/ros2_ws/build/robotnik_gazebo_ignition': CMAKE_PREFIX_PATH=/home/admin/ros2_ws/install/robotnik_description:/home/admin/ros2_ws/install/robotnik_sensors:/home/admin/ros2_ws/install/robotnik_common:/home/admin/ros2_ws/install/robotnik_supervisor_msgs:/home/admin/ros2_ws/install/robotnik_gazebo_ignition:/home/admin/ros2_ws/install/robotnik_gazebo_classic:/home/admin/ros2_ws/install/robotnik_interfaces:/home/admin/ros2_ws/install/robotnik_safety_msgs:/home/admin/ros2_ws/install/robotnik_perception_msgs:/home/admin/ros2_ws/install/robotnik_navigation_msgs:/home/admin/ros2_ws/install/robotnik_io_msgs:/home/admin/ros2_ws/install/robotnik_controllers_msgs:/home/admin/ros2_ws/install/robotnik_common_msgs:/home/admin/ros2_ws/install/robotnik_battery_msgs:/home/admin/ros2_ws/install/custom_gz:/opt/ros/humble /usr/bin/cmake /home/admin/ros2_ws/src/robotnik_simulation/robotnik_gazebo_ignition -DCMAKE_INSTALL_PREFIX=/home/admin/ros2_ws/install/robotnik_gazebo_ignition
[0.319s] -- The C compiler identification is GNU 11.4.0
[0.408s] -- The CXX compiler identification is GNU 11.4.0
[0.436s] -- Detecting C compiler ABI info
[1.274s] -- Detecting C compiler ABI info - done
[1.306s] -- Check for working C compiler: /usr/bin/cc - skipped
[1.307s] -- Detecting C compile features
[1.310s] -- Detecting C compile features - done
[1.316s] -- Detecting CXX compiler ABI info
[1.623s] -- Detecting CXX compiler ABI info - done
[1.637s] -- Check for working CXX compiler: /usr/bin/c++ - skipped
[1.638s] -- Detecting CXX compile features
[1.639s] -- Detecting CXX compile features - done
[1.645s] -- Found ament_cmake: 1.3.11 (/opt/ros/humble/share/ament_cmake/cmake)
[1.914s] -- Found Python3: /usr/bin/python3 (found version "3.10.12") found components: Interpreter 
[2.069s] -- Found ament_lint_auto: 0.12.12 (/opt/ros/humble/share/ament_lint_auto/cmake)
[2.243s] -- Added test 'flake8' to check Python code syntax and style conventions
[2.244s] -- Added test 'lint_cmake' to check CMake code style
[2.244s] -- Added test 'pep257' to check Python code against some of the docstring style conventions in PEP 257
[2.246s] -- Added test 'xmllint' to check XML markup files
[2.248s] -- Configuring done
[2.250s] -- Generating done
[2.252s] -- Build files have been written to: /home/admin/ros2_ws/build/robotnik_gazebo_ignition
[2.256s] Invoked command in '/home/admin/ros2_ws/build/robotnik_gazebo_ignition' returned '0': CMAKE_PREFIX_PATH=/home/admin/ros2_ws/install/robotnik_description:/home/admin/ros2_ws/install/robotnik_sensors:/home/admin/ros2_ws/install/robotnik_common:/home/admin/ros2_ws/install/robotnik_supervisor_msgs:/home/admin/ros2_ws/install/robotnik_gazebo_ignition:/home/admin/ros2_ws/install/robotnik_gazebo_classic:/home/admin/ros2_ws/install/robotnik_interfaces:/home/admin/ros2_ws/install/robotnik_safety_msgs:/home/admin/ros2_ws/install/robotnik_perception_msgs:/home/admin/ros2_ws/install/robotnik_navigation_msgs:/home/admin/ros2_ws/install/robotnik_io_msgs:/home/admin/ros2_ws/install/robotnik_controllers_msgs:/home/admin/ros2_ws/install/robotnik_common_msgs:/home/admin/ros2_ws/install/robotnik_battery_msgs:/home/admin/ros2_ws/install/custom_gz:/opt/ros/humble /usr/bin/cmake /home/admin/ros2_ws/src/robotnik_simulation/robotnik_gazebo_ignition -DCMAKE_INSTALL_PREFIX=/home/admin/ros2_ws/install/robotnik_gazebo_ignition
[2.259s] Invoking command in '/home/admin/ros2_ws/build/robotnik_gazebo_ignition': CMAKE_PREFIX_PATH=/home/admin/ros2_ws/install/robotnik_description:/home/admin/ros2_ws/install/robotnik_sensors:/home/admin/ros2_ws/install/robotnik_common:/home/admin/ros2_ws/install/robotnik_supervisor_msgs:/home/admin/ros2_ws/install/robotnik_gazebo_ignition:/home/admin/ros2_ws/install/robotnik_gazebo_classic:/home/admin/ros2_ws/install/robotnik_interfaces:/home/admin/ros2_ws/install/robotnik_safety_msgs:/home/admin/ros2_ws/install/robotnik_perception_msgs:/home/admin/ros2_ws/install/robotnik_navigation_msgs:/home/admin/ros2_ws/install/robotnik_io_msgs:/home/admin/ros2_ws/install/robotnik_controllers_msgs:/home/admin/ros2_ws/install/robotnik_common_msgs:/home/admin/ros2_ws/install/robotnik_battery_msgs:/home/admin/ros2_ws/install/custom_gz:/opt/ros/humble /usr/bin/cmake --build /home/admin/ros2_ws/build/robotnik_gazebo_ignition -- -j20 -l20
[2.298s] Invoked command in '/home/admin/ros2_ws/build/robotnik_gazebo_ignition' returned '0': CMAKE_PREFIX_PATH=/home/admin/ros2_ws/install/robotnik_description:/home/admin/ros2_ws/install/robotnik_sensors:/home/admin/ros2_ws/install/robotnik_common:/home/admin/ros2_ws/install/robotnik_supervisor_msgs:/home/admin/ros2_ws/install/robotnik_gazebo_ignition:/home/admin/ros2_ws/install/robotnik_gazebo_classic:/home/admin/ros2_ws/install/robotnik_interfaces:/home/admin/ros2_ws/install/robotnik_safety_msgs:/home/admin/ros2_ws/install/robotnik_perception_msgs:/home/admin/ros2_ws/install/robotnik_navigation_msgs:/home/admin/ros2_ws/install/robotnik_io_msgs:/home/admin/ros2_ws/install/robotnik_controllers_msgs:/home/admin/ros2_ws/install/robotnik_common_msgs:/home/admin/ros2_ws/install/robotnik_battery_msgs:/home/admin/ros2_ws/install/custom_gz:/opt/ros/humble /usr/bin/cmake --build /home/admin/ros2_ws/build/robotnik_gazebo_ignition -- -j20 -l20
[2.299s] Invoking command in '/home/admin/ros2_ws/build/robotnik_gazebo_ignition': CMAKE_PREFIX_PATH=/home/admin/ros2_ws/install/robotnik_description:/home/admin/ros2_ws/install/robotnik_sensors:/home/admin/ros2_ws/install/robotnik_common:/home/admin/ros2_ws/install/robotnik_supervisor_msgs:/home/admin/ros2_ws/install/robotnik_gazebo_ignition:/home/admin/ros2_ws/install/robotnik_gazebo_classic:/home/admin/ros2_ws/install/robotnik_interfaces:/home/admin/ros2_ws/install/robotnik_safety_msgs:/home/admin/ros2_ws/install/robotnik_perception_msgs:/home/admin/ros2_ws/install/robotnik_navigation_msgs:/home/admin/ros2_ws/install/robotnik_io_msgs:/home/admin/ros2_ws/install/robotnik_controllers_msgs:/home/admin/ros2_ws/install/robotnik_common_msgs:/home/admin/ros2_ws/install/robotnik_battery_msgs:/home/admin/ros2_ws/install/custom_gz:/opt/ros/humble /usr/bin/cmake --install /home/admin/ros2_ws/build/robotnik_gazebo_ignition
[2.307s] -- Install configuration: ""
[2.307s] -- Installing: /home/admin/ros2_ws/install/robotnik_gazebo_ignition/share/robotnik_gazebo_ignition//launch
[2.307s] -- Installing: /home/admin/ros2_ws/install/robotnik_gazebo_ignition/share/robotnik_gazebo_ignition//launch/spawn_robot.launch.py
[2.308s] -- Installing: /home/admin/ros2_ws/install/robotnik_gazebo_ignition/share/robotnik_gazebo_ignition//launch/spawn_world.launch.py
[2.308s] -- Installing: /home/admin/ros2_ws/install/robotnik_gazebo_ignition/share/robotnik_gazebo_ignition//config
[2.308s] -- Installing: /home/admin/ros2_ws/install/robotnik_gazebo_ignition/share/robotnik_gazebo_ignition//config/rbsummit
[2.308s] -- Installing: /home/admin/ros2_ws/install/robotnik_gazebo_ignition/share/robotnik_gazebo_ignition//config/rbsummit/rviz_config.rviz
[2.309s] -- Installing: /home/admin/ros2_ws/install/robotnik_gazebo_ignition/share/robotnik_gazebo_ignition//config/rbsummit/bridge.yaml
[2.309s] -- Installing: /home/admin/ros2_ws/install/robotnik_gazebo_ignition/share/robotnik_gazebo_ignition//config/rbsummit/rbsummit_controller_params.yaml
[2.310s] -- Installing: /home/admin/ros2_ws/install/robotnik_gazebo_ignition/share/robotnik_gazebo_ignition//config/rbrobout
[2.310s] -- Installing: /home/admin/ros2_ws/install/robotnik_gazebo_ignition/share/robotnik_gazebo_ignition//config/rbrobout/rviz_config.rviz
[2.310s] -- Installing: /home/admin/ros2_ws/install/robotnik_gazebo_ignition/share/robotnik_gazebo_ignition//config/rbrobout/bridge.yaml
[2.310s] -- Installing: /home/admin/ros2_ws/install/robotnik_gazebo_ignition/share/robotnik_gazebo_ignition//config/rbrobout/rbrobout_controller_params.yaml
[2.310s] -- Installing: /home/admin/ros2_ws/install/robotnik_gazebo_ignition/share/robotnik_gazebo_ignition//config/rbkairos
[2.310s] -- Installing: /home/admin/ros2_ws/install/robotnik_gazebo_ignition/share/robotnik_gazebo_ignition//config/rbkairos/rviz_config.rviz
[2.310s] -- Installing: /home/admin/ros2_ws/install/robotnik_gazebo_ignition/share/robotnik_gazebo_ignition//config/rbkairos/rbkairos_controller_params.yaml
[2.310s] -- Installing: /home/admin/ros2_ws/install/robotnik_gazebo_ignition/share/robotnik_gazebo_ignition//config/rbkairos/bridge.yaml
[2.310s] -- Installing: /home/admin/ros2_ws/install/robotnik_gazebo_ignition/share/robotnik_gazebo_ignition//config/rbtheron
[2.311s] -- Installing: /home/admin/ros2_ws/install/robotnik_gazebo_ignition/share/robotnik_gazebo_ignition//config/rbtheron/rbtheron_controller_params.yaml
[2.311s] -- Installing: /home/admin/ros2_ws/install/robotnik_gazebo_ignition/share/robotnik_gazebo_ignition//config/rbtheron/rviz_config.rviz
[2.311s] -- Installing: /home/admin/ros2_ws/install/robotnik_gazebo_ignition/share/robotnik_gazebo_ignition//config/rbtheron/bridge.yaml
[2.311s] -- Installing: /home/admin/ros2_ws/install/robotnik_gazebo_ignition/share/robotnik_gazebo_ignition//config/rbvogui
[2.311s] -- Installing: /home/admin/ros2_ws/install/robotnik_gazebo_ignition/share/robotnik_gazebo_ignition//config/rbvogui/rbvogui_controller_params.yaml
[2.311s] -- Installing: /home/admin/ros2_ws/install/robotnik_gazebo_ignition/share/robotnik_gazebo_ignition//config/rbvogui/rviz_config.rviz
[2.311s] -- Installing: /home/admin/ros2_ws/install/robotnik_gazebo_ignition/share/robotnik_gazebo_ignition//config/rbvogui/bridge.yaml
[2.311s] -- Installing: /home/admin/ros2_ws/install/robotnik_gazebo_ignition/share/robotnik_gazebo_ignition//worlds
[2.311s] -- Installing: /home/admin/ros2_ws/install/robotnik_gazebo_ignition/share/robotnik_gazebo_ignition//worlds/demo.sdf.world
[2.311s] -- Installing: /home/admin/ros2_ws/install/robotnik_gazebo_ignition/share/ament_index/resource_index/package_run_dependencies/robotnik_gazebo_ignition
[2.312s] -- Installing: /home/admin/ros2_ws/install/robotnik_gazebo_ignition/share/ament_index/resource_index/parent_prefix_path/robotnik_gazebo_ignition
[2.312s] -- Installing: /home/admin/ros2_ws/install/robotnik_gazebo_ignition/share/robotnik_gazebo_ignition/environment/ament_prefix_path.sh
[2.312s] -- Installing: /home/admin/ros2_ws/install/robotnik_gazebo_ignition/share/robotnik_gazebo_ignition/environment/ament_prefix_path.dsv
[2.312s] -- Installing: /home/admin/ros2_ws/install/robotnik_gazebo_ignition/share/robotnik_gazebo_ignition/environment/path.sh
[2.312s] -- Installing: /home/admin/ros2_ws/install/robotnik_gazebo_ignition/share/robotnik_gazebo_ignition/environment/path.dsv
[2.312s] -- Installing: /home/admin/ros2_ws/install/robotnik_gazebo_ignition/share/robotnik_gazebo_ignition/local_setup.bash
[2.312s] -- Installing: /home/admin/ros2_ws/install/robotnik_gazebo_ignition/share/robotnik_gazebo_ignition/local_setup.sh
[2.312s] -- Installing: /home/admin/ros2_ws/install/robotnik_gazebo_ignition/share/robotnik_gazebo_ignition/local_setup.zsh
[2.312s] -- Installing: /home/admin/ros2_ws/install/robotnik_gazebo_ignition/share/robotnik_gazebo_ignition/local_setup.dsv
[2.313s] -- Installing: /home/admin/ros2_ws/install/robotnik_gazebo_ignition/share/robotnik_gazebo_ignition/package.dsv
[2.313s] -- Installing: /home/admin/ros2_ws/install/robotnik_gazebo_ignition/share/ament_index/resource_index/packages/robotnik_gazebo_ignition
[2.313s] -- Installing: /home/admin/ros2_ws/install/robotnik_gazebo_ignition/share/robotnik_gazebo_ignition/cmake/robotnik_gazebo_ignitionConfig.cmake
[2.313s] -- Installing: /home/admin/ros2_ws/install/robotnik_gazebo_ignition/share/robotnik_gazebo_ignition/cmake/robotnik_gazebo_ignitionConfig-version.cmake
[2.313s] -- Installing: /home/admin/ros2_ws/install/robotnik_gazebo_ignition/share/robotnik_gazebo_ignition/package.xml
[2.315s] Invoked command in '/home/admin/ros2_ws/build/robotnik_gazebo_ignition' returned '0': CMAKE_PREFIX_PATH=/home/admin/ros2_ws/install/robotnik_description:/home/admin/ros2_ws/install/robotnik_sensors:/home/admin/ros2_ws/install/robotnik_common:/home/admin/ros2_ws/install/robotnik_supervisor_msgs:/home/admin/ros2_ws/install/robotnik_gazebo_ignition:/home/admin/ros2_ws/install/robotnik_gazebo_classic:/home/admin/ros2_ws/install/robotnik_interfaces:/home/admin/ros2_ws/install/robotnik_safety_msgs:/home/admin/ros2_ws/install/robotnik_perception_msgs:/home/admin/ros2_ws/install/robotnik_navigation_msgs:/home/admin/ros2_ws/install/robotnik_io_msgs:/home/admin/ros2_ws/install/robotnik_controllers_msgs:/home/admin/ros2_ws/install/robotnik_common_msgs:/home/admin/ros2_ws/install/robotnik_battery_msgs:/home/admin/ros2_ws/install/custom_gz:/opt/ros/humble /usr/bin/cmake --install /home/admin/ros2_ws/build/robotnik_gazebo_ignition
