[  0%] Built target robotnik_io_msgs__cpp
[ 12%] Built target robotnik_io_msgs__rosidl_generator_c
[ 12%] Built target ament_cmake_python_copy_robotnik_io_msgs
[ 24%] Built target robotnik_io_msgs__rosidl_typesupport_cpp
[ 36%] Built target robotnik_io_msgs__rosidl_typesupport_introspection_cpp
[ 48%] Built target robotnik_io_msgs__rosidl_typesupport_introspection_c
[ 60%] Built target robotnik_io_msgs__rosidl_typesupport_fastrtps_c
[ 71%] Built target robotnik_io_msgs__rosidl_typesupport_fastrtps_cpp
[ 83%] Built target robotnik_io_msgs__rosidl_typesupport_c
[ 83%] Built target robotnik_io_msgs
[ 84%] Built target robotnik_io_msgs__py
[ 95%] Built target robotnik_io_msgs__rosidl_generator_py
[ 97%] Built target robotnik_io_msgs__rosidl_typesupport_introspection_c__pyext
[ 99%] Built target robotnik_io_msgs__rosidl_typesupport_fastrtps_c__pyext
[100%] Built target robotnik_io_msgs__rosidl_typesupport_c__pyext
running egg_info
writing robotnik_io_msgs.egg-info/PKG-INFO
writing dependency_links to robotnik_io_msgs.egg-info/dependency_links.txt
writing top-level names to robotnik_io_msgs.egg-info/top_level.txt
reading manifest file 'robotnik_io_msgs.egg-info/SOURCES.txt'
writing manifest file 'robotnik_io_msgs.egg-info/SOURCES.txt'
[100%] Built target ament_cmake_python_build_robotnik_io_msgs_egg
-- Install configuration: ""
-- Up-to-date: /home/admin/ros2_ws/install/robotnik_io_msgs/share/ament_index/resource_index/rosidl_interfaces/robotnik_io_msgs
-- Up-to-date: /home/admin/ros2_ws/install/robotnik_io_msgs/include/robotnik_io_msgs/robotnik_io_msgs
-- Up-to-date: /home/admin/ros2_ws/install/robotnik_io_msgs/include/robotnik_io_msgs/robotnik_io_msgs/srv
-- Up-to-date: /home/admin/ros2_ws/install/robotnik_io_msgs/include/robotnik_io_msgs/robotnik_io_msgs/srv/set_analog_output.h
-- Up-to-date: /home/admin/ros2_ws/install/robotnik_io_msgs/include/robotnik_io_msgs/robotnik_io_msgs/srv/detail
-- Up-to-date: /home/admin/ros2_ws/install/robotnik_io_msgs/include/robotnik_io_msgs/robotnik_io_msgs/srv/detail/set_analog_output__functions.c
-- Up-to-date: /home/admin/ros2_ws/install/robotnik_io_msgs/include/robotnik_io_msgs/robotnik_io_msgs/srv/detail/get_registers__type_support.h
-- Up-to-date: /home/admin/ros2_ws/install/robotnik_io_msgs/include/robotnik_io_msgs/robotnik_io_msgs/srv/detail/set_registers__struct.h
-- Up-to-date: /home/admin/ros2_ws/install/robotnik_io_msgs/include/robotnik_io_msgs/robotnik_io_msgs/srv/detail/set_digital_output__functions.h
-- Up-to-date: /home/admin/ros2_ws/install/robotnik_io_msgs/include/robotnik_io_msgs/robotnik_io_msgs/srv/detail/set_analog_output_array__struct.h
-- Up-to-date: /home/admin/ros2_ws/install/robotnik_io_msgs/include/robotnik_io_msgs/robotnik_io_msgs/srv/detail/set_analog_output_array__functions.h
-- Up-to-date: /home/admin/ros2_ws/install/robotnik_io_msgs/include/robotnik_io_msgs/robotnik_io_msgs/srv/detail/set_analog_output__struct.h
-- Up-to-date: /home/admin/ros2_ws/install/robotnik_io_msgs/include/robotnik_io_msgs/robotnik_io_msgs/srv/detail/set_digital_output__type_support.h
-- Up-to-date: /home/admin/ros2_ws/install/robotnik_io_msgs/include/robotnik_io_msgs/robotnik_io_msgs/srv/detail/get_registers__struct.h
-- Up-to-date: /home/admin/ros2_ws/install/robotnik_io_msgs/include/robotnik_io_msgs/robotnik_io_msgs/srv/detail/set_analog_output__functions.h
-- Up-to-date: /home/admin/ros2_ws/install/robotnik_io_msgs/include/robotnik_io_msgs/robotnik_io_msgs/srv/detail/get_registers__functions.h
-- Up-to-date: /home/admin/ros2_ws/install/robotnik_io_msgs/include/robotnik_io_msgs/robotnik_io_msgs/srv/detail/set_registers__functions.c
-- Up-to-date: /home/admin/ros2_ws/install/robotnik_io_msgs/include/robotnik_io_msgs/robotnik_io_msgs/srv/detail/set_registers__functions.h
-- Up-to-date: /home/admin/ros2_ws/install/robotnik_io_msgs/include/robotnik_io_msgs/robotnik_io_msgs/srv/detail/set_digital_output__struct.h
-- Up-to-date: /home/admin/ros2_ws/install/robotnik_io_msgs/include/robotnik_io_msgs/robotnik_io_msgs/srv/detail/get_registers__functions.c
-- Up-to-date: /home/admin/ros2_ws/install/robotnik_io_msgs/include/robotnik_io_msgs/robotnik_io_msgs/srv/detail/set_registers__type_support.h
-- Up-to-date: /home/admin/ros2_ws/install/robotnik_io_msgs/include/robotnik_io_msgs/robotnik_io_msgs/srv/detail/set_digital_output_array__type_support.h
-- Up-to-date: /home/admin/ros2_ws/install/robotnik_io_msgs/include/robotnik_io_msgs/robotnik_io_msgs/srv/detail/set_digital_output_array__struct.h
-- Up-to-date: /home/admin/ros2_ws/install/robotnik_io_msgs/include/robotnik_io_msgs/robotnik_io_msgs/srv/detail/set_analog_output__type_support.h
-- Up-to-date: /home/admin/ros2_ws/install/robotnik_io_msgs/include/robotnik_io_msgs/robotnik_io_msgs/srv/detail/set_analog_output_array__type_support.h
-- Up-to-date: /home/admin/ros2_ws/install/robotnik_io_msgs/include/robotnik_io_msgs/robotnik_io_msgs/srv/detail/set_digital_output_array__functions.c
-- Up-to-date: /home/admin/ros2_ws/install/robotnik_io_msgs/include/robotnik_io_msgs/robotnik_io_msgs/srv/detail/set_digital_output__functions.c
-- Up-to-date: /home/admin/ros2_ws/install/robotnik_io_msgs/include/robotnik_io_msgs/robotnik_io_msgs/srv/detail/set_analog_output_array__functions.c
-- Up-to-date: /home/admin/ros2_ws/install/robotnik_io_msgs/include/robotnik_io_msgs/robotnik_io_msgs/srv/detail/set_digital_output_array__functions.h
-- Up-to-date: /home/admin/ros2_ws/install/robotnik_io_msgs/include/robotnik_io_msgs/robotnik_io_msgs/srv/set_registers.h
-- Up-to-date: /home/admin/ros2_ws/install/robotnik_io_msgs/include/robotnik_io_msgs/robotnik_io_msgs/srv/set_analog_output_array.h
-- Up-to-date: /home/admin/ros2_ws/install/robotnik_io_msgs/include/robotnik_io_msgs/robotnik_io_msgs/srv/get_registers.h
-- Up-to-date: /home/admin/ros2_ws/install/robotnik_io_msgs/include/robotnik_io_msgs/robotnik_io_msgs/srv/set_digital_output_array.h
-- Up-to-date: /home/admin/ros2_ws/install/robotnik_io_msgs/include/robotnik_io_msgs/robotnik_io_msgs/srv/set_digital_output.h
-- Up-to-date: /home/admin/ros2_ws/install/robotnik_io_msgs/include/robotnik_io_msgs/robotnik_io_msgs/msg
-- Up-to-date: /home/admin/ros2_ws/install/robotnik_io_msgs/include/robotnik_io_msgs/robotnik_io_msgs/msg/rosidl_generator_c__visibility_control.h
-- Up-to-date: /home/admin/ros2_ws/install/robotnik_io_msgs/include/robotnik_io_msgs/robotnik_io_msgs/msg/detail
-- Up-to-date: /home/admin/ros2_ws/install/robotnik_io_msgs/include/robotnik_io_msgs/robotnik_io_msgs/msg/detail/register__functions.c
-- Up-to-date: /home/admin/ros2_ws/install/robotnik_io_msgs/include/robotnik_io_msgs/robotnik_io_msgs/msg/detail/inputs_outputs__struct.h
-- Up-to-date: /home/admin/ros2_ws/install/robotnik_io_msgs/include/robotnik_io_msgs/robotnik_io_msgs/msg/detail/digital_io__functions.c
-- Up-to-date: /home/admin/ros2_ws/install/robotnik_io_msgs/include/robotnik_io_msgs/robotnik_io_msgs/msg/detail/analog_io__functions.h
-- Up-to-date: /home/admin/ros2_ws/install/robotnik_io_msgs/include/robotnik_io_msgs/robotnik_io_msgs/msg/detail/register_array__functions.c
-- Up-to-date: /home/admin/ros2_ws/install/robotnik_io_msgs/include/robotnik_io_msgs/robotnik_io_msgs/msg/detail/register_array__type_support.h
-- Up-to-date: /home/admin/ros2_ws/install/robotnik_io_msgs/include/robotnik_io_msgs/robotnik_io_msgs/msg/detail/digital_io__functions.h
-- Up-to-date: /home/admin/ros2_ws/install/robotnik_io_msgs/include/robotnik_io_msgs/robotnik_io_msgs/msg/detail/analog_io__struct.h
-- Up-to-date: /home/admin/ros2_ws/install/robotnik_io_msgs/include/robotnik_io_msgs/robotnik_io_msgs/msg/detail/inputs_outputs__type_support.h
-- Up-to-date: /home/admin/ros2_ws/install/robotnik_io_msgs/include/robotnik_io_msgs/robotnik_io_msgs/msg/detail/register__struct.h
-- Up-to-date: /home/admin/ros2_ws/install/robotnik_io_msgs/include/robotnik_io_msgs/robotnik_io_msgs/msg/detail/analog_io__functions.c
-- Up-to-date: /home/admin/ros2_ws/install/robotnik_io_msgs/include/robotnik_io_msgs/robotnik_io_msgs/msg/detail/inputs_outputs__functions.c
-- Up-to-date: /home/admin/ros2_ws/install/robotnik_io_msgs/include/robotnik_io_msgs/robotnik_io_msgs/msg/detail/digital_io__type_support.h
-- Up-to-date: /home/admin/ros2_ws/install/robotnik_io_msgs/include/robotnik_io_msgs/robotnik_io_msgs/msg/detail/register__type_support.h
-- Up-to-date: /home/admin/ros2_ws/install/robotnik_io_msgs/include/robotnik_io_msgs/robotnik_io_msgs/msg/detail/analog_io__type_support.h
-- Up-to-date: /home/admin/ros2_ws/install/robotnik_io_msgs/include/robotnik_io_msgs/robotnik_io_msgs/msg/detail/register_array__functions.h
-- Up-to-date: /home/admin/ros2_ws/install/robotnik_io_msgs/include/robotnik_io_msgs/robotnik_io_msgs/msg/detail/register_array__struct.h
-- Up-to-date: /home/admin/ros2_ws/install/robotnik_io_msgs/include/robotnik_io_msgs/robotnik_io_msgs/msg/detail/inputs_outputs__functions.h
-- Up-to-date: /home/admin/ros2_ws/install/robotnik_io_msgs/include/robotnik_io_msgs/robotnik_io_msgs/msg/detail/register__functions.h
-- Up-to-date: /home/admin/ros2_ws/install/robotnik_io_msgs/include/robotnik_io_msgs/robotnik_io_msgs/msg/detail/digital_io__struct.h
-- Up-to-date: /home/admin/ros2_ws/install/robotnik_io_msgs/include/robotnik_io_msgs/robotnik_io_msgs/msg/register_array.h
-- Up-to-date: /home/admin/ros2_ws/install/robotnik_io_msgs/include/robotnik_io_msgs/robotnik_io_msgs/msg/inputs_outputs.h
-- Up-to-date: /home/admin/ros2_ws/install/robotnik_io_msgs/include/robotnik_io_msgs/robotnik_io_msgs/msg/analog_io.h
-- Up-to-date: /home/admin/ros2_ws/install/robotnik_io_msgs/include/robotnik_io_msgs/robotnik_io_msgs/msg/digital_io.h
-- Up-to-date: /home/admin/ros2_ws/install/robotnik_io_msgs/include/robotnik_io_msgs/robotnik_io_msgs/msg/register.h
-- Up-to-date: /home/admin/ros2_ws/install/robotnik_io_msgs/share/robotnik_io_msgs/environment/library_path.sh
-- Up-to-date: /home/admin/ros2_ws/install/robotnik_io_msgs/share/robotnik_io_msgs/environment/library_path.dsv
-- Up-to-date: /home/admin/ros2_ws/install/robotnik_io_msgs/lib/librobotnik_io_msgs__rosidl_generator_c.so
-- Up-to-date: /home/admin/ros2_ws/install/robotnik_io_msgs/include/robotnik_io_msgs/robotnik_io_msgs
-- Up-to-date: /home/admin/ros2_ws/install/robotnik_io_msgs/include/robotnik_io_msgs/robotnik_io_msgs/srv
-- Up-to-date: /home/admin/ros2_ws/install/robotnik_io_msgs/include/robotnik_io_msgs/robotnik_io_msgs/srv/detail
-- Up-to-date: /home/admin/ros2_ws/install/robotnik_io_msgs/include/robotnik_io_msgs/robotnik_io_msgs/srv/detail/set_analog_output_array__rosidl_typesupport_fastrtps_c.h
-- Up-to-date: /home/admin/ros2_ws/install/robotnik_io_msgs/include/robotnik_io_msgs/robotnik_io_msgs/srv/detail/get_registers__rosidl_typesupport_fastrtps_c.h
-- Up-to-date: /home/admin/ros2_ws/install/robotnik_io_msgs/include/robotnik_io_msgs/robotnik_io_msgs/srv/detail/set_digital_output_array__rosidl_typesupport_fastrtps_c.h
-- Up-to-date: /home/admin/ros2_ws/install/robotnik_io_msgs/include/robotnik_io_msgs/robotnik_io_msgs/srv/detail/set_analog_output__rosidl_typesupport_fastrtps_c.h
-- Up-to-date: /home/admin/ros2_ws/install/robotnik_io_msgs/include/robotnik_io_msgs/robotnik_io_msgs/srv/detail/set_digital_output__rosidl_typesupport_fastrtps_c.h
-- Up-to-date: /home/admin/ros2_ws/install/robotnik_io_msgs/include/robotnik_io_msgs/robotnik_io_msgs/srv/detail/set_registers__rosidl_typesupport_fastrtps_c.h
-- Up-to-date: /home/admin/ros2_ws/install/robotnik_io_msgs/include/robotnik_io_msgs/robotnik_io_msgs/msg
-- Up-to-date: /home/admin/ros2_ws/install/robotnik_io_msgs/include/robotnik_io_msgs/robotnik_io_msgs/msg/rosidl_typesupport_fastrtps_c__visibility_control.h
-- Up-to-date: /home/admin/ros2_ws/install/robotnik_io_msgs/include/robotnik_io_msgs/robotnik_io_msgs/msg/detail
-- Up-to-date: /home/admin/ros2_ws/install/robotnik_io_msgs/include/robotnik_io_msgs/robotnik_io_msgs/msg/detail/register_array__rosidl_typesupport_fastrtps_c.h
-- Up-to-date: /home/admin/ros2_ws/install/robotnik_io_msgs/include/robotnik_io_msgs/robotnik_io_msgs/msg/detail/analog_io__rosidl_typesupport_fastrtps_c.h
-- Up-to-date: /home/admin/ros2_ws/install/robotnik_io_msgs/include/robotnik_io_msgs/robotnik_io_msgs/msg/detail/inputs_outputs__rosidl_typesupport_fastrtps_c.h
-- Up-to-date: /home/admin/ros2_ws/install/robotnik_io_msgs/include/robotnik_io_msgs/robotnik_io_msgs/msg/detail/register__rosidl_typesupport_fastrtps_c.h
-- Up-to-date: /home/admin/ros2_ws/install/robotnik_io_msgs/include/robotnik_io_msgs/robotnik_io_msgs/msg/detail/digital_io__rosidl_typesupport_fastrtps_c.h
-- Up-to-date: /home/admin/ros2_ws/install/robotnik_io_msgs/lib/librobotnik_io_msgs__rosidl_typesupport_fastrtps_c.so
-- Up-to-date: /home/admin/ros2_ws/install/robotnik_io_msgs/include/robotnik_io_msgs/robotnik_io_msgs
-- Up-to-date: /home/admin/ros2_ws/install/robotnik_io_msgs/include/robotnik_io_msgs/robotnik_io_msgs/srv
-- Up-to-date: /home/admin/ros2_ws/install/robotnik_io_msgs/include/robotnik_io_msgs/robotnik_io_msgs/srv/detail
-- Up-to-date: /home/admin/ros2_ws/install/robotnik_io_msgs/include/robotnik_io_msgs/robotnik_io_msgs/srv/detail/set_digital_output_array__type_support.hpp
-- Up-to-date: /home/admin/ros2_ws/install/robotnik_io_msgs/include/robotnik_io_msgs/robotnik_io_msgs/srv/detail/set_analog_output__type_support.hpp
-- Up-to-date: /home/admin/ros2_ws/install/robotnik_io_msgs/include/robotnik_io_msgs/robotnik_io_msgs/srv/detail/get_registers__builder.hpp
-- Up-to-date: /home/admin/ros2_ws/install/robotnik_io_msgs/include/robotnik_io_msgs/robotnik_io_msgs/srv/detail/set_digital_output__builder.hpp
-- Up-to-date: /home/admin/ros2_ws/install/robotnik_io_msgs/include/robotnik_io_msgs/robotnik_io_msgs/srv/detail/set_analog_output_array__builder.hpp
-- Up-to-date: /home/admin/ros2_ws/install/robotnik_io_msgs/include/robotnik_io_msgs/robotnik_io_msgs/srv/detail/set_registers__builder.hpp
-- Up-to-date: /home/admin/ros2_ws/install/robotnik_io_msgs/include/robotnik_io_msgs/robotnik_io_msgs/srv/detail/set_digital_output__traits.hpp
-- Up-to-date: /home/admin/ros2_ws/install/robotnik_io_msgs/include/robotnik_io_msgs/robotnik_io_msgs/srv/detail/get_registers__type_support.hpp
-- Up-to-date: /home/admin/ros2_ws/install/robotnik_io_msgs/include/robotnik_io_msgs/robotnik_io_msgs/srv/detail/set_registers__struct.hpp
-- Up-to-date: /home/admin/ros2_ws/install/robotnik_io_msgs/include/robotnik_io_msgs/robotnik_io_msgs/srv/detail/get_registers__struct.hpp
-- Up-to-date: /home/admin/ros2_ws/install/robotnik_io_msgs/include/robotnik_io_msgs/robotnik_io_msgs/srv/detail/set_digital_output_array__struct.hpp
-- Up-to-date: /home/admin/ros2_ws/install/robotnik_io_msgs/include/robotnik_io_msgs/robotnik_io_msgs/srv/detail/set_analog_output__struct.hpp
-- Up-to-date: /home/admin/ros2_ws/install/robotnik_io_msgs/include/robotnik_io_msgs/robotnik_io_msgs/srv/detail/set_digital_output__struct.hpp
-- Up-to-date: /home/admin/ros2_ws/install/robotnik_io_msgs/include/robotnik_io_msgs/robotnik_io_msgs/srv/detail/set_digital_output_array__traits.hpp
-- Up-to-date: /home/admin/ros2_ws/install/robotnik_io_msgs/include/robotnik_io_msgs/robotnik_io_msgs/srv/detail/set_analog_output_array__struct.hpp
-- Up-to-date: /home/admin/ros2_ws/install/robotnik_io_msgs/include/robotnik_io_msgs/robotnik_io_msgs/srv/detail/set_digital_output__type_support.hpp
-- Up-to-date: /home/admin/ros2_ws/install/robotnik_io_msgs/include/robotnik_io_msgs/robotnik_io_msgs/srv/detail/set_registers__type_support.hpp
-- Up-to-date: /home/admin/ros2_ws/install/robotnik_io_msgs/include/robotnik_io_msgs/robotnik_io_msgs/srv/detail/set_analog_output__traits.hpp
-- Up-to-date: /home/admin/ros2_ws/install/robotnik_io_msgs/include/robotnik_io_msgs/robotnik_io_msgs/srv/detail/set_analog_output_array__type_support.hpp
-- Up-to-date: /home/admin/ros2_ws/install/robotnik_io_msgs/include/robotnik_io_msgs/robotnik_io_msgs/srv/detail/set_digital_output_array__builder.hpp
-- Up-to-date: /home/admin/ros2_ws/install/robotnik_io_msgs/include/robotnik_io_msgs/robotnik_io_msgs/srv/detail/get_registers__traits.hpp
-- Up-to-date: /home/admin/ros2_ws/install/robotnik_io_msgs/include/robotnik_io_msgs/robotnik_io_msgs/srv/detail/set_registers__traits.hpp
-- Up-to-date: /home/admin/ros2_ws/install/robotnik_io_msgs/include/robotnik_io_msgs/robotnik_io_msgs/srv/detail/set_analog_output_array__traits.hpp
-- Up-to-date: /home/admin/ros2_ws/install/robotnik_io_msgs/include/robotnik_io_msgs/robotnik_io_msgs/srv/detail/set_analog_output__builder.hpp
-- Up-to-date: /home/admin/ros2_ws/install/robotnik_io_msgs/include/robotnik_io_msgs/robotnik_io_msgs/srv/set_digital_output_array.hpp
-- Up-to-date: /home/admin/ros2_ws/install/robotnik_io_msgs/include/robotnik_io_msgs/robotnik_io_msgs/srv/set_analog_output_array.hpp
-- Up-to-date: /home/admin/ros2_ws/install/robotnik_io_msgs/include/robotnik_io_msgs/robotnik_io_msgs/srv/get_registers.hpp
-- Up-to-date: /home/admin/ros2_ws/install/robotnik_io_msgs/include/robotnik_io_msgs/robotnik_io_msgs/srv/set_analog_output.hpp
-- Up-to-date: /home/admin/ros2_ws/install/robotnik_io_msgs/include/robotnik_io_msgs/robotnik_io_msgs/srv/set_registers.hpp
-- Up-to-date: /home/admin/ros2_ws/install/robotnik_io_msgs/include/robotnik_io_msgs/robotnik_io_msgs/srv/set_digital_output.hpp
-- Up-to-date: /home/admin/ros2_ws/install/robotnik_io_msgs/include/robotnik_io_msgs/robotnik_io_msgs/msg
-- Up-to-date: /home/admin/ros2_ws/install/robotnik_io_msgs/include/robotnik_io_msgs/robotnik_io_msgs/msg/rosidl_generator_cpp__visibility_control.hpp
-- Up-to-date: /home/admin/ros2_ws/install/robotnik_io_msgs/include/robotnik_io_msgs/robotnik_io_msgs/msg/detail
-- Up-to-date: /home/admin/ros2_ws/install/robotnik_io_msgs/include/robotnik_io_msgs/robotnik_io_msgs/msg/detail/register_array__struct.hpp
-- Up-to-date: /home/admin/ros2_ws/install/robotnik_io_msgs/include/robotnik_io_msgs/robotnik_io_msgs/msg/detail/analog_io__struct.hpp
-- Up-to-date: /home/admin/ros2_ws/install/robotnik_io_msgs/include/robotnik_io_msgs/robotnik_io_msgs/msg/detail/digital_io__traits.hpp
-- Up-to-date: /home/admin/ros2_ws/install/robotnik_io_msgs/include/robotnik_io_msgs/robotnik_io_msgs/msg/detail/register__struct.hpp
-- Up-to-date: /home/admin/ros2_ws/install/robotnik_io_msgs/include/robotnik_io_msgs/robotnik_io_msgs/msg/detail/register__builder.hpp
-- Up-to-date: /home/admin/ros2_ws/install/robotnik_io_msgs/include/robotnik_io_msgs/robotnik_io_msgs/msg/detail/register_array__builder.hpp
-- Up-to-date: /home/admin/ros2_ws/install/robotnik_io_msgs/include/robotnik_io_msgs/robotnik_io_msgs/msg/detail/digital_io__builder.hpp
-- Up-to-date: /home/admin/ros2_ws/install/robotnik_io_msgs/include/robotnik_io_msgs/robotnik_io_msgs/msg/detail/inputs_outputs__type_support.hpp
-- Up-to-date: /home/admin/ros2_ws/install/robotnik_io_msgs/include/robotnik_io_msgs/robotnik_io_msgs/msg/detail/analog_io__type_support.hpp
-- Up-to-date: /home/admin/ros2_ws/install/robotnik_io_msgs/include/robotnik_io_msgs/robotnik_io_msgs/msg/detail/inputs_outputs__struct.hpp
-- Up-to-date: /home/admin/ros2_ws/install/robotnik_io_msgs/include/robotnik_io_msgs/robotnik_io_msgs/msg/detail/digital_io__type_support.hpp
-- Up-to-date: /home/admin/ros2_ws/install/robotnik_io_msgs/include/robotnik_io_msgs/robotnik_io_msgs/msg/detail/analog_io__builder.hpp
-- Up-to-date: /home/admin/ros2_ws/install/robotnik_io_msgs/include/robotnik_io_msgs/robotnik_io_msgs/msg/detail/register__type_support.hpp
-- Up-to-date: /home/admin/ros2_ws/install/robotnik_io_msgs/include/robotnik_io_msgs/robotnik_io_msgs/msg/detail/digital_io__struct.hpp
-- Up-to-date: /home/admin/ros2_ws/install/robotnik_io_msgs/include/robotnik_io_msgs/robotnik_io_msgs/msg/detail/analog_io__traits.hpp
-- Up-to-date: /home/admin/ros2_ws/install/robotnik_io_msgs/include/robotnik_io_msgs/robotnik_io_msgs/msg/detail/inputs_outputs__builder.hpp
-- Up-to-date: /home/admin/ros2_ws/install/robotnik_io_msgs/include/robotnik_io_msgs/robotnik_io_msgs/msg/detail/register__traits.hpp
-- Up-to-date: /home/admin/ros2_ws/install/robotnik_io_msgs/include/robotnik_io_msgs/robotnik_io_msgs/msg/detail/register_array__type_support.hpp
-- Up-to-date: /home/admin/ros2_ws/install/robotnik_io_msgs/include/robotnik_io_msgs/robotnik_io_msgs/msg/detail/register_array__traits.hpp
-- Up-to-date: /home/admin/ros2_ws/install/robotnik_io_msgs/include/robotnik_io_msgs/robotnik_io_msgs/msg/detail/inputs_outputs__traits.hpp
-- Up-to-date: /home/admin/ros2_ws/install/robotnik_io_msgs/include/robotnik_io_msgs/robotnik_io_msgs/msg/register_array.hpp
-- Up-to-date: /home/admin/ros2_ws/install/robotnik_io_msgs/include/robotnik_io_msgs/robotnik_io_msgs/msg/register.hpp
-- Up-to-date: /home/admin/ros2_ws/install/robotnik_io_msgs/include/robotnik_io_msgs/robotnik_io_msgs/msg/analog_io.hpp
-- Up-to-date: /home/admin/ros2_ws/install/robotnik_io_msgs/include/robotnik_io_msgs/robotnik_io_msgs/msg/digital_io.hpp
-- Up-to-date: /home/admin/ros2_ws/install/robotnik_io_msgs/include/robotnik_io_msgs/robotnik_io_msgs/msg/inputs_outputs.hpp
-- Up-to-date: /home/admin/ros2_ws/install/robotnik_io_msgs/include/robotnik_io_msgs/robotnik_io_msgs
-- Up-to-date: /home/admin/ros2_ws/install/robotnik_io_msgs/include/robotnik_io_msgs/robotnik_io_msgs/srv
-- Up-to-date: /home/admin/ros2_ws/install/robotnik_io_msgs/include/robotnik_io_msgs/robotnik_io_msgs/srv/detail
-- Up-to-date: /home/admin/ros2_ws/install/robotnik_io_msgs/include/robotnik_io_msgs/robotnik_io_msgs/srv/detail/set_digital_output_array__rosidl_typesupport_fastrtps_cpp.hpp
-- Up-to-date: /home/admin/ros2_ws/install/robotnik_io_msgs/include/robotnik_io_msgs/robotnik_io_msgs/srv/detail/set_analog_output__rosidl_typesupport_fastrtps_cpp.hpp
-- Up-to-date: /home/admin/ros2_ws/install/robotnik_io_msgs/include/robotnik_io_msgs/robotnik_io_msgs/srv/detail/set_registers__rosidl_typesupport_fastrtps_cpp.hpp
-- Up-to-date: /home/admin/ros2_ws/install/robotnik_io_msgs/include/robotnik_io_msgs/robotnik_io_msgs/srv/detail/dds_fastrtps
-- Up-to-date: /home/admin/ros2_ws/install/robotnik_io_msgs/include/robotnik_io_msgs/robotnik_io_msgs/srv/detail/get_registers__rosidl_typesupport_fastrtps_cpp.hpp
-- Up-to-date: /home/admin/ros2_ws/install/robotnik_io_msgs/include/robotnik_io_msgs/robotnik_io_msgs/srv/detail/set_digital_output__rosidl_typesupport_fastrtps_cpp.hpp
-- Up-to-date: /home/admin/ros2_ws/install/robotnik_io_msgs/include/robotnik_io_msgs/robotnik_io_msgs/srv/detail/set_analog_output_array__rosidl_typesupport_fastrtps_cpp.hpp
-- Up-to-date: /home/admin/ros2_ws/install/robotnik_io_msgs/include/robotnik_io_msgs/robotnik_io_msgs/msg
-- Up-to-date: /home/admin/ros2_ws/install/robotnik_io_msgs/include/robotnik_io_msgs/robotnik_io_msgs/msg/rosidl_typesupport_fastrtps_cpp__visibility_control.h
-- Up-to-date: /home/admin/ros2_ws/install/robotnik_io_msgs/include/robotnik_io_msgs/robotnik_io_msgs/msg/detail
-- Up-to-date: /home/admin/ros2_ws/install/robotnik_io_msgs/include/robotnik_io_msgs/robotnik_io_msgs/msg/detail/register__rosidl_typesupport_fastrtps_cpp.hpp
-- Up-to-date: /home/admin/ros2_ws/install/robotnik_io_msgs/include/robotnik_io_msgs/robotnik_io_msgs/msg/detail/digital_io__rosidl_typesupport_fastrtps_cpp.hpp
-- Up-to-date: /home/admin/ros2_ws/install/robotnik_io_msgs/include/robotnik_io_msgs/robotnik_io_msgs/msg/detail/inputs_outputs__rosidl_typesupport_fastrtps_cpp.hpp
-- Up-to-date: /home/admin/ros2_ws/install/robotnik_io_msgs/include/robotnik_io_msgs/robotnik_io_msgs/msg/detail/register_array__rosidl_typesupport_fastrtps_cpp.hpp
-- Up-to-date: /home/admin/ros2_ws/install/robotnik_io_msgs/include/robotnik_io_msgs/robotnik_io_msgs/msg/detail/dds_fastrtps
-- Up-to-date: /home/admin/ros2_ws/install/robotnik_io_msgs/include/robotnik_io_msgs/robotnik_io_msgs/msg/detail/analog_io__rosidl_typesupport_fastrtps_cpp.hpp
-- Up-to-date: /home/admin/ros2_ws/install/robotnik_io_msgs/lib/librobotnik_io_msgs__rosidl_typesupport_fastrtps_cpp.so
-- Up-to-date: /home/admin/ros2_ws/install/robotnik_io_msgs/include/robotnik_io_msgs/robotnik_io_msgs
-- Up-to-date: /home/admin/ros2_ws/install/robotnik_io_msgs/include/robotnik_io_msgs/robotnik_io_msgs/srv
-- Up-to-date: /home/admin/ros2_ws/install/robotnik_io_msgs/include/robotnik_io_msgs/robotnik_io_msgs/srv/detail
-- Up-to-date: /home/admin/ros2_ws/install/robotnik_io_msgs/include/robotnik_io_msgs/robotnik_io_msgs/srv/detail/set_analog_output_array__rosidl_typesupport_introspection_c.h
-- Up-to-date: /home/admin/ros2_ws/install/robotnik_io_msgs/include/robotnik_io_msgs/robotnik_io_msgs/srv/detail/set_digital_output_array__rosidl_typesupport_introspection_c.h
-- Up-to-date: /home/admin/ros2_ws/install/robotnik_io_msgs/include/robotnik_io_msgs/robotnik_io_msgs/srv/detail/set_analog_output_array__type_support.c
-- Up-to-date: /home/admin/ros2_ws/install/robotnik_io_msgs/include/robotnik_io_msgs/robotnik_io_msgs/srv/detail/get_registers__rosidl_typesupport_introspection_c.h
-- Up-to-date: /home/admin/ros2_ws/install/robotnik_io_msgs/include/robotnik_io_msgs/robotnik_io_msgs/srv/detail/set_digital_output_array__type_support.c
-- Up-to-date: /home/admin/ros2_ws/install/robotnik_io_msgs/include/robotnik_io_msgs/robotnik_io_msgs/srv/detail/set_registers__type_support.c
-- Up-to-date: /home/admin/ros2_ws/install/robotnik_io_msgs/include/robotnik_io_msgs/robotnik_io_msgs/srv/detail/set_digital_output__type_support.c
-- Up-to-date: /home/admin/ros2_ws/install/robotnik_io_msgs/include/robotnik_io_msgs/robotnik_io_msgs/srv/detail/set_registers__rosidl_typesupport_introspection_c.h
-- Up-to-date: /home/admin/ros2_ws/install/robotnik_io_msgs/include/robotnik_io_msgs/robotnik_io_msgs/srv/detail/set_digital_output__rosidl_typesupport_introspection_c.h
-- Up-to-date: /home/admin/ros2_ws/install/robotnik_io_msgs/include/robotnik_io_msgs/robotnik_io_msgs/srv/detail/set_analog_output__type_support.c
-- Up-to-date: /home/admin/ros2_ws/install/robotnik_io_msgs/include/robotnik_io_msgs/robotnik_io_msgs/srv/detail/set_analog_output__rosidl_typesupport_introspection_c.h
-- Up-to-date: /home/admin/ros2_ws/install/robotnik_io_msgs/include/robotnik_io_msgs/robotnik_io_msgs/srv/detail/get_registers__type_support.c
-- Up-to-date: /home/admin/ros2_ws/install/robotnik_io_msgs/include/robotnik_io_msgs/robotnik_io_msgs/msg
-- Up-to-date: /home/admin/ros2_ws/install/robotnik_io_msgs/include/robotnik_io_msgs/robotnik_io_msgs/msg/detail
-- Up-to-date: /home/admin/ros2_ws/install/robotnik_io_msgs/include/robotnik_io_msgs/robotnik_io_msgs/msg/detail/digital_io__type_support.c
-- Up-to-date: /home/admin/ros2_ws/install/robotnik_io_msgs/include/robotnik_io_msgs/robotnik_io_msgs/msg/detail/register__type_support.c
-- Up-to-date: /home/admin/ros2_ws/install/robotnik_io_msgs/include/robotnik_io_msgs/robotnik_io_msgs/msg/detail/inputs_outputs__rosidl_typesupport_introspection_c.h
-- Up-to-date: /home/admin/ros2_ws/install/robotnik_io_msgs/include/robotnik_io_msgs/robotnik_io_msgs/msg/detail/register_array__type_support.c
-- Up-to-date: /home/admin/ros2_ws/install/robotnik_io_msgs/include/robotnik_io_msgs/robotnik_io_msgs/msg/detail/analog_io__type_support.c
-- Up-to-date: /home/admin/ros2_ws/install/robotnik_io_msgs/include/robotnik_io_msgs/robotnik_io_msgs/msg/detail/digital_io__rosidl_typesupport_introspection_c.h
-- Up-to-date: /home/admin/ros2_ws/install/robotnik_io_msgs/include/robotnik_io_msgs/robotnik_io_msgs/msg/detail/inputs_outputs__type_support.c
-- Up-to-date: /home/admin/ros2_ws/install/robotnik_io_msgs/include/robotnik_io_msgs/robotnik_io_msgs/msg/detail/register__rosidl_typesupport_introspection_c.h
-- Up-to-date: /home/admin/ros2_ws/install/robotnik_io_msgs/include/robotnik_io_msgs/robotnik_io_msgs/msg/detail/register_array__rosidl_typesupport_introspection_c.h
-- Up-to-date: /home/admin/ros2_ws/install/robotnik_io_msgs/include/robotnik_io_msgs/robotnik_io_msgs/msg/detail/analog_io__rosidl_typesupport_introspection_c.h
-- Up-to-date: /home/admin/ros2_ws/install/robotnik_io_msgs/include/robotnik_io_msgs/robotnik_io_msgs/msg/rosidl_typesupport_introspection_c__visibility_control.h
-- Up-to-date: /home/admin/ros2_ws/install/robotnik_io_msgs/lib/librobotnik_io_msgs__rosidl_typesupport_introspection_c.so
-- Up-to-date: /home/admin/ros2_ws/install/robotnik_io_msgs/lib/librobotnik_io_msgs__rosidl_typesupport_c.so
-- Up-to-date: /home/admin/ros2_ws/install/robotnik_io_msgs/include/robotnik_io_msgs/robotnik_io_msgs
-- Up-to-date: /home/admin/ros2_ws/install/robotnik_io_msgs/include/robotnik_io_msgs/robotnik_io_msgs/srv
-- Up-to-date: /home/admin/ros2_ws/install/robotnik_io_msgs/include/robotnik_io_msgs/robotnik_io_msgs/srv/detail
-- Up-to-date: /home/admin/ros2_ws/install/robotnik_io_msgs/include/robotnik_io_msgs/robotnik_io_msgs/srv/detail/set_analog_output_array__rosidl_typesupport_introspection_cpp.hpp
-- Up-to-date: /home/admin/ros2_ws/install/robotnik_io_msgs/include/robotnik_io_msgs/robotnik_io_msgs/srv/detail/set_analog_output__type_support.cpp
-- Up-to-date: /home/admin/ros2_ws/install/robotnik_io_msgs/include/robotnik_io_msgs/robotnik_io_msgs/srv/detail/set_registers__type_support.cpp
-- Up-to-date: /home/admin/ros2_ws/install/robotnik_io_msgs/include/robotnik_io_msgs/robotnik_io_msgs/srv/detail/set_analog_output_array__type_support.cpp
-- Up-to-date: /home/admin/ros2_ws/install/robotnik_io_msgs/include/robotnik_io_msgs/robotnik_io_msgs/srv/detail/get_registers__type_support.cpp
-- Up-to-date: /home/admin/ros2_ws/install/robotnik_io_msgs/include/robotnik_io_msgs/robotnik_io_msgs/srv/detail/set_digital_output__type_support.cpp
-- Up-to-date: /home/admin/ros2_ws/install/robotnik_io_msgs/include/robotnik_io_msgs/robotnik_io_msgs/srv/detail/set_registers__rosidl_typesupport_introspection_cpp.hpp
-- Up-to-date: /home/admin/ros2_ws/install/robotnik_io_msgs/include/robotnik_io_msgs/robotnik_io_msgs/srv/detail/set_analog_output__rosidl_typesupport_introspection_cpp.hpp
-- Up-to-date: /home/admin/ros2_ws/install/robotnik_io_msgs/include/robotnik_io_msgs/robotnik_io_msgs/srv/detail/get_registers__rosidl_typesupport_introspection_cpp.hpp
-- Up-to-date: /home/admin/ros2_ws/install/robotnik_io_msgs/include/robotnik_io_msgs/robotnik_io_msgs/srv/detail/set_digital_output_array__rosidl_typesupport_introspection_cpp.hpp
-- Up-to-date: /home/admin/ros2_ws/install/robotnik_io_msgs/include/robotnik_io_msgs/robotnik_io_msgs/srv/detail/set_digital_output__rosidl_typesupport_introspection_cpp.hpp
-- Up-to-date: /home/admin/ros2_ws/install/robotnik_io_msgs/include/robotnik_io_msgs/robotnik_io_msgs/srv/detail/set_digital_output_array__type_support.cpp
-- Up-to-date: /home/admin/ros2_ws/install/robotnik_io_msgs/include/robotnik_io_msgs/robotnik_io_msgs/msg
-- Up-to-date: /home/admin/ros2_ws/install/robotnik_io_msgs/include/robotnik_io_msgs/robotnik_io_msgs/msg/detail
-- Up-to-date: /home/admin/ros2_ws/install/robotnik_io_msgs/include/robotnik_io_msgs/robotnik_io_msgs/msg/detail/inputs_outputs__type_support.cpp
-- Up-to-date: /home/admin/ros2_ws/install/robotnik_io_msgs/include/robotnik_io_msgs/robotnik_io_msgs/msg/detail/analog_io__type_support.cpp
-- Up-to-date: /home/admin/ros2_ws/install/robotnik_io_msgs/include/robotnik_io_msgs/robotnik_io_msgs/msg/detail/inputs_outputs__rosidl_typesupport_introspection_cpp.hpp
-- Up-to-date: /home/admin/ros2_ws/install/robotnik_io_msgs/include/robotnik_io_msgs/robotnik_io_msgs/msg/detail/register__type_support.cpp
-- Up-to-date: /home/admin/ros2_ws/install/robotnik_io_msgs/include/robotnik_io_msgs/robotnik_io_msgs/msg/detail/digital_io__rosidl_typesupport_introspection_cpp.hpp
-- Up-to-date: /home/admin/ros2_ws/install/robotnik_io_msgs/include/robotnik_io_msgs/robotnik_io_msgs/msg/detail/register_array__type_support.cpp
-- Up-to-date: /home/admin/ros2_ws/install/robotnik_io_msgs/include/robotnik_io_msgs/robotnik_io_msgs/msg/detail/register_array__rosidl_typesupport_introspection_cpp.hpp
-- Up-to-date: /home/admin/ros2_ws/install/robotnik_io_msgs/include/robotnik_io_msgs/robotnik_io_msgs/msg/detail/analog_io__rosidl_typesupport_introspection_cpp.hpp
-- Up-to-date: /home/admin/ros2_ws/install/robotnik_io_msgs/include/robotnik_io_msgs/robotnik_io_msgs/msg/detail/register__rosidl_typesupport_introspection_cpp.hpp
-- Up-to-date: /home/admin/ros2_ws/install/robotnik_io_msgs/include/robotnik_io_msgs/robotnik_io_msgs/msg/detail/digital_io__type_support.cpp
-- Up-to-date: /home/admin/ros2_ws/install/robotnik_io_msgs/lib/librobotnik_io_msgs__rosidl_typesupport_introspection_cpp.so
-- Up-to-date: /home/admin/ros2_ws/install/robotnik_io_msgs/lib/librobotnik_io_msgs__rosidl_typesupport_cpp.so
-- Up-to-date: /home/admin/ros2_ws/install/robotnik_io_msgs/share/robotnik_io_msgs/environment/pythonpath.sh
-- Up-to-date: /home/admin/ros2_ws/install/robotnik_io_msgs/share/robotnik_io_msgs/environment/pythonpath.dsv
-- Up-to-date: /home/admin/ros2_ws/install/robotnik_io_msgs/local/lib/python3.10/dist-packages/robotnik_io_msgs-1.0.0-py3.10.egg-info
-- Installing: /home/admin/ros2_ws/install/robotnik_io_msgs/local/lib/python3.10/dist-packages/robotnik_io_msgs-1.0.0-py3.10.egg-info/PKG-INFO
-- Installing: /home/admin/ros2_ws/install/robotnik_io_msgs/local/lib/python3.10/dist-packages/robotnik_io_msgs-1.0.0-py3.10.egg-info/SOURCES.txt
-- Installing: /home/admin/ros2_ws/install/robotnik_io_msgs/local/lib/python3.10/dist-packages/robotnik_io_msgs-1.0.0-py3.10.egg-info/dependency_links.txt
-- Installing: /home/admin/ros2_ws/install/robotnik_io_msgs/local/lib/python3.10/dist-packages/robotnik_io_msgs-1.0.0-py3.10.egg-info/top_level.txt
-- Up-to-date: /home/admin/ros2_ws/install/robotnik_io_msgs/local/lib/python3.10/dist-packages/robotnik_io_msgs
-- Up-to-date: /home/admin/ros2_ws/install/robotnik_io_msgs/local/lib/python3.10/dist-packages/robotnik_io_msgs/_robotnik_io_msgs_s.ep.rosidl_typesupport_c.c
-- Up-to-date: /home/admin/ros2_ws/install/robotnik_io_msgs/local/lib/python3.10/dist-packages/robotnik_io_msgs/_robotnik_io_msgs_s.ep.rosidl_typesupport_fastrtps_c.c
-- Up-to-date: /home/admin/ros2_ws/install/robotnik_io_msgs/local/lib/python3.10/dist-packages/robotnik_io_msgs/__init__.py
-- Up-to-date: /home/admin/ros2_ws/install/robotnik_io_msgs/local/lib/python3.10/dist-packages/robotnik_io_msgs/robotnik_io_msgs_s__rosidl_typesupport_fastrtps_c.cpython-310-x86_64-linux-gnu.so
-- Up-to-date: /home/admin/ros2_ws/install/robotnik_io_msgs/local/lib/python3.10/dist-packages/robotnik_io_msgs/srv
-- Up-to-date: /home/admin/ros2_ws/install/robotnik_io_msgs/local/lib/python3.10/dist-packages/robotnik_io_msgs/srv/_set_digital_output_s.c
-- Up-to-date: /home/admin/ros2_ws/install/robotnik_io_msgs/local/lib/python3.10/dist-packages/robotnik_io_msgs/srv/_set_analog_output.py
-- Up-to-date: /home/admin/ros2_ws/install/robotnik_io_msgs/local/lib/python3.10/dist-packages/robotnik_io_msgs/srv/_set_analog_output_array_s.c
-- Up-to-date: /home/admin/ros2_ws/install/robotnik_io_msgs/local/lib/python3.10/dist-packages/robotnik_io_msgs/srv/_set_digital_output.py
-- Up-to-date: /home/admin/ros2_ws/install/robotnik_io_msgs/local/lib/python3.10/dist-packages/robotnik_io_msgs/srv/_get_registers_s.c
-- Up-to-date: /home/admin/ros2_ws/install/robotnik_io_msgs/local/lib/python3.10/dist-packages/robotnik_io_msgs/srv/__init__.py
-- Up-to-date: /home/admin/ros2_ws/install/robotnik_io_msgs/local/lib/python3.10/dist-packages/robotnik_io_msgs/srv/_set_analog_output_array.py
-- Up-to-date: /home/admin/ros2_ws/install/robotnik_io_msgs/local/lib/python3.10/dist-packages/robotnik_io_msgs/srv/_set_registers.py
-- Up-to-date: /home/admin/ros2_ws/install/robotnik_io_msgs/local/lib/python3.10/dist-packages/robotnik_io_msgs/srv/_set_digital_output_array_s.c
-- Up-to-date: /home/admin/ros2_ws/install/robotnik_io_msgs/local/lib/python3.10/dist-packages/robotnik_io_msgs/srv/_set_registers_s.c
-- Up-to-date: /home/admin/ros2_ws/install/robotnik_io_msgs/local/lib/python3.10/dist-packages/robotnik_io_msgs/srv/_set_analog_output_s.c
-- Up-to-date: /home/admin/ros2_ws/install/robotnik_io_msgs/local/lib/python3.10/dist-packages/robotnik_io_msgs/srv/_set_digital_output_array.py
-- Up-to-date: /home/admin/ros2_ws/install/robotnik_io_msgs/local/lib/python3.10/dist-packages/robotnik_io_msgs/srv/_get_registers.py
-- Up-to-date: /home/admin/ros2_ws/install/robotnik_io_msgs/local/lib/python3.10/dist-packages/robotnik_io_msgs/robotnik_io_msgs_s__rosidl_typesupport_c.cpython-310-x86_64-linux-gnu.so
-- Up-to-date: /home/admin/ros2_ws/install/robotnik_io_msgs/local/lib/python3.10/dist-packages/robotnik_io_msgs/robotnik_io_msgs_s__rosidl_typesupport_introspection_c.cpython-310-x86_64-linux-gnu.so
-- Up-to-date: /home/admin/ros2_ws/install/robotnik_io_msgs/local/lib/python3.10/dist-packages/robotnik_io_msgs/_robotnik_io_msgs_s.ep.rosidl_typesupport_introspection_c.c
-- Up-to-date: /home/admin/ros2_ws/install/robotnik_io_msgs/local/lib/python3.10/dist-packages/robotnik_io_msgs/msg
-- Up-to-date: /home/admin/ros2_ws/install/robotnik_io_msgs/local/lib/python3.10/dist-packages/robotnik_io_msgs/msg/_analog_io.py
-- Up-to-date: /home/admin/ros2_ws/install/robotnik_io_msgs/local/lib/python3.10/dist-packages/robotnik_io_msgs/msg/_digital_io_s.c
-- Up-to-date: /home/admin/ros2_ws/install/robotnik_io_msgs/local/lib/python3.10/dist-packages/robotnik_io_msgs/msg/_register.py
-- Up-to-date: /home/admin/ros2_ws/install/robotnik_io_msgs/local/lib/python3.10/dist-packages/robotnik_io_msgs/msg/_register_array_s.c
-- Up-to-date: /home/admin/ros2_ws/install/robotnik_io_msgs/local/lib/python3.10/dist-packages/robotnik_io_msgs/msg/_register_array.py
-- Up-to-date: /home/admin/ros2_ws/install/robotnik_io_msgs/local/lib/python3.10/dist-packages/robotnik_io_msgs/msg/__init__.py
-- Up-to-date: /home/admin/ros2_ws/install/robotnik_io_msgs/local/lib/python3.10/dist-packages/robotnik_io_msgs/msg/_analog_io_s.c
-- Up-to-date: /home/admin/ros2_ws/install/robotnik_io_msgs/local/lib/python3.10/dist-packages/robotnik_io_msgs/msg/_inputs_outputs_s.c
-- Up-to-date: /home/admin/ros2_ws/install/robotnik_io_msgs/local/lib/python3.10/dist-packages/robotnik_io_msgs/msg/_digital_io.py
-- Up-to-date: /home/admin/ros2_ws/install/robotnik_io_msgs/local/lib/python3.10/dist-packages/robotnik_io_msgs/msg/_register_s.c
-- Up-to-date: /home/admin/ros2_ws/install/robotnik_io_msgs/local/lib/python3.10/dist-packages/robotnik_io_msgs/msg/_inputs_outputs.py
-- Up-to-date: /home/admin/ros2_ws/install/robotnik_io_msgs/local/lib/python3.10/dist-packages/robotnik_io_msgs/librobotnik_io_msgs__rosidl_generator_py.so
Listing '/home/admin/ros2_ws/install/robotnik_io_msgs/local/lib/python3.10/dist-packages/robotnik_io_msgs'...
Listing '/home/admin/ros2_ws/install/robotnik_io_msgs/local/lib/python3.10/dist-packages/robotnik_io_msgs/msg'...
Listing '/home/admin/ros2_ws/install/robotnik_io_msgs/local/lib/python3.10/dist-packages/robotnik_io_msgs/srv'...
-- Up-to-date: /home/admin/ros2_ws/install/robotnik_io_msgs/local/lib/python3.10/dist-packages/robotnik_io_msgs/robotnik_io_msgs_s__rosidl_typesupport_fastrtps_c.cpython-310-x86_64-linux-gnu.so
-- Up-to-date: /home/admin/ros2_ws/install/robotnik_io_msgs/local/lib/python3.10/dist-packages/robotnik_io_msgs/robotnik_io_msgs_s__rosidl_typesupport_introspection_c.cpython-310-x86_64-linux-gnu.so
-- Up-to-date: /home/admin/ros2_ws/install/robotnik_io_msgs/local/lib/python3.10/dist-packages/robotnik_io_msgs/robotnik_io_msgs_s__rosidl_typesupport_c.cpython-310-x86_64-linux-gnu.so
-- Up-to-date: /home/admin/ros2_ws/install/robotnik_io_msgs/lib/librobotnik_io_msgs__rosidl_generator_py.so
-- Up-to-date: /home/admin/ros2_ws/install/robotnik_io_msgs/share/robotnik_io_msgs/msg/AnalogIO.idl
-- Up-to-date: /home/admin/ros2_ws/install/robotnik_io_msgs/share/robotnik_io_msgs/msg/DigitalIO.idl
-- Up-to-date: /home/admin/ros2_ws/install/robotnik_io_msgs/share/robotnik_io_msgs/msg/InputsOutputs.idl
-- Up-to-date: /home/admin/ros2_ws/install/robotnik_io_msgs/share/robotnik_io_msgs/msg/RegisterArray.idl
-- Up-to-date: /home/admin/ros2_ws/install/robotnik_io_msgs/share/robotnik_io_msgs/msg/Register.idl
-- Up-to-date: /home/admin/ros2_ws/install/robotnik_io_msgs/share/robotnik_io_msgs/srv/GetRegisters.idl
-- Up-to-date: /home/admin/ros2_ws/install/robotnik_io_msgs/share/robotnik_io_msgs/srv/SetAnalogOutput.idl
-- Up-to-date: /home/admin/ros2_ws/install/robotnik_io_msgs/share/robotnik_io_msgs/srv/SetAnalogOutputArray.idl
-- Up-to-date: /home/admin/ros2_ws/install/robotnik_io_msgs/share/robotnik_io_msgs/srv/SetDigitalOutput.idl
-- Up-to-date: /home/admin/ros2_ws/install/robotnik_io_msgs/share/robotnik_io_msgs/srv/SetDigitalOutputArray.idl
-- Up-to-date: /home/admin/ros2_ws/install/robotnik_io_msgs/share/robotnik_io_msgs/srv/SetRegisters.idl
-- Up-to-date: /home/admin/ros2_ws/install/robotnik_io_msgs/share/robotnik_io_msgs/msg/AnalogIO.msg
-- Up-to-date: /home/admin/ros2_ws/install/robotnik_io_msgs/share/robotnik_io_msgs/msg/DigitalIO.msg
-- Up-to-date: /home/admin/ros2_ws/install/robotnik_io_msgs/share/robotnik_io_msgs/msg/InputsOutputs.msg
-- Up-to-date: /home/admin/ros2_ws/install/robotnik_io_msgs/share/robotnik_io_msgs/msg/RegisterArray.msg
-- Up-to-date: /home/admin/ros2_ws/install/robotnik_io_msgs/share/robotnik_io_msgs/msg/Register.msg
-- Up-to-date: /home/admin/ros2_ws/install/robotnik_io_msgs/share/robotnik_io_msgs/srv/GetRegisters.srv
-- Up-to-date: /home/admin/ros2_ws/install/robotnik_io_msgs/share/robotnik_io_msgs/srv/GetRegisters_Request.msg
-- Up-to-date: /home/admin/ros2_ws/install/robotnik_io_msgs/share/robotnik_io_msgs/srv/GetRegisters_Response.msg
-- Up-to-date: /home/admin/ros2_ws/install/robotnik_io_msgs/share/robotnik_io_msgs/srv/SetAnalogOutput.srv
-- Up-to-date: /home/admin/ros2_ws/install/robotnik_io_msgs/share/robotnik_io_msgs/srv/SetAnalogOutput_Request.msg
-- Up-to-date: /home/admin/ros2_ws/install/robotnik_io_msgs/share/robotnik_io_msgs/srv/SetAnalogOutput_Response.msg
-- Up-to-date: /home/admin/ros2_ws/install/robotnik_io_msgs/share/robotnik_io_msgs/srv/SetAnalogOutputArray.srv
-- Up-to-date: /home/admin/ros2_ws/install/robotnik_io_msgs/share/robotnik_io_msgs/srv/SetAnalogOutputArray_Request.msg
-- Up-to-date: /home/admin/ros2_ws/install/robotnik_io_msgs/share/robotnik_io_msgs/srv/SetAnalogOutputArray_Response.msg
-- Up-to-date: /home/admin/ros2_ws/install/robotnik_io_msgs/share/robotnik_io_msgs/srv/SetDigitalOutput.srv
-- Up-to-date: /home/admin/ros2_ws/install/robotnik_io_msgs/share/robotnik_io_msgs/srv/SetDigitalOutput_Request.msg
-- Up-to-date: /home/admin/ros2_ws/install/robotnik_io_msgs/share/robotnik_io_msgs/srv/SetDigitalOutput_Response.msg
-- Up-to-date: /home/admin/ros2_ws/install/robotnik_io_msgs/share/robotnik_io_msgs/srv/SetDigitalOutputArray.srv
-- Up-to-date: /home/admin/ros2_ws/install/robotnik_io_msgs/share/robotnik_io_msgs/srv/SetDigitalOutputArray_Request.msg
-- Up-to-date: /home/admin/ros2_ws/install/robotnik_io_msgs/share/robotnik_io_msgs/srv/SetDigitalOutputArray_Response.msg
-- Up-to-date: /home/admin/ros2_ws/install/robotnik_io_msgs/share/robotnik_io_msgs/srv/SetRegisters.srv
-- Up-to-date: /home/admin/ros2_ws/install/robotnik_io_msgs/share/robotnik_io_msgs/srv/SetRegisters_Request.msg
-- Up-to-date: /home/admin/ros2_ws/install/robotnik_io_msgs/share/robotnik_io_msgs/srv/SetRegisters_Response.msg
-- Up-to-date: /home/admin/ros2_ws/install/robotnik_io_msgs/share/ament_index/resource_index/package_run_dependencies/robotnik_io_msgs
-- Up-to-date: /home/admin/ros2_ws/install/robotnik_io_msgs/share/ament_index/resource_index/parent_prefix_path/robotnik_io_msgs
-- Up-to-date: /home/admin/ros2_ws/install/robotnik_io_msgs/share/robotnik_io_msgs/environment/ament_prefix_path.sh
-- Up-to-date: /home/admin/ros2_ws/install/robotnik_io_msgs/share/robotnik_io_msgs/environment/ament_prefix_path.dsv
-- Up-to-date: /home/admin/ros2_ws/install/robotnik_io_msgs/share/robotnik_io_msgs/environment/path.sh
-- Up-to-date: /home/admin/ros2_ws/install/robotnik_io_msgs/share/robotnik_io_msgs/environment/path.dsv
-- Up-to-date: /home/admin/ros2_ws/install/robotnik_io_msgs/share/robotnik_io_msgs/local_setup.bash
-- Up-to-date: /home/admin/ros2_ws/install/robotnik_io_msgs/share/robotnik_io_msgs/local_setup.sh
-- Up-to-date: /home/admin/ros2_ws/install/robotnik_io_msgs/share/robotnik_io_msgs/local_setup.zsh
-- Up-to-date: /home/admin/ros2_ws/install/robotnik_io_msgs/share/robotnik_io_msgs/local_setup.dsv
-- Installing: /home/admin/ros2_ws/install/robotnik_io_msgs/share/robotnik_io_msgs/package.dsv
-- Up-to-date: /home/admin/ros2_ws/install/robotnik_io_msgs/share/ament_index/resource_index/packages/robotnik_io_msgs
-- Up-to-date: /home/admin/ros2_ws/install/robotnik_io_msgs/share/robotnik_io_msgs/cmake/export_robotnik_io_msgs__rosidl_generator_cExport.cmake
-- Up-to-date: /home/admin/ros2_ws/install/robotnik_io_msgs/share/robotnik_io_msgs/cmake/export_robotnik_io_msgs__rosidl_generator_cExport-noconfig.cmake
-- Up-to-date: /home/admin/ros2_ws/install/robotnik_io_msgs/share/robotnik_io_msgs/cmake/export_robotnik_io_msgs__rosidl_typesupport_fastrtps_cExport.cmake
-- Up-to-date: /home/admin/ros2_ws/install/robotnik_io_msgs/share/robotnik_io_msgs/cmake/export_robotnik_io_msgs__rosidl_typesupport_fastrtps_cExport-noconfig.cmake
-- Up-to-date: /home/admin/ros2_ws/install/robotnik_io_msgs/share/robotnik_io_msgs/cmake/export_robotnik_io_msgs__rosidl_generator_cppExport.cmake
-- Up-to-date: /home/admin/ros2_ws/install/robotnik_io_msgs/share/robotnik_io_msgs/cmake/export_robotnik_io_msgs__rosidl_typesupport_fastrtps_cppExport.cmake
-- Up-to-date: /home/admin/ros2_ws/install/robotnik_io_msgs/share/robotnik_io_msgs/cmake/export_robotnik_io_msgs__rosidl_typesupport_fastrtps_cppExport-noconfig.cmake
-- Up-to-date: /home/admin/ros2_ws/install/robotnik_io_msgs/share/robotnik_io_msgs/cmake/robotnik_io_msgs__rosidl_typesupport_introspection_cExport.cmake
-- Up-to-date: /home/admin/ros2_ws/install/robotnik_io_msgs/share/robotnik_io_msgs/cmake/robotnik_io_msgs__rosidl_typesupport_introspection_cExport-noconfig.cmake
-- Up-to-date: /home/admin/ros2_ws/install/robotnik_io_msgs/share/robotnik_io_msgs/cmake/robotnik_io_msgs__rosidl_typesupport_cExport.cmake
-- Up-to-date: /home/admin/ros2_ws/install/robotnik_io_msgs/share/robotnik_io_msgs/cmake/robotnik_io_msgs__rosidl_typesupport_cExport-noconfig.cmake
-- Up-to-date: /home/admin/ros2_ws/install/robotnik_io_msgs/share/robotnik_io_msgs/cmake/robotnik_io_msgs__rosidl_typesupport_introspection_cppExport.cmake
-- Up-to-date: /home/admin/ros2_ws/install/robotnik_io_msgs/share/robotnik_io_msgs/cmake/robotnik_io_msgs__rosidl_typesupport_introspection_cppExport-noconfig.cmake
-- Up-to-date: /home/admin/ros2_ws/install/robotnik_io_msgs/share/robotnik_io_msgs/cmake/robotnik_io_msgs__rosidl_typesupport_cppExport.cmake
-- Up-to-date: /home/admin/ros2_ws/install/robotnik_io_msgs/share/robotnik_io_msgs/cmake/robotnik_io_msgs__rosidl_typesupport_cppExport-noconfig.cmake
-- Up-to-date: /home/admin/ros2_ws/install/robotnik_io_msgs/share/robotnik_io_msgs/cmake/export_robotnik_io_msgs__rosidl_generator_pyExport.cmake
-- Up-to-date: /home/admin/ros2_ws/install/robotnik_io_msgs/share/robotnik_io_msgs/cmake/export_robotnik_io_msgs__rosidl_generator_pyExport-noconfig.cmake
-- Up-to-date: /home/admin/ros2_ws/install/robotnik_io_msgs/share/robotnik_io_msgs/cmake/rosidl_cmake-extras.cmake
-- Up-to-date: /home/admin/ros2_ws/install/robotnik_io_msgs/share/robotnik_io_msgs/cmake/ament_cmake_export_dependencies-extras.cmake
-- Up-to-date: /home/admin/ros2_ws/install/robotnik_io_msgs/share/robotnik_io_msgs/cmake/ament_cmake_export_include_directories-extras.cmake
-- Up-to-date: /home/admin/ros2_ws/install/robotnik_io_msgs/share/robotnik_io_msgs/cmake/ament_cmake_export_libraries-extras.cmake
-- Up-to-date: /home/admin/ros2_ws/install/robotnik_io_msgs/share/robotnik_io_msgs/cmake/ament_cmake_export_targets-extras.cmake
-- Up-to-date: /home/admin/ros2_ws/install/robotnik_io_msgs/share/robotnik_io_msgs/cmake/rosidl_cmake_export_typesupport_targets-extras.cmake
-- Up-to-date: /home/admin/ros2_ws/install/robotnik_io_msgs/share/robotnik_io_msgs/cmake/rosidl_cmake_export_typesupport_libraries-extras.cmake
-- Up-to-date: /home/admin/ros2_ws/install/robotnik_io_msgs/share/robotnik_io_msgs/cmake/robotnik_io_msgsConfig.cmake
-- Up-to-date: /home/admin/ros2_ws/install/robotnik_io_msgs/share/robotnik_io_msgs/cmake/robotnik_io_msgsConfig-version.cmake
-- Up-to-date: /home/admin/ros2_ws/install/robotnik_io_msgs/share/robotnik_io_msgs/package.xml
